JAIXMU010000001.1	sp|O93927|FKS1_CRYNH	53.3	1735	722	15	717119	711957	124	1783	0.0	1783
JAIXMU010000001.1	sp|A2QLK4|FKS1_ASPNC	51.7	1836	766	21	717437	712017	85	1828	0.0	1772
JAIXMU010000001.1	sp|P38631|FKS1_YEAST	53.6	1721	697	20	717083	712023	147	1800	0.0	1731
JAIXMU010000001.1	sp|O74475|BGS4_SCHPO	50.9	1802	766	19	717266	712038	129	1870	0.0	1725
JAIXMU010000001.1	sp|P36594|RPB1_SCHPO	57.6	1524	593	13	956281	951746	30	1512	0.0	1721
JAIXMU010000001.1	sp|P40989|FKS2_YEAST	51.2	1822	770	23	717383	712023	82	1819	0.0	1717
JAIXMU010000001.1	sp|O13967|BGS2_SCHPO	50.4	1719	771	17	717104	712020	175	1836	0.0	1656
JAIXMU010000001.1	sp|Q75A34|RPB1_ASHGO	57.1	1448	590	11	956281	951959	28	1451	0.0	1612
JAIXMU010000001.1	sp|P18616|NRPB1_ARATH	54.2	1544	665	14	956281	951701	29	1547	0.0	1608
JAIXMU010000001.1	sp|P35084|RPB1_DICDI	55.5	1461	615	12	956281	951950	29	1471	0.0	1593
JAIXMU010000001.1	sp|P04050|RPB1_YEAST	54.6	1518	637	13	956281	951746	28	1499	0.0	1590
JAIXMU010000001.1	sp|P35074|RPB1_CAEBR	51.4	1518	704	15	956281	951770	29	1527	0.0	1524
JAIXMU010000001.1	sp|P11414|RPB1_CRIGR	51.5	1531	700	16	956281	951746	32	1538	0.0	1521
JAIXMU010000001.1	sp|P24928|RPB1_HUMAN	51.5	1531	700	16	956281	951746	32	1538	0.0	1521
JAIXMU010000001.1	sp|P08775|RPB1_MOUSE	51.5	1531	700	16	956281	951746	32	1538	0.0	1521
JAIXMU010000001.1	sp|P16356|RPB1_CAEEL	51.1	1549	717	19	956281	951704	29	1560	0.0	1518
JAIXMU010000001.1	sp|Q10287|BGS1_SCHPO	47.6	1707	790	15	717092	712023	59	1677	0.0	1516
JAIXMU010000001.1	sp|P04052|RPB1_DROME	51.7	1531	693	21	956236	951719	44	1552	0.0	1504
JAIXMU010000001.1	sp|Q9P377|BGS3_SCHPO	45.8	1730	855	21	717107	711948	137	1794	0.0	1483
JAIXMU010000001.1	sp|O94666|RPC1_SCHPO	52.7	1423	622	15	1482078	1477846	14	1397	0.0	1464
JAIXMU010000001.1	sp|Q04952|FKS3_YEAST	46.0	1776	820	27	717125	712023	1	1712	0.0	1457
JAIXMU010000001.1	sp|A5DCV3|RPB1_PICGU	51.3	1537	530	16	956281	951701	29	1357	0.0	1433
JAIXMU010000001.1	sp|Q6BI69|RPC1_DEBHA	50.9	1467	607	19	1482084	1477894	12	1434	0.0	1401
JAIXMU010000001.1	sp|P04051|RPC1_YEAST	50.9	1457	647	22	1482072	1477846	16	1452	0.0	1377
JAIXMU010000001.1	sp|Q86AQ5|RPC1_DICDI	49.5	1445	682	18	1482075	1477855	16	1450	0.0	1344
JAIXMU010000010.1	sp|Q12553|XDH_EMENI	47.6	1394	652	16	630586	626450	32	1361	0.0	1213
JAIXMU010000010.1	sp|P47990|XDH_CHICK	44.7	1405	709	21	630598	626444	1	1357	0.0	1110
JAIXMU010000010.1	sp|P22985|XDH_RAT	44.8	1400	682	17	630580	626441	3	1331	0.0	1101
JAIXMU010000010.1	sp|P80457|XDH_BOVIN	44.5	1403	682	18	630580	626441	3	1332	0.0	1100
JAIXMU010000010.1	sp|P47989|XDH_HUMAN	45.0	1403	677	19	630580	626441	3	1333	0.0	1098
JAIXMU010000010.1	sp|Q00519|XDH_MOUSE	45.1	1402	670	20	630571	626441	9	1335	0.0	1092
JAIXMU010000010.1	sp|Q9MYW6|XDH_FELCA	44.0	1398	696	18	630580	626441	3	1331	0.0	1086
JAIXMU010000010.1	sp|R4ZGN4|XDH_BLAAD	43.9	1430	722	25	630601	626447	9	1403	0.0	1077
JAIXMU010000010.1	sp|Q6AUV1|XDH_ORYSJ	43.1	1391	724	18	630601	626495	12	1356	0.0	1049
JAIXMU010000010.1	sp|P08793|XDH_CALVI	42.7	1388	710	22	630577	626480	17	1341	0.0	1041
JAIXMU010000010.1	sp|Q8GUQ8|XDH1_ARATH	43.2	1377	717	22	630577	626504	15	1345	0.0	1032
JAIXMU010000010.1	sp|P22811|XDH_DROPS	42.4	1399	716	23	630598	626474	1	1333	0.0	1030
JAIXMU010000010.1	sp|Q54FB7|XDH_DICDI	41.5	1398	717	22	630577	626498	18	1352	0.0	1027
JAIXMU010000010.1	sp|F4JLI5|XDH2_ARATH	42.3	1399	711	24	630598	626504	1	1337	0.0	1023
JAIXMU010000010.1	sp|P10351|XDH_DROME	42.6	1398	698	27	630580	626477	2	1324	0.0	1014
JAIXMU010000010.1	sp|A0A1U8QNG8|HXNS_EMENI	42.5	1423	691	31	630580	626447	9	1349	0.0	1010
JAIXMU010000010.1	sp|P91711|XDH_DROSU	42.3	1399	716	26	630598	626477	1	1333	4.49e-318	1005
JAIXMU010000010.1	sp|Q9GK13|MUTA_BOVIN	66.6	727	233	3	183213	185393	31	747	5.37e-318	979
JAIXMU010000010.1	sp|P16332|MUTA_MOUSE	66.3	734	236	4	183174	185372	15	738	2.96e-317	977
JAIXMU010000010.1	sp|Q8HXX1|MUTA_MACFA	66.3	729	236	3	183207	185393	29	747	2.71e-316	974
JAIXMU010000010.1	sp|Q6A3P9|UREA_ASPFU	57.4	896	322	9	139877	137196	1	838	4.18e-316	978
JAIXMU010000010.1	sp|P22033|MUTA_HUMAN	66.3	727	235	3	183213	185393	31	747	9.30e-316	973
JAIXMU010000010.1	sp|P0CS23|UREA_CRYNB	56.2	895	329	8	139877	137196	1	833	1.63e-315	976
JAIXMU010000010.1	sp|P0CS22|UREA_CRYNJ	56.2	895	329	8	139877	137196	1	833	1.63e-315	976
JAIXMU010000010.1	sp|Q5RFN2|MUTA_PONAB	66.2	727	236	3	183213	185393	31	747	2.35e-315	972
JAIXMU010000011.1	sp|Q10289|FAS2_SCHPO	47.9	1700	779	28	233428	228572	6	1680	0.0	1480
JAIXMU010000011.1	sp|P78615|FAS2_EMEND	46.8	1710	801	25	233428	228572	6	1698	0.0	1444
JAIXMU010000011.1	sp|Q9UUE1|PYC_SCHPO	62.0	1139	424	6	201647	205054	22	1154	0.0	1443
JAIXMU010000011.1	sp|O93918|PYC_ASPTE	60.3	1160	453	5	201578	205054	10	1162	0.0	1422
JAIXMU010000011.1	sp|Q0CLK1|PYC_ASPTN	60.3	1160	452	5	201578	205054	10	1162	0.0	1419
JAIXMU010000011.1	sp|G8BAW7|FAS2_CANPC	45.3	1751	794	25	233428	228572	6	1724	0.0	1415
JAIXMU010000011.1	sp|Q9HES8|PYC_ASPNG	60.1	1162	452	6	201578	205054	9	1161	0.0	1415
JAIXMU010000011.1	sp|P11154|PYC1_YEAST	61.0	1129	431	7	201677	205054	18	1140	0.0	1407
JAIXMU010000011.1	sp|P15368|FAS2_PENPA	45.8	1711	817	24	233428	228572	6	1697	0.0	1402
JAIXMU010000011.1	sp|P32327|PYC2_YEAST	60.7	1129	435	7	201677	205054	19	1141	0.0	1399
JAIXMU010000011.1	sp|P19097|FAS2_YEAST	44.4	1745	816	22	233428	228572	6	1721	0.0	1390
JAIXMU010000011.1	sp|P43098|FAS2_CANAX	44.6	1753	804	28	233428	228572	6	1725	0.0	1387
JAIXMU010000011.1	sp|Q8X1T3|PYC_PICAN	59.8	1142	450	8	201638	205054	10	1145	0.0	1379
JAIXMU010000011.1	sp|Q9UUG0|FAS1_SCHPO	40.9	2025	1059	44	239320	233456	109	2065	0.0	1368
JAIXMU010000011.1	sp|Q765N2|FAS2_LACKL	44.5	1732	830	28	233428	228572	8	1721	0.0	1360
JAIXMU010000011.1	sp|P34731|FAS1_CANAX	39.5	1937	1083	30	239161	233459	147	2030	0.0	1353
JAIXMU010000011.1	sp|P34229|FAS1_YARLI	39.5	1959	1074	31	239158	233459	170	2076	0.0	1346
JAIXMU010000011.1	sp|P78992|PYC_PICPA	58.7	1129	455	7	201683	205054	23	1145	0.0	1328
JAIXMU010000011.1	sp|P07149|FAS1_YEAST	37.9	1956	1113	30	239191	233459	144	2042	0.0	1309
JAIXMU010000011.1	sp|Q92215|TOXC_COCCA	37.8	2078	1185	33	239518	233459	26	2053	0.0	1276
JAIXMU010000011.1	sp|O17732|PYC1_CAEEL	55.6	1143	487	9	201644	205054	18	1145	0.0	1258
JAIXMU010000011.1	sp|Q29RK2|PYC_BOVIN	55.8	1131	480	10	201674	205054	35	1149	0.0	1256
JAIXMU010000011.1	sp|Q05920|PYC_MOUSE	55.7	1130	483	9	201674	205054	35	1149	0.0	1255
JAIXMU010000011.1	sp|P52873|PYC_RAT	55.0	1145	489	10	201653	205054	20	1149	0.0	1251
JAIXMU010000011.1	sp|P11498|PYC_HUMAN	55.7	1131	481	10	201674	205054	35	1149	0.0	1251
JAIXMU010000012.1	sp|Q14204|DYHC1_HUMAN	49.5	4856	2155	56	77352	91670	11	4642	0.0	4396
JAIXMU010000012.1	sp|Q9JHU4|DYHC1_MOUSE	49.5	4856	2155	56	77352	91670	9	4640	0.0	4395
JAIXMU010000012.1	sp|P38650|DYHC1_RAT	49.4	4857	2159	56	77352	91670	9	4640	0.0	4383
JAIXMU010000012.1	sp|P37276|DYHC_DROME	49.2	4826	2152	54	77418	91670	29	4632	0.0	4321
JAIXMU010000012.1	sp|P45443|DYHC_NEUCR	50.4	4542	1963	50	77397	90785	28	4355	0.0	4207
JAIXMU010000012.1	sp|P78716|DYHC_FUSVN	50.7	4549	1950	51	77355	90785	12	4341	0.0	4183
JAIXMU010000012.1	sp|P45444|DYHC_EMENI	49.8	4533	1987	47	77397	90785	23	4337	0.0	4182
JAIXMU010000012.1	sp|P34036|DYHC_DICDI	45.5	4879	2340	62	77415	91670	38	4723	0.0	3977
JAIXMU010000012.1	sp|Q19020|DYHC_CAEEL	46.2	4606	2196	58	77976	91607	164	4542	0.0	3782
JAIXMU010000012.1	sp|Q27171|DYHC_PARTE	39.4	4647	2504	70	77826	91622	136	4519	0.0	3125
JAIXMU010000012.1	sp|Q8IBG1|DYHC1_PLAF7	35.4	4890	2617	69	78024	91472	227	4979	0.0	2785
JAIXMU010000012.1	sp|Q9C1M7|DYHC_ASHGO	34.1	3875	2206	52	77637	89138	75	3646	0.0	2175
JAIXMU010000012.1	sp|P36022|DYHC_YEAST	32.7	2853	1756	33	80703	89144	927	3655	0.0	1543
JAIXMU010000012.1	sp|Q86C65|TOR_DICDI	34.0	2614	1399	36	461355	453619	58	2380	0.0	1354
JAIXMU010000012.1	sp|Q10289|FAS2_SCHPO	44.9	1713	809	21	426215	431050	3	1681	0.0	1328
JAIXMU010000012.1	sp|Q9SMH5|DYHC2_CHLRE	30.1	3432	2045	68	80694	90767	876	4032	0.0	1327
JAIXMU010000012.1	sp|P78615|FAS2_EMEND	44.1	1747	813	24	444288	439420	3	1710	0.0	1318
JAIXMU010000012.1	sp|O14356|TOR1_SCHPO	33.3	2507	1369	33	461115	453619	124	2335	0.0	1318
JAIXMU010000012.1	sp|Q2TCH3|ACLY_SHEEP	59.3	1158	399	12	522785	526228	1	1096	0.0	1310
JAIXMU010000012.1	sp|P15368|FAS2_PENPA	44.7	1746	803	23	444288	439420	3	1709	0.0	1306
JAIXMU010000012.1	sp|P53396|ACLY_HUMAN	58.7	1158	406	11	522785	526228	1	1096	0.0	1304
JAIXMU010000012.1	sp|Q32PF2|ACLY_BOVIN	59.1	1158	392	11	522785	526228	1	1086	0.0	1303
JAIXMU010000012.1	sp|Q91V92|ACLY_MOUSE	58.9	1158	394	11	522785	526228	1	1086	0.0	1300
JAIXMU010000012.1	sp|P16638|ACLY_RAT	58.9	1157	404	12	522785	526228	1	1095	0.0	1300
JAIXMU010000012.1	sp|P19097|FAS2_YEAST	43.6	1761	826	19	444288	439420	3	1733	0.0	1293
JAIXMU010000013.1	sp|O94313|CARB_SCHPO	63.9	1096	369	9	46332	43048	86	1155	0.0	1365
JAIXMU010000013.1	sp|P46056|CARB_CUTCT	64.6	1065	360	11	46335	43141	74	1121	0.0	1311
JAIXMU010000013.1	sp|P03965|CARB_YEAST	60.3	1106	414	10	46332	43039	28	1116	0.0	1269
JAIXMU010000013.1	sp|Q75D66|CARB_ASHGO	58.8	1103	432	11	46332	43036	28	1112	0.0	1227
JAIXMU010000013.1	sp|P07259|PYR1_YEAST	56.1	1074	441	11	46341	43144	435	1485	0.0	1159
JAIXMU010000013.1	sp|Q09794|PYR1_SCHPO	54.6	1071	455	11	46338	43144	472	1517	0.0	1150
JAIXMU010000013.1	sp|P05990|PYR1_DROME	56.1	1079	432	12	46329	43141	404	1456	0.0	1144
JAIXMU010000013.1	sp|O93937|PYR1_EMENI	55.4	1083	432	14	46341	43144	477	1525	0.0	1132
JAIXMU010000013.1	sp|P27708|PYR1_HUMAN	56.2	1077	427	15	46329	43144	394	1440	0.0	1128
JAIXMU010000013.1	sp|P08955|PYR1_MESAU	55.9	1077	430	15	46329	43144	394	1440	0.0	1123
JAIXMU010000013.1	sp|Q91437|PYR1_SQUAC	54.7	1085	445	13	46341	43141	393	1448	0.0	1120
JAIXMU010000013.1	sp|B2RQC6|PYR1_MOUSE	55.9	1077	430	15	46329	43144	394	1440	0.0	1118
JAIXMU010000013.1	sp|P20054|PYR1_DICDI	54.5	1075	448	15	46332	43144	404	1449	0.0	1117
JAIXMU010000013.1	sp|Q18990|PYR1_CAEEL	54.9	1087	442	13	46329	43141	391	1453	0.0	1102
JAIXMU010000013.1	sp|P31327|CPSM_HUMAN	53.3	1076	477	12	46341	43141	419	1478	0.0	1098
JAIXMU010000013.1	sp|P07756|CPSM_RAT	53.3	1076	477	12	46341	43141	419	1478	0.0	1098
JAIXMU010000013.1	sp|Q8C196|CPSM_MOUSE	53.1	1076	480	12	46341	43141	419	1478	0.0	1095
JAIXMU010000013.1	sp|Q91293|CPSM_LITCT	53.0	1078	477	14	46341	43141	416	1474	0.0	1082
JAIXMU010000013.1	sp|Q8T673|ABCGL_DICDI	41.8	1371	757	19	15058	19116	102	1449	0.0	1031
JAIXMU010000013.1	sp|Q55DQ2|ABCGB_DICDI	40.2	1431	819	20	14887	19116	28	1442	0.0	1020
JAIXMU010000013.1	sp|Q556W2|ABCGH_DICDI	40.1	1372	791	16	15058	19116	117	1476	0.0	1017
JAIXMU010000013.1	sp|Q8T675|ABCGJ_DICDI	41.4	1369	765	19	15058	19116	102	1449	6.94e-319	1012
JAIXMU010000013.1	sp|Q55DR1|ABCGE_DICDI	39.7	1434	823	21	14887	19116	24	1439	7.69e-317	1005
JAIXMU010000013.1	sp|Q8T683|ABCG9_DICDI	42.3	1306	722	17	15217	19092	152	1440	8.68e-316	1003
JAIXMU010000013.1	sp|Q54CG0|ABCGA_DICDI	40.3	1376	779	16	15058	19116	110	1466	2.07e-315	1002
JAIXMU010000014.1	sp|Q10289|FAS2_SCHPO	44.6	1691	823	20	299317	294548	3	1681	0.0	1316
JAIXMU010000014.1	sp|P78615|FAS2_EMEND	43.9	1723	830	22	299317	294515	3	1710	0.0	1313
JAIXMU010000014.1	sp|P15368|FAS2_PENPA	43.4	1723	837	21	299317	294515	3	1709	0.0	1295
JAIXMU010000014.1	sp|G8BAW7|FAS2_CANPC	42.4	1743	831	20	299317	294548	3	1725	0.0	1261
JAIXMU010000014.1	sp|P19097|FAS2_YEAST	41.3	1739	874	17	299317	294515	3	1733	0.0	1259
JAIXMU010000014.1	sp|P43098|FAS2_CANAX	42.6	1745	826	23	299317	294548	3	1726	0.0	1257
JAIXMU010000014.1	sp|Q765N2|FAS2_LACKL	41.2	1737	877	16	299317	294515	5	1733	0.0	1249
JAIXMU010000014.1	sp|P34229|FAS1_YARLI	35.9	2090	1221	36	305347	299333	26	2081	0.0	1196
JAIXMU010000014.1	sp|P34731|FAS1_CANAX	35.7	2091	1195	39	305359	299339	8	2033	0.0	1191
JAIXMU010000014.1	sp|Q9UUG0|FAS1_SCHPO	36.7	2009	1149	38	305143	299336	109	2068	0.0	1164
JAIXMU010000014.1	sp|Q92215|TOXC_COCCA	35.1	2054	1204	32	305269	299336	57	2057	0.0	1143
JAIXMU010000014.1	sp|Q5AV07|ATNM_EMENI	36.7	2025	1149	41	305182	299324	142	2106	0.0	1134
JAIXMU010000014.1	sp|P07149|FAS1_YEAST	34.3	2041	1223	31	305260	299339	55	2045	0.0	1131
JAIXMU010000014.1	sp|Q2TXF0|ORYA_ASPOR	41.5	1638	872	26	299320	294548	6	1604	0.0	1108
JAIXMU010000014.1	sp|Q5AV00|ATNF_EMENI	41.0	1653	889	28	299323	294560	6	1636	0.0	1107
JAIXMU010000014.1	sp|P17255|VATA_YEAST	54.4	1081	453	15	291332	294487	2	1071	0.0	1085
JAIXMU010000014.1	sp|P14068|XPO1_SCHPO	54.7	1009	443	5	272689	269696	65	1070	0.0	1081
JAIXMU010000014.1	sp|S0DL59|APF5_GIBF5	39.7	1646	893	25	299317	294551	3	1605	0.0	1060
JAIXMU010000014.1	sp|Q2TXG3|ORYB_ASPOR	34.4	2001	1173	42	305158	299351	97	2022	0.0	1050
JAIXMU010000014.1	sp|P38078|VATA_CANTR	52.3	1101	462	15	291332	294487	2	1088	0.0	1043
JAIXMU010000014.1	sp|I1R9A6|GRA9_GIBZE	40.0	1644	870	33	299311	294551	5	1589	0.0	1024
JAIXMU010000014.1	sp|Q6P5F9|XPO1_MOUSE	49.3	1003	496	8	272689	269687	77	1068	9.58e-313	978
JAIXMU010000014.1	sp|Q80U96|XPO1_RAT	49.1	1003	498	7	272689	269687	77	1068	2.41e-312	976
JAIXMU010000014.1	sp|O14980|XPO1_HUMAN	49.6	1005	490	10	272689	269687	77	1068	2.08e-311	974
JAIXMU010000014.1	sp|Q5B7V0|PKIB_EMENI	38.4	1488	854	23	298921	294548	143	1597	1.59e-308	993
JAIXMU010000015.1	sp|P07806|SYV_YEAST	53.4	991	446	8	300592	297656	117	1103	0.0	1090
JAIXMU010000015.1	sp|O75005|SYV_SCHPO	56.3	947	394	9	300685	297881	38	976	0.0	1066
JAIXMU010000015.1	sp|Q9Z1Q9|SYVC_MOUSE	51.8	982	449	11	300556	297668	283	1259	0.0	1016
JAIXMU010000015.1	sp|Q04462|SYVC_RAT	51.7	982	450	11	300556	297668	284	1260	0.0	1012
JAIXMU010000015.1	sp|P26640|SYVC_HUMAN	51.7	982	450	11	300556	297668	284	1260	0.0	1008
JAIXMU010000015.1	sp|P28350|SYV_NEUCR	51.4	990	452	15	300574	297656	115	1092	9.20e-319	996
JAIXMU010000015.1	sp|Q86KU2|SYVC_DICDI	50.2	984	467	9	300556	297659	92	1070	7.41e-309	966
JAIXMU010000015.1	sp|P49696|SYVC_TAKRU	49.3	988	469	12	300556	297668	233	1213	2.81e-307	968
JAIXMU010000015.1	sp|P93736|SYVM1_ARATH	49.1	979	460	14	300556	297695	124	1089	6.62e-294	925
JAIXMU010000015.1	sp|Q92900|RENT1_HUMAN	57.5	808	311	7	110894	113221	121	928	2.88e-292	921
JAIXMU010000015.1	sp|Q9EPU0|RENT1_MOUSE	57.4	808	312	7	110894	113221	116	923	8.33e-292	919
JAIXMU010000015.1	sp|Q9HEH1|RENT1_NEUCR	57.4	802	316	6	110894	113221	101	902	4.05e-290	913
JAIXMU010000015.1	sp|O13768|ERCC3_SCHPO	61.6	760	267	7	44207	46471	63	802	3.18e-283	881
JAIXMU010000015.1	sp|Q00578|RAD25_YEAST	60.8	762	260	8	44213	46468	107	839	5.92e-282	879
JAIXMU010000015.1	sp|Q9U1Q4|SYV_CAEEL	46.8	981	497	13	300556	297677	67	1043	1.34e-280	884
JAIXMU010000015.1	sp|Q98TR3|RENT1_TAKRU	57.3	798	317	9	110894	113221	102	897	3.47e-280	885
JAIXMU010000015.1	sp|Q9FJR0|RENT1_ARATH	57.5	804	312	11	110891	113221	137	937	7.59e-280	890
JAIXMU010000015.1	sp|Q09820|RENT1_SCHPO	53.5	840	355	9	110798	113233	18	849	7.94e-275	862
JAIXMU010000015.1	sp|Q9UTN6|SNF21_SCHPO	47.1	1122	448	14	90162	93509	188	1170	8.13e-274	870
JAIXMU010000015.1	sp|Q9VYS3|RENT1_DROME	54.4	845	348	13	110777	113221	60	897	1.11e-273	869
JAIXMU010000015.1	sp|P32597|STH1_YEAST	46.1	1171	576	12	90051	93470	197	1343	5.46e-271	868
JAIXMU010000015.1	sp|O94421|SNF22_SCHPO	47.2	1124	433	17	90186	93509	643	1622	1.09e-263	859
JAIXMU010000015.1	sp|P22082|SNF2_YEAST	48.5	1072	476	14	90486	93548	628	1674	6.06e-259	846
JAIXMU010000015.1	sp|Q6MG21|SYVM_RAT	45.2	947	480	13	300547	297782	91	1023	4.19e-256	814
JAIXMU010000015.1	sp|Q767M3|SYVM_PIG	45.3	945	483	13	300556	297782	88	1018	9.54e-256	813
JAIXMU010000016.1	sp|Q10490|SYLC_SCHPO	38.6	1118	529	19	26231	23262	20	1108	3.39e-232	746
JAIXMU010000016.1	sp|P10857|SYLC_NEUCR	38.5	1126	529	23	26231	23262	24	1122	2.94e-225	726
JAIXMU010000016.1	sp|P26637|SYLC_YEAST	37.2	1113	550	22	26237	23262	5	1089	5.55e-220	710
JAIXMU010000016.1	sp|Q59Q46|IMDH_CANAL	67.9	505	161	1	81171	82685	18	521	3.62e-213	666
JAIXMU010000016.1	sp|O00086|IMDH_CANAX	67.9	505	161	1	81171	82685	18	521	3.62e-213	666
JAIXMU010000016.1	sp|Q8BMJ2|SYLC_MOUSE	38.5	1105	512	21	26222	23268	7	1063	1.52e-211	689
JAIXMU010000016.1	sp|Q5R614|SYLC_PONAB	38.0	1098	525	20	26222	23268	7	1061	8.92e-211	686
JAIXMU010000016.1	sp|Q9P2J5|SYLC_HUMAN	37.9	1101	522	21	26222	23268	7	1061	1.17e-208	680
JAIXMU010000016.1	sp|Q09996|SYLC_CAEEL	39.1	1073	494	26	26216	23355	10	1042	9.75e-208	678
JAIXMU010000016.1	sp|P50094|IMDH4_YEAST	63.8	520	186	2	81129	82685	6	524	1.73e-207	650
JAIXMU010000016.1	sp|Q5KP44|IMDH_CRYNJ	62.0	537	190	4	81108	82682	9	543	3.17e-204	642
JAIXMU010000016.1	sp|Q12658|IMDH_PNECA	64.1	512	180	2	81159	82685	19	529	8.66e-204	640
JAIXMU010000016.1	sp|P50095|IMDH3_YEAST	63.3	504	184	1	81174	82685	21	523	3.86e-202	635
JAIXMU010000016.1	sp|Q54N49|INO1_DICDI	58.9	504	206	1	66851	65340	8	510	2.96e-201	632
JAIXMU010000016.1	sp|Q8S5N2|RINO2_ORYSJ	60.4	505	197	2	66848	65340	6	509	3.26e-200	629
JAIXMU010000016.1	sp|Q9S7U0|INO1_WHEAT	59.2	507	203	2	66851	65340	5	510	6.26e-200	628
JAIXMU010000016.1	sp|Q9SSV4|INO1_NICPA	59.5	506	201	2	66848	65340	6	510	2.15e-199	626
JAIXMU010000016.1	sp|P42803|INO1_SPIPO	59.9	506	199	2	66848	65340	6	510	2.15e-199	626
JAIXMU010000016.1	sp|Q38862|INO2_ARATH	58.8	507	205	2	66851	65340	5	510	3.99e-199	625
JAIXMU010000016.1	sp|Q9FPK7|INO1_MAIZE	59.0	507	204	2	66851	65340	5	510	5.44e-199	625
JAIXMU010000016.1	sp|Q9LW96|INO1_TOBAC	59.3	506	202	2	66848	65340	6	510	5.44e-199	625
JAIXMU010000016.1	sp|P38697|IMDH2_YEAST	61.9	504	191	1	81174	82685	21	523	2.99e-198	624
JAIXMU010000016.1	sp|Q2NL29|INO1_BOVIN	61.1	506	195	2	66857	65340	4	507	5.43e-198	624
JAIXMU010000016.1	sp|O64437|RINO1_ORYSJ	59.0	507	204	2	66851	65340	5	510	8.75e-198	622
JAIXMU010000016.1	sp|Q9FYV1|INO1_SESIN	58.6	507	206	2	66851	65340	5	510	3.01e-197	620
JAIXMU010000017.1	sp|P87144|SYTC_SCHPO	65.3	662	220	3	35389	37350	44	703	2.84e-291	899
JAIXMU010000017.1	sp|P04801|SYTC_YEAST	61.9	658	239	3	35392	37332	71	727	5.06e-272	845
JAIXMU010000017.1	sp|Q5XHY5|SYTC_RAT	62.5	664	233	7	35353	37335	41	691	7.16e-267	828
JAIXMU010000017.1	sp|Q9D0R2|SYTC_MOUSE	62.7	662	232	7	35353	37335	68	715	3.04e-265	825
JAIXMU010000017.1	sp|P26639|SYTC_HUMAN	63.6	651	225	6	35386	37335	77	716	3.15e-265	825
JAIXMU010000017.1	sp|Q3ZBV8|SYTC_BOVIN	63.3	651	227	6	35386	37335	77	716	1.47e-264	823
JAIXMU010000017.1	sp|Q0V9S0|SYTC2_XENTR	63.0	662	230	7	35353	37335	160	807	2.01e-263	824
JAIXMU010000017.1	sp|P14742|GFA1_YEAST	58.1	718	264	7	93604	95649	1	717	6.70e-261	812
JAIXMU010000017.1	sp|Q8BLY2|SYTC2_MOUSE	60.2	663	252	6	35353	37338	133	784	7.87e-257	804
JAIXMU010000017.1	sp|A2RTX5|SYTC2_HUMAN	60.8	646	241	6	35404	37338	162	796	6.58e-255	799
JAIXMU010000017.1	sp|Q9Z2Z9|GFPT2_MOUSE	58.4	687	276	5	93604	95649	1	682	1.30e-254	793
JAIXMU010000017.1	sp|Q4KMC4|GFPT2_RAT	58.4	687	276	5	93604	95649	1	682	1.77e-254	792
JAIXMU010000017.1	sp|O94808|GFPT2_HUMAN	57.6	694	270	6	93604	95649	1	682	1.53e-253	790
JAIXMU010000017.1	sp|Q08DQ2|GFPT2_BOVIN	57.9	687	279	5	93604	95649	1	682	2.08e-253	789
JAIXMU010000017.1	sp|P53704|GFA1_CANAL	56.7	714	276	9	93604	95649	1	713	8.61e-253	789
JAIXMU010000017.1	sp|P47856|GFPT1_MOUSE	55.9	701	286	6	93604	95649	1	697	2.68e-251	784
JAIXMU010000017.1	sp|P82808|GFPT1_RAT	56.4	690	284	5	93604	95649	1	681	2.80e-251	783
JAIXMU010000017.1	sp|Q06210|GFPT1_HUMAN	55.5	704	286	6	93604	95649	1	699	6.29e-250	780
JAIXMU010000017.1	sp|P52709|SYTC_CAEEL	61.7	624	229	5	35389	37254	77	692	8.57e-250	781
JAIXMU010000017.1	sp|Q09740|GFA1_SCHPO	55.3	702	288	6	93604	95649	1	696	1.52e-243	761
JAIXMU010000017.1	sp|O04630|SYTM1_ARATH	57.9	629	256	4	35392	37272	71	692	4.46e-243	761
JAIXMU010000017.1	sp|Q54J66|SYTC1_DICDI	56.9	647	272	4	35386	37323	70	710	5.56e-240	752
JAIXMU010000017.1	sp|Q8SRI2|GFA1_ENCCU	50.9	700	325	7	93604	95649	1	699	4.62e-218	688
JAIXMU010000017.1	sp|A6QNM8|SYTC2_BOVIN	58.1	582	230	6	35353	37086	142	713	1.10e-217	688
JAIXMU010000017.1	sp|O42943|YBP8_SCHPO	60.4	563	219	3	151440	153122	45	605	1.13e-213	672
JAIXMU010000018.1	sp|O13395|CHS6_USTMA	42.6	1176	533	27	80703	77422	61	1176	6.60e-255	814
JAIXMU010000018.1	sp|J9VF17|CHS4_CRYNH	49.8	861	409	10	80700	78151	155	1003	2.67e-251	807
JAIXMU010000018.1	sp|Q4P9K9|CHS8_USTMA	39.8	1152	571	24	80709	77428	916	2002	3.24e-231	773
JAIXMU010000018.1	sp|Q503E1|INT11_DANRE	68.9	463	144	0	84577	85965	4	466	6.71e-219	686
JAIXMU010000018.1	sp|Q5ZIH0|INT11_CHICK	70.0	454	136	0	84577	85938	4	457	7.37e-217	680
JAIXMU010000018.1	sp|J9VNT4|CHS5_CRYNH	39.3	1112	574	20	80700	77428	898	1929	5.93e-216	725
JAIXMU010000018.1	sp|Q09332|UGGG_DROME	33.7	1576	847	47	153099	157541	29	1501	9.74e-216	713
JAIXMU010000018.1	sp|Q54YL3|INT11_DICDI	69.6	461	128	2	84577	85923	3	463	1.30e-215	683
JAIXMU010000018.1	sp|P78753|ASNS_SCHPO	60.7	544	199	4	128736	130367	27	555	4.08e-215	673
JAIXMU010000018.1	sp|Q9CWS4|INT11_MOUSE	67.8	454	146	0	84577	85938	4	457	5.67e-213	669
JAIXMU010000018.1	sp|Q3MHC2|INT11_RAT	67.8	454	146	0	84577	85938	4	457	5.67e-213	669
JAIXMU010000018.1	sp|Q5NVE6|INT11_PONAB	67.6	454	147	0	84577	85938	4	457	2.30e-211	664
JAIXMU010000018.1	sp|Q9VAH9|INT11_DROME	62.8	503	180	1	84577	86085	4	499	2.81e-211	664
JAIXMU010000018.1	sp|Q5TA45|INT11_HUMAN	67.6	454	147	0	84577	85938	4	457	3.13e-211	664
JAIXMU010000018.1	sp|Q2YDM2|INT11_BOVIN	67.4	454	148	0	84577	85938	4	457	1.04e-210	662
JAIXMU010000018.1	sp|Q9NYU2|UGGG1_HUMAN	31.8	1579	896	40	153102	157580	47	1530	7.00e-207	687
JAIXMU010000018.1	sp|P49090|ASNS2_YEAST	59.3	555	202	6	128736	130364	26	568	9.08e-206	647
JAIXMU010000018.1	sp|Q6P5E4|UGGG1_MOUSE	31.3	1590	925	40	153027	157559	22	1523	2.37e-205	683
JAIXMU010000018.1	sp|P49089|ASNS1_YEAST	58.8	556	204	6	128736	130364	26	569	1.07e-204	644
JAIXMU010000018.1	sp|Q9JLA3|UGGG1_RAT	30.9	1587	931	38	153033	157559	24	1523	4.82e-204	679
JAIXMU010000018.1	sp|Q9NYU1|UGGG2_HUMAN	31.8	1602	906	43	153033	157586	8	1507	3.55e-199	664
JAIXMU010000018.1	sp|Q09140|UGGG_SCHPO	29.9	1545	906	36	153099	157592	21	1435	1.42e-195	651
JAIXMU010000018.1	sp|Q0WL80|UGGG_ARATH	30.0	1622	963	43	153042	157571	12	1572	3.59e-185	625
JAIXMU010000018.1	sp|Q54MB4|ASNS_DICDI	54.7	554	210	10	128736	130358	27	552	1.26e-183	583
JAIXMU010000018.1	sp|Q8GUU3|CPS3B_ARATH	57.7	461	192	2	84574	85950	2	461	1.46e-177	568
JAIXMU010000019.1	sp|O13914|SYA_SCHPO	53.0	903	406	11	24415	27081	59	957	1.42e-298	931
JAIXMU010000019.1	sp|Q5A8K2|SYA_CANAL	53.2	902	404	11	24415	27081	73	969	1.47e-298	931
JAIXMU010000019.1	sp|Q5AQL1|SYA_EMENI	54.8	874	374	12	24499	27066	85	955	5.20e-298	929
JAIXMU010000019.1	sp|P40825|SYA_YEAST	53.1	877	392	13	24499	27081	108	981	1.57e-291	911
JAIXMU010000019.1	sp|P21894|SYAC_BOMMO	51.0	896	398	14	24499	27084	79	967	4.05e-270	849
JAIXMU010000019.1	sp|Q8BGQ7|SYAC_MOUSE	50.6	892	403	14	24499	27081	79	963	5.87e-262	825
JAIXMU010000019.1	sp|Q8CFX8|SYAC_MESAU	50.3	892	405	14	24499	27081	79	963	5.91e-260	820
JAIXMU010000019.1	sp|P50475|SYAC_RAT	49.4	892	413	13	24499	27081	79	963	2.38e-256	809
JAIXMU010000019.1	sp|P49588|SYAC_HUMAN	49.6	892	412	13	24499	27081	79	963	2.05e-255	806
JAIXMU010000019.1	sp|Q9VLM8|SYAC_DROME	47.6	928	432	15	24415	27081	53	965	1.04e-253	801
JAIXMU010000019.1	sp|Q5RC02|SYAC_PONAB	49.4	892	413	13	24499	27081	79	963	3.81e-253	800
JAIXMU010000019.1	sp|O01541|SYAC_CAEEL	46.7	896	438	12	24499	27084	79	968	2.08e-249	789
JAIXMU010000019.1	sp|P36428|SYA_ARATH	46.7	910	451	16	24415	27084	108	1003	4.16e-242	769
JAIXMU010000019.1	sp|Q54Y20|SYAC_DICDI	46.6	894	418	17	24499	27075	76	945	1.63e-238	757
JAIXMU010000019.1	sp|Q14CH7|SYAM_MOUSE	39.9	898	479	22	24499	27081	107	980	3.13e-179	587
JAIXMU010000019.1	sp|Q5JTZ9|SYAM_HUMAN	39.0	900	484	21	24499	27081	112	985	2.20e-176	578
JAIXMU010000019.1	sp|D3ZX08|SYAM_RAT	39.8	903	478	23	24499	27081	107	985	2.20e-176	578
JAIXMU010000019.1	sp|O59702|CLR6_SCHPO	62.7	381	142	0	17835	18977	5	385	5.96e-170	536
JAIXMU010000019.1	sp|O42227|HDA1B_XENLA	59.6	421	166	1	17835	19097	8	424	2.54e-169	538
JAIXMU010000019.1	sp|P56517|HDAC1_CHICK	59.1	421	168	1	17835	19097	8	424	1.19e-168	536
JAIXMU010000019.1	sp|Q91695|HDA1A_XENLA	59.4	421	167	1	17835	19097	8	424	1.91e-167	532
JAIXMU010000019.1	sp|Q32PJ8|HDAC1_BOVIN	62.9	380	141	0	17835	18974	8	387	1.31e-166	530
JAIXMU010000019.1	sp|O09106|HDAC1_MOUSE	62.9	380	141	0	17835	18974	8	387	1.31e-166	530
JAIXMU010000019.1	sp|Q4QQW4|HDAC1_RAT	62.9	380	141	0	17835	18974	8	387	1.31e-166	530
JAIXMU010000019.1	sp|Q13547|HDAC1_HUMAN	62.6	380	142	0	17835	18974	8	387	3.30e-166	529
JAIXMU010000002.1	sp|Q14562|DHX8_HUMAN	55.4	1219	473	11	1041528	1045040	21	1216	0.0	1248
JAIXMU010000002.1	sp|A2A4P0|DHX8_MOUSE	56.2	1246	445	12	1041528	1045040	21	1240	0.0	1243
JAIXMU010000002.1	sp|O14228|PUR4_SCHPO	51.8	1335	555	21	635908	639891	70	1322	0.0	1239
JAIXMU010000002.1	sp|A1Z9L3|DHX8_DROME	56.3	1260	444	11	1041528	1045052	3	1241	0.0	1218
JAIXMU010000002.1	sp|Q54F05|DHX8_DICDI	55.1	1208	453	12	1041531	1045037	1	1158	0.0	1208
JAIXMU010000002.1	sp|Q0HKU9|PUR4_SHESM	51.4	1329	529	22	635908	639882	74	1289	0.0	1192
JAIXMU010000002.1	sp|Q0HX47|PUR4_SHESR	51.2	1329	531	22	635908	639882	74	1289	0.0	1185
JAIXMU010000002.1	sp|O42643|PRP22_SCHPO	53.3	1211	480	17	1041528	1045046	3	1165	0.0	1184
JAIXMU010000002.1	sp|Q8EC57|PUR4_SHEON	51.3	1329	530	23	635908	639882	74	1289	0.0	1181
JAIXMU010000002.1	sp|Q38953|DEAH5_ARATH	61.0	979	362	7	1042107	1045043	209	1167	0.0	1176
JAIXMU010000002.1	sp|Q5QWY0|PUR4_IDILO	52.0	1333	519	26	635908	639885	74	1292	0.0	1174
JAIXMU010000002.1	sp|Q1D9V4|PUR4_MYXXD	52.0	1340	516	23	635908	639891	74	1298	0.0	1173
JAIXMU010000002.1	sp|Q8DF81|PUR4_VIBVU	50.8	1332	539	25	635908	639885	74	1294	0.0	1172
JAIXMU010000002.1	sp|P30316|DPOD_SCHPO	55.5	1096	447	9	312267	309007	23	1086	0.0	1170
JAIXMU010000002.1	sp|Q7MN70|PUR4_VIBVY	50.6	1332	541	25	635908	639885	74	1294	0.0	1168
JAIXMU010000002.1	sp|Q6LU24|PUR4_PHOPR	50.5	1351	537	27	635908	639882	74	1318	0.0	1165
JAIXMU010000002.1	sp|P38972|PUR4_YEAST	48.3	1470	620	36	635551	639891	5	1357	0.0	1162
JAIXMU010000002.1	sp|Q87RW0|PUR4_VIBPA	50.5	1340	535	25	635908	639885	74	1299	0.0	1160
JAIXMU010000002.1	sp|O14232|MTR4_SCHPO	61.0	1001	373	5	1220468	1223458	130	1117	0.0	1157
JAIXMU010000002.1	sp|Q9KTN2|PUR4_VIBCH	50.4	1333	544	25	635908	639888	74	1295	0.0	1157
JAIXMU010000002.1	sp|Q2SK05|PUR4_HAHCH	50.1	1331	550	24	635914	639891	76	1297	0.0	1156
JAIXMU010000002.1	sp|Q7N1Z4|PUR4_PHOLL	50.9	1339	525	26	635908	639885	74	1292	0.0	1156
JAIXMU010000002.1	sp|Q8XA46|PUR4_ECO57	48.6	1450	584	28	635545	639885	1	1292	0.0	1155
JAIXMU010000002.1	sp|P53914|NAT10_YEAST	57.6	1045	396	10	1118995	1115930	1	1021	0.0	1154
JAIXMU010000002.1	sp|Q1R8H7|PUR4_ECOUT	48.7	1452	580	29	635545	639885	1	1292	0.0	1154
JAIXMU010000020.1	sp|Q6PF24|PREP_XENLA	39.1	1022	578	11	73882	76833	3	1018	1.52e-219	705
JAIXMU010000020.1	sp|Q28BR5|PREP_XENTR	39.6	1000	564	10	73942	76833	23	1018	4.41e-218	701
JAIXMU010000020.1	sp|Q7ZVZ6|PREP_DANRE	40.8	978	544	10	73984	76824	38	1011	7.19e-218	700
JAIXMU010000020.1	sp|Q5JRX3|PREP_HUMAN	40.2	989	543	11	73984	76824	43	1025	8.08e-216	695
JAIXMU010000020.1	sp|Q5RDG3|PREP_PONAB	40.1	990	543	12	73984	76824	43	1025	1.70e-212	685
JAIXMU010000020.1	sp|Q8K411|PREP_MOUSE	39.8	992	542	15	73984	76824	43	1024	1.04e-211	683
JAIXMU010000020.1	sp|Q6C0U8|CYM1_YARLI	40.3	981	555	16	73966	76854	23	990	1.82e-210	677
JAIXMU010000020.1	sp|Q7S7C0|CYM1_NEUCR	40.3	968	528	15	73978	76770	22	976	4.76e-206	665
JAIXMU010000020.1	sp|Q4IA56|CYM1_GIBZE	38.1	978	574	12	73978	76839	21	991	4.25e-203	657
JAIXMU010000020.1	sp|Q5B6H7|CYM1_EMENI	38.3	991	566	15	73951	76821	41	1020	5.29e-196	638
JAIXMU010000020.1	sp|Q2UGN1|CYM1_ASPOR	38.9	972	546	16	73984	76791	29	988	2.92e-193	629
JAIXMU010000020.1	sp|O42908|CYM1_SCHPO	38.1	860	519	9	73975	76527	27	882	7.79e-192	619
JAIXMU010000020.1	sp|P32898|CYM1_YEAST	38.2	964	550	17	73984	76791	23	968	2.82e-190	619
JAIXMU010000020.1	sp|Q4WP38|CYM1_ASPFU	37.4	985	567	15	73984	76821	56	1029	5.76e-190	621
JAIXMU010000020.1	sp|Q6CWW6|CYM1_KLULA	37.9	972	555	17	73984	76821	23	971	2.16e-184	602
JAIXMU010000020.1	sp|Q6FUI7|CYM1_CANGA	36.6	973	573	19	73984	76830	23	975	3.15e-183	598
JAIXMU010000020.1	sp|Q759T9|CYM1_ASHGO	36.8	978	573	18	73966	76821	17	975	1.04e-180	591
JAIXMU010000020.1	sp|Q9V9E3|PREP_DROME	35.4	942	593	7	73978	76767	65	1002	1.06e-169	561
JAIXMU010000020.1	sp|Q5A301|CYM1_CANAL	35.2	997	586	23	73984	76827	35	1020	7.55e-168	555
JAIXMU010000020.1	sp|Q6BTC0|CYM1_DEBHA	35.9	1013	567	22	73984	76815	43	1042	4.32e-162	540
JAIXMU010000020.1	sp|Q09706|PLD1_SCHPO	37.8	744	394	21	80969	78924	193	929	4.16e-138	478
JAIXMU010000020.1	sp|O43052|RGA1_SCHPO	30.9	1061	581	25	95729	92616	145	1076	6.39e-129	445
JAIXMU010000020.1	sp|P36126|SPO14_YEAST	40.1	634	299	12	80612	78924	456	1079	1.20e-124	444
JAIXMU010000020.1	sp|P97813|PLD2_MOUSE	37.9	675	369	20	80858	78924	87	741	1.56e-123	422
JAIXMU010000020.1	sp|O14939|PLD2_HUMAN	37.6	673	374	19	80858	78924	87	741	7.07e-123	421
JAIXMU010000021.1	sp|Q10233|RPC2_SCHPO	67.2	1126	359	5	72132	75485	38	1161	0.0	1548
JAIXMU010000021.1	sp|P22276|RPC2_YEAST	63.9	1124	392	6	72132	75488	32	1146	0.0	1466
JAIXMU010000021.1	sp|Q9NW08|RPC2_HUMAN	63.7	1119	395	7	72132	75473	14	1126	0.0	1423
JAIXMU010000021.1	sp|P59470|RPC2_MOUSE	63.7	1119	395	7	72132	75473	14	1126	0.0	1422
JAIXMU010000021.1	sp|P25167|RPC2_DROME	56.9	1123	471	9	72132	75485	22	1136	0.0	1282
JAIXMU010000021.1	sp|F4KD38|NRPC2_ARATH	54.7	1153	475	14	72132	75485	20	1160	0.0	1241
JAIXMU010000021.1	sp|P36602|RIR1_SCHPO	69.0	812	234	4	81177	83564	1	810	0.0	1164
JAIXMU010000021.1	sp|Q54IZ9|RPC2_DICDI	40.7	1588	468	6	72126	75485	25	1607	0.0	1150
JAIXMU010000021.1	sp|P07742|RIR1_MOUSE	69.4	800	230	3	81177	83561	1	790	0.0	1145
JAIXMU010000021.1	sp|P23921|RIR1_HUMAN	69.5	802	226	4	81177	83561	1	790	0.0	1145
JAIXMU010000021.1	sp|Q5R919|RIR1_PONAB	69.2	802	228	4	81177	83561	1	790	0.0	1141
JAIXMU010000021.1	sp|Q9UW15|RIR1_NEUCR	72.3	757	208	2	81177	83444	1	756	0.0	1139
JAIXMU010000021.1	sp|P79732|RIR1_DANRE	68.1	795	251	2	81177	83561	1	792	0.0	1113
JAIXMU010000021.1	sp|P21672|RIR3_YEAST	67.9	761	237	2	81177	83444	1	759	0.0	1101
JAIXMU010000021.1	sp|P21524|RIR1_YEAST	68.6	759	231	2	81177	83438	1	757	0.0	1099
JAIXMU010000021.1	sp|Q03604|RIR1_CAEEL	67.1	796	247	2	81180	83567	8	788	0.0	1098
JAIXMU010000021.1	sp|Q9SJ20|RIR1_ARATH	65.0	818	259	4	81177	83561	1	814	0.0	1090
JAIXMU010000021.1	sp|P48591|RIR1_DROME	64.7	801	275	3	81177	83561	12	810	0.0	1067
JAIXMU010000021.1	sp|Q76RD8|RIR1_VACCA	66.8	758	249	3	81177	83450	1	755	0.0	1058
JAIXMU010000021.1	sp|P20503|RIR1_VACCC	66.8	758	249	3	81177	83450	1	755	0.0	1058
JAIXMU010000021.1	sp|P12848|RIR1_VACCW	66.8	758	249	3	81177	83450	1	755	0.0	1058
JAIXMU010000021.1	sp|P0DSV1|RIR1_VAR67	66.6	758	250	3	81177	83450	1	755	0.0	1057
JAIXMU010000021.1	sp|P0DSV2|RIR1_VARV	66.6	758	250	3	81177	83450	1	755	0.0	1057
JAIXMU010000021.1	sp|Q54Q71|RIR1_DICDI	65.1	766	255	3	81177	83438	16	781	0.0	1033
JAIXMU010000021.1	sp|P50648|RIR1_PLAF4	62.3	809	290	8	81177	83567	1	806	0.0	1019
JAIXMU010000022.1	sp|E1BNG3|ASCC3_BOVIN	48.6	1993	916	26	78913	73085	245	2179	0.0	1782
JAIXMU010000022.1	sp|E9PZJ8|ASCC3_MOUSE	48.7	1997	909	27	78913	73085	245	2180	0.0	1782
JAIXMU010000022.1	sp|O60072|MUG81_SCHPO	51.4	1756	786	15	78979	73724	74	1766	0.0	1779
JAIXMU010000022.1	sp|F1NTD6|ASCC3_CHICK	48.6	1991	920	28	78913	73085	253	2188	0.0	1773
JAIXMU010000022.1	sp|Q8N3C0|ASCC3_HUMAN	48.8	1990	916	28	78913	73085	245	2179	0.0	1763
JAIXMU010000022.1	sp|F1LPQ2|ASCC3_RAT	48.0	1997	923	28	78913	73085	245	2179	0.0	1758
JAIXMU010000022.1	sp|Q9FNQ1|DEXHE_ARATH	46.5	1983	928	28	79000	73094	288	2151	0.0	1654
JAIXMU010000022.1	sp|P53327|SLH1_YEAST	50.4	1686	783	19	78499	73520	203	1861	0.0	1628
JAIXMU010000022.1	sp|E7F8F4|ASCC3_DANRE	51.2	1567	643	13	78391	73706	23	1473	0.0	1558
JAIXMU010000022.1	sp|Q54G57|ASCC3_DICDI	45.6	1790	911	23	78409	73085	425	2167	0.0	1522
JAIXMU010000022.1	sp|Q6P4T2|U520_MOUSE	40.0	1953	1045	29	78898	73082	288	2127	0.0	1396
JAIXMU010000022.1	sp|O75643|U520_HUMAN	40.0	1952	1047	28	78898	73082	288	2127	0.0	1395
JAIXMU010000022.1	sp|F1LNJ2|U520_RAT	40.0	1956	1044	30	78898	73082	288	2130	0.0	1393
JAIXMU010000022.1	sp|Q9VUV9|U520_DROME	39.9	1951	1049	27	78901	73085	292	2130	0.0	1352
JAIXMU010000022.1	sp|Q9SYP1|DEXHC_ARATH	43.2	1792	934	26	78427	73082	444	2161	0.0	1349
JAIXMU010000022.1	sp|O48534|DEXHD_ARATH	42.0	1783	952	25	78400	73082	453	2162	0.0	1312
JAIXMU010000022.1	sp|Q9U2G0|U520_CAEEL	37.6	1959	1088	36	78898	73082	285	2129	0.0	1231
JAIXMU010000022.1	sp|Q55CI8|HELCL_DICDI	38.2	1790	1020	33	78412	73097	492	2213	0.0	1194
JAIXMU010000022.1	sp|Q9UT24|BRR2_SCHPO	37.2	1780	1022	27	78391	73085	469	2164	0.0	1155
JAIXMU010000022.1	sp|P32639|BRR2_YEAST	32.6	1806	1098	38	78400	73082	445	2163	1.66e-281	925
JAIXMU010000022.1	sp|O94653|BMS1_SCHPO	42.0	1066	507	25	56602	59478	5	1066	8.94e-217	701
JAIXMU010000022.1	sp|Q00078|KPC1_ASPNG	40.4	1063	489	25	17797	14717	143	1096	2.32e-204	664
JAIXMU010000022.1	sp|Q08965|BMS1_YEAST	39.3	1139	507	26	56587	59481	1	1129	3.92e-203	663
JAIXMU010000022.1	sp|Q14692|BMS1_HUMAN	36.3	1230	505	25	56602	59481	7	1227	6.96e-201	660
JAIXMU010000022.1	sp|O42632|KPC1_COCHE	40.9	1086	530	26	17800	14717	143	1174	7.05e-199	650
JAIXMU010000023.1	sp|Q12019|MDN1_YEAST	31.7	5179	2789	159	61933	47072	260	4909	0.0	1591
JAIXMU010000023.1	sp|O94248|MDN1_SCHPO	29.9	5092	2936	135	61909	47087	118	4711	0.0	1523
JAIXMU010000023.1	sp|Q02061|RPB2_SCHPO	47.5	1670	385	10	9044	4086	10	1204	0.0	1410
JAIXMU010000023.1	sp|A5DHT2|RPB2_PICGU	46.6	1690	410	11	9074	4077	7	1228	0.0	1367
JAIXMU010000023.1	sp|Q869L3|MDN1_DICDI	39.2	2240	1050	55	61852	55856	276	2451	0.0	1359
JAIXMU010000023.1	sp|Q753Q4|RPB2_ASHGO	46.3	1687	414	13	9083	4077	5	1217	0.0	1352
JAIXMU010000023.1	sp|Q6FLD5|RPB2_CANGA	45.8	1696	425	15	9119	4077	3	1218	0.0	1337
JAIXMU010000023.1	sp|P08518|RPB2_YEAST	45.6	1689	429	13	9098	4077	6	1219	0.0	1332
JAIXMU010000023.1	sp|A0A1P8AUY4|MDN1_ARATH	28.1	5416	3058	167	61855	47072	333	5397	0.0	1328
JAIXMU010000023.1	sp|Q9NU22|MDN1_HUMAN	36.5	2536	1287	61	62560	55481	58	2446	0.0	1321
JAIXMU010000023.1	sp|Q54J75|RPB2_DICDI	43.2	1661	429	14	9038	4074	18	1170	0.0	1268
JAIXMU010000023.1	sp|Q42877|RPB2_SOLLC	44.2	1667	416	15	9053	4083	15	1176	0.0	1266
JAIXMU010000023.1	sp|P38420|NRPB2_ARATH	44.0	1674	428	15	9083	4083	6	1177	0.0	1261
JAIXMU010000023.1	sp|Q8CFI7|RPB2_MOUSE	41.9	1679	456	12	9083	4083	2	1172	0.0	1211
JAIXMU010000023.1	sp|P30876|RPB2_HUMAN	41.8	1679	457	12	9083	4083	2	1172	0.0	1209
JAIXMU010000023.1	sp|P08266|RPB2_DROME	42.0	1679	456	12	9083	4080	3	1175	0.0	1198
JAIXMU010000023.1	sp|Q10578|RPB2_CAEEL	41.5	1670	456	13	9053	4080	19	1179	0.0	1168
JAIXMU010000023.1	sp|Q8SR75|RPB2_ENCCU	40.5	1661	457	17	9038	4077	5	1140	0.0	1134
JAIXMU010000023.1	sp|Q8T5T1|MDN1_GIAIN	32.4	2165	1207	51	61801	55862	22	2106	4.89e-260	900
JAIXMU010000023.1	sp|Q54IZ9|RPC2_DICDI	29.6	1749	968	45	9044	4074	32	1608	9.13e-201	670
JAIXMU010000023.1	sp|P11513|RPOB_SULAC	43.9	701	343	7	6146	4080	452	1114	7.68e-169	561
JAIXMU010000023.1	sp|P31814|RPOB_THECE	43.3	697	346	9	6146	4077	466	1120	2.98e-166	553
JAIXMU010000023.1	sp|O59702|CLR6_SCHPO	62.8	371	138	0	10512	9400	14	384	2.74e-164	520
JAIXMU010000023.1	sp|O42227|HDA1B_XENLA	62.5	371	139	0	10509	9397	18	388	2.13e-163	520
JAIXMU010000023.1	sp|P56517|HDAC1_CHICK	62.3	371	140	0	10509	9397	18	388	2.13e-163	520
JAIXMU010000024.1	sp|Q8T673|ABCGL_DICDI	41.9	1370	756	19	19253	23308	102	1449	0.0	1026
JAIXMU010000024.1	sp|Q55DQ2|ABCGB_DICDI	40.2	1429	821	19	19082	23308	28	1442	0.0	1014
JAIXMU010000024.1	sp|Q556W2|ABCGH_DICDI	40.1	1370	793	15	19253	23308	117	1476	0.0	1014
JAIXMU010000024.1	sp|Q8T675|ABCGJ_DICDI	41.3	1369	766	18	19253	23308	102	1449	2.57e-317	1004
JAIXMU010000024.1	sp|Q55DR1|ABCGE_DICDI	39.7	1430	827	19	19082	23308	24	1439	7.49e-316	1000
JAIXMU010000024.1	sp|Q8T683|ABCG9_DICDI	42.0	1313	732	17	19412	23308	152	1448	3.38e-315	998
JAIXMU010000024.1	sp|Q54CG0|ABCGA_DICDI	40.2	1379	775	18	19253	23308	110	1466	4.24e-311	987
JAIXMU010000024.1	sp|Q55GB1|ABCGF_DICDI	39.0	1374	797	19	19253	23308	121	1475	7.24e-305	969
JAIXMU010000024.1	sp|A0A1U8QKX8|ATRB_EMENI	39.4	1426	819	26	19106	23308	17	1422	9.27e-299	950
JAIXMU010000024.1	sp|P41820|BFR1_SCHPO	37.2	1456	821	25	19118	23305	95	1516	2.40e-290	929
JAIXMU010000024.1	sp|Q4WDD4|ATRF_ASPFU	37.5	1457	840	23	19064	23302	87	1516	1.34e-289	928
JAIXMU010000024.1	sp|Q6FQN3|SNQ2_CANGA	39.2	1334	763	23	19388	23302	169	1483	1.39e-289	926
JAIXMU010000024.1	sp|Q2TXA7|ATRA_ASPOR	38.2	1412	826	20	19148	23305	79	1469	4.25e-289	924
JAIXMU010000024.1	sp|B8NDS8|ATRF_ASPFN	38.2	1409	807	21	19193	23302	119	1502	2.70e-288	924
JAIXMU010000024.1	sp|P32568|SNQ2_YEAST	38.7	1332	772	24	19388	23305	167	1480	1.46e-283	909
JAIXMU010000024.1	sp|Q4WWW3|ATRI_ASPFU	38.3	1396	818	19	19193	23305	81	1458	1.55e-283	907
JAIXMU010000024.1	sp|A0A1U8QT10|ATRA_EMENI	37.7	1407	834	19	19160	23305	71	1459	4.17e-279	894
JAIXMU010000024.1	sp|P53756|PDR18_YEAST	38.7	1318	753	23	19388	23239	37	1333	9.92e-279	888
JAIXMU010000024.1	sp|E9RBG1|ABCC_ASPFU	36.5	1450	871	23	19052	23305	58	1489	1.91e-278	894
JAIXMU010000024.1	sp|F2SHL1|MDR1_TRIRC	38.1	1385	803	21	19253	23305	150	1513	2.12e-274	884
JAIXMU010000024.1	sp|Q02785|PDR12_YEAST	37.2	1438	848	25	19085	23302	55	1469	3.68e-274	882
JAIXMU010000024.1	sp|F2PLH2|MDR1_TRIEC	37.7	1415	818	23	19193	23305	128	1522	6.21e-273	880
JAIXMU010000024.1	sp|A0A059J0G5|MDR1_TRIIM	37.5	1415	820	22	19193	23305	128	1522	8.43e-273	880
JAIXMU010000024.1	sp|F2RSQ6|MDR1_TRIT1	37.6	1415	819	23	19193	23305	128	1522	1.55e-272	879
JAIXMU010000024.1	sp|Q2U0M6|ATRG_ASPOR	36.2	1435	870	20	19079	23305	73	1488	3.38e-271	872
JAIXMU010000025.1	sp|Q8T673|ABCGL_DICDI	41.9	1370	756	19	52556	48501	102	1449	0.0	1026
JAIXMU010000025.1	sp|Q55DQ2|ABCGB_DICDI	40.2	1429	821	19	52727	48501	28	1442	0.0	1014
JAIXMU010000025.1	sp|Q556W2|ABCGH_DICDI	40.1	1370	793	15	52556	48501	117	1476	0.0	1014
JAIXMU010000025.1	sp|Q8T675|ABCGJ_DICDI	41.3	1369	766	18	52556	48501	102	1449	2.36e-317	1004
JAIXMU010000025.1	sp|Q55DR1|ABCGE_DICDI	39.7	1430	827	19	52727	48501	24	1439	6.81e-316	1000
JAIXMU010000025.1	sp|Q8T683|ABCG9_DICDI	42.0	1313	732	17	52397	48501	152	1448	3.07e-315	998
JAIXMU010000025.1	sp|Q54CG0|ABCGA_DICDI	40.2	1379	775	18	52556	48501	110	1466	3.86e-311	987
JAIXMU010000025.1	sp|Q55GB1|ABCGF_DICDI	39.0	1374	797	19	52556	48501	121	1475	6.58e-305	969
JAIXMU010000025.1	sp|A0A1U8QKX8|ATRB_EMENI	39.4	1426	819	26	52703	48501	17	1422	8.44e-299	950
JAIXMU010000025.1	sp|P41820|BFR1_SCHPO	37.2	1456	821	25	52691	48504	95	1516	2.18e-290	929
JAIXMU010000025.1	sp|Q4WDD4|ATRF_ASPFU	37.5	1457	840	23	52745	48507	87	1516	1.22e-289	928
JAIXMU010000025.1	sp|Q6FQN3|SNQ2_CANGA	39.2	1334	763	23	52421	48507	169	1483	1.27e-289	926
JAIXMU010000025.1	sp|Q2TXA7|ATRA_ASPOR	38.2	1412	826	20	52661	48504	79	1469	3.87e-289	924
JAIXMU010000025.1	sp|B8NDS8|ATRF_ASPFN	38.2	1409	807	21	52616	48507	119	1502	2.46e-288	924
JAIXMU010000025.1	sp|P32568|SNQ2_YEAST	38.7	1332	772	24	52421	48504	167	1480	1.33e-283	909
JAIXMU010000025.1	sp|Q4WWW3|ATRI_ASPFU	38.3	1396	818	19	52616	48504	81	1458	1.41e-283	907
JAIXMU010000025.1	sp|A0A1U8QT10|ATRA_EMENI	37.7	1407	834	19	52649	48504	71	1459	3.79e-279	894
JAIXMU010000025.1	sp|P53756|PDR18_YEAST	38.7	1318	753	23	52421	48570	37	1333	9.03e-279	888
JAIXMU010000025.1	sp|E9RBG1|ABCC_ASPFU	36.5	1450	871	23	52757	48504	58	1489	1.74e-278	894
JAIXMU010000025.1	sp|F2SHL1|MDR1_TRIRC	38.1	1385	803	21	52556	48504	150	1513	1.93e-274	884
JAIXMU010000025.1	sp|Q02785|PDR12_YEAST	37.2	1438	848	25	52724	48507	55	1469	3.34e-274	882
JAIXMU010000025.1	sp|F2PLH2|MDR1_TRIEC	37.7	1415	818	23	52616	48504	128	1522	5.65e-273	880
JAIXMU010000025.1	sp|A0A059J0G5|MDR1_TRIIM	37.5	1415	820	22	52616	48504	128	1522	7.66e-273	880
JAIXMU010000025.1	sp|F2RSQ6|MDR1_TRIT1	37.6	1415	819	23	52616	48504	128	1522	1.41e-272	879
JAIXMU010000025.1	sp|Q2U0M6|ATRG_ASPOR	36.2	1435	870	20	52730	48504	73	1488	3.07e-271	872
JAIXMU010000026.1	sp|O94313|CARB_SCHPO	63.9	1096	369	9	63486	66770	86	1155	0.0	1365
JAIXMU010000026.1	sp|Q10289|FAS2_SCHPO	44.4	1714	824	21	27828	22948	9	1680	0.0	1355
JAIXMU010000026.1	sp|P78615|FAS2_EMEND	43.1	1748	839	26	27828	22912	9	1710	0.0	1320
JAIXMU010000026.1	sp|P15368|FAS2_PENPA	43.0	1740	851	24	27828	22912	9	1709	0.0	1313
JAIXMU010000026.1	sp|P46056|CARB_CUTCT	64.6	1065	360	11	63483	66677	74	1121	0.0	1311
JAIXMU010000026.1	sp|G8BAW7|FAS2_CANPC	42.9	1744	851	21	27828	22948	9	1724	0.0	1289
JAIXMU010000026.1	sp|P19097|FAS2_YEAST	42.0	1781	835	23	27828	22912	9	1733	0.0	1285
JAIXMU010000026.1	sp|Q765N2|FAS2_LACKL	42.2	1760	851	21	27828	22924	11	1729	0.0	1271
JAIXMU010000026.1	sp|P03965|CARB_YEAST	60.3	1106	414	10	63486	66779	28	1116	0.0	1269
JAIXMU010000026.1	sp|P43098|FAS2_CANAX	42.4	1754	847	24	27828	22948	9	1725	0.0	1268
JAIXMU010000026.1	sp|Q75D66|CARB_ASHGO	58.8	1103	432	11	63486	66782	28	1112	0.0	1227
JAIXMU010000026.1	sp|P07259|PYR1_YEAST	56.1	1074	441	11	63477	66674	435	1485	0.0	1159
JAIXMU010000026.1	sp|Q09794|PYR1_SCHPO	54.6	1071	455	11	63480	66674	472	1517	0.0	1150
JAIXMU010000026.1	sp|P05990|PYR1_DROME	56.1	1079	432	12	63489	66677	404	1456	0.0	1144
JAIXMU010000026.1	sp|O93937|PYR1_EMENI	55.4	1083	432	14	63477	66674	477	1525	0.0	1132
JAIXMU010000026.1	sp|P27708|PYR1_HUMAN	56.2	1077	427	15	63489	66674	394	1440	0.0	1128
JAIXMU010000026.1	sp|P08955|PYR1_MESAU	55.9	1077	430	15	63489	66674	394	1440	0.0	1123
JAIXMU010000026.1	sp|Q91437|PYR1_SQUAC	54.7	1085	445	13	63477	66677	393	1448	0.0	1120
JAIXMU010000026.1	sp|B2RQC6|PYR1_MOUSE	55.9	1077	430	15	63489	66674	394	1440	0.0	1118
JAIXMU010000026.1	sp|P20054|PYR1_DICDI	54.5	1075	448	15	63486	66674	404	1449	0.0	1117
JAIXMU010000026.1	sp|Q5AV00|ATNF_EMENI	40.7	1686	893	31	27831	22936	12	1644	0.0	1108
JAIXMU010000026.1	sp|Q18990|PYR1_CAEEL	54.9	1087	442	13	63489	66677	391	1453	0.0	1102
JAIXMU010000026.1	sp|P31327|CPSM_HUMAN	53.3	1076	477	12	63477	66677	419	1478	0.0	1098
JAIXMU010000026.1	sp|P07756|CPSM_RAT	53.3	1076	477	12	63477	66677	419	1478	0.0	1098
JAIXMU010000026.1	sp|Q2TXF0|ORYA_ASPOR	41.0	1655	905	29	27825	22912	14	1614	0.0	1095
JAIXMU010000027.1	sp|P21265|PUR8_CHICK	69.6	474	142	2	57486	56065	9	480	7.87e-208	648
JAIXMU010000027.1	sp|Q8HXY5|PUR8_MACFA	67.7	474	149	3	57471	56050	13	482	5.42e-199	622
JAIXMU010000027.1	sp|P54822|PUR8_MOUSE	67.4	469	151	2	57471	56065	13	479	5.42e-199	622
JAIXMU010000027.1	sp|P30566|PUR8_HUMAN	67.5	474	150	3	57471	56050	13	482	2.54e-198	620
JAIXMU010000027.1	sp|O60105|PUR8_SCHPO	66.3	472	156	2	57471	56062	7	477	1.31e-196	615
JAIXMU010000027.1	sp|Q05911|PUR8_YEAST	66.9	468	152	2	57471	56074	7	473	1.14e-195	613
JAIXMU010000027.1	sp|A3KN12|PUR8_BOVIN	66.9	474	153	3	57471	56050	19	488	7.11e-195	611
JAIXMU010000027.1	sp|Q2KI84|HARS1_BOVIN	54.8	502	213	6	62944	61460	7	501	1.28e-163	522
JAIXMU010000027.1	sp|O43011|SYH_SCHPO	54.6	537	210	8	62974	61463	23	558	3.25e-163	523
JAIXMU010000027.1	sp|Q61035|HARS1_MOUSE	55.0	504	213	6	62944	61454	7	503	5.98e-163	520
JAIXMU010000027.1	sp|E9QI36|HARS1_DANRE	54.4	515	207	8	62947	61460	6	511	5.95e-162	517
JAIXMU010000027.1	sp|P70076|HARS1_TAKRU	55.8	495	185	7	62878	61460	34	516	1.60e-160	513
JAIXMU010000027.1	sp|Q5R4R2|HARS1_PONAB	54.2	502	216	6	62944	61460	7	501	9.80e-160	511
JAIXMU010000027.1	sp|P12081|HARS1_HUMAN	54.4	502	215	6	62944	61460	7	501	2.47e-159	509
JAIXMU010000027.1	sp|P48576|LEU1_SYNY3	50.3	584	208	11	24723	26441	6	518	4.30e-155	498
JAIXMU010000027.1	sp|B1XLQ9|LEU1_SYNP2	47.8	605	232	12	24708	26486	1	533	8.09e-153	492
JAIXMU010000027.1	sp|B7JYP4|LEU1_RIPO1	48.0	604	228	12	24708	26477	1	532	3.07e-152	490
JAIXMU010000027.1	sp|B7KJX8|LEU1_GLOC7	47.8	604	232	12	24708	26486	1	532	3.61e-151	487
JAIXMU010000027.1	sp|B1WQQ4|LEU1_CROS5	47.3	601	235	11	24708	26477	1	530	6.92e-151	486
JAIXMU010000027.1	sp|Q112U2|LEU1_TRIEI	48.7	587	219	9	24714	26441	3	518	3.19e-149	482
JAIXMU010000027.1	sp|A4J181|LEU1_DESRM	46.6	577	234	9	24717	26447	1	503	3.23e-149	480
JAIXMU010000027.1	sp|P48575|LEU1_NOSS1	46.8	601	236	11	24708	26477	1	528	1.97e-148	479
JAIXMU010000027.1	sp|Q3MBA3|LEU1_TRIV2	46.8	601	236	11	24708	26477	1	528	1.97e-148	479
JAIXMU010000027.1	sp|Q7NI93|LEU1_GLOVI	49.3	582	213	11	24723	26435	4	514	2.49e-148	479
JAIXMU010000027.1	sp|Q86AS6|SYHC_DICDI	56.7	448	177	7	62791	61463	39	474	1.45e-147	474
JAIXMU010000028.1	sp|P09805|KTXA_KLULA	39.1	696	379	15	21115	23181	54	711	2.14e-136	466
JAIXMU010000028.1	sp|P30315|DPOD1_PLAFK	28.6	739	457	21	8254	6233	235	967	6.42e-72	271
JAIXMU010000028.1	sp|O70736|DPOL_RSIV	27.7	739	399	17	8404	6569	29	759	3.68e-66	251
JAIXMU010000028.1	sp|P46588|DPOD_CANAX	27.6	727	462	19	8248	6242	181	901	3.29e-64	246
JAIXMU010000028.1	sp|P15436|DPOD_YEAST	28.1	713	441	21	8197	6245	267	969	2.86e-61	238
JAIXMU010000028.1	sp|Q9QJ32|DPOL_HHV6Z	31.2	628	348	19	8254	6587	216	831	3.23e-61	236
JAIXMU010000028.1	sp|P52342|DPOL_HHV7J	30.5	633	346	22	8254	6587	215	830	2.38e-60	234
JAIXMU010000028.1	sp|Q6GZR5|DPOL_FRG3G	27.3	681	353	15	8233	6608	112	789	9.97e-60	232
JAIXMU010000028.1	sp|P28857|DPOL_HHV6U	30.7	628	351	19	8254	6587	216	831	1.31e-59	231
JAIXMU010000028.1	sp|P90829|DPOD1_CAEEL	26.4	732	476	18	8254	6239	213	941	1.75e-59	232
JAIXMU010000028.1	sp|P52367|DPOL_EHV2	31.5	626	350	19	8254	6584	226	841	9.02e-58	226
JAIXMU010000028.1	sp|O48901|DPOD1_SOYBN	27.2	731	470	20	8254	6239	206	933	1.66e-57	226
JAIXMU010000028.1	sp|Q9LVN7|DPOD1_ARATH	26.9	733	470	20	8254	6239	241	968	5.33e-57	224
JAIXMU010000028.1	sp|Q54N97|DPOD1_DICDI	26.8	728	469	22	8254	6239	253	972	1.31e-56	223
JAIXMU010000028.1	sp|P28340|DPOD1_HUMAN	28.3	734	458	22	8254	6239	244	971	3.08e-56	222
JAIXMU010000028.1	sp|Q9LRE6|DPOD1_ORYSJ	26.8	734	469	20	8254	6239	249	976	4.02e-56	221
JAIXMU010000028.1	sp|P30316|DPOD_SCHPO	27.0	733	468	22	8254	6239	228	954	1.45e-55	219
JAIXMU010000028.1	sp|P54358|DPOD1_DROME	27.0	738	469	21	8254	6239	224	957	1.51e-55	219
JAIXMU010000028.1	sp|P24907|DPOL_SHV21	28.8	754	395	27	8491	6584	104	833	2.63e-55	218
JAIXMU010000028.1	sp|P52431|DPOD1_MOUSE	28.0	736	458	22	8254	6239	242	969	3.76e-55	218
JAIXMU010000028.1	sp|P28339|DPOD1_BOVIN	28.1	736	457	22	8254	6239	243	970	1.15e-54	217
JAIXMU010000028.1	sp|P97283|DPOD1_MESAU	27.8	734	462	21	8254	6239	240	967	1.50e-54	216
JAIXMU010000028.1	sp|O54747|DPOD1_RAT	27.9	736	459	22	8254	6239	240	967	3.46e-54	215
JAIXMU010000028.1	sp|O36363|DPOL_ALHV1	30.0	626	359	19	8254	6584	249	864	8.76e-54	213
JAIXMU010000028.1	sp|Q2HRD0|DPOL_HHV8P	30.3	628	363	20	8254	6572	229	848	4.08e-52	208
JAIXMU010000029.1	sp|Q55FN7|ODBB_DICDI	62.4	327	122	1	16602	15622	45	370	4.32e-135	433
JAIXMU010000029.1	sp|Q9LDY2|ODBB2_ARATH	63.1	325	118	1	16596	15622	36	358	8.47e-134	429
JAIXMU010000029.1	sp|Q9SAV3|ODBB1_ARATH	61.6	331	125	1	16614	15622	24	352	3.21e-133	427
JAIXMU010000029.1	sp|P21839|ODBB_BOVIN	57.1	366	146	2	16689	15622	28	392	2.11e-131	423
JAIXMU010000029.1	sp|Q6P3A8|ODBB_MOUSE	62.3	326	122	1	16599	15622	66	390	4.96e-131	422
JAIXMU010000029.1	sp|P35738|ODBB_RAT	62.3	326	122	1	16599	15622	66	390	4.96e-131	422
JAIXMU010000029.1	sp|P21953|ODBB_HUMAN	60.4	326	128	1	16599	15622	68	392	4.01e-129	417
JAIXMU010000029.1	sp|Q5F364|MRP1_CHICK	33.0	908	527	17	11535	14090	640	1522	2.53e-119	423
JAIXMU010000029.1	sp|P9WF02|ODBB_CHATD	58.8	347	138	4	16698	15667	51	395	6.89e-119	390
JAIXMU010000029.1	sp|P33527|MRP1_HUMAN	33.2	929	522	20	11499	14084	630	1526	2.79e-118	420
JAIXMU010000029.1	sp|O15438|MRP3_HUMAN	31.2	1059	601	23	11160	14069	498	1517	6.39e-117	416
JAIXMU010000029.1	sp|O35379|MRP1_MOUSE	31.7	914	551	17	11499	14084	631	1523	6.47e-117	416
JAIXMU010000029.1	sp|Q8HXQ5|MRP1_BOVIN	32.0	933	543	17	11475	14090	625	1527	1.19e-116	415
JAIXMU010000029.1	sp|Q864R9|MRP1_MACFA	32.8	917	514	18	11523	14069	639	1521	6.80e-116	412
JAIXMU010000029.1	sp|Q6UR05|MRP1_CANLF	32.1	925	537	18	11499	14084	630	1526	2.89e-115	410
JAIXMU010000029.1	sp|Q8CG09|MRP1_RAT	31.5	908	548	15	11523	14084	640	1527	3.90e-115	410
JAIXMU010000029.1	sp|B2RX12|MRP3_MOUSE	31.5	1062	591	29	11160	14069	497	1513	8.36e-114	406
JAIXMU010000029.1	sp|O88563|MRP3_RAT	31.7	921	525	16	11529	14069	622	1512	1.96e-113	405
JAIXMU010000029.1	sp|Q8VI47|MRP2_MOUSE	30.8	1083	601	25	11160	14111	507	1540	8.01e-113	403
JAIXMU010000029.1	sp|P39109|YCFI_YEAST	30.4	1075	619	26	11088	14054	465	1496	1.36e-108	390
JAIXMU010000029.1	sp|Q63120|MRP2_RAT	31.8	936	532	19	11535	14111	632	1538	2.43e-108	389
JAIXMU010000029.1	sp|A7KVC2|AB4C_MAIZE	34.1	903	511	20	11535	14081	628	1500	1.28e-107	387
JAIXMU010000029.1	sp|Q54JR2|ABCC3_DICDI	32.4	904	538	18	11532	14117	435	1307	2.94e-107	384
JAIXMU010000029.1	sp|P14772|BPT1_YEAST	31.1	903	532	18	11610	14084	663	1553	3.87e-107	386
JAIXMU010000029.1	sp|Q28689|MRP2_RABIT	31.5	933	525	18	11535	14090	634	1533	7.22e-107	385
JAIXMU010000003.1	sp|O93937|PYR1_EMENI	58.8	2278	808	27	974400	981125	90	2273	0.0	2473
JAIXMU010000003.1	sp|Q09794|PYR1_SCHPO	56.7	2267	838	24	974400	981125	89	2237	0.0	2411
JAIXMU010000003.1	sp|P07259|PYR1_YEAST	57.0	2263	848	26	974400	981125	52	2210	0.0	2383
JAIXMU010000003.1	sp|P20054|PYR1_DICDI	49.6	2288	1001	32	974400	981122	39	2220	0.0	2059
JAIXMU010000003.1	sp|B2RQC6|PYR1_MOUSE	52.0	2283	967	39	974400	981131	32	2224	0.0	2042
JAIXMU010000003.1	sp|P08955|PYR1_MESAU	51.5	2287	972	39	974400	981131	32	2224	0.0	2038
JAIXMU010000003.1	sp|P27708|PYR1_HUMAN	51.6	2292	962	41	974400	981131	32	2224	0.0	2037
JAIXMU010000003.1	sp|Q91437|PYR1_SQUAC	50.7	2304	979	37	974400	981125	32	2239	0.0	2034
JAIXMU010000003.1	sp|P05990|PYR1_DROME	49.7	2290	988	37	974400	981125	43	2217	0.0	1966
JAIXMU010000003.1	sp|Q18990|PYR1_CAEEL	47.7	2309	998	38	974400	981134	33	2196	0.0	1883
JAIXMU010000003.1	sp|P31327|CPSM_HUMAN	50.3	1480	636	20	974400	978770	76	1479	0.0	1391
JAIXMU010000003.1	sp|Q8C196|CPSM_MOUSE	50.6	1480	632	21	974400	978770	76	1479	0.0	1390
JAIXMU010000003.1	sp|P07756|CPSM_RAT	50.5	1480	634	21	974400	978770	76	1479	0.0	1384
JAIXMU010000003.1	sp|Q91293|CPSM_LITCT	50.1	1478	640	20	974400	978764	71	1473	0.0	1365
JAIXMU010000003.1	sp|P40976|LYS2_SCHPO	45.9	1447	666	24	1047851	1043691	10	1399	0.0	1161
JAIXMU010000003.1	sp|P20967|ODO1_YEAST	57.5	978	402	9	793650	790738	41	1011	0.0	1134
JAIXMU010000003.1	sp|O74378|ODO1_SCHPO	56.9	980	400	9	793653	790738	43	1008	0.0	1128
JAIXMU010000003.1	sp|O94313|CARB_SCHPO	55.2	1063	443	11	975624	978764	85	1130	0.0	1110
JAIXMU010000003.1	sp|P46056|CARB_CUTCT	54.8	1097	459	14	975627	978842	75	1159	0.0	1101
JAIXMU010000003.1	sp|Q75D66|CARB_ASHGO	55.4	1070	445	13	975627	978779	28	1084	0.0	1091
JAIXMU010000003.1	sp|P03965|CARB_YEAST	53.0	1105	480	15	975588	978836	17	1104	0.0	1083
JAIXMU010000003.1	sp|O74298|LYS2_PENCH	43.9	1457	677	27	1047854	1043691	6	1391	0.0	1062
JAIXMU010000003.1	sp|Q4PE39|SEC23_USTMA	66.2	772	250	4	72469	70187	1	772	0.0	1039
JAIXMU010000003.1	sp|P0CR39|SEC23_CRYNB	65.2	762	256	4	72469	70199	1	758	0.0	1004
JAIXMU010000003.1	sp|P0CR38|SEC23_CRYNJ	65.2	762	256	4	72469	70199	1	758	0.0	1004
JAIXMU010000030.1	sp|Q8T673|ABCGL_DICDI	41.9	1370	756	19	8317	4262	102	1449	0.0	1026
JAIXMU010000030.1	sp|Q55DQ2|ABCGB_DICDI	40.2	1429	821	19	8488	4262	28	1442	0.0	1014
JAIXMU010000030.1	sp|Q556W2|ABCGH_DICDI	40.1	1370	793	15	8317	4262	117	1476	0.0	1014
JAIXMU010000030.1	sp|Q8T675|ABCGJ_DICDI	41.3	1369	766	18	8317	4262	102	1449	6.25e-318	1004
JAIXMU010000030.1	sp|Q55DR1|ABCGE_DICDI	39.7	1430	827	19	8488	4262	24	1439	1.89e-316	1000
JAIXMU010000030.1	sp|Q8T683|ABCG9_DICDI	42.0	1313	732	17	8158	4262	152	1448	8.52e-316	998
JAIXMU010000030.1	sp|Q54CG0|ABCGA_DICDI	40.2	1379	775	18	8317	4262	110	1466	1.07e-311	987
JAIXMU010000030.1	sp|Q55GB1|ABCGF_DICDI	39.0	1374	797	19	8317	4262	121	1475	1.82e-305	969
JAIXMU010000030.1	sp|A0A1U8QKX8|ATRB_EMENI	39.4	1426	819	26	8464	4262	17	1422	2.35e-299	950
JAIXMU010000030.1	sp|P41820|BFR1_SCHPO	37.2	1456	821	25	8452	4265	95	1516	5.99e-291	929
JAIXMU010000030.1	sp|Q4WDD4|ATRF_ASPFU	37.5	1457	840	23	8506	4268	87	1516	3.34e-290	928
JAIXMU010000030.1	sp|Q6FQN3|SNQ2_CANGA	39.2	1334	763	23	8182	4268	169	1483	3.49e-290	926
JAIXMU010000030.1	sp|Q2TXA7|ATRA_ASPOR	38.2	1412	826	20	8422	4265	79	1469	1.07e-289	924
JAIXMU010000030.1	sp|B8NDS8|ATRF_ASPFN	38.2	1409	807	21	8377	4268	119	1502	6.75e-289	924
JAIXMU010000030.1	sp|P32568|SNQ2_YEAST	38.7	1332	772	24	8182	4265	167	1480	3.66e-284	909
JAIXMU010000030.1	sp|Q4WWW3|ATRI_ASPFU	38.3	1396	818	19	8377	4265	81	1458	3.88e-284	907
JAIXMU010000030.1	sp|A0A1U8QT10|ATRA_EMENI	37.7	1407	834	19	8410	4265	71	1459	1.05e-279	894
JAIXMU010000030.1	sp|P53756|PDR18_YEAST	38.7	1318	753	23	8182	4331	37	1333	2.54e-279	888
JAIXMU010000030.1	sp|E9RBG1|ABCC_ASPFU	36.5	1450	871	23	8518	4265	58	1489	4.80e-279	894
JAIXMU010000030.1	sp|F2SHL1|MDR1_TRIRC	38.1	1385	803	21	8317	4265	150	1513	5.27e-275	884
JAIXMU010000030.1	sp|Q02785|PDR12_YEAST	37.2	1438	848	25	8485	4268	55	1469	9.19e-275	882
JAIXMU010000030.1	sp|F2PLH2|MDR1_TRIEC	37.7	1415	818	23	8377	4265	128	1522	1.54e-273	880
JAIXMU010000030.1	sp|A0A059J0G5|MDR1_TRIIM	37.5	1415	820	22	8377	4265	128	1522	2.09e-273	880
JAIXMU010000030.1	sp|F2RSQ6|MDR1_TRIT1	37.6	1415	819	23	8377	4265	128	1522	3.85e-273	879
JAIXMU010000030.1	sp|Q2U0M6|ATRG_ASPOR	36.2	1435	870	20	8491	4265	73	1488	8.47e-272	872
JAIXMU010000031.1	sp|Q10289|FAS2_SCHPO	44.9	1713	809	21	13241	8406	3	1681	0.0	1328
JAIXMU010000031.1	sp|P78615|FAS2_EMEND	44.1	1747	813	24	13241	8373	3	1710	0.0	1317
JAIXMU010000031.1	sp|P15368|FAS2_PENPA	44.7	1746	803	23	13241	8373	3	1709	0.0	1305
JAIXMU010000031.1	sp|P19097|FAS2_YEAST	43.5	1761	827	19	13241	8373	3	1733	0.0	1292
JAIXMU010000031.1	sp|Q765N2|FAS2_LACKL	42.8	1752	835	19	13241	8397	5	1725	0.0	1270
JAIXMU010000031.1	sp|G8BAW7|FAS2_CANPC	43.0	1758	819	22	13241	8409	3	1724	0.0	1266
JAIXMU010000031.1	sp|P43098|FAS2_CANAX	43.4	1760	811	24	13241	8409	3	1725	0.0	1261
JAIXMU010000031.1	sp|Q2TXF0|ORYA_ASPOR	42.2	1657	853	30	13244	8409	6	1603	0.0	1109
JAIXMU010000031.1	sp|Q5AV00|ATNF_EMENI	41.0	1665	893	27	13247	8418	6	1636	0.0	1105
JAIXMU010000031.1	sp|P34229|FAS1_YARLI	37.9	1824	1048	35	18545	13257	282	2081	0.0	1099
JAIXMU010000031.1	sp|P34731|FAS1_CANAX	37.8	1815	1037	33	18545	13263	257	2033	0.0	1096
JAIXMU010000031.1	sp|Q9UUG0|FAS1_SCHPO	38.0	1841	1031	40	18554	13260	263	2068	0.0	1071
JAIXMU010000031.1	sp|S0DL59|APF5_GIBF5	39.4	1670	886	29	13241	8409	3	1605	0.0	1065
JAIXMU010000031.1	sp|Q92215|TOXC_COCCA	36.6	1812	1073	30	18545	13260	272	2057	0.0	1048
JAIXMU010000031.1	sp|P07149|FAS1_YEAST	36.2	1813	1068	28	18545	13263	270	2045	0.0	1044
JAIXMU010000031.1	sp|I1R9A6|GRA9_GIBZE	39.3	1671	866	33	13235	8409	5	1589	0.0	1031
JAIXMU010000031.1	sp|Q5AV07|ATNM_EMENI	36.9	1824	1064	35	18545	13248	312	2106	7.62e-317	1025
JAIXMU010000031.1	sp|Q5B7V0|PKIB_EMENI	38.5	1479	867	18	12788	8409	142	1596	9.40e-312	999
JAIXMU010000031.1	sp|M2YJJ3|HEXA_DOTSN	39.1	1483	832	17	12791	8373	85	1506	4.79e-307	982
JAIXMU010000031.1	sp|Q2TXG3|ORYB_ASPOR	35.6	1813	1054	39	18539	13275	266	2022	1.03e-300	975
JAIXMU010000031.1	sp|Q8TGA2|AFLA_ASPPU	37.9	1488	853	20	12791	8373	73	1504	1.03e-282	910
JAIXMU010000031.1	sp|M2XHU6|HEXB_DOTSN	33.6	1817	1091	39	18542	13272	140	1900	1.42e-273	892
JAIXMU010000031.1	sp|Q8TGA1|AFLB_ASPPU	34.1	1805	1087	34	18548	13272	137	1884	6.54e-272	886
JAIXMU010000031.1	sp|Q00681|STCJ_EMENI	37.8	1486	761	22	12791	8376	66	1402	2.29e-266	859
JAIXMU010000031.1	sp|Q00706|STCK_EMENI	33.9	1849	1055	48	18545	13272	135	1907	4.44e-254	835
JAIXMU010000032.1	sp|Q01576|ACSA_PHYB8	62.7	657	241	3	18105	20066	6	661	1.97e-274	846
JAIXMU010000032.1	sp|P16929|ACSA_NEUCR	61.2	654	251	3	18111	20072	14	664	5.63e-274	845
JAIXMU010000032.1	sp|A8PDE3|ACSA_COPC7	61.2	654	248	3	18129	20075	8	660	2.63e-268	828
JAIXMU010000032.1	sp|O13440|ACSA_COPCI	61.0	654	249	3	18129	20075	8	660	3.58e-268	828
JAIXMU010000032.1	sp|P16928|ACSA_EMENI	60.8	636	247	2	18177	20084	37	670	3.32e-263	814
JAIXMU010000032.1	sp|Q750T7|ACS2_ASHGO	59.8	652	245	1	18180	20084	33	684	3.39e-261	809
JAIXMU010000032.1	sp|P52910|ACS2_YEAST	58.6	643	254	1	18174	20066	31	673	5.44e-261	808
JAIXMU010000032.1	sp|P36333|ACSA_PENCH	60.3	634	249	3	18183	20084	39	669	7.18e-260	804
JAIXMU010000032.1	sp|Q6FXI2|ACS2_CANGA	56.6	661	275	1	18111	20057	11	671	4.82e-258	800
JAIXMU010000032.1	sp|Q9Y7B5|ACS2_KLULA	57.9	643	259	1	18174	20066	32	674	1.49e-256	795
JAIXMU010000032.1	sp|Q96VC7|ACS2_ZYGBA	58.8	633	257	1	18180	20066	33	665	6.86e-256	793
JAIXMU010000032.1	sp|O94049|ACS1_CANAX	57.9	656	267	3	18141	20081	20	675	1.73e-255	792
JAIXMU010000032.1	sp|Q6BS00|ACS2_DEBHA	59.6	628	244	2	18183	20036	35	662	3.79e-253	785
JAIXMU010000032.1	sp|P78773|ACSA_SCHPO	58.3	652	270	2	18129	20084	11	660	3.82e-253	785
JAIXMU010000032.1	sp|Q6BQF2|ACS1_DEBHA	57.2	645	269	3	18168	20081	27	671	3.36e-252	782
JAIXMU010000032.1	sp|Q8NJN3|ACS2_CANAL	57.1	636	271	1	18183	20084	35	670	1.98e-244	760
JAIXMU010000032.1	sp|Q54Z60|ACSA_DICDI	54.6	668	287	4	18111	20084	11	672	1.22e-242	755
JAIXMU010000032.1	sp|Q0AAW0|ACSA_ALKEH	57.7	643	263	5	18129	20057	6	639	2.75e-242	753
JAIXMU010000032.1	sp|Q01574|ACS1_YEAST	58.0	641	255	5	18177	20057	68	708	4.93e-240	749
JAIXMU010000032.1	sp|Q6FLU2|ACS1_CANGA	57.1	644	257	5	18177	20057	58	699	2.28e-239	747
JAIXMU010000032.1	sp|Q9HV66|ACSA2_PSEAE	58.3	619	255	3	18201	20057	24	639	2.11e-238	741
JAIXMU010000032.1	sp|Q758X0|ACS1_ASHGO	57.1	644	263	4	18174	20066	49	692	1.04e-236	739
JAIXMU010000032.1	sp|A1WY97|ACSA_HALHL	56.5	643	271	4	18129	20057	6	639	4.73e-235	732
JAIXMU010000032.1	sp|O60011|ACS1_KLULA	57.2	633	257	5	18198	20057	71	702	1.68e-234	733
JAIXMU010000032.1	sp|A0LG91|ACSA_SYNFM	57.6	621	258	5	18201	20060	23	639	2.29e-233	727
JAIXMU010000033.1	sp|Q8TG13|CSK2A_NEUCR	75.5	326	80	0	17549	16572	2	327	6.18e-165	516
JAIXMU010000033.1	sp|P28523|CSK2A_MAIZE	71.9	334	92	1	17558	16557	1	332	1.06e-160	504
JAIXMU010000033.1	sp|Q9AR27|HD6_ORYSI	73.1	323	87	0	17558	16590	1	323	2.04e-160	503
JAIXMU010000033.1	sp|B6F107|HD6_ORYSJ	73.1	323	87	0	17558	16590	1	323	2.04e-160	503
JAIXMU010000033.1	sp|Q08466|CSK22_ARATH	72.5	324	89	0	17561	16590	70	393	1.38e-159	504
JAIXMU010000033.1	sp|O76484|CSK2A_SPOFR	69.6	335	102	0	17561	16557	5	339	2.35e-158	498
JAIXMU010000033.1	sp|O64816|CSK2P_ARATH	73.0	322	87	0	17555	16590	100	421	3.97e-157	498
JAIXMU010000033.1	sp|Q08467|CSK21_ARATH	72.1	323	90	0	17558	16590	77	399	1.12e-156	496
JAIXMU010000033.1	sp|P21868|CSK21_CHICK	70.2	326	97	0	17570	16593	2	327	2.03e-156	494
JAIXMU010000033.1	sp|P28020|CSK21_XENLA	70.2	326	97	0	17570	16593	2	327	2.86e-156	494
JAIXMU010000033.1	sp|Q60737|CSK21_MOUSE	68.5	336	106	0	17570	16563	2	337	9.51e-156	493
JAIXMU010000033.1	sp|P68399|CSK21_BOVIN	70.2	326	97	0	17570	16593	2	327	1.76e-155	492
JAIXMU010000033.1	sp|P68400|CSK21_HUMAN	70.2	326	97	0	17570	16593	2	327	1.76e-155	492
JAIXMU010000033.1	sp|P19139|CSK21_RAT	70.2	326	97	0	17570	16593	2	327	1.76e-155	492
JAIXMU010000033.1	sp|P08181|CSK2A_DROME	70.3	323	96	0	17561	16593	3	325	2.11e-155	489
JAIXMU010000033.1	sp|P33674|CSK21_RABIT	70.2	326	97	0	17570	16593	2	327	1.13e-154	489
JAIXMU010000033.1	sp|O64817|CSK23_ARATH	70.3	323	96	0	17558	16590	1	323	1.21e-154	487
JAIXMU010000033.1	sp|Q8NEV1|CSK23_HUMAN	69.3	326	100	0	17570	16593	2	327	2.47e-153	486
JAIXMU010000033.1	sp|P40231|CSK2A_SCHPO	68.3	328	104	0	17573	16590	5	332	1.65e-152	481
JAIXMU010000033.1	sp|Q02720|CSK2A_DICDI	71.6	320	91	0	17552	16593	16	335	6.80e-152	479
JAIXMU010000033.1	sp|P20427|CSK22_BOVIN	68.6	331	103	1	17555	16566	8	338	2.02e-151	478
JAIXMU010000033.1	sp|O54833|CSK22_MOUSE	69.8	321	97	0	17555	16593	8	328	3.74e-151	478
JAIXMU010000033.1	sp|P21869|CSK22_CHICK	67.3	336	110	0	17555	16548	8	343	6.94e-151	477
JAIXMU010000033.1	sp|P19784|CSK22_HUMAN	68.0	331	105	1	17555	16566	8	338	1.76e-150	476
JAIXMU010000033.1	sp|P18334|CSK2A_CAEEL	67.4	334	109	0	17561	16560	4	337	2.98e-149	473
JAIXMU010000034.1	sp|Q10138|YAS2_SCHPO	34.5	415	249	8	14243	13038	10	414	2.02e-56	208
JAIXMU010000034.1	sp|Q757H2|CSR1_ASHGO	32.4	318	206	2	13961	13035	118	435	7.03e-47	180
JAIXMU010000034.1	sp|I1S4N7|BECN1_GIBZE	42.9	217	105	3	15599	16192	260	476	3.70e-37	153
JAIXMU010000034.1	sp|Q9VCE1|BECN1_DROME	32.7	333	201	8	15221	16192	99	417	1.75e-35	146
JAIXMU010000034.1	sp|P87117|BECN1_SCHPO	28.9	346	222	5	15197	16192	122	457	1.99e-32	138
JAIXMU010000034.1	sp|Q9VYV3|TXND5_DROME	28.4	299	148	8	8195	7308	39	274	3.12e-27	122
JAIXMU010000034.1	sp|Q8NBS9|TXND5_HUMAN	27.1	280	133	7	8141	7317	81	294	1.46e-24	114
JAIXMU010000034.1	sp|A1A4P5|PFD2_BOVIN	48.7	113	58	0	6055	6393	16	128	6.73e-24	104
JAIXMU010000034.1	sp|Q9UHV9|PFD2_HUMAN	48.7	113	58	0	6055	6393	16	128	6.73e-24	104
JAIXMU010000034.1	sp|O70591|PFD2_MOUSE	47.8	113	59	0	6055	6393	16	128	4.31e-23	102
JAIXMU010000034.1	sp|B0BN18|PFD2_RAT	47.8	113	59	0	6055	6393	16	128	4.31e-23	102
JAIXMU010000034.1	sp|Q55CC5|BECNA_DICDI	35.9	181	100	4	15677	16192	1175	1348	9.68e-22	109
JAIXMU010000034.1	sp|Q9UTC9|PFD2_SCHPO	42.6	108	61	1	6070	6390	5	112	6.52e-21	94.7
JAIXMU010000034.1	sp|Q9LJ98|PFD2_ARATH	39.7	121	66	1	6052	6393	1	121	7.29e-19	90.1
JAIXMU010000034.1	sp|Q922R8|PDIA6_MOUSE	26.7	281	140	8	8150	7329	44	265	5.98e-18	94.4
JAIXMU010000034.1	sp|Q63081|PDIA6_RAT	26.4	280	140	8	8147	7329	45	265	2.52e-17	92.4
JAIXMU010000034.1	sp|Q15084|PDIA6_HUMAN	25.0	280	144	8	8147	7329	45	265	7.93e-17	90.9
JAIXMU010000034.1	sp|Q5R6T1|PDIA6_PONAB	25.0	280	144	8	8147	7329	45	265	7.93e-17	90.9
JAIXMU010000034.1	sp|Q9MAU6|PDI22_ARATH	24.7	227	138	4	8552	7953	26	246	1.12e-16	90.5
JAIXMU010000034.1	sp|Q55GN3|PFD2_DICDI	40.4	114	61	1	6073	6393	2	115	1.44e-16	82.4
JAIXMU010000034.1	sp|P38660|PDIA6_MESAU	25.0	280	144	8	8147	7329	45	265	7.76e-16	87.8
JAIXMU010000034.1	sp|O48773|PDI23_ARATH	24.6	224	139	4	8552	7953	24	241	1.04e-15	87.4
JAIXMU010000034.1	sp|P46250|SEC14_CANAL	30.7	215	127	7	13901	13314	55	266	5.23e-15	83.2
JAIXMU010000034.1	sp|P24280|SEC14_YEAST	32.1	215	126	8	13901	13311	55	267	3.25e-14	80.9
JAIXMU010000034.1	sp|Q9SRG3|PDI12_ARATH	24.1	353	235	13	7619	6606	31	365	8.04e-14	82.0
JAIXMU010000035.1	sp|Q8TGM7|ART2_YEAST	74.5	47	12	0	9200	9060	5	51	5.18e-14	73.2
JAIXMU010000035.1	sp|Q3E811|RRT15_YEAST	68.9	45	14	0	9200	9066	5	49	5.14e-11	64.7
JAIXMU010000035.1	sp|P0C5P9|YL54B_YEAST	81.5	27	5	0	7113	7033	26	52	3.25e-06	50.8
JAIXMU010000035.1	sp|P0C5Q0|YL54F_YEAST	82.1	28	5	0	5524	5441	18	45	6.80e-06	49.7
JAIXMU010000036.1	sp|Q766Z3|REV3_ARATH	43.2	727	353	10	16341	18506	1191	1862	1.31e-163	564
JAIXMU010000036.1	sp|O60673|REV3L_HUMAN	42.7	749	361	13	16281	18503	2421	3109	1.32e-157	557
JAIXMU010000036.1	sp|Q61493|REV3L_MOUSE	49.9	565	275	5	16371	18059	2448	3006	5.81e-156	552
JAIXMU010000036.1	sp|P14284|DPOZ_YEAST	47.1	590	302	6	16317	18077	799	1381	1.11e-153	525
JAIXMU010000036.1	sp|Q9GSR1|DPOZ_DROME	42.8	715	347	13	16371	18500	1450	2107	2.92e-152	533
JAIXMU010000036.1	sp|Q9P6L6|DPOZ_SCHPO	44.5	609	323	6	16239	18053	753	1350	1.40e-143	494
JAIXMU010000036.1	sp|Q4WR17|HELB1_ASPFU	43.0	495	276	2	9423	7939	77	565	1.59e-122	405
JAIXMU010000036.1	sp|Q4WR18|HELB2_ASPFU	39.2	497	289	5	9411	7936	17	505	8.88e-112	371
JAIXMU010000036.1	sp|Q4WR22|HELB4_ASPFU	38.0	492	297	3	9411	7939	18	502	8.14e-108	359
JAIXMU010000036.1	sp|Q4WR20|HELB3_ASPFU	36.9	493	298	5	9411	7942	20	502	1.93e-100	338
JAIXMU010000036.1	sp|P46588|DPOD_CANAX	30.3	588	370	12	16266	18008	346	900	9.87e-69	259
JAIXMU010000036.1	sp|Q54N97|DPOD1_DICDI	30.7	570	352	12	16356	18044	449	982	3.44e-68	258
JAIXMU010000036.1	sp|P28339|DPOD1_BOVIN	31.1	559	344	11	16356	18008	443	968	1.07e-66	253
JAIXMU010000036.1	sp|P52431|DPOD1_MOUSE	31.3	559	343	12	16356	18008	442	967	2.48e-66	252
JAIXMU010000036.1	sp|P28340|DPOD1_HUMAN	31.2	554	340	11	16371	18008	449	969	3.36e-66	252
JAIXMU010000036.1	sp|O54747|DPOD1_RAT	30.4	559	348	11	16356	18008	440	965	4.18e-65	248
JAIXMU010000036.1	sp|P54358|DPOD1_DROME	30.4	556	354	10	16356	18008	428	955	1.18e-64	247
JAIXMU010000036.1	sp|P97283|DPOD1_MESAU	30.4	559	348	11	16356	18008	440	965	3.04e-64	246
JAIXMU010000036.1	sp|Q9LVN7|DPOD1_ARATH	30.1	561	356	11	16356	18020	440	970	6.66e-64	244
JAIXMU010000036.1	sp|Q9LRE6|DPOD1_ORYSJ	29.7	579	371	12	16293	18008	425	974	7.23e-64	244
JAIXMU010000036.1	sp|O48901|DPOD1_SOYBN	28.6	573	371	12	16293	17987	382	924	6.07e-63	241
JAIXMU010000036.1	sp|P90829|DPOD1_CAEEL	30.8	590	357	13	16290	18008	384	939	7.61e-63	241
JAIXMU010000036.1	sp|P30315|DPOD1_PLAFK	28.8	565	365	11	16371	18047	443	976	4.22e-60	233
JAIXMU010000036.1	sp|P15436|DPOD_YEAST	28.5	571	363	15	16335	18023	442	975	1.59e-53	212
JAIXMU010000036.1	sp|Q2HRD0|DPOL_HHV8P	26.3	589	351	15	16356	17987	427	977	2.50e-43	179
JAIXMU010000037.1	sp|O13285|IDH1_CANTR	61.8	411	149	4	8685	7456	27	430	2.56e-162	513
JAIXMU010000037.1	sp|P79089|IDHP_ASPNG	59.8	418	159	5	8712	7462	81	490	7.33e-157	500
JAIXMU010000037.1	sp|O13294|IDH2_CANTR	59.9	411	155	5	8682	7456	5	407	5.77e-155	491
JAIXMU010000037.1	sp|Q75JR2|IDHP_DICDI	57.7	416	167	4	8694	7450	21	428	2.66e-154	490
JAIXMU010000037.1	sp|Q8LPJ5|ICDHP_ARATH	57.8	412	169	2	8697	7462	69	475	6.65e-153	488
JAIXMU010000037.1	sp|Q06197|IDHC_SOYBN	58.9	416	161	4	8691	7459	2	412	5.53e-152	483
JAIXMU010000037.1	sp|O14254|IDHP_SCHPO	55.6	421	179	3	8709	7453	24	438	6.45e-151	481
JAIXMU010000037.1	sp|P21954|IDHP_YEAST	57.4	420	169	5	8706	7456	10	422	8.14e-151	480
JAIXMU010000037.1	sp|P33198|IDHP_PIG	56.2	409	172	4	8682	7462	11	414	1.61e-150	479
JAIXMU010000037.1	sp|Q9SLK0|ICDHX_ARATH	57.5	414	171	2	8682	7441	4	412	1.83e-150	478
JAIXMU010000037.1	sp|Q04467|IDHP_BOVIN	56.7	409	170	4	8682	7462	42	445	3.49e-150	479
JAIXMU010000037.1	sp|P50218|IDHC_TOBAC	57.5	416	167	4	8679	7447	5	415	4.47e-150	477
JAIXMU010000037.1	sp|Q40345|IDHP_MEDSA	58.6	408	163	3	8682	7462	25	427	4.54e-150	478
JAIXMU010000037.1	sp|P54071|IDHP_MOUSE	56.5	409	171	4	8682	7462	42	445	4.75e-150	479
JAIXMU010000037.1	sp|P50217|IDHC_SOLTU	57.9	418	165	5	8682	7447	4	416	8.59e-150	476
JAIXMU010000037.1	sp|P56574|IDHP_RAT	56.5	409	171	4	8682	7462	42	445	8.80e-150	478
JAIXMU010000037.1	sp|Q4R502|IDHP_MACFA	56.3	410	170	5	8682	7462	42	445	1.20e-149	478
JAIXMU010000037.1	sp|P48735|IDHP_HUMAN	56.3	410	170	5	8682	7462	42	445	2.22e-149	477
JAIXMU010000037.1	sp|Q9SRZ6|ICDHC_ARATH	57.6	408	165	3	8682	7462	4	404	3.26e-149	474
JAIXMU010000037.1	sp|Q75JR3|IDHC_DICDI	58.2	416	163	5	8682	7447	3	411	6.48e-149	474
JAIXMU010000037.1	sp|P65098|IDH_MYCBO	59.0	410	160	3	8685	7456	4	405	3.72e-148	471
JAIXMU010000037.1	sp|P9WKL0|IDH_MYCTO	59.0	410	160	3	8685	7456	4	405	3.72e-148	471
JAIXMU010000037.1	sp|P9WKL1|IDH_MYCTU	59.0	410	160	3	8685	7456	4	405	3.72e-148	471
JAIXMU010000037.1	sp|Q9Z2K9|IDHC_MICME	57.1	408	167	5	8658	7444	10	412	2.52e-144	461
JAIXMU010000037.1	sp|Q9Z2K8|IDHC_MICOH	56.9	408	168	5	8658	7444	10	412	6.36e-144	459
JAIXMU010000038.1	sp|Q55EZ4|INT3_DICDI	37.2	113	69	1	2734	3066	259	371	4.95e-11	73.9
JAIXMU010000039.1	sp|Q7XPY2|PMA1_ORYSJ	60.8	802	302	8	4520	2130	45	839	1.43e-291	907
JAIXMU010000039.1	sp|Q9SU58|PMA4_ARATH	60.6	805	303	9	4520	2130	53	851	2.66e-291	907
JAIXMU010000039.1	sp|Q9LV11|PMA11_ARATH	60.1	805	307	9	4520	2130	49	847	2.00e-290	904
JAIXMU010000039.1	sp|Q08435|PMA1_NICPL	60.2	805	306	9	4520	2130	50	848	4.50e-289	900
JAIXMU010000039.1	sp|Q42556|PMA9_ARATH	59.6	800	315	7	4520	2130	50	844	1.89e-288	899
JAIXMU010000039.1	sp|Q08436|PMA3_NICPL	60.4	805	305	9	4520	2130	49	847	1.75e-287	896
JAIXMU010000039.1	sp|P20431|PMA3_ARATH	54.6	888	391	7	4520	1878	46	928	1.87e-287	895
JAIXMU010000039.1	sp|P22180|PMA1_SOLLC	59.9	803	312	8	4520	2130	49	847	4.40e-287	895
JAIXMU010000039.1	sp|Q03194|PMA4_NICPL	58.6	806	326	7	4520	2112	48	848	1.31e-286	893
JAIXMU010000039.1	sp|P19456|PMA2_ARATH	55.6	895	371	12	4520	1878	45	927	8.53e-285	888
JAIXMU010000039.1	sp|Q9SH76|PMA6_ARATH	59.1	801	317	8	4520	2130	48	841	3.02e-284	886
JAIXMU010000039.1	sp|P83970|PMA1_WHEAT	59.4	800	317	7	4520	2130	45	839	1.11e-283	885
JAIXMU010000039.1	sp|P20649|PMA1_ARATH	58.7	806	325	7	4520	2112	45	845	1.92e-283	884
JAIXMU010000039.1	sp|Q9M2A0|PMA8_ARATH	58.2	801	325	6	4520	2130	48	842	4.66e-283	883
JAIXMU010000039.1	sp|Q9SJB3|PMA5_ARATH	57.3	806	336	7	4520	2112	45	845	1.96e-279	872
JAIXMU010000039.1	sp|Q43128|PMA10_ARATH	57.4	799	333	6	4520	2130	53	846	2.99e-274	857
JAIXMU010000039.1	sp|Q9LY32|PMA7_ARATH	56.7	811	331	7	4520	2130	48	852	4.17e-271	849
JAIXMU010000039.1	sp|P54679|PMA1_DICDI	49.3	831	363	15	4517	2112	197	998	2.66e-216	694
JAIXMU010000039.1	sp|P23980|PMA2_SOLLC	57.3	600	243	8	3905	2130	1	595	9.29e-198	627
JAIXMU010000039.1	sp|P54211|PMA1_DUNBI	41.7	923	395	14	4517	2130	66	972	1.62e-182	599
JAIXMU010000039.1	sp|P54210|PMA1_DUNAC	42.7	852	388	11	4517	2214	69	904	1.72e-178	586
JAIXMU010000039.1	sp|Q9T0E0|PMAX_ARATH	42.1	807	366	12	4520	2112	49	758	1.50e-169	550
JAIXMU010000039.1	sp|Q58623|Y1226_METJA	39.6	806	432	17	4520	2133	35	795	6.56e-151	495
JAIXMU010000039.1	sp|P05030|PMA1_YEAST	38.3	817	448	17	4520	2121	100	877	9.00e-136	455
JAIXMU010000039.1	sp|P07038|PMA1_NEUCR	38.8	786	427	15	4520	2214	100	848	4.33e-135	453
JAIXMU010000004.1	sp|Q9Z2Q4|METH_RAT	63.5	1233	444	4	760343	764032	22	1251	0.0	1592
JAIXMU010000004.1	sp|Q4JIJ3|METH_BOVIN	65.1	1233	423	5	760343	764032	35	1263	0.0	1591
JAIXMU010000004.1	sp|A6H5Y3|METH_MOUSE	63.9	1234	437	6	760343	764032	22	1251	0.0	1580
JAIXMU010000004.1	sp|Q99707|METH_HUMAN	64.2	1233	435	5	760343	764032	35	1263	0.0	1573
JAIXMU010000004.1	sp|Q09582|METH_CAEEL	62.8	1232	449	7	760343	764032	23	1247	0.0	1521
JAIXMU010000004.1	sp|A8XY95|METH_CAEBR	61.3	1257	454	9	760343	764035	23	1272	0.0	1498
JAIXMU010000004.1	sp|Q54P92|METH_DICDI	60.2	1238	473	8	760343	764032	29	1254	0.0	1460
JAIXMU010000004.1	sp|Q10094|YAOF_SCHPO	53.4	1323	561	13	487121	491047	3	1283	0.0	1320
JAIXMU010000004.1	sp|Q8DCJ7|METH_VIBVU	54.5	1228	529	9	760343	764017	22	1222	0.0	1299
JAIXMU010000004.1	sp|Q87L95|METH_VIBPA	54.7	1229	525	10	760343	764017	22	1222	0.0	1298
JAIXMU010000004.1	sp|Q7MHB1|METH_VIBVY	54.3	1228	531	9	760343	764017	22	1222	0.0	1298
JAIXMU010000004.1	sp|O14841|OPLA_HUMAN	53.4	1331	510	17	487127	491047	10	1254	0.0	1295
JAIXMU010000004.1	sp|Q9KUW9|METH_VIBCH	54.2	1231	532	10	760343	764023	22	1224	0.0	1295
JAIXMU010000004.1	sp|P97608|OPLA_RAT	53.3	1327	518	19	487127	491047	10	1254	0.0	1293
JAIXMU010000004.1	sp|Q5E814|METH_ALIF1	53.8	1232	537	9	760343	764026	23	1226	0.0	1291
JAIXMU010000004.1	sp|Q8K010|OPLA_MOUSE	53.3	1333	519	21	487112	491047	5	1254	0.0	1290
JAIXMU010000004.1	sp|Q9AJQ8|METH_ALIFS	53.9	1233	535	10	760343	764026	23	1226	0.0	1288
JAIXMU010000004.1	sp|Q75WB5|OPLA_BOVIN	53.6	1331	508	22	487127	491047	10	1254	0.0	1287
JAIXMU010000004.1	sp|P13009|METH_ECOLI	54.4	1234	530	10	760343	764032	21	1225	0.0	1284
JAIXMU010000004.1	sp|P37586|METH_SALTY	54.3	1233	533	10	760343	764032	21	1225	0.0	1278
JAIXMU010000004.1	sp|Q9I2Q2|METH_PSEAE	55.1	1233	524	12	760343	764032	28	1233	0.0	1275
JAIXMU010000004.1	sp|Q9FIZ7|OPLA_ARATH	50.4	1338	556	15	487118	491050	8	1264	0.0	1233
JAIXMU010000004.1	sp|P28273|OPLA_YEAST	49.4	1333	603	19	487112	491050	3	1283	0.0	1206
JAIXMU010000004.1	sp|Q54NW6|OPLA_DICDI	48.9	1335	576	19	487112	491050	7	1257	0.0	1195
JAIXMU010000004.1	sp|Q10093|YAOE_SCHPO	48.6	1325	598	19	487112	491047	2	1256	0.0	1181
JAIXMU010000040.1	sp|A4RDI6|MAP2_MAGO7	64.2	371	126	2	13868	14959	73	443	4.59e-151	481
JAIXMU010000040.1	sp|Q7S7L7|MAP2_NEUCR	65.8	368	119	2	13877	14959	70	437	4.40e-150	478
JAIXMU010000040.1	sp|B8LUH2|MAP21_TALSN	65.5	362	118	2	13895	14959	82	443	5.42e-150	478
JAIXMU010000040.1	sp|Q0CL94|MAP22_ASPTN	64.9	368	122	2	13877	14959	78	445	1.47e-149	477
JAIXMU010000040.1	sp|B6Q1N3|MAP21_TALMQ	64.6	362	121	2	13895	14959	81	442	1.80e-149	476
JAIXMU010000040.1	sp|C4R2P3|MAP2_KOMPG	65.4	358	120	1	13898	14959	91	448	4.11e-149	476
JAIXMU010000040.1	sp|A1CXT5|MAP21_NEOFI	65.2	368	121	2	13877	14959	77	444	4.87e-149	475
JAIXMU010000040.1	sp|B0Y5N4|MAP22_ASPFC	65.5	368	120	2	13877	14959	105	472	6.92e-149	476
JAIXMU010000040.1	sp|Q4WNT9|MAP23_ASPFU	65.5	368	120	2	13877	14959	105	472	6.92e-149	476
JAIXMU010000040.1	sp|O60085|MAP2_SCHPO	63.5	362	131	1	13877	14959	65	426	8.93e-149	474
JAIXMU010000040.1	sp|C7YS77|MAP21_FUSV7	64.1	368	125	2	13877	14959	78	445	1.73e-148	474
JAIXMU010000040.1	sp|Q5B4X6|MAP21_EMENI	65.1	375	121	3	13865	14959	74	448	1.92e-148	474
JAIXMU010000040.1	sp|B8NA06|MAP21_ASPFN	64.5	372	125	2	13865	14959	74	445	3.21e-148	473
JAIXMU010000040.1	sp|Q2GYA8|MAP22_CHAGB	63.9	368	126	2	13877	14959	72	439	4.19e-147	469
JAIXMU010000040.1	sp|D1ZEN1|MAP2_SORMK	64.9	370	121	3	13877	14959	69	438	1.39e-146	468
JAIXMU010000040.1	sp|E3QW41|MAP22_COLGM	63.8	367	127	1	13877	14959	74	440	2.77e-146	467
JAIXMU010000040.1	sp|C5P8Q4|MAP2_COCP7	64.8	372	120	4	13877	14959	81	452	3.08e-146	468
JAIXMU010000040.1	sp|E3L3Q8|MAP2_PUCGT	62.5	373	132	2	13865	14959	84	456	4.81e-146	467
JAIXMU010000040.1	sp|A2QHX0|MAP22_ASPNC	63.1	374	131	2	13859	14959	58	431	6.95e-146	466
JAIXMU010000040.1	sp|B2B738|MAP2_PODAN	64.1	368	125	2	13877	14959	78	445	8.30e-146	466
JAIXMU010000040.1	sp|E5R4J3|MAP22_LEPMJ	63.2	372	130	2	13865	14959	80	451	1.02e-145	466
JAIXMU010000040.1	sp|C4JSX6|MAP2_UNCRE	64.2	372	122	4	13877	14959	79	450	1.83e-145	465
JAIXMU010000040.1	sp|C5FF46|MAP22_ARTOC	63.2	372	126	4	13877	14959	76	447	2.24e-145	465
JAIXMU010000040.1	sp|E5R3Z8|MAP22_ARTGP	63.7	372	124	4	13877	14959	78	449	3.27e-145	464
JAIXMU010000040.1	sp|D4DE65|MAP2_TRIVH	63.2	372	126	4	13877	14959	78	449	4.46e-145	464
JAIXMU010000041.1	sp|Q8TGM7|ART2_YEAST	74.5	47	12	0	1034	1174	5	51	3.93e-14	73.2
JAIXMU010000041.1	sp|Q3E811|RRT15_YEAST	68.9	45	14	0	1034	1168	5	49	3.90e-11	64.7
JAIXMU010000041.1	sp|P0C5P9|YL54B_YEAST	81.5	27	5	0	3121	3201	26	52	2.47e-06	50.8
JAIXMU010000041.1	sp|P0C5Q0|YL54F_YEAST	82.1	28	5	0	4710	4793	18	45	5.16e-06	49.7
JAIXMU010000042.1	sp|B4NP05|INT3_DROWI	37.7	138	85	1	2926	3336	221	358	1.44e-16	91.7
JAIXMU010000042.1	sp|B3N449|INT3_DROER	36.2	138	87	1	2926	3336	219	356	2.46e-16	90.9
JAIXMU010000042.1	sp|Q7PLS8|INT3_DROME	36.2	138	87	1	2926	3336	219	356	5.52e-16	89.7
JAIXMU010000042.1	sp|B4IMI7|INT3_DROSE	36.2	138	87	1	2926	3336	219	356	5.52e-16	89.7
JAIXMU010000042.1	sp|B4LQY8|INT3_DROVI	35.5	138	88	1	2926	3336	219	356	9.53e-16	89.0
JAIXMU010000042.1	sp|B4JPR2|INT3_DROGR	35.5	138	88	1	2926	3336	224	361	9.55e-16	89.0
JAIXMU010000042.1	sp|B4ISV0|INT3_DROYA	35.5	138	88	1	2926	3336	219	356	1.24e-15	88.6
JAIXMU010000042.1	sp|B4KJ11|INT3_DROMO	35.5	138	88	1	2926	3336	219	356	2.14e-15	87.8
JAIXMU010000043.1	sp|P87320|MSP1_SCHPO	57.2	264	108	2	7608	8399	213	471	1.47e-78	285
JAIXMU010000043.1	sp|P32266|MGM1_YEAST	55.8	274	105	2	7608	8393	147	416	2.77e-76	278
JAIXMU010000043.1	sp|Q94464|DYNA_DICDI	45.2	241	118	6	7689	8387	3	237	1.27e-41	171
JAIXMU010000043.1	sp|Q8LFT2|DRP3B_ARATH	44.8	250	126	7	7668	8387	9	256	1.29e-41	171
JAIXMU010000043.1	sp|Q39828|SDL5A_SOYBN	42.0	238	135	3	7683	8387	4	241	1.12e-40	165
JAIXMU010000043.1	sp|Q39821|SDLCA_SOYBN	41.6	238	136	3	7683	8387	4	241	1.12e-40	165
JAIXMU010000043.1	sp|Q8S944|DRP3A_ARATH	46.5	217	108	4	7761	8387	55	271	3.48e-39	163
JAIXMU010000043.1	sp|Q9FNX5|DRP1E_ARATH	40.6	234	130	4	7713	8387	14	247	5.99e-39	160
JAIXMU010000043.1	sp|P21576|VPS1_YEAST	41.5	258	107	4	7746	8387	20	277	6.16e-39	161
JAIXMU010000043.1	sp|Q7SXN5|DNM1L_DANRE	42.6	251	120	7	7680	8387	3	244	3.03e-38	159
JAIXMU010000043.1	sp|Q9U1M9|DYNB_DICDI	39.8	251	121	5	7722	8387	140	389	4.39e-38	160
JAIXMU010000043.1	sp|Q9URZ5|VPS1_SCHPO	40.0	265	133	5	7692	8423	5	264	8.40e-38	157
JAIXMU010000043.1	sp|P54861|DNM1_YEAST	38.4	276	120	7	7704	8387	1	274	9.53e-38	158
JAIXMU010000043.1	sp|P42697|DRP1A_ARATH	40.1	232	133	4	7710	8387	10	241	1.65e-37	155
JAIXMU010000043.1	sp|P27619|DYN_DROME	43.8	219	117	4	7767	8414	24	239	1.94e-37	158
JAIXMU010000043.1	sp|Q8LF21|DRP1C_ARATH	39.6	230	135	4	7710	8387	13	242	2.32e-37	155
JAIXMU010000043.1	sp|Q84XF3|DRP1B_ARATH	40.9	242	134	6	7680	8387	3	241	2.95e-37	155
JAIXMU010000043.1	sp|P21575|DYN1_RAT	44.7	219	115	4	7767	8414	29	244	3.19e-37	157
JAIXMU010000043.1	sp|P39053|DYN1_MOUSE	44.7	219	115	4	7767	8414	29	244	3.23e-37	157
JAIXMU010000043.1	sp|Q08877|DYN3_RAT	42.5	219	120	4	7767	8414	29	244	3.26e-37	157
JAIXMU010000043.1	sp|Q8BZ98|DYN3_MOUSE	42.5	219	120	4	7767	8414	29	244	4.19e-37	157
JAIXMU010000043.1	sp|P39054|DYN2_MOUSE	43.4	219	118	4	7767	8414	29	244	4.33e-37	157
JAIXMU010000043.1	sp|P39052|DYN2_RAT	43.4	219	118	4	7767	8414	29	244	4.33e-37	157
JAIXMU010000043.1	sp|Q08DF4|DYN1_BOVIN	44.3	219	116	4	7767	8414	29	244	5.36e-37	157
JAIXMU010000043.1	sp|Q05193|DYN1_HUMAN	44.3	219	116	4	7767	8414	29	244	5.56e-37	157
JAIXMU010000044.1	sp|Q58623|Y1226_METJA	41.8	799	414	12	5558	7924	10	767	1.72e-172	557
JAIXMU010000044.1	sp|Q08435|PMA1_NICPL	40.9	856	442	19	5591	8062	36	859	3.28e-167	548
JAIXMU010000044.1	sp|P28876|PMA2_SCHPO	42.5	803	411	13	5564	7921	163	931	5.80e-167	549
JAIXMU010000044.1	sp|Q9SH76|PMA6_ARATH	41.4	851	440	18	5591	8062	34	852	8.84e-167	546
JAIXMU010000044.1	sp|P19456|PMA2_ARATH	42.2	816	418	14	5591	7960	31	818	3.95e-166	544
JAIXMU010000044.1	sp|Q03194|PMA4_NICPL	42.2	837	426	17	5591	8014	34	841	4.42e-166	544
JAIXMU010000044.1	sp|P20431|PMA3_ARATH	41.6	843	422	17	5591	8014	32	839	2.53e-165	542
JAIXMU010000044.1	sp|P05030|PMA1_YEAST	42.2	806	419	13	5546	7921	71	843	2.61e-165	541
JAIXMU010000044.1	sp|P83970|PMA1_WHEAT	40.7	852	445	15	5591	8062	31	850	2.68e-165	542
JAIXMU010000044.1	sp|P49380|PMA1_KLULA	41.1	816	433	13	5516	7921	43	824	2.77e-165	540
JAIXMU010000044.1	sp|P22180|PMA1_SOLLC	41.1	859	436	20	5591	8062	35	858	4.19e-165	541
JAIXMU010000044.1	sp|Q9SU58|PMA4_ARATH	40.5	857	444	20	5591	8062	39	862	8.63e-165	541
JAIXMU010000044.1	sp|Q7XPY2|PMA1_ORYSJ	40.7	852	445	18	5591	8062	31	850	1.67e-164	540
JAIXMU010000044.1	sp|P07038|PMA1_NEUCR	40.8	800	429	12	5564	7921	77	845	4.31e-164	537
JAIXMU010000044.1	sp|Q42556|PMA9_ARATH	40.0	851	453	17	5591	8062	36	855	4.54e-164	538
JAIXMU010000044.1	sp|P20649|PMA1_ARATH	41.8	816	421	15	5591	7960	31	818	5.35e-164	538
JAIXMU010000044.1	sp|Q9M2A0|PMA8_ARATH	40.2	851	451	16	5591	8062	34	853	1.30e-163	537
JAIXMU010000044.1	sp|Q9LV11|PMA11_ARATH	40.8	840	437	18	5591	8014	35	846	2.21e-163	536
JAIXMU010000044.1	sp|Q08436|PMA3_NICPL	41.9	823	414	19	5591	7960	35	826	5.51e-163	535
JAIXMU010000044.1	sp|P19657|PMA2_YEAST	41.8	797	417	13	5573	7921	109	872	5.80e-163	535
JAIXMU010000044.1	sp|P28877|PMA1_CANAX	40.8	800	427	12	5564	7921	54	820	1.11e-162	532
JAIXMU010000044.1	sp|P24545|PMA1_ZYGRO	41.5	804	415	14	5564	7921	79	845	5.69e-162	531
JAIXMU010000044.1	sp|Q9SJB3|PMA5_ARATH	40.8	816	429	15	5591	7960	31	818	1.70e-159	525
JAIXMU010000044.1	sp|Q9LY32|PMA7_ARATH	40.0	867	440	22	5591	8062	34	863	1.75e-159	525
JAIXMU010000044.1	sp|P09627|PMA1_SCHPO	41.3	803	420	11	5564	7921	75	843	4.55e-159	523
JAIXMU010000045.1	sp|A2WXB2|F16P2_ORYSI	60.2	201	79	1	9673	10275	6	205	1.35e-73	253
JAIXMU010000045.1	sp|Q0JHF8|F16P2_ORYSJ	60.2	201	79	1	9673	10275	6	205	1.35e-73	253
JAIXMU010000045.1	sp|Q9SDL8|F16P2_ORYCO	60.2	201	79	1	9673	10275	6	205	1.58e-73	253
JAIXMU010000045.1	sp|P14766|F16P2_SPIOL	58.7	201	82	1	9673	10275	6	205	9.10e-73	251
JAIXMU010000045.1	sp|Q8RW99|F16P2_PEA	58.2	201	83	1	9673	10275	6	205	5.77e-72	249
JAIXMU010000045.1	sp|Q9MA79|F16P2_ARATH	58.7	201	82	1	9673	10275	6	205	1.45e-71	248
JAIXMU010000045.1	sp|P46276|F16P2_SOLTU	58.2	201	83	1	9673	10275	6	205	1.92e-71	247
JAIXMU010000045.1	sp|Q43139|F16P2_SACHY	57.7	201	84	1	9673	10275	6	205	2.86e-71	247
JAIXMU010000045.1	sp|Q42649|F16P2_BETVU	57.7	201	84	1	9673	10275	6	205	1.71e-70	244
JAIXMU010000045.1	sp|Q9XF47|F16P2_MUSAC	58.1	198	82	1	9682	10275	9	205	7.94e-70	243
JAIXMU010000045.1	sp|P46267|F16P2_BRANA	57.7	196	82	1	9688	10275	10	204	6.44e-69	240
JAIXMU010000045.1	sp|P09201|F16P_YEAST	51.0	202	97	2	9670	10275	13	212	4.02e-58	209
JAIXMU010000045.1	sp|P09202|F16P_SCHPO	45.6	215	100	3	9673	10275	6	217	1.54e-54	199
JAIXMU010000045.1	sp|Q3JF33|F16PA_NITOC	49.0	194	96	3	9700	10275	7	199	8.05e-53	193
JAIXMU010000045.1	sp|B3QWF5|F16PA_CHLT3	49.5	196	96	2	9688	10269	3	197	1.02e-51	191
JAIXMU010000045.1	sp|B3EGL2|F16PA_CHLL2	48.0	196	99	2	9688	10269	2	196	7.36e-51	187
JAIXMU010000045.1	sp|Q3B5N2|F16PA_PELLD	46.0	198	104	2	9685	10272	2	198	1.40e-50	187
JAIXMU010000045.1	sp|B4S3F3|F16PA_PROA2	47.4	196	100	2	9691	10272	4	198	2.51e-50	186
JAIXMU010000045.1	sp|A4SDH2|F16PA_CHLPM	45.7	197	104	2	9685	10269	2	197	6.47e-50	185
JAIXMU010000045.1	sp|B3ELC6|F16PA_CHLPB	46.4	196	102	2	9691	10272	4	198	7.51e-49	182
JAIXMU010000045.1	sp|P00637|F16P1_RABIT	48.2	197	100	2	9685	10275	9	203	1.17e-48	181
JAIXMU010000045.1	sp|Q3SFS6|F16PA_THIDA	46.2	197	103	3	9697	10281	6	201	1.55e-48	181
JAIXMU010000045.1	sp|A1BEB4|F16PA_CHLPD	45.4	196	104	2	9688	10269	2	196	3.38e-48	180
JAIXMU010000045.1	sp|B4SDN7|F16PA_PELPB	45.2	197	105	2	9685	10269	2	197	3.47e-48	180
JAIXMU010000045.1	sp|A1WZH0|F16PA_HALHL	48.2	195	99	2	9697	10275	6	200	3.98e-48	180
JAIXMU010000046.1	sp|P0CQ73|FAL1_CRYNB	52.4	185	69	4	7082	6543	225	395	4.32e-40	158
JAIXMU010000046.1	sp|P0CQ72|FAL1_CRYNJ	52.4	185	69	4	7082	6543	225	395	4.32e-40	158
JAIXMU010000046.1	sp|Q4WEB4|FAL1_ASPFU	74.5	102	26	0	6845	6540	296	397	3.76e-39	155
JAIXMU010000046.1	sp|Q2UAK1|FAL1_ASPOR	74.5	102	26	0	6845	6540	296	397	3.76e-39	155
JAIXMU010000046.1	sp|A1C595|FAL1_ASPCL	74.5	102	26	0	6845	6540	297	398	3.84e-39	155
JAIXMU010000046.1	sp|A5AAE5|FAL1_ASPNC	74.5	102	26	0	6845	6540	297	398	3.84e-39	155
JAIXMU010000046.1	sp|Q0CAS8|FAL1_ASPTN	74.5	102	26	0	6845	6540	297	398	3.84e-39	155
JAIXMU010000046.1	sp|Q5AUL4|FAL1_EMENI	74.5	102	26	0	6845	6540	297	398	3.84e-39	155
JAIXMU010000046.1	sp|A1D071|FAL1_NEOFI	74.5	102	26	0	6845	6540	297	398	3.84e-39	155
JAIXMU010000046.1	sp|P41380|IF4A3_NICPL	50.0	184	77	3	7082	6540	220	391	4.35e-39	155
JAIXMU010000046.1	sp|Q94A52|RH2_ARATH	50.3	183	78	2	7082	6540	237	408	1.16e-38	154
JAIXMU010000046.1	sp|Q9P735|FAL1_NEUCR	73.3	101	27	0	6842	6540	299	399	3.25e-38	153
JAIXMU010000046.1	sp|A4QU31|FAL1_MAGO7	73.3	101	27	0	6842	6540	300	400	3.33e-38	153
JAIXMU010000046.1	sp|Q1DTB3|FAL1_COCIM	72.5	102	28	0	6845	6540	297	398	4.31e-38	152
JAIXMU010000046.1	sp|A6S4N4|FAL1_BOTFB	72.5	102	28	0	6845	6540	297	398	5.83e-38	152
JAIXMU010000046.1	sp|A7EM88|FAL1_SCLS1	72.5	102	28	0	6845	6540	297	398	5.83e-38	152
JAIXMU010000046.1	sp|Q5VNM3|IF43A_ORYSJ	48.9	184	79	3	7082	6540	233	404	6.49e-38	152
JAIXMU010000046.1	sp|Q10I26|IF43B_ORYSJ	48.9	184	79	3	7082	6540	233	404	6.49e-38	152
JAIXMU010000046.1	sp|Q10055|FAL1_SCHPO	73.5	102	27	0	6845	6540	293	394	7.07e-38	152
JAIXMU010000046.1	sp|Q4IAA0|FAL1_GIBZE	72.3	101	28	0	6842	6540	300	400	8.23e-38	152
JAIXMU010000046.1	sp|Q6C347|FAL1_YARLI	48.6	183	81	3	7082	6540	226	397	1.02e-37	151
JAIXMU010000046.1	sp|Q9VHS8|IF4A3_DROME	50.5	186	73	4	7082	6540	228	399	1.07e-37	151
JAIXMU010000046.1	sp|Q4P184|FAL1_USTMA	47.8	184	81	3	7082	6540	226	397	3.41e-37	150
JAIXMU010000046.1	sp|A6QSQ0|FAL1_AJECN	73.7	99	26	0	6845	6549	297	395	1.35e-36	149
JAIXMU010000046.1	sp|Q0UAT0|FAL1_PHANO	70.3	101	30	0	6842	6540	273	373	1.71e-36	147
JAIXMU010000048.1	sp|Q3BAI2|YCX91_PHAAO	75.4	57	14	0	5373	5543	2	58	1.92e-19	88.2
JAIXMU010000005.1	sp|Q99PV0|PRP8_MOUSE	37.3	4687	570	16	434740	420680	17	2335	0.0	2750
JAIXMU010000005.1	sp|Q6P2Q9|PRP8_HUMAN	37.2	4687	571	16	434740	420680	17	2335	0.0	2749
JAIXMU010000005.1	sp|Q9SSD2|PRP8A_ARATH	36.3	4690	612	17	434740	420683	39	2358	0.0	2666
JAIXMU010000005.1	sp|P34369|PRP8_CAEEL	35.7	4688	641	18	434731	420680	8	2329	0.0	2612
JAIXMU010000005.1	sp|Q9T0I6|PRP8B_ARATH	35.7	4680	640	17	434716	420680	45	2359	0.0	2605
JAIXMU010000005.1	sp|Q8T295|PRP8_DICDI	34.8	4675	677	18	434704	420686	14	2321	0.0	2486
JAIXMU010000005.1	sp|O14187|SPP42_SCHPO	34.8	4679	682	20	434698	420680	50	2363	0.0	2432
JAIXMU010000005.1	sp|Q9C102|GLT1_SCHPO	58.4	1819	722	12	744878	750265	304	2110	0.0	2082
JAIXMU010000005.1	sp|Q12680|GLT1_YEAST	54.6	1851	783	16	744878	750271	292	2138	0.0	1937
JAIXMU010000005.1	sp|Q03460|GLSN_MEDSA	56.0	1839	747	21	744878	750226	336	2167	0.0	1920
JAIXMU010000005.1	sp|Q9LV03|GLUT1_ARATH	55.3	1838	753	21	744878	750211	354	2183	0.0	1919
JAIXMU010000005.1	sp|Q0JKD0|GLT1_ORYSJ	55.5	1826	745	21	744878	750211	337	2143	0.0	1909
JAIXMU010000005.1	sp|P33334|PRP8_YEAST	29.6	4657	889	25	434611	420680	131	2413	0.0	1902
JAIXMU010000005.1	sp|Q0DG35|GLT2_ORYSJ	54.6	1828	769	22	744878	750211	344	2161	0.0	1894
JAIXMU010000005.1	sp|P38811|TRA1_YEAST	28.7	4260	2310	81	538111	550272	1	3743	0.0	1607
JAIXMU010000005.1	sp|Q9HFE8|TRA1_SCHPO	30.0	4204	2252	74	538111	550275	39	3699	0.0	1605
JAIXMU010000005.1	sp|Q54YZ9|DHKJ_DICDI	55.4	1605	685	9	870098	865341	173	1765	0.0	1577
JAIXMU010000005.1	sp|Q10064|YAMB_SCHPO	28.9	4106	2249	75	538378	550275	74	3655	0.0	1522
JAIXMU010000005.1	sp|P55037|GLTB_SYNY3	51.6	1255	586	15	744878	748615	276	1517	0.0	1212
JAIXMU010000005.1	sp|Q7KN62|TERA_DROME	73.6	812	190	5	367275	364858	8	801	0.0	1201
JAIXMU010000005.1	sp|P54811|TERA1_CAEEL	75.8	773	182	4	367275	364963	17	786	0.0	1184
JAIXMU010000005.1	sp|P54812|TERA2_CAEEL	72.9	809	201	7	367275	364858	17	810	0.0	1176
JAIXMU010000005.1	sp|Q5AWS6|CDC48_EMENI	71.8	813	213	4	367296	364861	25	822	0.0	1167
JAIXMU010000005.1	sp|P39812|GLTA_BACSU	50.2	1260	595	14	744878	748630	251	1487	0.0	1162
JAIXMU010000005.1	sp|Q9P3A7|CDC48_SCHPO	74.2	783	195	3	367314	364966	18	793	0.0	1160
JAIXMU010000050.1	sp|Q9GYZ0|KIF15_STRPU	48.8	365	165	4	2474	1383	17	360	6.07e-86	311
JAIXMU010000050.1	sp|Q9NS87|KIF15_HUMAN	49.6	365	163	4	2474	1383	25	369	7.50e-85	308
JAIXMU010000050.1	sp|Q6P9L6|KIF15_MOUSE	48.5	365	167	4	2474	1383	25	369	1.39e-83	304
JAIXMU010000050.1	sp|Q7TSP2|KIF15_RAT	48.8	365	166	4	2474	1383	25	369	1.84e-83	303
JAIXMU010000050.1	sp|B9GE13|KN12F_ORYSJ	47.5	377	170	6	2489	1383	197	553	4.12e-83	305
JAIXMU010000050.1	sp|Q498L9|KI15B_XENLA	48.9	368	162	6	2474	1383	25	370	1.92e-82	300
JAIXMU010000050.1	sp|B9FUF9|KN12E_ORYSJ	48.7	355	155	6	2471	1419	64	395	6.30e-82	300
JAIXMU010000050.1	sp|Q27IK7|KN12C_ARATH	48.2	355	163	4	2480	1419	165	499	2.93e-81	298
JAIXMU010000050.1	sp|Q91785|KI15A_XENLA	48.4	368	164	6	2474	1383	25	370	1.51e-80	295
JAIXMU010000050.1	sp|Q27IK6|KN12D_ARATH	47.0	370	163	8	2471	1383	193	536	6.23e-79	291
JAIXMU010000050.1	sp|Q75LL2|KN12G_ORYSJ	47.3	355	166	4	2480	1419	29	363	4.50e-77	283
JAIXMU010000050.1	sp|F4J1U4|KN12E_ARATH	45.0	380	181	5	2498	1383	77	436	3.41e-75	277
JAIXMU010000050.1	sp|Q8L7Y8|KN12B_ARATH	44.4	369	170	8	2468	1383	97	437	1.40e-73	273
JAIXMU010000050.1	sp|Q7XKR9|KN12A_ORYSJ	45.2	356	168	8	2468	1419	142	476	2.32e-69	258
JAIXMU010000050.1	sp|Q6K765|KN12B_ORYSJ	45.1	359	165	10	2468	1419	118	453	5.48e-68	254
JAIXMU010000050.1	sp|P46869|FLA10_CHLRE	40.9	369	171	8	2474	1419	9	347	3.10e-64	238
JAIXMU010000050.1	sp|Q9Y496|KIF3A_HUMAN	42.7	358	168	8	2474	1419	13	339	1.46e-63	234
JAIXMU010000050.1	sp|Q4R628|KIF3A_MACFA	42.7	358	168	8	2474	1419	13	339	1.54e-63	234
JAIXMU010000050.1	sp|Q5R4H3|KIF3A_PONAB	42.7	358	168	8	2474	1419	13	339	1.54e-63	234
JAIXMU010000050.1	sp|P28741|KIF3A_MOUSE	42.7	358	168	8	2474	1419	13	339	6.73e-63	232
JAIXMU010000050.1	sp|Q61771|KIF3B_MOUSE	42.9	359	166	9	2474	1419	8	334	2.10e-61	228
JAIXMU010000050.1	sp|O15066|KIF3B_HUMAN	42.6	359	167	9	2474	1419	8	334	3.80e-61	228
JAIXMU010000050.1	sp|Q86Z98|KINH_GIBMO	41.6	351	170	7	2474	1425	5	321	5.01e-61	230
JAIXMU010000050.1	sp|P46872|KRP85_STRPU	41.3	363	167	10	2474	1419	9	336	1.40e-60	225
JAIXMU010000050.1	sp|P46873|OSM3_CAEEL	42.7	358	160	11	2474	1419	3	321	1.88e-60	224
JAIXMU010000052.1	sp|P0CQ73|FAL1_CRYNB	45.3	234	105	3	765	85	178	395	2.98e-46	174
JAIXMU010000052.1	sp|P0CQ72|FAL1_CRYNJ	45.3	234	105	3	765	85	178	395	2.98e-46	174
JAIXMU010000052.1	sp|Q4WEB4|FAL1_ASPFU	42.2	258	80	5	765	82	179	397	4.06e-44	168
JAIXMU010000052.1	sp|Q2UAK1|FAL1_ASPOR	42.2	258	80	5	765	82	179	397	4.06e-44	168
JAIXMU010000052.1	sp|A1C595|FAL1_ASPCL	42.2	258	80	5	765	82	180	398	4.15e-44	168
JAIXMU010000052.1	sp|A5AAE5|FAL1_ASPNC	42.2	258	80	5	765	82	180	398	4.15e-44	168
JAIXMU010000052.1	sp|Q0CAS8|FAL1_ASPTN	42.2	258	80	5	765	82	180	398	4.15e-44	168
JAIXMU010000052.1	sp|Q5AUL4|FAL1_EMENI	42.2	258	80	5	765	82	180	398	4.15e-44	168
JAIXMU010000052.1	sp|A1D071|FAL1_NEOFI	42.2	258	80	5	765	82	180	398	4.15e-44	168
JAIXMU010000052.1	sp|P41380|IF4A3_NICPL	40.8	265	74	5	765	82	173	391	4.68e-44	168
JAIXMU010000052.1	sp|Q4P184|FAL1_USTMA	43.4	235	110	3	765	82	179	397	9.86e-44	167
JAIXMU010000052.1	sp|Q10055|FAL1_SCHPO	44.3	235	108	3	765	82	176	394	1.25e-43	167
JAIXMU010000052.1	sp|Q1DTB3|FAL1_COCIM	44.0	232	107	3	756	82	183	398	2.57e-43	166
JAIXMU010000052.1	sp|Q9VHS8|IF4A3_DROME	40.0	265	76	5	765	82	181	399	4.71e-43	165
JAIXMU010000052.1	sp|Q9P735|FAL1_NEUCR	43.4	235	110	3	765	82	181	399	4.81e-43	165
JAIXMU010000052.1	sp|A4QU31|FAL1_MAGO7	41.1	265	73	5	765	82	182	400	4.92e-43	165
JAIXMU010000052.1	sp|A6S4N4|FAL1_BOTFB	43.4	235	110	3	765	82	180	398	6.38e-43	165
JAIXMU010000052.1	sp|A7EM88|FAL1_SCLS1	43.4	235	110	3	765	82	180	398	6.38e-43	165
JAIXMU010000052.1	sp|Q4IAA0|FAL1_GIBZE	43.0	235	111	3	765	82	182	400	1.22e-42	164
JAIXMU010000052.1	sp|Q94A52|RH2_ARATH	40.4	265	75	5	765	82	190	408	1.43e-42	164
JAIXMU010000052.1	sp|Q5VNM3|IF43A_ORYSJ	39.3	262	76	5	756	82	189	404	5.95e-42	162
JAIXMU010000052.1	sp|Q10I26|IF43B_ORYSJ	39.3	262	76	5	756	82	189	404	5.95e-42	162
JAIXMU010000052.1	sp|Q0UAT0|FAL1_PHANO	40.0	265	76	5	765	82	155	373	7.53e-42	161
JAIXMU010000052.1	sp|A6QSQ0|FAL1_AJECN	43.5	232	108	3	765	91	180	395	1.54e-41	162
JAIXMU010000052.1	sp|B5FZY7|IF4A3_TAEGU	38.1	265	81	5	765	82	192	410	3.07e-41	160
JAIXMU010000053.1	sp|B2RS91|RRN3_MOUSE	24.7	567	319	16	2706	1063	104	581	7.78e-34	142
JAIXMU010000055.1	sp|Q9UUF2|SYMC_SCHPO	56.9	341	140	3	3	1019	420	755	1.77e-138	414
JAIXMU010000055.1	sp|P00958|SYMC_YEAST	50.4	335	159	2	6	1010	395	722	2.25e-122	372
JAIXMU010000055.1	sp|Q9SVN5|SYMC_ARATH	50.1	339	157	4	3	1013	217	545	2.35e-112	347
JAIXMU010000055.1	sp|Q9ZTS1|SYM_ORYSJ	51.6	318	147	3	9	956	218	530	9.33e-109	338
JAIXMU010000055.1	sp|Q54X95|SYMC_DICDI	47.8	337	167	4	3	1010	215	543	1.24e-107	333
JAIXMU010000055.1	sp|Q2T9L8|SYMC_BOVIN	45.3	344	174	4	3	1019	462	796	1.81e-98	313
JAIXMU010000055.1	sp|P56192|SYMC_HUMAN	46.2	344	171	5	3	1019	462	796	1.01e-97	311
JAIXMU010000055.1	sp|Q68FL6|SYMC_MOUSE	45.3	344	174	5	3	1019	464	798	2.16e-96	308
JAIXMU010000055.1	sp|Q6PF21|SYMC_XENLA	44.6	343	177	4	3	1019	460	793	1.71e-95	305
JAIXMU010000055.1	sp|Q20970|SYMC_CAEEL	44.0	334	174	5	30	1019	244	568	2.47e-91	295
JAIXMU010000055.1	sp|Q73NT9|SYM_TREDE	41.7	324	163	8	3	932	199	510	1.34e-79	261
JAIXMU010000055.1	sp|Q660T5|SYM_BORBP	44.0	316	158	5	3	941	199	498	2.91e-79	259
JAIXMU010000055.1	sp|Q0SMS1|SYM_BORAP	41.8	316	165	4	3	941	199	498	4.52e-77	253
JAIXMU010000055.1	sp|B5RME0|SYM_BORDL	42.4	316	163	4	3	941	199	498	9.18e-77	252
JAIXMU010000055.1	sp|B2S0T6|SYM_BORHD	41.4	321	159	5	9	947	201	500	1.42e-75	249
JAIXMU010000055.1	sp|Q44951|SYM_BORBU	41.1	316	167	4	3	941	199	498	3.03e-75	248
JAIXMU010000055.1	sp|B7J2F0|SYM_BORBZ	41.1	316	167	4	3	941	199	498	3.03e-75	248
JAIXMU010000055.1	sp|B5RPT6|SYM_BORRA	42.1	316	164	4	3	941	199	498	3.68e-75	248
JAIXMU010000055.1	sp|A1R019|SYM_BORT9	39.6	336	173	5	9	1001	201	511	7.50e-74	244
JAIXMU010000055.1	sp|O83776|SYM_TREPA	40.1	329	171	5	39	965	209	531	5.70e-73	244
JAIXMU010000055.1	sp|B9KKH3|SYM_RHOSK	39.4	345	177	11	39	1010	210	543	1.11e-67	225
JAIXMU010000055.1	sp|A3PLG8|SYM_RHOS1	40.2	323	166	9	39	956	210	522	1.56e-67	224
JAIXMU010000055.1	sp|Q3J0T3|SYM_RHOS4	40.2	323	166	9	39	956	210	522	1.56e-67	224
JAIXMU010000055.1	sp|Q166L9|SYM_ROSDO	38.3	345	179	11	39	1007	210	542	3.47e-65	218
JAIXMU010000055.1	sp|A4WV24|SYM_RHOS5	40.6	325	162	10	39	956	210	522	4.86e-65	218
JAIXMU010000006.1	sp|P0CN27|DPOE_CRYNB	45.3	2352	1053	36	386537	379656	61	2236	0.0	1856
JAIXMU010000006.1	sp|P0CN26|DPOE_CRYNJ	45.3	2352	1053	36	386537	379656	61	2236	0.0	1856
JAIXMU010000006.1	sp|Q07864|DPOE1_HUMAN	44.4	2363	1131	43	386522	379626	34	2277	0.0	1844
JAIXMU010000006.1	sp|Q9WVF7|DPOE1_MOUSE	44.3	2357	1140	40	386522	379626	34	2274	0.0	1843
JAIXMU010000006.1	sp|O93845|DPOE_EMENI	45.9	2307	1088	42	386537	379647	39	2196	0.0	1840
JAIXMU010000006.1	sp|Q4WXH8|DPOE_ASPFU	44.3	2363	1133	40	386624	379647	4	2219	0.0	1827
JAIXMU010000006.1	sp|P87154|DPOE_SCHPO	43.8	2309	1109	37	386513	379647	47	2187	0.0	1771
JAIXMU010000006.1	sp|Q6BNG2|DPOE_DEBHA	43.0	2332	1125	37	386522	379647	51	2217	0.0	1727
JAIXMU010000006.1	sp|Q4PFV5|DPOE_USTMA	51.7	1790	751	20	386537	381297	55	1773	0.0	1722
JAIXMU010000006.1	sp|P21951|DPOE_YEAST	42.4	2329	1138	40	386498	379647	44	2213	0.0	1684
JAIXMU010000006.1	sp|Q9VCN1|DPOE1_DROME	41.2	2354	1147	43	386501	379647	39	2224	0.0	1616
JAIXMU010000006.1	sp|Q6FNY7|DPOE_CANGA	46.5	1779	837	26	386498	381327	34	1752	0.0	1508
JAIXMU010000006.1	sp|Q6CUS7|DPOE_KLULA	47.1	1774	830	32	386540	381327	24	1725	0.0	1479
JAIXMU010000006.1	sp|Q54RD4|DPOE1_DICDI	37.1	2459	1260	48	386489	379647	19	2369	0.0	1454
JAIXMU010000006.1	sp|Q752B8|DPOE_ASHGO	46.3	1732	840	25	386498	381375	39	1704	0.0	1446
JAIXMU010000006.1	sp|F4HW04|DPOE1_ARATH	45.2	1748	881	22	386498	381303	27	1713	0.0	1412
JAIXMU010000006.1	sp|B0D6H2|ARO1_LACBS	50.7	1619	717	30	157405	162144	4	1580	0.0	1402
JAIXMU010000006.1	sp|Q8J294|ARO1_THACU	50.0	1667	726	35	157363	162189	1	1617	0.0	1386
JAIXMU010000006.1	sp|F4IFN6|DPOE2_ARATH	44.4	1764	901	24	386510	381252	15	1710	0.0	1383
JAIXMU010000006.1	sp|C7YZ74|ARO1_FUSV7	49.5	1615	729	33	157414	162171	10	1567	0.0	1350
JAIXMU010000006.1	sp|P0CM23|ARO1_CRYNB	49.2	1643	744	32	157405	162180	6	1609	0.0	1347
JAIXMU010000006.1	sp|P0CM22|ARO1_CRYNJ	49.2	1643	744	32	157405	162180	6	1609	0.0	1347
JAIXMU010000006.1	sp|B6HAA7|ARO1_PENRW	49.7	1619	718	34	157402	162129	1	1565	0.0	1346
JAIXMU010000006.1	sp|A7F7H0|ARO1_SCLS1	49.6	1621	722	33	157417	162165	11	1574	0.0	1341
JAIXMU010000006.1	sp|Q0V3H0|ARO1_PHANO	48.5	1617	737	31	157405	162129	8	1571	0.0	1334
JAIXMU010000007.1	sp|P78820|ACAC_SCHPO	53.7	2279	977	24	876088	869351	43	2276	0.0	2291
JAIXMU010000007.1	sp|Q00955|ACAC_YEAST	53.3	2257	986	24	876088	869351	33	2232	0.0	2259
JAIXMU010000007.1	sp|P11029|ACAC_CHICK	48.1	2193	1046	34	876043	869549	107	2234	0.0	1888
JAIXMU010000007.1	sp|Q5SWU9|ACACA_MOUSE	47.4	2236	1055	39	876043	869504	106	2276	0.0	1872
JAIXMU010000007.1	sp|P11497|ACACA_RAT	47.3	2236	1057	39	876043	869504	106	2276	0.0	1871
JAIXMU010000007.1	sp|Q13085|ACACA_HUMAN	47.3	2236	1058	38	876043	869504	107	2277	0.0	1868
JAIXMU010000007.1	sp|Q9TTS3|ACACA_BOVIN	47.3	2236	1057	38	876043	869504	107	2277	0.0	1867
JAIXMU010000007.1	sp|Q28559|ACACA_SHEEP	47.3	2236	1057	38	876043	869504	107	2277	0.0	1866
JAIXMU010000007.1	sp|E9Q4Z2|ACACB_MOUSE	46.6	2260	1093	36	876043	869360	239	2417	0.0	1864
JAIXMU010000007.1	sp|O00763|ACACB_HUMAN	47.3	2192	1056	31	876043	869549	249	2368	0.0	1858
JAIXMU010000007.1	sp|A6ZMR9|HFA1_YEAS7	44.7	2291	1146	30	876181	869366	86	2273	0.0	1815
JAIXMU010000007.1	sp|P32874|HFA1_YEAST	44.7	2291	1146	30	876181	869366	86	2273	0.0	1815
JAIXMU010000007.1	sp|C8ZF72|HFA1_YEAS8	44.5	2291	1150	30	876181	869366	86	2273	0.0	1810
JAIXMU010000007.1	sp|C7GRE4|HFA1_YEAS2	45.1	2249	1112	30	876181	869492	86	2231	0.0	1809
JAIXMU010000007.1	sp|B3LM95|HFA1_YEAS1	44.4	2291	1151	30	876181	869366	86	2273	0.0	1806
JAIXMU010000007.1	sp|Q54J08|ACAC_DICDI	43.6	2245	1134	40	876052	869564	3	2196	0.0	1635
JAIXMU010000007.1	sp|Q8S6N5|ACC1_ORYSJ	39.7	2352	1204	43	876079	869351	16	2262	0.0	1525
JAIXMU010000007.1	sp|B9FK36|ACC2_ORYSJ	40.1	2309	1209	39	876064	869351	117	2322	0.0	1485
JAIXMU010000007.1	sp|F4I1L3|ACC2_ARATH	39.7	2348	1181	50	876052	869351	125	2350	0.0	1484
JAIXMU010000007.1	sp|Q38970|ACC1_ARATH	40.1	2299	1170	44	876091	869468	10	2192	0.0	1480
JAIXMU010000007.1	sp|Q10105|GCN1_SCHPO	36.2	1986	1119	36	192673	198567	779	2636	8.10e-301	1000
JAIXMU010000007.1	sp|Q9LZQ9|DEAH2_ARATH	65.8	690	230	2	274059	272002	36	723	9.92e-299	923
JAIXMU010000007.1	sp|O22899|PRP43_ARATH	67.2	676	216	2	274047	272032	44	717	5.18e-298	921
JAIXMU010000007.1	sp|O42945|DHX15_SCHPO	63.6	715	252	5	274179	272041	14	722	1.32e-289	897
JAIXMU010000007.1	sp|P53131|PRP43_YEAST	63.5	715	248	5	274113	271999	50	761	2.01e-286	890
JAIXMU010000008.1	sp|P78615|FAS2_EMEND	59.2	1730	685	16	160229	155067	3	1720	0.0	1948
JAIXMU010000008.1	sp|P15368|FAS2_PENPA	59.1	1725	681	14	160229	155082	3	1712	0.0	1914
JAIXMU010000008.1	sp|Q10289|FAS2_SCHPO	56.6	1711	711	11	160229	155109	3	1686	0.0	1882
JAIXMU010000008.1	sp|P34229|FAS1_YARLI	47.2	2103	1037	27	166418	160248	5	2080	0.0	1859
JAIXMU010000008.1	sp|G8BAW7|FAS2_CANPC	57.2	1735	695	16	160229	155127	3	1724	0.0	1853
JAIXMU010000008.1	sp|P19097|FAS2_YEAST	56.3	1747	722	15	160229	155079	3	1737	0.0	1841
JAIXMU010000008.1	sp|P43098|FAS2_CANAX	56.6	1738	706	19	160229	155121	3	1727	0.0	1832
JAIXMU010000008.1	sp|Q765N2|FAS2_LACKL	56.4	1742	718	16	160229	155091	5	1733	0.0	1828
JAIXMU010000008.1	sp|Q9UUG0|FAS1_SCHPO	47.4	2103	1023	36	166409	160245	3	2069	0.0	1810
JAIXMU010000008.1	sp|P34731|FAS1_CANAX	47.0	2073	1028	27	166382	160248	5	2034	0.0	1808
JAIXMU010000008.1	sp|P07149|FAS1_YEAST	45.3	2079	1072	24	166394	160248	3	2046	0.0	1792
JAIXMU010000008.1	sp|Q9VUV9|U520_DROME	45.0	2250	1091	36	136697	143395	11	2130	0.0	1752
JAIXMU010000008.1	sp|O75643|U520_HUMAN	44.7	2262	1097	39	136697	143425	11	2136	0.0	1739
JAIXMU010000008.1	sp|Q6P4T2|U520_MOUSE	44.7	2262	1095	41	136697	143425	11	2136	0.0	1739
JAIXMU010000008.1	sp|F1LNJ2|U520_RAT	44.6	2265	1097	40	136697	143425	11	2139	0.0	1735
JAIXMU010000008.1	sp|Q9U2G0|U520_CAEEL	42.9	2172	1092	35	136943	143395	85	2128	0.0	1630
JAIXMU010000008.1	sp|Q9UT24|BRR2_SCHPO	42.8	2278	1138	40	136697	143431	30	2176	0.0	1628
JAIXMU010000008.1	sp|Q9SYP1|DEXHC_ARATH	42.3	2287	1141	39	136691	143416	15	2167	0.0	1617
JAIXMU010000008.1	sp|O48534|DEXHD_ARATH	41.5	2291	1154	38	136691	143416	16	2168	0.0	1566
JAIXMU010000008.1	sp|Q92215|TOXC_COCCA	41.3	2079	1160	23	166391	160248	9	2057	0.0	1552
JAIXMU010000008.1	sp|Q55CI8|HELCL_DICDI	39.3	2305	1244	40	136661	143383	1	2213	0.0	1464
JAIXMU010000008.1	sp|Q5AV07|ATNM_EMENI	39.7	2067	1141	38	166274	160236	92	2106	0.0	1369
JAIXMU010000008.1	sp|Q5AV00|ATNF_EMENI	45.2	1733	814	23	160232	155136	6	1636	0.0	1289
JAIXMU010000008.1	sp|Q2TXF0|ORYA_ASPOR	44.3	1714	827	22	160232	155127	6	1603	0.0	1285
JAIXMU010000008.1	sp|Q2TXG3|ORYB_ASPOR	37.2	2061	1214	33	166400	160278	18	2017	0.0	1272
JAIXMU010000009.1	sp|Q68FD5|CLH1_MOUSE	58.9	1621	656	5	456415	461268	15	1627	0.0	1941
JAIXMU010000009.1	sp|P49951|CLH1_BOVIN	58.8	1621	657	5	456415	461268	15	1627	0.0	1940
JAIXMU010000009.1	sp|Q00610|CLH1_HUMAN	58.8	1621	657	5	456415	461268	15	1627	0.0	1940
JAIXMU010000009.1	sp|P11442|CLH1_RAT	58.8	1621	657	5	456415	461268	15	1627	0.0	1937
JAIXMU010000009.1	sp|P29742|CLH_DROME	57.8	1622	672	6	456415	461268	15	1628	0.0	1888
JAIXMU010000009.1	sp|P53675|CLH2_HUMAN	57.1	1605	679	4	456415	461220	15	1613	0.0	1870
JAIXMU010000009.1	sp|Q10161|CLH_SCHPO	56.2	1620	696	6	456415	461265	15	1624	0.0	1826
JAIXMU010000009.1	sp|P34574|CLH_CAEEL	55.0	1635	716	7	456415	461298	13	1634	0.0	1793
JAIXMU010000009.1	sp|P25870|CLH_DICDI	51.6	1679	791	10	456415	461433	14	1677	0.0	1713
JAIXMU010000009.1	sp|Q2RBN7|CLH1_ORYSJ	51.5	1630	767	8	456415	461253	16	1638	0.0	1679
JAIXMU010000009.1	sp|Q2QYW2|CLH2_ORYSJ	51.4	1630	768	8	456415	461253	16	1638	0.0	1679
JAIXMU010000009.1	sp|Q0WLB5|CLAH2_ARATH	51.1	1631	773	9	456415	461256	16	1639	0.0	1674
JAIXMU010000009.1	sp|Q0WNJ6|CLAH1_ARATH	51.0	1632	774	8	456415	461256	16	1639	0.0	1669
JAIXMU010000009.1	sp|P22137|CLH_YEAST	51.0	1642	784	10	456415	461304	14	1647	0.0	1659
JAIXMU010000009.1	sp|Q9P7X8|RPA2_SCHPO	40.3	1612	513	11	709462	714264	2	1174	0.0	1143
JAIXMU010000009.1	sp|Q4P9K9|CHS8_USTMA	40.7	1758	881	33	482886	477922	102	1800	0.0	1141
JAIXMU010000009.1	sp|J9VNT4|CHS5_CRYNH	40.9	1696	849	38	482880	478036	118	1740	0.0	1106
JAIXMU010000009.1	sp|Q75DS1|RPA2_ASHGO	39.4	1621	525	17	709456	714261	12	1193	0.0	1070
JAIXMU010000009.1	sp|P22138|RPA2_YEAST	39.6	1618	527	19	709465	714264	16	1201	0.0	1065
JAIXMU010000009.1	sp|O74633|RPA2_NEUCR	37.9	1638	535	17	709465	714261	17	1211	0.0	1005
JAIXMU010000009.1	sp|Q8NKE1|GLGB_RHIID	64.7	668	234	2	196953	194953	16	682	2.03e-296	914
JAIXMU010000009.1	sp|Q9Y8H3|GLGB_EMENI	64.5	673	235	3	196968	194959	7	678	9.88e-296	912
JAIXMU010000009.1	sp|Q96VA4|GLGB_ASPOR	64.1	672	237	3	196965	194959	13	683	8.19e-289	893
JAIXMU010000009.1	sp|P0CN83|GLGB_CRYNB	61.9	674	253	3	196968	194959	7	680	5.93e-282	873
JAIXMU010000009.1	sp|P0CN82|GLGB_CRYNJ	61.9	674	253	3	196968	194959	7	680	5.93e-282	873
