JALPMX010000011.1	sp|Q9N4M4|ANC1_CAEEL	26.9	443	304	8	29	1351	6919	7343	4.15e-25	116
JALPMX010000039.1	sp|P08096|TOP2_SCHPO	51.9	1123	488	8	95046	98264	78	1198	0.0	1130
JALPMX010000039.1	sp|Q9Y8G8|TOP2_PENCH	50.5	1140	501	13	95022	98267	60	1194	0.0	1081
JALPMX010000039.1	sp|P87078|TOP2_CANAX	52.6	1075	466	11	95001	98102	47	1118	0.0	1077
JALPMX010000039.1	sp|P11388|TOP2A_HUMAN	50.2	1159	501	16	95019	98279	25	1179	0.0	1068
JALPMX010000039.1	sp|P06786|TOP2_YEAST	49.3	1159	504	11	95031	98264	7	1162	0.0	1066
JALPMX010000039.1	sp|P41515|TOP2A_CRIGR	50.3	1155	502	16	95019	98279	24	1174	0.0	1065
JALPMX010000039.1	sp|Q64511|TOP2B_MOUSE	50.0	1179	508	18	94974	98279	11	1185	0.0	1063
JALPMX010000039.1	sp|Q01879|TOP2_PICGU	48.8	1205	517	15	95046	98369	59	1260	0.0	1062
JALPMX010000039.1	sp|O42131|TOP2B_CHICK	50.2	1160	505	16	95007	98279	47	1202	0.0	1061
JALPMX010000039.1	sp|Q01320|TOP2A_MOUSE	50.1	1157	503	16	95019	98279	24	1176	0.0	1061
JALPMX010000039.1	sp|Q64399|TOP2B_CRILO	49.9	1181	511	17	94968	98279	9	1185	0.0	1061
JALPMX010000039.1	sp|O46374|TOP2A_PIG	50.1	1159	502	16	95019	98279	25	1179	0.0	1060
JALPMX010000039.1	sp|Q02880|TOP2B_HUMAN	50.0	1165	509	16	94992	98279	37	1197	0.0	1058
JALPMX010000039.1	sp|O42130|TOP2A_CHICK	50.3	1150	505	15	95019	98279	26	1171	0.0	1056
JALPMX010000039.1	sp|O93794|TOP2_CANGA	48.7	1168	512	10	95028	98282	5	1168	0.0	1052
JALPMX010000039.1	sp|P41516|TOP2A_RAT	49.8	1158	505	17	95019	98279	24	1176	0.0	1051
JALPMX010000039.1	sp|P30182|TOP2_ARATH	49.6	1140	507	14	95028	98258	29	1164	0.0	1049
JALPMX010000039.1	sp|O24308|TOP2_PEA	49.4	1147	493	15	95013	98264	12	1134	0.0	1042
JALPMX010000039.1	sp|O16140|TOP2_BOMMO	48.6	1181	512	15	95013	98282	25	1201	0.0	1039
JALPMX010000039.1	sp|Q23670|TOP2_CAEEL	47.5	1183	532	17	95007	98297	54	1233	0.0	1027
JALPMX010000039.1	sp|P15348|TOP2_DROME	51.3	1063	478	12	95022	98099	6	1065	0.0	1023
JALPMX010000039.1	sp|P41001|TOP2_PLAFK	46.9	1194	515	14	95022	98258	3	1192	0.0	1020
JALPMX010000039.1	sp|Q55BP5|TOP2_DICDI	47.6	1103	503	18	94992	98102	86	1179	1.22e-301	963
JALPMX010000039.1	sp|P90520|TOP2M_DICDI	44.9	1188	550	26	94998	98285	68	1242	7.04e-289	917
JALPMX010000039.1	sp|P34534|TOP2M_CAEEL	42.5	1118	588	18	95046	98255	47	1157	5.91e-268	852
JALPMX010000017.1	sp|P20825|POL2_DROME	40.0	463	263	5	2336	966	169	622	1.28e-94	329
JALPMX010000017.1	sp|P04323|POL3_DROME	39.5	458	261	6	2321	966	176	623	7.42e-90	316
JALPMX010000017.1	sp|Q99315|YG31B_YEAST	41.0	410	231	4	2186	963	609	1009	3.07e-80	292
JALPMX010000017.1	sp|Q7LHG5|YI31B_YEAST	41.0	410	231	4	2186	963	635	1035	4.85e-80	291
JALPMX010000017.1	sp|P10394|POL4_DROME	31.9	568	368	5	2630	966	173	734	6.35e-79	286
JALPMX010000017.1	sp|Q8I7P9|POL5_DROME	36.6	475	285	6	2348	966	82	554	1.25e-78	283
JALPMX010000017.1	sp|P0CT41|TF212_SCHPO	27.8	778	465	19	2642	552	268	1029	1.84e-74	274
JALPMX010000017.1	sp|P0CT34|TF21_SCHPO	27.8	778	465	19	2642	552	268	1029	1.84e-74	274
JALPMX010000017.1	sp|P0CT35|TF22_SCHPO	27.8	778	465	19	2642	552	268	1029	1.84e-74	274
JALPMX010000017.1	sp|P0CT36|TF23_SCHPO	27.8	778	465	19	2642	552	268	1029	1.84e-74	274
JALPMX010000017.1	sp|P0CT37|TF24_SCHPO	27.8	778	465	19	2642	552	268	1029	1.84e-74	274
JALPMX010000017.1	sp|P0CT38|TF25_SCHPO	27.8	778	465	19	2642	552	268	1029	1.84e-74	274
JALPMX010000017.1	sp|P0CT39|TF26_SCHPO	27.8	778	465	19	2642	552	268	1029	1.84e-74	274
JALPMX010000017.1	sp|P0CT40|TF29_SCHPO	27.8	778	465	19	2642	552	268	1029	1.84e-74	274
JALPMX010000017.1	sp|P0CT42|TF27_SCHPO	27.6	778	466	19	2642	552	268	1029	2.53e-73	270
JALPMX010000017.1	sp|P0CT43|TF28_SCHPO	27.6	778	466	19	2642	552	268	1029	2.53e-73	270
JALPMX010000017.1	sp|Q9UR07|TF211_SCHPO	27.5	778	467	19	2642	552	268	1029	8.10e-73	269
JALPMX010000017.1	sp|P03554|POL_CAMVS	32.9	447	280	10	2258	960	234	674	1.11e-54	206
JALPMX010000017.1	sp|P03555|POL_CAMVC	32.9	447	280	10	2258	960	234	674	1.50e-54	206
JALPMX010000017.1	sp|Q02964|POL_CAMVE	32.9	447	280	10	2258	960	234	674	1.50e-54	206
JALPMX010000017.1	sp|P03556|POL_CAMVD	32.9	447	280	10	2258	960	229	669	3.39e-54	205
JALPMX010000017.1	sp|Q00962|POL_CAMVN	32.2	447	283	10	2258	960	235	675	7.23e-53	201
JALPMX010000017.1	sp|P27502|POL_RTBVP	27.8	421	279	8	2183	972	1197	1609	1.69e-36	154
JALPMX010000017.1	sp|P31843|RRPO_OENBE	46.9	128	65	1	2078	1704	5	132	4.42e-28	114
JALPMX010000017.1	sp|P23074|POL_SFV1	25.6	407	293	6	2330	1113	127	524	2.22e-27	124
JALPMX010000032.1	sp|Q9UTN6|SNF21_SCHPO	50.8	774	341	9	60394	58178	169	937	2.31e-214	696
JALPMX010000032.1	sp|P32597|STH1_YEAST	55.1	670	275	7	60073	58142	334	1003	4.76e-210	689
JALPMX010000032.1	sp|O94421|SNF22_SCHPO	50.7	773	344	14	60331	58106	644	1410	1.11e-205	686
JALPMX010000032.1	sp|P22082|SNF2_YEAST	46.1	854	383	11	60547	58145	475	1304	1.11e-201	675
JALPMX010000032.1	sp|Q6DIC0|SMCA2_MOUSE	45.9	790	331	8	59785	57704	703	1492	4.61e-188	631
JALPMX010000032.1	sp|P51531|SMCA2_HUMAN	44.8	808	332	8	59785	57704	698	1505	1.35e-185	624
JALPMX010000032.1	sp|A7Z019|SMCA4_BOVIN	56.9	559	225	2	59782	58154	721	1279	8.64e-178	602
JALPMX010000032.1	sp|Q3TKT4|SMCA4_MOUSE	56.9	559	225	2	59782	58154	729	1287	1.00e-177	602
JALPMX010000032.1	sp|Q8K1P7|SMCA4_RAT	56.9	559	225	2	59782	58154	729	1287	1.00e-177	602
JALPMX010000032.1	sp|P51532|SMCA4_HUMAN	59.1	526	199	2	59782	58253	729	1254	1.75e-175	596
JALPMX010000032.1	sp|P25439|BRM_DROME	53.5	596	253	4	59788	58073	746	1341	1.58e-174	593
JALPMX010000032.1	sp|F4J9M5|CHR12_ARATH	43.2	731	350	12	60184	58145	206	922	7.33e-159	531
JALPMX010000032.1	sp|F4K128|CHR23_ARATH	45.8	653	303	9	59968	58145	258	904	1.67e-158	528
JALPMX010000032.1	sp|P43690|DRG1_XENLA	67.6	361	116	1	33029	34108	7	367	2.62e-156	494
JALPMX010000032.1	sp|Q3MHP5|DRG1_BOVIN	66.3	365	122	1	33017	34108	3	367	5.77e-155	491
JALPMX010000032.1	sp|Q9Y295|DRG1_HUMAN	66.3	365	122	1	33017	34108	3	367	5.77e-155	491
JALPMX010000032.1	sp|P32233|DRG1_MOUSE	66.8	361	119	1	33029	34108	7	367	1.46e-154	489
JALPMX010000032.1	sp|Q9UT21|YFY7_SCHPO	66.8	361	120	0	33026	34108	6	366	1.92e-154	489
JALPMX010000032.1	sp|Q9VPH7|ERF1_DROME	59.4	416	142	2	32819	31653	4	419	1.35e-153	490
JALPMX010000032.1	sp|P32234|128UP_DROME	65.8	365	124	1	33017	34108	3	367	1.79e-153	486
JALPMX010000032.1	sp|P39729|RBG1_YEAST	65.5	365	123	2	33023	34108	5	369	2.20e-152	483
JALPMX010000032.1	sp|Q9GR88|ERF1_POLMI	56.1	431	158	3	32822	31608	3	428	6.71e-152	485
JALPMX010000032.1	sp|Q0VCX5|ERF1_BOVIN	57.0	433	158	4	32822	31608	3	435	7.20e-152	485
JALPMX010000032.1	sp|P62495|ERF1_HUMAN	57.0	433	158	4	32822	31608	3	435	7.20e-152	485
JALPMX010000032.1	sp|P62496|ERF1_MESAU	57.0	433	158	4	32822	31608	3	435	7.20e-152	485
JALPMX010000031.1	sp|Q8SVN8|NTE1_ENCCU	32.4	862	495	23	3539	1047	86	890	6.74e-111	384
JALPMX010000031.1	sp|Q8SQP2|TCPB_ENCCU	41.6	510	271	11	50231	51712	10	508	7.99e-100	338
JALPMX010000031.1	sp|P39076|TCPB_YEAST	39.7	522	292	10	50216	51712	4	525	6.52e-97	330
JALPMX010000031.1	sp|Q3ZBH0|TCPB_BOVIN	39.8	518	289	9	50219	51703	11	528	1.29e-93	321
JALPMX010000031.1	sp|Q54ES9|TCPB_DICDI	39.3	519	292	9	50219	51706	10	528	4.01e-93	319
JALPMX010000031.1	sp|P78371|TCPB_HUMAN	39.6	518	290	9	50219	51703	11	528	8.07e-93	318
JALPMX010000031.1	sp|Q4R6F8|TCPB_MACFA	39.6	518	290	9	50219	51703	11	528	8.07e-93	318
JALPMX010000031.1	sp|P80314|TCPB_MOUSE	39.4	518	291	9	50219	51703	11	528	3.73e-92	317
JALPMX010000031.1	sp|Q10147|TCPB_SCHPO	38.5	520	298	9	50216	51709	7	526	4.01e-92	316
JALPMX010000031.1	sp|Q5XIM9|TCPB_RAT	39.4	518	291	9	50219	51703	11	528	6.87e-92	316
JALPMX010000031.1	sp|Q940P8|TCPB_ARATH	38.2	526	292	12	50210	51703	3	523	1.16e-90	312
JALPMX010000031.1	sp|P47207|TCPB_CAEEL	38.4	521	299	8	50216	51712	5	525	1.93e-89	308
JALPMX010000031.1	sp|Q8SUZ5|DPH1_ENCCU	39.9	358	184	7	4922	3852	15	342	4.91e-77	266
JALPMX010000031.1	sp|Q3TRM4|PLPL6_MOUSE	47.3	294	150	3	1934	1068	946	1239	5.02e-76	287
JALPMX010000031.1	sp|Q8IY17|PLPL6_HUMAN	47.3	294	150	3	1934	1068	966	1259	9.99e-76	286
JALPMX010000031.1	sp|Q5RDS0|PLPL6_PONAB	46.9	294	151	3	1934	1068	956	1249	1.24e-75	286
JALPMX010000031.1	sp|A2AJ88|PLPL7_MOUSE	47.0	296	152	3	1934	1062	935	1230	4.34e-74	281
JALPMX010000031.1	sp|A1C9L6|NTE1_ASPCL	40.4	418	206	9	2180	1020	1109	1514	4.01e-73	279
JALPMX010000031.1	sp|Q4WA15|NTE1_ASPFU	41.1	404	198	8	2180	1062	1103	1497	1.18e-72	277
JALPMX010000031.1	sp|Q5BK26|PLPL7_RAT	47.3	296	151	3	1934	1062	932	1227	1.22e-72	276
JALPMX010000031.1	sp|A1D9Y2|NTE1_NEOFI	41.1	404	198	8	2180	1062	1104	1498	1.56e-72	277
JALPMX010000031.1	sp|Q6ZV29|PLPL7_HUMAN	45.9	296	155	3	1934	1062	913	1208	3.07e-72	275
JALPMX010000031.1	sp|Q59MG1|DPH1_CANAL	39.2	360	194	6	4919	3861	71	412	4.04e-72	254
JALPMX010000031.1	sp|Q6C0S8|DPH1_YARLI	38.5	366	197	7	4934	3861	79	424	5.88e-72	254
JALPMX010000031.1	sp|Q6BPU5|DPH1_DEBHA	39.4	360	193	6	4919	3861	66	407	6.26e-72	254
JALPMX010000043.1	sp|Q8SSC4|RPB1_ENCCU	52.0	1454	609	18	42087	37852	8	1414	0.0	1386
JALPMX010000043.1	sp|P36594|RPB1_SCHPO	49.7	1482	662	27	42126	37855	1	1456	0.0	1296
JALPMX010000043.1	sp|Q75A34|RPB1_ASHGO	47.4	1550	717	31	42087	37654	12	1535	0.0	1260
JALPMX010000043.1	sp|P04050|RPB1_YEAST	46.8	1546	730	27	42087	37654	12	1533	0.0	1243
JALPMX010000043.1	sp|P35084|RPB1_DICDI	46.6	1508	725	24	42087	37726	13	1494	0.0	1241
JALPMX010000043.1	sp|P18616|NRPB1_ARATH	46.3	1552	739	27	42084	37660	14	1547	0.0	1234
JALPMX010000043.1	sp|P16356|RPB1_CAEEL	43.6	1622	783	29	42081	37456	15	1584	0.0	1188
JALPMX010000043.1	sp|P11414|RPB1_CRIGR	45.2	1488	724	22	42087	37843	16	1484	0.0	1184
JALPMX010000043.1	sp|P24928|RPB1_HUMAN	45.2	1488	724	22	42087	37843	16	1484	0.0	1184
JALPMX010000043.1	sp|P08775|RPB1_MOUSE	45.2	1488	724	22	42087	37843	16	1484	0.0	1184
JALPMX010000043.1	sp|P35074|RPB1_CAEBR	44.2	1543	772	24	42087	37672	13	1537	0.0	1183
JALPMX010000043.1	sp|P04052|RPB1_DROME	45.4	1486	720	28	42087	37843	12	1476	0.0	1182
JALPMX010000043.1	sp|A5DCV3|RPB1_PICGU	43.5	1554	605	29	42087	37654	13	1369	0.0	1094
JALPMX010000043.1	sp|Q8SSJ5|CDC48_ENCCU	56.1	797	322	9	133661	131289	6	780	3.35e-282	877
JALPMX010000043.1	sp|Q7KN62|TERA_DROME	61.6	729	270	5	133535	131355	36	756	8.36e-281	874
JALPMX010000043.1	sp|Q9LZF6|CD48E_ARATH	57.2	774	311	7	133673	131355	8	762	3.02e-276	861
JALPMX010000043.1	sp|P54774|CDC48_SOYBN	58.4	765	298	8	133646	131355	18	763	5.02e-276	860
JALPMX010000043.1	sp|P54609|CD48A_ARATH	57.4	775	308	8	133673	131355	8	762	7.34e-276	860
JALPMX010000043.1	sp|P54812|TERA2_CAEEL	57.2	774	312	8	133670	131355	11	767	7.61e-276	860
JALPMX010000043.1	sp|Q7ZU99|TERA_DANRE	56.1	776	313	7	133667	131355	6	758	1.25e-273	853
JALPMX010000043.1	sp|Q6GL04|TERA_XENTR	56.5	772	308	7	133655	131355	10	758	3.03e-273	852
JALPMX010000043.1	sp|Q9SCN8|CD48D_ARATH	57.3	765	305	7	133646	131355	18	761	3.17e-273	853
JALPMX010000043.1	sp|P54811|TERA1_CAEEL	57.5	775	310	8	133670	131355	11	769	3.49e-273	852
JALPMX010000043.1	sp|P55072|TERA_HUMAN	58.9	732	284	6	133535	131355	39	758	1.08e-272	851
JALPMX010000043.1	sp|Q01853|TERA_MOUSE	58.9	732	284	6	133535	131355	39	758	1.08e-272	851
JALPMX010000034.1	sp|Q6GL41|MCM4_XENTR	42.9	709	365	12	11395	9383	151	857	9.10e-161	528
JALPMX010000034.1	sp|P30665|MCM4_YEAST	38.9	772	395	13	11473	9383	151	920	3.79e-160	529
JALPMX010000034.1	sp|P49717|MCM4_MOUSE	42.7	709	366	12	11395	9383	150	856	1.02e-159	525
JALPMX010000034.1	sp|Q5XK83|MCM4A_XENLA	42.3	709	369	12	11395	9383	146	852	4.17e-159	523
JALPMX010000034.1	sp|P30664|MCM4B_XENLA	42.3	709	369	12	11395	9383	151	857	4.84e-159	523
JALPMX010000034.1	sp|P33991|MCM4_HUMAN	42.7	709	366	12	11395	9383	151	857	4.84e-159	523
JALPMX010000034.1	sp|P29458|MCM4_SCHPO	40.1	746	373	15	11503	9461	130	866	2.39e-154	512
JALPMX010000034.1	sp|Q26454|MCM4_DROME	39.5	741	411	12	11497	9383	120	859	2.68e-153	506
JALPMX010000034.1	sp|Q0WVF5|MCM4_ARATH	42.0	664	344	9	11392	9518	123	784	1.73e-150	498
JALPMX010000034.1	sp|Q5JKB0|MCM4_ORYSJ	41.6	664	342	12	11392	9530	138	798	1.80e-144	481
JALPMX010000034.1	sp|Q95XQ8|MCM4_CAEEL	38.4	664	373	10	11392	9506	107	769	9.71e-137	457
JALPMX010000034.1	sp|A9CSZ1|SYEC_ENTBH	43.5	637	318	14	30554	32395	12	629	4.91e-136	447
JALPMX010000034.1	sp|Q75JI3|NSF_DICDI	41.0	661	335	14	7211	9058	24	674	4.33e-134	446
JALPMX010000034.1	sp|Q8SSE4|SYEC_ENCCU	41.3	598	323	10	30653	32395	53	639	4.35e-133	439
JALPMX010000034.1	sp|Q8SSE8|HSP82_ENCCU	38.8	673	389	12	16911	14917	18	675	2.53e-130	433
JALPMX010000034.1	sp|Q0DGP6|NSF_ORYSJ	41.0	631	321	13	7277	9064	57	671	3.54e-130	435
JALPMX010000034.1	sp|Q9P7Q4|SEC18_SCHPO	49.0	459	214	6	7733	9055	264	720	2.63e-129	434
JALPMX010000034.1	sp|P18759|SEC18_YEAST	41.0	647	315	17	7277	9064	65	695	2.13e-128	430
JALPMX010000034.1	sp|O13775|SYEC_SCHPO	44.7	528	256	9	30905	32395	189	711	9.88e-128	427
JALPMX010000034.1	sp|P18708|NSF_CRIGR	39.7	637	331	13	7277	9058	46	672	1.35e-124	419
JALPMX010000034.1	sp|P46459|NSF_HUMAN	39.8	636	330	13	7280	9058	47	672	1.35e-124	419
JALPMX010000034.1	sp|Q5R410|NSF_PONAB	39.8	636	330	13	7280	9058	47	672	1.83e-124	418
JALPMX010000034.1	sp|Q8SRG9|SYFA_ENCCU	44.5	481	246	5	35546	36982	7	468	2.47e-124	407
JALPMX010000034.1	sp|Q9M0Y8|NSF_ARATH	46.2	481	235	7	7688	9064	190	668	7.97e-124	416
JALPMX010000034.1	sp|P46460|NSF_MOUSE	39.4	637	333	13	7277	9058	46	672	8.43e-124	416
JALPMX010000026.1	sp|P20825|POL2_DROME	27.8	799	498	23	1242	3488	222	991	7.01e-67	251
JALPMX010000026.1	sp|P04323|POL3_DROME	27.3	761	477	21	1242	3368	223	959	1.21e-65	247
JALPMX010000026.1	sp|Q8I7P9|POL5_DROME	27.9	789	492	24	1095	3263	88	865	3.99e-64	242
JALPMX010000026.1	sp|P10394|POL4_DROME	29.0	511	328	10	1242	2744	330	815	3.53e-56	219
JALPMX010000026.1	sp|Q09575|YRD6_CAEEL	35.3	326	206	4	2721	3686	773	1097	2.08e-50	200
JALPMX010000026.1	sp|P05400|POL_CERV	27.8	431	291	9	1221	2471	233	657	6.28e-42	169
JALPMX010000026.1	sp|Q91DM0|POLG_PVCV1	28.8	375	257	8	1341	2456	1437	1804	5.81e-33	144
JALPMX010000026.1	sp|Q6XKE6|POLG_PVCV2	28.8	375	257	8	1341	2456	1438	1805	5.81e-33	144
JALPMX010000026.1	sp|P27502|POL_RTBVP	27.3	330	233	4	1344	2318	1238	1565	4.96e-29	131
JALPMX010000026.1	sp|O92815|POL_WDSV	24.1	432	298	10	1143	2387	752	1170	1.25e-23	113
JALPMX010000026.1	sp|P92523|M860_ARATH	34.7	124	68	3	1725	2060	1	123	5.22e-13	72.0
JALPMX010000037.1	sp|Q9P7X8|RPA2_SCHPO	36.7	1195	619	25	141280	144585	24	1174	1.86e-215	699
JALPMX010000037.1	sp|Q9H9Y6|RPA2_HUMAN	35.7	1144	642	18	141286	144576	36	1132	2.02e-204	666
JALPMX010000037.1	sp|P43239|ACT1_PNECA	81.3	374	68	1	114462	115577	2	375	4.11e-204	633
JALPMX010000037.1	sp|Q7ZVF9|ACTB2_DANRE	80.7	373	70	1	114465	115577	3	375	5.59e-204	633
JALPMX010000037.1	sp|P83751|ACTB_CTEID	80.7	373	70	1	114465	115577	3	375	5.59e-204	633
JALPMX010000037.1	sp|P83750|ACTB_CYPCA	80.7	373	70	1	114465	115577	3	375	5.59e-204	633
JALPMX010000037.1	sp|Q8JJB8|ACTG_TRISC	80.7	373	70	1	114465	115577	3	375	5.59e-204	633
JALPMX010000037.1	sp|P53485|ACTB2_TAKRU	80.7	373	70	1	114465	115577	3	375	7.62e-204	632
JALPMX010000037.1	sp|P53486|ACTB3_TAKRU	80.2	374	72	1	114462	115577	2	375	7.62e-204	632
JALPMX010000037.1	sp|P02578|ACT1_ACACA	80.4	373	71	1	114465	115577	3	375	1.04e-203	632
JALPMX010000037.1	sp|P68142|ACTB1_TAKRU	80.2	374	72	1	114462	115577	2	375	1.04e-203	632
JALPMX010000037.1	sp|P68143|ACTB_OREMO	80.2	374	72	1	114462	115577	2	375	1.04e-203	632
JALPMX010000037.1	sp|O42161|ACTB_SALSA	80.2	374	72	1	114462	115577	2	375	1.04e-203	632
JALPMX010000037.1	sp|P63258|ACTG_BOVIN	80.5	374	71	1	114462	115577	2	375	1.04e-203	632
JALPMX010000037.1	sp|Q5ZMQ2|ACTG_CHICK	80.5	374	71	1	114462	115577	2	375	1.04e-203	632
JALPMX010000037.1	sp|P63261|ACTG_HUMAN	80.5	374	71	1	114462	115577	2	375	1.04e-203	632
JALPMX010000037.1	sp|P63260|ACTG_MOUSE	80.5	374	71	1	114462	115577	2	375	1.04e-203	632
JALPMX010000037.1	sp|P63259|ACTG_RAT	80.5	374	71	1	114462	115577	2	375	1.04e-203	632
JALPMX010000037.1	sp|P63257|ACTG_TRIVU	80.5	374	71	1	114462	115577	2	375	1.04e-203	632
JALPMX010000037.1	sp|A2BDB0|ACTG_XENLA	80.5	374	71	1	114462	115577	2	375	1.04e-203	632
JALPMX010000037.1	sp|P41340|ACT3_LIMPO	80.4	373	71	1	114465	115577	4	376	1.08e-203	632
JALPMX010000037.1	sp|P10986|ACT4_CAEEL	80.2	373	72	1	114465	115577	4	376	1.08e-203	632
JALPMX010000037.1	sp|P60712|ACTB_BOVIN	80.4	373	71	1	114465	115577	3	375	1.41e-203	632
JALPMX010000037.1	sp|O18840|ACTB_CANLF	80.4	373	71	1	114465	115577	3	375	1.41e-203	632
JALPMX010000037.1	sp|Q71FK5|ACTB_CAVPO	80.4	373	71	1	114465	115577	3	375	1.41e-203	632
JALPMX010000036.1	sp|Q3THS6|METK2_MOUSE	56.8	382	156	6	30423	31556	18	394	2.50e-127	413
JALPMX010000036.1	sp|P18298|METK2_RAT	56.5	382	157	6	30423	31556	18	394	3.40e-127	413
JALPMX010000036.1	sp|P31153|METK2_HUMAN	56.5	382	157	6	30423	31556	18	394	4.63e-127	412
JALPMX010000036.1	sp|Q4R924|METK2_MACFA	56.5	382	157	6	30423	31556	18	394	4.63e-127	412
JALPMX010000036.1	sp|Q5R5H1|METK2_PONAB	56.5	382	157	6	30423	31556	18	394	4.63e-127	412
JALPMX010000036.1	sp|P10659|METK1_YEAST	54.2	382	166	5	30423	31556	5	381	1.01e-126	411
JALPMX010000036.1	sp|P19358|METK2_YEAST	53.8	385	169	5	30414	31556	4	383	5.09e-126	409
JALPMX010000036.1	sp|P50306|METK4_CAEEL	54.8	383	164	6	30420	31556	5	382	2.56e-125	408
JALPMX010000036.1	sp|O60198|METK_SCHPO	55.0	382	163	6	30423	31556	5	381	4.12e-125	406
JALPMX010000036.1	sp|P50305|METK3_CAEEL	54.1	386	168	6	30411	31556	2	382	6.47e-125	407
JALPMX010000036.1	sp|Q91X83|METK1_MOUSE	54.3	381	165	6	30423	31553	19	394	3.13e-124	404
JALPMX010000036.1	sp|P13444|METK1_RAT	55.0	382	162	7	30423	31553	19	395	3.24e-124	404
JALPMX010000036.1	sp|Q27522|METK5_CAEEL	54.7	386	166	6	30411	31556	2	382	4.12e-124	404
JALPMX010000036.1	sp|O17680|METK1_CAEEL	52.3	400	182	6	30420	31607	4	398	7.38e-124	404
JALPMX010000036.1	sp|Q00266|METK1_HUMAN	53.8	381	167	6	30423	31553	18	393	3.57e-123	401
JALPMX010000036.1	sp|Q2KJC6|METK1_BOVIN	53.8	381	167	6	30423	31553	19	394	1.27e-122	400
JALPMX010000036.1	sp|O43938|METK_LEIIN	53.2	391	171	5	30411	31553	2	390	2.79e-122	399
JALPMX010000036.1	sp|Q54F07|METK_DICDI	54.9	384	163	6	30423	31556	4	383	5.35e-122	397
JALPMX010000036.1	sp|P48466|METK_NEUCR	54.6	383	164	7	30423	31556	17	394	7.81e-122	397
JALPMX010000036.1	sp|P40320|METK_DROME	53.7	382	168	6	30423	31556	29	405	2.26e-121	397
JALPMX010000036.1	sp|P50304|METK_ASCIM	51.3	392	180	7	30396	31553	5	391	4.12e-118	387
JALPMX010000036.1	sp|Q8SQK8|SYNC_ENCCU	50.1	427	201	7	67673	68944	34	451	1.15e-117	388
JALPMX010000036.1	sp|A9CTP8|SYNC_ENTBH	46.2	435	224	4	67640	68944	34	458	2.73e-115	381
JALPMX010000036.1	sp|C4V847|SYNC_NOSCE	45.9	449	227	9	67616	68944	9	447	3.04e-114	378
JALPMX010000036.1	sp|Q95032|METK_ACACA	50.9	389	178	7	30411	31553	3	386	6.75e-114	374
JALPMX010000038.1	sp|Q8SQV6|SYIC_ENCCU	43.6	1083	463	20	71525	68358	12	973	1.12e-274	865
JALPMX010000038.1	sp|Q54YD4|SYIC_DICDI	42.7	1090	487	19	71528	68376	13	1003	9.51e-263	832
JALPMX010000038.1	sp|C4V8Q1|SYIC_NOSCE	41.4	1091	504	19	71537	68355	9	994	2.22e-258	819
JALPMX010000038.1	sp|P41252|SYIC_HUMAN	42.7	1083	515	22	71555	68376	8	1007	4.53e-258	827
JALPMX010000038.1	sp|Q8BU30|SYIC_MOUSE	41.2	1086	527	18	71555	68376	8	1007	9.48e-255	817
JALPMX010000038.1	sp|F4JLM5|SYIC_ARATH	41.4	1091	540	21	71552	68376	10	1033	2.52e-251	804
JALPMX010000038.1	sp|O13651|SYIC_SCHPO	40.5	1085	535	17	71537	68361	5	1004	6.31e-251	798
JALPMX010000038.1	sp|B7XK16|SYIC_ENTBH	42.5	985	431	13	71534	68694	9	896	6.61e-251	793
JALPMX010000038.1	sp|Q21926|SYIC_CAEEL	40.0	1109	557	18	71534	68259	14	1031	3.85e-244	781
JALPMX010000038.1	sp|P09436|SYIC_YEAST	39.6	1103	548	21	71555	68337	7	1021	5.01e-240	767
JALPMX010000038.1	sp|Q8SQT7|EF2_ENCCU	47.9	850	426	7	160571	158046	6	846	1.61e-238	753
JALPMX010000038.1	sp|Q9Z972|SYI_CHLPN	37.8	1085	554	18	71564	68358	7	986	4.92e-234	748
JALPMX010000038.1	sp|P36422|SYI_TETTH	38.5	1097	570	20	71564	68355	3	1021	8.83e-234	749
JALPMX010000038.1	sp|Q6MKX0|SYI_BDEBA	40.4	1120	538	23	71537	68235	20	1028	3.44e-233	746
JALPMX010000038.1	sp|Q5L5L0|SYI_CHLAB	44.8	825	390	10	71537	69090	12	780	1.23e-231	741
JALPMX010000038.1	sp|B5RN32|SYI_BORDL	38.7	1087	543	23	71564	68364	5	988	1.72e-231	741
JALPMX010000038.1	sp|B5RQH0|SYI_BORRA	38.6	1087	544	23	71564	68364	5	988	2.71e-230	738
JALPMX010000038.1	sp|Q822L8|SYI_CHLCV	38.5	1082	538	23	71537	68358	12	988	4.85e-230	737
JALPMX010000038.1	sp|B2S1H8|SYI_BORHD	37.2	1090	562	22	71564	68355	5	991	4.93e-226	725
JALPMX010000038.1	sp|B0B9C6|SYI_CHLT2	40.4	964	469	13	71537	68682	9	878	7.08e-226	724
JALPMX010000038.1	sp|B0BB05|SYI_CHLTB	40.4	964	469	13	71537	68682	9	878	7.08e-226	724
JALPMX010000038.1	sp|O84022|SYI_CHLTR	40.2	964	470	13	71537	68682	9	878	1.31e-225	724
JALPMX010000038.1	sp|Q0SM18|SYI_BORAP	38.2	1094	545	25	71564	68355	5	991	7.30e-225	722
JALPMX010000038.1	sp|Q3KN03|SYI_CHLTA	40.0	964	472	13	71537	68682	9	878	8.21e-225	721
JALPMX010000038.1	sp|Q6MDY1|SYI_PARUW	45.1	816	382	9	71531	69111	12	770	7.47e-224	719
JALPMX010000004.1	sp|P34257|TC3A_CAEEL	42.0	331	190	1	1213	221	1	329	7.84e-77	247
JALPMX010000030.1	sp|Q5ZJ54|TCPZ_CHICK	36.6	528	320	5	10563	12128	6	524	3.41e-94	322
JALPMX010000030.1	sp|O77622|TCPZ_RABIT	37.5	530	312	8	10563	12128	7	525	8.80e-94	320
JALPMX010000030.1	sp|P80317|TCPZ_MOUSE	38.0	529	311	8	10563	12128	7	525	1.19e-93	320
JALPMX010000030.1	sp|Q3MHL7|TCPZ_BOVIN	37.7	530	311	8	10563	12128	7	525	1.62e-93	320
JALPMX010000030.1	sp|P40227|TCPZ_HUMAN	37.7	530	311	8	10563	12128	7	525	1.02e-92	317
JALPMX010000030.1	sp|Q5RCD2|TCPZ_PONAB	37.7	530	311	8	10563	12128	7	525	1.02e-92	317
JALPMX010000030.1	sp|Q92526|TCPW_HUMAN	36.7	529	318	7	10563	12128	7	525	2.48e-92	316
JALPMX010000030.1	sp|Q3T084|TCPW_BOVIN	36.7	529	318	8	10563	12128	7	525	5.44e-91	312
JALPMX010000030.1	sp|Q76NU3|TCPZ_DICDI	38.2	526	303	9	10593	12140	17	530	6.85e-91	312
JALPMX010000030.1	sp|Q61390|TCPW_MOUSE	35.7	524	320	6	10578	12128	12	525	8.39e-88	303
JALPMX010000030.1	sp|P46550|TCPZ_CAEEL	36.8	538	309	9	10563	12128	7	529	8.94e-87	300
JALPMX010000030.1	sp|P39079|TCPZ_YEAST	32.8	543	341	6	10554	12131	3	538	5.01e-86	298
JALPMX010000030.1	sp|Q9M888|TCPZA_ARATH	34.9	536	330	6	10563	12140	6	532	7.81e-85	295
JALPMX010000030.1	sp|Q8L7N0|TCPZB_ARATH	34.5	536	331	7	10563	12140	6	531	1.22e-83	291
JALPMX010000030.1	sp|O94515|TCPZ_SCHPO	32.8	533	343	5	10554	12131	2	526	8.76e-82	286
JALPMX010000030.1	sp|O04486|RAA2A_ARATH	55.0	191	80	3	7659	7093	13	199	1.17e-57	204
JALPMX010000030.1	sp|O24735|THSB_SULTO	32.1	527	329	10	10584	12131	26	534	1.08e-56	213
JALPMX010000030.1	sp|Q9YA66|THSB_AERPE	30.9	530	337	8	10563	12119	19	530	4.46e-56	211
JALPMX010000030.1	sp|Q40723|RLGP2_ORYSJ	60.1	163	64	1	7659	7171	13	174	4.79e-56	199
JALPMX010000030.1	sp|Q9V2T4|THSB_SULAC	31.9	527	330	8	10584	12131	26	534	1.66e-55	209
JALPMX010000030.1	sp|P38555|YPT31_YEAST	50.7	211	89	3	7659	7069	14	223	2.01e-55	198
JALPMX010000030.1	sp|P22129|RB11B_DIPOM	52.2	205	89	3	7659	7069	12	215	8.00e-55	196
JALPMX010000030.1	sp|P62490|RB11A_CANLF	57.8	180	71	2	7659	7132	12	190	1.02e-54	196
JALPMX010000030.1	sp|Q5ZJN2|RB11A_CHICK	57.8	180	71	2	7659	7132	12	190	1.02e-54	196
JALPMX010000030.1	sp|P62491|RB11A_HUMAN	57.8	180	71	2	7659	7132	12	190	1.02e-54	196
JALPMX010000005.1	sp|P21328|RTJK_DROME	33.7	101	55	2	501	214	593	686	6.41e-06	52.8
JALPMX010000005.1	sp|P21329|RTJK_DROFU	35.2	88	51	2	462	214	600	686	7.64e-05	49.3
JALPMX010000033.1	sp|Q10233|RPC2_SCHPO	47.7	1148	491	18	50364	47122	57	1162	2.63e-312	978
JALPMX010000033.1	sp|Q9NW08|RPC2_HUMAN	47.2	1157	495	21	50394	47125	23	1130	4.22e-308	965
JALPMX010000033.1	sp|P59470|RPC2_MOUSE	47.1	1157	496	21	50394	47125	23	1130	1.24e-306	961
JALPMX010000033.1	sp|P22276|RPC2_YEAST	46.6	1143	509	15	50382	47128	45	1144	9.98e-300	941
JALPMX010000033.1	sp|P25167|RPC2_DROME	44.7	1151	528	17	50394	47128	31	1135	3.68e-288	907
JALPMX010000033.1	sp|F4KD38|NRPC2_ARATH	42.0	1168	558	19	50391	47131	30	1158	2.27e-262	834
JALPMX010000033.1	sp|Q54IZ9|RPC2_DICDI	32.0	1618	524	20	50394	47131	36	1605	2.51e-222	733
JALPMX010000033.1	sp|Q54J75|RPB2_DICDI	34.3	1186	620	26	50364	47137	30	1166	1.29e-188	620
JALPMX010000033.1	sp|P31814|RPOB_THECE	34.1	1147	632	22	50358	47131	25	1118	6.58e-184	605
JALPMX010000033.1	sp|Q8SR75|RPB2_ENCCU	34.6	1174	617	29	50364	47137	17	1137	5.80e-182	600
JALPMX010000033.1	sp|P38420|NRPB2_ARATH	34.3	1200	614	27	50364	47128	33	1179	4.30e-180	596
JALPMX010000033.1	sp|P48601|PRS4_DROME	70.1	405	120	1	25208	23997	34	438	9.44e-179	562
JALPMX010000033.1	sp|P08518|RPB2_YEAST	34.1	1233	603	28	50364	47137	37	1216	1.26e-178	593
JALPMX010000033.1	sp|Q42877|RPB2_SOLLC	34.2	1197	620	28	50364	47128	32	1178	1.31e-178	592
JALPMX010000033.1	sp|P11513|RPOB_SULAC	34.5	1158	627	26	50373	47131	11	1114	1.41e-178	589
JALPMX010000033.1	sp|Q10578|RPB2_CAEEL	33.8	1189	629	28	50364	47128	40	1180	1.87e-178	591
JALPMX010000033.1	sp|P62191|PRS4_HUMAN	70.4	405	119	1	25208	23997	35	439	8.50e-178	560
JALPMX010000033.1	sp|P62192|PRS4_MOUSE	70.4	405	119	1	25208	23997	35	439	8.50e-178	560
JALPMX010000033.1	sp|P62193|PRS4_RAT	70.4	405	119	1	25208	23997	35	439	8.50e-178	560
JALPMX010000033.1	sp|Q6FLD5|RPB2_CANGA	33.7	1234	607	30	50364	47137	35	1215	1.38e-177	590
JALPMX010000033.1	sp|Q90732|PRS4_CHICK	69.6	405	122	1	25208	23997	35	439	1.19e-175	553
JALPMX010000033.1	sp|O16368|PRS4_CAEEL	65.6	442	137	3	25277	23997	1	442	1.81e-175	553
JALPMX010000033.1	sp|P08266|RPB2_DROME	34.7	1192	614	31	50364	47131	34	1175	2.35e-175	582
JALPMX010000033.1	sp|Q753Q4|RPB2_ASHGO	33.6	1238	604	33	50364	47137	33	1214	6.48e-174	579
JALPMX010000033.1	sp|Q9SZD4|PRS4A_ARATH	67.7	405	130	1	25208	23997	38	442	1.00e-173	548
JALPMX010000023.1	sp|Q09575|YRD6_CAEEL	28.7	1080	529	23	3938	810	3	878	9.67e-106	372
JALPMX010000023.1	sp|P20825|POL2_DROME	28.9	655	409	15	2663	822	206	844	3.32e-70	261
JALPMX010000023.1	sp|P04323|POL3_DROME	30.0	669	398	19	2690	822	200	844	7.76e-69	257
JALPMX010000023.1	sp|Q8I7P9|POL5_DROME	28.5	713	440	21	2765	810	87	790	1.41e-65	246
JALPMX010000023.1	sp|P10394|POL4_DROME	25.9	694	403	15	2768	972	262	939	6.62e-56	218
JALPMX010000023.1	sp|P09523|POL_FMVD	31.0	429	277	10	2645	1389	243	662	9.10e-47	183
JALPMX010000023.1	sp|Q91DM0|POLG_PVCV1	26.9	391	274	8	2543	1389	1420	1804	1.27e-31	139
JALPMX010000023.1	sp|Q6XKE6|POLG_PVCV2	26.9	391	274	8	2543	1389	1421	1805	1.27e-31	139
JALPMX010000023.1	sp|P19199|POL_COYMV	26.3	399	257	13	2516	1383	1457	1839	7.58e-25	117
JALPMX010000045.1	sp|Q8SS99|TBB_ENCCU	79.9	432	87	0	131697	132992	1	432	1.54e-239	739
JALPMX010000045.1	sp|Q24829|TBB_ENCHE	80.1	432	86	0	131697	132992	1	432	1.54e-239	739
JALPMX010000045.1	sp|Q9GSR5|TBB_ENCIN	80.1	432	86	0	131697	132992	1	432	2.10e-239	739
JALPMX010000045.1	sp|O44388|TBB_TRITR	79.3	435	90	0	131697	133001	1	435	2.61e-237	733
JALPMX010000045.1	sp|O17449|TBB1_MANSE	79.4	433	89	0	131697	132995	1	433	1.01e-236	731
JALPMX010000045.1	sp|Q24560|TBB1_DROME	79.4	433	89	0	131697	132995	1	433	1.87e-236	731
JALPMX010000045.1	sp|Q27U48|TBB1_GLOMM	79.4	433	89	0	131697	132995	1	433	1.87e-236	731
JALPMX010000045.1	sp|Q9NFZ6|TBB2_ECHMU	78.8	433	92	0	131697	132995	1	433	5.97e-236	729
JALPMX010000045.1	sp|Q3MHM5|TBB4B_BOVIN	79.4	433	89	0	131697	132995	1	433	8.14e-236	729
JALPMX010000045.1	sp|P68371|TBB4B_HUMAN	79.4	433	89	0	131697	132995	1	433	8.14e-236	729
JALPMX010000045.1	sp|P68372|TBB4B_MOUSE	79.4	433	89	0	131697	132995	1	433	8.14e-236	729
JALPMX010000045.1	sp|P30883|TBB4_XENLA	79.4	433	89	0	131697	132995	1	433	8.14e-236	729
JALPMX010000045.1	sp|P36221|TBB1_NOTNE	79.7	433	88	0	131697	132995	1	433	1.57e-235	728
JALPMX010000045.1	sp|P11833|TBB_PARLI	79.2	433	90	0	131697	132995	1	433	1.63e-235	728
JALPMX010000045.1	sp|Q6B856|TBB2B_BOVIN	79.2	432	90	0	131697	132992	1	432	2.80e-235	727
JALPMX010000045.1	sp|Q9BVA1|TBB2B_HUMAN	79.2	432	90	0	131697	132992	1	432	2.80e-235	727
JALPMX010000045.1	sp|Q9CWF2|TBB2B_MOUSE	79.2	432	90	0	131697	132992	1	432	2.80e-235	727
JALPMX010000045.1	sp|Q3KRE8|TBB2B_RAT	79.2	432	90	0	131697	132992	1	432	2.80e-235	727
JALPMX010000045.1	sp|P32882|TBB2_CHICK	79.2	432	90	0	131697	132992	1	432	2.80e-235	727
JALPMX010000045.1	sp|P02554|TBB_PIG	79.2	432	90	0	131697	132992	1	432	2.80e-235	727
JALPMX010000045.1	sp|Q2KJD0|TBB5_BOVIN	78.8	434	92	0	131697	132998	1	434	3.68e-235	727
JALPMX010000045.1	sp|P69893|TBB5_CRIGR	78.8	434	92	0	131697	132998	1	434	3.68e-235	727
JALPMX010000045.1	sp|P07437|TBB5_HUMAN	78.8	434	92	0	131697	132998	1	434	3.68e-235	727
JALPMX010000045.1	sp|P69895|TBB5_MACMU	78.8	434	92	0	131697	132998	1	434	3.68e-235	727
JALPMX010000045.1	sp|P99024|TBB5_MOUSE	78.8	434	92	0	131697	132998	1	434	3.68e-235	727
JALPMX010000035.1	sp|Q9QXK7|CPSF3_MOUSE	55.7	465	205	1	67932	69323	14	478	1.33e-170	550
JALPMX010000035.1	sp|P79101|CPSF3_BOVIN	55.5	465	206	1	67932	69323	14	478	6.18e-170	548
JALPMX010000035.1	sp|Q9UKF6|CPSF3_HUMAN	55.5	465	206	1	67932	69323	14	478	6.18e-170	548
JALPMX010000035.1	sp|Q86A79|CPSF3_DICDI	47.2	591	275	9	67926	69626	36	613	4.42e-169	549
JALPMX010000035.1	sp|Q9VE51|CPSF3_DROME	47.7	575	290	6	67926	69626	18	589	5.31e-169	545
JALPMX010000035.1	sp|Q9C952|CPSF3_ARATH	47.0	574	292	7	67932	69626	24	594	6.19e-162	525
JALPMX010000035.1	sp|Q4PEJ3|YSH1_USTMA	46.9	574	288	10	67941	69617	29	600	1.68e-160	528
JALPMX010000035.1	sp|O13794|YSH1_SCHPO	43.0	597	329	6	67926	69695	19	611	2.50e-155	508
JALPMX010000035.1	sp|Q6C2Z7|YSH1_YARLI	51.4	473	222	5	67935	69329	40	512	2.19e-145	482
JALPMX010000035.1	sp|P10819|SAHH_DICDI	54.2	441	186	4	38498	37179	6	431	1.54e-141	455
JALPMX010000035.1	sp|Q27580|SAHH_DROME	52.3	444	195	4	38504	37179	4	432	1.88e-140	452
JALPMX010000035.1	sp|Q710C4|SAHH_PIG	54.0	441	187	4	38498	37179	7	432	1.88e-140	452
JALPMX010000035.1	sp|O93477|SAHHB_XENLA	52.8	441	193	4	38498	37179	7	433	1.95e-140	452
JALPMX010000035.1	sp|Q3MHL4|SAHH_BOVIN	53.7	441	188	4	38498	37179	7	432	2.56e-140	452
JALPMX010000035.1	sp|Q4R596|SAHH_MACFA	54.0	441	187	4	38498	37179	7	432	2.56e-140	452
JALPMX010000035.1	sp|Q6FUA5|YSH1_CANGA	48.9	476	227	5	67929	69308	11	486	5.42e-140	464
JALPMX010000035.1	sp|P10760|SAHH_RAT	53.7	441	188	4	38498	37179	7	432	8.80e-140	450
JALPMX010000035.1	sp|P23526|SAHH_HUMAN	53.7	441	188	4	38498	37179	7	432	1.20e-139	450
JALPMX010000035.1	sp|P51893|SAHHA_XENLA	52.6	441	194	4	38498	37179	7	433	1.24e-139	450
JALPMX010000035.1	sp|B6J6H1|SAHH_COXB1	52.9	444	186	7	38498	37179	14	438	1.47e-139	450
JALPMX010000035.1	sp|O76757|SAHH_ANOGA	52.9	444	192	5	38504	37179	4	432	2.22e-139	449
JALPMX010000035.1	sp|B6J3R0|SAHH_COXB2	52.9	444	186	7	38498	37179	14	438	2.73e-139	449
JALPMX010000035.1	sp|A9KD88|SAHH_COXBN	52.9	444	186	7	38498	37179	14	438	2.73e-139	449
JALPMX010000035.1	sp|Q83A77|SAHH_COXBU	52.9	444	186	7	38498	37179	14	438	2.73e-139	449
JALPMX010000035.1	sp|P50247|SAHH_MOUSE	53.3	441	190	4	38498	37179	7	432	1.93e-138	446
JALPMX010000044.1	sp|Q8SRI6|TBA_ENCCU	73.1	439	115	2	344107	345417	1	438	1.17e-217	676
JALPMX010000044.1	sp|Q91060|TBA_NOTVI	68.3	435	135	2	344107	345402	1	435	2.32e-204	639
JALPMX010000044.1	sp|Q28IX8|TBA_XENTR	68.3	435	135	2	344107	345402	1	435	3.05e-204	638
JALPMX010000044.1	sp|P81948|TBA4A_BOVIN	68.5	435	134	2	344107	345402	1	435	4.00e-204	638
JALPMX010000044.1	sp|P68366|TBA4A_HUMAN	68.5	435	134	2	344107	345402	1	435	4.00e-204	638
JALPMX010000044.1	sp|P68367|TBA4A_MACFA	68.5	435	134	2	344107	345402	1	435	4.00e-204	638
JALPMX010000044.1	sp|P68368|TBA4A_MOUSE	68.5	435	134	2	344107	345402	1	435	4.00e-204	638
JALPMX010000044.1	sp|Q5XIF6|TBA4A_RAT	68.5	435	134	2	344107	345402	1	435	4.00e-204	638
JALPMX010000044.1	sp|P91910|TBA3_CAEEL	68.7	435	133	2	344107	345402	1	435	1.48e-203	636
JALPMX010000044.1	sp|P53372|TBA1_PNECA	68.9	440	134	3	344107	345417	1	440	1.95e-203	636
JALPMX010000044.1	sp|Q8SRI2|GFA1_ENCCU	49.4	704	334	10	26488	24428	1	699	2.49e-203	647
JALPMX010000044.1	sp|P50719|TBA_HAECO	68.7	435	133	2	344107	345402	1	435	2.75e-203	635
JALPMX010000044.1	sp|Q94572|TBA3_HOMAM	68.5	435	134	2	344107	345402	1	435	3.89e-203	635
JALPMX010000044.1	sp|Q8WQ47|TBA_LEPDS	67.8	435	137	2	344107	345402	1	435	5.11e-203	635
JALPMX010000044.1	sp|P18258|TBA1_PARLI	68.0	435	136	2	344107	345402	1	435	5.50e-203	635
JALPMX010000044.1	sp|P06603|TBA1_DROME	67.8	435	137	2	344107	345402	1	435	6.95e-203	634
JALPMX010000044.1	sp|P36220|TBA_TORMA	67.3	440	141	2	344107	345417	1	440	7.21e-203	634
JALPMX010000044.1	sp|P81947|TBA1B_BOVIN	67.3	440	141	2	344107	345417	1	440	9.83e-203	634
JALPMX010000044.1	sp|P68361|TBA1B_CRIGR	67.3	440	141	2	344107	345417	1	440	9.83e-203	634
JALPMX010000044.1	sp|P68363|TBA1B_HUMAN	67.3	440	141	2	344107	345417	1	440	9.83e-203	634
JALPMX010000044.1	sp|Q4R538|TBA1B_MACFA	67.3	440	141	2	344107	345417	1	440	9.83e-203	634
JALPMX010000044.1	sp|P68360|TBA1B_MERUN	67.3	440	141	2	344107	345417	1	440	9.83e-203	634
JALPMX010000044.1	sp|P05213|TBA1B_MOUSE	67.3	440	141	2	344107	345417	1	440	9.83e-203	634
JALPMX010000044.1	sp|Q2XVP4|TBA1B_PIG	67.3	440	141	2	344107	345417	1	440	9.83e-203	634
JALPMX010000044.1	sp|Q6P9V9|TBA1B_RAT	67.3	440	141	2	344107	345417	1	440	9.83e-203	634
JALPMX010000040.1	sp|O94666|RPC1_SCHPO	40.1	1415	711	29	184764	188738	9	1376	5.60e-279	893
JALPMX010000040.1	sp|Q6BI69|RPC1_DEBHA	39.1	1471	710	38	184767	188753	10	1436	2.91e-273	879
JALPMX010000040.1	sp|P04051|RPC1_YEAST	39.2	1458	716	33	184767	188738	10	1430	3.65e-272	875
JALPMX010000040.1	sp|Q5ZL98|RPC1_CHICK	38.9	1425	697	33	184764	188738	11	1362	7.42e-263	846
JALPMX010000040.1	sp|Q86AQ5|RPC1_DICDI	37.7	1473	718	31	184767	188738	11	1432	1.27e-262	847
JALPMX010000040.1	sp|O14802|RPC1_HUMAN	38.8	1421	704	32	184764	188738	11	1362	2.89e-261	841
JALPMX010000040.1	sp|A4IF62|RPC1_BOVIN	38.8	1421	705	32	184764	188738	11	1362	3.82e-259	835
JALPMX010000040.1	sp|F4JXF9|NRPC1_ARATH	36.5	1421	722	34	184767	188738	20	1357	5.89e-228	744
JALPMX010000040.1	sp|O14232|MTR4_SCHPO	42.4	1023	508	24	198035	200944	123	1117	2.57e-215	697
JALPMX010000040.1	sp|P42285|MTREX_HUMAN	41.5	989	464	22	198149	200944	112	1042	1.18e-211	684
JALPMX010000040.1	sp|Q9CZU3|MTREX_MOUSE	41.2	989	467	22	198149	200944	110	1040	3.21e-210	680
JALPMX010000040.1	sp|P08968|RPC1_TRYBB	33.7	1487	812	41	184761	188756	22	1489	1.53e-205	683
JALPMX010000040.1	sp|P47047|MTR4_YEAST	40.0	999	490	19	198143	200944	119	1073	9.70e-205	665
JALPMX010000040.1	sp|Q9XIF2|MTR4_ARATH	39.9	980	494	21	198176	200944	47	988	9.29e-196	636
JALPMX010000040.1	sp|Q23223|MTR4_CAEEL	40.9	1003	521	26	198041	200944	61	1026	2.48e-194	633
JALPMX010000040.1	sp|Q8SSI7|CHS1_ENCCU	43.7	780	355	16	38287	36143	26	786	4.85e-191	615
JALPMX010000040.1	sp|O13799|YE02_SCHPO	39.7	996	496	22	198119	200944	86	1030	1.04e-188	617
JALPMX010000040.1	sp|P35084|RPB1_DICDI	31.7	1516	789	34	184770	188759	13	1468	6.03e-187	634
JALPMX010000040.1	sp|Q9ZVW2|HEN2_ARATH	38.9	959	494	20	198221	200944	78	995	1.38e-183	601
JALPMX010000040.1	sp|P52495|UBA1_CANAW	37.0	1029	556	21	225595	228447	5	1019	8.03e-178	585
JALPMX010000040.1	sp|Q8SSC4|RPB1_ENCCU	30.6	1490	796	32	184764	188762	6	1414	3.31e-173	590
JALPMX010000040.1	sp|P31813|RPOA1_THECE	36.5	912	488	15	184764	187316	4	885	4.96e-166	546
JALPMX010000040.1	sp|O94609|UBA1_SCHPO	35.0	1021	579	23	225595	228447	5	1010	1.72e-165	549
JALPMX010000040.1	sp|P22515|UBA1_YEAST	35.4	1025	564	24	225622	228447	13	1022	2.02e-164	546
JALPMX010000040.1	sp|Q980R2|RPOA1_SACS2	36.3	897	486	18	184770	187316	4	863	3.15e-164	540
JALPMX010000041.1	sp|Q8SR75|RPB2_ENCCU	61.5	1147	412	8	39171	42557	6	1140	0.0	1452
JALPMX010000041.1	sp|P38420|NRPB2_ARATH	58.4	1161	444	11	39168	42548	21	1176	0.0	1360
JALPMX010000041.1	sp|Q02061|RPB2_SCHPO	56.9	1196	441	12	39162	42539	10	1201	0.0	1358
JALPMX010000041.1	sp|Q42877|RPB2_SOLLC	57.6	1158	458	9	39168	42548	20	1175	0.0	1350
JALPMX010000041.1	sp|Q54J75|RPB2_DICDI	57.6	1157	452	12	39168	42548	18	1166	0.0	1345
JALPMX010000041.1	sp|A5DHT2|RPB2_PICGU	54.6	1220	457	14	39165	42557	17	1228	0.0	1327
JALPMX010000041.1	sp|Q8CFI7|RPB2_MOUSE	58.3	1153	449	13	39174	42548	23	1171	0.0	1323
JALPMX010000041.1	sp|P30876|RPB2_HUMAN	58.2	1153	450	13	39174	42548	23	1171	0.0	1321
JALPMX010000041.1	sp|P08266|RPB2_DROME	57.3	1150	460	11	39174	42539	24	1170	0.0	1320
JALPMX010000041.1	sp|P08518|RPB2_YEAST	54.6	1194	467	11	39168	42539	25	1213	0.0	1303
JALPMX010000041.1	sp|Q6FLD5|RPB2_CANGA	54.5	1195	468	11	39168	42539	23	1212	0.0	1300
JALPMX010000041.1	sp|Q753Q4|RPB2_ASHGO	54.6	1196	466	11	39168	42539	21	1211	0.0	1300
JALPMX010000041.1	sp|Q10578|RPB2_CAEEL	56.7	1156	470	13	39174	42560	30	1181	0.0	1294
JALPMX010000041.1	sp|P31814|RPOB_THECE	41.1	1160	610	19	39153	42554	6	1118	5.53e-266	845
JALPMX010000041.1	sp|P11513|RPOB_SULAC	40.9	1152	613	18	39177	42554	5	1114	2.13e-261	832
JALPMX010000041.1	sp|Q03587|RPOB_THEAC	36.0	1224	652	23	39192	42566	4	1195	4.78e-224	726
JALPMX010000041.1	sp|Q9NW08|RPC2_HUMAN	36.3	1157	664	21	39177	42569	24	1133	9.75e-221	714
JALPMX010000041.1	sp|P59470|RPC2_MOUSE	36.1	1173	673	22	39138	42569	8	1133	1.80e-220	713
JALPMX010000041.1	sp|P22276|RPC2_YEAST	36.8	1153	653	21	39177	42557	42	1144	2.41e-217	705
JALPMX010000041.1	sp|Q10233|RPC2_SCHPO	36.7	1159	656	21	39177	42557	48	1160	3.87e-217	705
JALPMX010000041.1	sp|P25167|RPC2_DROME	35.6	1149	667	20	39186	42557	35	1135	1.37e-212	691
JALPMX010000041.1	sp|Q7T6X7|RPO2_MIMIV	36.0	1204	665	32	39165	42551	14	1186	2.88e-208	680
JALPMX010000041.1	sp|F4KD38|NRPC2_ARATH	34.8	1174	676	21	39171	42554	28	1158	2.92e-196	644
JALPMX010000041.1	sp|Q9LK40|NRPD2_ARATH	35.3	1177	665	28	39174	42542	32	1165	1.36e-188	622
JALPMX010000041.1	sp|Q9LV32|RPD2B_ARATH	34.9	1161	647	26	39174	42542	23	1112	2.64e-181	599
JALPMX010000042.1	sp|P07742|RIR1_MOUSE	61.5	793	291	6	26409	28754	3	792	3.19e-316	975
JALPMX010000042.1	sp|P23921|RIR1_HUMAN	61.5	793	291	6	26409	28754	3	792	3.27e-314	969
JALPMX010000042.1	sp|Q5R919|RIR1_PONAB	61.3	793	293	6	26409	28754	3	792	9.74e-313	965
JALPMX010000042.1	sp|P36602|RIR1_SCHPO	61.9	745	281	2	26427	28661	11	752	1.80e-305	945
JALPMX010000042.1	sp|P79732|RIR1_DANRE	59.2	795	308	6	26409	28754	3	794	4.75e-301	932
JALPMX010000042.1	sp|Q9UW15|RIR1_NEUCR	60.2	753	295	3	26427	28679	11	760	5.11e-296	923
JALPMX010000042.1	sp|Q03604|RIR1_CAEEL	57.3	783	326	4	26409	28748	9	786	3.00e-295	915
JALPMX010000042.1	sp|P0DSV1|RIR1_VAR67	58.5	761	310	4	26409	28685	3	759	4.10e-295	914
JALPMX010000042.1	sp|P0DSV2|RIR1_VARV	58.5	761	310	4	26409	28685	3	759	4.10e-295	914
JALPMX010000042.1	sp|P12848|RIR1_VACCW	57.8	782	313	6	26409	28748	3	769	7.59e-295	913
JALPMX010000042.1	sp|Q76RD8|RIR1_VACCA	58.6	761	309	4	26409	28685	3	759	1.03e-294	912
JALPMX010000042.1	sp|P20503|RIR1_VACCC	58.6	761	309	4	26409	28685	3	759	1.03e-294	912
JALPMX010000042.1	sp|P48591|RIR1_DROME	56.9	800	326	4	26409	28754	14	812	2.12e-293	910
JALPMX010000042.1	sp|P21524|RIR1_YEAST	58.2	758	309	2	26409	28664	3	758	9.35e-291	906
JALPMX010000042.1	sp|P50648|RIR1_PLAF4	59.5	755	298	6	26409	28661	3	753	7.06e-290	900
JALPMX010000042.1	sp|Q9SJ20|RIR1_ARATH	54.7	815	335	4	26409	28754	3	816	6.42e-289	898
JALPMX010000042.1	sp|Q54Q71|RIR1_DICDI	60.4	735	281	2	26487	28661	47	781	5.13e-287	895
JALPMX010000042.1	sp|P21672|RIR3_YEAST	56.3	759	324	2	26409	28667	3	759	1.10e-283	885
JALPMX010000042.1	sp|O15909|RIR1_TRYBB	56.7	771	315	3	26403	28661	6	775	1.35e-275	860
JALPMX010000042.1	sp|P50647|RIR1_PLAFG	57.5	758	307	8	26409	28661	3	752	2.28e-272	850
JALPMX010000042.1	sp|O61065|RIR1_CRYPV	53.0	779	358	6	26409	28733	3	777	4.98e-267	834
JALPMX010000042.1	sp|Q9WVF7|DPOE1_MOUSE	43.1	1132	600	18	50292	46990	48	1166	1.55e-264	880
JALPMX010000042.1	sp|Q07864|DPOE1_HUMAN	42.7	1132	605	17	50292	46990	48	1166	7.35e-264	878
JALPMX010000042.1	sp|Q8SR37|RIR1_ENCCU	52.0	773	356	4	26418	28727	5	765	2.89e-259	810
JALPMX010000042.1	sp|Q9VCN1|DPOE1_DROME	40.8	1148	631	15	50328	46990	34	1167	1.13e-256	855
JALPMX010000009.1	sp|P09875|UD2B1_RAT	32.0	206	130	5	744	1355	276	473	1.71e-20	99.0
JALPMX010000009.1	sp|Q9XT55|UDB19_MACFA	22.9	353	252	10	306	1355	137	472	1.25e-19	96.3
JALPMX010000009.1	sp|P36511|UDB15_RAT	30.0	210	141	5	726	1355	270	473	2.24e-19	95.5
JALPMX010000009.1	sp|P06133|UD2B4_HUMAN	23.6	356	246	12	306	1355	137	472	2.95e-19	95.1
JALPMX010000009.1	sp|P36510|UD2A1_RAT	27.8	216	147	4	708	1355	264	470	1.21e-18	93.2
JALPMX010000009.1	sp|O97951|UDB18_MACFA	28.8	205	140	4	741	1355	274	472	1.63e-18	92.8
JALPMX010000009.1	sp|Q80X89|UD2A1_MOUSE	27.3	216	148	4	708	1355	265	471	2.86e-18	92.0
JALPMX010000009.1	sp|Q6PDD0|UD2A2_MOUSE	27.3	216	148	4	708	1355	265	471	2.86e-18	92.0
JALPMX010000009.1	sp|Q9GLD9|UDB33_MACMU	28.8	205	140	4	741	1355	274	472	2.87e-18	92.0
JALPMX010000009.1	sp|P0DTE4|UD2A1_HUMAN	28.7	216	145	4	708	1355	264	470	3.78e-18	91.7
JALPMX010000009.1	sp|Q9TSL6|UDB23_MACFA	28.8	205	140	4	741	1355	274	472	3.81e-18	91.7
JALPMX010000009.1	sp|P0DTE5|UD2A2_HUMAN	28.7	216	145	4	708	1355	273	479	3.92e-18	91.7
JALPMX010000009.1	sp|P16662|UD2B7_HUMAN	27.3	205	143	4	741	1355	274	472	8.92e-18	90.5
JALPMX010000009.1	sp|P54855|UDB15_HUMAN	27.8	205	142	4	741	1355	275	473	8.96e-18	90.5
JALPMX010000009.1	sp|O75795|UDB17_HUMAN	27.8	205	142	4	741	1355	275	473	8.96e-18	90.5
JALPMX010000009.1	sp|O77649|UDB20_MACFA	27.8	205	142	4	741	1355	275	473	8.96e-18	90.5
JALPMX010000009.1	sp|O02663|UD2B9_MACFA	27.8	205	142	4	741	1355	274	472	1.18e-17	90.1
JALPMX010000009.1	sp|Q8WN97|UDB30_MACFA	22.1	353	255	10	306	1355	137	472	2.76e-17	89.0
JALPMX010000009.1	sp|P34317|UGT60_CAEEL	32.9	146	97	1	786	1220	286	431	3.36e-17	88.6
JALPMX010000009.1	sp|Q6K1J1|UDB31_CANLF	27.9	204	141	4	744	1355	276	473	3.69e-17	88.6
JALPMX010000009.1	sp|O19103|UDB16_RABIT	26.6	199	141	3	759	1355	273	466	3.45e-16	85.5
JALPMX010000009.1	sp|Q9LK73|U88A1_ARATH	47.3	55	29	0	990	1154	338	392	7.51e-08	58.9
JALPMX010000009.1	sp|Q6VAB2|U71E1_STERE	46.6	58	31	0	987	1160	337	394	2.35e-07	57.4
JALPMX010000009.1	sp|Q66PF3|UFOG3_FRAAN	40.4	89	44	2	903	1142	313	401	2.36e-07	57.4
JALPMX010000009.1	sp|P16166|UFOG1_MAIZE	48.1	54	28	0	990	1151	348	401	9.39e-07	55.5
