JAMSLZ010000001.1	sp|O60072|MUG81_SCHPO	48.4	1703	743	12	828387	823285	205	1773	0.0	1555
JAMSLZ010000001.1	sp|E1BNG3|ASCC3_BOVIN	56.0	1360	548	12	827316	823252	663	1976	0.0	1518
JAMSLZ010000001.1	sp|E7F8F4|ASCC3_DANRE	53.0	1362	496	12	827316	823252	261	1485	0.0	1398
JAMSLZ010000001.1	sp|P53327|SLH1_YEAST	51.8	1364	595	14	827316	823264	479	1793	0.0	1378
JAMSLZ010000001.1	sp|O94666|RPC1_SCHPO	57.7	1221	461	11	2749152	2752787	105	1278	0.0	1363
JAMSLZ010000001.1	sp|Q9FNQ1|DEXHE_ARATH	50.4	1356	622	10	827319	823264	692	2000	0.0	1347
JAMSLZ010000001.1	sp|Q54G57|ASCC3_DICDI	50.1	1350	616	10	827310	823273	670	1965	0.0	1340
JAMSLZ010000001.1	sp|Q6BI69|RPC1_DEBHA	53.0	1280	500	18	2749107	2752787	100	1331	0.0	1301
JAMSLZ010000001.1	sp|P04051|RPC1_YEAST	53.9	1259	501	17	2749152	2752787	106	1332	0.0	1298
JAMSLZ010000001.1	sp|P36602|RIR1_SCHPO	70.6	844	185	4	386748	389207	7	811	0.0	1223
JAMSLZ010000001.1	sp|P79732|RIR1_DANRE	69.2	826	210	3	386748	389207	7	794	0.0	1173
JAMSLZ010000001.1	sp|O14802|RPC1_HUMAN	51.7	1223	514	15	2749152	2752787	108	1264	0.0	1171
JAMSLZ010000001.1	sp|Q5ZL98|RPC1_CHICK	51.3	1227	512	16	2749152	2752787	108	1264	0.0	1167
JAMSLZ010000001.1	sp|A4IF62|RPC1_BOVIN	51.6	1222	517	13	2749152	2752787	108	1264	0.0	1167
JAMSLZ010000001.1	sp|Q9UW15|RIR1_NEUCR	70.5	791	194	3	386748	389117	7	759	0.0	1164
JAMSLZ010000001.1	sp|Q14562|DHX8_HUMAN	55.9	1235	412	18	473559	470059	49	1218	0.0	1159
JAMSLZ010000001.1	sp|A2A4P0|DHX8_MOUSE	59.3	1033	344	12	473121	470059	274	1242	0.0	1156
JAMSLZ010000001.1	sp|P48591|RIR1_DROME	66.6	833	227	4	386748	389207	18	812	0.0	1144
JAMSLZ010000001.1	sp|Q86AQ5|RPC1_DICDI	48.9	1278	538	15	2749152	2752787	106	1334	0.0	1144
JAMSLZ010000001.1	sp|P21524|RIR1_YEAST	68.8	791	203	4	386748	389105	7	758	0.0	1142
JAMSLZ010000001.1	sp|Q9SYP1|DEXHC_ARATH	45.1	1369	673	18	827319	823267	690	1997	0.0	1124
JAMSLZ010000001.1	sp|Q54F05|DHX8_DICDI	57.1	1030	374	8	473124	470062	190	1160	0.0	1122
JAMSLZ010000001.1	sp|A1Z9L3|DHX8_DROME	58.9	1029	356	12	473130	470059	273	1239	0.0	1121
JAMSLZ010000001.1	sp|P21672|RIR3_YEAST	67.1	791	216	4	386748	389105	7	758	0.0	1118
JAMSLZ010000001.1	sp|Q03604|RIR1_CAEEL	65.5	831	242	4	386715	389207	3	788	0.0	1107
JAMSLZ010000010.1	sp|Q9HES8|PYC_ASPNG	65.5	1049	339	4	348901	345758	165	1191	0.0	1358
JAMSLZ010000010.1	sp|O93918|PYC_ASPTE	65.0	1049	344	4	348901	345758	166	1192	0.0	1357
JAMSLZ010000010.1	sp|Q0CLK1|PYC_ASPTN	64.9	1049	345	4	348901	345758	166	1192	0.0	1354
JAMSLZ010000010.1	sp|Q9UUE1|PYC_SCHPO	64.2	1021	342	5	348901	345845	157	1155	0.0	1332
JAMSLZ010000010.1	sp|Q8X1T3|PYC_PICAN	63.2	1022	351	6	348901	345845	147	1146	0.0	1297
JAMSLZ010000010.1	sp|P11154|PYC1_YEAST	63.1	1022	351	7	348901	345845	143	1141	0.0	1285
JAMSLZ010000010.1	sp|P32327|PYC2_YEAST	62.1	1022	361	7	348901	345845	144	1142	0.0	1271
JAMSLZ010000010.1	sp|Q9Y7K2|TOR2_SCHPO	55.1	1192	474	6	1149255	1145710	1093	2233	0.0	1266
JAMSLZ010000010.1	sp|P78992|PYC_PICPA	61.9	1024	362	7	348901	345845	146	1146	0.0	1249
JAMSLZ010000010.1	sp|Q29RK2|PYC_BOVIN	57.7	1021	401	4	348901	345845	159	1150	0.0	1154
JAMSLZ010000010.1	sp|P52873|PYC_RAT	57.4	1021	404	3	348901	345845	159	1150	0.0	1150
JAMSLZ010000010.1	sp|Q05920|PYC_MOUSE	57.1	1021	407	3	348901	345845	159	1150	0.0	1149
JAMSLZ010000010.1	sp|P11498|PYC_HUMAN	57.4	1027	395	5	348901	345845	159	1150	0.0	1147
JAMSLZ010000010.1	sp|Q86C65|TOR_DICDI	52.7	1184	467	11	1149216	1145704	1138	2241	0.0	1145
JAMSLZ010000010.1	sp|P35169|TOR1_YEAST	48.6	1226	533	7	1149261	1145716	1194	2366	0.0	1108
JAMSLZ010000010.1	sp|O17732|PYC1_CAEEL	54.9	1022	429	4	348904	345848	153	1145	0.0	1105
JAMSLZ010000010.1	sp|P32600|TOR2_YEAST	47.9	1250	544	10	1149327	1145716	1182	2370	0.0	1098
JAMSLZ010000010.1	sp|O14356|TOR1_SCHPO	47.3	1190	561	8	1149237	1145704	1097	2232	0.0	1057
JAMSLZ010000010.1	sp|Q9KWU4|PYC_BACSU	51.3	1022	462	8	348901	345848	128	1117	3.64e-316	993
JAMSLZ010000010.1	sp|Q9JLN9|MTOR_MOUSE	45.9	1269	550	13	1149264	1145677	1238	2442	8.52e-310	1024
JAMSLZ010000010.1	sp|P42346|MTOR_RAT	45.9	1269	550	13	1149264	1145677	1238	2442	1.15e-309	1023
JAMSLZ010000010.1	sp|P42345|MTOR_HUMAN	45.8	1269	551	13	1149264	1145677	1238	2442	1.70e-308	1020
JAMSLZ010000010.1	sp|Q9VK45|TOR_DROME	47.2	1190	539	10	1149204	1145704	1231	2354	2.21e-299	991
JAMSLZ010000010.1	sp|A0A0H3JRU9|PYC_STAAM	47.4	1053	520	8	348904	345758	125	1147	4.08e-296	935
JAMSLZ010000010.1	sp|P39986|SPF1_YEAST	53.7	961	351	15	371120	373891	182	1085	2.18e-294	932
JAMSLZ010000011.1	sp|Q01877|HSP71_PUCGR	82.7	646	112	0	582403	584340	3	648	0.0	1033
JAMSLZ010000011.1	sp|P48720|HSP70_BLAEM	81.4	645	114	4	582409	584340	10	649	0.0	1009
JAMSLZ010000011.1	sp|O59855|HSP72_SCHPO	80.6	644	124	1	582409	584340	5	647	0.0	1001
JAMSLZ010000011.1	sp|Q96W30|HSP72_PARBA	78.6	650	133	3	582409	584340	5	654	0.0	997
JAMSLZ010000011.1	sp|J9VZ70|HSP71_CRYNH	79.8	648	126	2	582397	584340	1	643	0.0	996
JAMSLZ010000011.1	sp|Q10265|HSP71_SCHPO	80.6	644	121	2	582409	584340	5	644	0.0	995
JAMSLZ010000011.1	sp|F5HB71|HSP71_CRYNB	79.6	648	124	2	582397	584340	1	640	0.0	994
JAMSLZ010000011.1	sp|Q5KKP4|HSP71_CRYNJ	79.6	648	124	2	582397	584340	1	640	0.0	994
JAMSLZ010000011.1	sp|O93866|HSP70_TRIRU	78.2	650	136	3	582409	584340	5	654	0.0	988
JAMSLZ010000011.1	sp|Q5B2V1|HSP70_EMENI	81.4	613	110	3	582409	584244	5	614	0.0	988
JAMSLZ010000011.1	sp|P40918|HSP70_DAVTA	77.7	645	137	3	582409	584340	5	643	0.0	986
JAMSLZ010000011.1	sp|Q01233|HSP70_NEUCR	78.1	645	137	3	582409	584340	5	646	0.0	985
JAMSLZ010000011.1	sp|P53623|HSP72_PICAN	78.3	646	135	2	582403	584340	3	643	3.75e-317	972
JAMSLZ010000011.1	sp|P63017|HSP7C_MOUSE	77.3	644	142	2	582409	584340	7	646	5.06e-316	969
JAMSLZ010000011.1	sp|P63018|HSP7C_RAT	77.3	644	142	2	582409	584340	7	646	5.06e-316	969
JAMSLZ010000011.1	sp|A2Q0Z1|HSP7C_HORSE	77.2	644	143	2	582409	584340	7	646	1.28e-315	968
JAMSLZ010000011.1	sp|P11142|HSP7C_HUMAN	77.2	644	143	2	582409	584340	7	646	1.28e-315	968
JAMSLZ010000011.1	sp|Q5NVM9|HSP7C_PONAB	77.2	644	143	2	582409	584340	7	646	1.28e-315	968
JAMSLZ010000011.1	sp|Q71U34|HSP7C_SAGOE	77.2	644	143	2	582409	584340	7	646	1.28e-315	968
JAMSLZ010000011.1	sp|Q00043|HSP70_AJECA	78.8	650	130	5	582409	584340	5	652	1.81e-315	971
JAMSLZ010000011.1	sp|P09446|HSP1_CAEEL	77.5	645	133	2	582409	584340	7	640	4.78e-315	966
JAMSLZ010000011.1	sp|P19120|HSP7C_BOVIN	76.9	646	145	2	582409	584340	7	650	2.39e-314	965
JAMSLZ010000011.1	sp|P46587|HSP72_CANAL	76.8	651	138	4	582403	584340	3	645	5.01e-314	964
JAMSLZ010000011.1	sp|P19378|HSP7C_CRIGR	77.0	644	144	2	582409	584340	7	646	5.20e-314	964
JAMSLZ010000011.1	sp|P08108|HSP70_ONCMY	76.4	648	146	2	582409	584340	7	651	7.43e-313	961
JAMSLZ010000012.1	sp|P0CN33|EFGM_CRYNB	68.0	718	207	4	569390	571474	94	811	1.58e-316	978
JAMSLZ010000012.1	sp|P0CN32|EFGM_CRYNJ	68.0	718	207	4	569390	571474	94	811	1.58e-316	978
JAMSLZ010000012.1	sp|A8P1W0|EFGM_COPC7	67.7	719	210	4	569390	571480	100	818	9.74e-314	971
JAMSLZ010000012.1	sp|Q4P257|EFGM_USTMA	65.6	751	202	3	569390	571474	91	841	3.23e-311	964
JAMSLZ010000012.1	sp|B0DSK4|EFGM_LACBS	67.1	708	220	3	569390	571474	30	737	4.76e-310	956
JAMSLZ010000012.1	sp|A8PXR7|EFGM_MALGO	65.1	746	209	4	569390	571474	32	777	1.27e-308	954
JAMSLZ010000012.1	sp|B3LT39|EFGM_YEAS1	66.1	699	230	3	569390	571474	66	761	1.06e-300	931
JAMSLZ010000012.1	sp|B5VN01|EFGM_YEAS6	66.1	699	230	3	569390	571474	66	761	1.06e-300	931
JAMSLZ010000012.1	sp|A7A0X4|EFGM_YEAS7	66.1	699	230	3	569390	571474	66	761	1.06e-300	931
JAMSLZ010000012.1	sp|P25039|EFGM_YEAST	66.1	699	230	3	569390	571474	66	761	1.06e-300	931
JAMSLZ010000012.1	sp|Q6CRY5|EFGM_KLULA	65.7	697	231	2	569396	571474	63	755	2.14e-300	929
JAMSLZ010000012.1	sp|A7TFN8|EFGM_VANPO	65.7	691	230	3	569399	571459	85	772	1.19e-297	922
JAMSLZ010000012.1	sp|Q6FUQ6|EFGM_CANGA	66.2	692	227	3	569396	571459	65	753	3.79e-297	920
JAMSLZ010000012.1	sp|B6K286|EFGM_SCHJY	65.6	703	229	5	569393	571462	59	761	5.57e-296	917
JAMSLZ010000012.1	sp|Q75CZ5|EFGM_ASHGO	65.0	691	233	3	569402	571459	68	754	1.90e-290	901
JAMSLZ010000012.1	sp|Q9USZ1|EFGM_SCHPO	63.1	713	241	4	569390	571462	55	767	5.64e-290	900
JAMSLZ010000012.1	sp|A1CXG4|EFGM_NEOFI	63.8	708	241	5	569390	571480	98	801	9.84e-288	895
JAMSLZ010000012.1	sp|B0Y604|EFGM_ASPFC	63.6	708	243	5	569390	571480	98	801	6.26e-287	893
JAMSLZ010000012.1	sp|Q4WP57|EFGM_ASPFU	63.6	708	243	5	569390	571480	98	801	6.26e-287	893
JAMSLZ010000012.1	sp|Q5AL45|EFGM_CANAL	64.3	700	236	4	569399	571474	67	760	9.11e-287	890
JAMSLZ010000012.1	sp|B6H460|EFGM_PENRW	63.3	709	245	4	569387	571480	94	798	2.63e-286	891
JAMSLZ010000012.1	sp|B9W9T4|EFGM_CANDC	64.6	700	234	5	569399	571474	67	760	7.90e-286	888
JAMSLZ010000012.1	sp|B6QHL4|EFGM_TALMQ	63.2	707	246	4	569390	571480	100	802	1.42e-285	889
JAMSLZ010000012.1	sp|A1CHC3|EFGM_ASPCL	62.7	708	249	4	569390	571480	97	800	3.33e-285	888
JAMSLZ010000012.1	sp|B8MJJ5|EFGM_TALSN	63.2	707	246	4	569390	571480	101	803	6.86e-285	887
JAMSLZ010000013.1	sp|Q9P7X8|RPA2_SCHPO	67.3	596	181	4	416893	415145	421	1015	8.39e-267	850
JAMSLZ010000013.1	sp|Q75DS1|RPA2_ASHGO	64.0	586	208	3	416893	415145	438	1023	6.02e-247	794
JAMSLZ010000013.1	sp|O74633|RPA2_NEUCR	63.0	608	205	5	416914	415145	440	1045	1.21e-245	791
JAMSLZ010000013.1	sp|P22138|RPA2_YEAST	63.3	586	212	3	416893	415145	445	1030	6.26e-244	785
JAMSLZ010000013.1	sp|P30666|MCM3_SCHPO	59.5	677	228	10	755446	753476	33	683	1.19e-235	748
JAMSLZ010000013.1	sp|P87153|TCPH_SCHPO	63.7	589	141	2	407393	409120	7	535	1.93e-220	691
JAMSLZ010000013.1	sp|P24279|MCM3_YEAST	56.4	670	231	10	755404	753506	95	740	3.76e-209	676
JAMSLZ010000013.1	sp|P80313|TCPH_MOUSE	58.4	603	169	6	407402	409162	6	542	1.27e-201	636
JAMSLZ010000013.1	sp|Q5ZJK8|TCPH_CHICK	58.3	602	167	5	407402	409162	6	538	1.52e-200	633
JAMSLZ010000013.1	sp|Q99832|TCPH_HUMAN	58.5	602	167	5	407402	409162	6	539	1.97e-200	632
JAMSLZ010000013.1	sp|Q5R5C8|TCPH_PONAB	59.7	583	157	4	407402	409105	6	525	3.66e-200	632
JAMSLZ010000013.1	sp|Q5ZMN2|MCM3_CHICK	53.3	659	274	8	755458	753500	29	659	4.91e-200	643
JAMSLZ010000013.1	sp|P49739|MCM3M_XENLA	53.2	665	277	10	755458	753482	28	664	1.42e-199	641
JAMSLZ010000013.1	sp|Q2NKZ1|TCPH_BOVIN	57.9	601	174	5	407402	409159	6	542	1.48e-198	627
JAMSLZ010000013.1	sp|Q9FL33|MCM3_ARATH	53.2	648	269	7	755446	753506	23	637	1.51e-198	637
JAMSLZ010000013.1	sp|P25205|MCM3_HUMAN	54.1	643	261	8	755458	753548	28	642	2.34e-198	638
JAMSLZ010000013.1	sp|Q5R8G6|MCM3_PONAB	54.1	643	261	8	755458	753548	28	642	2.34e-198	638
JAMSLZ010000013.1	sp|Q9SX04|MCM32_MAIZE	52.4	664	281	7	755455	753476	25	657	2.91e-198	636
JAMSLZ010000013.1	sp|Q9SX03|MCM33_MAIZE	52.4	664	281	7	755455	753476	25	657	2.91e-198	636
JAMSLZ010000013.1	sp|B8AZ99|MCM3_ORYSI	52.3	664	282	7	755455	753476	25	657	3.11e-198	636
JAMSLZ010000013.1	sp|Q0DHC4|MCM3_ORYSJ	52.3	664	282	7	755455	753476	25	657	3.11e-198	636
JAMSLZ010000013.1	sp|P42943|TCPH_YEAST	57.7	586	200	2	407396	409153	8	545	3.53e-198	626
JAMSLZ010000013.1	sp|Q7ZXZ0|MCM3Z_XENLA	53.6	660	270	9	755458	753500	28	658	4.05e-198	637
JAMSLZ010000013.1	sp|Q43704|MCM31_MAIZE	52.3	664	282	7	755455	753476	25	657	9.96e-198	634
JAMSLZ010000013.1	sp|A4FUD9|MCM3_BOVIN	52.8	659	277	8	755458	753500	28	658	2.01e-197	635
JAMSLZ010000014.1	sp|B0D6H2|ARO1_LACBS	51.0	1394	609	24	508981	513063	232	1584	0.0	1271
JAMSLZ010000014.1	sp|Q9P7R0|ARO1_SCHPO	49.5	1379	630	20	509017	513081	238	1573	0.0	1236
JAMSLZ010000014.1	sp|P0CM23|ARO1_CRYNB	49.3	1408	644	25	508981	513087	233	1609	0.0	1228
JAMSLZ010000014.1	sp|P0CM22|ARO1_CRYNJ	49.3	1408	644	25	508981	513087	233	1609	0.0	1228
JAMSLZ010000014.1	sp|B6JVD0|ARO1_SCHJY	48.6	1402	642	23	508963	513063	213	1571	0.0	1222
JAMSLZ010000014.1	sp|A8NMB4|ARO1_COPC7	48.3	1462	640	30	508981	513087	236	1674	0.0	1220
JAMSLZ010000014.1	sp|Q8J294|ARO1_THACU	47.8	1414	660	24	508981	513090	236	1615	0.0	1213
JAMSLZ010000014.1	sp|Q4P8F6|ARO1_USTMA	47.9	1458	648	28	508981	513066	263	1704	0.0	1197
JAMSLZ010000014.1	sp|B8M0U4|ARO1_TALSN	49.4	1362	626	21	509020	513039	239	1559	0.0	1181
JAMSLZ010000014.1	sp|B6HAA7|ARO1_PENRW	49.3	1366	621	20	509032	513039	243	1566	0.0	1179
JAMSLZ010000014.1	sp|B6QCA7|ARO12_TALMQ	49.2	1363	630	22	509011	513039	232	1552	0.0	1176
JAMSLZ010000014.1	sp|B8N4Q9|ARO1_ASPFN	48.6	1367	640	16	509011	513039	236	1563	0.0	1176
JAMSLZ010000014.1	sp|C0NL63|ARO1_AJECG	49.0	1378	628	21	509011	513039	236	1573	0.0	1171
JAMSLZ010000014.1	sp|C4JYG6|ARO1_UNCRE	48.6	1369	637	15	509011	513039	233	1561	0.0	1170
JAMSLZ010000014.1	sp|C6HCG7|ARO1_AJECH	48.9	1375	633	21	509011	513039	236	1573	0.0	1169
JAMSLZ010000014.1	sp|Q2UCP6|ARO1_ASPOR	48.5	1358	636	16	509011	513012	236	1554	0.0	1165
JAMSLZ010000014.1	sp|A1D244|ARO1_NEOFI	47.9	1382	654	19	509011	513078	236	1577	0.0	1163
JAMSLZ010000014.1	sp|C1FYJ9|ARO1_PARBD	48.5	1375	639	22	509011	513036	236	1574	0.0	1162
JAMSLZ010000014.1	sp|C0S433|ARO1_PARBP	48.4	1375	645	21	509011	513036	236	1579	0.0	1162
JAMSLZ010000014.1	sp|A1CP85|ARO1_ASPCL	48.0	1388	649	19	509011	513078	236	1582	0.0	1159
JAMSLZ010000014.1	sp|B6QWH9|ARO11_TALMQ	48.4	1365	641	21	509011	513039	232	1554	0.0	1158
JAMSLZ010000014.1	sp|P07547|ARO1_EMENI	48.3	1372	641	20	509011	513039	236	1567	0.0	1155
JAMSLZ010000014.1	sp|C1H8L1|ARO1_PARBA	48.3	1374	644	21	509011	513036	236	1574	0.0	1155
JAMSLZ010000014.1	sp|Q4WS76|ARO1_ASPFU	47.6	1389	642	20	509011	513045	236	1582	0.0	1155
JAMSLZ010000014.1	sp|B0XRM8|ARO1_ASPFC	47.5	1389	643	20	509011	513045	236	1582	0.0	1153
JAMSLZ010000015.1	sp|Q01373|FOX2_NEUCR	54.7	713	297	10	561535	559415	201	893	3.47e-232	739
JAMSLZ010000015.1	sp|P51659|DHB4_HUMAN	54.1	616	248	10	561202	559415	5	605	2.44e-193	620
JAMSLZ010000015.1	sp|P51660|DHB4_MOUSE	54.5	613	255	9	561211	559415	2	604	2.03e-192	617
JAMSLZ010000015.1	sp|P97852|DHB4_RAT	54.6	613	254	9	561211	559415	2	604	3.78e-190	611
JAMSLZ010000015.1	sp|P48601|PRS4_DROME	77.5	383	82	1	687192	686044	21	399	1.02e-184	582
JAMSLZ010000015.1	sp|O16368|PRS4_CAEEL	77.3	383	85	1	687192	686044	23	403	1.39e-183	579
JAMSLZ010000015.1	sp|Q90732|PRS4_CHICK	81.7	350	64	0	687093	686044	51	400	6.93e-182	574
JAMSLZ010000015.1	sp|P62191|PRS4_HUMAN	81.4	350	65	0	687093	686044	51	400	1.29e-181	573
JAMSLZ010000015.1	sp|P62192|PRS4_MOUSE	81.4	350	65	0	687093	686044	51	400	1.29e-181	573
JAMSLZ010000015.1	sp|P62193|PRS4_RAT	81.4	350	65	0	687093	686044	51	400	1.29e-181	573
JAMSLZ010000015.1	sp|Q9SL67|PRS4B_ARATH	74.7	383	95	1	687192	686044	23	403	1.95e-181	573
JAMSLZ010000015.1	sp|Q9SZD4|PRS4A_ARATH	74.4	383	96	1	687192	686044	23	403	9.15e-181	571
JAMSLZ010000015.1	sp|P46466|PRS4_ORYSJ	74.4	383	96	1	687192	686044	28	408	6.08e-179	566
JAMSLZ010000015.1	sp|P36612|PRS4_SCHPO	74.5	384	93	3	687192	686044	28	407	1.37e-175	556
JAMSLZ010000015.1	sp|P40327|PRS4_YEAST	77.4	349	79	0	687090	686044	49	397	4.45e-173	549
JAMSLZ010000015.1	sp|Q55BV5|PRS4_DICDI	75.6	353	83	1	687093	686044	47	399	1.14e-165	528
JAMSLZ010000015.1	sp|Q9VXJ0|DHB4_DROME	46.8	607	293	9	561202	559409	8	593	4.62e-160	518
JAMSLZ010000015.1	sp|Q02207|FOX2_YEAST	41.6	730	365	18	561535	559415	202	893	3.83e-150	501
JAMSLZ010000015.1	sp|Q8SRH0|PRS4_ENCCU	68.5	349	109	1	687090	686044	37	384	8.49e-148	476
JAMSLZ010000015.1	sp|P22414|FOX2_CANTR	40.0	722	396	14	561535	559415	200	899	1.38e-143	483
JAMSLZ010000015.1	sp|B2GUP8|MITOS_XENTR	45.8	544	268	3	317924	319552	85	602	2.97e-140	465
JAMSLZ010000015.1	sp|Q9P7S7|NOP58_SCHPO	68.1	348	105	3	254857	255888	93	438	1.25e-136	447
JAMSLZ010000015.1	sp|P0CP27|NOP58_CRYNB	71.8	312	82	1	254857	255774	105	416	2.43e-132	437
JAMSLZ010000015.1	sp|P0CP26|NOP58_CRYNJ	71.8	312	82	1	254857	255774	105	416	2.68e-132	437
JAMSLZ010000015.1	sp|Q4PBF2|NOP58_USTMA	70.4	318	82	2	254857	255774	99	416	7.79e-130	431
JAMSLZ010000016.1	sp|P78811|UGPA1_SCHPO	60.4	381	124	3	552388	553521	150	506	1.18e-143	467
JAMSLZ010000016.1	sp|Q07130|UGPA_BOVIN	61.3	382	123	2	552388	553521	148	508	6.07e-139	454
JAMSLZ010000016.1	sp|Q16851|UGPA_HUMAN	61.0	382	124	2	552388	553521	148	508	3.85e-138	451
JAMSLZ010000016.1	sp|O35156|UGPA_CRIGR	60.5	385	121	3	552388	553521	148	508	5.24e-138	451
JAMSLZ010000016.1	sp|Q91ZJ5|UGPA_MOUSE	60.7	382	125	2	552388	553521	148	508	9.71e-138	450
JAMSLZ010000016.1	sp|P79303|UGPA_PIG	60.2	382	127	2	552388	553521	148	508	3.91e-136	446
JAMSLZ010000016.1	sp|Q59KI0|UGP1_CANAL	58.5	381	131	2	552388	553521	144	500	1.90e-135	443
JAMSLZ010000016.1	sp|P32861|UGPA1_YEAST	57.0	381	136	4	552388	553521	144	499	2.58e-131	431
JAMSLZ010000016.1	sp|Q9W6K1|MRE11_XENLA	46.1	499	232	10	468767	470221	10	485	1.72e-127	429
JAMSLZ010000016.1	sp|P49959|MRE11_HUMAN	45.9	503	237	9	468749	470221	3	482	2.90e-127	428
JAMSLZ010000016.1	sp|Q60HE6|MRE11_MACFA	45.9	503	237	9	468749	470221	3	482	5.20e-127	427
JAMSLZ010000016.1	sp|Q61216|MRE11_MOUSE	45.6	509	238	11	468734	470221	1	483	1.98e-125	422
JAMSLZ010000016.1	sp|Q09683|RAD32_SCHPO	38.4	635	329	16	468731	470596	2	587	2.27e-125	420
JAMSLZ010000016.1	sp|Q9JIM0|MRE11_RAT	45.1	510	239	11	468734	470221	1	483	9.13e-125	421
JAMSLZ010000016.1	sp|Q54YZ0|UGPA2_DICDI	56.0	373	138	3	552391	553506	150	497	8.75e-124	410
JAMSLZ010000016.1	sp|Q9XGM2|MRE11_ARATH	45.3	508	239	10	468734	470233	1	477	9.88e-123	415
JAMSLZ010000016.1	sp|Q9IAM7|MRE11_CHICK	44.9	497	240	9	468767	470221	9	483	1.38e-122	414
JAMSLZ010000016.1	sp|Q43772|UGPA_HORVU	56.2	370	137	2	552391	553500	125	469	6.31e-122	403
JAMSLZ010000016.1	sp|Q25AA3|MRE11_ORYSI	44.5	506	250	10	468767	470260	4	486	4.61e-121	410
JAMSLZ010000016.1	sp|Q7XQR9|MRE11_ORYSJ	44.5	506	250	10	468767	470260	4	486	4.61e-121	410
JAMSLZ010000016.1	sp|Q9UVN9|MRE11_COPC7	41.6	543	278	11	468752	470305	14	542	5.13e-119	405
JAMSLZ010000016.1	sp|Q27203|HPPD_TETTH	48.6	436	163	8	249808	248534	14	399	8.76e-119	391
JAMSLZ010000016.1	sp|P57751|UGPA1_ARATH	53.8	370	146	2	552391	553500	122	466	2.36e-116	387
JAMSLZ010000016.1	sp|Q9SDX3|UGPA_MUSAC	54.1	370	145	2	552391	553500	119	463	2.92e-116	387
JAMSLZ010000016.1	sp|Q5BKL0|HPPD_XENTR	49.6	423	152	6	249790	248540	16	383	2.98e-116	384
JAMSLZ010000017.1	sp|P06738|PHSG_YEAST	53.4	919	370	17	81652	79004	5	901	7.94e-299	931
JAMSLZ010000017.1	sp|Q00766|PHS1_DICDI	55.3	812	354	7	81439	79007	39	842	1.97e-295	919
JAMSLZ010000017.1	sp|P34114|PHS2_DICDI	51.6	823	380	8	81466	79010	100	908	3.02e-263	832
JAMSLZ010000017.1	sp|P32811|PHSH_SOLTU	50.6	826	383	12	81448	79013	18	832	3.02e-255	803
JAMSLZ010000017.1	sp|P53537|PHSH_VICFA	50.7	829	383	13	81457	79010	22	837	1.19e-254	801
JAMSLZ010000017.1	sp|Q9SD76|PHS2_ARATH	49.5	827	392	13	81448	79010	22	836	5.35e-254	799
JAMSLZ010000017.1	sp|Q9LKJ3|PHSH_WHEAT	49.6	823	397	11	81451	79013	12	826	5.41e-252	793
JAMSLZ010000017.1	sp|O84250|PHSG_CHLTR	48.1	810	409	8	81436	79013	9	809	1.43e-243	768
JAMSLZ010000017.1	sp|Q9LIB2|PHS1_ARATH	45.3	907	424	12	81526	78998	63	961	4.51e-242	770
JAMSLZ010000017.1	sp|P53535|PHSL2_SOLTU	46.0	904	389	13	81436	78998	78	973	1.68e-239	763
JAMSLZ010000017.1	sp|Q9PKE6|PHSG_CHLMU	47.4	810	415	8	81436	79013	9	809	9.01e-239	754
JAMSLZ010000017.1	sp|P27598|PHSL_IPOBA	43.3	957	441	15	81589	79004	3	952	2.28e-235	750
JAMSLZ010000017.1	sp|Q9Z8N1|PHSG_CHLPN	46.5	811	420	9	81433	79013	14	814	4.66e-232	735
JAMSLZ010000017.1	sp|P0AC86|PHSG_ECOLI	46.4	817	418	11	81433	78998	14	815	8.64e-232	734
JAMSLZ010000017.1	sp|P0AC87|PHSG_SHIFL	46.4	817	418	11	81433	78998	14	815	8.64e-232	734
JAMSLZ010000017.1	sp|P04045|PHSL1_SOLTU	43.8	898	413	11	81436	78998	75	965	9.57e-232	740
JAMSLZ010000017.1	sp|P53536|PHSL_VICFA	42.7	941	428	11	81508	78998	69	1002	2.32e-231	741
JAMSLZ010000017.1	sp|P45180|PHSG_HAEIN	47.0	815	415	12	81433	78998	19	819	1.07e-229	728
JAMSLZ010000017.1	sp|P73511|PHSG_SYNY3	47.0	815	420	9	81433	78998	26	831	1.49e-229	729
JAMSLZ010000017.1	sp|Q9CN90|PHSG_PASMU	48.0	813	406	12	81433	79004	19	817	8.34e-229	726
JAMSLZ010000017.1	sp|Q9XTL9|PYG_DROME	47.1	822	410	11	81436	79004	24	831	1.73e-227	723
JAMSLZ010000017.1	sp|P09811|PYGL_RAT	46.1	824	419	11	81436	78998	24	833	4.64e-222	707
JAMSLZ010000017.1	sp|Q9ET01|PYGL_MOUSE	46.0	824	420	11	81436	78998	24	833	1.59e-221	706
JAMSLZ010000017.1	sp|P06737|PYGL_HUMAN	46.0	824	420	11	81436	78998	24	833	3.61e-221	705
JAMSLZ010000017.1	sp|Q9WUB3|PYGM_MOUSE	45.6	823	419	12	81436	79007	24	830	7.69e-221	704
JAMSLZ010000018.1	sp|P40976|LYS2_SCHPO	50.4	1078	489	15	129878	126711	357	1410	0.0	1035
JAMSLZ010000018.1	sp|O74298|LYS2_PENCH	47.5	1074	520	17	129878	126753	326	1387	1.02e-302	963
JAMSLZ010000018.1	sp|P07702|LYS2_YEAST	47.4	1077	521	15	129878	126732	314	1372	1.42e-294	939
JAMSLZ010000018.1	sp|Q6FMI5|LYS2_CANGA	46.8	1074	521	12	129878	126747	299	1352	2.64e-288	920
JAMSLZ010000018.1	sp|Q12572|LYS2_CANAX	47.8	1093	507	21	129878	126723	308	1377	6.89e-285	911
JAMSLZ010000018.1	sp|Q75BB3|LYS2_ASHGO	44.7	1072	545	17	129878	126744	313	1363	6.15e-276	885
JAMSLZ010000018.1	sp|P22068|ATPB_SCHPO	84.2	411	65	0	217035	215803	115	525	5.00e-218	682
JAMSLZ010000018.1	sp|P49376|ATPB_KLULA	83.1	408	69	0	217035	215812	96	503	7.60e-213	666
JAMSLZ010000018.1	sp|Q6CFT7|ATPB_YARLI	83.1	408	69	0	217035	215812	100	507	1.63e-212	665
JAMSLZ010000018.1	sp|C0HK52|ATPB_PICAN	82.6	408	71	0	217035	215812	67	474	1.68e-212	664
JAMSLZ010000018.1	sp|P00830|ATPB_YEAST	82.4	408	72	0	217035	215812	102	509	3.26e-212	664
JAMSLZ010000018.1	sp|P23704|ATPB_NEUCR	83.0	412	70	0	217035	215800	107	518	2.04e-211	662
JAMSLZ010000018.1	sp|Q9PTY0|ATPB_CYPCA	82.6	409	70	1	217035	215812	108	516	9.47e-209	655
JAMSLZ010000018.1	sp|P56480|ATPB_MOUSE	81.3	412	76	1	217035	215803	118	529	1.41e-208	655
JAMSLZ010000018.1	sp|P10719|ATPB_RAT	81.3	412	76	1	217035	215803	118	529	3.56e-208	654
JAMSLZ010000018.1	sp|P06576|ATPB_HUMAN	81.1	412	77	1	217035	215803	118	529	2.27e-207	651
JAMSLZ010000018.1	sp|P00829|ATPB_BOVIN	81.4	409	75	1	217035	215812	118	526	2.59e-206	648
JAMSLZ010000018.1	sp|P46561|ATPB_CAEEL	80.8	412	78	1	217035	215803	127	538	9.38e-206	647
JAMSLZ010000018.1	sp|Q5ZLC5|ATPB_CHICK	80.9	409	77	1	217035	215812	123	531	4.99e-205	645
JAMSLZ010000018.1	sp|Q05825|ATPB_DROME	81.4	409	75	1	217035	215812	95	503	6.23e-205	643
JAMSLZ010000018.1	sp|Q2VZN2|ATPB_MAGSA	78.7	409	86	1	217035	215812	64	472	5.23e-203	636
JAMSLZ010000018.1	sp|Q25117|ATPB_HEMPU	79.5	410	83	1	217035	215809	113	522	6.62e-203	638
JAMSLZ010000018.1	sp|Q4FP38|ATPB_PELUB	77.3	422	95	1	217074	215812	48	469	1.07e-201	632
JAMSLZ010000018.1	sp|P38482|ATPBM_CHLRE	77.3	415	91	1	217035	215800	95	509	1.97e-199	630
JAMSLZ010000018.1	sp|Q59Q46|IMDH_CANAL	58.8	578	176	4	595011	596744	4	519	4.76e-199	627
JAMSLZ010000019.1	sp|O13395|CHS6_USTMA	54.6	907	393	9	207240	204559	59	959	6.60e-311	978
JAMSLZ010000019.1	sp|J9VF17|CHS4_CRYNH	47.6	1104	516	16	207237	204064	153	1239	3.20e-291	924
JAMSLZ010000019.1	sp|J9VNT4|CHS5_CRYNH	53.0	847	370	10	207192	204703	911	1746	1.69e-254	841
JAMSLZ010000019.1	sp|Q4P9K9|CHS8_USTMA	44.6	1098	536	21	207249	204064	913	1974	8.77e-252	835
JAMSLZ010000019.1	sp|O60008|HSP60_PARBA	70.9	495	118	3	106331	107806	109	580	4.91e-206	650
JAMSLZ010000019.1	sp|Q5B041|HSP60_EMENI	72.3	481	109	2	106331	107770	105	562	1.27e-204	646
JAMSLZ010000019.1	sp|P50142|HSP60_AJECA	70.1	481	120	2	106331	107770	109	566	8.01e-197	624
JAMSLZ010000019.1	sp|O74261|HSP60_CANAL	66.7	502	134	5	106331	107812	88	564	2.64e-193	612
JAMSLZ010000019.1	sp|Q09864|HSP60_SCHPO	64.8	480	146	1	106331	107770	103	559	1.69e-186	593
JAMSLZ010000019.1	sp|P19882|HSP60_YEAST	62.4	498	164	1	106313	107806	87	561	9.30e-181	577
JAMSLZ010000019.1	sp|Q8L7B5|CH60B_ARATH	59.3	494	173	4	106334	107815	104	569	1.99e-161	521
JAMSLZ010000019.1	sp|Q05046|CH62_CUCMA	57.6	498	178	5	106334	107815	104	572	1.44e-159	516
JAMSLZ010000019.1	sp|P29197|CH60A_ARATH	59.2	478	169	3	106334	107767	103	554	2.85e-159	515
JAMSLZ010000019.1	sp|Q05045|CH61_CUCMA	57.2	495	185	4	106334	107815	104	572	6.72e-159	514
JAMSLZ010000019.1	sp|Q2WAW8|CH60_MAGSA	57.5	501	183	4	106313	107815	66	536	1.06e-158	512
JAMSLZ010000019.1	sp|Q43298|CH62_MAIZE	56.9	494	186	4	106334	107812	106	573	9.59e-157	508
JAMSLZ010000019.1	sp|P29185|CH61_MAIZE	57.2	495	185	4	106334	107815	106	574	1.35e-156	507
JAMSLZ010000019.1	sp|B0SXR2|CH60_CAUSK	59.1	479	170	3	106331	107767	72	524	4.37e-156	504
JAMSLZ010000019.1	sp|A8I5R5|CH602_AZOC5	57.2	495	184	4	106331	107815	72	538	1.44e-154	500
JAMSLZ010000019.1	sp|A6U901|CH603_SINMW	55.7	499	193	4	106313	107803	66	538	1.24e-153	497
JAMSLZ010000019.1	sp|A4YRI5|CH601_BRASO	56.3	485	186	3	106313	107767	66	524	5.24e-153	495
JAMSLZ010000019.1	sp|Q3SQS3|CH601_NITWN	54.9	501	197	4	106313	107806	66	540	5.80e-153	495
JAMSLZ010000019.1	sp|Q89DA6|CH607_BRADU	55.3	503	197	4	106313	107815	66	542	1.11e-152	494
JAMSLZ010000019.1	sp|P77829|CH601_BRADU	55.1	499	194	4	106313	107797	66	538	2.53e-152	493
JAMSLZ010000019.1	sp|A5EG60|CH603_BRASB	56.1	485	187	3	106313	107767	66	524	2.53e-152	493
JAMSLZ010000002.1	sp|Q869L3|MDN1_DICDI	44.2	2500	1107	42	1714474	1721196	223	2694	0.0	1953
JAMSLZ010000002.1	sp|Q12019|MDN1_YEAST	47.4	2117	964	23	1714486	1720608	259	2302	0.0	1831
JAMSLZ010000002.1	sp|P38811|TRA1_YEAST	37.1	2924	1602	54	2513222	2521717	388	3167	0.0	1768
JAMSLZ010000002.1	sp|Q9NU22|MDN1_HUMAN	42.8	2403	1175	41	1714411	1721199	237	2579	0.0	1733
JAMSLZ010000002.1	sp|O94248|MDN1_SCHPO	47.2	2050	945	29	1714588	1720551	132	2105	0.0	1732
JAMSLZ010000002.1	sp|Q9HFE8|TRA1_SCHPO	35.0	2901	1620	33	2513204	2521717	398	3097	0.0	1634
JAMSLZ010000002.1	sp|Q9C102|GLT1_SCHPO	48.2	1869	876	14	3044172	3038653	304	2108	0.0	1582
JAMSLZ010000002.1	sp|Q10064|YAMB_SCHPO	34.4	2876	1626	42	2513222	2521717	369	3035	0.0	1570
JAMSLZ010000002.1	sp|A0A1P8AUY4|MDN1_ARATH	42.3	2102	1010	34	1714612	1720572	341	2352	0.0	1467
JAMSLZ010000002.1	sp|Q12680|GLT1_YEAST	44.8	1907	920	22	3044172	3038656	292	2133	0.0	1428
JAMSLZ010000002.1	sp|Q9LV03|GLUT1_ARATH	43.1	1885	957	23	3044172	3038701	354	2183	0.0	1351
JAMSLZ010000002.1	sp|Q0JKD0|GLT1_ORYSJ	43.3	1872	949	23	3044172	3038701	337	2143	0.0	1348
JAMSLZ010000002.1	sp|Q03460|GLSN_MEDSA	42.7	1884	963	22	3044172	3038701	336	2162	0.0	1343
JAMSLZ010000002.1	sp|Q0DG35|GLT2_ORYSJ	43.1	1881	950	23	3044172	3038701	344	2161	0.0	1321
JAMSLZ010000002.1	sp|Q8T683|ABCG9_DICDI	47.8	1346	672	13	3588651	3584668	115	1448	0.0	1201
JAMSLZ010000002.1	sp|Q55GB1|ABCGF_DICDI	45.3	1350	710	14	3588651	3584668	133	1475	0.0	1154
JAMSLZ010000002.1	sp|Q556W2|ABCGH_DICDI	46.8	1318	669	12	3588555	3584668	169	1476	0.0	1139
JAMSLZ010000002.1	sp|A5DI11|EF2_PICGU	75.1	666	166	0	3431496	3433493	177	842	0.0	1035
JAMSLZ010000002.1	sp|P09436|SYIC_YEAST	57.4	886	353	6	1832878	1830230	203	1067	0.0	1026
JAMSLZ010000002.1	sp|Q6BJ25|EF2_DEBHA	73.9	666	174	0	3431496	3433493	177	842	0.0	1022
JAMSLZ010000002.1	sp|Q6FYA7|EF2_CANGA	73.4	666	177	0	3431496	3433493	177	842	0.0	1020
JAMSLZ010000002.1	sp|Q875Z2|EF2_NAUCC	74.2	666	172	0	3431496	3433493	177	842	0.0	1017
JAMSLZ010000002.1	sp|O14460|EF2_SCHPO	73.1	666	179	0	3431496	3433493	177	842	0.0	1013
JAMSLZ010000002.1	sp|O13651|SYIC_SCHPO	56.9	882	357	5	1832878	1830236	198	1057	0.0	1013
JAMSLZ010000002.1	sp|P48720|HSP70_BLAEM	77.9	665	122	4	3023645	3021654	9	649	0.0	980
JAMSLZ010000020.1	sp|O14228|PUR4_SCHPO	54.5	1388	556	22	302461	306594	1	1323	0.0	1398
JAMSLZ010000020.1	sp|Q5QWY0|PUR4_IDILO	54.2	1381	544	22	302461	306594	1	1295	0.0	1361
JAMSLZ010000020.1	sp|Q15R69|PUR4_PSEA6	53.3	1380	558	21	302461	306594	1	1295	0.0	1361
JAMSLZ010000020.1	sp|Q4KHS6|PUR4_PSEF5	53.9	1382	547	23	302461	306591	1	1297	0.0	1360
JAMSLZ010000020.1	sp|P38972|PUR4_YEAST	53.4	1413	568	27	302458	306594	2	1358	0.0	1360
JAMSLZ010000020.1	sp|Q3KHL4|PUR4_PSEPF	53.1	1382	558	23	302461	306591	1	1297	0.0	1353
JAMSLZ010000020.1	sp|Q3IHZ2|PUR4_PSET1	53.6	1382	551	22	302461	306594	1	1296	0.0	1352
JAMSLZ010000020.1	sp|Q8DF81|PUR4_VIBVU	53.9	1385	544	24	302461	306594	1	1297	0.0	1351
JAMSLZ010000020.1	sp|Q7MN70|PUR4_VIBVY	53.7	1382	545	24	302461	306585	1	1294	0.0	1346
JAMSLZ010000020.1	sp|Q7N1Z4|PUR4_PHOLL	53.1	1381	559	23	302461	306594	1	1295	0.0	1345
JAMSLZ010000020.1	sp|Q1H2I8|PUR4_METFK	52.8	1381	561	21	302461	306594	1	1293	0.0	1344
JAMSLZ010000020.1	sp|Q88P16|PUR4_PSEPK	53.8	1385	545	24	302461	306591	1	1298	0.0	1342
JAMSLZ010000020.1	sp|Q9HXN2|PUR4_PSEAE	53.5	1382	553	23	302461	306591	1	1297	0.0	1341
JAMSLZ010000020.1	sp|Q87RW0|PUR4_VIBPA	53.3	1389	550	23	302461	306594	1	1302	0.0	1341
JAMSLZ010000020.1	sp|Q6D238|PUR4_PECAS	53.1	1385	552	23	302461	306594	1	1294	0.0	1339
JAMSLZ010000020.1	sp|Q1R8H7|PUR4_ECOUT	53.2	1380	558	22	302461	306594	2	1295	0.0	1338
JAMSLZ010000020.1	sp|Q4ZX02|PUR4_PSEU2	53.5	1382	553	25	302461	306591	1	1297	0.0	1338
JAMSLZ010000020.1	sp|Q3YYZ8|PUR4_SHISS	53.1	1380	559	22	302461	306594	2	1295	0.0	1338
JAMSLZ010000020.1	sp|P15254|PUR4_ECOLI	53.0	1380	560	22	302461	306594	2	1295	0.0	1336
JAMSLZ010000020.1	sp|Q8XA46|PUR4_ECO57	53.0	1380	560	22	302461	306594	2	1295	0.0	1335
JAMSLZ010000020.1	sp|Q12PR7|PUR4_SHEDO	52.9	1381	560	21	302461	306594	1	1293	0.0	1335
JAMSLZ010000020.1	sp|Q47XX7|PUR4_COLP3	52.6	1397	559	22	302470	306594	5	1320	0.0	1334
JAMSLZ010000020.1	sp|Q48LX3|PUR4_PSE14	53.5	1382	553	25	302461	306591	1	1297	0.0	1334
JAMSLZ010000020.1	sp|Q32D15|PUR4_SHIDS	53.0	1380	561	22	302461	306594	2	1295	0.0	1334
JAMSLZ010000020.1	sp|Q9KTN2|PUR4_VIBCH	52.9	1386	556	24	302461	306594	1	1297	0.0	1334
JAMSLZ010000021.1	sp|Q6SSJ3|ILVB_CRYNH	60.8	635	201	8	242609	240723	119	711	2.31e-239	751
JAMSLZ010000021.1	sp|Q5KPJ5|ILVB_CRYNJ	60.9	635	200	8	242609	240723	119	711	4.27e-239	750
JAMSLZ010000021.1	sp|P36620|ILVB_SCHPO	60.3	638	205	5	242618	240714	77	669	1.71e-234	734
JAMSLZ010000021.1	sp|P07342|ILVB_YEAST	59.6	629	205	6	242612	240732	84	665	2.19e-227	715
JAMSLZ010000021.1	sp|P38674|ILV5_NEUCR	70.7	351	102	1	244591	245640	50	400	2.71e-161	512
JAMSLZ010000021.1	sp|P06168|ILV5_YEAST	69.4	356	108	1	244576	245640	39	394	8.57e-160	508
JAMSLZ010000021.1	sp|P78827|ILV5_SCHPO	64.2	355	126	1	244579	245640	47	401	2.46e-151	484
JAMSLZ010000021.1	sp|P37251|ILVB_BACSU	42.9	622	283	11	242588	240732	18	570	2.29e-136	448
JAMSLZ010000021.1	sp|P55250|FUMH_RHIOR	61.0	418	79	3	230346	229093	57	390	3.53e-136	444
JAMSLZ010000021.1	sp|A8ZTR0|ILVC_DESOH	62.3	350	131	1	244603	245649	1	350	1.23e-135	436
JAMSLZ010000021.1	sp|A1D4K4|PABP_NEOFI	60.0	405	97	3	226832	227908	107	492	1.59e-134	449
JAMSLZ010000021.1	sp|Q4P8R9|PABP_USTMA	64.2	358	107	3	226832	227905	102	438	2.25e-134	445
JAMSLZ010000021.1	sp|Q4WK03|PABP_ASPFU	59.7	407	97	3	226832	227908	107	494	3.10e-134	449
JAMSLZ010000021.1	sp|Q0CR95|PABP_ASPTN	58.6	411	99	4	226832	227908	103	494	1.94e-133	446
JAMSLZ010000021.1	sp|P31209|PABP_SCHPO	60.3	373	116	3	226832	227914	135	487	5.15e-133	441
JAMSLZ010000021.1	sp|A2Q848|PABP_ASPNC	58.0	419	95	4	226832	227908	109	506	1.17e-132	443
JAMSLZ010000021.1	sp|Q7S6N6|PABP_NEUCR	59.1	401	103	3	226832	227908	115	496	3.07e-132	443
JAMSLZ010000021.1	sp|Q5B630|PABP_EMENI	59.3	396	92	3	226832	227869	97	473	5.57e-132	441
JAMSLZ010000021.1	sp|Q2UK72|PABP_ASPOR	57.9	420	97	4	226832	227908	104	504	3.64e-131	440
JAMSLZ010000021.1	sp|Q1DXH0|PABP_COCIM	59.9	399	88	4	226832	227869	110	489	3.97e-131	440
JAMSLZ010000021.1	sp|A4QUF0|PABP_MAGO7	56.9	408	108	4	226832	227908	116	504	5.21e-130	437
JAMSLZ010000021.1	sp|A1CRM1|PABP_ASPCL	57.1	413	104	4	226832	227908	106	499	1.19e-128	432
JAMSLZ010000021.1	sp|A5DM21|PABP_PICGU	62.5	347	110	2	226832	227872	113	439	1.20e-128	428
JAMSLZ010000021.1	sp|Q2GSX8|PABP_CHAGB	57.3	405	108	4	226832	227908	120	505	2.72e-128	432
JAMSLZ010000021.1	sp|P0CP47|PABP_CRYNB	61.7	360	117	3	226832	227908	101	440	3.17e-128	428
JAMSLZ010000022.1	sp|O75643|U520_HUMAN	57.7	2199	851	16	141468	148031	1	2131	0.0	2506
JAMSLZ010000022.1	sp|Q6P4T2|U520_MOUSE	57.5	2195	861	14	141468	148031	1	2131	0.0	2504
JAMSLZ010000022.1	sp|F1LNJ2|U520_RAT	57.5	2202	853	17	141468	148031	1	2134	0.0	2499
JAMSLZ010000022.1	sp|Q9VUV9|U520_DROME	55.8	2205	893	17	141468	148040	1	2138	0.0	2423
JAMSLZ010000022.1	sp|Q9SYP1|DEXHC_ARATH	55.7	2199	912	23	141471	148016	8	2160	0.0	2314
JAMSLZ010000022.1	sp|O48534|DEXHD_ARATH	53.8	2208	954	25	141471	148037	9	2168	0.0	2242
JAMSLZ010000022.1	sp|Q9UT24|BRR2_SCHPO	52.3	2188	983	21	141492	148022	28	2166	0.0	2198
JAMSLZ010000022.1	sp|Q9U2G0|U520_CAEEL	52.0	2197	976	24	141468	148022	1	2130	0.0	2146
JAMSLZ010000022.1	sp|Q55CI8|HELCL_DICDI	49.4	2237	1051	25	141468	148004	1	2213	0.0	2022
JAMSLZ010000022.1	sp|P32639|BRR2_YEAST	40.8	2238	1169	38	141498	148016	17	2162	0.0	1591
JAMSLZ010000022.1	sp|Q9FNQ1|DEXHE_ARATH	45.6	1727	917	14	142851	148007	440	2151	0.0	1540
JAMSLZ010000022.1	sp|F1NTD6|ASCC3_CHICK	44.9	1771	914	19	142866	148016	425	2188	0.0	1508
JAMSLZ010000022.1	sp|E1BNG3|ASCC3_BOVIN	44.4	1770	926	17	142866	148016	416	2179	0.0	1485
JAMSLZ010000022.1	sp|E9PZJ8|ASCC3_MOUSE	44.1	1770	931	18	142866	148016	417	2180	0.0	1477
JAMSLZ010000022.1	sp|Q8N3C0|ASCC3_HUMAN	44.0	1772	933	18	142866	148022	416	2181	0.0	1474
JAMSLZ010000022.1	sp|F1LPQ2|ASCC3_RAT	43.3	1791	935	19	142851	148034	412	2185	0.0	1460
JAMSLZ010000022.1	sp|Q54G57|ASCC3_DICDI	42.6	1750	936	21	142887	147989	428	2158	0.0	1419
JAMSLZ010000022.1	sp|E7F8F4|ASCC3_DANRE	44.1	1545	767	11	142896	147515	23	1475	0.0	1324
JAMSLZ010000022.1	sp|O60072|MUG81_SCHPO	39.8	1867	1028	29	142497	147977	113	1923	0.0	1279
JAMSLZ010000022.1	sp|P53327|SLH1_YEAST	42.3	1573	863	24	142878	147512	230	1786	0.0	1240
JAMSLZ010000022.1	sp|Q96C11|FGGY_HUMAN	44.6	590	278	12	185673	187430	6	550	1.70e-146	476
JAMSLZ010000022.1	sp|A2AJL3|FGGY_MOUSE	43.8	589	282	12	185673	187427	7	550	1.54e-143	468
JAMSLZ010000022.1	sp|Q6NUW9|FGGY_DANRE	44.7	582	280	11	185688	187430	5	545	2.65e-142	464
JAMSLZ010000022.1	sp|Q6DCD1|FGGY_XENLA	43.2	584	291	11	185673	187424	5	547	6.87e-139	454
JAMSLZ010000022.1	sp|O74377|SULH1_SCHPO	43.6	543	291	6	38546	40147	191	727	3.06e-120	412
JAMSLZ010000023.1	sp|Q9HGM3|YTA12_SCHPO	66.4	616	198	5	53109	51271	128	737	1.30e-248	780
JAMSLZ010000023.1	sp|Q2KJI7|AFG32_BOVIN	63.5	611	204	9	53028	51223	167	767	4.51e-228	722
JAMSLZ010000023.1	sp|Q9Y4W6|AFG32_HUMAN	63.5	611	204	9	53028	51223	166	766	6.35e-228	721
JAMSLZ010000023.1	sp|Q8JZQ2|AFG32_MOUSE	63.5	611	204	9	53028	51223	165	765	1.02e-227	721
JAMSLZ010000023.1	sp|P40341|YTA12_YEAST	58.2	656	259	6	53178	51241	149	799	1.24e-221	704
JAMSLZ010000023.1	sp|Q920A7|AFG31_MOUSE	58.9	628	238	10	53085	51223	144	758	1.53e-214	682
JAMSLZ010000023.1	sp|P39925|AFG3_YEAST	59.6	636	223	10	53070	51232	124	748	9.56e-212	673
JAMSLZ010000023.1	sp|Q9N3T5|AFG3_CAEEL	58.5	627	240	7	53082	51241	126	745	4.21e-210	669
JAMSLZ010000023.1	sp|Q0DHL4|FTSH8_ORYSJ	55.4	632	251	7	53058	51250	156	785	4.68e-208	665
JAMSLZ010000023.1	sp|Q84WU8|FTSH3_ARATH	56.8	618	241	5	53022	51244	157	773	7.66e-208	664
JAMSLZ010000023.1	sp|Q8VZI8|FTSHA_ARATH	54.8	642	262	4	53091	51244	138	777	2.21e-205	657
JAMSLZ010000023.1	sp|Q8S2A7|FTSH3_ORYSJ	54.4	631	262	5	53058	51244	142	772	3.89e-203	650
JAMSLZ010000023.1	sp|Q5BAE9|NTE1_EMENI	31.9	1664	832	40	33563	28737	86	1502	1.19e-195	654
JAMSLZ010000023.1	sp|Q1DLC7|NTE1_COCIM	30.9	1700	814	40	33563	28737	121	1550	1.48e-195	655
JAMSLZ010000023.1	sp|A1C9L6|NTE1_ASPCL	31.0	1672	840	38	33566	28737	84	1503	1.36e-191	642
JAMSLZ010000023.1	sp|Q2UDH2|NTE1_ASPOR	31.6	1675	831	39	33563	28737	87	1513	4.24e-191	641
JAMSLZ010000023.1	sp|A4QVZ8|NTE1_MAGO7	31.1	1696	842	39	33590	28737	32	1478	3.78e-190	637
JAMSLZ010000023.1	sp|A2R350|NTE1_ASPNC	31.1	1725	857	42	33695	28737	41	1506	3.27e-189	635
JAMSLZ010000023.1	sp|Q4WA15|NTE1_ASPFU	31.4	1670	835	37	33563	28737	78	1497	6.54e-189	634
JAMSLZ010000023.1	sp|A1D9Y2|NTE1_NEOFI	31.2	1663	847	37	33563	28737	79	1498	9.03e-189	634
JAMSLZ010000023.1	sp|Q0CNC7|NTE1_ASPTN	30.6	1666	855	37	33563	28737	82	1502	1.48e-187	630
JAMSLZ010000023.1	sp|Q0UJ42|NTE1_PHANO	29.8	1693	859	36	33587	28737	49	1487	6.34e-184	619
JAMSLZ010000023.1	sp|Q2H0D3|NTE1_CHAGB	30.3	1714	856	41	33566	28647	65	1514	8.49e-180	607
JAMSLZ010000023.1	sp|Q7S8J1|NTE1_NEUCR	30.5	1665	850	40	33554	28737	75	1490	1.21e-177	600
JAMSLZ010000023.1	sp|D0MGU8|FTSH_RHOM4	51.2	601	260	8	52992	51262	65	656	2.88e-175	565
JAMSLZ010000024.1	sp|O93918|PYC_ASPTE	69.4	563	128	3	8879	10567	85	603	3.25e-239	769
JAMSLZ010000024.1	sp|Q9HES8|PYC_ASPNG	69.1	563	130	3	8879	10567	84	602	1.46e-238	767
JAMSLZ010000024.1	sp|Q0CLK1|PYC_ASPTN	69.3	563	129	3	8879	10567	85	603	5.10e-238	766
JAMSLZ010000024.1	sp|Q9UUE1|PYC_SCHPO	65.7	563	149	3	8879	10567	76	594	2.05e-232	749
JAMSLZ010000024.1	sp|P78992|PYC_PICPA	65.4	560	150	3	8879	10558	65	580	6.24e-225	728
JAMSLZ010000024.1	sp|Q8X1T3|PYC_PICAN	63.3	578	169	2	8879	10612	66	600	5.46e-223	721
JAMSLZ010000024.1	sp|P11154|PYC1_YEAST	65.2	560	152	2	8879	10558	62	578	9.32e-222	718
JAMSLZ010000024.1	sp|P32327|PYC2_YEAST	64.8	560	154	2	8879	10558	63	579	9.65e-220	712
JAMSLZ010000024.1	sp|Q29RK2|PYC_BOVIN	58.1	592	246	1	10633	12402	586	1177	2.41e-212	691
JAMSLZ010000024.1	sp|P11498|PYC_HUMAN	58.3	592	245	1	10633	12402	586	1177	6.01e-212	689
JAMSLZ010000024.1	sp|P52873|PYC_RAT	57.6	592	249	1	10633	12402	586	1177	3.75e-211	687
JAMSLZ010000024.1	sp|Q05920|PYC_MOUSE	57.4	592	250	1	10633	12402	586	1177	3.17e-210	684
JAMSLZ010000024.1	sp|O17732|PYC1_CAEEL	55.7	592	260	1	10633	12402	582	1173	3.83e-208	678
JAMSLZ010000024.1	sp|Q9KWU4|PYC_BACSU	51.0	592	289	1	10633	12408	557	1147	3.54e-180	596
JAMSLZ010000024.1	sp|D4ABB8|ATP9B_RAT	39.5	1000	396	13	142079	144898	154	1004	6.63e-170	566
JAMSLZ010000024.1	sp|O43861|ATP9B_HUMAN	39.3	1000	398	12	142079	144898	154	1004	1.22e-169	565
JAMSLZ010000024.1	sp|A1A4J6|ATP9B_BOVIN	39.5	999	396	12	142079	144898	155	1004	1.23e-169	565
JAMSLZ010000024.1	sp|F1Q4S1|ATP9B_DANRE	39.6	994	405	13	142079	144898	141	993	1.25e-169	564
JAMSLZ010000024.1	sp|P98195|ATP9B_MOUSE	39.5	1000	396	13	142079	144898	153	1003	2.17e-169	564
JAMSLZ010000024.1	sp|O75110|ATP9A_HUMAN	40.2	964	427	12	142079	144898	77	915	1.01e-166	553
JAMSLZ010000024.1	sp|O70228|ATP9A_MOUSE	40.1	961	427	12	142088	144898	80	915	1.56e-165	550
JAMSLZ010000024.1	sp|A0A0H3JRU9|PYC_STAAM	47.7	596	304	5	10633	12408	556	1147	1.59e-165	553
JAMSLZ010000024.1	sp|P40527|ATC7_YEAST	37.4	966	436	11	142079	144904	194	1014	4.00e-160	537
JAMSLZ010000024.1	sp|Q66X93|SND1_RAT	39.0	888	462	26	152554	149951	74	901	4.10e-154	511
JAMSLZ010000024.1	sp|Q5REU4|SND1_PONAB	39.1	896	466	27	152578	149951	67	902	4.22e-154	511
JAMSLZ010000025.1	sp|Q8I7P9|POL5_DROME	39.9	288	164	3	22679	23521	150	435	1.45e-55	219
JAMSLZ010000025.1	sp|P04323|POL3_DROME	40.8	282	160	3	22679	23521	234	509	1.64e-55	220
JAMSLZ010000025.1	sp|P10401|POLY_DROME	38.8	289	168	3	22679	23521	208	495	1.83e-50	204
JAMSLZ010000025.1	sp|P10394|POL4_DROME	30.0	447	298	10	36103	37431	309	744	2.37e-50	204
JAMSLZ010000025.1	sp|P03934|TC1A_CAEEL	40.8	250	139	4	28116	27367	33	273	6.53e-50	185
JAMSLZ010000025.1	sp|P20825|POL2_DROME	29.1	430	288	8	36124	37404	208	623	3.38e-49	200
JAMSLZ010000025.1	sp|Q99315|YG31B_YEAST	41.1	270	144	3	22685	23494	625	879	1.03e-48	200
JAMSLZ010000025.1	sp|P35072|TCB1_CAEBR	41.2	250	138	4	28116	27367	33	273	1.42e-48	181
JAMSLZ010000025.1	sp|Q7LHG5|YI31B_YEAST	40.7	270	145	3	22685	23494	651	905	3.76e-48	198
JAMSLZ010000025.1	sp|Q04202|TCB2_CAEBR	38.4	250	145	4	28116	27367	33	273	3.62e-46	174
JAMSLZ010000025.1	sp|P31843|RRPO_OENBE	50.8	128	60	1	22766	23140	5	132	8.23e-32	128
JAMSLZ010000025.1	sp|O00370|LORF2_HUMAN	23.6	733	452	24	64806	66923	87	738	1.41e-31	143
JAMSLZ010000025.1	sp|Q89703|POL_CSVMV	29.6	291	185	6	22706	23539	243	526	1.97e-31	140
JAMSLZ010000025.1	sp|P11369|LORF2_MOUSE	23.1	860	528	31	64878	67340	118	883	2.44e-31	142
JAMSLZ010000025.1	sp|P08548|LIN1_NYCCO	22.6	720	429	23	64878	66926	110	738	3.57e-30	139
JAMSLZ010000025.1	sp|P19199|POL_COYMV	28.9	284	189	5	22682	23512	1430	1707	7.01e-29	135
JAMSLZ010000025.1	sp|Q91DM0|POLG_PVCV1	29.6	280	185	6	22682	23515	1413	1682	1.09e-27	131
JAMSLZ010000025.1	sp|Q6XKE6|POLG_PVCV2	29.6	280	185	6	22682	23515	1414	1683	1.09e-27	131
JAMSLZ010000025.1	sp|P15629|POL_SOCMV	30.2	301	188	10	22679	23539	230	522	2.72e-26	124
JAMSLZ010000025.1	sp|Q7TD08|POL_CYLCV	32.8	235	148	7	22679	23365	229	459	4.52e-25	120
JAMSLZ010000025.1	sp|P10272|POL_BAEVM	29.9	334	192	12	24160	25119	1370	1675	4.24e-19	102
JAMSLZ010000025.1	sp|P31792|POL_FENV1	30.2	308	177	10	24235	25119	712	994	4.25e-19	102
JAMSLZ010000025.1	sp|P21414|POL_GALV	26.7	333	208	10	24265	25239	1360	1664	2.36e-17	97.1
JAMSLZ010000025.1	sp|P03359|POL_WMSV	26.4	382	232	13	24139	25239	1318	1665	3.09e-17	96.7
JAMSLZ010000025.1	sp|P10273|POL_FLV	27.1	303	200	8	24226	25119	1365	1651	1.02e-15	91.7
JAMSLZ010000026.1	sp|P50367|NU5M_RHIST	97.2	652	17	1	18084	16129	1	651	0.0	1232
JAMSLZ010000026.1	sp|Q3T4F3|NU2M_RHIOR	91.0	523	35	2	22962	24494	1	523	3.64e-275	843
JAMSLZ010000026.1	sp|Q0H8X0|NU5M_USTMA	66.2	624	210	1	18084	16216	1	624	1.05e-266	825
JAMSLZ010000026.1	sp|Q85T01|NU5M_CRYNH	62.2	664	238	2	18084	16123	1	661	1.15e-261	810
JAMSLZ010000026.1	sp|Q0H8Y4|COX1_USTMA	85.8	431	61	0	19348	20640	1	431	8.57e-251	773
JAMSLZ010000026.1	sp|P80440|COX1_ALLMA	86.0	429	60	0	19354	20640	9	437	3.00e-248	766
JAMSLZ010000026.1	sp|Q3T4F1|CYB_RHIOR	95.3	385	18	0	33014	31860	1	385	1.61e-244	748
JAMSLZ010000026.1	sp|Q6V9D9|NU5M_TALMA	57.3	662	274	6	18084	16114	1	658	1.98e-242	755
JAMSLZ010000026.1	sp|P24794|COX1_BETVU	79.9	433	87	0	19342	20640	2	434	7.65e-238	736
JAMSLZ010000026.1	sp|P60620|COX1_ARATH	80.3	432	85	0	19345	20640	3	434	8.54e-238	736
JAMSLZ010000026.1	sp|P60621|COX1_RAPSA	80.3	432	85	0	19345	20640	3	434	8.54e-238	736
JAMSLZ010000026.1	sp|P68540|COX1_AEGCO	80.4	433	85	0	19342	20640	2	434	1.93e-237	734
JAMSLZ010000026.1	sp|P68539|COX1_WHEAT	80.4	433	85	0	19342	20640	2	434	1.93e-237	734
JAMSLZ010000026.1	sp|P14578|COX1_ORYSJ	79.9	433	87	0	19342	20640	2	434	6.65e-237	733
JAMSLZ010000026.1	sp|P08742|COX1_MAIZE	79.9	433	87	0	19342	20640	2	434	7.70e-237	733
JAMSLZ010000026.1	sp|P05502|COX1_SORBI	79.9	433	87	0	19342	20640	2	434	8.29e-237	733
JAMSLZ010000026.1	sp|Q6QU67|NU5M_ASPNG	56.1	656	280	5	18084	16132	1	653	1.45e-236	738
JAMSLZ010000026.1	sp|P26856|COX1_MARPO	80.2	429	85	0	19354	20640	7	435	8.65e-235	727
JAMSLZ010000026.1	sp|Q01561|NU5M_TRIRU	56.2	649	279	3	18084	16147	1	647	2.46e-234	731
JAMSLZ010000026.1	sp|Q8HHD2|NU5M_CRYPA	55.6	657	285	4	18084	16126	1	654	5.07e-234	731
JAMSLZ010000026.1	sp|P20679|NU5M_PODAN	57.6	621	260	2	18084	16231	1	621	9.83e-231	721
JAMSLZ010000026.1	sp|Q05143|COX1_PROWI	80.0	429	85	1	19354	20640	4	431	3.20e-230	713
JAMSLZ010000026.1	sp|Q8SHP7|NU5M_HYPJE	55.3	637	278	4	18084	16186	1	634	1.63e-228	716
JAMSLZ010000026.1	sp|P11628|NU5M_EMEND	55.1	661	288	6	18084	16114	1	656	2.22e-228	714
JAMSLZ010000026.1	sp|Q02211|COX1_PHYME	77.1	428	98	0	19357	20640	13	440	2.05e-226	701
JAMSLZ010000027.1	sp|Q8R3B7|BRD8_MOUSE	37.7	122	59	1	40503	40138	780	884	5.59e-16	91.3
JAMSLZ010000027.1	sp|Q9H0E9|BRD8_HUMAN	37.7	122	59	1	40503	40138	707	811	6.52e-16	91.3
JAMSLZ010000027.1	sp|Q97P97|IOJAP_STRPN	46.5	43	22	1	42946	42818	68	109	3.73e-05	50.8
JAMSLZ010000003.1	sp|O93937|PYR1_EMENI	58.8	1411	529	9	927018	922879	885	2273	0.0	1590
JAMSLZ010000003.1	sp|Q09794|PYR1_SCHPO	58.7	1395	529	12	927018	922873	879	2239	0.0	1566
JAMSLZ010000003.1	sp|O93927|FKS1_CRYNH	50.8	1616	664	25	3492498	3497165	137	1681	0.0	1528
JAMSLZ010000003.1	sp|P07259|PYR1_YEAST	57.5	1402	550	13	927027	922873	840	2212	0.0	1521
JAMSLZ010000003.1	sp|Q02061|RPB2_SCHPO	66.0	1174	319	12	1316408	1319872	13	1125	0.0	1517
JAMSLZ010000003.1	sp|A5DHT2|RPB2_PICGU	62.4	1183	357	12	1316414	1319872	21	1145	0.0	1427
JAMSLZ010000003.1	sp|A2QLK4|FKS1_ASPNC	47.8	1643	719	22	3492498	3497201	181	1760	0.0	1426
JAMSLZ010000003.1	sp|O13967|BGS2_SCHPO	46.8	1652	730	25	3492498	3497201	183	1769	0.0	1393
JAMSLZ010000003.1	sp|P40989|FKS2_YEAST	46.4	1662	743	27	3492498	3497225	167	1766	0.0	1393
JAMSLZ010000003.1	sp|Q753Q4|RPB2_ASHGO	60.3	1190	356	14	1316414	1319872	24	1134	0.0	1385
JAMSLZ010000003.1	sp|P38631|FKS1_YEAST	46.7	1673	739	27	3492471	3497225	139	1747	0.0	1384
JAMSLZ010000003.1	sp|Q6FLD5|RPB2_CANGA	60.3	1174	381	12	1316414	1319872	26	1135	0.0	1380
JAMSLZ010000003.1	sp|P08518|RPB2_YEAST	59.4	1187	370	11	1316414	1319872	28	1136	0.0	1374
JAMSLZ010000003.1	sp|O74475|BGS4_SCHPO	45.0	1704	751	33	3492474	3497225	185	1822	0.0	1365
JAMSLZ010000003.1	sp|Q54J75|RPB2_DICDI	59.4	1166	369	14	1316402	1319872	17	1087	0.0	1365
JAMSLZ010000003.1	sp|Q42877|RPB2_SOLLC	59.9	1165	372	13	1316402	1319872	19	1096	0.0	1361
JAMSLZ010000003.1	sp|Q10287|BGS1_SCHPO	46.1	1667	773	31	3492378	3497204	19	1617	0.0	1354
JAMSLZ010000003.1	sp|P38420|NRPB2_ARATH	59.5	1165	377	13	1316402	1319872	20	1097	0.0	1351
JAMSLZ010000003.1	sp|Q8CFI7|RPB2_MOUSE	58.9	1168	376	13	1316399	1319872	19	1092	0.0	1318
JAMSLZ010000003.1	sp|P30876|RPB2_HUMAN	58.8	1168	377	13	1316399	1319872	19	1092	0.0	1317
JAMSLZ010000003.1	sp|P08266|RPB2_DROME	57.1	1181	370	13	1316411	1319872	24	1094	0.0	1289
JAMSLZ010000003.1	sp|Q04952|FKS3_YEAST	43.1	1717	775	31	3492480	3497225	9	1658	0.0	1277
JAMSLZ010000003.1	sp|Q10578|RPB2_CAEEL	57.1	1183	364	13	1316411	1319872	30	1098	0.0	1273
JAMSLZ010000003.1	sp|Q9P377|BGS3_SCHPO	44.2	1611	773	25	3492489	3497150	143	1684	0.0	1268
JAMSLZ010000003.1	sp|P20054|PYR1_DICDI	48.1	1423	686	14	927015	922873	812	2223	0.0	1264
JAMSLZ010000004.1	sp|P15398|RPA1_SCHPO	50.9	1622	666	24	3096079	3100734	122	1683	0.0	1438
JAMSLZ010000004.1	sp|P10964|RPA1_YEAST	44.7	1646	727	30	3096067	3100746	117	1664	0.0	1270
JAMSLZ010000004.1	sp|Q4P9K9|CHS8_USTMA	57.9	845	341	7	1577626	1580148	919	1752	2.44e-309	1006
JAMSLZ010000004.1	sp|Q86H36|RPA1_DICDI	39.7	1518	763	26	3096325	3100734	201	1614	2.59e-306	984
JAMSLZ010000004.1	sp|J9VNT4|CHS5_CRYNH	57.5	875	351	9	1577641	1580232	906	1770	5.88e-303	985
JAMSLZ010000004.1	sp|O95602|RPA1_HUMAN	39.2	1616	745	36	3096349	3100734	188	1719	5.73e-291	943
JAMSLZ010000004.1	sp|O35134|RPA1_MOUSE	38.3	1622	748	32	3096349	3100734	188	1716	2.75e-289	938
JAMSLZ010000004.1	sp|O54889|RPA1_RAT	38.7	1595	777	31	3096349	3100734	188	1715	5.35e-286	928
JAMSLZ010000004.1	sp|P14864|EF1A2_MUCCL	85.7	519	13	1	1993488	1995044	1	458	1.70e-283	868
JAMSLZ010000004.1	sp|P06805|EF1A1_MUCCL	85.5	519	14	1	1993488	1995044	1	458	5.84e-283	867
JAMSLZ010000004.1	sp|P14865|EF1A3_MUCCL	85.5	519	13	1	1993488	1995044	1	457	1.42e-282	866
JAMSLZ010000004.1	sp|P46598|HSP90_CANAL	70.2	681	190	5	2517199	2519214	31	707	3.90e-282	876
JAMSLZ010000004.1	sp|P41887|HSP90_SCHPO	72.7	677	179	3	2517199	2519214	29	704	6.49e-282	875
JAMSLZ010000004.1	sp|O13395|CHS6_USTMA	51.9	856	380	8	1577626	1580154	62	898	2.85e-280	891
JAMSLZ010000004.1	sp|Q8J2M3|HSP82_ASHGO	70.2	677	196	3	2517199	2519214	29	704	1.29e-275	857
JAMSLZ010000004.1	sp|P15108|HSC82_YEAST	67.5	679	213	3	2517199	2519214	28	705	8.95e-271	843
JAMSLZ010000004.1	sp|P02829|HSP82_YEAST	67.8	683	208	3	2517199	2519214	28	709	1.92e-270	843
JAMSLZ010000004.1	sp|O42938|PFKA_SCHPO	52.9	831	305	7	1511965	1509479	192	938	1.46e-269	850
JAMSLZ010000004.1	sp|Q7PT10|HSP83_ANOGA	68.3	656	200	2	2517199	2519145	32	686	1.03e-265	830
JAMSLZ010000004.1	sp|P38795|NADE_YEAST	64.1	646	201	4	1770984	1769059	89	707	2.08e-265	828
JAMSLZ010000004.1	sp|P40292|HSP90_ASPFU	68.2	680	207	3	2517199	2519214	28	706	3.03e-261	816
JAMSLZ010000004.1	sp|Q9SVY0|NRPA1_ARATH	36.5	1579	767	38	3096358	3100728	201	1666	9.06e-260	850
JAMSLZ010000004.1	sp|O42820|EF1A_SCHCO	77.9	520	53	2	1993488	1995044	1	459	4.38e-258	796
JAMSLZ010000004.1	sp|J9VF17|CHS4_CRYNH	48.4	874	402	10	1577602	1580148	145	994	3.32e-257	828
JAMSLZ010000004.1	sp|P91875|RPA1_DROME	37.1	1551	751	32	3096394	3100725	205	1638	4.57e-257	841
JAMSLZ010000005.1	sp|Q4PFV5|DPOE_USTMA	38.8	2366	1201	35	1669513	1662686	95	2302	0.0	1481
JAMSLZ010000005.1	sp|P0CN27|DPOE_CRYNB	46.5	1757	826	28	1667857	1662719	550	2236	0.0	1467
JAMSLZ010000005.1	sp|P0CN26|DPOE_CRYNJ	46.5	1757	826	28	1667857	1662719	550	2236	0.0	1467
JAMSLZ010000005.1	sp|O93845|DPOE_EMENI	43.2	1757	922	27	1667857	1662686	491	2204	0.0	1392
JAMSLZ010000005.1	sp|Q4WXH8|DPOE_ASPFU	37.1	2318	1247	35	1669513	1662686	79	2227	0.0	1389
JAMSLZ010000005.1	sp|Q07864|DPOE1_HUMAN	42.4	1806	918	29	1667857	1662695	507	2275	0.0	1345
JAMSLZ010000005.1	sp|Q9WVF7|DPOE1_MOUSE	42.2	1804	922	29	1667857	1662695	507	2272	0.0	1342
JAMSLZ010000005.1	sp|P87154|DPOE_SCHPO	42.9	1749	918	26	1667857	1662677	508	2198	0.0	1319
JAMSLZ010000005.1	sp|Q6BNG2|DPOE_DEBHA	42.4	1737	910	33	1667857	1662737	533	2208	0.0	1313
JAMSLZ010000005.1	sp|P21951|DPOE_YEAST	40.3	1738	955	29	1667857	1662731	522	2206	0.0	1243
JAMSLZ010000005.1	sp|Q9VCN1|DPOE1_DROME	40.0	1771	969	26	1667857	1662692	505	2230	0.0	1226
JAMSLZ010000005.1	sp|Q6CUS7|DPOE_KLULA	40.3	1756	948	31	1667857	1662686	499	2185	0.0	1226
JAMSLZ010000005.1	sp|Q752B8|DPOE_ASHGO	39.9	1736	948	30	1667857	1662734	496	2164	0.0	1170
JAMSLZ010000005.1	sp|F4IFN6|DPOE2_ARATH	38.9	1745	966	33	1667857	1662680	472	2134	0.0	1133
JAMSLZ010000005.1	sp|J9VNT4|CHS5_CRYNH	39.5	1727	882	34	1396278	1391284	121	1746	0.0	1100
JAMSLZ010000005.1	sp|Q4P9K9|CHS8_USTMA	39.8	1749	872	38	1396278	1391284	107	1758	0.0	1096
JAMSLZ010000005.1	sp|P30594|CHS1_RHIOL	71.8	786	177	3	1885095	1882738	118	858	0.0	1085
JAMSLZ010000005.1	sp|Q5AZT7|LONM_EMENI	65.6	820	219	7	1897380	1894975	324	1098	9.11e-319	999
JAMSLZ010000005.1	sp|A2QCJ2|LONM_ASPNC	65.0	824	225	7	1897389	1894978	324	1104	3.28e-316	992
JAMSLZ010000005.1	sp|Q4X0Z7|LONM_ASPFU	64.7	818	226	4	1897389	1894999	320	1095	1.12e-312	982
JAMSLZ010000005.1	sp|P06738|PHSG_YEAST	53.8	896	362	15	936552	939137	23	900	1.75e-303	946
JAMSLZ010000005.1	sp|O13395|CHS6_USTMA	55.8	853	365	7	2479138	2476595	51	896	5.96e-303	957
JAMSLZ010000005.1	sp|Q00766|PHS1_DICDI	56.0	811	354	3	936714	939146	38	845	5.01e-301	937
JAMSLZ010000005.1	sp|P39109|YCFI_YEAST	41.9	1351	641	21	403085	407059	279	1511	3.69e-295	947
JAMSLZ010000005.1	sp|Q5A310|ISW2_CANAL	55.9	858	334	9	121336	123834	167	1005	9.66e-293	922
JAMSLZ010000006.1	sp|Q9UUG0|FAS1_SCHPO	53.9	1524	654	18	2006562	2011046	565	2069	0.0	1585
JAMSLZ010000006.1	sp|P34731|FAS1_CANAX	54.3	1507	643	18	2006556	2011040	560	2033	0.0	1578
JAMSLZ010000006.1	sp|P34229|FAS1_YARLI	53.3	1518	664	20	2006556	2011040	584	2079	0.0	1558
JAMSLZ010000006.1	sp|P07149|FAS1_YEAST	51.3	1506	695	17	2006559	2011055	574	2048	0.0	1503
JAMSLZ010000006.1	sp|Q92215|TOXC_COCCA	45.3	1511	782	16	2006556	2011040	574	2056	0.0	1287
JAMSLZ010000006.1	sp|P78615|FAS2_EMEND	60.2	1094	409	11	2011062	2014313	3	1080	0.0	1245
JAMSLZ010000006.1	sp|P55811|LEUC_RHINI	81.5	750	136	2	405099	407339	1	750	0.0	1241
JAMSLZ010000006.1	sp|P15368|FAS2_PENPA	60.0	1088	417	11	2011062	2014313	3	1076	0.0	1214
JAMSLZ010000006.1	sp|Q10289|FAS2_SCHPO	57.4	1101	434	9	2011062	2014346	3	1074	0.0	1206
JAMSLZ010000006.1	sp|P36594|RPB1_SCHPO	57.2	1112	375	8	1621960	1618646	30	1047	0.0	1199
JAMSLZ010000006.1	sp|P55251|LEUC_RHIPU	77.0	755	166	3	405099	407339	1	755	0.0	1194
JAMSLZ010000006.1	sp|G8BAW7|FAS2_CANPC	56.1	1115	446	13	2011062	2014313	3	1104	0.0	1146
JAMSLZ010000006.1	sp|P18250|LEUC_PHYB8	74.1	757	173	6	405099	407339	1	744	0.0	1136
JAMSLZ010000006.1	sp|P43098|FAS2_CANAX	56.0	1117	445	16	2011062	2014313	3	1105	0.0	1120
JAMSLZ010000006.1	sp|Q75A34|RPB1_ASHGO	54.2	1112	407	9	1621960	1618646	28	1044	0.0	1108
JAMSLZ010000006.1	sp|P17279|LEUC_MUCCL	87.5	633	66	3	404961	406850	7	629	0.0	1095
JAMSLZ010000006.1	sp|O93927|FKS1_CRYNH	53.4	1078	432	19	651383	654571	136	1158	0.0	1083
JAMSLZ010000006.1	sp|P04050|RPB1_YEAST	52.8	1123	406	10	1621960	1618646	28	1044	0.0	1082
JAMSLZ010000006.1	sp|P19097|FAS2_YEAST	53.8	1113	476	14	2011062	2014313	3	1106	0.0	1080
JAMSLZ010000006.1	sp|A2QLK4|FKS1_ASPNC	52.8	1096	428	17	651383	654571	180	1219	0.0	1077
JAMSLZ010000006.1	sp|Q765N2|FAS2_LACKL	53.6	1131	471	14	2011062	2014346	5	1117	0.0	1073
JAMSLZ010000006.1	sp|P35084|RPB1_DICDI	52.9	1118	427	12	1621954	1618646	31	1063	0.0	1071
JAMSLZ010000006.1	sp|P18616|NRPB1_ARATH	50.4	1124	451	8	1621960	1618646	29	1064	0.0	1045
JAMSLZ010000006.1	sp|A5DI11|EF2_PICGU	75.1	666	166	0	1531780	1529783	177	842	0.0	1035
JAMSLZ010000006.1	sp|P38631|FKS1_YEAST	50.9	1097	453	16	651383	654571	147	1191	0.0	1031
JAMSLZ010000007.1	sp|P45444|DYHC_EMENI	60.0	3008	1106	18	439729	448734	352	3267	0.0	3600
JAMSLZ010000007.1	sp|Q14204|DYHC1_HUMAN	59.7	3043	1096	25	439711	448737	323	3270	0.0	3590
JAMSLZ010000007.1	sp|P45443|DYHC_NEUCR	60.3	3008	1097	19	439729	448728	361	3278	0.0	3590
JAMSLZ010000007.1	sp|Q9JHU4|DYHC1_MOUSE	59.9	3041	1095	25	439711	448737	321	3268	0.0	3590
JAMSLZ010000007.1	sp|P38650|DYHC1_RAT	59.7	3041	1100	25	439711	448737	321	3268	0.0	3581
JAMSLZ010000007.1	sp|P78716|DYHC_FUSVN	59.3	2965	1102	19	439729	448596	364	3232	0.0	3522
JAMSLZ010000007.1	sp|P37276|DYHC_DROME	59.0	3023	1123	21	439711	448719	323	3249	0.0	3518
JAMSLZ010000007.1	sp|P34036|DYHC_DICDI	54.9	3055	1244	33	439729	448734	381	3353	0.0	3237
JAMSLZ010000007.1	sp|Q19020|DYHC_CAEEL	50.4	3032	1343	31	439708	448734	320	3212	0.0	2906
JAMSLZ010000007.1	sp|Q6P2Q9|PRP8_HUMAN	84.7	1449	214	2	1966345	1970688	52	1493	0.0	2593
JAMSLZ010000007.1	sp|Q99PV0|PRP8_MOUSE	84.7	1449	214	2	1966345	1970688	52	1493	0.0	2593
JAMSLZ010000007.1	sp|Q9SSD2|PRP8A_ARATH	81.9	1449	254	3	1966345	1970688	76	1517	0.0	2522
JAMSLZ010000007.1	sp|P34369|PRP8_CAEEL	81.8	1451	255	4	1966345	1970688	42	1486	0.0	2516
JAMSLZ010000007.1	sp|Q27171|DYHC_PARTE	43.7	3015	1510	31	439705	448716	310	3151	0.0	2484
JAMSLZ010000007.1	sp|Q9T0I6|PRP8B_ARATH	80.3	1449	281	2	1966345	1970688	74	1519	0.0	2464
JAMSLZ010000007.1	sp|Q8T295|PRP8_DICDI	77.8	1448	317	2	1966345	1970688	39	1482	0.0	2397
JAMSLZ010000007.1	sp|O14187|SPP42_SCHPO	75.9	1456	340	6	1966345	1970700	73	1521	0.0	2323
JAMSLZ010000007.1	sp|Q8IBG1|DYHC1_PLAF7	40.2	3218	1572	44	439741	448728	376	3466	0.0	2284
JAMSLZ010000007.1	sp|P33334|PRP8_YEAST	65.1	1452	480	9	1966363	1970688	131	1565	0.0	1967
JAMSLZ010000007.1	sp|P38811|TRA1_YEAST	36.5	3167	1689	48	1555220	1545933	257	3177	0.0	1869
JAMSLZ010000007.1	sp|Q9C1M7|DYHC_ASHGO	34.9	3035	1700	45	439720	448734	289	3079	0.0	1803
JAMSLZ010000007.1	sp|Q9HFE8|TRA1_SCHPO	33.3	3387	1774	44	1555220	1545177	275	3216	0.0	1718
JAMSLZ010000007.1	sp|Q10064|YAMB_SCHPO	33.2	3357	1752	53	1555136	1545177	269	3168	0.0	1674
JAMSLZ010000007.1	sp|Q9Y4A5|TRRAP_HUMAN	30.6	3262	1825	72	1555160	1545945	258	3271	0.0	1388
JAMSLZ010000007.1	sp|A0A0R4ITC5|TRRAP_DANRE	30.9	3229	1820	73	1555160	1545945	258	3235	0.0	1379
JAMSLZ010000008.1	sp|Q54YZ9|DHKJ_DICDI	63.4	1362	474	4	257912	253899	170	1531	0.0	1582
JAMSLZ010000008.1	sp|P78820|ACAC_SCHPO	51.6	1548	693	17	635928	631420	743	2278	0.0	1505
JAMSLZ010000008.1	sp|Q00955|ACAC_YEAST	49.3	1518	734	20	635928	631426	733	2232	0.0	1373
JAMSLZ010000008.1	sp|O94313|CARB_SCHPO	63.8	1110	340	9	86925	90251	107	1155	0.0	1352
JAMSLZ010000008.1	sp|P46056|CARB_CUTCT	62.7	1114	350	12	86925	90251	96	1148	0.0	1321
JAMSLZ010000008.1	sp|P03965|CARB_YEAST	59.6	1130	377	12	86925	90260	49	1116	0.0	1262
JAMSLZ010000008.1	sp|Q75D66|CARB_ASHGO	55.6	1127	421	12	86925	90260	49	1111	0.0	1174
JAMSLZ010000008.1	sp|P11029|ACAC_CHICK	41.6	1555	835	26	635928	631420	784	2317	0.0	1122
JAMSLZ010000008.1	sp|Q10490|SYLC_SCHPO	51.6	1124	472	16	1380933	1377670	23	1110	0.0	1115
JAMSLZ010000008.1	sp|Q09794|PYR1_SCHPO	54.2	1096	423	17	86925	90185	495	1520	0.0	1100
JAMSLZ010000008.1	sp|O00763|ACACB_HUMAN	41.1	1549	842	24	635928	631420	927	2451	0.0	1096
JAMSLZ010000008.1	sp|O93937|PYR1_EMENI	55.2	1098	411	18	86925	90185	501	1528	0.0	1095
JAMSLZ010000008.1	sp|Q13085|ACACA_HUMAN	40.6	1580	838	29	635928	631420	784	2340	0.0	1091
JAMSLZ010000008.1	sp|P07259|PYR1_YEAST	53.8	1100	429	17	86925	90191	459	1490	0.0	1090
JAMSLZ010000008.1	sp|E9Q4Z2|ACACB_MOUSE	41.4	1550	836	26	635928	631420	917	2441	0.0	1088
JAMSLZ010000008.1	sp|P26637|SYLC_YEAST	51.1	1117	478	18	1380933	1377676	10	1089	0.0	1073
JAMSLZ010000008.1	sp|P05990|PYR1_DROME	52.9	1104	443	13	86925	90200	424	1462	0.0	1073
JAMSLZ010000008.1	sp|Q91437|PYR1_SQUAC	52.3	1094	447	12	86925	90173	417	1446	0.0	1070
JAMSLZ010000008.1	sp|P10857|SYLC_NEUCR	50.6	1133	476	22	1380933	1377676	27	1122	0.0	1058
JAMSLZ010000008.1	sp|P08955|PYR1_MESAU	51.8	1093	450	14	86925	90173	414	1439	0.0	1045
JAMSLZ010000008.1	sp|O94489|EF3_SCHPO	54.3	1046	437	16	721969	718913	16	1047	0.0	1013
JAMSLZ010000008.1	sp|B2RQC6|PYR1_MOUSE	51.6	1093	452	15	86925	90173	414	1439	4.52e-319	1042
JAMSLZ010000008.1	sp|P00365|DHE2_NEUCR	56.1	908	360	8	1510553	1507860	162	1040	2.16e-315	986
JAMSLZ010000008.1	sp|Q18990|PYR1_CAEEL	50.5	1101	467	11	86925	90173	411	1451	1.56e-309	1013
JAMSLZ010000008.1	sp|Q8BMJ2|SYLC_MOUSE	47.5	1106	516	20	1380933	1377673	7	1066	5.83e-305	962
JAMSLZ010000009.1	sp|Q68FD5|CLH1_MOUSE	63.8	1240	430	2	796925	793206	390	1610	0.0	1588
JAMSLZ010000009.1	sp|P49951|CLH1_BOVIN	63.7	1240	431	2	796925	793206	390	1610	0.0	1587
JAMSLZ010000009.1	sp|Q00610|CLH1_HUMAN	63.7	1240	431	2	796925	793206	390	1610	0.0	1587
JAMSLZ010000009.1	sp|P11442|CLH1_RAT	63.7	1240	431	2	796925	793206	390	1610	0.0	1585
JAMSLZ010000009.1	sp|P29742|CLH_DROME	62.3	1240	448	3	796922	793206	391	1611	0.0	1539
JAMSLZ010000009.1	sp|P53675|CLH2_HUMAN	61.6	1240	457	2	796925	793206	390	1610	0.0	1525
JAMSLZ010000009.1	sp|P34574|CLH_CAEEL	59.7	1243	480	4	796925	793206	388	1612	0.0	1474
JAMSLZ010000009.1	sp|O75533|SF3B1_HUMAN	79.6	964	171	5	612872	615757	365	1304	0.0	1442
JAMSLZ010000009.1	sp|Q99NB9|SF3B1_MOUSE	79.5	964	172	5	612872	615757	365	1304	0.0	1441
JAMSLZ010000009.1	sp|O57683|SF3B1_XENLA	79.6	964	171	5	612872	615757	368	1307	0.0	1441
JAMSLZ010000009.1	sp|P25870|CLH_DICDI	55.9	1242	529	2	796922	793200	390	1613	0.0	1412
JAMSLZ010000009.1	sp|Q10161|CLH_SCHPO	56.2	1241	521	4	796925	793203	388	1606	0.0	1396
JAMSLZ010000009.1	sp|Q2RBN7|CLH1_ORYSJ	55.7	1240	531	1	796925	793206	403	1624	0.0	1369
JAMSLZ010000009.1	sp|Q2QYW2|CLH2_ORYSJ	55.6	1240	533	1	796925	793206	403	1624	0.0	1367
JAMSLZ010000009.1	sp|Q0WLB5|CLAH2_ARATH	54.7	1240	544	1	796925	793206	403	1624	0.0	1353
JAMSLZ010000009.1	sp|Q0WNJ6|CLAH1_ARATH	54.5	1240	546	1	796925	793206	403	1624	0.0	1348
JAMSLZ010000009.1	sp|P22137|CLH_YEAST	54.6	1235	542	2	796919	793218	396	1612	0.0	1335
JAMSLZ010000009.1	sp|Q10178|SF3B1_SCHPO	59.4	1198	394	15	612203	615745	79	1201	0.0	1281
JAMSLZ010000009.1	sp|P53914|NAT10_YEAST	60.2	994	352	10	1200358	1197398	68	1024	0.0	1117
JAMSLZ010000009.1	sp|P87115|NAT10_SCHPO	60.1	991	342	9	1200358	1197392	68	1007	0.0	1094
JAMSLZ010000009.1	sp|Q01576|ACSA_PHYB8	76.2	676	141	3	1219492	1221513	4	661	0.0	1071
JAMSLZ010000009.1	sp|Q8K224|NAT10_MOUSE	55.2	1028	382	16	1200358	1197302	67	1024	0.0	1010
JAMSLZ010000009.1	sp|Q9H0A0|NAT10_HUMAN	55.0	1028	387	16	1200358	1197290	67	1023	0.0	1009
JAMSLZ010000009.1	sp|O94489|EF3_SCHPO	54.4	998	417	14	951612	954527	62	1047	5.96e-317	991
JAMSLZ010000009.1	sp|Q55EJ3|NAT10_DICDI	53.5	966	388	13	1200310	1197464	83	1004	1.66e-304	955
