LTDL01000014.1	sp|Q8SR75|RPB2_ENCCU	61.0	1151	416	8	259561	256160	6	1140	0.0	1441
LTDL01000014.1	sp|Q02061|RPB2_SCHPO	57.6	1203	441	9	259564	256151	12	1210	0.0	1377
LTDL01000014.1	sp|Q42877|RPB2_SOLLC	58.7	1166	453	10	259570	256151	18	1181	0.0	1373
LTDL01000014.1	sp|A5DHT2|RPB2_PICGU	56.1	1219	443	13	259564	256160	18	1228	0.0	1362
LTDL01000014.1	sp|P38420|NRPB2_ARATH	58.1	1166	460	9	259570	256151	19	1182	0.0	1355
LTDL01000014.1	sp|Q54J75|RPB2_DICDI	57.4	1164	457	13	259564	256157	18	1170	0.0	1343
LTDL01000014.1	sp|Q8CFI7|RPB2_MOUSE	58.7	1152	451	10	259558	256169	23	1171	0.0	1330
LTDL01000014.1	sp|P30876|RPB2_HUMAN	58.6	1152	452	10	259558	256169	23	1171	0.0	1328
LTDL01000014.1	sp|Q753Q4|RPB2_ASHGO	55.0	1203	461	11	259564	256169	21	1214	0.0	1328
LTDL01000014.1	sp|P08518|RPB2_YEAST	55.6	1197	461	11	259564	256169	25	1216	0.0	1327
LTDL01000014.1	sp|Q6FLD5|RPB2_CANGA	55.3	1198	465	10	259564	256169	23	1215	0.0	1327
LTDL01000014.1	sp|P08266|RPB2_DROME	57.8	1153	460	10	259558	256169	24	1173	0.0	1326
LTDL01000014.1	sp|Q10578|RPB2_CAEEL	57.3	1156	466	12	259558	256160	30	1180	0.0	1304
LTDL01000014.1	sp|P08096|TOP2_SCHPO	52.5	1132	486	7	384609	387851	68	1198	0.0	1151
LTDL01000014.1	sp|P30182|TOP2_ARATH	50.2	1165	508	15	384621	387908	29	1190	0.0	1099
LTDL01000014.1	sp|O42131|TOP2B_CHICK	51.0	1160	495	13	384615	387884	52	1208	0.0	1089
LTDL01000014.1	sp|Q9Y8G8|TOP2_PENCH	50.6	1140	498	12	384615	387854	60	1194	0.0	1087
LTDL01000014.1	sp|Q64399|TOP2B_CRILO	50.9	1160	496	13	384615	387884	35	1191	0.0	1084
LTDL01000014.1	sp|Q64511|TOP2B_MOUSE	50.9	1160	497	13	384615	387884	35	1191	0.0	1084
LTDL01000014.1	sp|Q02880|TOP2B_HUMAN	51.0	1160	495	13	384615	387884	47	1203	0.0	1083
LTDL01000014.1	sp|Q01320|TOP2A_MOUSE	49.9	1183	514	14	384600	387920	20	1199	0.0	1070
LTDL01000014.1	sp|P41516|TOP2A_RAT	49.7	1184	515	15	384600	387920	20	1199	0.0	1062
LTDL01000014.1	sp|Q23670|TOP2_CAEEL	49.3	1172	505	15	384609	387863	57	1226	0.0	1062
LTDL01000014.1	sp|Q01879|TOP2_PICGU	49.1	1164	500	13	384633	387854	57	1218	0.0	1062
LTDL01000014.1	sp|P41515|TOP2A_CRIGR	49.2	1181	523	14	384600	387920	20	1197	0.0	1061
LTDL01000016.1	sp|Q8SRI2|GFA1_ENCCU	48.1	702	345	10	37393	39450	1	699	7.82e-193	614
LTDL01000016.1	sp|P53704|GFA1_CANAL	49.0	716	332	10	37393	39450	1	713	2.32e-192	613
LTDL01000016.1	sp|Q09740|GFA1_SCHPO	49.1	709	325	12	37393	39450	1	696	1.34e-188	602
LTDL01000016.1	sp|Q9Z2Z9|GFPT2_MOUSE	49.0	698	328	11	37393	39450	1	682	4.57e-187	597
LTDL01000016.1	sp|Q4KMC4|GFPT2_RAT	48.5	705	321	11	37393	39450	1	682	1.15e-186	596
LTDL01000016.1	sp|O94808|GFPT2_HUMAN	48.9	699	327	12	37393	39450	1	682	9.92e-186	593
LTDL01000016.1	sp|P14742|GFA1_YEAST	46.9	720	345	10	37393	39450	1	717	1.27e-185	594
LTDL01000016.1	sp|P82808|GFPT1_RAT	47.7	704	327	11	37393	39450	1	681	1.13e-184	590
LTDL01000016.1	sp|P47856|GFPT1_MOUSE	47.9	704	342	11	37393	39450	1	697	1.41e-184	590
LTDL01000016.1	sp|Q06210|GFPT1_HUMAN	47.9	705	342	11	37393	39450	1	699	2.05e-184	590
LTDL01000016.1	sp|Q08DQ2|GFPT2_BOVIN	47.9	704	327	10	37393	39450	1	682	5.42e-184	588
LTDL01000016.1	sp|Q8SS56|SYKC_ENCCU	51.7	503	227	4	29122	27635	17	510	1.03e-160	514
LTDL01000016.1	sp|Q99MN1|SYK_MOUSE	50.9	519	225	8	29131	27635	66	574	8.73e-157	506
LTDL01000016.1	sp|P37879|SYK_CRIGR	51.1	519	224	8	29131	27635	68	576	9.33e-157	506
LTDL01000016.1	sp|Q15046|SYK_HUMAN	50.3	519	228	8	29131	27635	68	576	1.09e-155	503
LTDL01000016.1	sp|Q5XIM7|SYK_RAT	50.7	519	226	8	29131	27635	97	605	7.16e-155	502
LTDL01000016.1	sp|Q22099|SYK_CAEEL	52.5	507	218	8	29116	27635	60	556	1.91e-154	498
LTDL01000016.1	sp|P23254|TKT1_YEAST	45.2	662	339	14	12480	14402	9	667	2.22e-152	497
LTDL01000016.1	sp|Q12630|TKT1_KLULA	44.6	672	331	18	12486	14414	11	670	1.16e-148	486
LTDL01000016.1	sp|P33315|TKT2_YEAST	43.1	671	353	15	12480	14420	9	674	1.44e-147	483
LTDL01000016.1	sp|Q9UUE6|SYKC_SCHPO	48.7	526	235	9	29137	27635	65	580	1.74e-145	473
LTDL01000016.1	sp|Q9URM2|TKT_SCHPO	42.0	664	355	14	12486	14402	13	671	3.01e-145	476
LTDL01000016.1	sp|Q6F2U9|SYK_ORYSJ	47.7	533	228	8	29113	27635	80	601	8.54e-145	472
LTDL01000016.1	sp|B3LLX6|YM084_YEAS1	40.7	720	385	12	37393	39438	1	716	5.57e-144	474
LTDL01000016.1	sp|P34736|TKT_PICST	43.6	665	345	15	12480	14402	6	664	9.29e-144	472
LTDL01000028.1	sp|O75001|MCM7_SCHPO	40.5	642	338	14	65819	67684	55	672	2.45e-121	410
LTDL01000028.1	sp|B8BMI1|MCM7_ORYSI	39.3	652	358	10	65753	67657	10	640	5.39e-117	396
LTDL01000028.1	sp|Q2QNM1|MCM7_ORYSJ	39.1	652	359	10	65753	67657	10	640	1.83e-116	394
LTDL01000028.1	sp|P38132|MCM7_YEAST	40.4	612	319	12	66068	67828	204	794	1.25e-113	390
LTDL01000028.1	sp|Q7ZXB1|MCM7B_XENLA	39.4	657	350	15	65753	67654	4	635	1.30e-113	386
LTDL01000028.1	sp|Q6NX31|MCM7_XENTR	39.4	657	350	14	65753	67654	4	635	4.39e-113	384
LTDL01000028.1	sp|P43299|MCM7_ARATH	37.7	652	368	10	65750	67657	4	633	1.33e-112	383
LTDL01000028.1	sp|Q09916|HAS1_SCHPO	48.1	445	218	9	26682	27980	96	539	3.24e-112	377
LTDL01000028.1	sp|A4R8B5|HAS1_MAGO7	47.0	443	224	8	26682	27980	119	560	4.25e-112	377
LTDL01000028.1	sp|Q91876|MCM7A_XENLA	39.3	661	347	15	65753	67657	4	636	5.03e-112	381
LTDL01000028.1	sp|Q9XYU0|MCM7_DROME	36.0	736	411	14	65753	67849	5	717	6.82e-112	381
LTDL01000028.1	sp|Q61881|MCM7_MOUSE	38.2	657	360	14	65753	67657	5	637	9.00e-112	380
LTDL01000028.1	sp|Q6C7D2|HAS1_YARLI	46.5	447	224	8	26682	27986	138	581	2.12e-110	372
LTDL01000028.1	sp|Q3ZBH9|MCM7_BOVIN	38.1	657	361	14	65753	67657	5	637	2.56e-110	376
LTDL01000028.1	sp|P33993|MCM7_HUMAN	37.9	659	359	13	65753	67657	5	637	1.18e-109	374
LTDL01000028.1	sp|Q4IEK8|HAS1_GIBZE	46.2	444	227	9	26682	27980	122	564	1.19e-109	370
LTDL01000028.1	sp|Q03532|HAS1_YEAST	45.2	447	232	9	26682	27986	49	494	1.16e-108	363
LTDL01000028.1	sp|Q6FIL3|HAS1_CANGA	45.0	447	233	9	26682	27986	36	481	3.80e-108	362
LTDL01000028.1	sp|Q5BBY1|HAS1_EMENI	46.3	445	226	9	26682	27980	135	578	5.87e-108	365
LTDL01000028.1	sp|Q9VD51|DDX18_DROME	45.8	448	227	10	26682	27986	194	638	9.68e-108	367
LTDL01000028.1	sp|Q54S03|DDX18_DICDI	44.6	446	235	8	26682	27986	126	570	1.20e-107	364
LTDL01000028.1	sp|Q1EA54|HAS1_COCIM	45.8	445	228	9	26682	27980	131	574	1.72e-107	364
LTDL01000028.1	sp|Q0UR48|HAS1_PHANO	44.8	451	223	8	26682	27980	138	580	2.06e-107	364
LTDL01000028.1	sp|A1CIQ5|HAS1_ASPCL	46.3	445	226	9	26682	27980	150	593	2.34e-107	364
LTDL01000028.1	sp|Q6CXB7|HAS1_KLULA	43.4	488	258	10	26559	27986	5	486	3.59e-107	359
LTDL01000006.1	sp|Q10233|RPC2_SCHPO	47.5	1131	502	15	36490	39681	56	1161	3.41e-316	989
LTDL01000006.1	sp|Q9NW08|RPC2_HUMAN	47.4	1125	501	15	36490	39675	32	1128	3.44e-313	979
LTDL01000006.1	sp|P59470|RPC2_MOUSE	47.3	1125	502	15	36490	39675	32	1128	8.66e-313	978
LTDL01000006.1	sp|P22276|RPC2_YEAST	46.3	1122	519	15	36490	39681	50	1145	7.09e-300	942
LTDL01000006.1	sp|P25167|RPC2_DROME	42.7	1162	576	15	36376	39675	1	1134	1.93e-282	891
LTDL01000006.1	sp|F4KD38|NRPC2_ARATH	42.0	1156	555	17	36475	39681	33	1160	1.42e-271	860
LTDL01000006.1	sp|Q54IZ9|RPC2_DICDI	31.7	1588	531	18	36490	39675	45	1605	3.64e-229	753
LTDL01000006.1	sp|P31814|RPOB_THECE	35.4	1132	628	24	36487	39675	21	1118	6.01e-189	619
LTDL01000006.1	sp|Q54J75|RPB2_DICDI	34.0	1172	627	27	36490	39669	29	1166	3.22e-183	604
LTDL01000006.1	sp|P11513|RPOB_SULAC	35.7	1144	620	26	36484	39681	11	1116	3.71e-182	600
LTDL01000006.1	sp|P48601|PRS4_DROME	70.4	405	119	1	53694	54905	34	438	8.87e-181	568
LTDL01000006.1	sp|Q8SR75|RPB2_ENCCU	34.0	1170	632	28	36475	39681	11	1141	5.35e-180	594
LTDL01000006.1	sp|P62191|PRS4_HUMAN	70.4	405	119	1	53694	54905	35	439	7.99e-180	565
LTDL01000006.1	sp|P62192|PRS4_MOUSE	70.4	405	119	1	53694	54905	35	439	7.99e-180	565
LTDL01000006.1	sp|P62193|PRS4_RAT	70.4	405	119	1	53694	54905	35	439	7.99e-180	565
LTDL01000006.1	sp|Q9SL67|PRS4B_ARATH	68.6	405	126	1	53694	54905	38	442	1.96e-178	561
LTDL01000006.1	sp|Q90732|PRS4_CHICK	69.6	405	122	1	53694	54905	35	439	1.12e-177	559
LTDL01000006.1	sp|Q10578|RPB2_CAEEL	33.6	1179	630	29	36490	39678	39	1180	2.77e-177	588
LTDL01000006.1	sp|Q9SZD4|PRS4A_ARATH	68.1	405	128	1	53694	54905	38	442	3.15e-177	558
LTDL01000006.1	sp|P46466|PRS4_ORYSJ	67.7	405	130	1	53694	54905	43	447	8.28e-176	554
LTDL01000006.1	sp|P08518|RPB2_YEAST	34.1	1216	610	29	36490	39669	36	1216	1.74e-175	583
LTDL01000006.1	sp|Q8SRH0|PRS4_ENCCU	68.8	407	127	0	53685	54905	17	423	3.03e-175	551
LTDL01000006.1	sp|Q6FLD5|RPB2_CANGA	33.6	1243	628	31	36415	39669	12	1215	5.69e-175	582
LTDL01000006.1	sp|O16368|PRS4_CAEEL	63.9	443	145	3	53619	54905	1	442	1.52e-174	550
LTDL01000006.1	sp|P38420|NRPB2_ARATH	33.9	1184	620	29	36490	39669	32	1176	2.04e-171	570
LTDL01000011.1	sp|Q8SSI7|CHS1_ENCCU	43.3	809	363	15	37179	39401	30	810	3.93e-187	602
LTDL01000011.1	sp|Q4P333|CHS7_USTMA	36.2	882	414	20	37173	39404	81	951	2.07e-134	464
LTDL01000011.1	sp|O13356|CHS1_CRYNH	50.7	501	218	8	37959	39404	464	954	2.26e-131	454
LTDL01000011.1	sp|P78611|CHSD_EMENI	49.2	508	216	11	37965	39404	672	1165	6.17e-130	448
LTDL01000011.1	sp|O13353|CHS4_MAGO7	47.4	523	227	9	37941	39404	673	1182	5.66e-129	446
LTDL01000011.1	sp|P29465|CHS3_YEAST	49.2	508	219	10	37959	39404	655	1149	1.63e-128	443
LTDL01000011.1	sp|P30573|CHS3_CANAX	48.6	512	216	10	37959	39404	665	1159	1.81e-128	444
LTDL01000011.1	sp|Q01285|CHS4_NEUCR	47.5	520	232	10	37941	39404	677	1187	6.93e-128	443
LTDL01000011.1	sp|Q6IRL9|HDAC3_XENLA	52.8	369	167	1	33842	34927	3	371	1.74e-127	414
LTDL01000011.1	sp|P56520|HDAC3_CHICK	53.1	369	166	1	33842	34927	3	371	2.05e-126	411
LTDL01000011.1	sp|Q28DV3|HDAC3_XENTR	52.6	369	168	1	33842	34927	3	371	3.80e-126	410
LTDL01000011.1	sp|O15379|HDAC3_HUMAN	52.8	369	167	1	33842	34927	3	371	7.04e-126	410
LTDL01000011.1	sp|Q5RB76|HDAC3_PONAB	52.8	369	167	1	33842	34927	3	371	7.04e-126	410
LTDL01000011.1	sp|O88895|HDAC3_MOUSE	52.8	369	167	1	33842	34927	3	371	8.36e-126	409
LTDL01000011.1	sp|Q6P6W3|HDAC3_RAT	52.8	369	167	1	33842	34927	3	371	9.58e-126	409
LTDL01000011.1	sp|J9VXM5|CHS3_CRYNH	48.4	514	220	10	37959	39404	692	1192	1.79e-123	434
LTDL01000011.1	sp|O22446|HDA19_ARATH	52.7	372	164	5	33842	34930	17	385	2.05e-122	403
LTDL01000011.1	sp|Q4SFA0|HDAC3_TETNG	51.1	368	173	1	33845	34927	4	371	1.36e-121	397
LTDL01000011.1	sp|Q803C3|HDAC3_DANRE	51.1	368	173	1	33845	34927	4	371	6.35e-121	395
LTDL01000011.1	sp|Q55BW2|HDA12_DICDI	51.9	370	168	4	33830	34909	9	378	2.42e-120	394
LTDL01000011.1	sp|O13394|CHS5_USTMA	47.0	508	232	8	37959	39404	801	1297	2.72e-120	428
LTDL01000011.1	sp|Q7Y0Y8|HDAC1_ORYSJ	52.4	372	164	6	33842	34930	22	389	3.59e-120	397
LTDL01000011.1	sp|P56517|HDAC1_CHICK	52.2	356	161	4	33842	34888	9	362	1.67e-119	394
LTDL01000011.1	sp|Q8H0W2|HDA9_ARATH	51.1	370	172	4	33845	34930	6	374	4.44e-119	390
LTDL01000011.1	sp|P56521|HDA19_MAIZE	53.2	359	156	5	33836	34888	21	375	4.86e-119	394
LTDL01000009.1	sp|Q9P7X8|RPA2_SCHPO	36.2	1204	623	24	29118	25801	18	1174	2.74e-217	703
LTDL01000009.1	sp|P53505|ACT5_XENLA	84.0	376	58	1	13795	14916	1	376	6.84e-211	651
LTDL01000009.1	sp|P53478|ACT5_CHICK	84.0	376	58	1	13795	14916	1	376	9.33e-211	650
LTDL01000009.1	sp|P53471|ACT2_SCHMA	83.8	376	59	1	13795	14916	1	376	3.21e-210	649
LTDL01000009.1	sp|Q7ZVI7|ACTB1_DANRE	84.2	374	57	1	13801	14916	2	375	5.74e-210	648
LTDL01000009.1	sp|P04829|ACT3_BOMMO	83.8	376	59	1	13795	14916	1	376	5.96e-210	648
LTDL01000009.1	sp|P10986|ACT4_CAEEL	83.2	376	61	1	13795	14916	1	376	5.96e-210	648
LTDL01000009.1	sp|P02578|ACT1_ACACA	83.8	376	58	2	13795	14916	1	375	7.83e-210	648
LTDL01000009.1	sp|Q6P378|ACTG_XENTR	84.2	374	57	1	13801	14916	2	375	7.83e-210	648
LTDL01000009.1	sp|P10987|ACT1_DROME	83.8	376	59	1	13795	14916	1	376	8.12e-210	648
LTDL01000009.1	sp|P30162|ACT1_ONCVO	83.0	376	62	1	13795	14916	1	376	8.12e-210	648
LTDL01000009.1	sp|P10984|ACT2_CAEEL	83.2	376	61	1	13795	14916	1	376	8.12e-210	648
LTDL01000009.1	sp|P84184|ACT3B_HELAM	83.8	376	59	1	13795	14916	1	376	8.12e-210	648
LTDL01000009.1	sp|P41340|ACT3_LIMPO	83.5	376	60	1	13795	14916	1	376	8.12e-210	648
LTDL01000009.1	sp|P84183|ACT4_BOMMO	83.8	376	59	1	13795	14916	1	376	8.12e-210	648
LTDL01000009.1	sp|P84185|ACT5C_ANOGA	83.8	376	59	1	13795	14916	1	376	8.12e-210	648
LTDL01000009.1	sp|Q5JAK2|ACTG_PELLE	84.0	374	58	1	13801	14916	2	375	1.07e-209	647
LTDL01000009.1	sp|P0DM41|ACT1_CAEEL	83.0	376	62	1	13795	14916	1	376	1.11e-209	647
LTDL01000009.1	sp|P0DM42|ACT3_CAEEL	83.0	376	62	1	13795	14916	1	376	1.11e-209	647
LTDL01000009.1	sp|Q7ZVF9|ACTB2_DANRE	84.0	374	58	1	13801	14916	2	375	1.45e-209	647
LTDL01000009.1	sp|P83751|ACTB_CTEID	84.0	374	58	1	13801	14916	2	375	1.45e-209	647
LTDL01000009.1	sp|P83750|ACTB_CYPCA	84.0	374	58	1	13801	14916	2	375	1.45e-209	647
LTDL01000009.1	sp|P92182|ACT1_LUMTE	83.0	376	62	1	13795	14916	1	376	1.51e-209	647
LTDL01000009.1	sp|P02572|ACT2_DROME	83.8	376	59	1	13795	14916	1	376	1.51e-209	647
LTDL01000009.1	sp|P30163|ACT2_ONCVO	83.2	376	61	1	13795	14916	1	376	1.51e-209	647
LTDL01000025.1	sp|Q9FL33|MCM3_ARATH	43.7	602	280	8	20766	22397	37	637	2.85e-133	444
LTDL01000025.1	sp|B8AZ99|MCM3_ORYSI	41.5	643	310	9	20664	22397	6	647	6.90e-132	440
LTDL01000025.1	sp|Q0DHC4|MCM3_ORYSJ	41.5	643	310	9	20664	22397	6	647	6.90e-132	440
LTDL01000025.1	sp|Q43704|MCM31_MAIZE	41.2	643	312	9	20664	22397	6	647	2.54e-130	435
LTDL01000025.1	sp|Q9SX04|MCM32_MAIZE	41.1	643	313	9	20664	22397	6	647	6.34e-130	434
LTDL01000025.1	sp|Q9SX03|MCM33_MAIZE	41.1	643	313	9	20664	22397	6	647	6.34e-130	434
LTDL01000025.1	sp|A4FUD9|MCM3_BOVIN	42.8	633	291	12	20706	22397	26	656	1.64e-128	431
LTDL01000025.1	sp|P25206|MCM3_MOUSE	43.5	619	279	12	20706	22355	26	642	2.49e-128	431
LTDL01000025.1	sp|Q5ZMN2|MCM3_CHICK	41.7	624	271	11	20766	22397	47	657	8.41e-128	429
LTDL01000025.1	sp|Q7ZXZ0|MCM3Z_XENLA	42.7	613	280	11	20766	22397	46	656	1.31e-127	429
LTDL01000025.1	sp|P49739|MCM3M_XENLA	42.4	613	282	12	20766	22397	46	656	1.83e-127	428
LTDL01000025.1	sp|P25205|MCM3_HUMAN	43.5	619	279	12	20706	22355	26	642	6.35e-127	427
LTDL01000025.1	sp|Q5R8G6|MCM3_PONAB	43.5	619	279	12	20706	22355	26	642	6.35e-127	427
LTDL01000025.1	sp|Q28BS0|MCM3Z_XENTR	43.1	613	278	12	20766	22397	48	658	8.84e-127	426
LTDL01000025.1	sp|Q9XYU1|MCM3_DROME	41.5	607	292	10	20745	22397	51	650	1.51e-124	420
LTDL01000025.1	sp|P30666|MCM3_SCHPO	40.4	631	293	9	20763	22406	46	676	3.78e-122	415
LTDL01000025.1	sp|P24279|MCM3_YEAST	40.6	645	273	12	20760	22376	93	733	6.68e-121	414
LTDL01000025.1	sp|Q8K224|NAT10_MOUSE	33.5	913	461	25	27129	24793	2	902	1.25e-117	406
LTDL01000025.1	sp|Q9H0A0|NAT10_HUMAN	33.5	910	463	24	27126	24793	3	902	2.33e-117	405
LTDL01000025.1	sp|O01757|NAT10_CAEEL	32.4	913	470	23	27117	24793	5	908	2.77e-113	394
LTDL01000025.1	sp|Q9W3C1|NAT10_DROME	33.4	882	469	23	27126	24793	3	870	1.41e-109	382
LTDL01000025.1	sp|Q55EJ3|NAT10_DICDI	30.9	937	485	25	27126	24763	3	926	2.96e-105	370
LTDL01000025.1	sp|Q9M2Q4|NT102_ARATH	30.4	915	486	24	27126	24793	2	902	6.46e-103	363
LTDL01000025.1	sp|Q9XIK4|NT101_ARATH	30.5	916	488	24	27126	24793	2	906	1.58e-102	362
LTDL01000025.1	sp|P87115|NAT10_SCHPO	30.3	919	484	24	27126	24793	3	905	2.53e-101	358
LTDL01000001.1	sp|C4M244|RTCB1_ENTHI	34.3	487	293	10	6237	4855	39	524	1.57e-76	270
LTDL01000001.1	sp|B0EIW5|RTCB2_ENTDS	33.9	487	295	10	6237	4855	39	524	2.43e-75	266
LTDL01000001.1	sp|Q54Y09|RTCB_DICDI	33.1	495	298	9	6246	4855	16	508	2.46e-74	263
LTDL01000001.1	sp|B8LBM8|RTCB_THAPS	34.6	439	264	8	6102	4855	42	480	5.89e-71	252
LTDL01000001.1	sp|A9UXG6|RTCB_MONBE	35.0	443	266	7	6117	4855	55	497	6.88e-71	253
LTDL01000001.1	sp|C1MI97|RTCB_MICPC	32.2	494	299	10	6234	4855	16	507	1.22e-70	252
LTDL01000001.1	sp|Q5JCZ1|RTCB_THEKO	34.6	454	268	8	6144	4855	34	482	1.56e-70	251
LTDL01000001.1	sp|C4M6T2|RTCB2_ENTHI	32.6	487	302	9	6240	4855	50	535	1.86e-70	253
LTDL01000001.1	sp|B0EAV2|RTCB1_ENTDS	32.4	487	303	9	6240	4855	50	535	1.15e-69	250
LTDL01000001.1	sp|C1E9Y5|RTCB_MICCC	32.0	494	300	10	6234	4855	22	513	1.01e-68	247
LTDL01000001.1	sp|O29399|RTCB_ARCFU	33.5	487	294	11	6252	4855	5	482	2.78e-68	244
LTDL01000001.1	sp|Q6LXF9|RTCB_METMP	32.8	464	289	7	6183	4855	19	480	6.36e-66	238
LTDL01000001.1	sp|Q9YB37|RTCB_AERPE	33.5	448	278	7	6138	4855	34	481	6.53e-66	238
LTDL01000001.1	sp|O27634|RTCB_METTH	32.3	489	295	10	6249	4855	6	482	7.67e-65	234
LTDL01000001.1	sp|Q8ZY09|RTCB_PYRAE	32.2	451	281	7	6138	4855	36	484	2.20e-61	224
LTDL01000001.1	sp|Q74MJ0|RTCB_NANEQ	32.5	449	282	9	6144	4855	31	477	1.30e-59	219
LTDL01000001.1	sp|P9WGW4|RTCB_MYCTO	31.8	434	275	8	6102	4855	2	432	1.37e-59	218
LTDL01000001.1	sp|P59975|RTCB_MYCBO	31.8	434	275	8	6102	4855	2	432	1.86e-59	217
LTDL01000001.1	sp|P9WGW5|RTCB_MYCTU	31.8	434	275	8	6102	4855	2	432	1.86e-59	217
LTDL01000001.1	sp|O59245|RTCB_PYRHO	34.8	385	229	8	5943	4855	487	871	7.41e-53	208
LTDL01000001.1	sp|Q9V168|RTCB_PYRAB	33.3	384	235	6	5943	4855	533	916	4.78e-52	206
LTDL01000001.1	sp|Q8U0H4|RTCB_PYRFU	34.0	385	232	7	5943	4855	586	970	5.59e-52	206
LTDL01000001.1	sp|Q58095|RTCB_METJA	32.6	384	238	6	5943	4855	585	968	2.41e-47	192
LTDL01000001.1	sp|Q8TUS2|RTCB_METKA	29.9	408	240	11	5943	4855	582	988	7.26e-42	174
LTDL01000001.1	sp|Q8TFN0|NDK_EMENI	48.7	152	78	0	14576	14121	1	152	1.55e-41	155
LTDL01000023.1	sp|Q5FW05|CTU1_XENTR	53.4	305	137	3	16868	15957	5	305	2.59e-98	326
LTDL01000023.1	sp|Q803X1|CTU1_DANRE	51.1	305	146	2	16868	15957	5	307	1.76e-97	323
LTDL01000023.1	sp|Q05AW7|CTU1_XENLA	52.1	305	141	3	16868	15957	5	305	4.26e-95	317
LTDL01000023.1	sp|O64862|CTU1_ARATH	51.5	305	143	3	16868	15957	14	314	5.88e-94	314
LTDL01000023.1	sp|B0DK66|CTU1_LACBS	50.0	306	148	3	16868	15957	6	308	2.66e-93	312
LTDL01000023.1	sp|Q7JWW5|CTU1_DROME	53.9	293	131	3	16832	15957	17	306	8.64e-93	310
LTDL01000023.1	sp|Q28ZC1|CTU1_DROPS	53.0	302	137	4	16859	15957	9	306	1.18e-92	310
LTDL01000023.1	sp|B3N7L9|CTU1_DROER	53.9	293	131	3	16832	15957	17	306	1.60e-92	309
LTDL01000023.1	sp|B4HSL7|CTU1_DROSE	53.9	293	131	3	16832	15957	17	306	1.60e-92	309
LTDL01000023.1	sp|B4NN33|CTU1_DROWI	53.5	297	134	3	16844	15957	13	306	1.60e-92	309
LTDL01000023.1	sp|B4GHY8|CTU1_DROPE	52.6	302	138	4	16859	15957	9	306	2.97e-92	308
LTDL01000023.1	sp|B4P3W7|CTU1_DROYA	53.5	297	134	3	16844	15957	13	306	2.97e-92	308
LTDL01000023.1	sp|Q7Q9I4|CTU1_ANOGA	50.5	305	148	2	16868	15957	5	307	3.91e-92	308
LTDL01000023.1	sp|Q94480|CTU1_DICDI	50.8	305	145	3	16868	15957	13	313	5.20e-92	308
LTDL01000023.1	sp|B3MI77|CTU1_DROAN	53.9	293	131	3	16832	15957	17	306	5.50e-92	308
LTDL01000023.1	sp|B4LM02|CTU1_DROVI	53.4	305	134	5	16868	15957	9	306	7.48e-92	307
LTDL01000023.1	sp|Q6Z6G6|CTU1_ORYSJ	51.0	306	143	3	16868	15957	20	320	1.06e-91	308
LTDL01000023.1	sp|B4KLL0|CTU1_DROMO	53.6	293	132	3	16832	15957	17	306	1.39e-91	306
LTDL01000023.1	sp|B4J5B3|CTU1_DROGR	53.2	293	133	3	16832	15957	17	306	1.89e-91	306
LTDL01000023.1	sp|O94680|PDAT_SCHPO	35.4	500	288	8	10839	9430	134	628	2.01e-91	317
LTDL01000023.1	sp|A8JF71|CTU1_CHLRE	49.8	307	147	3	16868	15957	6	308	2.99e-91	306
LTDL01000023.1	sp|P0CS71|CTU1_CRYNB	51.1	307	144	4	16868	15957	6	309	4.96e-91	306
LTDL01000023.1	sp|P0CS70|CTU1_CRYNJ	51.1	307	144	4	16868	15957	6	309	4.96e-91	306
LTDL01000023.1	sp|A2Q879|CTU1_ASPNC	51.0	310	138	4	16868	15957	6	307	3.86e-90	302
LTDL01000023.1	sp|Q4P6R3|CTU1_USTMA	47.7	331	143	5	16868	15957	6	333	1.23e-87	298
LTDL01000032.1	sp|P09523|POL_FMVD	23.8	244	164	4	14885	15592	368	597	7.57e-05	53.1
LTDL01000040.1	sp|Q8SSC4|RPB1_ENCCU	51.5	1477	587	19	23563	19319	8	1417	0.0	1387
LTDL01000040.1	sp|P36594|RPB1_SCHPO	50.6	1476	651	26	23593	19331	4	1456	0.0	1334
LTDL01000040.1	sp|Q75A34|RPB1_ASHGO	49.3	1467	671	22	23578	19331	7	1451	0.0	1297
LTDL01000040.1	sp|P35084|RPB1_DICDI	49.2	1471	674	25	23566	19331	12	1468	0.0	1278
LTDL01000040.1	sp|P04050|RPB1_YEAST	46.9	1557	733	24	23578	19100	7	1534	0.0	1268
LTDL01000040.1	sp|P18616|NRPB1_ARATH	47.9	1486	682	22	23566	19319	12	1475	0.0	1253
LTDL01000040.1	sp|P11414|RPB1_CRIGR	46.8	1492	698	22	23569	19319	14	1484	0.0	1232
LTDL01000040.1	sp|P24928|RPB1_HUMAN	46.8	1492	698	22	23569	19319	14	1484	0.0	1232
LTDL01000040.1	sp|P08775|RPB1_MOUSE	46.8	1492	698	22	23569	19319	14	1484	0.0	1232
LTDL01000040.1	sp|P04052|RPB1_DROME	46.0	1489	716	25	23578	19319	7	1476	0.0	1212
LTDL01000040.1	sp|P16356|RPB1_CAEEL	45.2	1598	758	32	23593	19073	3	1573	0.0	1206
LTDL01000040.1	sp|P35074|RPB1_CAEBR	46.1	1496	714	24	23593	19319	3	1477	0.0	1205
LTDL01000040.1	sp|A5DCV3|RPB1_PICGU	43.7	1576	603	25	23590	19076	4	1365	0.0	1117
LTDL01000040.1	sp|Q8SQV6|SYIC_ENCCU	45.7	1081	450	20	452854	449693	7	977	7.98e-294	921
LTDL01000040.1	sp|Q7KN62|TERA_DROME	60.2	767	287	7	108798	106507	5	756	1.36e-283	882
LTDL01000040.1	sp|P54812|TERA2_CAEEL	59.2	770	292	9	108798	106507	14	767	3.07e-280	873
LTDL01000040.1	sp|Q6GL04|TERA_XENTR	58.7	770	299	8	108807	106507	5	758	4.76e-280	872
LTDL01000040.1	sp|Q7ZU99|TERA_DANRE	58.9	767	296	7	108798	106507	8	758	6.71e-280	872
LTDL01000040.1	sp|P23787|TERA_XENLA	58.6	770	300	8	108807	106507	5	758	8.82e-280	872
LTDL01000040.1	sp|P55072|TERA_HUMAN	58.8	767	297	7	108798	106507	8	758	1.24e-279	871
LTDL01000040.1	sp|Q01853|TERA_MOUSE	58.8	767	297	7	108798	106507	8	758	1.24e-279	871
LTDL01000040.1	sp|P46462|TERA_RAT	58.8	767	297	7	108798	106507	8	758	1.24e-279	871
LTDL01000040.1	sp|P54774|CDC48_SOYBN	58.3	770	286	6	108783	106507	18	763	2.39e-279	870
LTDL01000040.1	sp|Q3ZBT1|TERA_BOVIN	58.7	767	298	7	108798	106507	8	758	5.81e-279	869
LTDL01000040.1	sp|P03974|TERA_PIG	58.5	767	299	7	108798	106507	8	758	1.46e-278	868
LTDL01000005.1	sp|P19210|FPG_CYTFI	35.5	276	167	3	4977	5777	1	274	1.41e-50	184
LTDL01000005.1	sp|Q88WV4|FPG_LACPL	38.4	271	157	5	4977	5765	1	269	3.11e-47	175
LTDL01000005.1	sp|Q5ZY18|FPG_LEGPH	37.2	274	160	6	4977	5774	1	270	7.83e-47	174
LTDL01000005.1	sp|Q5X7I9|FPG_LEGPA	36.5	274	162	6	4977	5774	1	270	9.17e-46	171
LTDL01000005.1	sp|Q5WYY6|FPG_LEGPL	36.9	274	161	6	4977	5774	1	270	2.31e-45	169
LTDL01000005.1	sp|P75402|FPG_MYCPN	36.6	276	165	4	4977	5777	1	275	4.66e-45	169
LTDL01000005.1	sp|Q98QQ1|FPG_MYCPU	37.5	275	160	5	4977	5774	1	272	4.79e-45	169
LTDL01000005.1	sp|P55825|FPG_MYCGE	36.8	277	159	7	4977	5774	1	272	4.89e-44	166
LTDL01000005.1	sp|Q6APT2|FPG_DESPS	36.5	277	163	6	4977	5774	1	275	1.01e-43	165
LTDL01000005.1	sp|Q6KHS0|FPG_MYCMO	35.8	274	165	5	4977	5774	1	271	4.30e-43	163
LTDL01000005.1	sp|Q5KWC3|FPG_GEOKA	35.3	275	167	4	4977	5774	1	273	1.47e-42	161
LTDL01000005.1	sp|P57910|FPG_PASMU	34.4	273	167	6	4977	5774	1	268	1.79e-42	161
LTDL01000005.1	sp|B3PG51|FPG_CELJU	32.7	272	174	7	4977	5774	1	269	2.09e-41	158
LTDL01000005.1	sp|Q1WUN7|FPG_LACS1	35.6	278	167	6	4977	5783	1	275	4.57e-41	157
LTDL01000005.1	sp|Q4UMW5|FPG_RICFE	34.2	275	168	6	4977	5774	1	271	2.12e-40	155
LTDL01000005.1	sp|Q03GC2|FPG_PEDPA	34.7	277	171	4	4977	5783	1	275	5.19e-40	154
LTDL01000005.1	sp|Q31EB2|FPG_HYDCU	33.5	275	169	6	4977	5774	1	270	5.96e-40	154
LTDL01000005.1	sp|Q9A131|FPG_STRP1	34.2	272	172	3	4977	5774	1	271	7.05e-40	154
LTDL01000005.1	sp|Q8P250|FPG_STRP8	34.2	272	172	3	4977	5774	1	271	7.05e-40	154
LTDL01000005.1	sp|Q6MCT3|FPG_PARUW	34.2	281	163	7	4977	5774	1	274	7.25e-40	154
LTDL01000005.1	sp|Q5XDE4|FPG_STRP6	34.2	272	172	3	4977	5774	1	271	9.59e-40	153
LTDL01000005.1	sp|Q48UU6|FPG_STRPM	34.2	272	172	3	4977	5774	1	271	9.59e-40	153
LTDL01000005.1	sp|Q6LVN0|FPG_PHOPR	35.0	274	164	7	4977	5774	1	268	1.50e-39	152
LTDL01000005.1	sp|Q0TBH4|FPG_ECOL5	32.7	272	173	5	4977	5774	1	268	2.04e-39	152
LTDL01000005.1	sp|B7L758|FPG_ECO55	33.3	273	170	6	4977	5774	1	268	5.12e-39	151
LTDL01000042.1	sp|P87144|SYTC_SCHPO	52.7	668	295	9	225715	227658	22	688	5.97e-216	683
LTDL01000042.1	sp|P04801|SYTC_YEAST	49.6	672	314	8	225715	227658	48	718	3.98e-206	656
LTDL01000042.1	sp|P52709|SYTC_CAEEL	50.3	634	307	7	225715	227592	55	688	1.21e-200	640
LTDL01000042.1	sp|Q3ZBV8|SYTC_BOVIN	50.0	638	308	8	225712	227592	52	689	8.38e-199	635
LTDL01000042.1	sp|Q5XHY5|SYTC_RAT	48.8	645	319	7	225691	227592	17	661	3.81e-198	632
LTDL01000042.1	sp|Q9D0R2|SYTC_MOUSE	49.7	638	310	8	225712	227592	51	688	6.99e-198	632
LTDL01000042.1	sp|P26639|SYTC_HUMAN	49.2	638	313	7	225712	227592	52	689	1.82e-197	631
LTDL01000042.1	sp|Q8SS35|Y4A0_ENCCU	44.8	812	415	13	380348	377976	3	802	9.99e-196	659
LTDL01000042.1	sp|P35748|MYH11_RABIT	43.6	861	421	15	380414	377985	12	858	2.10e-193	660
LTDL01000042.1	sp|P35749|MYH11_HUMAN	43.4	861	422	15	380414	377985	12	858	9.18e-193	658
LTDL01000042.1	sp|O04630|SYTM1_ARATH	48.9	644	316	8	225703	227595	40	683	1.36e-192	616
LTDL01000042.1	sp|P35579|MYH9_HUMAN	44.6	838	415	15	380348	377961	29	859	1.79e-192	657
LTDL01000042.1	sp|P10587|MYH11_CHICK	43.7	839	415	15	380348	377985	32	864	3.39e-192	657
LTDL01000042.1	sp|Q8BLY2|SYTC2_MOUSE	47.3	666	337	9	225700	227661	114	777	4.28e-192	618
LTDL01000042.1	sp|Q258K2|MYH9_CANLF	44.5	838	416	15	380348	377961	29	859	1.05e-191	655
LTDL01000042.1	sp|P14105|MYH9_CHICK	44.8	830	409	15	380348	377985	29	851	1.39e-191	654
LTDL01000042.1	sp|A2RTX5|SYTC2_HUMAN	48.8	646	307	10	225829	227745	174	802	1.59e-191	617
LTDL01000042.1	sp|Q8VDD5|MYH9_MOUSE	44.5	838	416	15	380348	377961	29	859	1.90e-191	654
LTDL01000042.1	sp|O08638|MYH11_MOUSE	43.4	854	430	15	380414	377988	12	857	2.36e-191	654
LTDL01000042.1	sp|Q62812|MYH9_RAT	43.7	860	434	16	380414	377961	8	859	6.31e-191	652
LTDL01000042.1	sp|Q0V9S0|SYTC2_XENTR	48.8	637	315	8	225715	227592	144	780	5.04e-190	613
LTDL01000042.1	sp|Q99323|MYSN_DROME	40.6	930	465	13	380489	377940	35	957	4.73e-189	649
LTDL01000042.1	sp|Q54J66|SYTC1_DICDI	46.1	668	348	9	225676	227649	36	701	2.66e-188	604
LTDL01000042.1	sp|Q27991|MYH10_BOVIN	43.8	831	419	13	380348	377985	33	858	7.27e-188	644
LTDL01000042.1	sp|P35580|MYH10_HUMAN	43.7	831	420	13	380348	377985	33	858	1.31e-187	643
LTDL01000041.1	sp|P36602|RIR1_SCHPO	61.3	755	289	1	164498	162234	1	752	4.20e-313	967
LTDL01000041.1	sp|P07742|RIR1_MOUSE	59.8	793	304	4	164492	162150	3	792	1.01e-310	959
LTDL01000041.1	sp|P23921|RIR1_HUMAN	59.6	793	305	4	164492	162150	3	792	1.40e-308	953
LTDL01000041.1	sp|Q5R919|RIR1_PONAB	59.4	793	307	4	164492	162150	3	792	4.18e-307	949
LTDL01000041.1	sp|P79732|RIR1_DANRE	58.6	794	314	3	164492	162150	3	794	1.58e-304	941
LTDL01000041.1	sp|Q03604|RIR1_CAEEL	57.6	780	328	2	164492	162156	9	786	1.18e-297	921
LTDL01000041.1	sp|P21524|RIR1_YEAST	57.9	770	320	2	164498	162198	1	769	4.85e-297	924
LTDL01000041.1	sp|Q9SJ20|RIR1_ARATH	56.0	816	326	4	164498	162150	1	816	1.51e-296	919
LTDL01000041.1	sp|P48591|RIR1_DROME	56.5	806	329	3	164507	162150	9	812	4.49e-296	918
LTDL01000041.1	sp|P50648|RIR1_PLAF4	58.4	774	316	5	164498	162186	1	771	1.24e-295	916
LTDL01000041.1	sp|Q9UW15|RIR1_NEUCR	58.5	757	313	1	164498	162228	1	756	2.41e-295	921
LTDL01000041.1	sp|P12848|RIR1_VACCW	58.1	773	318	3	164498	162180	1	767	1.23e-293	909
LTDL01000041.1	sp|Q76RD8|RIR1_VACCA	58.1	773	318	3	164498	162180	1	767	1.68e-293	909
LTDL01000041.1	sp|P20503|RIR1_VACCC	58.1	773	318	3	164498	162180	1	767	1.68e-293	909
LTDL01000041.1	sp|P0DSV1|RIR1_VAR67	57.8	773	320	3	164498	162180	1	767	3.11e-293	908
LTDL01000041.1	sp|P0DSV2|RIR1_VARV	57.8	773	320	3	164498	162180	1	767	3.11e-293	908
LTDL01000041.1	sp|Q54Q71|RIR1_DICDI	58.5	772	301	6	164504	162234	14	781	1.99e-291	907
LTDL01000041.1	sp|P21672|RIR3_YEAST	55.9	778	337	3	164498	162174	1	775	2.61e-291	907
LTDL01000041.1	sp|O61065|RIR1_CRYPV	55.9	758	330	4	164498	162228	1	755	8.19e-281	874
LTDL01000041.1	sp|O15909|RIR1_TRYBB	55.8	778	323	3	164495	162216	7	781	1.56e-278	868
LTDL01000041.1	sp|P50647|RIR1_PLAFG	56.3	774	331	6	164498	162186	1	770	4.76e-277	863
LTDL01000041.1	sp|Q8SR37|RIR1_ENCCU	52.6	768	347	4	164453	162150	18	768	1.31e-262	820
LTDL01000041.1	sp|Q9WVF7|DPOE1_MOUSE	42.9	1134	580	19	144681	141436	48	1166	1.10e-261	871
LTDL01000041.1	sp|Q07864|DPOE1_HUMAN	43.0	1134	579	18	144681	141436	48	1166	1.58e-261	871
LTDL01000041.1	sp|Q9VCN1|DPOE1_DROME	42.7	1133	587	17	144681	141436	46	1167	8.67e-260	864
LTDL01000038.1	sp|Q8SS99|TBB_ENCCU	80.9	430	82	0	165077	166366	1	430	1.95e-238	735
LTDL01000038.1	sp|Q9GSR5|TBB_ENCIN	81.2	430	81	0	165077	166366	1	430	9.16e-238	733
LTDL01000038.1	sp|Q24829|TBB_ENCHE	80.5	430	84	0	165077	166366	1	430	2.75e-236	729
LTDL01000038.1	sp|Q91240|TBB_PSEAM	78.9	436	92	0	165077	166384	1	436	3.09e-233	720
LTDL01000038.1	sp|Q24560|TBB1_DROME	78.8	434	92	0	165077	166378	1	434	4.54e-233	720
LTDL01000038.1	sp|Q27U48|TBB1_GLOMM	78.8	434	92	0	165077	166378	1	434	4.54e-233	720
LTDL01000038.1	sp|Q9NFZ6|TBB2_ECHMU	79.0	433	91	0	165077	166375	1	433	5.74e-233	719
LTDL01000038.1	sp|O17449|TBB1_MANSE	78.6	434	93	0	165077	166378	1	434	6.19e-233	719
LTDL01000038.1	sp|O44388|TBB_TRITR	79.3	435	90	0	165077	166381	1	435	7.53e-233	719
LTDL01000038.1	sp|Q9YHC3|TBB1_GADMO	79.4	433	89	0	165077	166375	1	433	7.82e-233	719
LTDL01000038.1	sp|Q3MHM5|TBB4B_BOVIN	79.4	433	89	0	165077	166375	1	433	1.45e-232	718
LTDL01000038.1	sp|P68371|TBB4B_HUMAN	79.4	433	89	0	165077	166375	1	433	1.45e-232	718
LTDL01000038.1	sp|P68372|TBB4B_MOUSE	79.4	433	89	0	165077	166375	1	433	1.45e-232	718
LTDL01000038.1	sp|P30883|TBB4_XENLA	79.4	433	89	0	165077	166375	1	433	1.45e-232	718
LTDL01000038.1	sp|P52275|TBB2_CAEEL	78.2	436	95	0	165077	166384	1	436	1.75e-232	718
LTDL01000038.1	sp|P41937|TBB4_CAEEL	79.0	433	91	0	165077	166375	1	433	1.90e-232	718
LTDL01000038.1	sp|P11833|TBB_PARLI	79.2	433	90	0	165077	166375	1	433	2.90e-232	717
LTDL01000038.1	sp|Q2T9S0|TBB3_BOVIN	79.7	433	88	0	165077	166375	1	433	4.42e-232	717
LTDL01000038.1	sp|Q13509|TBB3_HUMAN	79.7	433	88	0	165077	166375	1	433	4.42e-232	717
LTDL01000038.1	sp|Q60HC2|TBB3_MACFA	79.7	433	88	0	165077	166375	1	433	4.42e-232	717
LTDL01000038.1	sp|Q9ERD7|TBB3_MOUSE	79.7	433	88	0	165077	166375	1	433	4.42e-232	717
LTDL01000038.1	sp|Q4QRB4|TBB3_RAT	79.7	433	88	0	165077	166375	1	433	4.42e-232	717
LTDL01000038.1	sp|P09652|TBB4_CHICK	79.7	433	88	0	165077	166375	1	433	5.80e-232	717
LTDL01000038.1	sp|Q6P9T8|TBB4B_RAT	79.2	433	90	0	165077	166375	1	433	6.81e-232	716
LTDL01000038.1	sp|P08841|TBB3_DROME	78.6	439	88	1	165077	166375	1	439	7.00e-232	717
LTDL01000021.1	sp|Q8SRI6|TBA_ENCCU	73.7	434	113	1	109566	108265	1	433	6.62e-219	679
LTDL01000021.1	sp|Q8LPJ4|AB2E_ARATH	56.4	603	253	5	132955	131165	4	602	7.03e-210	660
LTDL01000021.1	sp|P61221|ABCE1_HUMAN	55.7	607	245	4	132955	131165	4	596	1.05e-209	659
LTDL01000021.1	sp|P61222|ABCE1_MOUSE	55.7	607	245	4	132955	131165	4	596	1.05e-209	659
LTDL01000021.1	sp|Q03195|RLI1_YEAST	55.7	601	256	3	132949	131165	6	602	2.68e-209	659
LTDL01000021.1	sp|P91910|TBA3_CAEEL	70.6	435	125	2	109566	108271	1	435	1.47e-208	649
LTDL01000021.1	sp|P50719|TBA_HAECO	70.6	435	125	2	109566	108271	1	435	2.72e-208	649
LTDL01000021.1	sp|Q9VSS1|ABCE1_DROME	56.1	603	257	4	132967	131165	8	604	3.52e-208	655
LTDL01000021.1	sp|Q28IX8|TBA_XENTR	68.7	435	133	2	109566	108271	1	435	2.70e-206	643
LTDL01000021.1	sp|P34690|TBA2_CAEEL	68.5	435	136	1	109566	108265	1	435	3.55e-206	642
LTDL01000021.1	sp|P06603|TBA1_DROME	69.2	435	131	2	109566	108271	1	435	5.21e-206	642
LTDL01000021.1	sp|Q91060|TBA_NOTVI	68.5	435	134	2	109566	108271	1	435	5.21e-206	642
LTDL01000021.1	sp|Q52PV9|TBA_TYRPU	69.4	435	130	2	109566	108271	1	435	9.66e-206	641
LTDL01000021.1	sp|Q94572|TBA3_HOMAM	69.7	435	129	2	109566	108271	1	435	1.00e-205	641
LTDL01000021.1	sp|Q9LID6|AB1E_ARATH	55.8	600	259	4	132955	131165	4	600	1.72e-205	647
LTDL01000021.1	sp|P36220|TBA_TORMA	69.0	435	132	2	109566	108271	1	435	1.86e-205	640
LTDL01000021.1	sp|Q8WQ47|TBA_LEPDS	69.0	435	132	2	109566	108271	1	435	2.44e-205	640
LTDL01000021.1	sp|P81947|TBA1B_BOVIN	69.0	435	132	2	109566	108271	1	435	2.53e-205	640
LTDL01000021.1	sp|P68361|TBA1B_CRIGR	69.0	435	132	2	109566	108271	1	435	2.53e-205	640
LTDL01000021.1	sp|P68363|TBA1B_HUMAN	69.0	435	132	2	109566	108271	1	435	2.53e-205	640
LTDL01000021.1	sp|Q4R538|TBA1B_MACFA	69.0	435	132	2	109566	108271	1	435	2.53e-205	640
LTDL01000021.1	sp|P68360|TBA1B_MERUN	69.0	435	132	2	109566	108271	1	435	2.53e-205	640
LTDL01000021.1	sp|P05213|TBA1B_MOUSE	69.0	435	132	2	109566	108271	1	435	2.53e-205	640
LTDL01000021.1	sp|Q2XVP4|TBA1B_PIG	69.0	435	132	2	109566	108271	1	435	2.53e-205	640
LTDL01000021.1	sp|Q6P9V9|TBA1B_RAT	69.0	435	132	2	109566	108271	1	435	2.53e-205	640
LTDL01000037.1	sp|O94666|RPC1_SCHPO	41.0	1383	694	31	116928	120731	7	1382	3.36e-286	913
LTDL01000037.1	sp|P04051|RPC1_YEAST	39.3	1447	664	31	116937	120713	10	1430	2.71e-282	904
LTDL01000037.1	sp|Q6BI69|RPC1_DEBHA	39.8	1429	687	30	116928	120713	7	1429	1.14e-281	902
LTDL01000037.1	sp|Q86AQ5|RPC1_DICDI	39.4	1433	683	33	116937	120713	11	1432	5.22e-273	877
LTDL01000037.1	sp|O14802|RPC1_HUMAN	40.6	1369	697	29	116934	120728	11	1367	7.24e-271	868
LTDL01000037.1	sp|Q5ZL98|RPC1_CHICK	40.3	1376	693	30	116934	120731	11	1368	1.13e-269	865
LTDL01000037.1	sp|A4IF62|RPC1_BOVIN	40.6	1374	684	31	116934	120719	11	1364	2.08e-269	864
LTDL01000037.1	sp|F4JXF9|NRPC1_ARATH	38.1	1376	709	34	116937	120731	20	1363	4.85e-240	778
LTDL01000037.1	sp|P08968|RPC1_TRYBB	33.9	1477	742	41	116931	120707	22	1481	5.07e-212	701
LTDL01000037.1	sp|Q8SSC4|RPB1_ENCCU	32.4	1453	759	32	116919	120731	1	1412	9.30e-187	629
LTDL01000037.1	sp|P36594|RPB1_SCHPO	34.7	1157	573	26	116940	120005	14	1123	3.32e-166	572
LTDL01000037.1	sp|P04050|RPB1_YEAST	34.1	1226	648	27	116940	120230	12	1206	2.66e-164	565
LTDL01000037.1	sp|P27625|RPC1_PLAFA	36.0	1020	466	15	116943	119507	34	1031	1.58e-162	571
LTDL01000037.1	sp|P31813|RPOA1_THECE	37.7	903	480	15	116934	119474	4	879	1.69e-162	535
LTDL01000037.1	sp|Q75A34|RPB1_ASHGO	33.2	1225	660	26	116940	120230	12	1206	6.92e-161	555
LTDL01000037.1	sp|P18616|NRPB1_ARATH	33.8	1241	661	34	116931	120239	7	1225	7.41e-161	557
LTDL01000037.1	sp|P35084|RPB1_DICDI	33.6	1190	630	30	116940	120110	13	1175	7.19e-160	552
LTDL01000037.1	sp|Q980R2|RPOA1_SACS2	37.2	890	478	17	116940	119474	4	857	9.13e-160	526
LTDL01000037.1	sp|P04052|RPB1_DROME	33.8	1159	599	24	116940	120011	12	1137	4.04e-157	547
LTDL01000037.1	sp|P25202|RPC1_GIAIN	29.4	1655	747	44	116937	120713	24	1653	4.36e-157	544
LTDL01000037.1	sp|A5DCV3|RPB1_PICGU	31.1	1445	628	31	116940	120713	13	1277	4.77e-157	540
LTDL01000037.1	sp|P35074|RPB1_CAEBR	33.9	1152	608	28	116940	120011	13	1139	8.10e-156	542
LTDL01000037.1	sp|P16356|RPB1_CAEEL	33.8	1152	610	28	116940	120011	13	1139	1.52e-155	541
LTDL01000037.1	sp|P11414|RPB1_CRIGR	34.0	1152	626	23	116940	120035	16	1153	1.75e-154	540
LTDL01000037.1	sp|P24928|RPB1_HUMAN	34.0	1152	626	23	116940	120035	16	1153	1.75e-154	540
LTDL01000019.1	sp|Q9VE51|CPSF3_DROME	49.2	579	285	4	70237	71952	19	595	1.59e-175	564
LTDL01000019.1	sp|Q9QXK7|CPSF3_MOUSE	58.2	455	189	1	70240	71601	14	468	2.54e-174	561
LTDL01000019.1	sp|P79101|CPSF3_BOVIN	58.0	455	190	1	70240	71601	14	468	1.18e-173	559
LTDL01000019.1	sp|Q9UKF6|CPSF3_HUMAN	58.0	455	190	1	70240	71601	14	468	1.18e-173	559
LTDL01000019.1	sp|Q86A79|CPSF3_DICDI	46.8	583	289	8	70237	71937	37	614	2.14e-166	541
LTDL01000019.1	sp|Q4PEJ3|YSH1_USTMA	45.8	572	297	8	70249	71925	29	600	2.41e-160	528
LTDL01000019.1	sp|Q9C952|CPSF3_ARATH	46.9	590	277	7	70240	71946	24	598	1.63e-159	518
LTDL01000019.1	sp|O13794|YSH1_SCHPO	44.4	570	310	3	70237	71925	20	589	2.62e-155	509
LTDL01000019.1	sp|Q6C2Z7|YSH1_YARLI	54.0	459	203	5	70249	71601	42	500	2.41e-149	494
LTDL01000019.1	sp|Q74ZC0|YSH1_ASHGO	49.6	482	226	5	70210	71604	3	484	4.43e-146	483
LTDL01000019.1	sp|B6J6H1|SAHH_COXB1	55.1	439	189	5	47761	46451	6	438	4.93e-145	466
LTDL01000019.1	sp|B6J3R0|SAHH_COXB2	55.1	439	189	5	47761	46451	6	438	6.71e-145	466
LTDL01000019.1	sp|A9KD88|SAHH_COXBN	55.1	439	189	5	47761	46451	6	438	6.71e-145	466
LTDL01000019.1	sp|Q83A77|SAHH_COXBU	55.1	439	189	5	47761	46451	6	438	6.71e-145	466
LTDL01000019.1	sp|Q3MHL4|SAHH_BOVIN	56.0	430	184	4	47737	46451	7	432	7.41e-145	465
LTDL01000019.1	sp|P51893|SAHHA_XENLA	55.3	430	188	3	47737	46451	7	433	7.67e-145	465
LTDL01000019.1	sp|Q6FUA5|YSH1_CANGA	50.5	483	221	6	70207	71604	1	482	9.44e-145	479
LTDL01000019.1	sp|P23526|SAHH_HUMAN	56.0	430	184	4	47737	46451	7	432	1.01e-144	465
LTDL01000019.1	sp|P50247|SAHH_MOUSE	55.8	430	185	4	47737	46451	7	432	2.55e-144	464
LTDL01000019.1	sp|O13639|SAHH_SCHPO	54.2	432	193	3	47740	46451	5	433	4.89e-144	463
LTDL01000019.1	sp|Q27580|SAHH_DROME	54.3	433	192	3	47743	46451	4	432	8.75e-144	462
LTDL01000019.1	sp|O93477|SAHHB_XENLA	54.7	430	191	3	47737	46451	7	433	1.68e-143	461
LTDL01000019.1	sp|P10760|SAHH_RAT	55.3	430	187	4	47737	46451	7	432	2.21e-143	461
LTDL01000019.1	sp|Q6CUI5|YSH1_KLULA	50.3	457	210	5	70249	71568	19	475	3.01e-143	474
LTDL01000019.1	sp|Q4R596|SAHH_MACFA	55.6	430	186	4	47737	46451	7	432	5.58e-143	460
LTDL01000022.1	sp|Q5RIC0|ELP3_DANRE	68.2	525	165	2	4023	5591	24	548	1.67e-242	751
LTDL01000022.1	sp|Q6NVL5|ELP3_XENTR	68.5	524	163	2	4023	5588	25	548	5.97e-242	749
LTDL01000022.1	sp|Q9VQZ6|ELP3_DROME	68.3	524	164	2	4023	5588	25	548	6.67e-242	749
LTDL01000022.1	sp|Q5HZM6|ELP3_XENLA	68.1	524	165	2	4023	5588	25	548	7.07e-241	746
LTDL01000022.1	sp|O14023|ELP3_SCHPO	66.7	532	171	4	4011	5588	13	544	8.01e-241	746
LTDL01000022.1	sp|Q2KJ61|ELP3_BOVIN	68.3	524	164	2	4023	5588	23	546	1.22e-240	745
LTDL01000022.1	sp|Q9H9T3|ELP3_HUMAN	68.1	524	165	2	4023	5588	23	546	5.71e-240	743
LTDL01000022.1	sp|Q9CZX0|ELP3_MOUSE	68.1	524	165	2	4023	5588	23	546	5.71e-240	743
LTDL01000022.1	sp|Q5ZHS1|ELP3_CHICK	68.1	524	165	2	4023	5588	22	545	7.49e-240	743
LTDL01000022.1	sp|Q23651|ELP3_CAEEL	68.6	526	162	2	4020	5588	17	542	1.75e-236	733
LTDL01000022.1	sp|Q60LW7|ELP3_CAEBR	68.4	526	163	2	4020	5588	17	542	1.58e-235	731
LTDL01000022.1	sp|Q02908|ELP3_YEAST	65.5	527	179	3	4017	5588	31	557	4.19e-233	724
LTDL01000022.1	sp|Q7X7L3|ELP3_ORYSJ	65.3	542	185	2	3972	5588	31	572	4.78e-232	722
LTDL01000022.1	sp|Q1ZXC6|ELP3_DICDI	66.0	523	175	2	4023	5588	38	558	3.40e-231	719
LTDL01000022.1	sp|Q93ZR1|ELP3_ARATH	65.4	529	180	2	4011	5588	36	564	1.45e-230	717
LTDL01000022.1	sp|Q8SRB2|DBP2_ENCCU	55.8	428	182	2	5893	7176	45	465	1.09e-148	479
LTDL01000022.1	sp|Q6CIV2|DBP2_KLULA	49.3	507	222	8	5740	7230	26	507	9.99e-137	447
LTDL01000022.1	sp|Q8W4R3|RH30_ARATH	50.2	460	215	4	5893	7272	123	568	3.31e-136	447
LTDL01000022.1	sp|Q5QMN3|RH20_ORYSJ	50.5	475	213	6	5845	7230	25	490	4.04e-136	442
LTDL01000022.1	sp|P17844|DDX5_HUMAN	52.0	431	202	3	5899	7191	54	479	9.37e-136	446
LTDL01000022.1	sp|Q5R4I9|DDX5_PONAB	52.0	431	202	3	5899	7191	54	479	9.37e-136	446
LTDL01000022.1	sp|Q61656|DDX5_MOUSE	51.7	431	203	3	5899	7191	54	479	2.35e-135	445
LTDL01000022.1	sp|A5A6J2|DDX5_PANTR	52.0	431	202	3	5899	7191	54	479	5.91e-135	444
LTDL01000022.1	sp|Q4R6M5|DDX5_MACFA	51.7	431	203	3	5899	7191	54	479	8.04e-135	444
LTDL01000022.1	sp|Q1DP69|DBP2_COCIM	52.4	437	203	4	5884	7194	83	514	1.02e-134	441
