JALPMU010000020.1	sp|Q54EX5|SPTC2_DICDI	47.9	478	237	5	43141	44547	9	483	6.33e-132	429
JALPMU010000020.1	sp|P48241|LCB2_KLULA	47.0	462	237	3	43177	44538	63	524	5.82e-124	409
JALPMU010000020.1	sp|Q9LSZ9|LCB2A_ARATH	44.7	479	250	8	43153	44556	4	478	7.60e-123	403
JALPMU010000020.1	sp|P40970|LCB2_YEAST	45.2	469	249	3	43156	44538	57	525	1.22e-122	405
JALPMU010000020.1	sp|O15270|SPTC2_HUMAN	45.6	476	246	6	43150	44541	65	539	5.83e-122	404
JALPMU010000020.1	sp|Q5JK39|LCB2D_ORYSJ	45.0	473	247	5	43150	44541	3	471	1.21e-121	400
JALPMU010000020.1	sp|Q09925|LCB2_SCHPO	43.9	474	258	3	43144	44541	85	558	1.53e-121	404
JALPMU010000020.1	sp|P97363|SPTC2_MOUSE	45.4	476	247	6	43150	44541	63	537	6.39e-121	400
JALPMU010000020.1	sp|Q3B7D2|SPTC2_RAT	45.4	476	247	6	43150	44541	63	537	6.39e-121	400
JALPMU010000020.1	sp|Q9M304|LCB2B_ARATH	44.0	482	255	9	43153	44565	4	481	1.05e-120	397
JALPMU010000020.1	sp|O54694|SPTC2_CRIGR	45.0	476	249	6	43150	44541	63	537	1.61e-120	399
JALPMU010000020.1	sp|Q2R3K3|LCB2A_ORYSJ	43.9	474	251	6	43150	44541	3	471	2.99e-119	393
JALPMU010000020.1	sp|Q8RYL0|LCB2C_ORYSJ	43.0	479	258	5	43150	44544	3	480	2.19e-117	388
JALPMU010000020.1	sp|Q8RYL1|LCB2B_ORYSJ	43.1	480	258	6	43150	44544	4	483	4.32e-117	387
JALPMU010000020.1	sp|Q9NUV7|SPTC3_HUMAN	44.2	489	260	7	43123	44556	50	536	5.81e-116	386
JALPMU010000020.1	sp|Q20375|SPTC2_CAEEL	41.3	482	272	5	43141	44553	67	548	2.02e-108	364
JALPMU010000020.1	sp|Q8BG54|SPTC3_MOUSE	41.1	487	270	7	43150	44565	57	541	2.71e-105	355
JALPMU010000020.1	sp|Q9XVI6|SPTC3_CAEEL	45.5	420	215	5	43315	44541	89	505	4.20e-100	338
JALPMU010000020.1	sp|P15170|ERF3A_HUMAN	45.0	436	219	11	20046	21311	71	499	1.31e-99	337
JALPMU010000020.1	sp|Q9HGI7|ERF3_CANMA	43.9	440	233	10	20013	21296	274	711	1.66e-99	344
JALPMU010000020.1	sp|Q9HGI6|ERF3_DEBHA	43.6	440	234	10	20013	21296	263	700	3.09e-99	343
JALPMU010000020.1	sp|O13354|ERF3_CANAX	43.4	440	235	10	20013	21296	277	714	3.29e-99	343
JALPMU010000020.1	sp|O74718|ERF3_SCHPO	43.5	439	235	8	20013	21296	224	660	5.01e-99	341
JALPMU010000020.1	sp|P05453|ERF3_YEAST	44.7	430	224	9	20049	21302	258	685	1.26e-98	340
JALPMU010000020.1	sp|Q8R050|ERF3A_MOUSE	44.6	435	222	10	20046	21311	208	636	2.08e-98	338
JALPMU010000024.1	sp|Q8SQY7|STT4_ENCCU	30.7	1310	776	28	59922	56248	150	1412	6.74e-163	552
JALPMU010000024.1	sp|Q9CWS4|INT11_MOUSE	51.5	456	217	3	65422	66783	4	457	1.57e-153	497
JALPMU010000024.1	sp|Q3MHC2|INT11_RAT	51.5	456	217	3	65422	66783	4	457	1.57e-153	497
JALPMU010000024.1	sp|Q2YDM2|INT11_BOVIN	50.0	488	232	5	65422	66861	4	487	5.20e-153	495
JALPMU010000024.1	sp|Q5NVE6|INT11_PONAB	49.6	488	234	5	65422	66861	4	487	9.94e-153	494
JALPMU010000024.1	sp|Q5TA45|INT11_HUMAN	49.6	488	234	5	65422	66861	4	487	1.84e-152	494
JALPMU010000024.1	sp|Q503E1|INT11_DANRE	51.1	460	221	3	65422	66795	4	461	8.02e-152	492
JALPMU010000024.1	sp|Q5ZIH0|INT11_CHICK	52.5	440	205	3	65422	66735	4	441	2.16e-151	491
JALPMU010000024.1	sp|Q54YL3|INT11_DICDI	52.2	454	199	6	65422	66735	1	452	4.50e-150	493
JALPMU010000024.1	sp|Q9VAH9|INT11_DROME	52.0	440	207	3	65422	66735	4	441	4.96e-149	484
JALPMU010000024.1	sp|O94248|MDN1_SCHPO	27.2	1592	895	45	29122	33264	392	1930	4.47e-133	480
JALPMU010000024.1	sp|Q8GUU3|CPS3B_ARATH	48.6	457	230	4	65434	66795	7	461	7.37e-132	435
JALPMU010000024.1	sp|Q12019|MDN1_YEAST	28.0	1532	833	46	29257	33219	621	2093	3.20e-129	468
JALPMU010000024.1	sp|A0A1P8AUY4|MDN1_ARATH	28.2	1545	829	46	29260	33213	643	2132	3.09e-125	454
JALPMU010000024.1	sp|Q9NU22|MDN1_HUMAN	27.8	1478	836	47	29344	33219	674	2105	4.13e-125	454
JALPMU010000024.1	sp|Q869L3|MDN1_DICDI	27.4	1440	754	39	29281	32874	665	2055	1.30e-116	426
JALPMU010000024.1	sp|Q8T5T1|MDN1_GIAIN	26.5	1406	716	40	29794	33219	526	1878	5.72e-106	390
JALPMU010000024.1	sp|Q8SRE0|SYC_ENCCU	41.2	517	248	11	56143	54623	5	475	3.95e-105	352
JALPMU010000024.1	sp|Q291L4|SYCC_DROPS	34.5	621	297	14	56155	54617	16	634	3.45e-93	327
JALPMU010000024.1	sp|Q09860|SYC_SCHPO	36.1	629	281	18	56155	54620	17	641	9.69e-92	323
JALPMU010000024.1	sp|P79101|CPSF3_BOVIN	39.2	426	239	7	65428	66681	14	427	2.62e-91	320
JALPMU010000024.1	sp|Q9UKF6|CPSF3_HUMAN	39.2	426	239	7	65428	66681	14	427	2.62e-91	320
JALPMU010000024.1	sp|Q54KR1|SYCC_DICDI	37.3	549	270	14	56155	54620	32	543	3.51e-91	318
JALPMU010000024.1	sp|Q7KN90|SYCC_DROME	35.2	613	283	16	56146	54638	19	627	5.88e-91	320
JALPMU010000024.1	sp|Q9QXK7|CPSF3_MOUSE	39.0	426	240	7	65428	66681	14	427	6.51e-91	318
JALPMU010000032.1	sp|Q8SQV6|SYIC_ENCCU	46.2	1056	448	16	6579	9665	12	974	7.26e-293	917
JALPMU010000032.1	sp|C4V8Q1|SYIC_NOSCE	44.0	1076	476	20	6579	9686	13	1001	2.44e-267	845
JALPMU010000032.1	sp|Q54YD4|SYIC_DICDI	43.3	1066	492	20	6567	9644	10	1003	4.88e-263	833
JALPMU010000032.1	sp|O13651|SYIC_SCHPO	42.2	1063	519	18	6573	9665	7	1006	2.39e-255	811
JALPMU010000032.1	sp|Q8BU30|SYIC_MOUSE	42.0	1059	521	19	6564	9644	10	1007	3.59e-255	818
JALPMU010000032.1	sp|P41252|SYIC_HUMAN	42.1	1063	526	19	6567	9665	11	1014	1.22e-254	816
JALPMU010000032.1	sp|B7XK16|SYIC_ENTBH	43.8	961	425	15	6567	9323	8	895	1.83e-251	795
JALPMU010000032.1	sp|Q21926|SYIC_CAEEL	42.6	1078	528	21	6567	9716	13	1027	1.28e-249	797
JALPMU010000032.1	sp|P36422|SYI_TETTH	41.8	1061	528	21	6567	9656	16	1018	1.39e-246	786
JALPMU010000032.1	sp|P09436|SYIC_YEAST	40.9	1063	537	17	6564	9656	9	1012	1.93e-246	785
JALPMU010000032.1	sp|F4JLM5|SYIC_ARATH	38.9	1131	564	19	6564	9779	11	1073	1.95e-244	784
JALPMU010000032.1	sp|Q5L5L0|SYI_CHLAB	40.2	1065	532	20	6555	9674	8	992	3.01e-243	775
JALPMU010000032.1	sp|Q822L8|SYI_CHLCV	39.8	1095	540	21	6555	9752	8	1012	4.75e-242	771
JALPMU010000032.1	sp|Q9Z972|SYI_CHLPN	39.6	1093	536	23	6561	9746	9	1008	2.99e-241	769
JALPMU010000032.1	sp|Q8SQT7|EF2_ENCCU	47.7	851	426	8	83179	80654	6	846	6.07e-239	754
JALPMU010000032.1	sp|B0B9C6|SYI_CHLT2	38.6	1054	534	19	6570	9647	10	978	2.34e-231	740
JALPMU010000032.1	sp|B0BB05|SYI_CHLTB	38.6	1054	534	19	6570	9647	10	978	2.34e-231	740
JALPMU010000032.1	sp|B5RN32|SYI_BORDL	39.6	1061	527	23	6567	9656	11	988	1.39e-230	738
JALPMU010000032.1	sp|Q9PL20|SYI_CHLMU	38.1	1090	554	19	6564	9746	8	1005	1.47e-230	738
JALPMU010000032.1	sp|O84022|SYI_CHLTR	38.5	1054	535	19	6570	9647	10	978	1.47e-230	738
JALPMU010000032.1	sp|Q5A0M4|EF2_CANAL	47.1	850	428	14	83182	80654	5	839	4.15e-230	729
JALPMU010000032.1	sp|C4YJQ8|EF2_CANAW	47.1	850	428	14	83182	80654	5	839	4.15e-230	729
JALPMU010000032.1	sp|B2S1H8|SYI_BORHD	38.6	1097	550	24	6567	9749	11	1019	4.75e-230	737
JALPMU010000032.1	sp|Q3KN03|SYI_CHLTA	38.3	1054	537	19	6570	9647	10	978	1.26e-229	735
JALPMU010000032.1	sp|B5RQH0|SYI_BORRA	39.6	1061	527	23	6567	9656	11	988	2.20e-229	735
JALPMU010000034.1	sp|P38088|SYG_YEAST	51.0	614	253	7	51406	49709	40	653	1.34e-185	594
JALPMU010000034.1	sp|Q5I0G4|GARS_RAT	48.5	598	294	6	51406	49655	110	707	5.65e-176	568
JALPMU010000034.1	sp|Q9CZD3|GARS_MOUSE	48.5	598	294	6	51406	49655	111	708	7.93e-176	568
JALPMU010000034.1	sp|Q06817|SYG2_YEAST	50.7	584	271	6	51430	49721	4	584	1.47e-175	562
JALPMU010000034.1	sp|P41250|GARS_HUMAN	48.7	600	290	7	51406	49655	121	718	1.49e-175	567
JALPMU010000034.1	sp|Q5RBL1|GARS_PONAB	48.5	600	291	7	51406	49655	121	718	1.49e-175	567
JALPMU010000034.1	sp|Q10179|SYG_SCHPO	47.3	630	284	8	51406	49655	12	639	1.03e-169	547
JALPMU010000034.1	sp|Q04451|SYG_BOMMO	46.0	628	319	9	51490	49655	38	661	2.60e-167	541
JALPMU010000034.1	sp|P62333|PRS10_HUMAN	66.6	389	130	0	91067	89901	1	389	1.22e-163	518
JALPMU010000034.1	sp|P62335|PRS10_ICTTR	66.6	389	130	0	91067	89901	1	389	1.22e-163	518
JALPMU010000034.1	sp|P62334|PRS10_MOUSE	66.6	389	130	0	91067	89901	1	389	1.22e-163	518
JALPMU010000034.1	sp|O74445|PRS10_SCHPO	67.6	386	125	0	91058	89901	3	388	7.49e-163	516
JALPMU010000034.1	sp|Q2KIW6|PRS10_BOVIN	66.3	389	131	0	91067	89901	1	389	1.06e-162	515
JALPMU010000034.1	sp|O17071|PRS10_CAEEL	64.4	390	139	0	91070	89901	17	406	5.08e-160	508
JALPMU010000034.1	sp|Q8SQZ6|SYG_ENCCU	48.2	575	279	5	51397	49688	9	569	2.42e-158	511
JALPMU010000034.1	sp|Q10039|GARS_CAEEL	45.5	628	323	9	51487	49655	103	728	2.58e-158	518
JALPMU010000034.1	sp|O23627|SYGM1_ARATH	45.7	608	296	8	51406	49655	117	714	3.17e-158	517
JALPMU010000034.1	sp|Q9SEI3|PS10A_ARATH	63.3	384	141	0	91061	89910	9	392	5.54e-158	502
JALPMU010000034.1	sp|Q9MAK9|PS10B_ARATH	63.8	384	139	0	91061	89910	9	392	7.55e-158	502
JALPMU010000034.1	sp|P53549|PRS10_YEAST	64.7	382	135	0	91046	89901	56	437	2.15e-157	502
JALPMU010000034.1	sp|Q54PJ1|PRS10_DICDI	61.4	389	149	1	91064	89901	5	393	4.12e-153	488
JALPMU010000034.1	sp|Q57681|SYG_METJA	42.7	581	295	9	51385	49691	13	571	8.72e-134	440
JALPMU010000034.1	sp|A6VIK1|SYG_METM7	42.2	586	290	11	51382	49691	12	570	8.03e-128	423
JALPMU010000034.1	sp|A9A885|SYG_METM6	42.5	581	295	9	51382	49691	12	570	1.09e-127	422
JALPMU010000034.1	sp|Q6M0Q7|SYG_METMP	41.8	586	292	11	51382	49691	12	570	2.02e-127	422
JALPMU010000031.1	sp|Q9VQZ6|ELP3_DROME	67.5	530	169	2	87586	86006	23	552	6.72e-243	753
JALPMU010000031.1	sp|O14023|ELP3_SCHPO	65.9	533	176	3	87598	86018	12	544	1.34e-238	740
JALPMU010000031.1	sp|Q02908|ELP3_YEAST	66.9	532	169	4	87598	86024	24	555	1.63e-236	734
JALPMU010000031.1	sp|Q9H9T3|ELP3_HUMAN	67.8	512	164	1	87547	86015	36	547	2.47e-235	731
JALPMU010000031.1	sp|Q2KJ61|ELP3_BOVIN	67.8	512	164	1	87547	86015	36	547	4.58e-235	730
JALPMU010000031.1	sp|Q5RIC0|ELP3_DANRE	67.7	511	164	1	87547	86018	37	547	4.76e-235	730
JALPMU010000031.1	sp|Q6NVL5|ELP3_XENTR	67.9	511	163	1	87547	86018	38	548	9.15e-235	729
JALPMU010000031.1	sp|Q9CZX0|ELP3_MOUSE	67.6	512	165	1	87547	86015	36	547	1.16e-234	729
JALPMU010000031.1	sp|Q5ZHS1|ELP3_CHICK	68.4	512	161	1	87547	86015	35	546	2.07e-234	728
JALPMU010000031.1	sp|Q5HZM6|ELP3_XENLA	67.1	511	167	1	87547	86018	38	548	3.72e-233	724
JALPMU010000031.1	sp|Q60LW7|ELP3_CAEBR	67.5	511	165	1	87547	86018	32	542	2.35e-230	716
JALPMU010000031.1	sp|Q23651|ELP3_CAEEL	67.5	511	165	1	87547	86018	32	542	4.21e-230	716
JALPMU010000031.1	sp|Q7X7L3|ELP3_ORYSJ	67.1	511	167	1	87547	86018	62	572	6.92e-229	713
JALPMU010000031.1	sp|Q1ZXC6|ELP3_DICDI	66.0	512	173	1	87550	86018	47	558	7.71e-229	712
JALPMU010000031.1	sp|Q93ZR1|ELP3_ARATH	65.1	518	180	1	87568	86018	47	564	3.30e-228	711
JALPMU010000031.1	sp|Q8SRB2|DBP2_ENCCU	56.7	425	178	2	85598	84324	44	462	7.96e-152	488
JALPMU010000031.1	sp|Q5QMN3|RH20_ORYSJ	48.6	461	223	4	85670	84312	16	470	3.54e-136	443
JALPMU010000031.1	sp|Q58536|ELP3_METJA	45.5	497	259	6	87490	86015	52	541	3.12e-135	442
JALPMU010000031.1	sp|D5VRB9|ELP3_METIM	46.6	496	253	6	87490	86018	46	534	6.25e-135	441
JALPMU010000031.1	sp|Q9C718|RH20_ARATH	47.5	472	224	6	85670	84306	16	480	3.34e-134	438
JALPMU010000031.1	sp|Q8W4R3|RH30_ARATH	50.2	456	210	5	85640	84285	115	557	3.97e-134	441
JALPMU010000031.1	sp|A6RGE3|DBP2_AJECN	49.9	451	218	5	85589	84237	85	527	5.15e-134	439
JALPMU010000031.1	sp|Q2H720|DBP2_CHAGB	48.9	470	228	5	85628	84231	79	540	5.34e-134	440
JALPMU010000031.1	sp|Q6CIV2|DBP2_KLULA	48.0	500	244	8	85730	84231	29	512	1.92e-133	438
JALPMU010000031.1	sp|Q5R4I9|DDX5_PONAB	50.1	433	212	3	85598	84300	51	479	7.07e-133	439
JALPMU010000022.1	sp|Q10233|RPC2_SCHPO	47.6	1125	502	16	20149	23319	58	1162	8.20e-317	991
JALPMU010000022.1	sp|Q9NW08|RPC2_HUMAN	47.2	1120	500	17	20149	23310	34	1128	9.69e-313	978
JALPMU010000022.1	sp|P59470|RPC2_MOUSE	47.2	1120	500	17	20149	23310	34	1128	4.51e-312	976
JALPMU010000022.1	sp|P22276|RPC2_YEAST	47.1	1117	507	16	20149	23316	52	1145	1.25e-304	955
JALPMU010000022.1	sp|P25167|RPC2_DROME	44.3	1136	538	19	20119	23316	26	1136	9.96e-292	917
JALPMU010000022.1	sp|F4KD38|NRPC2_ARATH	42.1	1139	555	18	20149	23310	40	1158	1.54e-261	831
JALPMU010000022.1	sp|Q54IZ9|RPC2_DICDI	32.3	1584	518	21	20143	23310	48	1605	6.86e-227	746
JALPMU010000022.1	sp|P11513|RPOB_SULAC	35.4	1129	619	22	20158	23310	18	1114	1.25e-191	627
JALPMU010000022.1	sp|P31814|RPOB_THECE	34.1	1135	623	21	20155	23310	26	1118	1.41e-187	615
JALPMU010000022.1	sp|Q8SR75|RPB2_ENCCU	35.4	1150	615	29	20149	23304	18	1137	9.22e-186	610
JALPMU010000022.1	sp|Q54J75|RPB2_DICDI	33.7	1172	621	25	20149	23304	31	1166	1.51e-185	611
JALPMU010000022.1	sp|Q10578|RPB2_CAEEL	33.5	1196	635	30	20104	23313	19	1180	1.98e-183	605
JALPMU010000022.1	sp|Q8SRH0|PRS4_ENCCU	68.6	417	131	0	38011	39261	8	424	1.47e-180	566
JALPMU010000022.1	sp|P30876|RPB2_HUMAN	34.0	1194	635	27	20092	23304	8	1171	1.07e-179	594
JALPMU010000022.1	sp|Q8CFI7|RPB2_MOUSE	33.9	1194	636	27	20092	23304	8	1171	3.61e-179	592
JALPMU010000022.1	sp|P08518|RPB2_YEAST	34.9	1205	601	30	20155	23304	40	1216	5.43e-179	593
JALPMU010000022.1	sp|Q42877|RPB2_SOLLC	33.6	1179	628	30	20149	23316	33	1179	2.59e-178	590
JALPMU010000022.1	sp|Q6FLD5|RPB2_CANGA	34.6	1206	605	30	20155	23304	38	1215	3.26e-178	591
JALPMU010000022.1	sp|P62191|PRS4_HUMAN	69.6	405	122	1	38047	39258	35	439	1.26e-177	559
JALPMU010000022.1	sp|P62192|PRS4_MOUSE	69.6	405	122	1	38047	39258	35	439	1.26e-177	559
JALPMU010000022.1	sp|P62193|PRS4_RAT	69.6	405	122	1	38047	39258	35	439	1.26e-177	559
JALPMU010000022.1	sp|P08266|RPB2_DROME	34.5	1190	629	32	20101	23304	12	1173	4.89e-177	586
JALPMU010000022.1	sp|P38420|NRPB2_ARATH	33.1	1174	632	28	20149	23304	34	1176	4.96e-177	587
JALPMU010000022.1	sp|P48601|PRS4_DROME	65.1	438	146	2	37966	39258	1	438	1.06e-176	556
JALPMU010000022.1	sp|Q90732|PRS4_CHICK	69.1	405	124	1	38047	39258	35	439	9.54e-176	553
JALPMU010000033.1	sp|Q9P7X8|RPA2_SCHPO	36.3	1193	621	22	145965	142672	26	1174	2.82e-209	682
JALPMU010000033.1	sp|P53505|ACT5_XENLA	82.2	376	65	1	130348	131469	1	376	2.61e-208	645
JALPMU010000033.1	sp|P53478|ACT5_CHICK	82.2	376	65	1	130348	131469	1	376	3.56e-208	645
JALPMU010000033.1	sp|P04829|ACT3_BOMMO	82.2	376	65	1	130348	131469	1	376	9.00e-208	644
JALPMU010000033.1	sp|P53471|ACT2_SCHMA	81.9	376	66	1	130348	131469	1	376	1.23e-207	644
JALPMU010000033.1	sp|P53470|ACT1_SCHMA	82.2	376	65	1	130348	131469	1	376	1.67e-207	643
JALPMU010000033.1	sp|P02572|ACT2_DROME	82.2	376	65	1	130348	131469	1	376	1.67e-207	643
JALPMU010000033.1	sp|P53464|ACTM_HELTB	81.6	376	67	1	130348	131469	1	376	1.67e-207	643
JALPMU010000033.1	sp|P10984|ACT2_CAEEL	81.4	376	68	1	130348	131469	1	376	2.28e-207	643
JALPMU010000033.1	sp|P02578|ACT1_ACACA	81.9	376	65	2	130348	131469	1	375	2.99e-207	642
JALPMU010000033.1	sp|Q7ZVI7|ACTB1_DANRE	82.4	374	64	1	130354	131469	2	375	2.99e-207	642
JALPMU010000033.1	sp|Q6P378|ACTG_XENTR	82.4	374	64	1	130354	131469	2	375	2.99e-207	642
JALPMU010000033.1	sp|P10987|ACT1_DROME	81.9	376	66	1	130348	131469	1	376	3.10e-207	642
JALPMU010000033.1	sp|P30162|ACT1_ONCVO	81.1	376	69	1	130348	131469	1	376	3.10e-207	642
JALPMU010000033.1	sp|P84184|ACT3B_HELAM	81.9	376	66	1	130348	131469	1	376	3.10e-207	642
JALPMU010000033.1	sp|P84183|ACT4_BOMMO	81.9	376	66	1	130348	131469	1	376	3.10e-207	642
JALPMU010000033.1	sp|P10986|ACT4_CAEEL	81.1	376	69	1	130348	131469	1	376	3.10e-207	642
JALPMU010000033.1	sp|P84185|ACT5C_ANOGA	81.9	376	66	1	130348	131469	1	376	3.10e-207	642
JALPMU010000033.1	sp|P53463|ACTM_HELER	81.6	376	67	1	130348	131469	1	376	3.10e-207	642
JALPMU010000033.1	sp|Q5JAK2|ACTG_PELLE	82.1	374	65	1	130354	131469	2	375	4.07e-207	642
JALPMU010000033.1	sp|P15475|ACTB_XENBO	81.6	376	67	1	130348	131469	1	376	4.22e-207	642
JALPMU010000033.1	sp|Q26065|ACT_PLAMG	81.6	376	67	1	130348	131469	1	376	4.22e-207	642
JALPMU010000033.1	sp|P0DM41|ACT1_CAEEL	80.9	376	70	1	130348	131469	1	376	5.75e-207	642
JALPMU010000033.1	sp|P30163|ACT2_ONCVO	81.4	376	68	1	130348	131469	1	376	5.75e-207	642
JALPMU010000033.1	sp|Q25010|ACT3A_HELAM	81.9	376	66	1	130348	131469	1	376	5.75e-207	642
JALPMU010000027.1	sp|Q8SS27|SYVC_ENCCU	45.5	890	384	16	78516	76018	4	849	2.57e-235	746
JALPMU010000027.1	sp|C4V924|SYVC_NOSCE	44.0	901	431	15	78495	75889	6	864	4.68e-229	727
JALPMU010000027.1	sp|Q86H36|RPA1_DICDI	34.2	1623	826	38	21858	17608	24	1610	8.81e-213	706
JALPMU010000027.1	sp|O75005|SYV_SCHPO	44.0	835	410	17	78468	76123	36	865	7.59e-206	664
JALPMU010000027.1	sp|P15398|RPA1_SCHPO	31.7	1704	862	41	21921	17623	1	1674	9.09e-203	679
JALPMU010000027.1	sp|P26640|SYVC_HUMAN	45.0	796	382	14	78360	76123	286	1075	5.56e-202	663
JALPMU010000027.1	sp|Q04462|SYVC_RAT	44.4	795	388	14	78360	76123	286	1075	1.57e-200	659
JALPMU010000027.1	sp|Q9Z1Q9|SYVC_MOUSE	44.4	797	385	15	78360	76123	285	1074	7.95e-199	654
JALPMU010000027.1	sp|Q9U1Q4|SYV_CAEEL	44.4	791	390	14	78357	76123	70	856	6.99e-198	643
JALPMU010000027.1	sp|P49696|SYVC_TAKRU	43.8	796	392	15	78357	76123	236	1027	5.36e-197	647
JALPMU010000027.1	sp|P28350|SYV_NEUCR	42.8	829	424	17	78411	76048	105	924	7.10e-196	639
JALPMU010000027.1	sp|Q86KU2|SYVC_DICDI	41.3	837	428	14	78402	76048	80	905	1.77e-195	637
JALPMU010000027.1	sp|P07806|SYV_YEAST	44.2	790	392	14	78360	76123	131	915	2.44e-195	638
JALPMU010000027.1	sp|P10964|RPA1_YEAST	32.4	1705	826	47	21921	17623	1	1651	3.34e-195	655
JALPMU010000027.1	sp|P93736|SYVM1_ARATH	42.5	848	427	19	78357	75967	127	964	1.26e-194	636
JALPMU010000027.1	sp|Q5ST30|SYVM_HUMAN	42.7	784	406	14	78360	76123	90	868	1.44e-188	617
JALPMU010000027.1	sp|Q767M3|SYVM_PIG	42.9	786	405	14	78363	76123	89	869	7.38e-187	612
JALPMU010000027.1	sp|Q83DD0|SYV_COXBU	43.2	757	387	14	78333	76123	1	734	1.06e-186	606
JALPMU010000027.1	sp|Q0VSA8|SYV_ALCBS	42.5	757	389	12	78333	76129	3	735	4.31e-185	602
JALPMU010000027.1	sp|Q88P76|SYV_PSEPK	41.7	782	387	12	78333	76129	1	760	9.79e-185	601
JALPMU010000027.1	sp|Q9X2D7|SYV_THEMA	39.4	845	428	12	78342	75853	1	776	1.21e-184	598
JALPMU010000027.1	sp|B0USP0|SYV_HISS2	39.9	872	447	19	78348	75892	3	850	2.93e-184	600
JALPMU010000027.1	sp|Q6MG21|SYVM_RAT	42.7	786	404	14	78360	76123	90	869	3.58e-184	604
JALPMU010000027.1	sp|Q8SQK0|PRS8_ENCCU	76.7	386	89	1	13401	14555	7	392	1.26e-183	575
JALPMU010000027.1	sp|A5UEN9|SYV_HAEIG	39.6	871	453	17	78345	75886	3	851	2.50e-183	597
JALPMU010000019.1	sp|Q8SRI2|GFA1_ENCCU	49.6	702	335	10	30357	28300	1	699	1.16e-205	650
JALPMU010000019.1	sp|Q9Z2Z9|GFPT2_MOUSE	48.6	700	328	13	30357	28300	1	682	3.88e-192	611
JALPMU010000019.1	sp|P47856|GFPT1_MOUSE	47.5	705	343	11	30357	28300	1	697	4.73e-192	611
JALPMU010000019.1	sp|Q06210|GFPT1_HUMAN	47.5	707	342	11	30357	28300	1	699	6.88e-192	611
JALPMU010000019.1	sp|P82808|GFPT1_RAT	47.7	700	333	11	30357	28300	1	681	9.45e-192	610
JALPMU010000019.1	sp|O94808|GFPT2_HUMAN	48.0	698	335	11	30357	28300	1	682	8.43e-191	607
JALPMU010000019.1	sp|Q4KMC4|GFPT2_RAT	48.2	699	332	12	30357	28300	1	682	8.43e-191	607
JALPMU010000019.1	sp|Q08DQ2|GFPT2_BOVIN	48.1	699	333	12	30357	28300	1	682	5.35e-190	605
JALPMU010000019.1	sp|Q09740|GFA1_SCHPO	47.4	705	343	10	30357	28300	1	696	6.36e-188	599
JALPMU010000019.1	sp|P14742|GFA1_YEAST	45.7	720	354	11	30357	28300	1	717	3.25e-185	592
JALPMU010000019.1	sp|P53704|GFA1_CANAL	47.3	716	344	11	30357	28300	1	713	7.16e-185	591
JALPMU010000019.1	sp|Q8SS56|SYKC_ENCCU	52.4	502	223	4	38712	40196	17	509	1.01e-164	525
JALPMU010000019.1	sp|P37879|SYK_CRIGR	51.1	507	225	5	38748	40229	90	586	3.23e-158	509
JALPMU010000019.1	sp|Q99MN1|SYK_MOUSE	49.9	517	236	5	38718	40229	78	584	2.61e-157	507
JALPMU010000019.1	sp|Q15046|SYK_HUMAN	50.4	508	227	6	38748	40229	90	586	2.40e-156	504
JALPMU010000019.1	sp|Q5XIM7|SYK_RAT	50.1	517	235	5	38718	40229	109	615	8.50e-156	504
JALPMU010000019.1	sp|Q22099|SYK_CAEEL	50.3	517	232	6	38718	40229	60	564	6.71e-154	496
JALPMU010000019.1	sp|C4V8R9|SYKC_NOSCE	46.1	501	253	3	38715	40196	20	510	4.74e-146	471
JALPMU010000019.1	sp|Q9UUE6|SYKC_SCHPO	47.9	509	236	7	38724	40196	82	579	4.49e-145	471
JALPMU010000019.1	sp|P15180|SYKC_YEAST	48.9	509	228	9	38766	40229	92	589	7.15e-144	468
JALPMU010000019.1	sp|Q6F2U9|SYK_ORYSJ	46.3	527	239	6	38715	40196	85	600	1.62e-142	464
JALPMU010000019.1	sp|B3LLX6|YM084_YEAS1	39.8	718	394	8	30357	28312	1	716	3.04e-142	468
JALPMU010000019.1	sp|C7GL41|YM084_YEAS2	39.7	718	395	8	30357	28312	1	716	1.91e-141	466
JALPMU010000019.1	sp|A6ZME2|YM084_YEAS7	39.7	716	392	8	30357	28312	1	710	2.51e-140	462
JALPMU010000019.1	sp|A9CS74|SYKC_ENTBH	46.5	508	252	3	38718	40205	19	518	9.21e-137	444
JALPMU010000038.1	sp|Q8SR75|RPB2_ENCCU	61.7	1148	405	9	96341	92967	6	1141	0.0	1437
JALPMU010000038.1	sp|Q02061|RPB2_SCHPO	55.5	1210	459	12	96365	92961	5	1210	0.0	1333
JALPMU010000038.1	sp|Q42877|RPB2_SOLLC	56.0	1167	473	10	96350	92961	18	1181	0.0	1321
JALPMU010000038.1	sp|P38420|NRPB2_ARATH	56.0	1166	475	10	96350	92961	19	1182	0.0	1313
JALPMU010000038.1	sp|Q54J75|RPB2_DICDI	55.7	1161	463	14	96344	92979	18	1166	0.0	1305
JALPMU010000038.1	sp|A5DHT2|RPB2_PICGU	53.9	1220	461	13	96344	92967	18	1229	0.0	1302
JALPMU010000038.1	sp|Q8CFI7|RPB2_MOUSE	57.2	1154	459	12	96344	92979	21	1171	0.0	1296
JALPMU010000038.1	sp|P30876|RPB2_HUMAN	57.1	1154	460	12	96344	92979	21	1171	0.0	1295
JALPMU010000038.1	sp|P08266|RPB2_DROME	56.1	1157	474	11	96347	92973	21	1175	0.0	1292
JALPMU010000038.1	sp|P08518|RPB2_YEAST	54.4	1201	468	11	96344	92967	25	1220	0.0	1283
JALPMU010000038.1	sp|Q6FLD5|RPB2_CANGA	54.0	1202	472	11	96344	92967	23	1219	0.0	1283
JALPMU010000038.1	sp|Q753Q4|RPB2_ASHGO	52.9	1203	485	11	96344	92967	21	1218	0.0	1270
JALPMU010000038.1	sp|Q10578|RPB2_CAEEL	55.1	1154	484	12	96338	92970	30	1180	0.0	1249
JALPMU010000038.1	sp|P08096|TOP2_SCHPO	52.2	1130	483	11	215011	218241	73	1198	0.0	1127
JALPMU010000038.1	sp|P06786|TOP2_YEAST	49.8	1165	500	10	214993	218241	1	1162	0.0	1086
JALPMU010000038.1	sp|Q64511|TOP2B_MOUSE	50.7	1155	497	15	214996	218253	33	1184	0.0	1079
JALPMU010000038.1	sp|Q64399|TOP2B_CRILO	50.8	1155	496	15	214996	218253	33	1184	0.0	1078
JALPMU010000038.1	sp|Q01879|TOP2_PICGU	49.4	1164	498	13	215020	218244	57	1218	0.0	1078
JALPMU010000038.1	sp|Q02880|TOP2B_HUMAN	50.8	1155	496	15	214996	218253	45	1196	0.0	1077
JALPMU010000038.1	sp|O42131|TOP2B_CHICK	50.5	1153	499	15	215002	218253	52	1201	0.0	1076
JALPMU010000038.1	sp|P30182|TOP2_ARATH	49.7	1146	508	13	215008	218253	29	1170	0.0	1068
JALPMU010000038.1	sp|P87078|TOP2_CANAX	52.6	1067	463	12	215002	218079	54	1118	0.0	1067
JALPMU010000038.1	sp|P41515|TOP2A_CRIGR	50.0	1155	504	15	214996	218253	23	1173	0.0	1063
JALPMU010000038.1	sp|Q23670|TOP2_CAEEL	48.9	1171	508	18	215002	218253	59	1226	0.0	1062
JALPMU010000038.1	sp|Q01320|TOP2A_MOUSE	50.0	1156	503	15	214999	218253	24	1175	0.0	1061
JALPMU010000021.1	sp|Q9CZU3|MTREX_MOUSE	41.4	1016	480	24	1998	4865	80	1040	2.05e-204	661
JALPMU010000021.1	sp|P42285|MTREX_HUMAN	42.1	984	457	21	2094	4865	112	1042	1.36e-203	659
JALPMU010000021.1	sp|O14232|MTR4_SCHPO	41.8	1002	466	27	2073	4865	162	1117	1.70e-202	658
JALPMU010000021.1	sp|P47047|MTR4_YEAST	40.7	997	484	23	2079	4865	116	1073	8.40e-201	652
JALPMU010000021.1	sp|Q9XIF2|MTR4_ARATH	40.3	983	484	24	2109	4865	45	988	1.97e-187	610
JALPMU010000021.1	sp|Q23223|MTR4_CAEEL	38.9	983	499	22	2079	4865	92	1026	1.88e-180	591
JALPMU010000021.1	sp|O13799|YE02_SCHPO	38.3	981	502	23	2094	4865	96	1030	4.31e-177	581
JALPMU010000021.1	sp|Q9ZVW2|HEN2_ARATH	39.2	968	485	24	2145	4865	71	995	5.97e-174	571
JALPMU010000021.1	sp|Q8SR13|PRS6A_ENCCU	68.3	401	106	3	1706	510	20	401	1.00e-166	526
JALPMU010000021.1	sp|P17980|PRS6A_HUMAN	63.2	408	149	1	1730	510	32	439	1.39e-163	518
JALPMU010000021.1	sp|Q63569|PRS6A_RAT	63.2	408	149	1	1730	510	32	439	1.89e-163	518
JALPMU010000021.1	sp|O88685|PRS6A_MOUSE	63.2	408	149	1	1730	510	35	442	2.10e-163	518
JALPMU010000021.1	sp|O42587|PR6AA_XENLA	63.0	408	150	1	1730	510	16	423	3.67e-163	516
JALPMU010000021.1	sp|P52495|UBA1_CANAW	34.9	1016	579	18	25565	28405	15	1017	9.95e-162	536
JALPMU010000021.1	sp|O42586|PR6AB_XENLA	62.5	403	150	1	1715	510	2	404	4.82e-161	509
JALPMU010000021.1	sp|O23894|PRS6A_BRACM	62.1	409	153	1	1730	510	16	424	1.63e-157	500
JALPMU010000021.1	sp|Q9SEI2|PS6AA_ARATH	62.1	409	153	1	1730	510	16	424	2.22e-157	500
JALPMU010000021.1	sp|P54776|PRS6A_SOLLC	62.6	404	149	1	1715	510	20	423	5.42e-157	499
JALPMU010000021.1	sp|O04019|PS6AB_ARATH	64.1	396	140	1	1691	510	28	423	4.71e-156	496
JALPMU010000021.1	sp|O94609|UBA1_SCHPO	34.8	1012	581	21	25565	28411	15	1010	4.22e-155	516
JALPMU010000021.1	sp|O76371|PRS6A_CAEEL	61.4	407	156	1	1730	510	25	430	9.72e-155	493
JALPMU010000021.1	sp|P22515|UBA1_YEAST	33.9	1022	590	21	25565	28411	14	1022	1.47e-149	501
JALPMU010000021.1	sp|O14126|PRS6A_SCHPO	58.8	425	170	2	1778	510	17	438	4.04e-149	477
JALPMU010000021.1	sp|Q54PN7|PRS6A_DICDI	60.2	407	152	3	1730	510	25	421	1.93e-148	474
JALPMU010000021.1	sp|P33297|PRS6A_YEAST	58.5	414	165	1	1730	510	21	434	5.65e-148	473
JALPMU010000030.1	sp|Q8SR53|TCPH_ENCCU	45.5	505	259	6	76668	78164	13	507	1.84e-128	422
JALPMU010000030.1	sp|Q43704|MCM31_MAIZE	41.3	640	309	9	45800	47521	11	649	1.43e-127	429
JALPMU010000030.1	sp|B8AZ99|MCM3_ORYSI	41.1	640	310	9	45800	47521	11	649	1.51e-127	429
JALPMU010000030.1	sp|Q0DHC4|MCM3_ORYSJ	41.1	640	310	9	45800	47521	11	649	1.51e-127	429
JALPMU010000030.1	sp|Q7ZXZ0|MCM3Z_XENLA	41.8	625	290	12	45866	47527	39	660	2.25e-127	430
JALPMU010000030.1	sp|A4FUD9|MCM3_BOVIN	40.6	658	315	12	45776	47527	5	660	3.23e-127	429
JALPMU010000030.1	sp|Q28BS0|MCM3Z_XENTR	42.5	624	287	13	45866	47527	41	662	3.32e-127	429
JALPMU010000030.1	sp|Q9SX04|MCM32_MAIZE	41.1	640	310	9	45800	47521	11	649	3.57e-127	428
JALPMU010000030.1	sp|Q9SX03|MCM33_MAIZE	41.1	640	310	9	45800	47521	11	649	3.57e-127	428
JALPMU010000030.1	sp|Q5ZMN2|MCM3_CHICK	40.8	625	296	11	45866	47527	40	661	3.04e-126	427
JALPMU010000030.1	sp|P49739|MCM3M_XENLA	41.9	621	289	9	45887	47539	46	664	8.95e-126	425
JALPMU010000030.1	sp|P25206|MCM3_MOUSE	41.3	640	300	13	45776	47473	5	642	1.39e-125	425
JALPMU010000030.1	sp|Q9FL33|MCM3_ARATH	42.1	611	294	8	45866	47521	30	639	3.20e-125	422
JALPMU010000030.1	sp|P25205|MCM3_HUMAN	41.6	639	299	12	45776	47473	5	642	2.62e-124	421
JALPMU010000030.1	sp|Q5R8G6|MCM3_PONAB	41.5	639	300	12	45776	47473	5	642	6.52e-124	420
JALPMU010000030.1	sp|Q9XYU1|MCM3_DROME	40.0	620	305	10	45866	47527	36	654	1.14e-121	414
JALPMU010000030.1	sp|O77323|TCPH_PLAF7	42.5	532	285	6	76620	78167	1	527	1.18e-121	403
JALPMU010000030.1	sp|P54409|TCPH_TETPY	43.6	530	271	7	76644	78170	6	528	1.59e-121	404
JALPMU010000030.1	sp|P80313|TCPH_MOUSE	41.6	526	287	6	76638	78170	4	524	1.02e-119	398
JALPMU010000030.1	sp|O14018|SYSC_SCHPO	48.3	462	192	9	89312	87993	1	437	1.04e-119	394
JALPMU010000030.1	sp|Q5ZJK8|TCPH_CHICK	41.6	526	287	6	76638	78170	4	524	4.64e-119	396
JALPMU010000030.1	sp|Q99832|TCPH_HUMAN	41.3	526	289	6	76638	78170	4	524	2.90e-118	394
JALPMU010000030.1	sp|Q5R5C8|TCPH_PONAB	41.1	526	290	6	76638	78170	4	524	3.95e-118	393
JALPMU010000030.1	sp|Q2NKZ1|TCPH_BOVIN	41.1	526	290	6	76638	78170	4	524	1.35e-117	392
JALPMU010000030.1	sp|P42943|TCPH_YEAST	42.1	525	284	6	76629	78158	5	524	3.11e-117	391
JALPMU010000036.1	sp|Q8SSC4|RPB1_ENCCU	51.2	1485	620	20	109469	113767	8	1439	0.0	1363
JALPMU010000036.1	sp|P36594|RPB1_SCHPO	50.2	1467	659	24	109460	113695	11	1461	0.0	1314
JALPMU010000036.1	sp|Q75A34|RPB1_ASHGO	48.9	1461	676	26	109463	113686	10	1453	0.0	1264
JALPMU010000036.1	sp|P35084|RPB1_DICDI	48.5	1472	678	22	109466	113683	12	1469	0.0	1259
JALPMU010000036.1	sp|P04050|RPB1_YEAST	47.4	1479	711	25	109463	113746	10	1472	0.0	1234
JALPMU010000036.1	sp|P18616|NRPB1_ARATH	48.2	1471	683	22	109472	113683	14	1472	0.0	1226
JALPMU010000036.1	sp|P11414|RPB1_CRIGR	46.3	1481	713	23	109463	113689	14	1483	0.0	1188
JALPMU010000036.1	sp|P24928|RPB1_HUMAN	46.3	1481	713	23	109463	113689	14	1483	0.0	1188
JALPMU010000036.1	sp|P08775|RPB1_MOUSE	46.3	1481	713	23	109463	113689	14	1483	0.0	1188
JALPMU010000036.1	sp|P35074|RPB1_CAEBR	45.9	1482	717	26	109457	113689	9	1476	0.0	1177
JALPMU010000036.1	sp|P16356|RPB1_CAEEL	45.9	1481	717	26	109457	113689	9	1475	0.0	1172
JALPMU010000036.1	sp|P04052|RPB1_DROME	45.1	1478	731	27	109463	113689	10	1475	0.0	1157
JALPMU010000036.1	sp|A5DCV3|RPB1_PICGU	42.1	1538	622	24	109463	113833	11	1361	0.0	1070
JALPMU010000036.1	sp|Q7KN62|TERA_DROME	61.9	769	268	9	15787	18075	7	756	7.30e-292	905
JALPMU010000036.1	sp|P54812|TERA2_CAEEL	57.7	815	303	10	15775	18141	12	810	4.90e-287	892
JALPMU010000036.1	sp|Q7ZU99|TERA_DANRE	60.0	773	283	9	15775	18075	6	758	5.78e-287	891
JALPMU010000036.1	sp|P55072|TERA_HUMAN	60.8	766	274	9	15796	18075	13	758	5.78e-287	891
JALPMU010000036.1	sp|Q01853|TERA_MOUSE	60.8	766	274	9	15796	18075	13	758	5.78e-287	891
JALPMU010000036.1	sp|P46462|TERA_RAT	60.8	766	274	9	15796	18075	13	758	5.78e-287	891
JALPMU010000036.1	sp|Q6GL04|TERA_XENTR	60.7	766	275	9	15796	18075	13	758	1.41e-286	890
JALPMU010000036.1	sp|P54811|TERA1_CAEEL	59.8	777	283	11	15775	18075	12	769	2.21e-286	890
JALPMU010000036.1	sp|Q3ZBT1|TERA_BOVIN	60.7	766	275	9	15796	18075	13	758	2.70e-286	889
JALPMU010000036.1	sp|P03974|TERA_PIG	60.6	766	276	9	15796	18075	13	758	6.82e-286	888
JALPMU010000036.1	sp|P23787|TERA_XENLA	60.3	766	278	9	15796	18075	13	758	2.26e-285	887
JALPMU010000036.1	sp|P54609|CD48A_ARATH	59.9	765	283	8	15796	18075	17	762	7.74e-284	882
JALPMU010000023.1	sp|Q8SSI7|CHS1_ENCCU	42.7	804	377	14	20232	18028	8	796	2.10e-186	600
JALPMU010000023.1	sp|Q4P333|CHS7_USTMA	36.4	856	399	21	20172	18025	83	933	3.78e-132	457
JALPMU010000023.1	sp|Q01285|CHS4_NEUCR	50.7	481	215	6	19398	18022	690	1170	8.42e-131	452
JALPMU010000023.1	sp|O13356|CHS1_CRYNH	49.8	472	218	7	19398	18034	464	933	1.56e-130	451
JALPMU010000023.1	sp|P78611|CHSD_EMENI	48.2	517	234	9	19392	17929	672	1183	8.47e-128	442
JALPMU010000023.1	sp|O13353|CHS4_MAGO7	49.8	480	211	7	19398	18037	686	1161	9.54e-128	443
JALPMU010000023.1	sp|P29465|CHS3_YEAST	50.7	473	204	8	19407	18064	652	1120	5.03e-127	439
JALPMU010000023.1	sp|P30573|CHS3_CANAX	50.4	482	202	9	19392	18046	667	1144	2.47e-126	438
JALPMU010000023.1	sp|Q6IRL9|HDAC3_XENLA	53.6	362	161	1	23787	22723	5	366	7.14e-123	401
JALPMU010000023.1	sp|P56517|HDAC1_CHICK	53.2	355	157	3	23790	22747	10	362	4.05e-122	401
JALPMU010000023.1	sp|O13394|CHS5_USTMA	48.7	487	219	9	19398	18016	801	1282	5.53e-122	434
JALPMU010000023.1	sp|P56520|HDAC3_CHICK	53.3	362	162	1	23787	22723	5	366	6.18e-122	399
JALPMU010000023.1	sp|Q32PJ8|HDAC1_BOVIN	53.2	355	157	3	23790	22747	10	362	8.01e-122	400
JALPMU010000023.1	sp|Q13547|HDAC1_HUMAN	53.2	355	157	3	23790	22747	10	362	8.01e-122	400
JALPMU010000023.1	sp|O09106|HDAC1_MOUSE	53.2	355	157	3	23790	22747	10	362	8.01e-122	400
JALPMU010000023.1	sp|Q5RAG0|HDAC1_PONAB	53.2	355	157	3	23790	22747	10	362	8.01e-122	400
JALPMU010000023.1	sp|Q4QQW4|HDAC1_RAT	53.2	355	157	3	23790	22747	10	362	8.01e-122	400
JALPMU010000023.1	sp|Q28DV3|HDAC3_XENTR	53.0	362	163	1	23787	22723	5	366	1.14e-121	398
JALPMU010000023.1	sp|O15379|HDAC3_HUMAN	53.0	366	157	2	23787	22723	5	366	2.12e-121	397
JALPMU010000023.1	sp|Q5RB76|HDAC3_PONAB	53.0	366	157	2	23787	22723	5	366	2.12e-121	397
JALPMU010000023.1	sp|J9VXM5|CHS3_CRYNH	48.5	489	217	9	19398	18022	692	1175	2.26e-121	428
JALPMU010000023.1	sp|O88895|HDAC3_MOUSE	53.0	366	157	2	23787	22723	5	366	2.52e-121	397
JALPMU010000023.1	sp|Q6P6W3|HDAC3_RAT	53.0	366	157	2	23787	22723	5	366	2.89e-121	397
JALPMU010000023.1	sp|Q55BW2|HDA12_DICDI	53.4	365	160	5	23790	22726	14	378	1.10e-120	395
JALPMU010000023.1	sp|Q8H0W2|HDA9_ARATH	53.0	366	157	5	23790	22726	6	367	1.72e-120	394
JALPMU010000029.1	sp|P07742|RIR1_MOUSE	61.0	790	297	4	17868	20204	3	792	2.18e-313	966
JALPMU010000029.1	sp|P23921|RIR1_HUMAN	60.3	790	303	3	17868	20204	3	792	3.58e-310	957
JALPMU010000029.1	sp|Q5R919|RIR1_PONAB	60.1	790	304	3	17868	20204	3	792	3.11e-309	954
JALPMU010000029.1	sp|P79732|RIR1_DANRE	59.0	792	312	3	17868	20204	3	794	3.65e-301	931
JALPMU010000029.1	sp|P36602|RIR1_SCHPO	59.4	763	310	0	17862	20150	1	763	2.73e-299	926
JALPMU010000029.1	sp|Q03604|RIR1_CAEEL	58.3	780	320	3	17868	20198	9	786	4.94e-296	916
JALPMU010000029.1	sp|Q9UW15|RIR1_NEUCR	59.4	758	306	1	17868	20135	3	760	4.67e-293	914
JALPMU010000029.1	sp|Q76RD8|RIR1_VACCA	58.6	771	318	1	17862	20174	1	770	2.42e-291	902
JALPMU010000029.1	sp|P20503|RIR1_VACCC	58.6	771	318	1	17862	20174	1	770	2.42e-291	902
JALPMU010000029.1	sp|P12848|RIR1_VACCW	59.4	757	306	1	17862	20132	1	756	4.48e-291	901
JALPMU010000029.1	sp|P0DSV1|RIR1_VAR67	58.2	771	321	1	17862	20174	1	770	2.85e-290	899
JALPMU010000029.1	sp|P0DSV2|RIR1_VARV	58.2	771	321	1	17862	20174	1	770	2.85e-290	899
JALPMU010000029.1	sp|Q9SJ20|RIR1_ARATH	55.2	814	330	3	17868	20204	3	816	5.69e-290	900
JALPMU010000029.1	sp|P48591|RIR1_DROME	55.5	812	341	4	17829	20204	1	812	2.31e-289	898
JALPMU010000029.1	sp|P21524|RIR1_YEAST	56.7	758	321	2	17868	20123	3	759	7.41e-287	894
JALPMU010000029.1	sp|P21672|RIR3_YEAST	56.7	760	322	3	17868	20129	3	761	2.41e-286	892
JALPMU010000029.1	sp|P50648|RIR1_PLAF4	57.7	758	316	4	17868	20132	3	758	1.74e-280	872
JALPMU010000029.1	sp|Q54Q71|RIR1_DICDI	57.4	767	313	4	17859	20117	15	781	9.16e-278	867
JALPMU010000029.1	sp|O61065|RIR1_CRYPV	54.8	768	338	5	17868	20156	3	766	5.70e-274	853
JALPMU010000029.1	sp|O15909|RIR1_TRYBB	54.5	774	334	2	17865	20132	7	780	9.29e-271	845
JALPMU010000029.1	sp|P50647|RIR1_PLAFG	56.4	762	318	7	17868	20132	3	757	8.64e-266	830
JALPMU010000029.1	sp|Q8SR37|RIR1_ENCCU	52.9	739	339	2	17961	20177	36	765	4.19e-257	803
JALPMU010000029.1	sp|P87154|DPOE_SCHPO	41.0	1148	637	13	27196	30537	40	1181	1.68e-256	853
JALPMU010000029.1	sp|Q9WVF7|DPOE1_MOUSE	41.9	1137	595	18	27250	30504	48	1170	2.42e-255	852
JALPMU010000029.1	sp|Q07864|DPOE1_HUMAN	42.2	1137	591	18	27250	30504	48	1170	2.79e-254	848
JALPMU010000037.1	sp|Q9GSR5|TBB_ENCIN	79.2	432	90	0	66700	67995	1	432	1.20e-234	725
JALPMU010000037.1	sp|Q8SS99|TBB_ENCCU	79.2	432	90	0	66700	67995	1	432	3.04e-234	724
JALPMU010000037.1	sp|Q91240|TBB_PSEAM	78.1	439	96	0	66700	68016	1	439	1.31e-233	722
JALPMU010000037.1	sp|Q2T9S0|TBB3_BOVIN	79.7	433	88	0	66700	67998	1	433	4.00e-233	721
JALPMU010000037.1	sp|Q13509|TBB3_HUMAN	79.7	433	88	0	66700	67998	1	433	4.00e-233	721
JALPMU010000037.1	sp|Q60HC2|TBB3_MACFA	79.7	433	88	0	66700	67998	1	433	4.00e-233	721
JALPMU010000037.1	sp|Q9ERD7|TBB3_MOUSE	79.7	433	88	0	66700	67998	1	433	4.00e-233	721
JALPMU010000037.1	sp|Q4QRB4|TBB3_RAT	79.7	433	88	0	66700	67998	1	433	4.00e-233	721
JALPMU010000037.1	sp|Q24829|TBB_ENCHE	78.5	432	93	0	66700	67995	1	432	6.70e-233	720
JALPMU010000037.1	sp|Q9YHC3|TBB1_GADMO	79.0	433	91	0	66700	67998	1	433	8.39e-233	720
JALPMU010000037.1	sp|O44388|TBB_TRITR	77.9	435	96	0	66700	68004	1	435	1.10e-232	719
JALPMU010000037.1	sp|P41937|TBB4_CAEEL	78.3	433	94	0	66700	67998	1	433	1.50e-232	719
JALPMU010000037.1	sp|Q3MHM5|TBB4B_BOVIN	78.8	433	92	0	66700	67998	1	433	1.56e-232	719
JALPMU010000037.1	sp|P68371|TBB4B_HUMAN	78.8	433	92	0	66700	67998	1	433	1.56e-232	719
JALPMU010000037.1	sp|P68372|TBB4B_MOUSE	78.8	433	92	0	66700	67998	1	433	1.56e-232	719
JALPMU010000037.1	sp|P30883|TBB4_XENLA	78.8	433	92	0	66700	67998	1	433	1.56e-232	719
JALPMU010000037.1	sp|P09652|TBB4_CHICK	79.4	433	89	0	66700	67998	1	433	1.81e-232	719
JALPMU010000037.1	sp|Q2KJD0|TBB5_BOVIN	78.3	437	94	1	66700	68007	1	437	2.78e-232	718
JALPMU010000037.1	sp|P69893|TBB5_CRIGR	78.3	437	94	1	66700	68007	1	437	2.78e-232	718
JALPMU010000037.1	sp|P07437|TBB5_HUMAN	78.3	437	94	1	66700	68007	1	437	2.78e-232	718
JALPMU010000037.1	sp|P69895|TBB5_MACMU	78.3	437	94	1	66700	68007	1	437	2.78e-232	718
JALPMU010000037.1	sp|P99024|TBB5_MOUSE	78.3	437	94	1	66700	68007	1	437	2.78e-232	718
JALPMU010000037.1	sp|Q7JJU6|TBB5_PANTR	78.3	437	94	1	66700	68007	1	437	2.78e-232	718
JALPMU010000037.1	sp|Q767L7|TBB5_PIG	78.3	437	94	1	66700	68007	1	437	2.78e-232	718
JALPMU010000037.1	sp|Q5R943|TBB5_PONAB	78.3	437	94	1	66700	68007	1	437	2.78e-232	718
JALPMU010000026.1	sp|D4ABB8|ATP9B_RAT	41.5	1019	511	10	66470	69271	129	1147	2.84e-224	723
JALPMU010000026.1	sp|F1Q4S1|ATP9B_DANRE	41.6	1010	514	12	66470	69271	116	1125	4.97e-224	722
JALPMU010000026.1	sp|A1A4J6|ATP9B_BOVIN	41.8	1007	513	11	66470	69271	130	1136	6.93e-224	722
JALPMU010000026.1	sp|P98195|ATP9B_MOUSE	41.4	1019	512	10	66470	69271	128	1146	1.27e-223	721
JALPMU010000026.1	sp|O43861|ATP9B_HUMAN	40.8	1019	518	10	66470	69271	129	1147	1.74e-221	715
JALPMU010000026.1	sp|O70228|ATP9A_MOUSE	41.3	996	523	11	66470	69271	52	1047	2.04e-220	708
JALPMU010000026.1	sp|O75110|ATP9A_HUMAN	40.9	996	527	11	66470	69271	52	1047	5.11e-220	707
JALPMU010000026.1	sp|P40527|ATC7_YEAST	41.4	990	513	20	66470	69271	169	1147	7.33e-216	699
JALPMU010000026.1	sp|Q10309|YD56_SCHPO	40.9	969	513	17	66470	69268	88	1032	4.23e-210	678
JALPMU010000026.1	sp|O96771|SYW_ENCCU	51.1	380	177	3	24860	23745	6	384	4.03e-121	395
JALPMU010000026.1	sp|O60037|6PGD_CUNEL	42.4	465	254	8	38589	39941	7	471	3.58e-108	362
JALPMU010000026.1	sp|Q12109|SYWC_YEAST	46.7	381	190	6	24863	23760	26	406	1.21e-106	355
JALPMU010000026.1	sp|P32921|SYWC_MOUSE	45.9	388	199	4	24887	23754	80	466	4.32e-106	355
JALPMU010000026.1	sp|Q6P7B0|SYWC_RAT	45.9	386	198	4	24887	23760	80	464	7.99e-106	355
JALPMU010000026.1	sp|Q9CHU6|6PGD_LACLA	41.5	468	253	9	38589	39941	5	468	1.11e-105	354
JALPMU010000026.1	sp|Q5HP42|6PGD_STAEQ	42.7	466	252	7	38583	39941	2	465	3.34e-105	352
JALPMU010000026.1	sp|Q8CP47|6PGD_STAES	42.7	466	252	7	38583	39941	2	465	3.34e-105	352
JALPMU010000026.1	sp|P23381|SYWC_HUMAN	44.6	388	204	4	24887	23754	76	462	9.25e-105	351
JALPMU010000026.1	sp|Q5R4J1|SYWC_PONAB	44.6	388	204	4	24887	23754	77	463	9.55e-105	351
JALPMU010000026.1	sp|P96789|6PGD_LACLM	41.2	468	254	9	38589	39941	5	468	1.77e-104	350
JALPMU010000026.1	sp|P17248|SYWC_BOVIN	44.6	388	204	4	24887	23754	81	467	6.86e-104	349
JALPMU010000026.1	sp|Q5HFR2|6PGD_STAAC	41.8	466	256	7	38583	39941	2	465	1.34e-103	348
JALPMU010000026.1	sp|P63334|6PGD_STAAN	41.8	466	256	7	38583	39941	2	465	1.34e-103	348
JALPMU010000026.1	sp|Q6GGI7|6PGD_STAAR	41.8	466	256	7	38583	39941	2	465	1.34e-103	348
JALPMU010000026.1	sp|Q6G954|6PGD_STAAS	41.8	466	256	7	38583	39941	2	465	1.34e-103	348
JALPMU010000028.1	sp|O94666|RPC1_SCHPO	40.7	1394	670	34	12730	8948	6	1376	1.35e-285	911
JALPMU010000028.1	sp|Q6BI69|RPC1_DEBHA	40.5	1433	664	35	12718	8948	10	1429	3.30e-279	895
JALPMU010000028.1	sp|O14802|RPC1_HUMAN	41.6	1370	674	35	12721	8942	11	1364	5.73e-276	883
JALPMU010000028.1	sp|Q5ZL98|RPC1_CHICK	41.8	1369	673	35	12721	8942	11	1364	7.78e-276	882
JALPMU010000028.1	sp|Q86AQ5|RPC1_DICDI	39.5	1434	690	33	12736	8948	5	1432	1.02e-275	884
JALPMU010000028.1	sp|A4IF62|RPC1_BOVIN	41.6	1377	674	36	12721	8933	11	1371	2.64e-275	881
JALPMU010000028.1	sp|P04051|RPC1_YEAST	40.0	1437	680	37	12718	8927	10	1437	1.57e-274	881
JALPMU010000028.1	sp|F4JXF9|NRPC1_ARATH	37.4	1367	717	34	12718	8948	20	1357	2.06e-234	761
JALPMU010000028.1	sp|P08968|RPC1_TRYBB	32.7	1503	760	33	12754	8927	12	1490	1.66e-210	697
JALPMU010000028.1	sp|P35084|RPB1_DICDI	33.0	1492	739	37	12742	8948	4	1461	3.13e-188	637
JALPMU010000028.1	sp|Q8SSC4|RPB1_ENCCU	32.8	1456	742	37	12736	8939	1	1409	2.86e-182	615
JALPMU010000028.1	sp|P31813|RPOA1_THECE	38.2	913	483	17	12721	10148	4	890	1.16e-168	553
JALPMU010000028.1	sp|P36594|RPB1_SCHPO	33.7	1180	609	21	12715	9581	14	1155	5.51e-165	568
JALPMU010000028.1	sp|Q980R2|RPOA1_SACS2	37.9	905	473	17	12715	10148	4	868	2.08e-163	537
JALPMU010000028.1	sp|P16356|RPB1_CAEEL	33.8	1187	610	26	12709	9581	15	1169	1.40e-162	563
JALPMU010000028.1	sp|P41556|RPOA1_METVS	36.8	902	485	13	12721	10163	6	871	1.70e-162	535
JALPMU010000028.1	sp|Q75A34|RPB1_ASHGO	34.0	1172	615	27	12715	9581	12	1152	5.73e-162	558
JALPMU010000028.1	sp|P27625|RPC1_PLAFA	36.1	1031	470	18	12748	10154	22	1029	1.00e-161	568
JALPMU010000028.1	sp|P35074|RPB1_CAEBR	33.5	1179	628	26	12715	9581	13	1169	1.86e-161	559
JALPMU010000028.1	sp|P04050|RPB1_YEAST	32.6	1178	624	22	12715	9581	12	1152	4.06e-159	550
JALPMU010000028.1	sp|O27125|RPOA1_METTH	37.4	901	474	18	12721	10148	4	857	5.05e-159	524
JALPMU010000028.1	sp|P11414|RPB1_CRIGR	33.1	1190	621	24	12715	9581	16	1175	1.93e-158	552
JALPMU010000028.1	sp|P24928|RPB1_HUMAN	33.1	1190	621	24	12715	9581	16	1175	1.93e-158	552
JALPMU010000028.1	sp|P08775|RPB1_MOUSE	33.1	1190	621	24	12715	9581	16	1175	1.93e-158	552
JALPMU010000028.1	sp|A5DCV3|RPB1_PICGU	30.6	1454	628	30	12715	8939	13	1280	2.89e-158	543
JALPMU010000017.1	sp|Q9URM2|TKT_SCHPO	41.2	663	360	13	16873	14963	14	672	1.54e-134	444
JALPMU010000017.1	sp|Q12630|TKT1_KLULA	40.4	656	360	14	16873	14981	12	661	1.49e-133	441
JALPMU010000017.1	sp|P33315|TKT2_YEAST	41.1	657	362	15	16873	14972	12	666	8.49e-132	436
JALPMU010000017.1	sp|P23254|TKT1_YEAST	41.1	657	355	16	16873	14981	12	662	1.12e-131	436
JALPMU010000017.1	sp|P34736|TKT_PICST	39.7	652	367	12	16873	14987	9	657	1.86e-129	429
JALPMU010000017.1	sp|O67642|TKT_AQUAE	39.2	658	361	15	16876	14987	37	683	9.94e-122	407
JALPMU010000017.1	sp|O94039|TKT1_CANAX	37.7	655	380	12	16873	14981	9	659	6.88e-120	401
JALPMU010000017.1	sp|Q9KAD7|TKT_BACHD	38.0	658	379	14	16873	14975	10	663	1.56e-111	377
JALPMU010000017.1	sp|P45694|TKT_BACSU	38.0	666	373	15	16873	14972	9	666	2.50e-110	373
JALPMU010000017.1	sp|Q8RWV0|TKTC1_ARATH	37.3	660	382	16	16873	14978	85	740	8.71e-109	371
JALPMU010000017.1	sp|F4IW47|TKTC2_ARATH	37.8	669	368	17	16873	14975	85	741	1.18e-108	371
JALPMU010000017.1	sp|Q5XAK5|TKT_STRP6	37.9	643	372	14	16873	15014	79	717	1.58e-108	370
JALPMU010000017.1	sp|Q8YRU9|TKT_NOSS1	39.2	668	360	20	16873	14975	13	669	1.95e-108	368
JALPMU010000017.1	sp|Q8NZX4|TKT_STRP8	37.9	643	372	14	16873	15014	79	717	3.92e-108	369
JALPMU010000017.1	sp|Q7SIC9|TKTC_MAIZE	37.5	664	375	17	16873	14978	20	675	1.03e-107	366
JALPMU010000017.1	sp|Q42675|TKTA_CRAPL	37.0	671	378	16	16888	14981	17	677	2.12e-107	365
JALPMU010000017.1	sp|Q43848|TKTC_SOLTU	37.3	670	388	16	16906	14981	74	739	8.32e-107	365
JALPMU010000017.1	sp|O20250|TKTC_SPIOL	37.1	663	385	16	16888	14984	80	738	2.35e-105	361
JALPMU010000017.1	sp|A0A0I9QGZ2|TKT_GEOSE	36.2	660	391	14	16873	14975	10	666	6.94e-105	357
JALPMU010000017.1	sp|Q6GH64|TKT_STAAR	36.5	660	378	16	16873	14987	10	659	6.74e-104	354
JALPMU010000017.1	sp|Q87GY4|TKT2_VIBPA	36.6	667	372	17	16864	14975	10	662	3.18e-103	352
JALPMU010000017.1	sp|Q42677|TKT7_CRAPL	36.1	664	394	15	16888	14981	13	674	6.16e-103	352
JALPMU010000017.1	sp|P58333|TKT_RHIME	36.5	655	391	14	16870	14966	20	669	7.38e-103	352
JALPMU010000017.1	sp|A6YB01|TKT_PHYPO	38.0	656	373	17	16867	14978	14	661	1.02e-102	351
JALPMU010000017.1	sp|Q5HG77|TKT_STAAC	36.4	660	379	16	16873	14987	10	659	1.42e-102	350
JALPMU010000025.1	sp|Q00266|METK1_HUMAN	57.3	382	154	6	22650	21517	18	394	2.97e-135	436
JALPMU010000025.1	sp|P18298|METK2_RAT	58.3	381	150	6	22650	21520	18	393	5.51e-135	435
JALPMU010000025.1	sp|Q3THS6|METK2_MOUSE	58.3	381	150	6	22650	21520	18	393	1.02e-134	434
JALPMU010000025.1	sp|Q2KJC6|METK1_BOVIN	57.6	382	153	6	22650	21517	19	395	1.06e-134	434
JALPMU010000025.1	sp|P31153|METK2_HUMAN	58.0	381	151	6	22650	21520	18	393	1.90e-134	433
JALPMU010000025.1	sp|Q4R924|METK2_MACFA	58.0	381	151	6	22650	21520	18	393	1.90e-134	433
JALPMU010000025.1	sp|Q5R5H1|METK2_PONAB	58.0	381	151	6	22650	21520	18	393	1.90e-134	433
JALPMU010000025.1	sp|Q91X83|METK1_MOUSE	57.9	382	152	6	22650	21517	19	395	1.96e-134	433
JALPMU010000025.1	sp|P13444|METK1_RAT	58.5	383	149	7	22650	21517	19	396	3.77e-134	432
JALPMU010000025.1	sp|P50305|METK3_CAEEL	54.1	407	175	7	22662	21463	2	403	1.74e-129	419
JALPMU010000025.1	sp|O60198|METK_SCHPO	55.9	381	159	6	22650	21520	5	380	7.02e-129	417
JALPMU010000025.1	sp|P50306|METK4_CAEEL	55.8	382	160	6	22653	21520	5	381	8.13e-129	417
JALPMU010000025.1	sp|Q27522|METK5_CAEEL	56.4	385	159	6	22662	21520	2	381	8.13e-129	417
JALPMU010000025.1	sp|P40320|METK_DROME	54.1	386	168	5	22665	21520	24	404	9.56e-127	412
JALPMU010000025.1	sp|P10659|METK1_YEAST	54.3	381	165	5	22650	21520	5	380	6.26e-126	408
JALPMU010000025.1	sp|P19358|METK2_YEAST	53.6	384	169	5	22659	21520	4	382	4.28e-125	406
JALPMU010000025.1	sp|Q54F07|METK_DICDI	56.9	383	155	6	22650	21520	4	382	1.08e-124	405
JALPMU010000025.1	sp|P50304|METK_ASCIM	53.3	394	172	8	22674	21514	5	393	1.51e-122	399
JALPMU010000025.1	sp|P48466|METK_NEUCR	54.5	382	164	7	22650	21520	17	393	1.62e-122	399
JALPMU010000025.1	sp|O43938|METK_LEIIN	54.0	387	166	5	22647	21517	7	391	1.99e-122	399
JALPMU010000025.1	sp|O17680|METK1_CAEEL	52.6	399	176	7	22653	21481	4	397	7.31e-122	397
JALPMU010000025.1	sp|Q95032|METK_ACACA	51.9	389	174	8	22662	21520	3	386	1.57e-117	384
JALPMU010000025.1	sp|A8HYU5|METK_CHLRE	54.5	387	162	8	22650	21520	7	389	2.30e-117	384
JALPMU010000025.1	sp|Q7XZR1|METK1_ATRNU	54.8	387	160	9	22650	21520	8	389	4.52e-116	380
JALPMU010000025.1	sp|Q6F3F0|METK3_ATRNU	54.4	386	163	8	22650	21520	8	389	6.16e-116	380
JALPMU010000018.1	sp|Q8L840|RQL4A_ARATH	47.1	467	217	7	24373	23021	442	894	9.38e-117	408
JALPMU010000018.1	sp|Q09811|HUS2_SCHPO	43.7	520	254	8	24367	22883	510	1015	1.89e-116	410
JALPMU010000018.1	sp|Q9FT70|RQL4B_ARATH	47.2	453	210	5	24373	23060	458	896	8.19e-113	395
JALPMU010000018.1	sp|Q9VGI8|BLM_DROME	49.5	438	200	7	24352	23060	733	1156	1.19e-110	395
JALPMU010000018.1	sp|Q9FT74|RQL1_ARATH	44.6	424	200	5	24355	23126	201	603	1.75e-105	357
JALPMU010000018.1	sp|P35187|SGS1_YEAST	44.7	447	223	6	24364	23048	670	1100	2.38e-105	379
JALPMU010000018.1	sp|Q9DEY9|BLM_XENLA	45.6	441	217	6	24352	23057	615	1041	2.63e-105	377
JALPMU010000018.1	sp|P54132|BLM_HUMAN	46.3	441	214	8	24352	23057	663	1089	6.98e-105	377
JALPMU010000018.1	sp|O88700|BLM_MOUSE	46.0	441	215	8	24352	23057	671	1097	2.19e-104	375
JALPMU010000018.1	sp|Q6AYJ1|RECQ1_RAT	40.7	447	240	5	24364	23036	83	508	3.58e-103	351
JALPMU010000018.1	sp|Q9I920|BLM_CHICK	46.7	443	209	8	24352	23057	434	860	4.67e-103	367
JALPMU010000018.1	sp|O18017|BLM_CAEEL	43.9	449	228	6	24364	23048	239	673	1.46e-102	360
JALPMU010000018.1	sp|Q9FT73|RECQ2_ARATH	43.2	449	229	6	24382	23048	75	501	1.21e-101	349
JALPMU010000018.1	sp|P46063|RECQ1_HUMAN	40.9	447	239	5	24364	23036	83	508	1.22e-101	347
JALPMU010000018.1	sp|Q5RF63|RECQ1_PONAB	40.7	447	240	5	24364	23036	83	508	7.62e-101	345
JALPMU010000018.1	sp|Q9Z129|RECQ1_MOUSE	40.5	447	241	5	24364	23036	83	508	3.40e-100	343
JALPMU010000018.1	sp|Q8SQN2|DHYS_ENCCU	49.6	337	149	5	11135	12142	7	323	1.62e-98	326
JALPMU010000018.1	sp|Q9FT72|RQL3_ARATH	42.9	427	221	9	24352	23084	32	439	1.36e-92	323
JALPMU010000018.1	sp|Q9XXJ0|DHYS_CAEEL	45.2	347	145	5	11198	12148	34	365	2.81e-89	301
JALPMU010000018.1	sp|A8WK63|RECQ1_CAEBR	40.0	447	240	7	24376	23057	74	499	1.64e-88	308
JALPMU010000018.1	sp|Q6FRN2|DHYS_CANGA	46.5	331	142	4	11252	12151	53	379	2.80e-88	299
JALPMU010000018.1	sp|P38791|DHYS_YEAST	52.3	285	124	3	11321	12151	99	379	4.05e-88	298
JALPMU010000018.1	sp|Q3TXU5|DHYS_MOUSE	44.9	343	149	6	11198	12151	31	358	4.21e-88	298
JALPMU010000018.1	sp|Q54MQ7|DHYS_DICDI	45.6	340	148	5	11198	12151	34	358	5.28e-88	298
JALPMU010000018.1	sp|Q9TXJ8|RECQ1_CAEEL	38.7	450	245	6	24376	23057	97	525	5.76e-88	307
JALPMU010000035.1	sp|Q8SRI6|TBA_ENCCU	74.7	434	109	1	90068	88767	1	433	1.25e-220	684
JALPMU010000035.1	sp|P91910|TBA3_CAEEL	70.2	440	128	2	90068	88758	1	440	2.10e-208	649
JALPMU010000035.1	sp|P50719|TBA_HAECO	70.2	440	128	2	90068	88758	1	440	2.86e-208	649
JALPMU010000035.1	sp|P34690|TBA2_CAEEL	69.5	436	132	1	90068	88764	1	436	1.25e-207	647
JALPMU010000035.1	sp|P36220|TBA_TORMA	69.5	440	131	2	90068	88758	1	440	3.52e-207	646
JALPMU010000035.1	sp|Q52PV9|TBA_TYRPU	70.3	435	126	2	90068	88773	1	435	6.30e-207	645
JALPMU010000035.1	sp|P06603|TBA1_DROME	69.6	438	130	2	90068	88764	1	438	8.58e-207	645
JALPMU010000035.1	sp|Q8WQ47|TBA_LEPDS	70.1	435	127	2	90068	88773	1	435	8.58e-207	645
JALPMU010000035.1	sp|P81947|TBA1B_BOVIN	69.3	440	132	2	90068	88758	1	440	8.90e-207	645
JALPMU010000035.1	sp|P68361|TBA1B_CRIGR	69.3	440	132	2	90068	88758	1	440	8.90e-207	645
JALPMU010000035.1	sp|P68363|TBA1B_HUMAN	69.3	440	132	2	90068	88758	1	440	8.90e-207	645
JALPMU010000035.1	sp|Q4R538|TBA1B_MACFA	69.3	440	132	2	90068	88758	1	440	8.90e-207	645
JALPMU010000035.1	sp|P68360|TBA1B_MERUN	69.3	440	132	2	90068	88758	1	440	8.90e-207	645
JALPMU010000035.1	sp|P05213|TBA1B_MOUSE	69.3	440	132	2	90068	88758	1	440	8.90e-207	645
JALPMU010000035.1	sp|Q2XVP4|TBA1B_PIG	69.3	440	132	2	90068	88758	1	440	8.90e-207	645
JALPMU010000035.1	sp|Q6P9V9|TBA1B_RAT	69.3	440	132	2	90068	88758	1	440	8.90e-207	645
JALPMU010000035.1	sp|Q28IX8|TBA_XENTR	69.7	435	129	2	90068	88773	1	435	1.13e-206	644
JALPMU010000035.1	sp|Q8T6A5|TBA1_APLCA	69.3	440	132	2	90068	88758	1	440	1.21e-206	644
JALPMU010000035.1	sp|P81948|TBA4A_BOVIN	69.9	435	128	2	90068	88773	1	435	2.01e-206	644
JALPMU010000035.1	sp|P68366|TBA4A_HUMAN	69.9	435	128	2	90068	88773	1	435	2.01e-206	644
JALPMU010000035.1	sp|P68367|TBA4A_MACFA	69.9	435	128	2	90068	88773	1	435	2.01e-206	644
JALPMU010000035.1	sp|P68368|TBA4A_MOUSE	69.9	435	128	2	90068	88773	1	435	2.01e-206	644
JALPMU010000035.1	sp|Q5XIF6|TBA4A_RAT	69.9	435	128	2	90068	88773	1	435	2.01e-206	644
JALPMU010000035.1	sp|P08537|TBA_XENLA	69.4	438	131	2	90068	88764	1	438	2.09e-206	644
JALPMU010000035.1	sp|P0DPH7|TBA3C_HUMAN	69.1	440	133	2	90068	88758	1	440	2.17e-206	644
