DF938599.1	sp|B2ASU5|KATG_PODAN	72.0	756	210	2	10022	12289	1	754	0.0	1158
DF938599.1	sp|Q2H7U1|KATG_CHAGB	71.7	753	206	3	10022	12280	1	746	0.0	1144
DF938599.1	sp|A4R5S9|KATG1_MAGO7	71.8	759	201	5	10022	12298	1	746	0.0	1137
DF938599.1	sp|Q0U324|KATG_PHANO	71.0	751	212	2	10016	12262	1	747	0.0	1134
DF938599.1	sp|B2WH84|KATG_PYRTR	69.7	766	221	4	10016	12298	1	760	0.0	1114
DF938599.1	sp|Q8X182|KATG_NEUCR	70.2	752	219	2	10022	12277	1	747	0.0	1109
DF938599.1	sp|A2Q7T1|KATG_ASPNC	69.3	752	223	3	10025	12262	4	753	0.0	1103
DF938599.1	sp|Q2TW34|KATG_ASPOR	68.5	749	229	2	10028	12259	4	750	0.0	1090
DF938599.1	sp|Q8NJN2|KATG_TALMA	67.8	751	221	3	10025	12262	4	738	0.0	1070
DF938599.1	sp|A1C8R3|KATG_ASPCL	67.4	751	237	3	10025	12262	4	751	0.0	1068
DF938599.1	sp|A1DAL6|KATG_NEOFI	67.9	756	230	5	10016	12262	1	750	0.0	1068
DF938599.1	sp|B0YAK0|KATG_ASPFC	67.3	756	234	5	10016	12262	1	750	0.0	1067
DF938599.1	sp|Q7Z7W6|KATG_ASPFU	67.3	756	234	5	10016	12262	1	750	0.0	1067
DF938599.1	sp|Q8X1N3|KATG_BLUGH	67.4	745	223	3	10025	12259	4	728	0.0	1055
DF938599.1	sp|Q0CD12|KATG_ASPTN	67.4	755	212	4	10025	12268	4	731	0.0	1054
DF938599.1	sp|Q4P914|KATG_USTMA	65.8	752	240	5	10022	12262	1	740	0.0	1036
DF938599.1	sp|Q96VT4|KATG_EMENI	65.9	751	224	3	10025	12262	4	727	0.0	1018
DF938599.1	sp|A5FD11|KATG_FLAJ1	64.8	752	256	5	10022	12259	8	756	0.0	1009
DF938599.1	sp|Q13US7|KATG_PARXL	63.8	754	258	4	10025	12259	5	752	0.0	988
DF938599.1	sp|B2T4H0|KATG_PARPJ	63.8	754	258	4	10025	12259	5	752	0.0	985
DF938599.1	sp|Q8PMX4|KATG_XANAC	62.5	751	268	4	10025	12259	5	747	2.69e-318	977
DF938599.1	sp|Q3BVY2|KATG_XANC5	62.3	751	269	4	10025	12259	5	747	2.69e-318	977
DF938599.1	sp|Q4ZNN4|KATG_PSEU2	62.7	758	263	6	10025	12259	5	755	5.32e-318	976
DF938599.1	sp|Q0K815|KATG_CUPNH	62.9	752	266	4	10025	12259	5	750	5.36e-318	976
DF938599.1	sp|Q0BI48|KATG1_BURCM	62.9	754	240	6	10025	12259	5	727	9.66e-316	969
DF938598.1	sp|P47032|PRY1_YEAST	31.4	156	84	5	4364	4828	162	295	8.40e-13	78.2
DF938598.1	sp|Q5AB48|RBT4_CANAL	31.4	153	82	5	4358	4810	209	340	9.74e-13	79.0
DF938598.1	sp|P36110|PRY2_YEAST	31.4	156	84	6	4364	4828	192	325	5.42e-12	76.3
DF938598.1	sp|Q59ZX3|RBE1_CANAL	31.6	152	79	6	4364	4810	123	252	4.76e-11	72.4
DF938598.1	sp|Q5AB49|Y6200_CANAL	31.5	149	77	6	4364	4810	182	305	1.61e-09	68.6
DF938598.1	sp|P35793|PR13_HORVU	31.5	149	77	6	4379	4810	32	160	2.67e-09	64.7
DF938598.1	sp|P35792|PR12_HORVU	31.3	150	76	7	4379	4810	32	160	3.63e-09	64.3
DF938598.1	sp|Q05968|PR1_HORVU	30.9	149	78	6	4379	4810	32	160	6.70e-09	63.5
DF938598.1	sp|P35794|SC7_SCHCO	29.7	155	71	7	4379	4804	62	191	4.24e-07	59.3
DF938598.1	sp|Q9CYL5|GAPR1_MOUSE	27.4	164	93	6	4364	4837	9	152	1.83e-06	56.2
DF938598.1	sp|Q9H4G4|GAPR1_HUMAN	27.3	161	91	6	4364	4828	9	149	6.24e-06	54.7
DF938598.1	sp|Q40374|PR1_MEDTR	29.9	144	77	5	4391	4810	46	169	9.14e-06	54.7
DF938598.1	sp|Q59PV6|PRY1_CANAL	28.0	164	76	9	4364	4828	278	408	1.41e-05	57.0
DF938598.1	sp|Q00008|PRMS_MAIZE	29.6	159	81	8	4364	4810	26	163	6.87e-05	52.0
DF938597.1	sp|Q10250|YD22_SCHPO	50.7	1411	635	6	299734	295502	136	1486	0.0	1390
DF938597.1	sp|P31540|HSP98_NEUCR	76.7	920	207	4	203834	201081	1	915	0.0	1335
DF938597.1	sp|Q7RYR4|RSE1_NEUCR	49.1	1233	593	14	174910	171245	1	1209	0.0	1192
DF938597.1	sp|Q4WLI5|RSE1_ASPFU	48.4	1221	601	11	174910	171272	1	1200	0.0	1177
DF938597.1	sp|Q5B1X8|RSE1_EMENI	48.1	1230	609	11	174910	171245	1	1209	0.0	1172
DF938597.1	sp|Q52E49|RSE1_MAGO7	47.9	1235	611	14	174910	171245	1	1216	0.0	1169
DF938597.1	sp|Q1DKE7|DNLI4_COCIM	65.0	838	287	5	235795	233300	14	851	0.0	1125
DF938597.1	sp|O94641|HS104_SCHPO	64.3	915	307	7	203816	201084	6	904	0.0	1116
DF938597.1	sp|Q5BH83|DNLI4_EMENI	64.6	837	290	4	235795	233303	18	854	0.0	1112
DF938597.1	sp|Q4WVG8|DNLI4_ASPFU	62.0	859	306	7	235795	233240	23	868	0.0	1081
DF938597.1	sp|Q2U6A1|DNLI4_ASPOR	63.6	837	297	5	235795	233303	23	857	0.0	1079
DF938597.1	sp|Q0UCI9|DNLI4_PHANO	58.3	835	333	11	235798	233336	24	857	7.34e-299	934
DF938597.1	sp|Q6LA55|YF49_SCHPO	29.1	2521	1438	62	217593	224921	308	2556	6.26e-290	967
DF938597.1	sp|Q7SB49|DNLI4_NEUCR	55.4	878	352	16	235798	233267	30	901	2.38e-288	906
DF938597.1	sp|Q4PGM6|RSE1_USTMA	39.5	1252	682	20	174901	171260	1	1215	1.35e-268	856
DF938597.1	sp|P31539|HS104_YEAST	50.5	932	414	10	203834	201102	1	906	1.81e-267	840
DF938597.1	sp|Q9UTT2|RSE1_SCHPO	38.8	1243	698	19	174910	171254	1	1204	5.09e-260	831
DF938597.1	sp|P42730|CLPB1_ARATH	51.3	878	389	10	203816	201195	6	848	2.10e-259	817
DF938597.1	sp|Q921M3|SF3B3_MOUSE	37.4	1247	720	17	174892	171245	1	1217	1.29e-255	818
DF938597.1	sp|Q6F2Y7|CLPB1_ORYSJ	50.7	880	392	10	203816	201195	6	849	2.22e-255	805
DF938597.1	sp|A0JN52|SF3B3_BOVIN	37.4	1250	715	18	174892	171245	1	1217	2.38e-255	818
DF938597.1	sp|Q15393|SF3B3_HUMAN	37.4	1250	715	18	174892	171245	1	1217	2.38e-255	818
DF938597.1	sp|Q5RBI5|SF3B3_PONAB	37.4	1250	716	18	174892	171245	1	1217	1.10e-254	816
DF938597.1	sp|Q1LVE8|SF3B3_DANRE	36.7	1247	728	18	174892	171245	1	1217	1.25e-251	807
DF938597.1	sp|P0DKL4|S130A_ARATH	37.0	1247	719	17	174892	171251	1	1213	2.04e-247	795
DF938596.1	sp|P78615|FAS2_EMEND	78.2	1849	369	8	237668	232146	1	1823	0.0	2843
DF938596.1	sp|P15368|FAS2_PENPA	78.3	1851	369	6	237668	232134	1	1824	0.0	2833
DF938596.1	sp|P34229|FAS1_YARLI	59.5	2106	806	21	239968	246225	5	2084	0.0	2464
DF938596.1	sp|P34731|FAS1_CANAX	57.5	2086	820	19	240004	246222	5	2037	0.0	2352
DF938596.1	sp|Q10289|FAS2_SCHPO	63.6	1851	626	13	237668	232134	1	1809	0.0	2291
DF938596.1	sp|P07149|FAS1_YEAST	55.4	2089	870	24	240004	246222	7	2049	0.0	2282
DF938596.1	sp|P43098|FAS2_CANAX	63.3	1879	629	12	237668	232134	1	1852	0.0	2269
DF938596.1	sp|G8BAW7|FAS2_CANPC	62.4	1886	625	19	237668	232146	1	1847	0.0	2267
DF938596.1	sp|Q765N2|FAS2_LACKL	62.3	1879	649	14	237668	232134	3	1855	0.0	2226
DF938596.1	sp|P19097|FAS2_YEAST	61.1	1885	662	16	237668	232134	1	1853	0.0	2193
DF938596.1	sp|Q92215|TOXC_COCCA	52.2	2079	958	9	240016	246234	16	2065	0.0	2162
DF938596.1	sp|Q9UUG0|FAS1_SCHPO	52.5	2104	926	22	240004	246225	12	2072	0.0	2139
DF938596.1	sp|O60072|MUG81_SCHPO	52.4	1879	846	15	281588	287155	71	1923	0.0	1907
DF938596.1	sp|P53327|SLH1_YEAST	52.6	1819	786	22	281705	287026	132	1919	0.0	1855
DF938596.1	sp|Q5AV07|ATNM_EMENI	43.7	2075	1091	33	240073	246213	78	2102	0.0	1650
DF938596.1	sp|E1BNG3|ASCC3_BOVIN	47.1	1969	877	31	281651	287179	245	2174	0.0	1629
DF938596.1	sp|Q8N3C0|ASCC3_HUMAN	49.5	1811	814	24	281936	287179	402	2174	0.0	1625
DF938596.1	sp|E9PZJ8|ASCC3_MOUSE	49.5	1812	812	25	281936	287179	403	2175	0.0	1624
DF938596.1	sp|F1NTD6|ASCC3_CHICK	49.8	1813	806	25	281936	287179	411	2183	0.0	1623
DF938596.1	sp|F1LPQ2|ASCC3_RAT	48.5	1813	827	24	281936	287179	403	2174	0.0	1597
DF938596.1	sp|Q9FNQ1|DEXHE_ARATH	45.8	1926	919	31	281567	287167	285	2145	0.0	1562
DF938596.1	sp|Q5AV00|ATNF_EMENI	49.0	1738	745	20	237653	232530	10	1636	0.0	1505
DF938596.1	sp|E7F8F4|ASCC3_DANRE	50.6	1571	654	17	281999	286693	22	1476	0.0	1494
DF938596.1	sp|Q2TXF0|ORYA_ASPOR	45.2	1858	873	23	237662	232146	7	1738	0.0	1493
DF938596.1	sp|Q2TXG3|ORYB_ASPOR	40.1	2092	1153	30	239974	246198	14	2022	0.0	1489
DF938595.1	sp|Q9US47|SSDH1_SCHPO	53.3	535	226	4	49298	47709	32	547	1.24e-170	546
DF938595.1	sp|P38067|UGA2_YEAST	50.9	505	230	2	49223	47709	7	493	5.97e-163	522
DF938595.1	sp|Q9I6M5|DAVD_PSEAE	50.5	501	228	3	49211	47709	3	483	8.56e-156	501
DF938595.1	sp|Q88RC0|DAVD_PSEPK	50.4	498	225	3	49211	47718	3	478	2.71e-153	493
DF938595.1	sp|P25526|GABD_ECOLI	48.7	499	236	3	49211	47715	3	481	1.39e-150	486
DF938595.1	sp|P0DOV9|SLAD_PSEPU	48.8	502	237	3	49211	47706	4	485	1.38e-149	483
DF938595.1	sp|Q3MSM3|SSDH_HYLLA	50.0	498	227	5	49196	47709	58	535	3.97e-149	484
DF938595.1	sp|P51649|SSDH_HUMAN	49.6	498	229	5	49196	47709	58	535	3.43e-148	481
DF938595.1	sp|Q6A2H1|SSDH_GORGO	49.6	498	229	5	49196	47709	58	535	4.66e-148	481
DF938595.1	sp|Q3MSM4|SSDH_PANPA	49.6	498	229	5	49196	47709	58	535	4.66e-148	481
DF938595.1	sp|Q6A2H0|SSDH_PANTR	49.6	498	229	5	49196	47709	58	535	1.60e-147	479
DF938595.1	sp|Q6A2H2|SSDH_PONPY	49.6	498	229	5	49196	47709	58	535	1.60e-147	479
DF938595.1	sp|P51650|SSDH_RAT	49.0	498	232	5	49196	47709	46	523	3.66e-147	478
DF938595.1	sp|P78581|TAN_ASPOR	63.3	373	120	4	395884	396957	218	588	6.86e-147	479
DF938595.1	sp|Q8BWF0|SSDH_MOUSE	48.6	498	234	5	49196	47709	46	523	2.01e-145	473
DF938595.1	sp|B9F3B6|SSDH_ORYSJ	48.3	497	237	3	49196	47706	51	527	4.25e-145	472
DF938595.1	sp|Q9SAK4|SSDH_ARATH	47.8	502	242	3	49211	47706	45	526	1.11e-144	471
DF938595.1	sp|P55653|GABD_SINFN	49.8	476	220	3	49136	47709	35	491	5.06e-144	467
DF938595.1	sp|D7PI13|GSFJ_PENAE	49.5	515	250	4	335640	337172	46	554	6.66e-144	469
DF938595.1	sp|E9R876|GLIA_ASPFU	48.8	494	253	0	335622	337103	26	519	7.13e-143	466
DF938595.1	sp|Q6F9G0|TGNE_ACIAD	45.5	501	253	3	49211	47709	3	483	1.17e-140	457
DF938595.1	sp|A2QAS2|MNS1B_ASPNC	49.5	489	206	7	386478	387932	33	484	1.74e-140	458
DF938595.1	sp|P31723|MAN12_PENCI	46.7	527	240	7	386391	387965	6	493	5.57e-140	456
DF938595.1	sp|Q12563|MNS1B_ASPPH	49.2	492	210	7	386460	387932	32	484	8.11e-140	456
DF938595.1	sp|A1CP08|MNS1B_ASPCL	49.7	481	204	6	386493	387932	34	477	1.03e-139	456
DF938594.1	sp|Q0UG82|INO80_PHANO	62.8	1280	447	13	53881	57690	360	1620	0.0	1385
DF938594.1	sp|Q1DUF9|INO80_COCIM	67.9	1135	342	11	54316	57690	481	1603	0.0	1384
DF938594.1	sp|A2R9H9|INO80_ASPNC	67.5	1138	350	11	54310	57690	502	1630	0.0	1368
DF938594.1	sp|A1C9W6|INO80_ASPCL	61.9	1287	462	13	53881	57690	368	1643	0.0	1367
DF938594.1	sp|Q2UTQ9|INO80_ASPOR	67.3	1133	350	10	54310	57684	319	1438	0.0	1355
DF938594.1	sp|A1CZE5|INO80_NEOFI	68.3	1109	328	12	54406	57690	544	1642	0.0	1343
DF938594.1	sp|Q4WTV7|INO80_ASPFU	68.3	1106	333	11	54406	57690	544	1642	0.0	1342
DF938594.1	sp|A7EQA8|INO80_SCLS1	65.9	1166	351	12	54286	57690	500	1649	0.0	1338
DF938594.1	sp|Q872I5|INO80_NEUCR	63.4	1179	362	12	54310	57690	772	1933	0.0	1334
DF938594.1	sp|Q0CA78|INO80_ASPTN	66.3	1137	357	13	54310	57690	503	1623	0.0	1326
DF938594.1	sp|Q2U561|SPT6_ASPOR	54.5	1300	558	14	356815	360678	61	1339	0.0	1313
DF938594.1	sp|Q4WWH6|SPT6_ASPFU	54.7	1300	554	15	356815	360678	62	1338	0.0	1302
DF938594.1	sp|A4R227|INO80_MAGO7	66.0	1075	345	6	54502	57690	828	1893	0.0	1300
DF938594.1	sp|Q4IL82|INO80_GIBZE	61.3	1172	387	12	54310	57690	700	1850	0.0	1291
DF938594.1	sp|Q5B7Q7|SPT6_EMENI	55.0	1301	548	16	356815	360678	59	1334	0.0	1276
DF938594.1	sp|Q5BAZ5|INO80_EMENI	64.7	1137	309	15	54310	57690	491	1545	0.0	1263
DF938594.1	sp|Q12564|CHSA_AMPQU	72.5	890	207	10	421163	418539	32	898	0.0	1255
DF938594.1	sp|Q4HYQ4|SPT6_GIBZE	50.6	1259	578	15	356935	360678	99	1324	0.0	1179
DF938594.1	sp|P30583|CHSC_EMENI	66.9	883	258	9	421145	418527	60	918	0.0	1176
DF938594.1	sp|Q8NIV6|SPT6_NEUCR	51.4	1298	585	17	356812	360678	56	1316	0.0	1176
DF938594.1	sp|P30601|CHS2_EXODE	66.3	880	263	11	421145	418539	61	917	0.0	1143
DF938594.1	sp|P30588|CHS3_NEUCR	65.9	858	247	13	421058	418527	63	888	0.0	1092
DF938594.1	sp|A6SL49|DAPB_BOTFB	64.2	793	283	1	129941	132319	99	890	0.0	1071
DF938594.1	sp|A7EQZ1|DAPB_SCLS1	58.9	893	337	4	129722	132319	1	890	0.0	1070
DF938594.1	sp|Q0UVK7|DAPB_PHANO	58.5	872	348	5	129737	132319	9	877	0.0	1047
DF938593.1	sp|A0A1V1GB10|OBLD_EMEVA	62.4	1493	508	10	381333	376891	17	1468	0.0	1811
DF938593.1	sp|E9RBG1|ABCC_ASPFU	63.3	1472	484	10	381306	376933	65	1494	0.0	1798
DF938593.1	sp|Q4WR59|ABCA_ASPFU	62.9	1481	493	13	381345	376948	5	1443	0.0	1798
DF938593.1	sp|Q8X170|ABCA_ASPFM	62.8	1481	494	13	381345	376948	5	1443	0.0	1795
DF938593.1	sp|A1C8C8|OBLD_ASPCL	62.2	1480	501	12	381348	376948	4	1437	0.0	1793
DF938593.1	sp|Q2U0M6|ATRG_ASPOR	62.6	1464	497	8	381303	376933	74	1493	0.0	1776
DF938593.1	sp|M2UCE5|OBLD_COCH5	61.7	1472	511	10	381330	376948	39	1468	0.0	1773
DF938593.1	sp|I1RL06|ZRA1_GIBZE	59.1	1469	547	12	381303	376927	64	1488	0.0	1683
DF938593.1	sp|F2SG60|MDR3_TRIRC	57.7	1439	565	9	381249	376948	83	1483	0.0	1642
DF938593.1	sp|Q4X006|ABCA2_ASPFU	57.3	1472	586	8	381324	376924	64	1498	0.0	1637
DF938593.1	sp|P36594|RPB1_SCHPO	59.0	1447	558	14	576177	571867	112	1533	0.0	1633
DF938593.1	sp|Q2UD41|ATRH_ASPOR	57.2	1471	574	10	381324	376948	44	1471	0.0	1619
DF938593.1	sp|Q02061|RPB2_SCHPO	67.8	1180	343	12	591027	594554	12	1158	0.0	1605
DF938593.1	sp|A5DHT2|RPB2_PICGU	67.0	1202	368	8	590982	594566	3	1182	0.0	1602
DF938593.1	sp|Q75A34|RPB1_ASHGO	57.1	1449	578	15	576177	571867	110	1527	0.0	1567
DF938593.1	sp|Q753Q4|RPB2_ASHGO	65.7	1189	369	13	591015	594566	17	1171	0.0	1555
DF938593.1	sp|P08518|RPB2_YEAST	64.9	1195	382	13	590994	594566	13	1173	0.0	1535
DF938593.1	sp|Q6FLD5|RPB2_CANGA	64.8	1195	384	12	590994	594566	11	1172	0.0	1534
DF938593.1	sp|A0A4P8GG95|EUPT_PHOSX	53.6	1462	614	10	381306	376939	26	1428	0.0	1514
DF938593.1	sp|P04050|RPB1_YEAST	55.5	1435	601	13	576177	571894	110	1513	0.0	1513
DF938593.1	sp|A0A2U8U2K9|ASL7_SARSH	52.5	1470	636	15	381297	376939	6	1430	0.0	1468
DF938593.1	sp|Q5ANA3|CDR1_CANAL	49.7	1494	675	14	381303	376933	43	1497	0.0	1404
DF938593.1	sp|P43071|CDR1_CANAX	49.7	1494	675	14	381303	376933	43	1497	0.0	1403
DF938593.1	sp|A5DCV3|RPB1_PICGU	53.3	1443	474	14	576177	571870	111	1360	0.0	1400
DF938593.1	sp|O74676|CDR4_CANAX	50.1	1440	665	13	381234	376948	83	1480	0.0	1383
DF938592.1	sp|O93937|PYR1_EMENI	61.6	2007	385	5	411106	415971	239	2244	0.0	2323
DF938592.1	sp|Q12019|MDN1_YEAST	33.3	5057	2922	126	654524	669070	95	4910	0.0	2130
DF938592.1	sp|Q09794|PYR1_SCHPO	57.0	2004	480	10	411106	415989	238	2235	0.0	2104
DF938592.1	sp|P07259|PYR1_YEAST	55.6	2006	494	13	411106	415956	198	2195	0.0	2052
DF938592.1	sp|O94248|MDN1_SCHPO	32.3	4922	2740	132	655067	669070	132	4717	0.0	1894
DF938592.1	sp|P20054|PYR1_DICDI	46.3	2057	644	20	411106	415956	170	2206	0.0	1658
DF938592.1	sp|Q91437|PYR1_SQUAC	44.5	2095	665	22	411094	415956	153	2224	0.0	1603
DF938592.1	sp|P05990|PYR1_DROME	44.8	2050	673	23	411103	415956	176	2202	0.0	1580
DF938592.1	sp|P27708|PYR1_HUMAN	44.5	2078	662	24	411106	415956	161	2207	0.0	1577
DF938592.1	sp|P08955|PYR1_MESAU	44.1	2096	685	25	411049	415956	138	2207	0.0	1566
DF938592.1	sp|B2RQC6|PYR1_MOUSE	44.4	2077	665	24	411106	415956	161	2207	0.0	1566
DF938592.1	sp|Q18990|PYR1_CAEEL	43.6	2034	714	23	411109	415956	166	2178	0.0	1485
DF938592.1	sp|Q869L3|MDN1_DICDI	37.3	2252	1135	45	655061	661153	273	2467	0.0	1324
DF938592.1	sp|Q91293|CPSM_LITCT	51.9	1318	585	15	411094	414984	191	1480	0.0	1313
DF938592.1	sp|P31327|CPSM_HUMAN	51.8	1306	583	15	411106	414969	203	1479	0.0	1312
DF938592.1	sp|Q8C196|CPSM_MOUSE	52.5	1284	573	14	411172	414969	215	1479	0.0	1311
DF938592.1	sp|P07756|CPSM_RAT	52.3	1284	575	13	411172	414969	215	1479	0.0	1310
DF938592.1	sp|Q9NU22|MDN1_HUMAN	36.8	2288	1175	56	654644	661105	151	2312	0.0	1292
DF938592.1	sp|P22515|UBA1_YEAST	60.6	982	359	11	207245	210145	12	980	0.0	1159
DF938592.1	sp|A0A1P8AUY4|MDN1_ARATH	37.8	2137	1088	60	655058	661108	330	2345	0.0	1145
DF938592.1	sp|O94609|UBA1_SCHPO	59.2	969	378	7	207251	210148	15	969	0.0	1134
DF938592.1	sp|P52495|UBA1_CANAW	58.7	995	380	11	207194	210148	5	978	0.0	1128
DF938592.1	sp|O94313|CARB_SCHPO	55.7	1065	434	13	411826	414963	85	1130	0.0	1108
DF938592.1	sp|P46056|CARB_CUTCT	55.2	1062	447	13	411829	414969	75	1122	0.0	1087
DF938592.1	sp|Q4WVF4|SYF1_ASPFU	65.6	846	258	4	421762	419270	10	837	0.0	1085
DF938591.1	sp|Q4WDD4|ATRF_ASPFU	63.2	1502	530	11	822088	817628	50	1543	0.0	1852
DF938591.1	sp|B8NDS8|ATRF_ASPFN	61.9	1545	560	14	822229	817628	2	1529	0.0	1842
DF938591.1	sp|Q9Y8G8|TOP2_PENCH	69.8	1200	342	11	575360	578947	36	1219	0.0	1621
DF938591.1	sp|Q0CL79|SEPH_ASPTN	58.2	1257	436	21	339287	343018	136	1316	0.0	1288
DF938591.1	sp|A2QHV0|SEPH_ASPNC	57.6	1258	432	20	339287	343012	137	1309	0.0	1283
DF938591.1	sp|Q5B4Z3|SEPH_EMENI	57.1	1275	457	21	339287	343072	138	1335	0.0	1266
DF938591.1	sp|P09436|SYIC_YEAST	56.6	1077	456	5	886903	883682	4	1072	0.0	1256
DF938591.1	sp|O13651|SYIC_SCHPO	56.1	1074	459	7	886897	883682	1	1064	0.0	1223
DF938591.1	sp|P08096|TOP2_SCHPO	53.5	1156	505	12	575438	578881	72	1202	0.0	1199
DF938591.1	sp|O93794|TOP2_CANGA	54.3	1167	491	15	575447	578863	8	1160	0.0	1194
DF938591.1	sp|P06786|TOP2_YEAST	53.1	1178	516	13	575447	578905	9	1174	0.0	1179
DF938591.1	sp|Q01879|TOP2_PICGU	52.5	1179	515	16	575447	578884	56	1222	0.0	1171
DF938591.1	sp|P87078|TOP2_CANAX	50.8	1256	556	16	575351	578980	27	1266	0.0	1164
DF938591.1	sp|Q12675|ATC4_YEAST	48.4	1302	555	18	146975	143142	255	1463	0.0	1118
DF938591.1	sp|P32660|ATC5_YEAST	47.8	1326	574	17	146975	143073	217	1449	0.0	1114
DF938591.1	sp|P41252|SYIC_HUMAN	53.8	1009	456	5	886891	883871	9	1009	0.0	1109
DF938591.1	sp|Q8BU30|SYIC_MOUSE	53.0	1009	464	5	886891	883871	9	1009	0.0	1102
DF938591.1	sp|Q09891|ATCX_SCHPO	47.9	1292	565	17	146969	143127	113	1307	0.0	1094
DF938591.1	sp|Q64399|TOP2B_CRILO	48.5	1182	554	16	575426	578878	26	1183	0.0	1072
DF938591.1	sp|O42131|TOP2B_CHICK	48.9	1173	551	17	575456	578902	60	1208	0.0	1071
DF938591.1	sp|Q64511|TOP2B_MOUSE	48.8	1165	549	15	575456	578878	43	1183	0.0	1071
DF938591.1	sp|Q02880|TOP2B_HUMAN	48.8	1163	552	14	575456	578878	55	1195	0.0	1071
DF938591.1	sp|O42130|TOP2A_CHICK	48.2	1180	558	16	575420	578878	16	1169	0.0	1058
DF938591.1	sp|O46374|TOP2A_PIG	47.9	1206	575	18	575369	578902	5	1185	0.0	1056
DF938591.1	sp|Q01320|TOP2A_MOUSE	48.0	1204	574	19	575369	578902	5	1182	0.0	1055
DF938590.1	sp|Q0V3H0|ARO1_PHANO	63.2	1582	541	15	681033	685730	10	1566	0.0	1922
DF938590.1	sp|A1CP85|ARO1_ASPCL	61.1	1580	576	15	681033	685730	4	1558	0.0	1833
DF938590.1	sp|Q0D0F3|ARO1_ASPTN	60.5	1579	587	13	681033	685730	4	1558	0.0	1832
DF938590.1	sp|C5PA86|ARO1_COCP7	60.3	1586	586	16	681027	685730	2	1562	0.0	1832
DF938590.1	sp|B6HAA7|ARO1_PENRW	60.3	1588	582	14	681027	685730	2	1560	0.0	1827
DF938590.1	sp|B8M0U4|ARO1_TALSN	60.4	1574	588	14	681033	685730	8	1553	0.0	1825
DF938590.1	sp|B6QCA7|ARO12_TALMQ	60.2	1569	595	12	681033	685730	4	1546	0.0	1824
DF938590.1	sp|Q2UCP6|ARO1_ASPOR	59.9	1580	595	13	681033	685733	4	1558	0.0	1822
DF938590.1	sp|B8N4Q9|ARO1_ASPFN	59.9	1579	595	13	681033	685730	4	1557	0.0	1821
DF938590.1	sp|B6QWH9|ARO11_TALMQ	60.1	1572	594	13	681033	685730	4	1548	0.0	1819
DF938590.1	sp|C5JKE6|ARO1_BLAGS	60.2	1593	593	17	681033	685754	4	1574	0.0	1819
DF938590.1	sp|B0XRM8|ARO1_ASPFC	60.3	1585	586	14	681027	685733	2	1559	0.0	1818
DF938590.1	sp|Q4WS76|ARO1_ASPFU	60.3	1585	586	14	681027	685733	2	1559	0.0	1818
DF938590.1	sp|C5G8R4|ARO1_AJEDR	60.1	1592	596	16	681033	685754	4	1574	0.0	1818
DF938590.1	sp|C6HCG7|ARO1_AJECH	59.9	1592	599	16	681033	685754	4	1574	0.0	1818
DF938590.1	sp|C0NL63|ARO1_AJECG	59.9	1592	600	16	681033	685754	4	1574	0.0	1815
DF938590.1	sp|A1D244|ARO1_NEOFI	60.2	1584	588	14	681027	685730	2	1558	0.0	1815
DF938590.1	sp|A7F7H0|ARO1_SCLS1	60.3	1578	597	14	681009	685730	1	1552	0.0	1815
DF938590.1	sp|P07547|ARO1_EMENI	59.6	1584	600	15	681027	685730	2	1561	0.0	1813
DF938590.1	sp|C1H8L1|ARO1_PARBA	60.2	1586	592	17	681033	685730	4	1569	0.0	1812
DF938590.1	sp|C1FYJ9|ARO1_PARBD	59.9	1585	598	15	681033	685730	4	1569	0.0	1808
DF938590.1	sp|Q5XNP0|ARO1_SCLSC	60.0	1579	601	13	681009	685733	1	1553	0.0	1808
DF938590.1	sp|C0S433|ARO1_PARBP	59.7	1589	600	15	681033	685730	4	1574	0.0	1805
DF938590.1	sp|C4JYG6|ARO1_UNCRE	59.9	1584	585	16	681033	685730	4	1555	0.0	1798
DF938590.1	sp|B2B223|ARO1_PODAN	59.2	1583	598	19	681009	685730	1	1544	0.0	1764
DF938589.1	sp|Q7S1P9|RAD5_NEUCR	61.3	1099	393	10	753938	750729	131	1226	0.0	1260
DF938589.1	sp|P30316|DPOD_SCHPO	64.2	985	326	7	780259	783210	124	1082	0.0	1259
DF938589.1	sp|Q4IJ84|RAD5_GIBZE	58.2	1152	421	18	754058	750729	22	1154	0.0	1230
DF938589.1	sp|P46588|DPOD_CANAX	61.7	985	337	11	780262	783210	88	1034	0.0	1199
DF938589.1	sp|Q9UW15|RIR1_NEUCR	66.1	930	270	12	149633	146955	7	928	0.0	1187
DF938589.1	sp|Q4WVM1|RAD5_ASPFU	56.4	1145	413	15	753965	750729	121	1245	0.0	1173
DF938589.1	sp|Q5BHD6|RAD5_EMENI	53.3	1227	440	22	754085	750729	1	1202	0.0	1132
DF938589.1	sp|P36602|RIR1_SCHPO	70.1	758	221	3	149633	147366	7	760	0.0	1125
DF938589.1	sp|P21524|RIR1_YEAST	62.5	898	315	9	149633	146955	7	887	0.0	1117
DF938589.1	sp|O93918|PYC_ASPTE	53.8	1251	432	21	336958	340602	18	1158	0.0	1111
DF938589.1	sp|Q0CLK1|PYC_ASPTN	53.5	1249	439	19	336958	340602	18	1158	0.0	1107
DF938589.1	sp|Q9HES8|PYC_ASPNG	52.4	1287	435	23	336958	340662	17	1177	0.0	1098
DF938589.1	sp|P07742|RIR1_MOUSE	69.4	770	233	2	149633	147327	7	774	0.0	1095
DF938589.1	sp|P15436|DPOD_YEAST	55.6	983	404	8	780262	783207	146	1097	0.0	1090
DF938589.1	sp|P23921|RIR1_HUMAN	70.3	754	221	2	149633	147375	7	758	0.0	1086
DF938589.1	sp|Q5R919|RIR1_PONAB	70.0	754	223	2	149633	147375	7	758	0.0	1082
DF938589.1	sp|P21672|RIR3_YEAST	58.5	906	319	8	149633	146955	7	868	0.0	1058
DF938589.1	sp|P79732|RIR1_DANRE	68.4	754	235	2	149633	147375	7	758	0.0	1053
DF938589.1	sp|Q9LRE6|DPOD1_ORYSJ	54.1	993	417	11	780262	783210	141	1104	0.0	1036
DF938589.1	sp|Q03604|RIR1_CAEEL	67.4	754	243	2	149633	147375	13	764	0.0	1036
DF938589.1	sp|P54358|DPOD1_DROME	53.9	1000	417	8	780262	783207	114	1087	0.0	1035
DF938589.1	sp|Q9LVN7|DPOD1_ARATH	53.6	995	415	11	780262	783207	133	1093	0.0	1028
DF938589.1	sp|O74835|RRP5_SCHPO	36.4	1775	992	30	766560	761269	35	1683	0.0	1027
DF938589.1	sp|P48591|RIR1_DROME	66.6	752	248	2	149633	147381	18	767	0.0	1026
DF938589.1	sp|P52431|DPOD1_MOUSE	53.1	999	427	12	780262	783219	132	1101	0.0	1024
DF938588.1	sp|P45444|DYHC_EMENI	64.0	4361	1516	17	992865	979882	1	4339	0.0	5509
DF938588.1	sp|P45443|DYHC_NEUCR	63.7	4360	1545	14	992862	979873	9	4360	0.0	5507
DF938588.1	sp|P78716|DYHC_FUSVN	63.5	4357	1535	15	992853	979882	11	4343	0.0	5400
DF938588.1	sp|P38650|DYHC1_RAT	50.5	4305	1974	43	992517	979879	113	4353	0.0	4132
DF938588.1	sp|Q14204|DYHC1_HUMAN	50.6	4307	1968	45	992517	979879	115	4355	0.0	4132
DF938588.1	sp|Q9JHU4|DYHC1_MOUSE	50.6	4307	1968	45	992517	979879	113	4353	0.0	4131
DF938588.1	sp|P37276|DYHC_DROME	48.6	4360	2090	42	992703	979879	50	4343	0.0	3995
DF938588.1	sp|P34036|DYHC_DICDI	46.0	4380	2094	56	992520	979921	138	4428	0.0	3717
DF938588.1	sp|Q19020|DYHC_CAEEL	45.6	4273	2153	56	992463	979888	116	4297	0.0	3551
DF938588.1	sp|Q27171|DYHC_PARTE	40.6	4218	2313	57	992394	979954	137	4231	0.0	3049
DF938588.1	sp|Q8IBG1|DYHC1_PLAF7	37.9	3955	2115	48	992250	981211	227	4115	0.0	2593
DF938588.1	sp|Q9C1M7|DYHC_ASHGO	34.7	4170	2460	59	992472	980065	95	4038	0.0	2447
DF938588.1	sp|P36022|DYHC_YEAST	30.7	4089	2565	61	992301	980182	141	4010	0.0	1956
DF938588.1	sp|O13290|DYHC_SCHPO	26.3	4219	2859	65	992388	979957	144	4185	0.0	1437
DF938588.1	sp|Q9SMH5|DYHC2_CHLRE	28.1	3936	2434	92	991335	979906	367	4032	0.0	1347
DF938588.1	sp|A2QCJ2|LONM_ASPNC	73.2	953	219	9	136309	133466	139	1060	0.0	1316
DF938588.1	sp|Q4X0Z7|LONM_ASPFU	75.9	905	187	6	136171	133466	181	1057	0.0	1307
DF938588.1	sp|Q5AZT7|LONM_EMENI	75.8	898	189	6	136159	133466	184	1053	0.0	1305
DF938588.1	sp|P0C6F1|DYH2_MOUSE	27.0	3704	2402	81	990735	979960	634	4147	0.0	1289
DF938588.1	sp|Q8IVF4|DYH10_HUMAN	28.2	3327	2146	72	989664	979960	989	4165	0.0	1286
DF938588.1	sp|Q9JJ79|DYHC2_RAT	29.2	3207	1958	66	989181	979912	1008	4018	0.0	1283
DF938588.1	sp|Q9P225|DYH2_HUMAN	27.0	3701	2413	83	990735	979960	599	4118	0.0	1266
DF938588.1	sp|Q45VK7|DYHC2_MOUSE	29.1	3188	1984	63	989181	979912	1008	4018	0.0	1262
DF938588.1	sp|Q8NCM8|DYHC2_HUMAN	26.7	3897	2466	85	991197	979912	380	4019	0.0	1248
DF938588.1	sp|Q7S8C4|LONM_NEUCR	71.9	913	226	6	136150	133466	154	1053	0.0	1241
DF938587.1	sp|Q5D6D7|NPS2_COCH4	34.9	5445	2885	74	1049381	1063975	18	5384	0.0	2942
DF938587.1	sp|D4AU56|SIDC_ARTBC	36.6	5018	2939	85	1049384	1063972	147	5078	0.0	2851
DF938587.1	sp|I1RN14|NPS2_GIBZE	36.1	4979	2922	93	1049387	1063975	6	4838	0.0	2808
DF938587.1	sp|Q0UJ42|NTE1_PHANO	68.1	1503	427	17	1033408	1028948	47	1512	0.0	1875
DF938587.1	sp|Q1DLC7|NTE1_COCIM	63.6	1512	479	15	1033408	1028948	111	1575	0.0	1766
DF938587.1	sp|A1C9L6|NTE1_ASPCL	64.0	1496	467	20	1033378	1028948	85	1528	0.0	1756
DF938587.1	sp|A2R350|NTE1_ASPNC	63.8	1499	468	21	1033378	1028948	85	1531	0.0	1754
DF938587.1	sp|Q4WA15|NTE1_ASPFU	63.8	1496	471	22	1033378	1028948	78	1522	0.0	1752
DF938587.1	sp|A1D9Y2|NTE1_NEOFI	63.8	1496	472	22	1033378	1028948	79	1523	0.0	1752
DF938587.1	sp|Q2UDH2|NTE1_ASPOR	63.5	1508	464	20	1033378	1028948	87	1538	0.0	1743
DF938587.1	sp|Q0CNC7|NTE1_ASPTN	63.3	1503	469	22	1033378	1028948	82	1527	0.0	1740
DF938587.1	sp|Q5BAE9|NTE1_EMENI	64.0	1501	457	22	1033378	1028948	86	1527	0.0	1737
DF938587.1	sp|Q7S8J1|NTE1_NEUCR	60.5	1500	521	22	1033390	1028948	68	1515	0.0	1653
DF938587.1	sp|A4QVZ8|NTE1_MAGO7	59.6	1520	530	19	1033402	1028948	33	1503	0.0	1652
DF938587.1	sp|Q2H0D3|NTE1_CHAGB	60.4	1489	521	20	1033342	1028948	78	1521	0.0	1641
DF938587.1	sp|P20967|ODO1_YEAST	62.9	993	343	6	656647	653675	42	1011	0.0	1278
DF938587.1	sp|O74378|ODO1_SCHPO	60.1	1030	369	9	656740	653684	7	1005	0.0	1257
DF938587.1	sp|Q07878|VPS13_YEAST	31.8	2334	1399	46	489460	482618	1	2195	0.0	1092
DF938587.1	sp|O59801|SKI2_SCHPO	49.5	1280	568	18	882136	885960	7	1213	0.0	1078
DF938587.1	sp|P37202|DIS3_SCHPO	56.2	980	387	10	178865	175962	20	969	0.0	1058
DF938587.1	sp|Q6CF18|NTE1_YARLI	42.2	1525	641	30	1033333	1028948	81	1427	0.0	1043
DF938587.1	sp|G0SEV9|RLI1_CHATD	80.5	590	113	1	290997	292766	15	602	0.0	979
DF938587.1	sp|Q0UN56|ERB1_PHANO	61.7	796	273	9	323750	321414	2	782	1.29e-318	984
DF938587.1	sp|Q08162|RRP44_YEAST	52.9	1001	427	9	178883	175965	16	1000	2.01e-318	993
DF938587.1	sp|B2VR76|ERB1_PYRTR	61.6	794	268	10	323738	321414	6	781	3.09e-309	956
DF938586.1	sp|P87141|MIP1_SCHPO	46.9	1264	579	14	332086	328313	61	1238	0.0	1134
DF938586.1	sp|A1DP40|ATG2_NEOFI	34.2	2243	1225	54	1031764	1038075	1	2132	2.72e-307	1004
DF938586.1	sp|Q4WLK5|ATG2_ASPFU	33.8	2266	1230	54	1031764	1038123	1	2143	2.55e-302	990
DF938586.1	sp|A1CUF9|ATG2_ASPCL	33.7	2252	1220	54	1031764	1038075	1	2126	7.54e-302	988
DF938586.1	sp|Q0CSI0|ATG2_ASPTN	33.2	2222	1222	50	1031764	1038075	1	2077	7.59e-299	977
DF938586.1	sp|A2QSC9|ATG2_ASPNC	33.5	2271	1209	54	1031764	1038081	1	2135	9.86e-295	969
DF938586.1	sp|Q5B1T9|ATG2_EMENI	33.6	2233	1205	58	1031764	1038075	1	2085	2.21e-293	961
DF938586.1	sp|A7KAL3|ATG2_PENRW	34.1	2234	1199	62	1031767	1038075	3	2093	4.57e-291	955
DF938586.1	sp|Q1E702|ATG2_COCIM	34.2	2210	1231	55	1031764	1038075	1	2093	1.28e-281	927
DF938586.1	sp|Q2ULE1|ATG2_ASPOR	33.6	2250	1177	62	1031764	1038075	1	2079	2.65e-279	920
DF938586.1	sp|P38873|KOG1_YEAST	38.1	1512	628	35	332089	328313	17	1473	9.17e-276	892
DF938586.1	sp|B8NDZ1|RRF2M_ASPFN	57.8	829	320	12	391675	394089	86	908	2.72e-272	856
DF938586.1	sp|Q8K4Q0|RPTOR_MOUSE	39.7	1310	621	27	331978	328316	40	1269	7.14e-270	866
DF938586.1	sp|Q8N122|RPTOR_HUMAN	39.6	1310	622	27	331978	328316	40	1269	1.79e-269	865
DF938586.1	sp|Q2GYD8|ATG2_CHAGB	33.1	2182	1226	52	1031773	1038072	8	2037	3.51e-267	883
DF938586.1	sp|A6R6E3|ATG2_AJECN	32.4	2253	1220	57	1031764	1038075	1	2100	1.51e-266	883
DF938586.1	sp|B8MR69|RRF2M_TALSN	56.2	843	322	13	391675	394077	92	929	1.30e-264	835
DF938586.1	sp|D4B0V1|E13B_ARTBC	51.1	837	301	8	819700	821907	41	870	1.34e-264	832
DF938586.1	sp|Q5BB57|RRF2M_EMENI	57.0	838	318	14	391675	394083	89	919	6.88e-263	829
DF938586.1	sp|I1S0P7|ATG2_GIBZE	31.2	2314	1225	66	1031773	1038078	8	2167	5.71e-261	868
DF938586.1	sp|Q871L5|ATG2_NEUCR	33.2	2194	1215	65	1031773	1038072	8	2045	3.19e-258	857
DF938586.1	sp|Q10318|ILV3_SCHPO	71.6	559	159	0	404603	402927	37	595	2.83e-255	793
DF938586.1	sp|A2R994|RRF2M_ASPNC	55.1	824	297	12	391675	394089	92	861	1.10e-252	797
DF938586.1	sp|A7E6F5|ATG2_SCLS1	40.8	1276	668	24	1034326	1038072	939	2153	1.41e-251	840
DF938586.1	sp|B6Q1T9|RRF2M_TALMQ	55.0	837	337	14	391675	394077	93	925	2.24e-250	793
DF938585.1	sp|A0A179H164|LCSA_PURLI	38.2	10985	6045	249	393811	362354	701	11427	0.0	6733
DF938585.1	sp|A0A098D1P1|GRA1_GIBZE	33.0	7907	4854	162	377992	354788	85	7713	0.0	3859
DF938585.1	sp|K0E4D7|ECDA_ASPRU	33.1	7193	4437	146	375718	354779	4	7031	0.0	3479
DF938585.1	sp|S3DQP3|GLOA_GLAL2	31.9	7187	4508	131	379039	357992	97	7090	0.0	3387
DF938585.1	sp|Q5AUZ6|ATNA_EMENI	30.7	6732	3877	120	384121	365762	185	6738	0.0	2905
DF938585.1	sp|Q4WVN4|NRPS8_ASPFU	27.2	7951	4696	193	377458	355853	25	7636	0.0	2408
DF938585.1	sp|C7ZBE4|SAN1_FUSV7	30.8	5949	3590	159	371644	354728	74	5804	0.0	2328
DF938585.1	sp|A0A0U1LQE6|CCTN_TALIS	29.6	5563	3480	124	383998	367967	187	5533	0.0	2229
DF938585.1	sp|E9FCP4|DTXS1_METRA	25.4	8709	4524	214	378001	354824	71	7788	0.0	2149
DF938585.1	sp|C8VPS9|EASA_EMENI	30.9	4884	3084	112	378829	364640	2019	6764	0.0	2041
DF938585.1	sp|Q12553|XDH_EMENI	72.1	1401	343	9	125358	121186	1	1363	0.0	2013
DF938585.1	sp|K3VDP2|W4932_FUSPC	25.9	6936	4289	175	375541	355781	475	6917	0.0	1774
DF938585.1	sp|A0A024F910|VLMS_LECSP	26.2	6871	4324	178	391933	372185	503	6919	0.0	1766
DF938585.1	sp|C9K7B5|AMT1_ALTAL	33.2	3580	2139	83	374707	364268	87	3515	0.0	1659
DF938585.1	sp|Q5BA83|EASB_EMENI	45.1	1876	978	19	706241	700665	431	2272	0.0	1546
DF938585.1	sp|I1RVD9|FUSA2_GIBZE	29.9	3703	2377	71	372100	361340	570	4168	0.0	1530
DF938585.1	sp|A0A319DV72|MLFA_ASPSB	27.5	4994	2782	117	380848	367931	146	4995	0.0	1519
DF938585.1	sp|Q01886|HTS1_COCCA	30.3	3941	2331	111	388693	377729	1292	5102	0.0	1476
DF938585.1	sp|Q4WT66|NRPS1_ASPFU	25.7	6283	3627	174	387877	371180	50	6005	0.0	1465
DF938585.1	sp|S0DLP2|APF1_GIBF5	30.2	3647	2267	93	388174	377741	1449	4984	0.0	1460
DF938585.1	sp|B8NI19|IMQB_ASPFN	34.4	2878	1754	56	374131	365732	203	3023	0.0	1456
DF938585.1	sp|G3J453|CM3B_CORMM	42.5	1895	987	21	706214	700632	420	2245	0.0	1420
DF938585.1	sp|K3VA96|W4931_FUSPC	42.6	1913	991	28	706208	700689	407	2285	0.0	1416
DF938585.1	sp|I1RVD8|FUSA1_GIBZE	42.0	1856	1016	17	706208	700692	456	2268	0.0	1410
DF938585.1	sp|Q96V34|LPSA1_EPIFI	29.9	3459	2216	82	368200	358088	125	3463	0.0	1379
DF938584.1	sp|P78820|ACAC_SCHPO	57.9	2084	790	21	1008032	1014217	38	2055	0.0	2364
DF938584.1	sp|Q00955|ACAC_YEAST	58.6	2074	760	18	1008032	1014217	28	2015	0.0	2342
DF938584.1	sp|Q13085|ACACA_HUMAN	45.0	1952	971	31	1008509	1014217	210	2108	0.0	1574
DF938584.1	sp|Q9HEH1|RENT1_NEUCR	72.0	1095	289	11	923636	920388	3	1091	0.0	1533
DF938584.1	sp|P04051|RPC1_YEAST	52.5	1488	638	20	686802	682429	1	1449	0.0	1426
DF938584.1	sp|Q6BI69|RPC1_DEBHA	51.6	1481	661	16	686802	682429	1	1448	0.0	1417
DF938584.1	sp|O94666|RPC1_SCHPO	49.0	1460	664	18	686802	682450	1	1388	0.0	1335
DF938584.1	sp|P00365|DHE2_NEUCR	63.9	1107	315	13	343670	340365	23	1049	0.0	1326
DF938584.1	sp|Q5ZL98|RPC1_CHICK	46.3	1465	698	17	686805	682426	1	1381	0.0	1192
DF938584.1	sp|O14802|RPC1_HUMAN	46.3	1464	697	17	686805	682429	1	1380	0.0	1192
DF938584.1	sp|A4IF62|RPC1_BOVIN	46.1	1465	700	17	686805	682426	1	1380	0.0	1184
DF938584.1	sp|P26659|RAD15_SCHPO	74.6	749	188	1	848650	850890	1	749	0.0	1160
DF938584.1	sp|Q8WZJ7|C1TC_SCHPO	65.2	905	313	2	348537	345823	1	903	0.0	1148
DF938584.1	sp|Q9EPU0|RENT1_MOUSE	66.5	829	260	4	923387	920943	99	923	0.0	1138
DF938584.1	sp|Q92900|RENT1_HUMAN	66.5	829	260	4	923387	920943	104	928	0.0	1136
DF938584.1	sp|P06839|RAD3_YEAST	72.6	747	202	2	848650	850881	1	747	0.0	1126
DF938584.1	sp|P09440|C1TM_YEAST	63.2	906	326	5	348525	345823	38	941	0.0	1116
DF938584.1	sp|Q9FJR0|RENT1_ARATH	65.7	842	271	9	923348	920847	138	969	0.0	1107
DF938584.1	sp|P07245|C1TC_YEAST	62.3	916	331	5	348540	345823	1	912	0.0	1098
DF938584.1	sp|Q98TR3|RENT1_TAKRU	64.5	833	284	7	923426	920943	72	897	0.0	1078
DF938584.1	sp|F4JXF9|NRPC1_ARATH	42.5	1463	711	23	686811	682480	8	1359	0.0	1067
DF938584.1	sp|Q09820|RENT1_SCHPO	61.1	840	313	4	923432	920943	10	845	0.0	1047
DF938584.1	sp|Q9VYS3|RENT1_DROME	63.2	810	288	5	923360	920943	94	897	0.0	1045
DF938584.1	sp|Q9P774|PRP16_SCHPO	60.4	883	330	7	1228887	1226251	280	1146	0.0	1029
DF938584.1	sp|O43007|C1TM_SCHPO	56.6	906	382	5	348525	345823	39	938	0.0	1002
DF938583.1	sp|A0A024F910|VLMS_LECSP	36.8	9108	4383	129	589121	615970	902	8789	0.0	5378
DF938583.1	sp|K3VDP2|W4932_FUSPC	36.5	9247	4389	140	589121	616258	902	8874	0.0	5301
DF938583.1	sp|A0A179H164|LCSA_PURLI	30.0	11415	6586	275	597185	627958	233	11399	0.0	4321
DF938583.1	sp|S3DQP3|GLOA_GLAL2	35.7	7675	4149	136	600254	622807	115	7164	0.0	4226
DF938583.1	sp|K0E4D7|ECDA_ASPRU	36.5	7627	4054	146	600236	622531	8	7031	0.0	4201
DF938583.1	sp|Q6P2Q9|PRP8_HUMAN	72.8	2327	612	9	1035110	1028145	25	2335	0.0	3500
DF938583.1	sp|Q99PV0|PRP8_MOUSE	72.8	2327	613	9	1035110	1028145	25	2335	0.0	3500
DF938583.1	sp|Q5AUZ6|ATNA_EMENI	33.4	6874	4224	134	604499	624685	67	6736	0.0	3494
DF938583.1	sp|P34369|PRP8_CAEEL	71.1	2342	646	12	1035131	1028145	5	2329	0.0	3453
DF938583.1	sp|O14187|SPP42_SCHPO	71.9	2314	633	9	1035104	1028178	48	2349	0.0	3448
DF938583.1	sp|Q9SSD2|PRP8A_ARATH	70.9	2325	659	8	1035122	1028154	45	2353	0.0	3443
DF938583.1	sp|Q9T0I6|PRP8B_ARATH	69.8	2330	686	9	1035122	1028145	43	2359	0.0	3386
DF938583.1	sp|Q8T295|PRP8_DICDI	68.2	2316	718	11	1035089	1028151	19	2318	0.0	3264
DF938583.1	sp|Q4WVN4|NRPS8_ASPFU	29.6	8757	5456	206	605147	630412	70	8454	0.0	3239
DF938583.1	sp|C8VPS9|EASA_EMENI	33.6	6479	3559	126	589121	608113	916	6795	0.0	3179
DF938583.1	sp|A0A098D1P1|GRA1_GIBZE	28.4	8916	4972	191	593360	619495	77	7780	0.0	3131
DF938583.1	sp|I1SAJ7|NRPS5_GIBZE	28.5	8903	5440	216	589328	614911	2388	10746	0.0	3061
DF938583.1	sp|P33334|PRP8_YEAST	62.9	2310	806	19	1035017	1028154	129	2410	0.0	2996
DF938583.1	sp|E9FCP4|DTXS1_METRA	31.4	5690	3481	128	604361	620980	23	5433	0.0	2427
DF938583.1	sp|B0XPE7|MOT1_ASPFC	63.7	1933	642	19	117140	111387	4	1891	0.0	2330
DF938583.1	sp|Q4WJI7|MOT1_ASPFU	63.6	1933	644	19	117140	111387	4	1891	0.0	2327
DF938583.1	sp|K3VA96|W4931_FUSPC	45.6	2712	1224	35	570376	562490	9	2552	0.0	2217
DF938583.1	sp|S0DLP2|APF1_GIBF5	31.9	4934	3027	131	608366	622543	180	4984	0.0	2137
DF938583.1	sp|Q5BA83|EASB_EMENI	45.0	2663	1256	32	570379	562484	49	2534	0.0	2126
DF938583.1	sp|Q4WT66|NRPS1_ASPFU	30.7	4709	2895	93	593366	606991	47	4560	0.0	2090
DF938582.1	sp|Q9Y7K2|TOR2_SCHPO	51.1	2360	1064	20	509547	502555	38	2337	0.0	2279
DF938582.1	sp|P38811|TRA1_YEAST	35.0	3940	2200	70	124681	136071	21	3743	0.0	2224
DF938582.1	sp|Q86C65|TOR_DICDI	47.0	2419	1135	29	509613	502555	44	2380	0.0	2088
DF938582.1	sp|P32600|TOR2_YEAST	45.8	2412	1198	26	509616	502555	115	2474	0.0	2042
DF938582.1	sp|Q9HFE8|TRA1_SCHPO	34.0	3856	2276	62	124678	136074	57	3699	0.0	2040
DF938582.1	sp|O14356|TOR1_SCHPO	45.9	2364	1206	19	509607	502555	32	2335	0.0	1993
DF938582.1	sp|P35169|TOR1_YEAST	45.5	2417	1206	26	509616	502555	103	2470	0.0	1991
DF938582.1	sp|Q10064|YAMB_SCHPO	33.5	3796	2215	65	124906	136074	95	3655	0.0	1941
DF938582.1	sp|Q9JLN9|MTOR_MOUSE	43.7	2251	1078	31	508947	502555	368	2549	0.0	1765
DF938582.1	sp|P42345|MTOR_HUMAN	43.7	2251	1078	33	508947	502555	368	2549	0.0	1762
DF938582.1	sp|P42346|MTOR_RAT	43.8	2245	1085	31	508947	502555	368	2549	0.0	1762
DF938582.1	sp|Q9FR53|TOR_ARATH	39.8	2472	1304	42	509607	502555	72	2481	0.0	1659
DF938582.1	sp|Q9VK45|TOR_DROME	42.6	2185	1134	30	508947	502555	353	2470	0.0	1627
DF938582.1	sp|Q0DJS1|TOR_ORYSJ	39.5	2488	1295	44	509607	502555	51	2465	0.0	1623
DF938582.1	sp|Q9P4Z1|TOM1_NEUCR	33.2	4107	2238	97	1741390	1752774	17	3931	0.0	1545
DF938582.1	sp|O14228|PUR4_SCHPO	57.8	1295	498	19	49217	45363	67	1323	0.0	1429
DF938582.1	sp|P38972|PUR4_YEAST	54.6	1396	560	27	49457	45363	6	1358	0.0	1400
DF938582.1	sp|Q96X45|EF2_NEUCR	81.6	830	134	2	1264011	1266497	28	839	0.0	1363
DF938582.1	sp|Q4P9K9|CHS8_USTMA	42.5	1787	849	34	1844381	1849441	100	1807	0.0	1318
DF938582.1	sp|Q875S0|EF2_LACK1	77.1	828	169	4	1264011	1266491	28	835	0.0	1274
DF938582.1	sp|P32324|EF2_YEAST	76.9	828	170	4	1264011	1266491	28	835	0.0	1274
DF938582.1	sp|Q1H2I8|PUR4_METFK	50.7	1378	582	27	49463	45363	2	1293	0.0	1273
DF938582.1	sp|Q754C8|EF2_ASHGO	77.1	828	169	4	1264011	1266491	28	835	0.0	1272
DF938582.1	sp|Q2SK05|PUR4_HAHCH	51.1	1371	588	22	49457	45363	4	1298	0.0	1269
DF938582.1	sp|A5DI11|EF2_PICGU	76.0	829	178	4	1264011	1266494	28	836	0.0	1268
DF938581.1	sp|A0A179H164|LCSA_PURLI	38.4	8032	4354	197	705819	728735	2905	10748	0.0	4990
DF938581.1	sp|A0A098D1P1|GRA1_GIBZE	32.3	7755	4817	152	705606	728339	174	7677	0.0	3821
DF938581.1	sp|A7UMW1|PKS1_ELSFA	73.0	2093	535	11	544011	550265	93	2163	0.0	3073
DF938581.1	sp|Q4WXH8|DPOE_ASPFU	67.8	2237	681	11	614172	620861	24	2228	0.0	3058
DF938581.1	sp|S3DQP3|GLOA_GLAL2	32.5	6132	3829	114	710712	728696	96	6054	0.0	3021
DF938581.1	sp|O93845|DPOE_EMENI	66.6	2244	690	12	614145	620858	14	2204	0.0	2990
DF938581.1	sp|Q5AUZ6|ATNA_EMENI	30.7	6898	3938	130	708462	727334	68	6737	0.0	2969
DF938581.1	sp|A2QLK4|FKS1_ASPNC	76.9	1830	386	8	679179	684653	83	1881	0.0	2841
DF938581.1	sp|F9XMW3|PKS1_ZYMTI	65.2	2098	693	19	544011	550271	93	2163	0.0	2684
DF938581.1	sp|K0E4D7|ECDA_ASPRU	32.9	5627	3421	130	705603	721889	1566	7031	0.0	2659
DF938581.1	sp|A0A0U1LQE6|CCTN_TALIS	30.1	5586	3459	123	708975	725117	164	5513	0.0	2352
DF938581.1	sp|C7ZBE4|SAN1_FUSV7	30.4	6016	3693	162	708240	725468	76	5875	0.0	2328
DF938581.1	sp|P38631|FKS1_YEAST	64.7	1815	586	14	679224	684638	85	1855	0.0	2316
DF938581.1	sp|P40989|FKS2_YEAST	65.3	1799	557	16	679347	684638	109	1874	0.0	2308
DF938581.1	sp|O74475|BGS4_SCHPO	61.8	1819	620	18	679248	684542	99	1896	0.0	2193
DF938581.1	sp|E9FCP4|DTXS1_METRA	29.8	5704	3172	127	711594	726959	21	5471	0.0	2152
DF938581.1	sp|Q6BNG2|DPOE_DEBHA	50.0	2242	1022	30	614226	620849	46	2222	0.0	2123
DF938581.1	sp|C8VPS9|EASA_EMENI	31.0	5083	3143	121	710925	725693	2019	6899	0.0	2122
DF938581.1	sp|Q4WVN4|NRPS8_ASPFU	26.4	7329	4204	173	709107	728735	69	6992	0.0	2084
DF938581.1	sp|O93927|FKS1_CRYNH	61.0	1747	619	18	679356	684578	104	1794	0.0	2063
DF938581.1	sp|O13967|BGS2_SCHPO	60.3	1730	638	13	679404	684548	162	1858	0.0	2059
DF938581.1	sp|Q6CUS7|DPOE_KLULA	49.2	2236	1010	32	614259	620858	41	2185	0.0	2033
DF938581.1	sp|P21951|DPOE_YEAST	48.4	2252	1016	33	614262	620834	46	2213	0.0	1996
DF938581.1	sp|P87154|DPOE_SCHPO	47.0	2251	1099	24	614163	620858	21	2195	0.0	1995
DF938581.1	sp|Q6FNY7|DPOE_CANGA	47.6	2249	1059	33	614262	620855	36	2216	0.0	1992
DF938580.1	sp|Q5BBP5|PKHB_EMENI	64.8	2679	672	26	1713235	1705607	1	2543	0.0	3257
DF938580.1	sp|Q5BBP8|PKHA_EMENI	65.2	2345	685	26	1722031	1729056	3	2219	0.0	2912
DF938580.1	sp|Q0CF75|AZPB1_ASPTN	48.8	2757	1048	43	1713235	1705607	1	2608	0.0	2349
DF938580.1	sp|A0A0K0MCJ4|CAZM_CHAGB	47.1	2792	969	42	1722043	1729056	11	2744	0.0	2256
DF938580.1	sp|Q0CF73|AZPB2_ASPTN	46.1	2778	1012	35	1722025	1729056	5	2735	0.0	2221
DF938580.1	sp|Q5BEJ4|AFOG_EMENI	46.1	2744	1054	47	1713235	1705604	1	2518	0.0	2197
DF938580.1	sp|Q9UT24|BRR2_SCHPO	52.5	2185	979	22	1356171	1349656	28	2166	0.0	2171
DF938580.1	sp|Q5BEJ6|AFOE_EMENI	45.1	2789	1035	38	1722025	1729035	5	2750	0.0	2155
DF938580.1	sp|B6HNK3|SORA_PENRW	44.2	2711	1191	45	1713211	1705607	13	2578	0.0	2073
DF938580.1	sp|G0R6S8|SORA_HYPJQ	44.4	2728	1162	54	1713244	1705619	1	2558	0.0	2069
DF938580.1	sp|O75643|U520_HUMAN	48.0	2199	1039	28	1356168	1349650	10	2130	0.0	1964
DF938580.1	sp|Q6P4T2|U520_MOUSE	48.0	2199	1040	28	1356168	1349650	10	2130	0.0	1963
DF938580.1	sp|F1LNJ2|U520_RAT	47.9	2202	1040	29	1356168	1349650	10	2133	0.0	1957
DF938580.1	sp|Q9VUV9|U520_DROME	47.2	2197	1069	29	1356183	1349656	5	2132	0.0	1911
DF938580.1	sp|Q9SYP1|DEXHC_ARATH	47.0	2206	1078	33	1356177	1349662	13	2160	0.0	1821
DF938580.1	sp|O48534|DEXHD_ARATH	45.6	2217	1110	34	1356192	1349650	9	2165	0.0	1772
DF938580.1	sp|Q9U2G0|U520_CAEEL	44.7	2197	1110	36	1356177	1349668	7	2124	0.0	1739
DF938580.1	sp|Q55CI8|HELCL_DICDI	47.0	1913	955	25	1355346	1349686	329	2209	0.0	1688
DF938580.1	sp|G3XMD1|AZAB_ASPNA	39.1	2713	1291	54	1713223	1705622	2	2531	0.0	1687
DF938580.1	sp|Q5B8A0|PKFA_EMENI	42.7	2219	1082	36	1722463	1729011	120	2185	0.0	1641
DF938580.1	sp|Q86ZD9|SQTKS_PHOSC	37.4	2763	1345	53	1713265	1705610	9	2596	0.0	1615
DF938580.1	sp|A0A3G1DJH7|SQTKS_PHOSM	37.7	2763	1338	52	1713265	1705610	9	2598	0.0	1609
DF938580.1	sp|P32639|BRR2_YEAST	40.6	2235	1192	39	1356198	1349662	8	2162	0.0	1593
DF938580.1	sp|A1DBH2|MYO1_NEOFI	74.3	1100	268	3	309100	305804	30	1115	0.0	1587
DF938580.1	sp|B0Y9Q4|MYO1_ASPFC	74.9	1100	261	4	309100	305804	30	1115	0.0	1583
