WBMQ01000001.1	sp|Q6P2Q9|PRP8_HUMAN	62.8	3021	407	8	3108678	3099622	28	2334	0.0	3711
WBMQ01000001.1	sp|Q99PV0|PRP8_MOUSE	62.8	3021	407	8	3108678	3099622	28	2334	0.0	3711
WBMQ01000001.1	sp|Q9SSD2|PRP8A_ARATH	61.0	3034	467	9	3108717	3099622	39	2358	0.0	3621
WBMQ01000001.1	sp|P34369|PRP8_CAEEL	60.5	3022	476	11	3108672	3099622	20	2328	0.0	3568
WBMQ01000001.1	sp|Q9T0I6|PRP8B_ARATH	59.6	3026	508	8	3108693	3099622	45	2358	0.0	3537
WBMQ01000001.1	sp|Q8T295|PRP8_DICDI	57.8	3022	561	10	3108705	3099649	6	2316	0.0	3402
WBMQ01000001.1	sp|O14187|SPP42_SCHPO	56.5	3019	598	11	3108684	3099649	47	2356	0.0	3250
WBMQ01000001.1	sp|P33334|PRP8_YEAST	47.2	3017	861	16	3108636	3099622	115	2412	0.0	2676
WBMQ01000001.1	sp|P34731|FAS1_CANAX	48.5	2085	994	28	1996215	1990036	5	2035	0.0	1917
WBMQ01000001.1	sp|Q9UUG0|FAS1_SCHPO	49.5	2100	988	30	1996221	1990027	10	2072	0.0	1898
WBMQ01000001.1	sp|P34229|FAS1_YARLI	47.6	2099	1038	28	1996224	1990027	14	2084	0.0	1876
WBMQ01000001.1	sp|P07149|FAS1_YEAST	47.1	2083	1041	26	1996221	1990036	5	2047	0.0	1822
WBMQ01000001.1	sp|P78615|FAS2_EMEND	53.8	1777	758	21	1990020	1984822	3	1760	0.0	1775
WBMQ01000001.1	sp|P43098|FAS2_CANAX	54.2	1796	747	18	1990020	1984822	3	1785	0.0	1774
WBMQ01000001.1	sp|Q10289|FAS2_SCHPO	52.7	1757	790	15	1990020	1984822	3	1742	0.0	1763
WBMQ01000001.1	sp|P15368|FAS2_PENPA	54.1	1771	759	20	1990020	1984822	3	1757	0.0	1761
WBMQ01000001.1	sp|G8BAW7|FAS2_CANPC	53.1	1795	766	14	1990020	1984822	3	1784	0.0	1751
WBMQ01000001.1	sp|P19097|FAS2_YEAST	52.7	1796	775	16	1990020	1984822	3	1786	0.0	1731
WBMQ01000001.1	sp|Q765N2|FAS2_LACKL	53.5	1803	750	17	1990020	1984822	5	1788	0.0	1727
WBMQ01000001.1	sp|Q92215|TOXC_COCCA	43.2	2080	1131	20	1996221	1990039	10	2057	0.0	1638
WBMQ01000001.1	sp|O93927|FKS1_CRYNH	52.9	1545	690	15	2272280	2267697	121	1645	0.0	1577
WBMQ01000001.1	sp|A2QLK4|FKS1_ASPNC	51.7	1556	698	18	2272256	2267697	175	1712	0.0	1510
WBMQ01000001.1	sp|P38631|FKS1_YEAST	50.2	1558	713	18	2272241	2267697	147	1684	0.0	1454
WBMQ01000001.1	sp|P40989|FKS2_YEAST	49.6	1564	714	17	2272241	2267697	166	1703	0.0	1446
WBMQ01000001.1	sp|Q5AV07|ATNM_EMENI	40.8	2005	1111	30	1995957	1990033	146	2104	0.0	1445
WBMQ01000010.1	sp|Q9UT19|METE_SCHPO	56.6	763	327	3	1378979	1376694	1	760	1.38e-280	874
WBMQ01000010.1	sp|Q54X49|METE_DICDI	55.3	818	310	12	1378979	1376694	1	818	1.09e-274	859
WBMQ01000010.1	sp|B2I621|METE_XYLF2	53.9	765	341	5	1378979	1376694	1	756	2.92e-261	818
WBMQ01000010.1	sp|Q87BY8|METE_XYLFT	53.9	765	341	5	1378979	1376694	1	756	2.92e-261	818
WBMQ01000010.1	sp|Q9PB72|METE_XYLFA	53.6	765	343	6	1378979	1376694	1	756	4.06e-259	811
WBMQ01000010.1	sp|B0U3F5|METE_XYLFM	53.6	765	343	5	1378979	1376694	1	756	4.06e-259	811
WBMQ01000010.1	sp|Q3SNK1|METE_NITWN	53.2	769	346	4	1378961	1376694	4	771	7.85e-254	797
WBMQ01000010.1	sp|Q9AAW1|METE_CAUVC	53.9	774	343	6	1378976	1376694	3	775	2.11e-252	793
WBMQ01000010.1	sp|Q11PV4|METE_CYTH3	52.5	775	347	8	1378976	1376694	1	768	1.25e-251	791
WBMQ01000010.1	sp|P82610|METE_CANAL	54.5	775	329	12	1378979	1376694	1	764	3.24e-251	789
WBMQ01000010.1	sp|B1J2V4|METE_PSEPW	53.0	766	353	5	1378979	1376694	1	763	3.68e-250	786
WBMQ01000010.1	sp|Q6N765|METE_RHOPA	52.6	770	350	4	1378961	1376694	15	783	2.73e-249	785
WBMQ01000010.1	sp|A7HQP6|METE_PARL1	52.2	766	354	6	1378979	1376694	1	758	9.84e-249	782
WBMQ01000010.1	sp|B3QGC4|METE_RHOPT	52.6	770	350	4	1378961	1376694	15	783	1.27e-248	783
WBMQ01000010.1	sp|Q11EU7|METE_CHESB	53.9	766	336	8	1378961	1376694	9	767	1.65e-248	781
WBMQ01000010.1	sp|A6V1K5|METE_PSEA7	52.0	768	359	5	1378979	1376685	1	761	1.16e-247	779
WBMQ01000010.1	sp|Q1I4X3|METE_PSEE4	52.6	766	352	5	1378979	1376694	1	759	1.52e-247	778
WBMQ01000010.1	sp|P57703|METE_PSEAE	52.9	767	351	5	1378979	1376691	1	761	1.75e-247	778
WBMQ01000010.1	sp|A4VNE5|METE_PSEU5	52.5	770	351	6	1378979	1376694	1	763	5.26e-247	777
WBMQ01000010.1	sp|P05694|METE_YEAST	54.2	769	338	10	1378979	1376694	1	762	6.22e-247	777
WBMQ01000010.1	sp|Q98A73|METE_RHILO	52.9	768	349	4	1378961	1376694	4	770	8.52e-247	777
WBMQ01000010.1	sp|Q02L76|METE_PSEAB	52.8	767	352	5	1378979	1376691	1	761	1.11e-246	776
WBMQ01000010.1	sp|A4XSY1|METE_PSEMY	52.2	765	361	4	1378979	1376694	1	763	1.57e-246	776
WBMQ01000010.1	sp|Q2KYF3|METE_BORA1	52.9	770	347	7	1378979	1376694	1	762	3.82e-246	775
WBMQ01000010.1	sp|B7VAU6|METE_PSEA8	52.7	767	353	5	1378979	1376691	1	761	3.82e-246	775
WBMQ01000011.1	sp|Q6F2Y7|CLPB1_ORYSJ	58.4	880	336	7	1580302	1577684	1	857	2.74e-308	960
WBMQ01000011.1	sp|P42730|CLPB1_ARATH	58.4	872	336	6	1580302	1577702	1	850	3.59e-308	959
WBMQ01000011.1	sp|P21447|MDR1A_MOUSE	43.9	1274	660	14	256995	253237	31	1270	3.40e-303	961
WBMQ01000011.1	sp|Q54BT3|ABCB2_DICDI	42.5	1302	673	10	256995	253237	121	1396	2.17e-301	960
WBMQ01000011.1	sp|P21448|MDR1_CRIGR	43.5	1272	669	14	256995	253237	31	1271	1.15e-300	953
WBMQ01000011.1	sp|P21439|MDR3_HUMAN	43.2	1276	675	13	257004	253237	35	1280	1.58e-296	942
WBMQ01000011.1	sp|P08183|MDR1_HUMAN	42.6	1276	676	14	256995	253237	32	1274	1.50e-293	933
WBMQ01000011.1	sp|P21440|MDR3_MOUSE	42.6	1271	688	12	257013	253237	29	1270	2.07e-290	924
WBMQ01000011.1	sp|P23174|MDR3_CRIGR	43.0	1264	670	14	256974	253237	45	1275	2.08e-289	921
WBMQ01000011.1	sp|P06795|MDR1B_MOUSE	42.0	1259	671	13	256950	253246	46	1269	2.41e-289	920
WBMQ01000011.1	sp|Q9FWX7|AB11B_ARATH	40.6	1303	712	14	257070	253219	19	1278	1.61e-288	918
WBMQ01000011.1	sp|Q08201|MDR3_RAT	42.7	1268	668	15	256974	253237	42	1272	8.67e-287	913
WBMQ01000011.1	sp|O94641|HS104_SCHPO	55.3	862	371	7	1580287	1577726	6	861	1.91e-284	891
WBMQ01000011.1	sp|P21449|MDR2_CRIGR	41.4	1270	692	13	256995	253246	32	1269	5.08e-284	905
WBMQ01000011.1	sp|O80725|AB4B_ARATH	40.8	1280	703	13	257004	253219	44	1286	1.29e-283	904
WBMQ01000011.1	sp|Q9M0M2|AB9B_ARATH	40.9	1256	687	14	256989	253252	16	1226	7.65e-283	900
WBMQ01000011.1	sp|P43245|MDR1_RAT	41.0	1278	689	17	256995	253246	30	1270	5.19e-282	899
WBMQ01000011.1	sp|Q9FWX8|AB12B_ARATH	40.4	1285	712	15	257013	253219	23	1273	3.91e-281	897
WBMQ01000011.1	sp|P47169|MET5_YEAST	45.1	1117	550	19	656952	660152	332	1435	5.34e-281	903
WBMQ01000011.1	sp|Q1K9C2|MET5_SCHPO	46.9	1069	527	19	657018	660137	402	1458	2.10e-279	899
WBMQ01000011.1	sp|Q9Y8G1|ATRD_EMEND	41.8	1246	707	11	1241881	1245582	105	1344	3.46e-279	894
WBMQ01000011.1	sp|Q9M1Q9|AB21B_ARATH	40.0	1276	711	14	257004	253219	61	1296	1.47e-278	890
WBMQ01000011.1	sp|O95342|ABCBB_HUMAN	40.4	1295	700	16	256989	253246	45	1314	3.20e-278	890
WBMQ01000011.1	sp|Q5BAY0|ATRD_EMENI	41.7	1249	699	13	1241881	1245582	105	1339	4.58e-276	885
WBMQ01000011.1	sp|Q7NFE9|CLPB_GLOVI	53.0	870	391	5	1580296	1577693	6	859	1.90e-275	863
WBMQ01000012.1	sp|Q06625|GDE_YEAST	44.0	1481	755	24	511745	516070	83	1528	0.0	1171
WBMQ01000012.1	sp|A8BQB4|GDE_HORSE	39.1	1516	778	33	511781	516070	78	1533	5.75e-310	990
WBMQ01000012.1	sp|Q2PQH8|GDE_CANLF	38.8	1517	780	32	511781	516070	78	1533	1.22e-308	986
WBMQ01000012.1	sp|P35574|GDE_RABIT	39.1	1518	774	37	511781	516070	101	1555	4.20e-304	974
WBMQ01000012.1	sp|P35573|GDE_HUMAN	38.6	1517	782	33	511781	516070	78	1532	9.66e-304	972
WBMQ01000012.1	sp|Q6GL04|TERA_XENTR	61.6	768	225	11	251972	254212	87	805	4.09e-278	868
WBMQ01000012.1	sp|P55072|TERA_HUMAN	60.9	768	231	10	251972	254212	87	806	1.26e-276	864
WBMQ01000012.1	sp|Q01853|TERA_MOUSE	60.9	768	231	10	251972	254212	87	806	1.26e-276	864
WBMQ01000012.1	sp|Q7ZU99|TERA_DANRE	61.1	768	230	10	251972	254212	87	806	2.33e-276	863
WBMQ01000012.1	sp|P46462|TERA_RAT	60.9	768	231	10	251972	254212	87	806	3.17e-276	863
WBMQ01000012.1	sp|Q3ZBT1|TERA_BOVIN	60.8	768	232	10	251972	254212	87	806	1.48e-275	861
WBMQ01000012.1	sp|P03974|TERA_PIG	60.7	768	233	10	251972	254212	87	806	1.48e-275	861
WBMQ01000012.1	sp|P23787|TERA_XENLA	61.1	768	229	11	251972	254212	87	805	4.91e-275	859
WBMQ01000012.1	sp|P54774|CDC48_SOYBN	59.6	763	245	10	251972	254212	92	807	3.54e-268	840
WBMQ01000012.1	sp|P54811|TERA1_CAEEL	60.5	762	239	10	251972	254209	93	808	3.80e-268	840
WBMQ01000012.1	sp|P54609|CD48A_ARATH	59.5	766	242	11	251972	254209	91	808	3.87e-266	834
WBMQ01000012.1	sp|P54812|TERA2_CAEEL	60.5	755	251	10	251972	254209	93	809	1.01e-265	833
WBMQ01000012.1	sp|Q9LZF6|CD48E_ARATH	58.8	767	249	10	251972	254212	91	810	4.71e-265	831
WBMQ01000012.1	sp|Q7KN62|TERA_DROME	59.5	765	245	11	251972	254212	84	801	2.18e-264	828
WBMQ01000012.1	sp|Q9SCN8|CD48D_ARATH	57.8	768	259	11	251972	254212	92	815	1.24e-261	821
WBMQ01000012.1	sp|Q96372|CDC48_CAPAN	57.2	762	263	11	251972	254212	92	805	6.89e-254	798
WBMQ01000012.1	sp|Q5AWS6|CDC48_EMENI	57.7	770	253	13	251963	254209	105	822	1.29e-253	798
WBMQ01000012.1	sp|Q09785|GCSP_SCHPO	61.7	650	238	4	1316541	1318457	381	1030	2.24e-253	806
WBMQ01000012.1	sp|Q54BT3|ABCB2_DICDI	37.1	1325	746	17	960138	956332	103	1396	1.03e-252	819
WBMQ01000012.1	sp|P21448|MDR1_CRIGR	38.3	1283	712	14	960072	956332	33	1271	6.75e-250	806
WBMQ01000013.1	sp|Q14204|DYHC1_HUMAN	59.2	2533	993	20	109615	102089	2127	4642	0.0	2950
WBMQ01000013.1	sp|Q9JHU4|DYHC1_MOUSE	59.0	2533	997	20	109615	102089	2125	4640	0.0	2949
WBMQ01000013.1	sp|P38650|DYHC1_RAT	58.7	2537	998	19	109615	102089	2125	4640	0.0	2936
WBMQ01000013.1	sp|P37276|DYHC_DROME	57.6	2556	1021	21	109636	102083	2104	4634	0.0	2855
WBMQ01000013.1	sp|P34036|DYHC_DICDI	52.1	2562	1136	22	109588	102083	2194	4725	0.0	2621
WBMQ01000013.1	sp|P45443|DYHC_NEUCR	59.2	2236	864	17	109609	102953	2151	4355	0.0	2588
WBMQ01000013.1	sp|P45444|DYHC_EMENI	59.9	2229	844	18	109597	102953	2144	4337	0.0	2578
WBMQ01000013.1	sp|P78716|DYHC_FUSVN	57.9	2238	896	17	109612	102929	2149	4349	0.0	2539
WBMQ01000013.1	sp|Q19020|DYHC_CAEEL	52.1	2532	1151	28	109609	102089	2067	4562	0.0	2506
WBMQ01000013.1	sp|Q27171|DYHC_PARTE	45.6	2537	1300	34	109630	102134	2026	4520	0.0	2122
WBMQ01000013.1	sp|Q8IBG1|DYHC1_PLAF7	38.4	2758	1352	36	109597	102323	2234	4977	0.0	1781
WBMQ01000013.1	sp|Q9C1M7|DYHC_ASHGO	36.5	2190	1248	25	109603	103073	1978	4038	0.0	1394
WBMQ01000013.1	sp|O94313|CARB_SCHPO	56.2	1155	437	14	366391	362954	61	1155	0.0	1189
WBMQ01000013.1	sp|P46056|CARB_CUTCT	57.6	1127	417	17	366310	362954	75	1148	0.0	1184
WBMQ01000013.1	sp|P03965|CARB_YEAST	53.7	1161	464	16	366379	362954	7	1113	0.0	1177
WBMQ01000013.1	sp|P36022|DYHC_YEAST	37.0	1729	1019	16	109615	104489	1984	3661	0.0	1160
WBMQ01000013.1	sp|Q75D66|CARB_ASHGO	54.5	1100	452	10	366310	363017	28	1080	0.0	1115
WBMQ01000013.1	sp|P05990|PYR1_DROME	53.7	1091	449	12	366307	363053	404	1444	0.0	1071
WBMQ01000013.1	sp|P07259|PYR1_YEAST	52.0	1111	484	14	366307	362975	439	1500	0.0	1060
WBMQ01000013.1	sp|Q91437|PYR1_SQUAC	52.2	1101	469	14	366304	363020	398	1447	0.0	1055
WBMQ01000013.1	sp|O93937|PYR1_EMENI	51.2	1136	498	16	366373	362975	458	1540	0.0	1048
WBMQ01000013.1	sp|P31327|CPSM_HUMAN	50.1	1107	501	15	366310	363005	422	1482	0.0	1025
WBMQ01000013.1	sp|Q8C196|CPSM_MOUSE	50.1	1105	500	15	366310	363011	422	1480	0.0	1025
WBMQ01000013.1	sp|P07756|CPSM_RAT	50.0	1105	501	15	366310	363011	422	1480	0.0	1025
WBMQ01000013.1	sp|Q91293|CPSM_LITCT	49.5	1113	507	16	366304	362981	421	1483	1.79e-316	1008
WBMQ01000014.1	sp|Q9UUG0|FAS1_SCHPO	49.7	2096	985	34	131253	125071	12	2072	0.0	1924
WBMQ01000014.1	sp|P34229|FAS1_YARLI	48.0	2090	1025	28	131253	125086	17	2079	0.0	1910
WBMQ01000014.1	sp|P34731|FAS1_CANAX	47.8	2091	1003	34	131259	125080	3	2035	0.0	1900
WBMQ01000014.1	sp|P07149|FAS1_YEAST	46.6	2072	1058	26	131253	125086	7	2045	0.0	1835
WBMQ01000014.1	sp|P78615|FAS2_EMEND	58.9	1459	574	11	123805	119441	420	1857	0.0	1672
WBMQ01000014.1	sp|P15368|FAS2_PENPA	59.3	1444	559	11	123805	119495	416	1838	0.0	1660
WBMQ01000014.1	sp|Q92215|TOXC_COCCA	42.3	2077	1143	21	131250	125086	13	2056	0.0	1626
WBMQ01000014.1	sp|Q10289|FAS2_SCHPO	56.9	1458	586	12	123805	119444	421	1840	0.0	1621
WBMQ01000014.1	sp|P19097|FAS2_YEAST	55.9	1479	608	10	123805	119444	425	1884	0.0	1607
WBMQ01000014.1	sp|G8BAW7|FAS2_CANPC	56.3	1486	595	16	123808	119441	422	1883	0.0	1587
WBMQ01000014.1	sp|Q765N2|FAS2_LACKL	55.6	1479	615	11	123805	119441	426	1887	0.0	1580
WBMQ01000014.1	sp|P43098|FAS2_CANAX	56.1	1485	600	13	123808	119441	423	1884	0.0	1577
WBMQ01000014.1	sp|Q5AV07|ATNM_EMENI	40.2	2014	1132	29	131034	125074	137	2105	0.0	1446
WBMQ01000014.1	sp|Q2TXG3|ORYB_ASPOR	37.0	2089	1180	37	131253	125113	24	2017	0.0	1298
WBMQ01000014.1	sp|M2XHU6|HEXB_DOTSN	37.0	1946	1149	34	130860	125092	10	1901	0.0	1205
WBMQ01000014.1	sp|I1S489|GRA7_GIBZE	34.6	2117	1224	35	131250	125086	36	2053	0.0	1170
WBMQ01000014.1	sp|Q2TXF0|ORYA_ASPOR	49.1	1272	614	11	123229	119444	526	1773	0.0	1162
WBMQ01000014.1	sp|Q8TGA1|AFLB_ASPPU	36.3	1938	1151	31	130848	125092	13	1885	0.0	1123
WBMQ01000014.1	sp|Q5AV00|ATNF_EMENI	52.6	1104	491	13	123226	119966	548	1636	0.0	1112
WBMQ01000014.1	sp|P00365|DHE2_NEUCR	53.4	1008	438	9	1051455	1048459	57	1041	0.0	1067
WBMQ01000014.1	sp|Q00706|STCK_EMENI	35.1	1958	1165	40	130818	125077	17	1913	0.0	1063
WBMQ01000014.1	sp|Q5B7V0|PKIB_EMENI	45.1	1276	644	16	123232	119444	534	1766	0.0	1058
WBMQ01000014.1	sp|I1R9A6|GRA9_GIBZE	50.2	1089	516	11	123187	119951	519	1591	0.0	1029
WBMQ01000014.1	sp|Q8VY00|ESP3_ARATH	60.1	897	330	14	606499	609159	165	1043	0.0	997
WBMQ01000014.1	sp|Q10752|CDC28_SCHPO	58.4	882	347	9	606520	609132	180	1052	2.38e-317	992
WBMQ01000015.1	sp|P36594|RPB1_SCHPO	57.5	1512	609	11	36226	31709	30	1513	0.0	1684
WBMQ01000015.1	sp|Q75A34|RPB1_ASHGO	52.7	1551	687	13	36226	31622	28	1547	0.0	1564
WBMQ01000015.1	sp|P04050|RPB1_YEAST	52.6	1516	669	12	36226	31703	28	1502	0.0	1539
WBMQ01000015.1	sp|P35084|RPB1_DICDI	53.6	1481	658	10	36226	31832	29	1496	0.0	1538
WBMQ01000015.1	sp|P18616|NRPB1_ARATH	51.6	1534	702	14	36226	31697	29	1545	0.0	1516
WBMQ01000015.1	sp|P11414|RPB1_CRIGR	52.5	1471	667	15	36226	31874	32	1490	0.0	1508
WBMQ01000015.1	sp|P24928|RPB1_HUMAN	52.5	1471	667	15	36226	31874	32	1490	0.0	1508
WBMQ01000015.1	sp|P08775|RPB1_MOUSE	52.5	1471	667	15	36226	31874	32	1490	0.0	1508
WBMQ01000015.1	sp|P35074|RPB1_CAEBR	51.7	1517	688	12	36226	31778	29	1535	0.0	1493
WBMQ01000015.1	sp|P16356|RPB1_CAEEL	50.5	1587	737	18	36226	31529	29	1587	0.0	1489
WBMQ01000015.1	sp|P04052|RPB1_DROME	50.8	1523	712	16	36226	31727	28	1536	0.0	1482
WBMQ01000015.1	sp|A5DCV3|RPB1_PICGU	49.0	1487	548	11	36226	31793	29	1313	0.0	1361
WBMQ01000015.1	sp|Q8SSC4|RPB1_ENCCU	46.2	1488	666	23	36217	31877	27	1421	0.0	1211
WBMQ01000015.1	sp|P14248|RPB1_PLAFD	33.6	2168	817	25	36226	31538	31	2181	0.0	1078
WBMQ01000015.1	sp|O93937|PYR1_EMENI	50.7	1218	508	18	121626	125153	884	2050	8.10e-315	1029
WBMQ01000015.1	sp|P07259|PYR1_YEAST	48.5	1226	521	18	121626	125153	842	2006	7.05e-308	1007
WBMQ01000015.1	sp|Q09794|PYR1_SCHPO	49.0	1193	554	16	121626	125153	878	2032	6.83e-304	996
WBMQ01000015.1	sp|P17546|RPB1A_TRYBB	40.9	1476	779	31	36118	31835	66	1496	1.94e-303	979
WBMQ01000015.1	sp|P17545|RPB1B_TRYBB	40.9	1476	780	31	36118	31835	66	1496	1.94e-303	979
WBMQ01000015.1	sp|P20054|PYR1_DICDI	41.9	1255	606	20	121632	125162	812	2021	8.16e-247	827
WBMQ01000015.1	sp|Q86AQ5|RPC1_DICDI	34.6	1492	871	25	36220	31847	30	1450	7.10e-237	773
WBMQ01000015.1	sp|Q7T6X5|RPO1_MIMIV	33.8	1514	877	32	36205	31823	43	1483	3.75e-235	770
WBMQ01000015.1	sp|Q91437|PYR1_SQUAC	53.9	762	326	9	121632	123884	803	1550	3.13e-228	771
WBMQ01000015.1	sp|O94666|RPC1_SCHPO	34.1	1489	812	31	36205	31856	34	1392	2.11e-225	738
WBMQ01000015.1	sp|Q6BI69|RPC1_DEBHA	34.6	1496	811	35	36181	31901	43	1440	2.76e-222	731
WBMQ01000016.1	sp|Q6TGZ5|HPPD_DANRE	58.6	382	157	1	69977	71119	1	382	7.40e-140	450
WBMQ01000016.1	sp|Q5EA20|HPPD_BOVIN	57.5	381	162	0	69977	71119	1	381	1.92e-138	446
WBMQ01000016.1	sp|P32754|HPPD_HUMAN	57.2	381	163	0	69977	71119	1	381	1.92e-138	446
WBMQ01000016.1	sp|Q5BKL0|HPPD_XENTR	57.1	382	163	1	69977	71119	1	382	2.71e-138	445
WBMQ01000016.1	sp|Q27203|HPPD_TETTH	58.6	374	150	4	70013	71119	23	396	5.37e-136	439
WBMQ01000016.1	sp|P32755|HPPD_RAT	56.4	381	166	0	69977	71119	1	381	1.09e-134	435
WBMQ01000016.1	sp|Q60Y65|HPPD_CAEBR	58.4	365	150	1	70031	71119	18	382	1.53e-132	429
WBMQ01000016.1	sp|O42764|HPPD_ZYMTR	55.5	382	155	2	70019	71119	38	419	2.77e-132	429
WBMQ01000016.1	sp|P49429|HPPD_MOUSE	55.6	381	169	0	69977	71119	1	381	3.85e-132	427
WBMQ01000016.1	sp|Q22633|HPPD_CAEEL	57.6	370	155	1	70016	71119	13	382	6.20e-131	424
WBMQ01000016.1	sp|Q76NV5|HPPD_DICDI	55.6	365	161	1	70028	71119	3	367	2.95e-130	421
WBMQ01000016.1	sp|Q4WHU1|HPPD1_ASPFU	56.3	380	152	3	70022	71119	23	402	3.57e-129	419
WBMQ01000016.1	sp|Q6CDR5|HPPD_YARLI	53.0	389	171	3	69965	71119	14	394	2.26e-128	417
WBMQ01000016.1	sp|Q872T7|HPPD_NEUCR	56.0	386	150	5	70019	71119	28	412	1.71e-126	412
WBMQ01000016.1	sp|Q1E803|HPPD_COCIM	54.0	378	162	2	70022	71119	21	398	3.76e-126	410
WBMQ01000016.1	sp|P0CW94|HPPD_COCP7	53.7	378	163	2	70022	71119	21	398	1.29e-125	409
WBMQ01000016.1	sp|E9CWP5|HPPD_COCPS	53.7	378	163	2	70022	71119	21	398	1.29e-125	409
WBMQ01000016.1	sp|Q4WPV8|HPPD2_ASPFU	52.3	390	165	4	70013	71119	17	406	3.12e-123	402
WBMQ01000016.1	sp|Q96X22|HPPD_MAGO7	51.7	385	167	4	70022	71119	35	419	2.37e-118	389
WBMQ01000016.1	sp|Q02110|HPPD_PIG	52.7	385	174	3	69977	71119	1	381	1.39e-114	377
WBMQ01000016.1	sp|Q9S2F4|HPPD_STRCO	52.6	367	164	5	70028	71119	22	381	5.59e-105	349
WBMQ01000016.1	sp|Q53586|HPPD_STRAW	49.6	373	166	4	70028	71119	22	381	3.63e-102	341
WBMQ01000016.1	sp|P23641|MPCP_YEAST	63.1	268	96	3	20253	19453	41	306	6.98e-95	317
WBMQ01000016.1	sp|Q1MTQ5|MUG89_SCHPO	49.6	351	165	10	26022	27053	26	371	3.44e-94	318
WBMQ01000016.1	sp|Q93Y37|MNS3_ARATH	39.6	560	271	13	83273	81699	92	619	2.32e-93	325
WBMQ01000017.1	sp|Q6CPQ9|EF2_KLULA	75.2	842	209	0	52502	55027	1	842	0.0	1280
WBMQ01000017.1	sp|Q5A0M4|EF2_CANAL	75.5	842	206	0	52502	55027	1	842	0.0	1278
WBMQ01000017.1	sp|C4YJQ8|EF2_CANAW	75.5	842	206	0	52502	55027	1	842	0.0	1278
WBMQ01000017.1	sp|Q875S0|EF2_LACK1	74.3	842	216	0	52502	55027	1	842	0.0	1275
WBMQ01000017.1	sp|Q754C8|EF2_ASHGO	74.8	842	212	0	52502	55027	1	842	0.0	1274
WBMQ01000017.1	sp|Q874B9|EF2_PICPA	74.8	842	212	0	52502	55027	1	842	0.0	1272
WBMQ01000017.1	sp|P32324|EF2_YEAST	74.3	842	216	0	52502	55027	1	842	0.0	1270
WBMQ01000017.1	sp|Q6BJ25|EF2_DEBHA	74.6	842	214	0	52502	55027	1	842	0.0	1269
WBMQ01000017.1	sp|A5DI11|EF2_PICGU	74.6	842	214	0	52502	55027	1	842	0.0	1268
WBMQ01000017.1	sp|Q875Z2|EF2_NAUCC	74.5	842	215	0	52502	55027	1	842	0.0	1261
WBMQ01000017.1	sp|Q6FYA7|EF2_CANGA	73.9	842	220	0	52502	55027	1	842	0.0	1256
WBMQ01000017.1	sp|Q96X45|EF2_NEUCR	73.8	845	217	4	52502	55027	1	844	0.0	1250
WBMQ01000017.1	sp|O14460|EF2_SCHPO	73.3	842	225	0	52502	55027	1	842	0.0	1248
WBMQ01000017.1	sp|Q3SYU2|EF2_BOVIN	67.9	858	259	2	52502	55027	1	858	0.0	1171
WBMQ01000017.1	sp|A0SXL6|EF2_CALJA	67.9	858	259	2	52502	55027	1	858	0.0	1169
WBMQ01000017.1	sp|Q90705|EF2_CHICK	67.9	858	259	2	52502	55027	1	858	0.0	1169
WBMQ01000017.1	sp|P58252|EF2_MOUSE	67.7	858	261	2	52502	55027	1	858	0.0	1169
WBMQ01000017.1	sp|P05197|EF2_RAT	67.7	858	261	2	52502	55027	1	858	0.0	1169
WBMQ01000017.1	sp|P13639|EF2_HUMAN	67.8	858	260	2	52502	55027	1	858	0.0	1168
WBMQ01000017.1	sp|Q5R8Z3|EF2_PONAB	67.8	858	260	2	52502	55027	1	858	0.0	1168
WBMQ01000017.1	sp|P09445|EF2_CRIGR	67.7	858	261	2	52502	55027	1	858	0.0	1167
WBMQ01000017.1	sp|P29691|EF2_CAEEL	67.8	856	258	3	52502	55027	1	852	0.0	1161
WBMQ01000017.1	sp|Q1HPK6|EF2_BOMMO	67.5	849	264	4	52502	55027	1	844	0.0	1146
WBMQ01000017.1	sp|P13060|EF2_DROME	66.4	848	275	4	52502	55027	1	844	0.0	1136
WBMQ01000017.1	sp|P15112|EF2_DICDI	65.0	843	290	3	52502	55027	1	839	0.0	1092
WBMQ01000018.1	sp|C4R628|PFF1_KOMPG	37.1	310	182	7	101083	101994	140	442	3.35e-32	145
WBMQ01000018.1	sp|A4R254|PFF1_MAGO7	39.4	188	109	3	101308	101862	147	332	2.16e-24	120
WBMQ01000018.1	sp|C5E0G6|PFF1_ZYGRC	35.1	191	116	3	101275	101829	122	310	6.82e-23	115
WBMQ01000018.1	sp|Q18600|ERP1B_CAEEL	30.3	277	181	7	101320	102117	170	445	4.24e-22	112
WBMQ01000018.1	sp|Q10294|PAC2_SCHPO	38.0	79	49	0	16815	17051	2	80	8.52e-09	65.9
WBMQ01000018.1	sp|O14367|GTI1_SCHPO	35.4	79	50	1	54708	54941	10	88	4.34e-05	57.0
WBMQ01000019.1	sp|P36594|RPB1_SCHPO	57.5	1512	609	11	96058	91541	30	1513	0.0	1684
WBMQ01000019.1	sp|Q75A34|RPB1_ASHGO	52.7	1551	687	13	96058	91454	28	1547	0.0	1564
WBMQ01000019.1	sp|P04050|RPB1_YEAST	52.6	1516	669	12	96058	91535	28	1502	0.0	1539
WBMQ01000019.1	sp|P35084|RPB1_DICDI	53.6	1481	658	10	96058	91664	29	1496	0.0	1538
WBMQ01000019.1	sp|P18616|NRPB1_ARATH	51.6	1534	702	14	96058	91529	29	1545	0.0	1516
WBMQ01000019.1	sp|P11414|RPB1_CRIGR	52.5	1471	667	15	96058	91706	32	1490	0.0	1508
WBMQ01000019.1	sp|P24928|RPB1_HUMAN	52.5	1471	667	15	96058	91706	32	1490	0.0	1508
WBMQ01000019.1	sp|P08775|RPB1_MOUSE	52.5	1471	667	15	96058	91706	32	1490	0.0	1508
WBMQ01000019.1	sp|P35074|RPB1_CAEBR	51.7	1517	688	12	96058	91610	29	1535	0.0	1493
WBMQ01000019.1	sp|P16356|RPB1_CAEEL	50.5	1587	737	18	96058	91361	29	1587	0.0	1489
WBMQ01000019.1	sp|P04052|RPB1_DROME	50.8	1523	712	16	96058	91559	28	1536	0.0	1482
WBMQ01000019.1	sp|A5DCV3|RPB1_PICGU	49.0	1487	548	11	96058	91625	29	1313	0.0	1361
WBMQ01000019.1	sp|Q8SSC4|RPB1_ENCCU	46.2	1488	666	23	96049	91709	27	1421	0.0	1211
WBMQ01000019.1	sp|P14248|RPB1_PLAFD	33.6	2168	817	25	96058	91370	31	2181	0.0	1078
WBMQ01000019.1	sp|P17546|RPB1A_TRYBB	40.9	1476	779	31	95950	91667	66	1496	3.68e-304	979
WBMQ01000019.1	sp|P17545|RPB1B_TRYBB	40.9	1476	780	31	95950	91667	66	1496	3.68e-304	979
WBMQ01000019.1	sp|Q86AQ5|RPC1_DICDI	34.6	1492	871	25	96052	91679	30	1450	1.35e-237	773
WBMQ01000019.1	sp|Q7T6X5|RPO1_MIMIV	33.8	1514	877	32	96037	91655	43	1483	7.13e-236	770
WBMQ01000019.1	sp|O94666|RPC1_SCHPO	34.1	1489	812	31	96037	91688	34	1392	4.02e-226	738
WBMQ01000019.1	sp|Q6BI69|RPC1_DEBHA	34.6	1496	811	35	96013	91733	43	1440	5.24e-223	731
WBMQ01000019.1	sp|Q5ZL98|RPC1_CHICK	34.6	1451	777	29	95998	91751	50	1363	9.75e-223	728
WBMQ01000019.1	sp|O14802|RPC1_HUMAN	34.7	1451	767	31	95986	91751	54	1363	1.32e-222	728
WBMQ01000019.1	sp|A4IF62|RPC1_BOVIN	34.4	1451	780	28	95986	91739	54	1367	8.18e-222	725
WBMQ01000019.1	sp|P11512|RPOA1_SULAC	43.2	876	456	10	96076	93476	13	855	4.18e-216	689
WBMQ01000019.1	sp|P04051|RPC1_YEAST	34.3	1499	835	39	96061	91739	29	1435	1.70e-213	703
WBMQ01000002.1	sp|O75643|U520_HUMAN	51.0	2197	992	27	764755	771282	1	2133	0.0	2114
WBMQ01000002.1	sp|Q6P4T2|U520_MOUSE	50.9	2196	995	27	764755	771282	1	2133	0.0	2112
WBMQ01000002.1	sp|F1LNJ2|U520_RAT	51.0	2200	991	30	764755	771282	1	2136	0.0	2107
WBMQ01000002.1	sp|Q9VUV9|U520_DROME	50.0	2208	1012	25	764755	771297	1	2142	0.0	2090
WBMQ01000002.1	sp|Q9UT24|BRR2_SCHPO	48.8	2190	1040	29	764779	771261	28	2164	0.0	1950
WBMQ01000002.1	sp|Q9SYP1|DEXHC_ARATH	48.7	2224	1014	36	764758	771261	8	2160	0.0	1937
WBMQ01000002.1	sp|Q9U2G0|U520_CAEEL	46.2	2201	1079	28	764755	771261	1	2128	0.0	1895
WBMQ01000002.1	sp|O48534|DEXHD_ARATH	48.1	2213	1043	34	764758	771261	9	2161	0.0	1885
WBMQ01000002.1	sp|Q55CI8|HELCL_DICDI	44.9	2255	1110	31	764755	771249	1	2213	0.0	1814
WBMQ01000002.1	sp|P78820|ACAC_SCHPO	49.3	1626	775	19	1664369	1659612	582	2198	0.0	1510
WBMQ01000002.1	sp|Q00955|ACAC_YEAST	48.1	1623	810	18	1664279	1659471	604	2213	0.0	1442
WBMQ01000002.1	sp|P32639|BRR2_YEAST	38.8	2189	1210	44	764860	771261	48	2162	0.0	1439
WBMQ01000002.1	sp|Q9FNQ1|DEXHE_ARATH	41.8	1742	951	23	766078	771252	455	2151	0.0	1347
WBMQ01000002.1	sp|F1NTD6|ASCC3_CHICK	41.4	1790	955	27	766075	771261	432	2188	0.0	1335
WBMQ01000002.1	sp|E1BNG3|ASCC3_BOVIN	41.0	1792	960	28	766075	771261	423	2179	0.0	1314
WBMQ01000002.1	sp|Q8N3C0|ASCC3_HUMAN	40.7	1792	964	27	766075	771261	423	2179	0.0	1304
WBMQ01000002.1	sp|Q07878|VPS13_YEAST	29.6	3056	1931	60	776377	785250	189	3123	0.0	1288
WBMQ01000002.1	sp|E9PZJ8|ASCC3_MOUSE	40.3	1789	976	28	766075	771261	424	2180	0.0	1287
WBMQ01000002.1	sp|F1LPQ2|ASCC3_RAT	40.2	1790	975	30	766075	771261	424	2179	0.0	1276
WBMQ01000002.1	sp|Q54G57|ASCC3_DICDI	40.1	1749	945	25	766075	771135	428	2135	0.0	1267
WBMQ01000002.1	sp|P11029|ACAC_CHICK	41.1	1692	932	28	1664324	1659390	635	2308	0.0	1204
WBMQ01000002.1	sp|O00763|ACACB_HUMAN	42.6	1576	843	23	1664228	1659606	815	2364	0.0	1189
WBMQ01000002.1	sp|Q5SWU9|ACACA_MOUSE	40.4	1727	933	31	1664324	1659366	634	2338	0.0	1188
WBMQ01000002.1	sp|P11497|ACACA_RAT	40.4	1727	933	31	1664324	1659366	634	2338	0.0	1187
WBMQ01000002.1	sp|Q28559|ACACA_SHEEP	40.4	1726	935	30	1664324	1659366	635	2339	0.0	1187
WBMQ01000020.1	sp|A1ZAI5|FACR1_DROME	26.6	458	276	11	35705	37066	162	563	4.19e-38	160
WBMQ01000020.1	sp|Q7ZXF5|FACR1_XENLA	26.5	465	274	10	35705	37075	47	451	4.66e-38	158
WBMQ01000020.1	sp|Q5R834|FACR1_PONAB	25.3	458	274	11	35726	37075	54	451	1.64e-36	154
WBMQ01000020.1	sp|Q8WVX9|FACR1_HUMAN	25.1	458	275	11	35726	37075	54	451	9.65e-36	151
WBMQ01000020.1	sp|Q922J9|FACR1_MOUSE	24.9	458	276	11	35726	37075	54	451	1.74e-35	150
WBMQ01000020.1	sp|Q5ZM72|FACR1_CHICK	25.8	457	271	12	35729	37075	55	451	3.34e-34	147
WBMQ01000020.1	sp|Q66H50|FACR1_RAT	25.2	460	272	12	35726	37075	54	451	2.63e-33	144
WBMQ01000020.1	sp|Q8MS59|WAT_DROME	25.3	459	289	11	35702	37075	73	478	8.79e-33	142
WBMQ01000020.1	sp|Q960W6|FACR3_DROME	28.7	341	203	8	35702	36724	48	348	9.08e-32	139
WBMQ01000020.1	sp|Q9XGY7|FAR_SIMCH	29.4	361	188	10	35729	36733	58	377	2.58e-26	122
WBMQ01000020.1	sp|Q9LXN3|FACR4_ARATH	27.4	343	183	9	35741	36694	61	362	1.11e-25	120
WBMQ01000020.1	sp|B9TSP7|FACR6_ARATH	28.5	270	160	7	35741	36496	133	387	4.61e-23	113
WBMQ01000020.1	sp|B4P624|TRET1_DROYA	28.2	309	210	6	52277	53197	403	701	8.24e-22	111
WBMQ01000020.1	sp|B4QBN2|TRE11_DROSI	28.1	320	218	6	52277	53230	404	713	1.08e-21	110
WBMQ01000020.1	sp|Q8MKK4|TRE12_DROME	27.2	309	213	5	52277	53197	36	334	1.11e-21	108
WBMQ01000020.1	sp|A9ZSY2|TRET1_APILI	26.1	307	212	7	52349	53260	73	367	3.99e-21	107
WBMQ01000020.1	sp|B4QBN3|TRE12_DROSI	26.9	320	222	6	52277	53230	36	345	4.66e-21	106
WBMQ01000020.1	sp|B4HNS1|TRE12_DROSE	26.9	309	214	6	52277	53197	36	334	1.47e-20	105
WBMQ01000020.1	sp|P46896|GTR1_CHICK	28.9	332	210	9	52280	53221	20	343	1.50e-20	105
WBMQ01000020.1	sp|B4HNS0|TRE11_DROSE	27.8	309	211	6	52277	53197	404	702	1.65e-20	107
WBMQ01000020.1	sp|A1Z8N1|TRE11_DROME	27.5	309	212	6	52277	53197	404	702	4.90e-20	105
WBMQ01000020.1	sp|O14367|GTI1_SCHPO	35.4	79	50	1	20364	20131	10	88	3.03e-05	57.0
WBMQ01000020.1	sp|Q8SW18|HD10_ENCCU	46.2	52	28	0	70346	70191	34	85	1.32e-04	52.8
WBMQ01000020.1	sp|Q08891|FACR2_ARATH	53.7	54	21	2	35578	35739	126	175	3.22e-04	53.5
WBMQ01000020.1	sp|Q0P5J1|FACR2_BOVIN	42.3	52	29	1	35578	35733	6	56	8.60e-04	52.0
WBMQ01000021.1	sp|O74976|FAT2_SCHPO	49.4	514	248	7	45466	43940	6	512	1.20e-143	465
WBMQ01000021.1	sp|Q9SMT7|4CLLA_ARATH	49.9	493	224	10	45403	43961	31	512	4.66e-135	440
WBMQ01000021.1	sp|P38137|FAT2_YEAST	47.3	518	250	6	45445	43961	18	535	1.22e-132	434
WBMQ01000021.1	sp|Q9SZJ5|GLYM1_ARATH	40.7	578	218	7	67250	68941	51	517	1.05e-112	376
WBMQ01000021.1	sp|Q9SYK0|HEXO2_ARATH	39.2	574	312	17	47612	49258	11	572	1.17e-112	378
WBMQ01000021.1	sp|P50433|GLYM_SOLTU	41.9	568	225	9	67250	68941	52	518	1.48e-110	370
WBMQ01000021.1	sp|P34899|GLYM_PEA	42.0	566	223	10	67250	68935	52	516	1.73e-109	367
WBMQ01000021.1	sp|Q94C74|GLYM2_ARATH	40.8	568	229	9	67250	68938	51	516	3.09e-109	366
WBMQ01000021.1	sp|P49357|GLYM1_FLAPR	40.5	578	218	10	67250	68941	52	517	7.77e-109	365
WBMQ01000021.1	sp|P49358|GLYM2_FLAPR	40.7	578	217	9	67250	68941	52	517	7.78e-107	359
WBMQ01000021.1	sp|Q7S5N8|GLYM_NEUCR	41.1	564	227	11	67250	68905	70	540	1.37e-100	342
WBMQ01000021.1	sp|O13972|GLYD_SCHPO	39.4	551	234	9	67256	68902	10	462	3.06e-97	329
WBMQ01000021.1	sp|O13425|GLYM_CANAX	38.8	554	242	8	67250	68911	35	491	3.70e-97	330
WBMQ01000021.1	sp|Q10104|GLYM_SCHPO	39.9	554	230	11	67250	68899	30	484	4.31e-95	324
WBMQ01000021.1	sp|Q75BQ6|GLYC_ASHGO	39.9	569	209	16	67250	68902	13	466	7.05e-94	320
WBMQ01000021.1	sp|P34898|GLYC_NEUCR	39.7	567	233	13	67250	68935	14	476	1.82e-93	319
WBMQ01000021.1	sp|Q6CLQ5|GLYM_KLULA	38.7	558	240	11	67250	68911	37	496	1.07e-92	317
WBMQ01000021.1	sp|O13426|GLYC_CANAL	38.5	550	235	10	67262	68902	18	467	2.13e-92	315
WBMQ01000021.1	sp|P50432|GLYC_CAEEL	37.4	554	249	9	67250	68911	48	503	3.01e-91	313
WBMQ01000021.1	sp|Q6FQ44|GLYM_CANGA	37.6	561	243	12	67250	68911	23	483	1.14e-89	308
WBMQ01000021.1	sp|P37292|GLYM_YEAST	37.1	561	245	11	67250	68911	29	488	1.80e-89	308
WBMQ01000021.1	sp|Q60V73|GLYC_CAEBR	36.6	554	253	9	67250	68911	52	507	4.55e-89	307
WBMQ01000021.1	sp|Q758F0|GLYM_ASHGO	37.7	559	244	14	67250	68911	36	495	1.89e-88	305
WBMQ01000021.1	sp|Q6FUP6|GLYC_CANGA	37.1	556	243	10	67250	68902	13	466	1.30e-87	301
WBMQ01000021.1	sp|P37291|GLYC_YEAST	37.8	556	239	13	67250	68902	13	466	8.17e-87	299
WBMQ01000022.1	sp|Q8TGM7|ART2_YEAST	86.3	51	7	0	20806	20958	1	51	5.30e-22	97.4
WBMQ01000022.1	sp|Q3E811|RRT15_YEAST	67.7	62	20	0	20806	20991	1	62	2.03e-19	90.1
WBMQ01000022.1	sp|A0A061DM17|MTR3_THECC	32.8	174	96	6	12334	12807	54	222	2.17e-11	74.7
WBMQ01000022.1	sp|Q9FYZ9|BAMT_ANTMA	31.3	166	88	5	12334	12798	58	208	5.86e-10	70.5
WBMQ01000022.1	sp|Q8TGM5|ART3_YEAST	70.5	44	13	0	50869	51000	9	52	1.82e-09	62.0
WBMQ01000022.1	sp|A0A1B7YCL6|DPCHH_COLHI	37.9	103	61	1	7852	7553	102	204	3.10e-09	68.6
WBMQ01000022.1	sp|Q9SPV4|SAMT_CLABR	28.3	205	110	7	12232	12807	30	210	7.20e-08	63.9
WBMQ01000022.1	sp|A0A061DFM8|MTR2_THECC	26.8	276	153	11	12283	12996	36	300	2.37e-07	62.4
WBMQ01000022.1	sp|Q2HXI5|PCS2_CAMPL	31.3	115	63	4	12328	12651	55	160	1.20e-05	57.0
WBMQ01000022.1	sp|Q2HXI7|ICS2_CAMIR	31.9	116	61	5	12328	12651	54	159	4.85e-05	55.1
WBMQ01000022.1	sp|L0BWK3|TCS4_CAMSI	31.9	116	62	4	12328	12651	54	160	6.44e-05	54.7
WBMQ01000022.1	sp|L0BUM3|TCS5_CAMSI	28.1	178	98	7	12328	12804	54	220	1.13e-04	53.9
WBMQ01000023.1	sp|B5TYT3|CSCL7_ARATH	23.7	620	386	16	48993	50762	57	619	6.63e-32	142
WBMQ01000023.1	sp|Q09809|CSC1_SCHPO	23.8	551	360	13	45639	47201	194	714	1.29e-31	142
WBMQ01000023.1	sp|Q9XEA1|CSCL5_ARATH	23.5	613	398	15	48999	50768	59	623	2.69e-31	140
WBMQ01000023.1	sp|Q9LVE4|CSCL4_ARATH	24.6	627	391	18	48987	50768	42	619	2.31e-30	137
WBMQ01000023.1	sp|Q8VZ19|RL302_ARATH	74.7	79	20	0	19766	19530	1	79	5.10e-30	122
WBMQ01000023.1	sp|Q3T0D5|RL30_BOVIN	75.9	79	19	0	19766	19530	1	79	1.04e-29	121
WBMQ01000023.1	sp|P67883|RL30_CHICK	75.9	79	19	0	19766	19530	1	79	1.04e-29	121
WBMQ01000023.1	sp|P62888|RL30_HUMAN	75.9	79	19	0	19766	19530	1	79	1.04e-29	121
WBMQ01000023.1	sp|Q76KA2|RL30_MACFA	75.9	79	19	0	19766	19530	1	79	1.04e-29	121
WBMQ01000023.1	sp|P62889|RL30_MOUSE	75.9	79	19	0	19766	19530	1	79	1.04e-29	121
WBMQ01000023.1	sp|P67884|RL30_OPHHA	75.9	79	19	0	19766	19530	1	79	1.04e-29	121
WBMQ01000023.1	sp|P62890|RL30_RAT	75.9	79	19	0	19766	19530	1	79	1.04e-29	121
WBMQ01000023.1	sp|Q5XEZ5|CSC1_ARATH	25.5	530	343	13	45777	47324	203	694	1.32e-29	135
WBMQ01000023.1	sp|O49884|RL30_LUPLU	73.4	79	21	0	19766	19530	1	79	1.77e-29	120
WBMQ01000023.1	sp|Q9FVQ5|CSCL1_ARATH	23.7	634	429	15	48993	50855	58	649	2.64e-29	134
WBMQ01000023.1	sp|F4HYR3|CSCL6_ARATH	22.6	687	467	19	48987	50972	42	688	3.12e-29	134
WBMQ01000023.1	sp|Q9C8F7|RL301_ARATH	77.3	75	17	0	19766	19542	1	75	3.29e-29	119
WBMQ01000023.1	sp|P58375|RL30_SPOFR	73.4	79	21	0	19766	19530	1	79	3.39e-29	119
WBMQ01000023.1	sp|Q9LSA3|RL303_ARATH	73.4	79	21	0	19766	19530	1	79	6.11e-29	119
WBMQ01000023.1	sp|Q9M5M6|RL30_EUPES	72.2	79	22	0	19766	19530	1	79	8.34e-29	118
WBMQ01000023.1	sp|P58372|RL30_ICTPU	74.7	79	20	0	19766	19530	1	79	9.45e-29	118
WBMQ01000023.1	sp|Q9SY14|CSCL2_ARATH	24.1	584	393	15	45642	47357	157	702	3.88e-28	130
WBMQ01000023.1	sp|P52808|RL30A_SCHPO	70.5	78	23	0	19763	19530	4	81	6.68e-28	115
WBMQ01000023.1	sp|Q9UTP0|RL30B_SCHPO	70.7	75	22	0	19754	19530	15	89	1.03e-26	112
WBMQ01000023.1	sp|Q9SDG6|RL30_ORYSJ	64.6	79	28	0	19766	19530	1	79	4.04e-26	110
WBMQ01000024.1	sp|Q12704|DPOG_SCHPO	53.0	540	208	6	50906	49341	461	972	3.02e-166	549
WBMQ01000024.1	sp|Q01941|DPOG_PICPA	54.8	524	209	5	50915	49347	447	943	2.07e-163	541
WBMQ01000024.1	sp|Q9Y767|DPOG_NEUCR	47.3	659	289	16	51005	49116	464	1093	8.04e-161	547
WBMQ01000024.1	sp|P15801|DPOG_YEAST	50.8	559	257	8	50906	49260	457	1007	1.33e-155	526
WBMQ01000024.1	sp|Q92076|DPOG1_CHICK	48.2	483	192	6	50618	49335	161	640	2.41e-132	437
WBMQ01000024.1	sp|P54098|DPOG1_HUMAN	51.1	483	177	7	50618	49335	749	1227	1.34e-129	448
WBMQ01000024.1	sp|Q9QYV8|DPOG1_RAT	50.6	482	181	7	50618	49335	726	1204	1.65e-128	444
WBMQ01000024.1	sp|P54099|DPOG1_MOUSE	50.4	482	182	7	50618	49335	728	1206	1.87e-127	441
WBMQ01000024.1	sp|Q91684|DPOG1_XENLA	48.9	481	190	7	50618	49335	719	1196	1.80e-123	429
WBMQ01000024.1	sp|Q27607|DPOG1_DROME	39.0	626	269	14	50900	49341	511	1129	1.36e-104	371
WBMQ01000024.1	sp|Q00772|SLT2_YEAST	43.2	280	75	6	47963	47133	39	237	5.90e-51	195
WBMQ01000024.1	sp|Q92398|SPM1_SCHPO	43.9	280	71	6	47963	47133	37	233	2.77e-50	191
WBMQ01000024.1	sp|P43068|MKC1_CANAX	41.9	277	80	5	47960	47133	62	258	8.83e-48	186
WBMQ01000024.1	sp|Q5AAG6|MKC1_CANAL	41.9	277	80	5	47960	47133	62	258	1.05e-47	186
WBMQ01000024.1	sp|O94737|MAPK1_PNECA	40.5	274	79	5	47951	47133	43	233	3.71e-47	180
WBMQ01000024.1	sp|P42525|ERK1_DICDI	41.0	278	77	6	47963	47133	165	356	9.19e-44	175
WBMQ01000024.1	sp|C4YGK0|ERK1_CANAW	40.7	270	73	9	47939	47133	90	273	3.07e-43	170
WBMQ01000024.1	sp|Q5A1D3|ERK1_CANAL	40.7	270	73	9	47939	47133	94	277	3.53e-43	170
WBMQ01000024.1	sp|Q84UI5|MPK1_ORYSJ	40.8	277	77	8	47963	47133	83	272	3.15e-42	167
WBMQ01000024.1	sp|Q39025|MPK5_ARATH	41.5	277	75	8	47963	47133	59	248	4.60e-42	166
WBMQ01000024.1	sp|P0CP67|CPK1_CRYNB	40.0	285	75	11	47963	47133	32	228	4.87e-42	165
WBMQ01000024.1	sp|P0CP66|CPK1_CRYNJ	40.0	285	75	11	47963	47133	32	228	4.87e-42	165
WBMQ01000024.1	sp|A9S9Q8|MPK4B_PHYPA	40.8	277	77	8	47963	47133	59	248	6.88e-42	165
WBMQ01000024.1	sp|Q07176|MMK1_MEDSA	40.6	278	76	9	47963	47133	71	260	8.15e-42	165
WBMQ01000024.1	sp|Q9LQQ9|MPK13_ARATH	40.6	276	77	8	47960	47133	50	238	8.31e-42	164
WBMQ01000025.1	sp|O59824|YME1_SCHPO	48.0	371	134	5	32838	33938	346	661	1.91e-91	320
WBMQ01000025.1	sp|Q99315|YG31B_YEAST	30.1	851	520	16	8504	10873	609	1445	8.13e-91	335
WBMQ01000025.1	sp|Q7LHG5|YI31B_YEAST	30.0	848	519	16	8504	10864	635	1468	2.21e-89	330
WBMQ01000025.1	sp|Q8LQJ9|FTSH4_ORYSJ	48.3	373	122	5	32838	33929	302	612	2.26e-87	308
WBMQ01000025.1	sp|Q8LQJ8|FTSH5_ORYSJ	48.0	373	123	5	32838	33929	309	619	2.61e-87	308
WBMQ01000025.1	sp|O80983|FTSH4_ARATH	47.0	366	137	3	32838	33929	306	616	9.17e-87	307
WBMQ01000025.1	sp|P0CT41|TF212_SCHPO	27.2	777	496	18	8318	10492	377	1135	3.14e-82	306
WBMQ01000025.1	sp|P0CT34|TF21_SCHPO	27.2	777	496	18	8318	10492	377	1135	3.14e-82	306
WBMQ01000025.1	sp|P0CT35|TF22_SCHPO	27.2	777	496	18	8318	10492	377	1135	3.14e-82	306
WBMQ01000025.1	sp|P0CT36|TF23_SCHPO	27.2	777	496	18	8318	10492	377	1135	3.14e-82	306
WBMQ01000025.1	sp|P0CT37|TF24_SCHPO	27.2	777	496	18	8318	10492	377	1135	3.14e-82	306
WBMQ01000025.1	sp|P0CT38|TF25_SCHPO	27.2	777	496	18	8318	10492	377	1135	3.14e-82	306
WBMQ01000025.1	sp|P0CT39|TF26_SCHPO	27.2	777	496	18	8318	10492	377	1135	3.14e-82	306
WBMQ01000025.1	sp|P0CT40|TF29_SCHPO	27.2	777	496	18	8318	10492	377	1135	3.14e-82	306
WBMQ01000025.1	sp|P32795|YME1_YEAST	45.1	357	141	4	32859	33929	367	668	4.24e-81	291
WBMQ01000025.1	sp|Q9UR07|TF211_SCHPO	26.7	775	502	17	8318	10492	377	1135	5.34e-81	302
WBMQ01000025.1	sp|P0CT42|TF27_SCHPO	26.7	775	502	17	8318	10492	377	1135	5.34e-81	302
WBMQ01000025.1	sp|P0CT43|TF28_SCHPO	26.7	775	502	17	8318	10492	377	1135	5.34e-81	302
WBMQ01000025.1	sp|P04323|POL3_DROME	38.9	419	240	7	8477	9709	214	624	4.54e-79	292
WBMQ01000025.1	sp|Q8I7P9|POL5_DROME	35.8	483	277	9	8447	9817	116	591	4.91e-79	291
WBMQ01000025.1	sp|P20825|POL2_DROME	41.2	410	228	6	8504	9709	219	623	8.43e-78	288
WBMQ01000025.1	sp|Q9FGM0|FTSHB_ARATH	40.1	372	164	5	32838	33953	441	753	1.43e-69	258
WBMQ01000025.1	sp|O88967|YMEL1_MOUSE	41.0	366	145	6	32865	33938	369	671	1.65e-68	253
WBMQ01000025.1	sp|C8WEG0|FTSH_ZYMMN	40.8	377	139	7	32865	33929	267	581	4.46e-68	250
WBMQ01000025.1	sp|Q96TA2|YMEL1_HUMAN	41.0	366	145	6	32865	33938	427	729	5.02e-68	253
WBMQ01000026.1	sp|Q8TGM7|ART2_YEAST	86.3	51	7	0	6873	6721	1	51	3.62e-22	97.4
WBMQ01000026.1	sp|Q3E811|RRT15_YEAST	67.7	62	20	0	6873	6688	1	62	1.39e-19	90.1
WBMQ01000026.1	sp|A0A061DM17|MTR3_THECC	32.8	174	96	6	15333	14860	54	222	1.47e-11	74.7
WBMQ01000026.1	sp|Q9FYZ9|BAMT_ANTMA	31.3	166	88	5	15333	14869	58	208	3.99e-10	70.5
WBMQ01000026.1	sp|Q8TGM5|ART3_YEAST	70.5	44	13	0	3799	3668	9	52	1.25e-09	62.0
WBMQ01000026.1	sp|A0A1B7YCL6|DPCHH_COLHI	37.9	103	61	1	19815	20114	102	204	2.11e-09	68.6
WBMQ01000026.1	sp|Q9SPV4|SAMT_CLABR	28.3	205	110	7	15435	14860	30	210	4.91e-08	63.9
WBMQ01000026.1	sp|A0A061DFM8|MTR2_THECC	26.8	276	153	11	15384	14671	36	300	1.62e-07	62.4
WBMQ01000026.1	sp|Q2HXI5|PCS2_CAMPL	31.3	115	63	4	15339	15016	55	160	8.16e-06	57.0
WBMQ01000026.1	sp|Q2HXI7|ICS2_CAMIR	31.9	116	61	5	15339	15016	54	159	3.30e-05	55.1
WBMQ01000026.1	sp|L0BWK3|TCS4_CAMSI	31.9	116	62	4	15339	15016	54	160	4.39e-05	54.7
WBMQ01000026.1	sp|Q68CM3|TCS2_CAMSI	31.9	116	61	5	15339	15016	55	160	5.80e-05	54.3
WBMQ01000026.1	sp|L0BUM3|TCS5_CAMSI	28.1	178	98	7	15339	14863	54	220	7.68e-05	53.9
WBMQ01000027.1	sp|Q8TGM7|ART2_YEAST	86.3	51	7	0	27096	26944	1	51	3.50e-22	97.4
WBMQ01000027.1	sp|Q3E811|RRT15_YEAST	67.7	62	20	0	27096	26911	1	62	1.34e-19	90.1
WBMQ01000027.1	sp|Q8TGM5|ART3_YEAST	70.5	44	13	0	24022	23891	9	52	1.21e-09	62.0
WBMQ01000028.1	sp|O23936|GCST_FLATR	54.7	172	61	4	15063	14551	34	189	8.31e-44	171
WBMQ01000028.1	sp|O49849|GCST_FLAAN	54.1	172	62	4	15063	14551	34	189	2.06e-43	170
WBMQ01000028.1	sp|P49363|GCST_FLAPR	54.1	172	62	4	15063	14551	34	189	2.79e-43	170
WBMQ01000028.1	sp|P93256|GCST_MESCR	53.5	172	63	4	15063	14551	35	190	2.86e-43	170
WBMQ01000028.1	sp|O65396|GCST_ARATH	53.5	172	63	4	15063	14551	35	190	3.87e-43	169
WBMQ01000028.1	sp|P54260|GCST_SOLTU	52.3	172	65	4	15063	14551	34	189	5.00e-43	169
WBMQ01000028.1	sp|Q8CFA2|GCST_MOUSE	53.8	169	60	4	15060	14557	33	184	1.16e-42	168
WBMQ01000028.1	sp|Q54DD3|GCST_DICDI	50.5	194	55	5	14497	13940	177	337	2.87e-42	167
WBMQ01000028.1	sp|P48728|GCST_HUMAN	53.3	169	61	4	15060	14557	33	184	5.27e-42	166
WBMQ01000028.1	sp|P25285|GCST_BOVIN	54.5	167	58	4	15054	14557	29	178	1.54e-41	164
WBMQ01000028.1	sp|Q9TSZ7|GCST_CANLF	53.8	169	60	4	15060	14557	33	184	1.77e-41	164
WBMQ01000028.1	sp|A5ABG1|PYNF_ASPNC	31.7	312	209	4	2546	1617	44	353	6.50e-41	164
WBMQ01000028.1	sp|P49364|GCST_PEA	51.7	172	66	4	15063	14551	35	190	1.65e-40	162
WBMQ01000028.1	sp|P28337|GCST_CHICK	51.3	158	60	3	15060	14590	22	163	1.84e-36	149
WBMQ01000028.1	sp|P53918|ESBP6_YEAST	32.6	340	213	6	2606	1629	193	530	5.86e-36	154
WBMQ01000028.1	sp|P36032|MCH2_YEAST	32.8	317	206	3	2561	1629	37	352	1.95e-33	142
WBMQ01000028.1	sp|Q0CZG9|PYTF_ASPTN	32.7	278	182	4	2573	1749	21	296	1.97e-32	135
WBMQ01000028.1	sp|P87122|YDL6_SCHPO	41.7	175	99	2	18628	18107	77	249	1.55e-31	140
WBMQ01000028.1	sp|O14110|GCST_SCHPO	40.3	181	74	3	14497	13958	171	318	1.27e-30	132
WBMQ01000028.1	sp|P48015|GCST_YEAST	42.4	172	76	5	15060	14557	16	168	2.42e-29	129
WBMQ01000028.1	sp|Q6ZSM3|MOT12_HUMAN	26.0	365	224	5	2582	1608	37	395	1.12e-27	126
WBMQ01000028.1	sp|Q8BGC3|MOT12_MOUSE	26.5	359	220	6	2567	1608	12	365	2.46e-27	124
WBMQ01000028.1	sp|Q6J4K2|NCLX_HUMAN	35.3	238	148	5	18733	18032	27	262	5.37e-27	125
WBMQ01000028.1	sp|D4A734|MOT12_RAT	26.2	359	221	6	2567	1608	12	365	7.91e-27	123
WBMQ01000028.1	sp|Q6GM59|MOT12_XENLA	25.6	356	230	6	2582	1608	7	358	5.81e-26	120
WBMQ01000029.1	sp|P37898|AAP1_YEAST	30.7	704	437	13	21246	19165	194	856	6.14e-95	335
WBMQ01000029.1	sp|Q6Z6L4|APM1A_ORYSJ	32.9	694	408	16	21246	19216	207	859	1.80e-94	334
WBMQ01000029.1	sp|Q59KZ1|APE2_CANAL	31.1	710	421	15	21246	19180	257	919	4.50e-91	325
WBMQ01000029.1	sp|Q11011|PSA_MOUSE	30.8	704	431	14	21246	19186	246	910	6.07e-90	322
WBMQ01000029.1	sp|P55786|PSA_HUMAN	31.0	706	427	16	21246	19186	245	909	4.78e-89	319
WBMQ01000029.1	sp|Q9USX1|APE1_SCHPO	28.5	702	460	12	21246	19180	206	878	1.62e-86	310
WBMQ01000029.1	sp|P32454|APE2_YEAST	30.1	700	437	17	21246	19180	290	948	5.15e-84	305
WBMQ01000029.1	sp|Q8VZH2|APM1_ARATH	31.1	702	419	14	21246	19216	200	861	7.97e-84	302
WBMQ01000029.1	sp|Q6K4E7|APM1D_ORYSJ	29.8	697	427	17	21246	19219	198	853	5.70e-83	300
WBMQ01000029.1	sp|Q0J5V5|APM1B_ORYSJ	30.4	698	425	17	21246	19216	198	855	4.75e-82	297
WBMQ01000029.1	sp|Q0J2B5|APM1C_ORYSJ	29.9	710	432	17	21246	19168	204	864	4.02e-81	294
WBMQ01000029.1	sp|Q4TT88|PSA_CAEEL	27.7	715	458	14	21246	19171	270	948	3.08e-76	281
WBMQ01000029.1	sp|Q07075|AMPE_HUMAN	27.9	710	450	18	21246	19177	286	953	1.33e-71	267
WBMQ01000029.1	sp|Q32LQ0|AMPE_BOVIN	28.2	712	444	19	21246	19177	288	954	2.42e-70	263
WBMQ01000029.1	sp|Q95334|AMPE_PIG	27.8	702	453	18	21246	19189	276	939	4.76e-70	262
WBMQ01000029.1	sp|Q978U3|TRF2_THEVO	30.2	606	354	17	21246	19438	168	707	2.56e-67	251
WBMQ01000029.1	sp|Q8C129|LCAP_MOUSE	28.0	710	446	20	21246	19186	358	1025	1.41e-66	253
WBMQ01000029.1	sp|P15144|AMPN_HUMAN	28.2	723	442	17	21246	19189	279	961	2.27e-66	251
WBMQ01000029.1	sp|Q9UIQ6|LCAP_HUMAN	28.8	709	442	21	21246	19186	358	1025	5.92e-66	251
WBMQ01000029.1	sp|P50123|AMPE_RAT	27.9	707	453	17	21246	19177	278	944	9.77e-66	249
WBMQ01000029.1	sp|P97449|AMPN_MOUSE	28.9	719	433	20	21222	19189	279	960	4.04e-65	248
WBMQ01000029.1	sp|P16406|AMPE_MOUSE	27.9	702	459	17	21246	19177	278	944	1.77e-64	245
WBMQ01000029.1	sp|P97629|LCAP_RAT	27.8	709	449	19	21246	19186	358	1025	1.85e-64	246
WBMQ01000029.1	sp|Q48656|AMPN_LACLL	29.1	681	422	21	21246	19249	187	821	2.73e-64	243
WBMQ01000029.1	sp|O93655|TRF3_THEAC	37.6	354	196	7	21126	20071	194	524	5.64e-63	238
WBMQ01000003.1	sp|A2QLK4|FKS1_ASPNC	52.0	1732	734	22	2754877	2749790	180	1849	0.0	1699
WBMQ01000003.1	sp|O93927|FKS1_CRYNH	51.4	1750	747	21	2754943	2749790	106	1784	0.0	1686
WBMQ01000003.1	sp|O74475|BGS4_SCHPO	48.3	1819	823	25	2755063	2749802	129	1894	0.0	1607
WBMQ01000003.1	sp|P38631|FKS1_YEAST	49.8	1741	785	21	2754922	2749805	132	1818	0.0	1596
WBMQ01000003.1	sp|P40989|FKS2_YEAST	49.5	1744	794	20	2754934	2749805	147	1837	0.0	1593
WBMQ01000003.1	sp|O13967|BGS2_SCHPO	48.5	1760	821	22	2754928	2749754	161	1870	0.0	1583
WBMQ01000003.1	sp|Q54YZ9|DHKJ_DICDI	59.9	1414	521	12	2156972	2161141	455	1846	0.0	1501
WBMQ01000003.1	sp|Q10287|BGS1_SCHPO	46.3	1721	846	22	2754874	2749736	63	1712	0.0	1478
WBMQ01000003.1	sp|Q9P377|BGS3_SCHPO	46.3	1707	847	22	2754883	2749796	143	1790	0.0	1441
WBMQ01000003.1	sp|Q04952|FKS3_YEAST	44.8	1774	861	20	2754883	2749778	12	1739	0.0	1427
WBMQ01000003.1	sp|Q5A599|NIK1_CANAL	60.5	941	349	8	2158367	2161153	72	1001	0.0	1028
WBMQ01000003.1	sp|O74378|ODO1_SCHPO	52.6	1000	425	13	7021	4064	44	1008	3.99e-318	993
WBMQ01000003.1	sp|Q6A3P9|UREA_ASPFU	57.9	890	308	9	2490860	2493484	1	838	1.89e-315	978
WBMQ01000003.1	sp|E0ZS48|UREA_ORYSI	55.8	890	331	9	2490860	2493484	1	843	3.50e-303	943
WBMQ01000003.1	sp|B9GCH9|UREA_ORYSJ	55.8	890	331	9	2490860	2493484	1	843	3.50e-303	943
WBMQ01000003.1	sp|O00084|UREA_SCHPO	55.9	885	328	11	2490866	2493484	1	835	1.23e-302	941
WBMQ01000003.1	sp|Q9SR52|UREA_ARATH	56.0	889	326	11	2490860	2493484	1	838	4.69e-302	939
WBMQ01000003.1	sp|P20967|ODO1_YEAST	50.0	996	447	11	7021	4088	41	1003	1.95e-300	942
WBMQ01000003.1	sp|P0CS23|UREA_CRYNB	55.9	892	317	15	2490860	2493484	1	833	4.81e-297	925
WBMQ01000003.1	sp|P0CS22|UREA_CRYNJ	55.9	892	317	15	2490860	2493484	1	833	4.81e-297	925
WBMQ01000003.1	sp|O13465|UREA_CRYNH	54.9	892	326	15	2490860	2493484	1	833	2.03e-291	909
WBMQ01000003.1	sp|P07374|UREA_CANEN	53.9	890	345	8	2490860	2493484	1	840	3.06e-290	905
WBMQ01000003.1	sp|J9VQQ3|ATC2_CRYNH	46.6	1182	534	19	2487109	2483759	205	1354	2.35e-279	898
WBMQ01000003.1	sp|Q00766|PHS1_DICDI	52.4	834	367	5	491263	493764	40	843	2.52e-277	869
WBMQ01000003.1	sp|Q54JE4|ODO1_DICDI	45.9	1036	503	16	7108	4052	15	1010	7.31e-272	860
WBMQ01000030.1	sp|O23936|GCST_FLATR	54.7	172	61	4	10276	9764	34	189	7.36e-44	171
WBMQ01000030.1	sp|O49849|GCST_FLAAN	54.1	172	62	4	10276	9764	34	189	1.83e-43	170
WBMQ01000030.1	sp|P49363|GCST_FLAPR	54.1	172	62	4	10276	9764	34	189	2.48e-43	170
WBMQ01000030.1	sp|P93256|GCST_MESCR	53.5	172	63	4	10276	9764	35	190	2.53e-43	170
WBMQ01000030.1	sp|O65396|GCST_ARATH	53.5	172	63	4	10276	9764	35	190	3.43e-43	169
WBMQ01000030.1	sp|P54260|GCST_SOLTU	52.3	172	65	4	10276	9764	34	189	4.43e-43	169
WBMQ01000030.1	sp|Q8CFA2|GCST_MOUSE	53.8	169	60	4	10273	9770	33	184	1.03e-42	168
WBMQ01000030.1	sp|P48728|GCST_HUMAN	53.3	169	61	4	10273	9770	33	184	4.67e-42	166
WBMQ01000030.1	sp|Q54DD3|GCST_DICDI	50.8	191	53	5	9710	9162	177	334	8.56e-42	165
WBMQ01000030.1	sp|P25285|GCST_BOVIN	54.5	167	58	4	10267	9770	29	178	1.36e-41	164
WBMQ01000030.1	sp|Q9TSZ7|GCST_CANLF	53.8	169	60	4	10273	9770	33	184	1.57e-41	164
WBMQ01000030.1	sp|P49364|GCST_PEA	51.7	172	66	4	10276	9764	35	190	1.46e-40	162
WBMQ01000030.1	sp|P28337|GCST_CHICK	51.3	158	60	3	10273	9803	22	163	1.63e-36	149
WBMQ01000030.1	sp|P87122|YDL6_SCHPO	41.7	175	99	2	13841	13320	77	249	1.37e-31	140
WBMQ01000030.1	sp|O14110|GCST_SCHPO	40.3	181	74	3	9710	9171	171	318	1.13e-30	132
WBMQ01000030.1	sp|P48015|GCST_YEAST	42.4	172	76	5	10273	9770	16	168	2.15e-29	129
WBMQ01000030.1	sp|Q6J4K2|NCLX_HUMAN	35.3	238	148	5	13946	13245	27	262	4.75e-27	125
WBMQ01000030.1	sp|Q6AXS0|NCLX_RAT	41.8	182	103	3	13835	13296	65	245	8.05e-25	118
WBMQ01000030.1	sp|Q925Q3|NCLX_MOUSE	38.2	204	121	4	13895	13296	43	245	1.42e-24	117
WBMQ01000030.1	sp|P09379|GYP7_YARLI	42.0	174	75	4	7279	7761	420	580	1.20e-23	115
WBMQ01000030.1	sp|Q8RCV9|GCST_CALS4	39.0	187	72	6	9710	9168	157	307	2.41e-22	107
WBMQ01000030.1	sp|Q6FWI1|GYP7_CANGA	36.0	189	94	3	7237	7761	409	584	4.47e-22	110
WBMQ01000030.1	sp|A6TMY6|GCST_ALKMQ	40.6	175	65	5	9710	9198	151	290	1.77e-21	104
WBMQ01000030.1	sp|Q6BU76|GYP7_DEBHA	34.0	212	97	5	7207	7761	406	601	1.82e-21	108
WBMQ01000030.1	sp|B0K242|GCST_THEPX	37.4	187	75	5	9710	9168	151	301	2.35e-21	104
WBMQ01000031.1	sp|Q8TGM7|ART2_YEAST	86.3	51	7	0	11257	11409	1	51	2.67e-22	97.4
WBMQ01000031.1	sp|Q3E811|RRT15_YEAST	67.7	62	20	0	11257	11442	1	62	1.02e-19	90.1
WBMQ01000031.1	sp|Q8TGM5|ART3_YEAST	70.5	44	13	0	5368	5499	9	52	9.18e-10	62.0
WBMQ01000032.1	sp|Q8TGM7|ART2_YEAST	87.8	49	6	0	6824	6678	3	51	1.80e-21	94.7
WBMQ01000032.1	sp|Q3E811|RRT15_YEAST	68.3	60	19	0	6824	6645	3	62	6.88e-19	87.4
WBMQ01000032.1	sp|Q8TGM5|ART3_YEAST	70.5	44	13	0	3757	3626	9	52	6.99e-10	62.0
WBMQ01000032.1	sp|P0C5Q0|YL54F_YEAST	88.0	25	3	0	21262	21188	16	40	6.60e-06	50.1
WBMQ01000033.1	sp|Q8TGM7|ART2_YEAST	86.3	51	7	0	20887	21039	1	51	2.00e-22	97.4
WBMQ01000033.1	sp|Q3E811|RRT15_YEAST	67.7	62	20	0	20887	21072	1	62	7.66e-20	90.1
WBMQ01000033.1	sp|Q8TGM5|ART3_YEAST	70.5	44	13	0	5971	6102	9	52	6.89e-10	62.0
WBMQ01000033.1	sp|P0C5Q0|YL54F_YEAST	84.0	25	4	0	24312	24386	16	40	3.12e-05	48.1
WBMQ01000034.1	sp|Q8TGM7|ART2_YEAST	86.3	51	7	0	6886	6734	1	51	1.91e-22	97.4
WBMQ01000034.1	sp|Q3E811|RRT15_YEAST	67.7	62	20	0	6886	6701	1	62	7.32e-20	90.1
WBMQ01000034.1	sp|Q8TGM5|ART3_YEAST	70.5	44	13	0	21813	21682	9	52	6.59e-10	62.0
WBMQ01000035.1	sp|A7N6R9|CQSA_VIBCB	36.9	333	206	3	20389	19394	51	380	2.17e-60	218
WBMQ01000035.1	sp|Q9KM65|CQSA_VIBCH	33.8	376	240	5	20521	19397	8	375	1.41e-58	213
WBMQ01000035.1	sp|P23903|E13B_BACCI	39.1	294	141	10	11866	11018	416	682	3.70e-48	190
WBMQ01000035.1	sp|C1IE32|E13B_CRYAT	35.3	272	145	6	11839	11033	22	265	1.34e-46	174
WBMQ01000035.1	sp|Q8N0N3|BGBP_PENMO	33.2	295	153	11	11839	11060	32	317	1.84e-36	148
WBMQ01000035.1	sp|Q55CD9|NDH_DICDI	38.7	191	86	4	22491	23057	40	201	2.03e-31	135
WBMQ01000035.1	sp|B5Y9Z4|BIOF_COPPD	25.8	330	230	6	20410	19448	39	362	1.89e-30	131
WBMQ01000035.1	sp|Q1JPL4|NDB1_ARATH	39.5	195	81	4	22497	23057	52	217	1.08e-29	132
WBMQ01000035.1	sp|Q635G4|BIOF_BACCZ	24.3	342	254	3	20404	19391	44	384	1.60e-29	128
WBMQ01000035.1	sp|Q731H9|BIOF_BACC1	26.4	284	205	2	20275	19433	88	370	5.29e-29	127
WBMQ01000035.1	sp|M1BYJ7|ENDB1_SOLTU	38.5	200	86	4	22482	23057	53	223	6.46e-29	130
WBMQ01000035.1	sp|Q5KY23|BIOF_GEOKA	22.7	335	254	3	20404	19412	39	372	8.76e-29	126
WBMQ01000035.1	sp|Q9ST62|NDB1_SOLTU	38.5	200	86	4	22482	23057	53	223	1.53e-28	129
WBMQ01000035.1	sp|Q81MB0|BIOF_BACAN	26.0	292	212	2	20275	19409	88	378	2.36e-28	125
WBMQ01000035.1	sp|B7JLX2|BIOF_BACC0	26.0	292	212	2	20275	19409	88	378	2.36e-28	125
WBMQ01000035.1	sp|Q9SKT7|NDB4_ARATH	39.5	195	83	5	22491	23057	64	229	2.85e-28	128
WBMQ01000035.1	sp|Q6HE48|BIOF_BACHK	26.0	292	212	2	20275	19409	88	378	3.18e-28	124
WBMQ01000035.1	sp|A9VG56|BIOF_BACMK	25.7	296	216	2	20275	19397	88	382	3.18e-28	124
WBMQ01000035.1	sp|P22806|BIOF_LYSSH	25.6	317	224	5	20281	19340	82	389	3.84e-28	124
WBMQ01000035.1	sp|A3DBD5|BIOF_HUNT2	28.1	281	196	4	20272	19439	84	361	5.08e-28	124
WBMQ01000035.1	sp|Q9M304|LCB2B_ARATH	27.9	305	199	4	20251	19400	156	460	7.62e-28	125
WBMQ01000035.1	sp|A0RIB9|BIOF_BACAH	26.0	292	212	2	20275	19409	88	378	7.78e-28	123
WBMQ01000035.1	sp|B7HNN4|BIOF_BACC7	26.0	292	211	3	20275	19409	88	377	1.03e-27	123
WBMQ01000035.1	sp|B9IWY0|BIOF_BACCQ	26.0	292	211	3	20275	19409	88	377	1.03e-27	123
WBMQ01000035.1	sp|B7IWN1|BIOF_BACC2	26.4	292	211	2	20275	19409	88	378	1.05e-27	123
WBMQ01000037.1	sp|Q8TGM7|ART2_YEAST	86.3	51	7	0	18055	17903	1	51	1.60e-22	97.4
WBMQ01000037.1	sp|Q3E811|RRT15_YEAST	67.7	62	20	0	18055	17870	1	62	6.14e-20	90.1
WBMQ01000037.1	sp|Q8TGM5|ART3_YEAST	70.5	44	13	0	14981	14850	9	52	5.52e-10	62.0
WBMQ01000038.1	sp|Q8TGM7|ART2_YEAST	86.3	51	7	0	12451	12603	1	51	1.45e-22	97.4
WBMQ01000038.1	sp|Q3E811|RRT15_YEAST	67.7	62	20	0	12451	12636	1	62	5.55e-20	90.1
WBMQ01000038.1	sp|Q8TGM5|ART3_YEAST	70.5	44	13	0	15521	15652	9	52	4.99e-10	62.0
WBMQ01000039.1	sp|Q8TGM7|ART2_YEAST	86.3	51	7	0	11804	11956	1	51	1.41e-22	97.4
WBMQ01000039.1	sp|Q3E811|RRT15_YEAST	67.7	62	20	0	11804	11989	1	62	5.38e-20	90.1
WBMQ01000039.1	sp|Q8TGM5|ART3_YEAST	70.5	44	13	0	5893	6024	9	52	4.84e-10	62.0
WBMQ01000004.1	sp|Q869L3|MDN1_DICDI	45.8	2328	1030	44	2180554	2187030	274	2539	0.0	1837
WBMQ01000004.1	sp|Q12019|MDN1_YEAST	44.4	2196	1059	39	2180410	2186871	247	2322	0.0	1710
WBMQ01000004.1	sp|O94248|MDN1_SCHPO	44.5	2101	1041	37	2180494	2186748	113	2104	0.0	1633
WBMQ01000004.1	sp|Q9NU22|MDN1_HUMAN	39.9	2501	1238	56	2179876	2187030	45	2395	0.0	1599
WBMQ01000004.1	sp|A0A1P8AUY4|MDN1_ARATH	34.1	3261	1736	85	2180581	2189769	341	3380	0.0	1480
WBMQ01000004.1	sp|Q6CPQ9|EF2_KLULA	75.2	842	209	0	2104470	2101945	1	842	0.0	1280
WBMQ01000004.1	sp|Q5A0M4|EF2_CANAL	75.5	842	206	0	2104470	2101945	1	842	0.0	1278
WBMQ01000004.1	sp|C4YJQ8|EF2_CANAW	75.5	842	206	0	2104470	2101945	1	842	0.0	1278
WBMQ01000004.1	sp|Q875S0|EF2_LACK1	74.3	842	216	0	2104470	2101945	1	842	0.0	1275
WBMQ01000004.1	sp|Q754C8|EF2_ASHGO	74.8	842	212	0	2104470	2101945	1	842	0.0	1274
WBMQ01000004.1	sp|Q874B9|EF2_PICPA	74.8	842	212	0	2104470	2101945	1	842	0.0	1272
WBMQ01000004.1	sp|P32324|EF2_YEAST	74.3	842	216	0	2104470	2101945	1	842	0.0	1270
WBMQ01000004.1	sp|Q6BJ25|EF2_DEBHA	74.6	842	214	0	2104470	2101945	1	842	0.0	1269
WBMQ01000004.1	sp|A5DI11|EF2_PICGU	74.6	842	214	0	2104470	2101945	1	842	0.0	1268
WBMQ01000004.1	sp|Q875Z2|EF2_NAUCC	74.5	842	215	0	2104470	2101945	1	842	0.0	1261
WBMQ01000004.1	sp|Q6FYA7|EF2_CANGA	73.9	842	220	0	2104470	2101945	1	842	0.0	1256
WBMQ01000004.1	sp|Q96X45|EF2_NEUCR	73.8	845	217	4	2104470	2101945	1	844	0.0	1250
WBMQ01000004.1	sp|O14460|EF2_SCHPO	73.3	842	225	0	2104470	2101945	1	842	0.0	1248
WBMQ01000004.1	sp|Q3SYU2|EF2_BOVIN	67.9	858	259	2	2104470	2101945	1	858	0.0	1171
WBMQ01000004.1	sp|A0SXL6|EF2_CALJA	67.9	858	259	2	2104470	2101945	1	858	0.0	1169
WBMQ01000004.1	sp|Q90705|EF2_CHICK	67.9	858	259	2	2104470	2101945	1	858	0.0	1169
WBMQ01000004.1	sp|P58252|EF2_MOUSE	67.7	858	261	2	2104470	2101945	1	858	0.0	1169
WBMQ01000004.1	sp|P05197|EF2_RAT	67.7	858	261	2	2104470	2101945	1	858	0.0	1169
WBMQ01000004.1	sp|P13639|EF2_HUMAN	67.8	858	260	2	2104470	2101945	1	858	0.0	1168
WBMQ01000004.1	sp|Q5R8Z3|EF2_PONAB	67.8	858	260	2	2104470	2101945	1	858	0.0	1168
WBMQ01000040.1	sp|Q8TGM7|ART2_YEAST	84.3	51	8	0	12049	12201	1	51	2.56e-22	96.7
WBMQ01000040.1	sp|Q3E811|RRT15_YEAST	66.1	62	21	0	12049	12234	1	62	9.81e-20	89.4
WBMQ01000040.1	sp|Q8TGM5|ART3_YEAST	70.5	44	13	0	15121	15252	9	52	4.73e-10	62.0
WBMQ01000041.1	sp|Q8TGM7|ART2_YEAST	86.3	51	7	0	2770	2922	1	51	1.35e-22	97.4
WBMQ01000041.1	sp|Q3E811|RRT15_YEAST	67.7	62	20	0	2770	2955	1	62	5.17e-20	90.1
WBMQ01000041.1	sp|Q8TGM5|ART3_YEAST	70.5	44	13	0	14830	14961	9	52	4.65e-10	62.0
WBMQ01000042.1	sp|Q8TGM7|ART2_YEAST	86.3	51	7	0	11725	11877	1	51	1.31e-22	97.4
WBMQ01000042.1	sp|Q3E811|RRT15_YEAST	67.7	62	20	0	11725	11910	1	62	4.99e-20	90.1
WBMQ01000042.1	sp|Q8TGM5|ART3_YEAST	70.5	44	13	0	5806	5937	9	52	1.15e-09	60.8
WBMQ01000043.1	sp|Q8TGM7|ART2_YEAST	86.3	51	7	0	6053	5901	1	51	1.30e-22	97.4
WBMQ01000043.1	sp|Q3E811|RRT15_YEAST	67.7	62	20	0	6053	5868	1	62	4.96e-20	90.1
WBMQ01000043.1	sp|Q8TGM5|ART3_YEAST	70.5	44	13	0	2981	2850	9	52	4.46e-10	62.0
WBMQ01000043.1	sp|P0C5Q0|YL54F_YEAST	88.0	25	3	0	2623	2549	16	40	3.08e-06	50.4
WBMQ01000044.1	sp|Q8TGM7|ART2_YEAST	86.3	51	7	0	6012	5860	1	51	1.29e-22	97.4
WBMQ01000044.1	sp|Q3E811|RRT15_YEAST	67.7	62	20	0	6012	5827	1	62	4.95e-20	90.1
WBMQ01000044.1	sp|Q8TGM5|ART3_YEAST	70.5	44	13	0	11903	11772	9	52	4.45e-10	62.0
WBMQ01000045.1	sp|P0CT41|TF212_SCHPO	33.9	900	557	12	2631	5276	375	1254	1.01e-142	488
WBMQ01000045.1	sp|P0CT34|TF21_SCHPO	33.9	900	557	12	2631	5276	375	1254	1.01e-142	488
WBMQ01000045.1	sp|P0CT35|TF22_SCHPO	33.9	900	557	12	2631	5276	375	1254	1.01e-142	488
WBMQ01000045.1	sp|P0CT36|TF23_SCHPO	33.9	900	557	12	2631	5276	375	1254	1.01e-142	488
WBMQ01000045.1	sp|P0CT37|TF24_SCHPO	33.9	900	557	12	2631	5276	375	1254	1.01e-142	488
WBMQ01000045.1	sp|P0CT38|TF25_SCHPO	33.9	900	557	12	2631	5276	375	1254	1.01e-142	488
WBMQ01000045.1	sp|P0CT39|TF26_SCHPO	33.9	900	557	12	2631	5276	375	1254	1.01e-142	488
WBMQ01000045.1	sp|P0CT40|TF29_SCHPO	33.9	900	557	12	2631	5276	375	1254	1.01e-142	488
WBMQ01000045.1	sp|Q9UR07|TF211_SCHPO	33.8	900	558	12	2631	5276	375	1254	8.10e-142	485
WBMQ01000045.1	sp|P0CT42|TF27_SCHPO	33.8	900	558	12	2631	5276	375	1254	8.10e-142	485
WBMQ01000045.1	sp|P0CT43|TF28_SCHPO	33.8	900	558	12	2631	5276	375	1254	8.10e-142	485
WBMQ01000045.1	sp|Q7LHG5|YI31B_YEAST	32.8	881	552	15	2691	5276	608	1467	5.16e-122	429
WBMQ01000045.1	sp|Q99315|YG31B_YEAST	32.6	881	554	15	2691	5276	582	1441	7.71e-121	427
WBMQ01000045.1	sp|P04323|POL3_DROME	29.1	760	463	20	2670	4808	194	924	3.79e-78	288
WBMQ01000045.1	sp|P20825|POL2_DROME	27.8	830	524	20	2709	5039	197	1004	1.23e-77	286
WBMQ01000045.1	sp|Q8I7P9|POL5_DROME	26.3	749	470	15	2751	4790	127	862	9.38e-67	252
WBMQ01000045.1	sp|P03555|POL_CAMVC	31.2	442	283	11	2712	3992	237	672	3.43e-44	177
WBMQ01000045.1	sp|Q02964|POL_CAMVE	31.2	442	283	11	2712	3992	237	672	3.43e-44	177
WBMQ01000045.1	sp|P03554|POL_CAMVS	31.0	442	284	11	2712	3992	237	672	4.59e-44	177
WBMQ01000045.1	sp|Q00962|POL_CAMVN	30.5	442	286	11	2712	3992	238	673	6.22e-44	177
WBMQ01000045.1	sp|P05400|POL_CERV	26.9	435	303	7	2715	3986	220	650	4.00e-38	159
WBMQ01000045.1	sp|P31843|RRPO_OENBE	54.8	126	54	1	2892	3260	7	132	4.85e-38	144
WBMQ01000045.1	sp|Q89703|POL_CSVMV	28.2	426	281	13	2778	3992	216	637	8.80e-38	157
WBMQ01000045.1	sp|Q6XKE6|POLG_PVCV2	25.0	671	439	19	2088	4019	1181	1814	1.02e-36	158
WBMQ01000045.1	sp|Q91DM0|POLG_PVCV1	27.6	468	306	12	2646	4019	1369	1813	1.74e-36	157
WBMQ01000046.1	sp|Q8TGM7|ART2_YEAST	86.3	51	7	0	11291	11443	1	51	1.15e-22	97.4
WBMQ01000046.1	sp|Q3E811|RRT15_YEAST	67.7	62	20	0	11291	11476	1	62	4.41e-20	90.1
WBMQ01000046.1	sp|Q8TGM5|ART3_YEAST	70.5	44	13	0	5371	5502	9	52	3.96e-10	62.0
WBMQ01000046.1	sp|P0C5Q0|YL54F_YEAST	88.0	25	3	0	14725	14799	16	40	3.74e-06	50.1
WBMQ01000048.1	sp|Q8TGM7|ART2_YEAST	86.3	51	7	0	9790	9942	1	51	9.70e-23	97.4
WBMQ01000048.1	sp|Q3E811|RRT15_YEAST	67.7	62	20	0	9790	9975	1	62	3.71e-20	90.1
WBMQ01000048.1	sp|Q8TGM5|ART3_YEAST	70.5	44	13	0	3862	3993	9	52	3.33e-10	62.0
WBMQ01000049.1	sp|Q8TGM7|ART2_YEAST	86.3	51	7	0	1587	1435	1	51	9.56e-23	97.4
WBMQ01000049.1	sp|Q3E811|RRT15_YEAST	67.7	62	20	0	1587	1402	1	62	3.65e-20	90.1
WBMQ01000049.1	sp|Q8TGM5|ART3_YEAST	70.5	44	13	0	7458	7327	9	52	3.28e-10	62.0
WBMQ01000005.1	sp|Q9C102|GLT1_SCHPO	48.7	1940	479	5	929345	935140	46	1476	0.0	1761
WBMQ01000005.1	sp|Q12680|GLT1_YEAST	45.0	1943	529	14	929342	935098	30	1456	0.0	1542
WBMQ01000005.1	sp|Q03460|GLSN_MEDSA	42.0	1970	580	19	929360	935140	83	1533	0.0	1408
WBMQ01000005.1	sp|Q0JKD0|GLT1_ORYSJ	42.1	1966	585	16	929360	935140	81	1532	0.0	1404
WBMQ01000005.1	sp|Q9LV03|GLUT1_ARATH	41.4	1975	602	16	929339	935140	91	1551	0.0	1388
WBMQ01000005.1	sp|Q0DG35|GLT2_ORYSJ	41.8	1957	587	16	929381	935140	96	1538	0.0	1385
WBMQ01000005.1	sp|P55037|GLTB_SYNY3	37.6	1945	673	18	929333	935140	18	1434	0.0	1204
WBMQ01000005.1	sp|P96218|GLTB_MYCTU	36.9	1948	678	15	929369	935140	3	1423	0.0	1134
WBMQ01000005.1	sp|P39812|GLTA_BACSU	36.7	1934	677	20	929360	935140	4	1395	0.0	1128
WBMQ01000005.1	sp|Q4P9K9|CHS8_USTMA	37.4	1704	901	29	1004669	999909	104	1758	7.33e-313	1016
WBMQ01000005.1	sp|O14139|HRP3_SCHPO	47.0	1265	568	22	873568	870020	145	1388	5.68e-308	979
WBMQ01000005.1	sp|P55038|GLTS_SYNY3	33.0	1971	739	23	929402	935173	33	1468	5.00e-298	957
WBMQ01000005.1	sp|J9VNT4|CHS5_CRYNH	37.8	1716	868	45	1004672	999882	117	1752	9.75e-297	966
WBMQ01000005.1	sp|Q06434|GLTB_ANTSP	32.7	1980	736	28	929393	935173	18	1453	1.24e-295	949
WBMQ01000005.1	sp|P51375|GLTB_PORPU	32.0	1988	768	21	929336	935173	8	1453	6.95e-294	944
WBMQ01000005.1	sp|Q1XDB2|GLTB_PYRYE	31.5	1986	764	20	929360	935173	16	1453	2.23e-289	931
WBMQ01000005.1	sp|Q9ZNZ7|GLTB1_ARATH	32.7	1978	739	30	929369	935155	91	1526	3.40e-286	925
WBMQ01000005.1	sp|Q9T0P4|GLTB2_ARATH	33.2	1984	738	30	929345	935155	85	1527	1.04e-285	924
WBMQ01000005.1	sp|Q9US25|HRP1_SCHPO	48.0	1084	476	19	873586	870473	159	1200	6.60e-285	912
WBMQ01000005.1	sp|P09831|GLTB_ECOLI	32.5	1940	756	22	929384	935173	2	1397	1.10e-283	912
WBMQ01000005.1	sp|Q05755|GLTB_AZOBR	32.7	1920	750	18	929387	935119	28	1413	1.41e-283	913
WBMQ01000005.1	sp|Q43155|GLTB_SPIOL	32.5	1965	731	30	929414	935155	1	1421	1.98e-281	907
WBMQ01000005.1	sp|O19906|GLTB_CYACA	31.8	1973	757	28	929402	935173	33	1465	1.22e-278	900
WBMQ01000005.1	sp|P23225|GLTB_MAIZE	42.4	1238	637	21	929402	932983	94	1299	1.61e-272	885
WBMQ01000005.1	sp|Q69RJ0|GLTB_ORYSJ	43.1	1168	597	19	929402	932779	93	1234	1.26e-269	876
WBMQ01000050.1	sp|Q8TGM7|ART2_YEAST	86.3	51	7	0	10553	10401	1	51	8.77e-23	97.4
WBMQ01000050.1	sp|Q3E811|RRT15_YEAST	67.7	62	20	0	10553	10368	1	62	3.35e-20	90.1
WBMQ01000050.1	sp|Q8TGM5|ART3_YEAST	56.1	57	20	1	7475	7320	9	65	2.69e-09	59.3
WBMQ01000052.1	sp|A4FV68|2A5E_BOVIN	39.8	374	144	7	2802	3884	54	359	2.13e-54	202
WBMQ01000052.1	sp|Q16537|2A5E_HUMAN	39.8	374	144	7	2802	3884	54	359	2.13e-54	202
WBMQ01000052.1	sp|Q61151|2A5E_MOUSE	39.8	374	144	7	2802	3884	54	359	2.88e-54	202
WBMQ01000052.1	sp|Q13362|2A5G_HUMAN	39.0	367	161	6	2802	3884	33	342	2.62e-53	201
WBMQ01000052.1	sp|Q28651|2A5G_RABIT	39.0	367	161	6	2802	3884	33	342	2.62e-53	201
WBMQ01000052.1	sp|Q60996|2A5G_MOUSE	38.7	367	162	6	2802	3884	33	342	8.73e-53	199
WBMQ01000052.1	sp|Q6PD03|2A5A_MOUSE	39.4	363	153	6	2814	3884	66	367	5.69e-52	196
WBMQ01000052.1	sp|Q15172|2A5A_HUMAN	39.1	363	154	6	2814	3884	66	367	7.70e-52	195
WBMQ01000052.1	sp|Q15173|2A5B_HUMAN	36.3	366	168	5	2802	3884	68	373	7.46e-49	187
WBMQ01000052.1	sp|Q80W83|2A5B_RAT	36.3	366	168	5	2802	3884	68	373	7.46e-49	187
WBMQ01000052.1	sp|O18178|2A51_CAEEL	35.9	359	171	4	2814	3884	83	384	7.62e-49	188
WBMQ01000052.1	sp|Q28647|2A5B_RABIT	36.3	366	168	5	2802	3884	68	373	1.07e-48	186
WBMQ01000052.1	sp|Q6PD28|2A5B_MOUSE	36.3	366	168	5	2802	3884	68	373	1.36e-48	186
WBMQ01000052.1	sp|Q28653|2A5D_RABIT	36.9	369	164	7	2805	3884	94	402	1.74e-48	188
WBMQ01000052.1	sp|Q14738|2A5D_HUMAN	36.9	369	164	7	2805	3884	110	418	2.30e-48	188
WBMQ01000052.1	sp|Q8LF36|2A5T_ARATH	34.0	368	179	4	2802	3884	79	389	3.71e-46	179
WBMQ01000052.1	sp|Q10428|2AD1_SCHPO	34.2	366	179	5	2802	3884	113	421	1.11e-45	179
WBMQ01000052.1	sp|P78759|2AD2_SCHPO	32.2	366	186	6	2802	3884	214	522	1.71e-45	180
WBMQ01000052.1	sp|Q9LU89|2A5N_ARATH	33.5	364	186	4	2802	3884	100	410	4.77e-44	173
WBMQ01000052.1	sp|P38903|2A5D_YEAST	33.0	364	186	4	2802	3884	283	591	6.57e-42	171
WBMQ01000052.1	sp|Q8RW96|2A5G_ARATH	31.5	368	188	4	2802	3884	88	398	4.20e-41	164
WBMQ01000052.1	sp|O04376|2A5B_ARATH	32.8	369	182	6	2802	3884	78	388	9.92e-40	160
WBMQ01000052.1	sp|O04375|2A5A_ARATH	32.6	368	184	5	2802	3884	78	388	1.68e-39	159
WBMQ01000052.1	sp|Q93YV6|2A5K_ARATH	30.2	364	195	5	2802	3884	76	383	6.99e-37	151
WBMQ01000052.1	sp|Q6I621|2A5K_ORYSJ	29.4	367	196	5	2802	3884	80	389	2.00e-36	150
WBMQ01000053.1	sp|Q8TGM7|ART2_YEAST	86.3	51	7	0	2274	2426	1	51	7.04e-23	97.4
WBMQ01000053.1	sp|Q3E811|RRT15_YEAST	67.7	62	20	0	2274	2459	1	62	2.69e-20	90.1
WBMQ01000053.1	sp|Q8TGM5|ART3_YEAST	70.5	44	13	0	5342	5473	9	52	2.42e-10	62.0
WBMQ01000054.1	sp|Q8TGM7|ART2_YEAST	86.3	51	7	0	2313	2465	1	51	6.81e-23	97.4
WBMQ01000054.1	sp|Q3E811|RRT15_YEAST	67.7	62	20	0	2313	2498	1	62	2.60e-20	90.1
WBMQ01000054.1	sp|Q8TGM5|ART3_YEAST	70.5	44	13	0	5386	5517	9	52	2.34e-10	62.0
WBMQ01000056.1	sp|Q8TGM7|ART2_YEAST	86.3	51	7	0	6112	5960	1	51	4.87e-23	97.4
WBMQ01000056.1	sp|Q3E811|RRT15_YEAST	67.7	62	20	0	6112	5927	1	62	1.86e-20	90.1
WBMQ01000056.1	sp|Q8TGM5|ART3_YEAST	70.5	44	13	0	3038	2907	9	52	1.67e-10	62.0
WBMQ01000057.1	sp|Q8TGM5|ART3_YEAST	70.5	44	13	0	4296	4165	9	52	1.22e-10	62.0
WBMQ01000006.1	sp|A2QLK4|FKS1_ASPNC	49.3	1841	793	22	727934	722514	122	1856	0.0	1686
WBMQ01000006.1	sp|O93927|FKS1_CRYNH	49.0	1767	772	17	727748	722517	136	1796	0.0	1634
WBMQ01000006.1	sp|O74475|BGS4_SCHPO	47.2	1870	836	21	727934	722511	129	1909	0.0	1598
WBMQ01000006.1	sp|P40989|FKS2_YEAST	48.9	1801	788	22	727805	722514	147	1852	0.0	1595
WBMQ01000006.1	sp|P38631|FKS1_YEAST	48.6	1779	788	20	727748	722514	147	1833	0.0	1580
WBMQ01000006.1	sp|O13967|BGS2_SCHPO	46.8	1796	815	21	727748	722478	182	1875	0.0	1544
WBMQ01000006.1	sp|Q10287|BGS1_SCHPO	46.5	1736	814	21	727745	722568	63	1694	0.0	1470
WBMQ01000006.1	sp|Q9P377|BGS3_SCHPO	45.4	1750	828	29	727739	722550	148	1790	0.0	1411
WBMQ01000006.1	sp|Q04952|FKS3_YEAST	44.3	1817	846	25	727781	722559	4	1730	0.0	1401
WBMQ01000006.1	sp|P32324|EF2_YEAST	74.2	842	217	0	871320	868795	1	842	0.0	1281
WBMQ01000006.1	sp|Q6CPQ9|EF2_KLULA	74.1	842	218	0	871320	868795	1	842	0.0	1279
WBMQ01000006.1	sp|Q754C8|EF2_ASHGO	74.2	842	217	0	871320	868795	1	842	0.0	1276
WBMQ01000006.1	sp|Q875S0|EF2_LACK1	73.8	842	221	0	871320	868795	1	842	0.0	1276
WBMQ01000006.1	sp|Q5A0M4|EF2_CANAL	74.2	842	217	0	871320	868795	1	842	0.0	1274
WBMQ01000006.1	sp|C4YJQ8|EF2_CANAW	74.2	842	217	0	871320	868795	1	842	0.0	1274
WBMQ01000006.1	sp|A5DI11|EF2_PICGU	74.3	842	216	0	871320	868795	1	842	0.0	1272
WBMQ01000006.1	sp|Q874B9|EF2_PICPA	73.9	842	220	0	871320	868795	1	842	0.0	1269
WBMQ01000006.1	sp|Q6BJ25|EF2_DEBHA	73.9	842	220	0	871320	868795	1	842	0.0	1266
WBMQ01000006.1	sp|O14460|EF2_SCHPO	73.0	842	227	0	871320	868795	1	842	0.0	1266
WBMQ01000006.1	sp|Q96X45|EF2_NEUCR	73.7	845	218	4	871320	868795	1	844	0.0	1261
WBMQ01000006.1	sp|Q6FYA7|EF2_CANGA	73.3	842	225	0	871320	868795	1	842	0.0	1260
WBMQ01000006.1	sp|Q875Z2|EF2_NAUCC	73.2	842	226	0	871320	868795	1	842	0.0	1255
WBMQ01000006.1	sp|P29691|EF2_CAEEL	68.9	856	248	3	871320	868795	1	852	0.0	1175
WBMQ01000006.1	sp|Q3SYU2|EF2_BOVIN	67.7	858	261	2	871320	868795	1	858	0.0	1166
WBMQ01000006.1	sp|A0SXL6|EF2_CALJA	67.7	858	261	2	871320	868795	1	858	0.0	1165
WBMQ01000062.1	sp|P46588|DPOD_CANAX	30.1	712	395	26	77	1966	210	900	2.83e-71	259
WBMQ01000062.1	sp|P15436|DPOD_YEAST	30.4	599	353	17	344	1969	379	970	4.50e-65	242
WBMQ01000062.1	sp|Q9LRE6|DPOD1_ORYSJ	28.8	711	418	20	71	1972	277	976	4.72e-65	242
WBMQ01000062.1	sp|P30315|DPOD1_PLAFK	30.0	714	397	26	86	1978	274	967	2.61e-64	239
WBMQ01000062.1	sp|P90829|DPOD1_CAEEL	28.5	762	425	25	35	2011	210	954	6.24e-63	235
WBMQ01000062.1	sp|O48901|DPOD1_SOYBN	27.9	716	411	26	80	1972	238	933	7.14e-61	229
WBMQ01000062.1	sp|Q9LVN7|DPOD1_ARATH	28.7	710	398	23	104	1972	280	968	1.05e-58	223
WBMQ01000062.1	sp|P28340|DPOD1_HUMAN	27.9	612	358	15	344	1972	374	971	8.43e-57	217
WBMQ01000062.1	sp|P52431|DPOD1_MOUSE	27.7	610	362	15	344	1972	372	969	4.71e-56	214
WBMQ01000062.1	sp|P54358|DPOD1_DROME	29.7	607	356	18	344	1972	358	957	8.00e-56	214
WBMQ01000062.1	sp|P28339|DPOD1_BOVIN	27.5	610	363	15	344	1972	373	970	1.99e-55	213
WBMQ01000062.1	sp|O54747|DPOD1_RAT	27.2	610	365	15	344	1972	370	967	3.47e-54	209
WBMQ01000062.1	sp|Q54N97|DPOD1_DICDI	27.3	728	414	24	71	1966	262	970	8.20e-54	207
WBMQ01000062.1	sp|P97283|DPOD1_MESAU	26.9	610	367	15	344	1972	370	967	3.41e-53	206
WBMQ01000062.1	sp|P52342|DPOL_HHV7J	26.9	616	359	19	53	1636	218	830	1.68e-42	172
WBMQ01000062.1	sp|Q9QJ32|DPOL_HHV6Z	26.2	562	333	15	185	1636	274	831	1.12e-40	166
WBMQ01000062.1	sp|O93746|DPOL2_AERPE	24.2	650	422	18	131	1972	163	777	2.82e-40	164
WBMQ01000062.1	sp|P28857|DPOL_HHV6U	25.8	562	335	15	185	1636	274	831	3.41e-40	164
WBMQ01000062.1	sp|O36363|DPOL_ALHV1	26.8	560	335	17	185	1645	309	866	1.87e-39	162
WBMQ01000062.1	sp|Q2HRD0|DPOL_HHV8P	26.5	586	348	18	125	1651	269	848	1.28e-38	159
WBMQ01000062.1	sp|O29753|DPOL_ARCFU	25.1	633	408	21	179	1972	158	759	7.05e-37	153
WBMQ01000062.1	sp|Q9DKT8|DPOL_ELHVK	26.0	623	352	20	68	1645	261	871	7.99e-36	150
WBMQ01000062.1	sp|P14284|DPOZ_YEAST	24.3	629	383	20	341	1978	744	1362	7.38e-34	145
WBMQ01000062.1	sp|Q6GZR5|DPOL_FRG3G	34.0	262	143	4	341	1036	236	497	4.46e-33	142
WBMQ01000062.1	sp|P52367|DPOL_EHV2	26.7	566	331	18	185	1651	287	845	1.34e-32	140
WBMQ01000064.1	sp|A5DCV3|RPB1_PICGU	28.0	375	148	9	1237	446	333	696	2.60e-24	112
WBMQ01000064.1	sp|P05472|RPOL_KLULA	31.9	276	152	10	1339	530	729	974	3.35e-23	108
WBMQ01000064.1	sp|P31813|RPOA1_THECE	29.0	252	94	3	1237	671	308	537	4.82e-17	89.0
WBMQ01000064.1	sp|O27125|RPOA1_METTH	31.6	206	78	3	1237	809	298	503	1.20e-14	81.3
WBMQ01000064.1	sp|Q6BI69|RPC1_DEBHA	31.9	207	77	4	1237	809	354	560	1.49e-14	81.3
WBMQ01000064.1	sp|Q980R2|RPOA1_SACS2	31.1	209	76	3	1237	809	302	508	3.66e-14	79.7
WBMQ01000064.1	sp|O94666|RPC1_SCHPO	24.8	335	169	8	1237	446	339	661	5.83e-14	79.3
WBMQ01000064.1	sp|P04051|RPC1_YEAST	31.4	207	78	4	1237	809	357	563	5.90e-14	79.3
WBMQ01000064.1	sp|P11512|RPOA1_SULAC	31.1	209	76	4	1237	809	302	508	6.36e-14	79.0
WBMQ01000064.1	sp|Q5ZL98|RPC1_CHICK	32.4	207	76	5	1237	809	345	551	1.01e-13	78.6
WBMQ01000064.1	sp|A4IF62|RPC1_BOVIN	31.4	207	78	5	1237	809	345	551	1.33e-13	78.2
WBMQ01000064.1	sp|O14802|RPC1_HUMAN	31.4	207	78	5	1237	809	345	551	1.33e-13	78.2
WBMQ01000064.1	sp|F4JXF9|NRPC1_ARATH	29.1	206	83	4	1237	809	346	551	2.29e-13	77.4
WBMQ01000064.1	sp|Q86AQ5|RPC1_DICDI	29.2	233	95	5	1318	809	318	543	2.33e-13	77.4
WBMQ01000064.1	sp|B0R8D4|RPOA1_HALS3	30.3	208	78	3	1237	809	374	579	2.66e-13	77.0
WBMQ01000064.1	sp|P0CX02|RPOA1_HALSA	30.3	208	78	3	1237	809	374	579	2.66e-13	77.0
WBMQ01000064.1	sp|Q8HUH0|RPC2B_CHLRE	31.9	191	90	4	1267	812	70	259	3.39e-13	75.9
WBMQ01000064.1	sp|Q6MDM0|RPOC_PARUW	31.5	181	85	4	1237	812	327	507	9.09e-13	75.5
WBMQ01000064.1	sp|Q9SVY0|NRPA1_ARATH	43.4	99	53	2	1096	809	556	654	1.65e-12	74.7
WBMQ01000064.1	sp|Q1KVT3|RPOC1_TETOB	29.8	181	88	3	1237	812	1199	1379	4.84e-12	73.2
WBMQ01000064.1	sp|O55766|RPB1_IIV6	41.8	98	55	1	1096	809	543	640	7.43e-12	72.4
WBMQ01000064.1	sp|P09846|RPOA1_METTW	31.7	164	51	2	1237	929	298	461	1.58e-11	71.2
WBMQ01000064.1	sp|Q2NJ16|RPOC_AYWBP	29.2	195	98	4	1276	812	435	629	2.44e-11	70.9
WBMQ01000064.1	sp|Q6YQW2|RPOC_ONYPE	29.2	195	98	4	1276	812	435	629	2.44e-11	70.9
WBMQ01000064.1	sp|P08968|RPC1_TRYBB	29.8	208	81	4	1237	809	348	555	3.30e-11	70.5
WBMQ01000065.1	sp|P46588|DPOD_CANAX	37.6	165	83	6	746	1192	477	637	6.58e-20	97.4
WBMQ01000065.1	sp|P30315|DPOD1_PLAFK	40.2	174	82	8	755	1225	540	708	3.68e-19	95.1
WBMQ01000065.1	sp|Q6GZR5|DPOL_FRG3G	32.6	187	110	3	234	746	218	404	1.38e-17	90.1
WBMQ01000065.1	sp|P54358|DPOD1_DROME	36.7	166	81	6	755	1192	530	691	1.35e-16	87.0
WBMQ01000065.1	sp|P90829|DPOD1_CAEEL	36.0	164	78	6	755	1192	516	670	4.13e-16	85.5
WBMQ01000065.1	sp|P15436|DPOD_YEAST	35.8	165	87	6	746	1192	548	709	4.15e-16	85.5
WBMQ01000065.1	sp|P52431|DPOD1_MOUSE	31.3	160	93	3	755	1192	544	700	2.95e-15	82.8
WBMQ01000065.1	sp|P28340|DPOD1_HUMAN	31.5	162	94	3	749	1192	544	702	2.95e-15	82.8
WBMQ01000065.1	sp|Q9LRE6|DPOD1_ORYSJ	33.9	165	88	6	749	1192	548	708	3.90e-15	82.4
WBMQ01000065.1	sp|P28339|DPOD1_BOVIN	31.3	160	93	3	755	1192	545	701	5.16e-15	82.0
WBMQ01000065.1	sp|Q9LVN7|DPOD1_ARATH	34.1	164	89	4	749	1192	540	700	1.57e-14	80.5
WBMQ01000065.1	sp|P97283|DPOD1_MESAU	30.6	160	94	3	755	1192	542	698	2.08e-14	80.1
WBMQ01000065.1	sp|O54747|DPOD1_RAT	30.0	160	95	3	755	1192	542	698	6.33e-14	78.6
WBMQ01000065.1	sp|O48901|DPOD1_SOYBN	33.7	166	87	7	749	1192	505	665	8.32e-14	78.2
WBMQ01000065.1	sp|Q54N97|DPOD1_DICDI	32.5	166	86	6	749	1192	549	706	2.16e-11	70.5
WBMQ01000065.1	sp|Q9QJ32|DPOL_HHV6Z	32.7	162	87	6	767	1195	517	675	2.77e-11	70.1
WBMQ01000065.1	sp|P28857|DPOL_HHV6U	32.1	162	88	6	767	1195	517	675	3.65e-11	69.7
WBMQ01000065.1	sp|Q9P6L6|DPOZ_SCHPO	30.2	189	95	8	746	1210	892	1077	2.13e-10	67.4
WBMQ01000065.1	sp|P52342|DPOL_HHV7J	31.3	163	90	6	767	1195	514	674	3.34e-10	66.6
WBMQ01000065.1	sp|Q9DKT8|DPOL_ELHVK	30.4	161	87	6	767	1192	553	707	3.37e-10	66.6
WBMQ01000065.1	sp|Q2HRD0|DPOL_HHV8P	27.8	162	102	3	752	1192	528	689	5.81e-10	65.9
WBMQ01000065.1	sp|O36363|DPOL_ALHV1	27.8	162	102	3	752	1192	545	706	7.70e-10	65.5
WBMQ01000065.1	sp|Q9QSK2|DPOL_IIV6	39.1	87	43	2	755	997	574	656	1.08e-09	65.1
WBMQ01000065.1	sp|O71121|DPOL_RHCM6	29.0	169	94	5	752	1192	528	692	9.27e-09	62.0
WBMQ01000065.1	sp|P24907|DPOL_SHV21	26.5	162	104	3	752	1192	517	678	1.60e-08	61.2
WBMQ01000066.1	sp|P31813|RPOA1_THECE	31.6	206	78	2	528	100	308	513	3.72e-17	88.6
WBMQ01000066.1	sp|O27125|RPOA1_METTH	31.6	206	78	3	528	100	298	503	7.57e-15	81.3
WBMQ01000066.1	sp|Q6BI69|RPC1_DEBHA	31.9	207	77	4	528	100	354	560	9.23e-15	81.3
WBMQ01000066.1	sp|P05472|RPOL_KLULA	32.4	213	109	9	630	10	729	912	1.41e-14	80.5
WBMQ01000066.1	sp|Q980R2|RPOA1_SACS2	31.1	209	76	3	528	100	302	508	2.33e-14	79.7
WBMQ01000066.1	sp|P04051|RPC1_YEAST	31.4	207	78	4	528	100	357	563	3.72e-14	79.3
WBMQ01000066.1	sp|P11512|RPOA1_SULAC	31.1	209	76	4	528	100	302	508	4.08e-14	79.0
WBMQ01000066.1	sp|O94666|RPC1_SCHPO	30.0	207	81	3	528	100	339	545	4.87e-14	79.0
WBMQ01000066.1	sp|Q5ZL98|RPC1_CHICK	32.4	207	76	5	528	100	345	551	6.41e-14	78.6
WBMQ01000066.1	sp|A4IF62|RPC1_BOVIN	31.4	207	78	5	528	100	345	551	8.47e-14	78.2
WBMQ01000066.1	sp|O14802|RPC1_HUMAN	31.4	207	78	5	528	100	345	551	8.47e-14	78.2
WBMQ01000066.1	sp|F4JXF9|NRPC1_ARATH	29.1	206	83	4	528	100	346	551	1.47e-13	77.4
WBMQ01000066.1	sp|Q86AQ5|RPC1_DICDI	29.2	233	95	5	609	100	318	543	1.49e-13	77.4
WBMQ01000066.1	sp|B0R8D4|RPOA1_HALS3	30.3	208	78	3	528	100	374	579	1.73e-13	77.0
WBMQ01000066.1	sp|P0CX02|RPOA1_HALSA	30.3	208	78	3	528	100	374	579	1.73e-13	77.0
WBMQ01000066.1	sp|Q8HUH0|RPC2B_CHLRE	31.9	191	90	4	558	103	70	259	2.33e-13	75.9
WBMQ01000066.1	sp|Q6MDM0|RPOC_PARUW	31.5	181	85	4	528	103	327	507	5.94e-13	75.5
WBMQ01000066.1	sp|Q9SVY0|NRPA1_ARATH	43.4	99	53	2	387	100	556	654	1.08e-12	74.7
WBMQ01000066.1	sp|Q1KVT3|RPOC1_TETOB	29.8	181	88	3	528	103	1199	1379	3.21e-12	73.2
WBMQ01000066.1	sp|O55766|RPB1_IIV6	41.8	98	55	1	387	100	543	640	4.99e-12	72.4
WBMQ01000066.1	sp|P09846|RPOA1_METTW	31.7	164	51	2	528	220	298	461	1.07e-11	71.2
WBMQ01000066.1	sp|Q2NJ16|RPOC_AYWBP	29.2	195	98	4	567	103	435	629	1.65e-11	70.9
WBMQ01000066.1	sp|Q6YQW2|RPOC_ONYPE	29.2	195	98	4	567	103	435	629	1.65e-11	70.9
WBMQ01000066.1	sp|P08968|RPC1_TRYBB	29.8	208	81	4	528	100	348	555	2.23e-11	70.5
WBMQ01000066.1	sp|Q196X0|RPB1_IIV3	40.4	94	50	1	468	205	415	508	5.01e-11	69.3
WBMQ01000067.1	sp|A5DCV3|RPB1_PICGU	28.0	375	148	9	954	163	333	696	8.86e-25	112
WBMQ01000067.1	sp|P05472|RPOL_KLULA	31.9	276	152	10	1056	247	729	974	1.29e-23	108
WBMQ01000067.1	sp|P31813|RPOA1_THECE	29.0	252	94	3	954	388	308	537	2.55e-17	89.0
WBMQ01000067.1	sp|O27125|RPOA1_METTH	31.6	206	78	3	954	526	298	503	7.00e-15	81.3
WBMQ01000067.1	sp|Q6BI69|RPC1_DEBHA	31.9	207	77	4	954	526	354	560	8.50e-15	81.3
WBMQ01000067.1	sp|Q980R2|RPOA1_SACS2	31.1	209	76	3	954	526	302	508	2.16e-14	79.7
WBMQ01000067.1	sp|O94666|RPC1_SCHPO	24.8	335	169	8	954	163	339	661	3.41e-14	79.3
WBMQ01000067.1	sp|P04051|RPC1_YEAST	31.4	207	78	4	954	526	357	563	3.44e-14	79.3
WBMQ01000067.1	sp|P11512|RPOA1_SULAC	31.1	209	76	4	954	526	302	508	3.79e-14	79.0
WBMQ01000067.1	sp|Q5ZL98|RPC1_CHICK	32.4	207	76	5	954	526	345	551	5.94e-14	78.6
WBMQ01000067.1	sp|A4IF62|RPC1_BOVIN	31.4	207	78	5	954	526	345	551	7.85e-14	78.2
WBMQ01000067.1	sp|O14802|RPC1_HUMAN	31.4	207	78	5	954	526	345	551	7.85e-14	78.2
WBMQ01000067.1	sp|F4JXF9|NRPC1_ARATH	29.1	206	83	4	954	526	346	551	1.37e-13	77.4
WBMQ01000067.1	sp|Q86AQ5|RPC1_DICDI	29.2	233	95	5	1035	526	318	543	1.39e-13	77.4
WBMQ01000067.1	sp|B0R8D4|RPOA1_HALS3	30.3	208	78	3	954	526	374	579	1.61e-13	77.0
WBMQ01000067.1	sp|P0CX02|RPOA1_HALSA	30.3	208	78	3	954	526	374	579	1.61e-13	77.0
WBMQ01000067.1	sp|Q8HUH0|RPC2B_CHLRE	31.9	191	90	4	984	529	70	259	2.19e-13	75.9
WBMQ01000067.1	sp|Q6MDM0|RPOC_PARUW	31.5	181	85	4	954	529	327	507	5.53e-13	75.5
WBMQ01000067.1	sp|Q9SVY0|NRPA1_ARATH	43.4	99	53	2	813	526	556	654	1.01e-12	74.7
WBMQ01000067.1	sp|Q1KVT3|RPOC1_TETOB	29.8	181	88	3	954	529	1199	1379	3.00e-12	73.2
WBMQ01000067.1	sp|O55766|RPB1_IIV6	41.8	98	55	1	813	526	543	640	4.67e-12	72.4
WBMQ01000067.1	sp|P09846|RPOA1_METTW	31.7	164	51	2	954	646	298	461	1.01e-11	71.2
WBMQ01000067.1	sp|Q2NJ16|RPOC_AYWBP	29.2	195	98	4	993	529	435	629	1.54e-11	70.9
WBMQ01000067.1	sp|Q6YQW2|RPOC_ONYPE	29.2	195	98	4	993	529	435	629	1.54e-11	70.9
WBMQ01000067.1	sp|P08968|RPC1_TRYBB	29.8	208	81	4	954	526	348	555	2.10e-11	70.5
WBMQ01000069.1	sp|P05472|RPOL_KLULA	32.0	247	130	10	715	2	729	946	1.46e-18	92.4
WBMQ01000069.1	sp|P31813|RPOA1_THECE	29.0	252	94	3	613	47	308	537	1.84e-17	89.0
WBMQ01000069.1	sp|O27125|RPOA1_METTH	31.6	206	78	3	613	185	298	503	5.32e-15	81.3
WBMQ01000069.1	sp|Q6BI69|RPC1_DEBHA	31.9	207	77	4	613	185	354	560	6.40e-15	81.3
WBMQ01000069.1	sp|Q980R2|RPOA1_SACS2	31.1	209	76	3	613	185	302	508	1.66e-14	79.7
WBMQ01000069.1	sp|P04051|RPC1_YEAST	31.4	207	78	4	613	185	357	563	2.62e-14	79.3
WBMQ01000069.1	sp|P11512|RPOA1_SULAC	31.1	209	76	4	613	185	302	508	2.92e-14	79.0
WBMQ01000069.1	sp|O94666|RPC1_SCHPO	30.0	207	81	3	613	185	339	545	3.44e-14	79.0
WBMQ01000069.1	sp|Q5ZL98|RPC1_CHICK	32.4	207	76	5	613	185	345	551	4.55e-14	78.6
WBMQ01000069.1	sp|A4IF62|RPC1_BOVIN	31.4	207	78	5	613	185	345	551	6.03e-14	78.2
WBMQ01000069.1	sp|O14802|RPC1_HUMAN	31.4	207	78	5	613	185	345	551	6.03e-14	78.2
WBMQ01000069.1	sp|F4JXF9|NRPC1_ARATH	29.1	206	83	4	613	185	346	551	1.06e-13	77.4
WBMQ01000069.1	sp|Q86AQ5|RPC1_DICDI	29.2	233	95	5	694	185	318	543	1.07e-13	77.4
WBMQ01000069.1	sp|B0R8D4|RPOA1_HALS3	30.3	208	78	3	613	185	374	579	1.25e-13	77.0
WBMQ01000069.1	sp|P0CX02|RPOA1_HALSA	30.3	208	78	3	613	185	374	579	1.25e-13	77.0
WBMQ01000069.1	sp|Q8HUH0|RPC2B_CHLRE	31.9	191	90	4	643	188	70	259	1.77e-13	75.9
WBMQ01000069.1	sp|Q6MDM0|RPOC_PARUW	31.5	181	85	4	613	188	327	507	4.32e-13	75.5
WBMQ01000069.1	sp|Q9SVY0|NRPA1_ARATH	43.4	99	53	2	472	185	556	654	7.88e-13	74.7
WBMQ01000069.1	sp|A5DCV3|RPB1_PICGU	27.0	282	108	7	613	35	333	605	1.03e-12	74.3
WBMQ01000069.1	sp|Q1KVT3|RPOC1_TETOB	29.8	181	88	3	613	188	1199	1379	2.37e-12	73.2
WBMQ01000069.1	sp|O55766|RPB1_IIV6	41.8	98	55	1	472	185	543	640	3.73e-12	72.4
WBMQ01000069.1	sp|P09846|RPOA1_METTW	31.7	164	51	2	613	305	298	461	8.09e-12	71.2
WBMQ01000069.1	sp|Q2NJ16|RPOC_AYWBP	29.2	195	98	4	652	188	435	629	1.24e-11	70.9
WBMQ01000069.1	sp|Q6YQW2|RPOC_ONYPE	29.2	195	98	4	652	188	435	629	1.24e-11	70.9
WBMQ01000069.1	sp|P08968|RPC1_TRYBB	29.8	208	81	4	613	185	348	555	1.68e-11	70.5
WBMQ01000007.1	sp|O60072|MUG81_SCHPO	57.3	1079	441	4	1587560	1584324	236	1294	0.0	1268
WBMQ01000007.1	sp|P53327|SLH1_YEAST	51.5	1113	508	9	1587566	1584240	243	1327	0.0	1131
WBMQ01000007.1	sp|F1LPQ2|ASCC3_RAT	53.1	1082	472	10	1587557	1584324	437	1487	0.0	1127
WBMQ01000007.1	sp|E9PZJ8|ASCC3_MOUSE	53.3	1082	470	10	1587557	1584324	437	1487	0.0	1126
WBMQ01000007.1	sp|E1BNG3|ASCC3_BOVIN	52.8	1082	476	10	1587557	1584324	436	1486	0.0	1122
WBMQ01000007.1	sp|F1NTD6|ASCC3_CHICK	52.8	1084	473	11	1587557	1584324	445	1495	0.0	1122
WBMQ01000007.1	sp|Q8N3C0|ASCC3_HUMAN	52.7	1082	477	10	1587557	1584324	436	1486	0.0	1115
WBMQ01000007.1	sp|E7F8F4|ASCC3_DANRE	51.3	1083	455	14	1587557	1584324	33	1048	0.0	1061
WBMQ01000007.1	sp|P07806|SYV_YEAST	53.8	925	357	9	642647	645352	138	1015	0.0	1012
WBMQ01000007.1	sp|O75005|SYV_SCHPO	53.7	897	378	7	642650	645334	88	949	2.10e-315	983
WBMQ01000007.1	sp|Q9FNQ1|DEXHE_ARATH	48.9	1078	516	11	1587551	1584327	469	1514	1.21e-307	1006
WBMQ01000007.1	sp|Q54G57|ASCC3_DICDI	49.7	1028	491	11	1587395	1584324	481	1486	5.46e-302	990
WBMQ01000007.1	sp|P49609|ACON_GRAGA	73.4	602	160	0	849006	847201	103	704	4.09e-301	933
WBMQ01000007.1	sp|Q4WLN1|ACON_ASPFU	73.6	602	159	0	849006	847201	110	711	1.01e-300	932
WBMQ01000007.1	sp|P46598|HSP90_CANAL	70.9	715	191	8	569298	567181	1	707	1.19e-300	929
WBMQ01000007.1	sp|P55737|HS902_ARATH	68.7	709	209	4	569298	567181	1	699	1.05e-299	926
WBMQ01000007.1	sp|P36181|HSP80_SOLLC	68.8	708	205	4	569289	567181	3	699	9.10e-299	923
WBMQ01000007.1	sp|C8VG90|ACON_EMENI	72.9	602	163	0	849006	847201	108	709	7.77e-298	924
WBMQ01000007.1	sp|Q07078|HSP83_ORYSJ	67.8	708	217	3	569298	567181	1	699	1.47e-297	919
WBMQ01000007.1	sp|P51818|HS903_ARATH	68.0	709	214	4	569298	567181	1	699	2.72e-297	919
WBMQ01000007.1	sp|Q69QQ6|HSP82_ORYSJ	67.7	708	218	3	569298	567181	1	699	3.70e-297	918
WBMQ01000007.1	sp|O03986|HS904_ARATH	68.0	709	214	4	569298	567181	1	699	5.04e-297	918
WBMQ01000007.1	sp|A2YWQ1|HSP81_ORYSI	67.7	708	218	3	569298	567181	1	699	1.73e-296	916
WBMQ01000007.1	sp|Q0J4P2|HSP81_ORYSJ	67.7	708	218	3	569298	567181	1	699	1.73e-296	916
WBMQ01000007.1	sp|D4AT77|ACON_ARTBC	71.9	602	169	0	849006	847201	101	702	2.04e-295	917
WBMQ01000072.1	sp|Q980R2|RPOA1_SACS2	36.1	61	35	2	206	33	443	502	2.40e-05	43.5
WBMQ01000072.1	sp|P05472|RPOL_KLULA	40.0	55	23	3	197	33	844	888	2.41e-05	43.5
WBMQ01000072.1	sp|P25202|RPC1_GIAIN	65.2	23	8	0	206	138	709	731	6.25e-05	42.4
WBMQ01000072.1	sp|P21422|RPOC1_PLAF7	36.4	66	34	3	212	30	443	505	8.28e-05	42.0
WBMQ01000072.1	sp|F4JXF9|NRPC1_ARATH	38.9	54	30	1	203	42	487	537	8.52e-05	42.0
WBMQ01000072.1	sp|Q7T6X5|RPO1_MIMIV	34.5	55	33	1	206	42	485	536	8.54e-05	42.0
WBMQ01000072.1	sp|Q6MDM0|RPOC_PARUW	40.0	50	27	1	203	54	444	490	1.17e-04	41.6
WBMQ01000072.1	sp|Q6BI69|RPC1_DEBHA	37.3	51	29	1	206	54	495	542	1.17e-04	41.6
WBMQ01000072.1	sp|P31813|RPOA1_THECE	33.3	63	34	2	206	33	448	507	1.58e-04	41.2
WBMQ01000072.1	sp|P27625|RPC1_PLAFA	36.4	55	32	1	206	42	598	649	1.61e-04	41.2
WBMQ01000072.1	sp|P04051|RPC1_YEAST	37.3	51	29	1	206	54	498	545	2.19e-04	40.8
WBMQ01000072.1	sp|P41556|RPOA1_METVS	35.0	60	37	1	206	33	453	512	2.96e-04	40.4
WBMQ01000072.1	sp|O94666|RPC1_SCHPO	40.8	49	26	1	203	57	481	526	2.99e-04	40.4
WBMQ01000072.1	sp|P18616|NRPB1_ARATH	34.0	53	32	1	206	48	482	531	3.01e-04	40.4
WBMQ01000072.1	sp|A4IF62|RPC1_BOVIN	35.0	60	37	1	206	33	486	545	4.10e-04	40.0
WBMQ01000072.1	sp|Q5ZL98|RPC1_CHICK	35.0	60	37	1	206	33	486	545	4.10e-04	40.0
WBMQ01000072.1	sp|O14802|RPC1_HUMAN	35.0	60	37	1	206	33	486	545	4.10e-04	40.0
WBMQ01000072.1	sp|P11512|RPOA1_SULAC	35.0	60	37	1	206	33	443	502	5.54e-04	39.7
WBMQ01000072.1	sp|Q58445|RPOA1_METJA	37.5	64	35	2	209	33	901	964	7.67e-04	39.3
WBMQ01000008.1	sp|P49951|CLH1_BOVIN	65.5	1127	388	1	258653	255273	390	1515	0.0	1521
WBMQ01000008.1	sp|Q00610|CLH1_HUMAN	65.5	1127	388	1	258653	255273	390	1515	0.0	1521
WBMQ01000008.1	sp|Q68FD5|CLH1_MOUSE	65.4	1127	389	1	258653	255273	390	1515	0.0	1519
WBMQ01000008.1	sp|P11442|CLH1_RAT	65.1	1127	392	1	258653	255273	390	1515	0.0	1510
WBMQ01000008.1	sp|P29742|CLH_DROME	62.8	1127	417	2	258650	255273	391	1516	0.0	1449
WBMQ01000008.1	sp|P53675|CLH2_HUMAN	62.4	1127	423	1	258653	255273	390	1515	0.0	1449
WBMQ01000008.1	sp|P34574|CLH_CAEEL	61.9	1130	427	3	258653	255273	388	1517	0.0	1446
WBMQ01000008.1	sp|Q10161|CLH_SCHPO	56.9	1127	482	3	258653	255273	388	1510	0.0	1309
WBMQ01000008.1	sp|P25870|CLH_DICDI	56.1	1127	494	1	258650	255273	390	1516	0.0	1298
WBMQ01000008.1	sp|P22137|CLH_YEAST	56.1	1126	493	1	258647	255273	396	1521	0.0	1284
WBMQ01000008.1	sp|Q2RBN7|CLH1_ORYSJ	55.3	1127	504	0	258653	255273	403	1529	0.0	1262
WBMQ01000008.1	sp|Q2QYW2|CLH2_ORYSJ	55.2	1127	505	0	258653	255273	403	1529	0.0	1261
WBMQ01000008.1	sp|Q0WLB5|CLAH2_ARATH	54.6	1127	512	0	258653	255273	403	1529	0.0	1259
WBMQ01000008.1	sp|Q0WNJ6|CLAH1_ARATH	54.5	1127	513	0	258653	255273	403	1529	0.0	1248
WBMQ01000008.1	sp|Q4P9K9|CHS8_USTMA	42.0	1668	798	32	99647	104206	107	1752	0.0	1182
WBMQ01000008.1	sp|J9VNT4|CHS5_CRYNH	39.7	1881	933	42	99647	104896	121	1930	0.0	1162
WBMQ01000008.1	sp|P97608|OPLA_RAT	55.4	1111	436	17	201778	205044	186	1258	0.0	1159
WBMQ01000008.1	sp|Q8K010|OPLA_MOUSE	55.2	1111	438	16	201778	205044	186	1258	0.0	1157
WBMQ01000008.1	sp|O14841|OPLA_HUMAN	55.1	1108	444	16	201778	205044	186	1258	0.0	1154
WBMQ01000008.1	sp|Q75WB5|OPLA_BOVIN	55.7	1107	430	18	201778	205032	186	1254	0.0	1153
WBMQ01000008.1	sp|Q10094|YAOF_SCHPO	55.0	1109	456	16	201799	205053	201	1290	0.0	1134
WBMQ01000008.1	sp|Q10093|YAOE_SCHPO	52.4	1096	491	15	201766	205032	185	1256	0.0	1080
WBMQ01000008.1	sp|Q9FIZ7|OPLA_ARATH	53.7	1105	459	17	201781	205032	191	1263	0.0	1075
WBMQ01000008.1	sp|Q54NW6|OPLA_DICDI	51.0	1110	480	14	201778	205047	196	1261	0.0	1064
WBMQ01000008.1	sp|P28273|OPLA_YEAST	50.0	1112	505	20	201778	205035	197	1283	9.00e-317	1000
WBMQ01000009.1	sp|Q14562|DHX8_HUMAN	72.9	720	193	2	1333960	1331804	497	1215	0.0	1095
WBMQ01000009.1	sp|A2A4P0|DHX8_MOUSE	72.9	720	193	2	1333960	1331804	521	1239	0.0	1095
WBMQ01000009.1	sp|Q54F05|DHX8_DICDI	72.6	719	196	1	1333957	1331804	440	1158	0.0	1086
WBMQ01000009.1	sp|A1Z9L3|DHX8_DROME	73.0	722	193	2	1333960	1331798	518	1238	0.0	1080
WBMQ01000009.1	sp|Q38953|DEAH5_ARATH	70.4	734	214	2	1333999	1331798	437	1167	0.0	1074
WBMQ01000009.1	sp|Q09530|MOG5_CAEEL	71.2	713	204	1	1333933	1331798	480	1192	0.0	1043
WBMQ01000009.1	sp|O42643|PRP22_SCHPO	66.7	741	244	3	1333999	1331786	428	1168	0.0	1021
WBMQ01000009.1	sp|Q01877|HSP71_PUCGR	84.7	603	92	0	648608	646800	3	605	0.0	1009
WBMQ01000009.1	sp|O59855|HSP72_SCHPO	81.1	646	121	1	648608	646671	3	647	0.0	986
WBMQ01000009.1	sp|J9VZ70|HSP71_CRYNH	81.4	646	115	2	648608	646671	3	643	0.0	985
WBMQ01000009.1	sp|Q10265|HSP71_SCHPO	83.8	604	98	0	648608	646797	3	606	0.0	985
WBMQ01000009.1	sp|F5HB71|HSP71_CRYNB	83.6	604	97	1	648608	646797	3	604	0.0	981
WBMQ01000009.1	sp|Q5KKP4|HSP71_CRYNJ	83.6	604	97	1	648608	646797	3	604	0.0	981
WBMQ01000009.1	sp|P48720|HSP70_BLAEM	80.5	646	120	3	648605	646671	9	649	0.0	979
WBMQ01000009.1	sp|Q96W30|HSP72_PARBA	79.9	651	125	2	648605	646671	4	654	1.54e-318	978
WBMQ01000009.1	sp|O93866|HSP70_TRIRU	81.4	603	111	1	648605	646800	4	606	7.40e-316	970
WBMQ01000009.1	sp|Q01233|HSP70_NEUCR	81.6	603	110	1	648605	646800	4	606	7.46e-316	969
WBMQ01000009.1	sp|Q5B2V1|HSP70_EMENI	81.1	604	110	3	648605	646797	4	604	7.33e-312	958
WBMQ01000009.1	sp|P53421|HSP71_PICAN	76.5	648	145	2	648608	646671	3	645	2.28e-310	954
WBMQ01000009.1	sp|P41797|HSP71_CANAL	81.5	605	111	1	648608	646797	3	607	7.54e-309	950
WBMQ01000009.1	sp|P22202|HSP74_YEAST	76.2	646	148	1	648608	646671	3	642	8.29e-309	949
WBMQ01000009.1	sp|P46587|HSP72_CANAL	80.0	604	121	0	648608	646797	3	606	4.34e-308	947
WBMQ01000009.1	sp|P19120|HSP7C_BOVIN	76.5	650	153	0	648620	646671	1	650	7.13e-308	947
WBMQ01000009.1	sp|P09446|HSP1_CAEEL	79.1	609	126	1	648620	646797	1	609	9.10e-308	946
WBMQ01000009.1	sp|P18694|HSP72_USTMA	81.4	591	110	0	648608	646836	3	593	5.14e-307	944
