JALPMV010000023.1	sp|Q9URM2|TKT_SCHPO	41.2	663	360	13	16855	14945	14	672	1.55e-134	444
JALPMV010000023.1	sp|Q12630|TKT1_KLULA	40.4	656	360	14	16855	14963	12	661	1.50e-133	441
JALPMV010000023.1	sp|P33315|TKT2_YEAST	41.1	657	362	15	16855	14954	12	666	8.53e-132	436
JALPMV010000023.1	sp|P23254|TKT1_YEAST	41.1	657	355	16	16855	14963	12	662	1.12e-131	436
JALPMV010000023.1	sp|P34736|TKT_PICST	39.7	652	367	12	16855	14969	9	657	1.87e-129	429
JALPMV010000023.1	sp|O67642|TKT_AQUAE	39.2	658	361	15	16858	14969	37	683	9.98e-122	407
JALPMV010000023.1	sp|O94039|TKT1_CANAX	37.7	655	380	12	16855	14963	9	659	6.91e-120	401
JALPMV010000023.1	sp|Q9KAD7|TKT_BACHD	38.0	658	379	14	16855	14957	10	663	1.56e-111	377
JALPMV010000023.1	sp|P45694|TKT_BACSU	38.0	666	373	15	16855	14954	9	666	2.51e-110	373
JALPMV010000023.1	sp|Q8RWV0|TKTC1_ARATH	37.3	660	382	16	16855	14960	85	740	8.75e-109	371
JALPMV010000023.1	sp|F4IW47|TKTC2_ARATH	37.8	669	368	17	16855	14957	85	741	1.19e-108	371
JALPMV010000023.1	sp|Q5XAK5|TKT_STRP6	37.9	643	372	14	16855	14996	79	717	1.58e-108	370
JALPMV010000023.1	sp|Q8YRU9|TKT_NOSS1	39.2	668	360	20	16855	14957	13	669	1.96e-108	368
JALPMV010000023.1	sp|Q8NZX4|TKT_STRP8	37.9	643	372	14	16855	14996	79	717	3.94e-108	369
JALPMV010000023.1	sp|Q7SIC9|TKTC_MAIZE	37.5	664	375	17	16855	14960	20	675	1.03e-107	366
JALPMV010000023.1	sp|Q42675|TKTA_CRAPL	37.0	671	378	16	16870	14963	17	677	2.13e-107	365
JALPMV010000023.1	sp|Q43848|TKTC_SOLTU	37.3	670	388	16	16888	14963	74	739	8.36e-107	365
JALPMV010000023.1	sp|O20250|TKTC_SPIOL	37.1	663	385	16	16870	14966	80	738	2.36e-105	361
JALPMV010000023.1	sp|A0A0I9QGZ2|TKT_GEOSE	36.2	660	391	14	16855	14957	10	666	6.97e-105	357
JALPMV010000023.1	sp|Q6GH64|TKT_STAAR	36.5	660	378	16	16855	14969	10	659	6.77e-104	354
JALPMV010000023.1	sp|Q87GY4|TKT2_VIBPA	36.6	667	372	17	16846	14957	10	662	3.20e-103	352
JALPMV010000023.1	sp|Q42677|TKT7_CRAPL	36.1	664	394	15	16870	14963	13	674	6.18e-103	352
JALPMV010000023.1	sp|P58333|TKT_RHIME	36.5	655	391	14	16852	14948	20	669	7.41e-103	352
JALPMV010000023.1	sp|A6YB01|TKT_PHYPO	38.0	656	373	17	16849	14960	14	661	1.02e-102	351
JALPMV010000023.1	sp|Q5HG77|TKT_STAAC	36.4	660	379	16	16855	14969	10	659	1.43e-102	350
JALPMV010000026.1	sp|Q99ME9|NOG1_MOUSE	43.7	639	304	11	44104	45879	5	634	5.28e-142	464
JALPMV010000026.1	sp|Q9BZE4|NOG1_HUMAN	43.9	644	295	13	44104	45879	5	634	1.80e-139	457
JALPMV010000026.1	sp|Q99P77|NOG1_RAT	43.2	644	303	10	44104	45879	5	637	1.70e-138	454
JALPMV010000026.1	sp|Q9V411|NOG1_DROME	41.5	651	319	12	44104	45879	5	652	2.32e-135	446
JALPMV010000026.1	sp|Q8SVJ8|NOG1_ENCCU	48.7	489	229	7	44104	45570	4	470	8.19e-135	439
JALPMV010000026.1	sp|Q54N72|NOG1_DICDI	42.2	664	306	13	44104	45861	5	668	1.33e-133	442
JALPMV010000026.1	sp|O94659|NOG1_SCHPO	41.1	637	327	11	44110	45879	7	642	2.30e-133	440
JALPMV010000026.1	sp|Q9U6A9|NOG1_TRYBB	48.3	460	222	3	44104	45435	6	465	2.83e-124	414
JALPMV010000026.1	sp|O44411|NOG1_CAEEL	39.1	686	314	13	44104	45879	6	681	8.33e-124	414
JALPMV010000026.1	sp|G0S8F1|NOG1_CHATD	47.9	463	219	6	44110	45435	5	466	2.13e-123	412
JALPMV010000026.1	sp|Q6DIJ1|SYYC_XENTR	59.3	344	136	2	27014	25989	1	342	4.69e-123	405
JALPMV010000026.1	sp|Q9C6I8|NOG1_ARATH	44.4	466	235	5	44104	45432	5	469	5.28e-123	411
JALPMV010000026.1	sp|Q7ZX51|SYYC_XENLA	58.6	345	139	2	27014	25986	1	343	1.18e-122	404
JALPMV010000026.1	sp|Q74ZK6|NOG1_ASHGO	39.2	643	332	15	44110	45879	6	642	2.98e-121	405
JALPMV010000026.1	sp|Q6CM00|NOG1_KLULA	45.7	460	229	9	44110	45435	6	462	2.62e-120	402
JALPMV010000026.1	sp|Q02892|NOG1_YEAST	45.7	457	232	7	44110	45435	6	461	7.39e-120	401
JALPMV010000026.1	sp|Q6FRV0|NOG1_CANGA	45.4	458	232	7	44110	45435	6	461	3.22e-119	399
JALPMV010000026.1	sp|Q5ZJ08|SYYC_CHICK	56.8	345	143	3	27014	25989	1	342	2.91e-118	392
JALPMV010000026.1	sp|Q91WQ3|SYYC_MOUSE	56.9	346	143	3	27014	25986	1	343	3.51e-117	389
JALPMV010000026.1	sp|Q6TGS6|SYYC_DANRE	57.0	349	138	3	27014	25986	1	343	3.62e-117	389
JALPMV010000026.1	sp|Q5R8T5|SYYC_PONAB	55.7	345	149	2	27014	25986	1	343	4.77e-117	388
JALPMV010000026.1	sp|Q4KM49|SYYC_RAT	57.2	346	142	3	27014	25986	1	343	4.77e-117	388
JALPMV010000026.1	sp|Q29465|SYYC_BOVIN	56.4	346	145	3	27014	25986	1	343	1.63e-116	387
JALPMV010000026.1	sp|P54577|SYYC_HUMAN	56.4	346	145	3	27014	25986	1	343	1.63e-116	387
JALPMV010000026.1	sp|P40615|DKC1_RAT	51.9	349	165	3	37312	36275	52	400	9.05e-111	369
JALPMV010000025.1	sp|Q8SRI2|GFA1_ENCCU	49.6	702	335	10	30374	28317	1	699	1.17e-205	650
JALPMV010000025.1	sp|Q9Z2Z9|GFPT2_MOUSE	48.6	700	328	13	30374	28317	1	682	3.90e-192	611
JALPMV010000025.1	sp|P47856|GFPT1_MOUSE	47.5	705	343	11	30374	28317	1	697	4.75e-192	611
JALPMV010000025.1	sp|Q06210|GFPT1_HUMAN	47.5	707	342	11	30374	28317	1	699	6.91e-192	611
JALPMV010000025.1	sp|P82808|GFPT1_RAT	47.7	700	333	11	30374	28317	1	681	9.48e-192	610
JALPMV010000025.1	sp|O94808|GFPT2_HUMAN	48.0	698	335	11	30374	28317	1	682	8.46e-191	607
JALPMV010000025.1	sp|Q4KMC4|GFPT2_RAT	48.2	699	332	12	30374	28317	1	682	8.46e-191	607
JALPMV010000025.1	sp|Q08DQ2|GFPT2_BOVIN	48.1	699	333	12	30374	28317	1	682	5.37e-190	605
JALPMV010000025.1	sp|Q09740|GFA1_SCHPO	47.4	705	343	10	30374	28317	1	696	6.38e-188	599
JALPMV010000025.1	sp|P14742|GFA1_YEAST	45.7	720	354	11	30374	28317	1	717	3.26e-185	592
JALPMV010000025.1	sp|P53704|GFA1_CANAL	47.3	716	344	11	30374	28317	1	713	7.18e-185	591
JALPMV010000025.1	sp|Q8SS56|SYKC_ENCCU	52.4	502	223	4	38729	40213	17	509	1.02e-164	525
JALPMV010000025.1	sp|P37879|SYK_CRIGR	51.1	507	225	5	38765	40246	90	586	3.25e-158	509
JALPMV010000025.1	sp|Q99MN1|SYK_MOUSE	49.9	517	236	5	38735	40246	78	584	2.62e-157	507
JALPMV010000025.1	sp|Q15046|SYK_HUMAN	50.4	508	227	6	38765	40246	90	586	2.41e-156	504
JALPMV010000025.1	sp|Q5XIM7|SYK_RAT	50.1	517	235	5	38735	40246	109	615	8.53e-156	504
JALPMV010000025.1	sp|Q22099|SYK_CAEEL	50.3	517	232	6	38735	40246	60	564	6.74e-154	496
JALPMV010000025.1	sp|C4V8R9|SYKC_NOSCE	46.1	501	253	3	38732	40213	20	510	4.75e-146	471
JALPMV010000025.1	sp|Q9UUE6|SYKC_SCHPO	47.9	509	236	7	38741	40213	82	579	4.51e-145	471
JALPMV010000025.1	sp|P15180|SYKC_YEAST	48.9	509	228	9	38783	40246	92	589	7.17e-144	468
JALPMV010000025.1	sp|Q6F2U9|SYK_ORYSJ	46.3	527	239	6	38732	40213	85	600	1.63e-142	464
JALPMV010000025.1	sp|B3LLX6|YM084_YEAS1	39.8	718	394	8	30374	28329	1	716	3.05e-142	468
JALPMV010000025.1	sp|C7GL41|YM084_YEAS2	39.7	718	395	8	30374	28329	1	716	1.92e-141	466
JALPMV010000025.1	sp|A6ZME2|YM084_YEAS7	39.7	716	392	8	30374	28329	1	710	2.51e-140	462
JALPMV010000025.1	sp|A9CS74|SYKC_ENTBH	46.5	508	252	3	38735	40222	19	518	9.24e-137	444
JALPMV010000041.1	sp|Q8SQV6|SYIC_ENCCU	46.2	1056	448	16	344482	341396	12	974	1.60e-292	917
JALPMV010000041.1	sp|C4V8Q1|SYIC_NOSCE	44.0	1076	476	20	344482	341375	13	1001	5.38e-267	845
JALPMV010000041.1	sp|Q54YD4|SYIC_DICDI	43.3	1066	492	20	344494	341417	10	1003	1.08e-262	833
JALPMV010000041.1	sp|O13651|SYIC_SCHPO	42.2	1063	519	18	344488	341396	7	1006	5.28e-255	811
JALPMV010000041.1	sp|Q8BU30|SYIC_MOUSE	42.0	1059	521	19	344497	341417	10	1007	7.94e-255	818
JALPMV010000041.1	sp|P41252|SYIC_HUMAN	42.1	1063	526	19	344494	341396	11	1014	2.70e-254	816
JALPMV010000041.1	sp|B7XK16|SYIC_ENTBH	43.8	961	425	15	344494	341738	8	895	4.04e-251	795
JALPMV010000041.1	sp|Q21926|SYIC_CAEEL	42.6	1078	528	21	344494	341345	13	1027	2.83e-249	797
JALPMV010000041.1	sp|P36422|SYI_TETTH	41.8	1061	528	21	344494	341405	16	1018	3.07e-246	786
JALPMV010000041.1	sp|P09436|SYIC_YEAST	40.9	1063	537	17	344497	341405	9	1012	4.25e-246	785
JALPMV010000041.1	sp|F4JLM5|SYIC_ARATH	38.9	1131	564	19	344497	341282	11	1073	4.31e-244	784
JALPMV010000041.1	sp|Q5L5L0|SYI_CHLAB	40.2	1065	532	20	344506	341387	8	992	6.63e-243	775
JALPMV010000041.1	sp|Q822L8|SYI_CHLCV	39.8	1095	540	21	344506	341309	8	1012	1.05e-241	771
JALPMV010000041.1	sp|Q9Z972|SYI_CHLPN	39.6	1093	536	23	344500	341315	9	1008	6.61e-241	769
JALPMV010000041.1	sp|Q8SQT7|EF2_ENCCU	47.7	851	426	8	267926	270451	6	846	1.34e-238	754
JALPMV010000041.1	sp|Q8SS27|SYVC_ENCCU	45.5	890	384	16	21306	23804	4	849	9.19e-235	746
JALPMV010000041.1	sp|B0B9C6|SYI_CHLT2	38.6	1054	534	19	344491	341414	10	978	5.16e-231	740
JALPMV010000041.1	sp|B0BB05|SYI_CHLTB	38.6	1054	534	19	344491	341414	10	978	5.16e-231	740
JALPMV010000041.1	sp|B5RN32|SYI_BORDL	39.6	1061	527	23	344494	341405	11	988	3.08e-230	738
JALPMV010000041.1	sp|Q9PL20|SYI_CHLMU	38.1	1090	554	19	344497	341315	8	1005	3.25e-230	738
JALPMV010000041.1	sp|O84022|SYI_CHLTR	38.5	1054	535	19	344491	341414	10	978	3.25e-230	738
JALPMV010000041.1	sp|Q5A0M4|EF2_CANAL	47.1	850	428	14	267923	270451	5	839	9.14e-230	729
JALPMV010000041.1	sp|C4YJQ8|EF2_CANAW	47.1	850	428	14	267923	270451	5	839	9.14e-230	729
JALPMV010000041.1	sp|B2S1H8|SYI_BORHD	38.6	1097	550	24	344494	341312	11	1019	1.05e-229	737
JALPMV010000041.1	sp|Q3KN03|SYI_CHLTA	38.3	1054	537	19	344491	341414	10	978	2.78e-229	735
JALPMV010000024.1	sp|Q6NX31|MCM7_XENTR	39.3	725	379	17	36680	38704	4	717	1.66e-125	420
JALPMV010000024.1	sp|Q91876|MCM7A_XENLA	41.0	644	336	13	36680	38512	4	636	5.63e-125	418
JALPMV010000024.1	sp|Q7ZXB1|MCM7B_XENLA	39.0	725	381	17	36680	38704	4	717	5.63e-125	418
JALPMV010000024.1	sp|Q9XYU0|MCM7_DROME	37.3	719	401	15	36680	38704	5	717	6.32e-122	409
JALPMV010000024.1	sp|Q61881|MCM7_MOUSE	38.2	696	386	14	36680	38671	5	688	2.83e-121	407
JALPMV010000024.1	sp|B8BMI1|MCM7_ORYSI	37.4	724	401	14	36674	38713	8	723	1.14e-120	406
JALPMV010000024.1	sp|Q2QNM1|MCM7_ORYSJ	37.4	724	401	14	36674	38713	8	723	1.14e-120	406
JALPMV010000024.1	sp|O75001|MCM7_SCHPO	40.7	624	338	10	36746	38539	55	672	2.55e-119	403
JALPMV010000024.1	sp|P33993|MCM7_HUMAN	40.2	642	344	14	36680	38512	5	637	2.75e-119	402
JALPMV010000024.1	sp|Q3ZBH9|MCM7_BOVIN	39.6	642	348	14	36680	38512	5	637	5.06e-119	401
JALPMV010000024.1	sp|P43299|MCM7_ARATH	36.3	720	405	14	36677	38704	4	713	1.29e-115	391
JALPMV010000024.1	sp|P38132|MCM7_YEAST	39.8	593	318	10	37016	38683	204	794	3.51e-110	379
JALPMV010000024.1	sp|Q2T9X2|TCPD_BOVIN	35.9	501	306	6	32396	33853	41	541	8.85e-88	304
JALPMV010000024.1	sp|P50991|TCPD_HUMAN	35.9	501	306	6	32396	33853	38	538	3.75e-87	302
JALPMV010000024.1	sp|Q7TPB1|TCPD_RAT	35.9	501	306	6	32396	33853	38	538	3.75e-87	302
JALPMV010000024.1	sp|P80315|TCPD_MOUSE	35.7	501	307	6	32396	33853	38	538	6.90e-87	301
JALPMV010000024.1	sp|Q5R637|TCPD_PONAB	35.7	501	307	6	32396	33853	38	538	1.27e-86	300
JALPMV010000024.1	sp|P53451|TCPD_TAKRU	35.6	505	310	7	32378	33847	29	533	2.10e-84	294
JALPMV010000024.1	sp|Q9NB32|TCPD_OCHTR	35.8	517	309	10	32366	33859	21	533	3.56e-84	293
JALPMV010000024.1	sp|Q6FQT2|TCPD_CANGA	37.3	507	299	10	32375	33841	19	524	2.70e-83	290
JALPMV010000024.1	sp|Q6BXF6|TCPD_DEBHA	35.4	508	307	8	32375	33841	23	528	6.40e-82	286
JALPMV010000024.1	sp|P39078|TCPD_YEAST	36.2	506	306	7	32375	33841	18	523	6.41e-81	283
JALPMV010000024.1	sp|P47208|TCPD_CAEEL	34.5	513	316	9	32375	33859	30	540	1.39e-79	280
JALPMV010000024.1	sp|Q8SSH3|TCPD_ENCCU	33.9	501	310	10	32363	33859	3	484	4.56e-79	276
JALPMV010000024.1	sp|Q75A36|TCPD_ASHGO	34.6	506	314	7	32375	33841	19	524	1.18e-78	277
JALPMV010000034.1	sp|O94666|RPC1_SCHPO	40.7	1394	670	34	64430	60648	6	1376	2.01e-285	911
JALPMV010000034.1	sp|Q6BI69|RPC1_DEBHA	40.5	1433	664	35	64418	60648	10	1429	4.91e-279	895
JALPMV010000034.1	sp|O14802|RPC1_HUMAN	41.6	1370	674	35	64421	60642	11	1364	8.52e-276	883
JALPMV010000034.1	sp|Q5ZL98|RPC1_CHICK	41.8	1369	673	35	64421	60642	11	1364	1.16e-275	882
JALPMV010000034.1	sp|Q86AQ5|RPC1_DICDI	39.5	1434	690	33	64436	60648	5	1432	1.51e-275	884
JALPMV010000034.1	sp|A4IF62|RPC1_BOVIN	41.6	1377	674	36	64421	60633	11	1371	3.93e-275	881
JALPMV010000034.1	sp|P04051|RPC1_YEAST	40.0	1437	680	37	64418	60627	10	1437	2.34e-274	881
JALPMV010000034.1	sp|F4JXF9|NRPC1_ARATH	37.4	1367	717	34	64418	60648	20	1357	3.07e-234	761
JALPMV010000034.1	sp|P08968|RPC1_TRYBB	32.7	1503	760	33	64454	60627	12	1490	2.47e-210	697
JALPMV010000034.1	sp|Q9CZU3|MTREX_MOUSE	41.4	1016	480	24	49717	46850	80	1040	6.51e-204	661
JALPMV010000034.1	sp|P42285|MTREX_HUMAN	42.1	984	457	21	49621	46850	112	1042	4.33e-203	659
JALPMV010000034.1	sp|O14232|MTR4_SCHPO	41.8	1002	466	27	49642	46850	162	1117	5.43e-202	658
JALPMV010000034.1	sp|P47047|MTR4_YEAST	40.7	997	484	23	49636	46850	116	1073	2.68e-200	652
JALPMV010000034.1	sp|P35084|RPB1_DICDI	33.0	1492	739	37	64442	60648	4	1461	4.67e-188	637
JALPMV010000034.1	sp|Q9XIF2|MTR4_ARATH	40.3	983	484	24	49606	46850	45	988	6.24e-187	610
JALPMV010000034.1	sp|Q8SSC4|RPB1_ENCCU	32.8	1456	742	37	64436	60639	1	1409	4.26e-182	615
JALPMV010000034.1	sp|Q23223|MTR4_CAEEL	38.9	983	499	22	49636	46850	92	1026	5.98e-180	591
JALPMV010000034.1	sp|O13799|YE02_SCHPO	38.3	981	502	23	49621	46850	96	1030	1.37e-176	581
JALPMV010000034.1	sp|Q9ZVW2|HEN2_ARATH	39.2	968	485	24	49570	46850	71	995	1.90e-173	571
JALPMV010000034.1	sp|P31813|RPOA1_THECE	38.2	913	483	17	64421	61848	4	890	1.72e-168	553
JALPMV010000034.1	sp|Q8SR13|PRS6A_ENCCU	68.3	401	106	3	50009	51205	20	401	3.11e-166	526
JALPMV010000034.1	sp|P36594|RPB1_SCHPO	33.7	1180	609	21	64415	61281	14	1155	8.23e-165	568
JALPMV010000034.1	sp|Q980R2|RPOA1_SACS2	37.9	905	473	17	64415	61848	4	868	3.09e-163	537
JALPMV010000034.1	sp|P17980|PRS6A_HUMAN	63.2	408	149	1	49985	51205	32	439	4.30e-163	518
JALPMV010000034.1	sp|Q63569|PRS6A_RAT	63.2	408	149	1	49985	51205	32	439	5.86e-163	518
JALPMV010000028.1	sp|Q00266|METK1_HUMAN	57.3	382	154	6	37179	38312	18	394	2.30e-135	436
JALPMV010000028.1	sp|P18298|METK2_RAT	58.3	381	150	6	37179	38309	18	393	4.27e-135	435
JALPMV010000028.1	sp|Q3THS6|METK2_MOUSE	58.3	381	150	6	37179	38309	18	393	7.92e-135	434
JALPMV010000028.1	sp|Q2KJC6|METK1_BOVIN	57.6	382	153	6	37179	38312	19	395	8.20e-135	434
JALPMV010000028.1	sp|P31153|METK2_HUMAN	58.0	381	151	6	37179	38309	18	393	1.47e-134	433
JALPMV010000028.1	sp|Q4R924|METK2_MACFA	58.0	381	151	6	37179	38309	18	393	1.47e-134	433
JALPMV010000028.1	sp|Q5R5H1|METK2_PONAB	58.0	381	151	6	37179	38309	18	393	1.47e-134	433
JALPMV010000028.1	sp|Q91X83|METK1_MOUSE	57.9	382	152	6	37179	38312	19	395	1.52e-134	433
JALPMV010000028.1	sp|P13444|METK1_RAT	58.5	383	149	7	37179	38312	19	396	2.92e-134	432
JALPMV010000028.1	sp|P50305|METK3_CAEEL	54.1	407	175	7	37167	38366	2	403	1.35e-129	419
JALPMV010000028.1	sp|O60198|METK_SCHPO	55.9	381	159	6	37179	38309	5	380	5.44e-129	417
JALPMV010000028.1	sp|P50306|METK4_CAEEL	55.8	382	160	6	37176	38309	5	381	6.30e-129	417
JALPMV010000028.1	sp|Q27522|METK5_CAEEL	56.4	385	159	6	37167	38309	2	381	6.30e-129	417
JALPMV010000028.1	sp|P40320|METK_DROME	54.1	386	168	5	37164	38309	24	404	7.40e-127	412
JALPMV010000028.1	sp|P10659|METK1_YEAST	54.3	381	165	5	37179	38309	5	380	4.85e-126	408
JALPMV010000028.1	sp|P19358|METK2_YEAST	53.6	384	169	5	37170	38309	4	382	3.31e-125	406
JALPMV010000028.1	sp|Q54F07|METK_DICDI	56.9	383	155	6	37179	38309	4	382	8.36e-125	405
JALPMV010000028.1	sp|P50304|METK_ASCIM	53.3	394	172	8	37155	38315	5	393	1.17e-122	399
JALPMV010000028.1	sp|P48466|METK_NEUCR	54.5	382	164	7	37179	38309	17	393	1.25e-122	399
JALPMV010000028.1	sp|O43938|METK_LEIIN	54.0	387	166	5	37182	38312	7	391	1.54e-122	399
JALPMV010000028.1	sp|O17680|METK1_CAEEL	52.6	399	176	7	37176	38348	4	397	5.66e-122	397
JALPMV010000028.1	sp|Q95032|METK_ACACA	51.9	389	174	8	37167	38309	3	386	1.22e-117	384
JALPMV010000028.1	sp|A8HYU5|METK_CHLRE	54.5	387	162	8	37179	38309	7	389	1.78e-117	384
JALPMV010000028.1	sp|Q7XZR1|METK1_ATRNU	54.8	387	160	9	37179	38309	8	389	3.50e-116	380
JALPMV010000028.1	sp|Q6F3F0|METK3_ATRNU	54.4	386	163	8	37179	38309	8	389	4.77e-116	380
JALPMV010000040.1	sp|Q8SSI7|CHS1_ENCCU	42.7	804	377	14	20492	18288	8	796	7.40e-186	600
JALPMV010000040.1	sp|Q4P333|CHS7_USTMA	36.4	856	399	21	20432	18285	83	933	1.35e-131	457
JALPMV010000040.1	sp|Q54EX5|SPTC2_DICDI	47.9	478	237	5	239735	241141	9	483	3.40e-131	429
JALPMV010000040.1	sp|Q01285|CHS4_NEUCR	50.7	481	215	6	19658	18282	690	1170	3.01e-130	452
JALPMV010000040.1	sp|O13356|CHS1_CRYNH	49.8	472	218	7	19658	18294	464	933	5.58e-130	451
JALPMV010000040.1	sp|Q8SR53|TCPH_ENCCU	45.5	505	259	6	133845	135341	13	507	3.22e-128	422
JALPMV010000040.1	sp|Q43704|MCM31_MAIZE	41.3	640	309	9	102977	104698	11	649	2.51e-127	429
JALPMV010000040.1	sp|B8AZ99|MCM3_ORYSI	41.1	640	310	9	102977	104698	11	649	2.66e-127	429
JALPMV010000040.1	sp|Q0DHC4|MCM3_ORYSJ	41.1	640	310	9	102977	104698	11	649	2.66e-127	429
JALPMV010000040.1	sp|P78611|CHSD_EMENI	48.2	517	234	9	19652	18189	672	1183	3.02e-127	442
JALPMV010000040.1	sp|O13353|CHS4_MAGO7	49.8	480	211	7	19658	18297	686	1161	3.41e-127	443
JALPMV010000040.1	sp|Q7ZXZ0|MCM3Z_XENLA	41.8	625	290	12	103043	104704	39	660	3.95e-127	430
JALPMV010000040.1	sp|A4FUD9|MCM3_BOVIN	40.6	658	315	12	102953	104704	5	660	5.66e-127	429
JALPMV010000040.1	sp|Q28BS0|MCM3Z_XENTR	42.5	624	287	13	103043	104704	41	662	5.82e-127	429
JALPMV010000040.1	sp|Q9SX04|MCM32_MAIZE	41.1	640	310	9	102977	104698	11	649	6.26e-127	428
JALPMV010000040.1	sp|Q9SX03|MCM33_MAIZE	41.1	640	310	9	102977	104698	11	649	6.26e-127	428
JALPMV010000040.1	sp|P29465|CHS3_YEAST	50.7	473	204	8	19667	18324	652	1120	1.80e-126	439
JALPMV010000040.1	sp|Q5ZMN2|MCM3_CHICK	40.8	625	296	11	103043	104704	40	661	5.33e-126	427
JALPMV010000040.1	sp|P30573|CHS3_CANAX	50.4	482	202	9	19652	18306	667	1144	8.82e-126	438
JALPMV010000040.1	sp|P49739|MCM3M_XENLA	41.9	621	289	9	103064	104716	46	664	1.57e-125	425
JALPMV010000040.1	sp|P25206|MCM3_MOUSE	41.3	640	300	13	102953	104650	5	642	2.44e-125	425
JALPMV010000040.1	sp|Q9FL33|MCM3_ARATH	42.1	611	294	8	103043	104698	30	639	5.61e-125	422
JALPMV010000040.1	sp|P25205|MCM3_HUMAN	41.6	639	299	12	102953	104650	5	642	4.59e-124	421
JALPMV010000040.1	sp|Q5R8G6|MCM3_PONAB	41.5	639	300	12	102953	104650	5	642	1.14e-123	420
JALPMV010000040.1	sp|P48241|LCB2_KLULA	47.0	462	237	3	239771	241132	63	524	3.14e-123	409
JALPMV010000021.1	sp|Q7KN62|TERA_DROME	61.9	769	268	9	9919	7631	7	756	8.11e-293	905
JALPMV010000021.1	sp|P54812|TERA2_CAEEL	57.7	815	303	10	9931	7565	12	810	5.44e-288	892
JALPMV010000021.1	sp|Q7ZU99|TERA_DANRE	60.0	773	283	9	9931	7631	6	758	6.43e-288	891
JALPMV010000021.1	sp|P55072|TERA_HUMAN	60.8	766	274	9	9910	7631	13	758	6.43e-288	891
JALPMV010000021.1	sp|Q01853|TERA_MOUSE	60.8	766	274	9	9910	7631	13	758	6.43e-288	891
JALPMV010000021.1	sp|P46462|TERA_RAT	60.8	766	274	9	9910	7631	13	758	6.43e-288	891
JALPMV010000021.1	sp|Q6GL04|TERA_XENTR	60.7	766	275	9	9910	7631	13	758	1.56e-287	890
JALPMV010000021.1	sp|P54811|TERA1_CAEEL	59.8	777	283	11	9931	7631	12	769	2.45e-287	890
JALPMV010000021.1	sp|Q3ZBT1|TERA_BOVIN	60.7	766	275	9	9910	7631	13	758	3.00e-287	889
JALPMV010000021.1	sp|P03974|TERA_PIG	60.6	766	276	9	9910	7631	13	758	7.57e-287	888
JALPMV010000021.1	sp|P23787|TERA_XENLA	60.3	766	278	9	9910	7631	13	758	2.51e-286	887
JALPMV010000021.1	sp|P54609|CD48A_ARATH	59.9	765	283	8	9910	7631	17	762	8.59e-285	882
JALPMV010000021.1	sp|Q9LZF6|CD48E_ARATH	59.4	764	288	7	9910	7631	17	762	5.66e-284	880
JALPMV010000021.1	sp|P54774|CDC48_SOYBN	56.8	813	311	8	9931	7565	11	807	9.43e-284	879
JALPMV010000021.1	sp|Q9SCN8|CD48D_ARATH	58.6	771	295	7	9931	7631	11	761	2.32e-283	879
JALPMV010000021.1	sp|Q8SSJ5|CDC48_ENCCU	57.0	788	315	6	9922	7574	7	775	1.75e-279	866
JALPMV010000021.1	sp|Q96372|CDC48_CAPAN	58.5	769	299	7	9931	7631	11	761	5.81e-279	865
JALPMV010000021.1	sp|P25694|CDC48_YEAST	56.2	799	319	11	9922	7571	19	801	2.32e-276	859
JALPMV010000021.1	sp|Q5AWS6|CDC48_EMENI	57.1	799	319	10	9931	7568	27	812	8.35e-275	854
JALPMV010000021.1	sp|Q9P3A7|CDC48_SCHPO	57.6	788	308	12	9919	7574	30	797	4.72e-273	849
JALPMV010000021.1	sp|O28972|Y1297_ARCFU	52.2	573	253	4	9352	7637	170	722	2.03e-186	596
JALPMV010000021.1	sp|P46468|CDAT_PLAF7	40.7	878	375	10	9829	7622	350	1223	2.89e-186	614
JALPMV010000021.1	sp|Q58556|Y1156_METJA	54.9	526	231	2	9376	7811	155	678	6.11e-186	601
JALPMV010000021.1	sp|Q07590|SAV_SULAC	43.9	759	392	14	9847	7607	43	779	8.04e-181	582
JALPMV010000021.1	sp|O05209|VAT_THEAC	51.3	594	249	6	9331	7568	185	744	2.62e-177	570
JALPMV010000035.1	sp|Q8SS35|Y4A0_ENCCU	44.7	806	413	15	147613	145271	5	802	1.39e-191	645
JALPMV010000035.1	sp|P35579|MYH9_HUMAN	42.1	864	447	15	147616	145160	32	887	1.63e-182	626
JALPMV010000035.1	sp|Q8VDD5|MYH9_MOUSE	42.2	864	446	15	147616	145160	32	887	1.63e-182	626
JALPMV010000035.1	sp|P10587|MYH11_CHICK	41.8	867	446	14	147616	145184	35	898	3.02e-182	625
JALPMV010000035.1	sp|Q9USI6|MYO2_SCHPO	43.3	823	424	15	147616	145250	27	840	3.15e-182	614
JALPMV010000035.1	sp|Q258K2|MYH9_CANLF	42.0	864	448	15	147616	145160	32	887	5.30e-182	624
JALPMV010000035.1	sp|Q62812|MYH9_RAT	42.0	870	452	15	147634	145160	26	887	5.39e-182	624
JALPMV010000035.1	sp|P14105|MYH9_CHICK	42.2	846	440	14	147616	145214	32	873	4.08e-181	622
JALPMV010000035.1	sp|P35749|MYH11_HUMAN	42.4	827	424	13	147616	145280	36	858	4.14e-179	616
JALPMV010000035.1	sp|P35748|MYH11_RABIT	42.2	827	426	13	147616	145280	36	858	9.98e-179	615
JALPMV010000035.1	sp|Q27991|MYH10_BOVIN	41.8	855	438	17	147616	145208	36	882	2.00e-177	611
JALPMV010000035.1	sp|P35580|MYH10_HUMAN	41.6	855	439	17	147616	145208	36	882	3.59e-177	610
JALPMV010000035.1	sp|Q61879|MYH10_MOUSE	41.6	855	439	17	147616	145208	36	882	3.59e-177	610
JALPMV010000035.1	sp|Q9JLT0|MYH10_RAT	41.6	855	439	17	147616	145208	36	882	4.82e-177	610
JALPMV010000035.1	sp|O08638|MYH11_MOUSE	42.0	823	425	13	147616	145292	36	854	1.09e-176	608
JALPMV010000035.1	sp|Q99323|MYSN_DROME	40.3	908	443	19	147616	145163	83	981	5.46e-176	608
JALPMV010000035.1	sp|O14148|INO80_SCHPO	40.7	965	360	19	41226	38953	618	1577	3.91e-175	595
JALPMV010000035.1	sp|Q9BE39|MYH7_BOVIN	40.1	865	461	15	147616	145154	37	888	3.77e-174	600
JALPMV010000035.1	sp|P08799|MYS2_DICDI	42.8	775	422	10	147538	145271	65	837	1.00e-173	602
JALPMV010000035.1	sp|P05659|MYSN_ACACA	41.9	817	419	12	147493	145196	83	894	1.12e-173	588
JALPMV010000035.1	sp|P24733|MYS_ARGIR	43.2	783	399	14	147511	145286	71	848	1.28e-173	598
JALPMV010000035.1	sp|P13533|MYH6_HUMAN	41.0	814	428	15	147595	145292	44	851	1.30e-173	598
JALPMV010000035.1	sp|Q02566|MYH6_MOUSE	41.4	814	425	16	147595	145292	44	851	2.30e-173	598
JALPMV010000035.1	sp|P08964|MYO1_YEAST	41.3	848	422	17	147493	145160	69	910	3.52e-173	597
JALPMV010000035.1	sp|Q7Z406|MYH14_HUMAN	40.3	878	465	14	147616	145115	56	918	5.63e-173	598
JALPMV010000039.1	sp|Q9VQZ6|ELP3_DROME	67.5	530	169	2	97722	99302	23	552	9.64e-243	753
JALPMV010000039.1	sp|O14023|ELP3_SCHPO	65.9	533	176	3	97710	99290	12	544	1.92e-238	740
JALPMV010000039.1	sp|Q02908|ELP3_YEAST	66.9	532	169	4	97710	99284	24	555	2.33e-236	734
JALPMV010000039.1	sp|Q9H9T3|ELP3_HUMAN	67.8	512	164	1	97761	99293	36	547	3.55e-235	731
JALPMV010000039.1	sp|Q2KJ61|ELP3_BOVIN	67.8	512	164	1	97761	99293	36	547	6.58e-235	730
JALPMV010000039.1	sp|Q5RIC0|ELP3_DANRE	67.7	511	164	1	97761	99290	37	547	6.82e-235	730
JALPMV010000039.1	sp|Q6NVL5|ELP3_XENTR	67.9	511	163	1	97761	99290	38	548	1.31e-234	729
JALPMV010000039.1	sp|Q9CZX0|ELP3_MOUSE	67.6	512	165	1	97761	99293	36	547	1.66e-234	729
JALPMV010000039.1	sp|Q5ZHS1|ELP3_CHICK	68.4	512	161	1	97761	99293	35	546	2.97e-234	728
JALPMV010000039.1	sp|Q5HZM6|ELP3_XENLA	67.1	511	167	1	97761	99290	38	548	5.34e-233	724
JALPMV010000039.1	sp|Q60LW7|ELP3_CAEBR	67.5	511	165	1	97761	99290	32	542	3.38e-230	716
JALPMV010000039.1	sp|Q23651|ELP3_CAEEL	67.5	511	165	1	97761	99290	32	542	6.04e-230	716
JALPMV010000039.1	sp|Q7X7L3|ELP3_ORYSJ	67.1	511	167	1	97761	99290	62	572	9.92e-229	713
JALPMV010000039.1	sp|Q1ZXC6|ELP3_DICDI	66.0	512	173	1	97758	99290	47	558	1.11e-228	712
JALPMV010000039.1	sp|Q93ZR1|ELP3_ARATH	65.1	518	180	1	97740	99290	47	564	4.73e-228	711
JALPMV010000039.1	sp|Q8SRB2|DBP2_ENCCU	56.7	425	178	2	99710	100984	44	462	1.14e-151	488
JALPMV010000039.1	sp|Q5QMN3|RH20_ORYSJ	48.6	461	223	4	99638	100996	16	470	5.08e-136	443
JALPMV010000039.1	sp|Q9C718|RH20_ARATH	47.5	472	224	6	99638	101002	16	480	4.79e-134	438
JALPMV010000039.1	sp|Q8W4R3|RH30_ARATH	50.2	456	210	5	99668	101023	115	557	5.70e-134	441
JALPMV010000039.1	sp|A6RGE3|DBP2_AJECN	49.9	451	218	5	99719	101071	85	527	7.39e-134	439
JALPMV010000039.1	sp|Q2H720|DBP2_CHAGB	48.9	470	228	5	99680	101077	79	540	7.66e-134	440
JALPMV010000039.1	sp|Q6CIV2|DBP2_KLULA	48.0	500	244	8	99578	101077	29	512	2.75e-133	438
JALPMV010000039.1	sp|Q5R4I9|DDX5_PONAB	50.1	433	212	3	99710	101008	51	479	1.01e-132	439
JALPMV010000039.1	sp|Q59LU0|DBP2_CANAL	48.7	456	215	5	99719	101077	87	526	1.22e-132	436
JALPMV010000039.1	sp|P17844|DDX5_HUMAN	50.2	430	210	3	99719	101008	54	479	3.46e-132	437
JALPMV010000033.1	sp|Q9P7X8|RPA2_SCHPO	36.3	1193	621	22	87634	84341	26	1174	2.09e-209	682
JALPMV010000033.1	sp|P53505|ACT5_XENLA	82.2	376	65	1	72017	73138	1	376	1.94e-208	645
JALPMV010000033.1	sp|P53478|ACT5_CHICK	82.2	376	65	1	72017	73138	1	376	2.65e-208	645
JALPMV010000033.1	sp|P04829|ACT3_BOMMO	82.2	376	65	1	72017	73138	1	376	6.69e-208	644
JALPMV010000033.1	sp|P53471|ACT2_SCHMA	81.9	376	66	1	72017	73138	1	376	9.11e-208	644
JALPMV010000033.1	sp|P53470|ACT1_SCHMA	82.2	376	65	1	72017	73138	1	376	1.24e-207	643
JALPMV010000033.1	sp|P02572|ACT2_DROME	82.2	376	65	1	72017	73138	1	376	1.24e-207	643
JALPMV010000033.1	sp|P53464|ACTM_HELTB	81.6	376	67	1	72017	73138	1	376	1.24e-207	643
JALPMV010000033.1	sp|P10984|ACT2_CAEEL	81.4	376	68	1	72017	73138	1	376	1.69e-207	643
JALPMV010000033.1	sp|P02578|ACT1_ACACA	81.9	376	65	2	72017	73138	1	375	2.22e-207	642
JALPMV010000033.1	sp|Q7ZVI7|ACTB1_DANRE	82.4	374	64	1	72023	73138	2	375	2.22e-207	642
JALPMV010000033.1	sp|Q6P378|ACTG_XENTR	82.4	374	64	1	72023	73138	2	375	2.22e-207	642
JALPMV010000033.1	sp|P10987|ACT1_DROME	81.9	376	66	1	72017	73138	1	376	2.30e-207	642
JALPMV010000033.1	sp|P30162|ACT1_ONCVO	81.1	376	69	1	72017	73138	1	376	2.30e-207	642
JALPMV010000033.1	sp|P84184|ACT3B_HELAM	81.9	376	66	1	72017	73138	1	376	2.30e-207	642
JALPMV010000033.1	sp|P84183|ACT4_BOMMO	81.9	376	66	1	72017	73138	1	376	2.30e-207	642
JALPMV010000033.1	sp|P10986|ACT4_CAEEL	81.1	376	69	1	72017	73138	1	376	2.30e-207	642
JALPMV010000033.1	sp|P84185|ACT5C_ANOGA	81.9	376	66	1	72017	73138	1	376	2.30e-207	642
JALPMV010000033.1	sp|P53463|ACTM_HELER	81.6	376	67	1	72017	73138	1	376	2.30e-207	642
JALPMV010000033.1	sp|Q5JAK2|ACTG_PELLE	82.1	374	65	1	72023	73138	2	375	3.02e-207	642
JALPMV010000033.1	sp|P15475|ACTB_XENBO	81.6	376	67	1	72017	73138	1	376	3.14e-207	642
JALPMV010000033.1	sp|Q26065|ACT_PLAMG	81.6	376	67	1	72017	73138	1	376	3.14e-207	642
JALPMV010000033.1	sp|P0DM41|ACT1_CAEEL	80.9	376	70	1	72017	73138	1	376	4.28e-207	642
JALPMV010000033.1	sp|P30163|ACT2_ONCVO	81.4	376	68	1	72017	73138	1	376	4.28e-207	642
JALPMV010000033.1	sp|Q25010|ACT3A_HELAM	81.9	376	66	1	72017	73138	1	376	4.28e-207	642
JALPMV010000037.1	sp|Q8SSC4|RPB1_ENCCU	51.2	1485	619	20	82875	87173	8	1439	0.0	1367
JALPMV010000037.1	sp|P36594|RPB1_SCHPO	50.2	1467	659	24	82866	87101	11	1461	0.0	1314
JALPMV010000037.1	sp|Q75A34|RPB1_ASHGO	49.0	1461	675	26	82869	87092	10	1453	0.0	1268
JALPMV010000037.1	sp|P35084|RPB1_DICDI	48.6	1472	677	22	82872	87089	12	1469	0.0	1262
JALPMV010000037.1	sp|P04050|RPB1_YEAST	47.5	1479	710	25	82869	87152	10	1472	0.0	1237
JALPMV010000037.1	sp|P18616|NRPB1_ARATH	48.2	1471	683	22	82878	87089	14	1472	0.0	1226
JALPMV010000037.1	sp|P11414|RPB1_CRIGR	46.3	1481	713	23	82869	87095	14	1483	0.0	1188
JALPMV010000037.1	sp|P24928|RPB1_HUMAN	46.3	1481	713	23	82869	87095	14	1483	0.0	1188
JALPMV010000037.1	sp|P08775|RPB1_MOUSE	46.3	1481	713	23	82869	87095	14	1483	0.0	1188
JALPMV010000037.1	sp|P35074|RPB1_CAEBR	45.9	1482	717	26	82863	87095	9	1476	0.0	1177
JALPMV010000037.1	sp|P16356|RPB1_CAEEL	45.9	1481	717	26	82863	87095	9	1475	0.0	1172
JALPMV010000037.1	sp|P04052|RPB1_DROME	45.1	1478	731	27	82869	87095	10	1475	0.0	1157
JALPMV010000037.1	sp|A5DCV3|RPB1_PICGU	42.2	1538	621	24	82869	87239	11	1361	0.0	1073
JALPMV010000037.1	sp|Q8SSK1|RAD25_ENCCU	61.2	649	248	2	35199	37145	5	649	1.50e-254	792
JALPMV010000037.1	sp|P17546|RPB1A_TRYBB	37.1	1494	831	31	82863	87092	11	1479	7.56e-254	832
JALPMV010000037.1	sp|P17545|RPB1B_TRYBB	37.0	1494	832	31	82863	87092	11	1479	1.38e-253	832
JALPMV010000037.1	sp|C4V922|RAD25_NOSCE	62.3	629	226	3	35199	37079	5	624	2.93e-249	776
JALPMV010000037.1	sp|P14248|RPB1_PLAFD	30.7	2077	776	36	82872	87149	14	2081	1.16e-246	830
JALPMV010000037.1	sp|Q6E6J3|RAD25_ANTLO	59.6	626	251	2	35199	37073	20	644	1.19e-240	753
JALPMV010000037.1	sp|A9CRJ7|RAD25_ENTBH	60.2	603	225	3	35253	37031	1	598	1.31e-230	720
JALPMV010000037.1	sp|O13768|ERCC3_SCHPO	56.9	649	228	3	35253	37043	82	730	1.66e-225	714
JALPMV010000037.1	sp|Q00578|RAD25_YEAST	55.9	646	236	3	35253	37043	123	768	2.14e-220	701
JALPMV010000037.1	sp|O00835|ERCC3_DICDI	54.0	668	250	3	35199	37031	54	721	2.03e-219	696
JALPMV010000037.1	sp|Q7T6X5|RPO1_MIMIV	33.2	1494	875	23	82881	87113	18	1471	1.64e-218	720
JALPMV010000037.1	sp|Q5ZL98|RPC1_CHICK	34.5	1472	769	36	82875	87068	13	1363	8.19e-212	697
JALPMV010000031.1	sp|Q9GSR5|TBB_ENCIN	79.2	432	90	0	11065	9770	1	432	2.46e-235	725
JALPMV010000031.1	sp|Q8SS99|TBB_ENCCU	79.2	432	90	0	11065	9770	1	432	6.22e-235	724
JALPMV010000031.1	sp|Q91240|TBB_PSEAM	78.1	439	96	0	11065	9749	1	439	2.68e-234	722
JALPMV010000031.1	sp|Q2T9S0|TBB3_BOVIN	79.7	433	88	0	11065	9767	1	433	8.17e-234	721
JALPMV010000031.1	sp|Q13509|TBB3_HUMAN	79.7	433	88	0	11065	9767	1	433	8.17e-234	721
JALPMV010000031.1	sp|Q60HC2|TBB3_MACFA	79.7	433	88	0	11065	9767	1	433	8.17e-234	721
JALPMV010000031.1	sp|Q9ERD7|TBB3_MOUSE	79.7	433	88	0	11065	9767	1	433	8.17e-234	721
JALPMV010000031.1	sp|Q4QRB4|TBB3_RAT	79.7	433	88	0	11065	9767	1	433	8.17e-234	721
JALPMV010000031.1	sp|Q24829|TBB_ENCHE	78.5	432	93	0	11065	9770	1	432	1.37e-233	720
JALPMV010000031.1	sp|Q9YHC3|TBB1_GADMO	79.0	433	91	0	11065	9767	1	433	1.71e-233	720
JALPMV010000031.1	sp|O44388|TBB_TRITR	77.9	435	96	0	11065	9761	1	435	2.25e-233	719
JALPMV010000031.1	sp|P41937|TBB4_CAEEL	78.3	433	94	0	11065	9767	1	433	3.06e-233	719
JALPMV010000031.1	sp|Q3MHM5|TBB4B_BOVIN	78.8	433	92	0	11065	9767	1	433	3.18e-233	719
JALPMV010000031.1	sp|P68371|TBB4B_HUMAN	78.8	433	92	0	11065	9767	1	433	3.18e-233	719
JALPMV010000031.1	sp|P68372|TBB4B_MOUSE	78.8	433	92	0	11065	9767	1	433	3.18e-233	719
JALPMV010000031.1	sp|P30883|TBB4_XENLA	78.8	433	92	0	11065	9767	1	433	3.18e-233	719
JALPMV010000031.1	sp|P09652|TBB4_CHICK	79.4	433	89	0	11065	9767	1	433	3.69e-233	719
JALPMV010000031.1	sp|Q2KJD0|TBB5_BOVIN	78.3	437	94	1	11065	9758	1	437	5.68e-233	718
JALPMV010000031.1	sp|P69893|TBB5_CRIGR	78.3	437	94	1	11065	9758	1	437	5.68e-233	718
JALPMV010000031.1	sp|P07437|TBB5_HUMAN	78.3	437	94	1	11065	9758	1	437	5.68e-233	718
JALPMV010000031.1	sp|P69895|TBB5_MACMU	78.3	437	94	1	11065	9758	1	437	5.68e-233	718
JALPMV010000031.1	sp|P99024|TBB5_MOUSE	78.3	437	94	1	11065	9758	1	437	5.68e-233	718
JALPMV010000031.1	sp|Q7JJU6|TBB5_PANTR	78.3	437	94	1	11065	9758	1	437	5.68e-233	718
JALPMV010000031.1	sp|Q767L7|TBB5_PIG	78.3	437	94	1	11065	9758	1	437	5.68e-233	718
JALPMV010000031.1	sp|Q5R943|TBB5_PONAB	78.3	437	94	1	11065	9758	1	437	5.68e-233	718
JALPMV010000013.1	sp|P38205|NCL1_YEAST	32.0	525	259	16	1755	3080	35	544	5.36e-55	209
JALPMV010000013.1	sp|Q9HGQ2|TRM4A_SCHPO	34.4	387	171	11	1803	2765	49	418	1.28e-50	196
JALPMV010000013.1	sp|Q9W4M9|NSUN2_DROME	28.4	578	275	18	1800	3185	60	614	2.22e-48	190
JALPMV010000013.1	sp|Q4V7N2|NSUN2_XENLA	35.2	375	190	12	1797	2774	62	432	5.16e-48	188
JALPMV010000013.1	sp|Q1HFZ0|NSUN2_MOUSE	33.1	384	186	9	1797	2774	64	434	1.91e-47	187
JALPMV010000013.1	sp|Q28E61|NSUN2_XENTR	35.7	375	188	11	1797	2774	66	436	2.22e-47	188
JALPMV010000013.1	sp|Q08J23|NSUN2_HUMAN	33.2	383	185	8	1800	2774	65	434	2.86e-46	184
JALPMV010000013.1	sp|Q5ZLV4|NSUN2_CHICK	33.2	382	184	11	1803	2774	66	434	1.60e-45	182
JALPMV010000013.1	sp|O13935|TRM4B_SCHPO	30.5	436	198	13	1797	2837	47	466	1.14e-44	178
JALPMV010000013.1	sp|Q9V106|TRCM_PYRAB	33.1	239	134	3	2058	2759	92	309	2.78e-32	132
JALPMV010000013.1	sp|Q3IHA0|RSMF_PSET1	28.9	353	200	10	1773	2807	18	327	6.21e-28	124
JALPMV010000013.1	sp|A4WBJ4|RSMF_ENT38	31.7	252	143	5	2067	2807	100	327	2.70e-26	119
JALPMV010000013.1	sp|B6ELC0|RSMF_ALISL	33.1	236	128	6	2067	2759	99	309	4.57e-25	115
JALPMV010000013.1	sp|Q5E5C7|RSMF_ALIF1	32.2	236	130	6	2067	2759	99	309	2.62e-24	112
JALPMV010000013.1	sp|Q6LQU5|RSMF_PHOPR	32.9	249	135	7	2067	2798	99	320	2.71e-24	112
JALPMV010000013.1	sp|A8GDM6|RSMF_SERP5	31.8	242	133	5	2067	2774	100	315	2.77e-24	112
JALPMV010000013.1	sp|B5FE06|RSMF_ALIFM	31.8	236	131	6	2067	2759	99	309	6.26e-24	111
JALPMV010000013.1	sp|A9L4E6|RSMF_SHEB9	29.6	260	140	5	2067	2801	94	325	9.68e-23	108
JALPMV010000013.1	sp|A3D5D5|RSMF_SHEB5	29.6	260	140	5	2067	2801	94	325	1.29e-22	107
JALPMV010000013.1	sp|A6WP46|RSMF_SHEB8	29.6	260	140	5	2067	2801	94	325	4.09e-22	106
JALPMV010000013.1	sp|A1SWV0|RSMF_PSYIN	28.2	284	166	7	2067	2897	98	350	5.20e-22	105
JALPMV010000013.1	sp|B8E968|RSMF_SHEB2	29.6	260	140	5	2067	2801	94	325	5.45e-22	105
JALPMV010000013.1	sp|A1S788|RSMF_SHEAM	29.0	238	137	6	2067	2762	94	305	6.04e-22	105
JALPMV010000013.1	sp|A4Y7J8|RSMF_SHEPC	30.7	244	138	5	2067	2774	94	314	9.68e-22	105
JALPMV010000013.1	sp|A1RIZ0|RSMF_SHESW	30.7	244	138	5	2067	2774	94	314	9.68e-22	105
JALPMV010000022.1	sp|P07742|RIR1_MOUSE	61.0	790	297	4	9356	7020	3	792	4.14e-314	966
JALPMV010000022.1	sp|P23921|RIR1_HUMAN	60.3	790	303	3	9356	7020	3	792	6.80e-311	957
JALPMV010000022.1	sp|Q5R919|RIR1_PONAB	60.1	790	304	3	9356	7020	3	792	5.90e-310	954
JALPMV010000022.1	sp|P79732|RIR1_DANRE	59.0	792	312	3	9356	7020	3	794	6.93e-302	931
JALPMV010000022.1	sp|P36602|RIR1_SCHPO	59.4	763	310	0	9362	7074	1	763	5.18e-300	926
JALPMV010000022.1	sp|Q03604|RIR1_CAEEL	58.3	780	320	3	9356	7026	9	786	9.37e-297	916
JALPMV010000022.1	sp|Q9UW15|RIR1_NEUCR	59.4	758	306	1	9356	7089	3	760	8.75e-294	914
JALPMV010000022.1	sp|Q76RD8|RIR1_VACCA	58.6	771	318	1	9362	7050	1	770	4.60e-292	902
JALPMV010000022.1	sp|P20503|RIR1_VACCC	58.6	771	318	1	9362	7050	1	770	4.60e-292	902
JALPMV010000022.1	sp|P12848|RIR1_VACCW	59.4	757	306	1	9362	7092	1	756	8.53e-292	901
JALPMV010000022.1	sp|P0DSV1|RIR1_VAR67	58.2	771	321	1	9362	7050	1	770	5.43e-291	899
JALPMV010000022.1	sp|P0DSV2|RIR1_VARV	58.2	771	321	1	9362	7050	1	770	5.43e-291	899
JALPMV010000022.1	sp|Q9SJ20|RIR1_ARATH	55.2	814	330	3	9356	7020	3	816	1.08e-290	900
JALPMV010000022.1	sp|P48591|RIR1_DROME	55.5	812	341	4	9395	7020	1	812	4.37e-290	898
JALPMV010000022.1	sp|P21524|RIR1_YEAST	56.7	758	321	2	9356	7101	3	759	1.39e-287	894
JALPMV010000022.1	sp|P21672|RIR3_YEAST	56.7	760	322	3	9356	7095	3	761	4.55e-287	892
JALPMV010000022.1	sp|P50648|RIR1_PLAF4	57.7	758	316	4	9356	7092	3	758	3.30e-281	872
JALPMV010000022.1	sp|Q54Q71|RIR1_DICDI	57.4	767	313	4	9365	7107	15	781	1.72e-278	867
JALPMV010000022.1	sp|O61065|RIR1_CRYPV	54.8	768	338	5	9356	7068	3	766	1.08e-274	853
JALPMV010000022.1	sp|O15909|RIR1_TRYBB	54.5	774	334	2	9359	7092	7	780	1.75e-271	845
JALPMV010000022.1	sp|P50647|RIR1_PLAFG	56.4	762	318	7	9356	7092	3	757	1.64e-266	830
JALPMV010000022.1	sp|Q8SR37|RIR1_ENCCU	52.9	739	339	2	9263	7047	36	765	7.95e-258	803
JALPMV010000022.1	sp|Q7T6Y8|RIR1_MIMIV	42.6	805	441	8	9407	7044	46	846	9.90e-211	672
JALPMV010000022.1	sp|Q9Z6S5|RIR1_CHLPN	37.4	768	436	12	9215	7026	283	1043	2.11e-142	479
JALPMV010000022.1	sp|Q9PL93|RIR1_CHLMU	36.6	767	444	11	9215	7026	285	1046	3.08e-142	479
JALPMV010000029.1	sp|P87154|DPOE_SCHPO	41.0	1148	637	13	68058	64717	40	1181	8.05e-257	853
JALPMV010000029.1	sp|Q9WVF7|DPOE1_MOUSE	41.9	1137	595	18	68004	64750	48	1170	1.16e-255	852
JALPMV010000029.1	sp|Q07864|DPOE1_HUMAN	42.2	1137	591	18	68004	64750	48	1170	1.34e-254	848
JALPMV010000029.1	sp|Q6FNY7|DPOE_CANGA	42.7	1118	586	17	67965	64762	67	1179	1.89e-254	846
JALPMV010000029.1	sp|Q6CUS7|DPOE_KLULA	42.1	1149	597	25	68046	64750	30	1160	4.26e-254	844
JALPMV010000029.1	sp|P0CN27|DPOE_CRYNB	41.2	1138	612	13	68019	64762	75	1207	5.10e-254	846
JALPMV010000029.1	sp|P0CN26|DPOE_CRYNJ	41.2	1138	612	13	68019	64762	75	1207	5.10e-254	846
JALPMV010000029.1	sp|Q752B8|DPOE_ASHGO	40.4	1202	640	24	68064	64594	27	1197	1.21e-250	834
JALPMV010000029.1	sp|O93845|DPOE_EMENI	40.9	1123	613	12	68040	64762	46	1147	2.14e-250	834
JALPMV010000029.1	sp|Q4WXH8|DPOE_ASPFU	41.1	1137	618	13	68040	64762	46	1174	2.57e-250	834
JALPMV010000029.1	sp|Q9VCN1|DPOE1_DROME	40.2	1133	622	14	68004	64750	46	1171	1.74e-249	832
JALPMV010000029.1	sp|F4HW04|DPOE1_ARATH	41.1	1125	615	14	68019	64750	28	1139	3.92e-249	829
JALPMV010000029.1	sp|Q6BNG2|DPOE_DEBHA	40.6	1180	630	21	68064	64678	45	1204	6.27e-249	830
JALPMV010000029.1	sp|Q4PFV5|DPOE_USTMA	39.9	1150	615	12	68019	64762	69	1206	1.58e-245	822
JALPMV010000029.1	sp|Q54RD4|DPOE1_DICDI	40.8	1141	595	16	67974	64762	28	1158	2.76e-245	823
JALPMV010000029.1	sp|P21951|DPOE_YEAST	41.4	1117	598	18	67893	64639	119	1210	8.57e-244	815
JALPMV010000029.1	sp|F4IFN6|DPOE2_ARATH	39.9	1138	631	16	68052	64750	10	1131	9.80e-243	809
JALPMV010000029.1	sp|Q8SR34|VATB_ENCCU	77.8	460	102	0	38870	40249	11	470	1.14e-238	736
JALPMV010000029.1	sp|Q6C4J0|DPOE_YARLI	38.6	1149	632	18	68016	64753	44	1179	1.12e-233	783
JALPMV010000029.1	sp|P22550|VATB_CANTR	75.1	465	115	1	38870	40261	26	490	2.25e-225	699
JALPMV010000029.1	sp|Q59PT0|VATB_CANAL	75.1	465	115	1	38870	40261	26	490	3.17e-225	699
JALPMV010000029.1	sp|P16140|VATB_YEAST	75.5	462	112	1	38870	40252	26	487	9.63e-225	698
JALPMV010000029.1	sp|P15313|VATB1_HUMAN	71.9	487	132	2	38795	40252	18	500	1.54e-224	697
JALPMV010000029.1	sp|P28370|SMCA1_HUMAN	47.4	867	384	16	3366	5765	171	1032	2.62e-224	719
JALPMV010000029.1	sp|P62814|VATB2_MOUSE	73.0	478	126	2	38822	40252	31	506	3.62e-224	696
JALPMV010000030.1	sp|Q8SQY7|STT4_ENCCU	30.7	1310	776	28	59875	56201	150	1412	6.73e-163	552
JALPMV010000030.1	sp|Q9CWS4|INT11_MOUSE	51.5	456	217	3	65375	66736	4	457	1.57e-153	497
JALPMV010000030.1	sp|Q3MHC2|INT11_RAT	51.5	456	217	3	65375	66736	4	457	1.57e-153	497
JALPMV010000030.1	sp|Q2YDM2|INT11_BOVIN	50.0	488	232	5	65375	66814	4	487	5.20e-153	495
JALPMV010000030.1	sp|Q5NVE6|INT11_PONAB	49.6	488	234	5	65375	66814	4	487	9.94e-153	494
JALPMV010000030.1	sp|Q5TA45|INT11_HUMAN	49.6	488	234	5	65375	66814	4	487	1.84e-152	494
JALPMV010000030.1	sp|Q503E1|INT11_DANRE	51.1	460	221	3	65375	66748	4	461	8.02e-152	492
JALPMV010000030.1	sp|Q5ZIH0|INT11_CHICK	52.5	440	205	3	65375	66688	4	441	2.15e-151	491
JALPMV010000030.1	sp|Q54YL3|INT11_DICDI	52.2	454	199	6	65375	66688	1	452	4.50e-150	493
JALPMV010000030.1	sp|Q9VAH9|INT11_DROME	52.0	440	207	3	65375	66688	4	441	4.96e-149	484
JALPMV010000030.1	sp|O94248|MDN1_SCHPO	27.2	1592	895	45	29143	33285	392	1930	4.47e-133	480
JALPMV010000030.1	sp|Q8GUU3|CPS3B_ARATH	48.6	457	230	4	65387	66748	7	461	7.37e-132	435
JALPMV010000030.1	sp|Q12019|MDN1_YEAST	28.0	1532	833	46	29278	33240	621	2093	3.20e-129	468
JALPMV010000030.1	sp|A0A1P8AUY4|MDN1_ARATH	28.2	1545	829	46	29281	33234	643	2132	3.09e-125	454
JALPMV010000030.1	sp|Q9NU22|MDN1_HUMAN	27.8	1478	836	47	29365	33240	674	2105	4.13e-125	454
JALPMV010000030.1	sp|Q869L3|MDN1_DICDI	27.4	1440	754	39	29302	32895	665	2055	1.30e-116	426
JALPMV010000030.1	sp|Q8T5T1|MDN1_GIAIN	26.5	1406	716	40	29815	33240	526	1878	5.72e-106	390
JALPMV010000030.1	sp|Q8SRE0|SYC_ENCCU	41.2	517	248	11	56096	54576	5	475	3.95e-105	352
JALPMV010000030.1	sp|Q291L4|SYCC_DROPS	34.5	621	297	14	56108	54570	16	634	3.44e-93	327
JALPMV010000030.1	sp|Q09860|SYC_SCHPO	36.1	629	281	18	56108	54573	17	641	9.68e-92	323
JALPMV010000030.1	sp|P79101|CPSF3_BOVIN	39.2	426	239	7	65381	66634	14	427	2.62e-91	320
JALPMV010000030.1	sp|Q9UKF6|CPSF3_HUMAN	39.2	426	239	7	65381	66634	14	427	2.62e-91	320
JALPMV010000030.1	sp|Q54KR1|SYCC_DICDI	37.3	549	270	14	56108	54573	32	543	3.51e-91	318
JALPMV010000030.1	sp|Q7KN90|SYCC_DROME	35.2	613	283	16	56099	54591	19	627	5.87e-91	320
JALPMV010000030.1	sp|Q9QXK7|CPSF3_MOUSE	39.0	426	240	7	65381	66634	14	427	6.51e-91	318
JALPMV010000042.1	sp|Q8SR75|RPB2_ENCCU	61.7	1148	405	9	44596	41222	6	1141	0.0	1437
JALPMV010000042.1	sp|Q02061|RPB2_SCHPO	55.5	1210	459	12	44620	41216	5	1210	0.0	1333
JALPMV010000042.1	sp|Q42877|RPB2_SOLLC	56.0	1167	473	10	44605	41216	18	1181	0.0	1321
JALPMV010000042.1	sp|P38420|NRPB2_ARATH	56.0	1166	475	10	44605	41216	19	1182	0.0	1313
JALPMV010000042.1	sp|Q54J75|RPB2_DICDI	55.7	1161	463	14	44599	41234	18	1166	0.0	1305
JALPMV010000042.1	sp|A5DHT2|RPB2_PICGU	53.9	1220	461	13	44599	41222	18	1229	0.0	1302
JALPMV010000042.1	sp|Q8CFI7|RPB2_MOUSE	57.2	1154	459	12	44599	41234	21	1171	0.0	1296
JALPMV010000042.1	sp|P30876|RPB2_HUMAN	57.1	1154	460	12	44599	41234	21	1171	0.0	1295
JALPMV010000042.1	sp|P08266|RPB2_DROME	56.1	1157	474	11	44602	41228	21	1175	0.0	1292
JALPMV010000042.1	sp|P08518|RPB2_YEAST	54.4	1201	468	11	44599	41222	25	1220	0.0	1283
JALPMV010000042.1	sp|Q6FLD5|RPB2_CANGA	54.0	1202	472	11	44599	41222	23	1219	0.0	1283
JALPMV010000042.1	sp|Q753Q4|RPB2_ASHGO	52.9	1203	485	11	44599	41222	21	1218	0.0	1270
JALPMV010000042.1	sp|Q10578|RPB2_CAEEL	55.1	1154	484	12	44593	41225	30	1180	0.0	1249
JALPMV010000042.1	sp|P08096|TOP2_SCHPO	52.2	1130	483	11	163256	166486	73	1198	0.0	1127
JALPMV010000042.1	sp|P06786|TOP2_YEAST	49.8	1165	500	10	163238	166486	1	1162	0.0	1086
JALPMV010000042.1	sp|Q64511|TOP2B_MOUSE	50.7	1155	497	15	163241	166498	33	1184	0.0	1079
JALPMV010000042.1	sp|Q64399|TOP2B_CRILO	50.8	1155	496	15	163241	166498	33	1184	0.0	1078
JALPMV010000042.1	sp|Q01879|TOP2_PICGU	49.4	1164	498	13	163265	166489	57	1218	0.0	1078
JALPMV010000042.1	sp|Q02880|TOP2B_HUMAN	50.8	1155	496	15	163241	166498	45	1196	0.0	1077
JALPMV010000042.1	sp|O42131|TOP2B_CHICK	50.5	1153	499	15	163247	166498	52	1201	0.0	1076
JALPMV010000042.1	sp|P30182|TOP2_ARATH	49.7	1146	508	13	163253	166498	29	1170	0.0	1068
JALPMV010000042.1	sp|P87078|TOP2_CANAX	52.6	1067	463	12	163247	166324	54	1118	0.0	1067
JALPMV010000042.1	sp|P41515|TOP2A_CRIGR	50.0	1155	504	15	163241	166498	23	1173	0.0	1063
JALPMV010000042.1	sp|Q23670|TOP2_CAEEL	48.9	1171	508	18	163247	166498	59	1226	0.0	1062
JALPMV010000042.1	sp|Q01320|TOP2A_MOUSE	50.0	1156	503	15	163244	166498	24	1175	0.0	1061
JALPMV010000038.1	sp|Q8SRI6|TBA_ENCCU	74.7	434	109	1	76822	75521	1	433	1.16e-220	684
JALPMV010000038.1	sp|P91910|TBA3_CAEEL	70.2	440	128	2	76822	75512	1	440	1.95e-208	649
JALPMV010000038.1	sp|P50719|TBA_HAECO	70.2	440	128	2	76822	75512	1	440	2.66e-208	649
JALPMV010000038.1	sp|P34690|TBA2_CAEEL	69.5	436	132	1	76822	75518	1	436	1.16e-207	647
JALPMV010000038.1	sp|P36220|TBA_TORMA	69.5	440	131	2	76822	75512	1	440	3.27e-207	646
JALPMV010000038.1	sp|Q52PV9|TBA_TYRPU	70.3	435	126	2	76822	75527	1	435	5.84e-207	645
JALPMV010000038.1	sp|P06603|TBA1_DROME	69.6	438	130	2	76822	75518	1	438	7.96e-207	645
JALPMV010000038.1	sp|Q8WQ47|TBA_LEPDS	70.1	435	127	2	76822	75527	1	435	7.96e-207	645
JALPMV010000038.1	sp|P81947|TBA1B_BOVIN	69.3	440	132	2	76822	75512	1	440	8.26e-207	645
JALPMV010000038.1	sp|P68361|TBA1B_CRIGR	69.3	440	132	2	76822	75512	1	440	8.26e-207	645
JALPMV010000038.1	sp|P68363|TBA1B_HUMAN	69.3	440	132	2	76822	75512	1	440	8.26e-207	645
JALPMV010000038.1	sp|Q4R538|TBA1B_MACFA	69.3	440	132	2	76822	75512	1	440	8.26e-207	645
JALPMV010000038.1	sp|P68360|TBA1B_MERUN	69.3	440	132	2	76822	75512	1	440	8.26e-207	645
JALPMV010000038.1	sp|P05213|TBA1B_MOUSE	69.3	440	132	2	76822	75512	1	440	8.26e-207	645
JALPMV010000038.1	sp|Q2XVP4|TBA1B_PIG	69.3	440	132	2	76822	75512	1	440	8.26e-207	645
JALPMV010000038.1	sp|Q6P9V9|TBA1B_RAT	69.3	440	132	2	76822	75512	1	440	8.26e-207	645
JALPMV010000038.1	sp|Q28IX8|TBA_XENTR	69.7	435	129	2	76822	75527	1	435	1.04e-206	644
JALPMV010000038.1	sp|Q8T6A5|TBA1_APLCA	69.3	440	132	2	76822	75512	1	440	1.12e-206	644
JALPMV010000038.1	sp|P81948|TBA4A_BOVIN	69.9	435	128	2	76822	75527	1	435	1.87e-206	644
JALPMV010000038.1	sp|P68366|TBA4A_HUMAN	69.9	435	128	2	76822	75527	1	435	1.87e-206	644
JALPMV010000038.1	sp|P68367|TBA4A_MACFA	69.9	435	128	2	76822	75527	1	435	1.87e-206	644
JALPMV010000038.1	sp|P68368|TBA4A_MOUSE	69.9	435	128	2	76822	75527	1	435	1.87e-206	644
JALPMV010000038.1	sp|Q5XIF6|TBA4A_RAT	69.9	435	128	2	76822	75527	1	435	1.87e-206	644
JALPMV010000038.1	sp|P08537|TBA_XENLA	69.4	438	131	2	76822	75518	1	438	1.94e-206	644
JALPMV010000038.1	sp|P0DPH7|TBA3C_HUMAN	69.1	440	133	2	76822	75512	1	440	2.01e-206	644
JALPMV010000005.1	sp|P34257|TC3A_CAEEL	42.0	331	190	1	1212	220	1	329	7.63e-77	247
JALPMV010000036.1	sp|P38088|SYG_YEAST	51.0	614	253	7	140539	142236	40	653	1.26e-185	594
JALPMV010000036.1	sp|Q5I0G4|GARS_RAT	48.5	598	294	6	140539	142290	110	707	5.31e-176	568
JALPMV010000036.1	sp|Q9CZD3|GARS_MOUSE	48.5	598	294	6	140539	142290	111	708	7.46e-176	568
JALPMV010000036.1	sp|Q06817|SYG2_YEAST	50.7	584	271	6	140515	142224	4	584	1.38e-175	562
JALPMV010000036.1	sp|P41250|GARS_HUMAN	48.7	600	290	7	140539	142290	121	718	1.40e-175	567
JALPMV010000036.1	sp|Q5RBL1|GARS_PONAB	48.5	600	291	7	140539	142290	121	718	1.40e-175	567
JALPMV010000036.1	sp|Q10179|SYG_SCHPO	47.3	630	284	8	140539	142290	12	639	9.64e-170	547
JALPMV010000036.1	sp|Q04451|SYG_BOMMO	46.0	628	319	9	140455	142290	38	661	2.45e-167	541
JALPMV010000036.1	sp|P62333|PRS10_HUMAN	66.6	389	130	0	100892	102058	1	389	1.14e-163	518
JALPMV010000036.1	sp|P62335|PRS10_ICTTR	66.6	389	130	0	100892	102058	1	389	1.14e-163	518
JALPMV010000036.1	sp|P62334|PRS10_MOUSE	66.6	389	130	0	100892	102058	1	389	1.14e-163	518
JALPMV010000036.1	sp|O74445|PRS10_SCHPO	67.6	386	125	0	100901	102058	3	388	7.05e-163	516
JALPMV010000036.1	sp|Q2KIW6|PRS10_BOVIN	66.3	389	131	0	100892	102058	1	389	9.95e-163	515
JALPMV010000036.1	sp|O17071|PRS10_CAEEL	64.4	390	139	0	100889	102058	17	406	4.78e-160	508
JALPMV010000036.1	sp|Q8SQZ6|SYG_ENCCU	48.2	575	279	5	140548	142257	9	569	2.27e-158	511
JALPMV010000036.1	sp|Q10039|GARS_CAEEL	45.5	628	323	9	140458	142290	103	728	2.43e-158	518
JALPMV010000036.1	sp|O23627|SYGM1_ARATH	45.7	608	296	8	140539	142290	117	714	2.98e-158	517
JALPMV010000036.1	sp|Q9SEI3|PS10A_ARATH	63.3	384	141	0	100898	102049	9	392	5.21e-158	502
JALPMV010000036.1	sp|Q9MAK9|PS10B_ARATH	63.8	384	139	0	100898	102049	9	392	7.10e-158	502
JALPMV010000036.1	sp|P53549|PRS10_YEAST	64.7	382	135	0	100913	102058	56	437	2.02e-157	502
JALPMV010000036.1	sp|Q54PJ1|PRS10_DICDI	61.4	389	149	1	100895	102058	5	393	3.87e-153	488
JALPMV010000036.1	sp|Q57681|SYG_METJA	42.7	581	295	9	140560	142254	13	571	8.20e-134	440
JALPMV010000036.1	sp|A6VIK1|SYG_METM7	42.2	586	290	11	140563	142254	12	570	7.55e-128	423
JALPMV010000036.1	sp|A9A885|SYG_METM6	42.5	581	295	9	140563	142254	12	570	1.03e-127	422
JALPMV010000036.1	sp|Q6M0Q7|SYG_METMP	41.8	586	292	11	140563	142254	12	570	1.90e-127	422
JALPMV010000020.1	sp|Q8L840|RQL4A_ARATH	47.1	467	217	7	22406	21054	442	894	8.23e-117	408
JALPMV010000020.1	sp|Q09811|HUS2_SCHPO	43.7	520	254	8	22400	20916	510	1015	1.65e-116	410
JALPMV010000020.1	sp|Q9FT70|RQL4B_ARATH	47.2	453	210	5	22406	21093	458	896	7.19e-113	395
JALPMV010000020.1	sp|Q9VGI8|BLM_DROME	49.5	438	200	7	22385	21093	733	1156	1.04e-110	395
JALPMV010000020.1	sp|Q9FT74|RQL1_ARATH	44.6	424	200	5	22388	21159	201	603	1.55e-105	357
JALPMV010000020.1	sp|P35187|SGS1_YEAST	44.7	447	223	6	22397	21081	670	1100	2.08e-105	379
JALPMV010000020.1	sp|Q9DEY9|BLM_XENLA	45.6	441	217	6	22385	21090	615	1041	2.31e-105	377
JALPMV010000020.1	sp|P54132|BLM_HUMAN	46.3	441	214	8	22385	21090	663	1089	6.11e-105	377
JALPMV010000020.1	sp|O88700|BLM_MOUSE	46.0	441	215	8	22385	21090	671	1097	1.91e-104	375
JALPMV010000020.1	sp|Q6AYJ1|RECQ1_RAT	40.7	447	240	5	22397	21069	83	508	3.17e-103	351
JALPMV010000020.1	sp|Q9I920|BLM_CHICK	46.7	443	209	8	22385	21090	434	860	4.10e-103	367
JALPMV010000020.1	sp|O18017|BLM_CAEEL	43.9	449	228	6	22397	21081	239	673	1.28e-102	360
JALPMV010000020.1	sp|Q9FT73|RECQ2_ARATH	43.2	449	229	6	22415	21081	75	501	1.07e-101	349
JALPMV010000020.1	sp|P46063|RECQ1_HUMAN	40.9	447	239	5	22397	21069	83	508	1.08e-101	347
JALPMV010000020.1	sp|Q5RF63|RECQ1_PONAB	40.7	447	240	5	22397	21069	83	508	6.74e-101	345
JALPMV010000020.1	sp|Q9Z129|RECQ1_MOUSE	40.5	447	241	5	22397	21069	83	508	3.01e-100	343
JALPMV010000020.1	sp|Q8SQN2|DHYS_ENCCU	49.6	337	149	5	9087	10094	7	323	1.44e-98	326
JALPMV010000020.1	sp|Q9FT72|RQL3_ARATH	42.9	427	221	9	22385	21117	32	439	1.20e-92	323
JALPMV010000020.1	sp|Q9XXJ0|DHYS_CAEEL	45.2	347	145	5	9150	10100	34	365	2.49e-89	301
JALPMV010000020.1	sp|A8WK63|RECQ1_CAEBR	40.0	447	240	7	22409	21090	74	499	1.45e-88	308
JALPMV010000020.1	sp|Q6FRN2|DHYS_CANGA	46.5	331	142	4	9204	10103	53	379	2.48e-88	299
JALPMV010000020.1	sp|P38791|DHYS_YEAST	52.3	285	124	3	9273	10103	99	379	3.60e-88	298
JALPMV010000020.1	sp|Q3TXU5|DHYS_MOUSE	44.9	343	149	6	9150	10103	31	358	3.74e-88	298
JALPMV010000020.1	sp|Q54MQ7|DHYS_DICDI	45.6	340	148	5	9150	10103	34	358	4.68e-88	298
JALPMV010000020.1	sp|Q9TXJ8|RECQ1_CAEEL	38.7	450	245	6	22409	21090	97	525	5.10e-88	307
JALPMV010000032.1	sp|P87144|SYTC_SCHPO	52.1	678	304	8	67497	69470	22	698	1.46e-216	683
JALPMV010000032.1	sp|Q3ZBV8|SYTC_BOVIN	51.0	645	301	8	67494	69389	52	694	3.60e-207	657
JALPMV010000032.1	sp|Q9D0R2|SYTC_MOUSE	50.9	643	305	9	67494	69389	51	693	5.56e-206	654
JALPMV010000032.1	sp|Q5XHY5|SYTC_RAT	50.4	643	308	8	67494	69389	24	666	5.57e-206	652
JALPMV010000032.1	sp|P26639|SYTC_HUMAN	50.7	643	306	9	67494	69389	52	694	4.28e-204	648
JALPMV010000032.1	sp|P52709|SYTC_CAEEL	49.3	665	328	8	67407	69374	24	688	5.38e-203	645
JALPMV010000032.1	sp|P04801|SYTC_YEAST	50.1	651	301	7	67497	69377	48	698	8.55e-202	642
JALPMV010000032.1	sp|A2RTX5|SYTC2_HUMAN	52.0	617	287	8	67623	69452	178	792	2.80e-200	640
JALPMV010000032.1	sp|Q8BLY2|SYTC2_MOUSE	49.8	647	305	8	67497	69389	119	761	3.01e-199	637
JALPMV010000032.1	sp|Q0V9S0|SYTC2_XENTR	51.0	633	300	9	67578	69452	174	804	2.25e-198	635
JALPMV010000032.1	sp|Q54J66|SYTC1_DICDI	46.6	667	344	9	67482	69452	44	708	7.37e-194	618
JALPMV010000032.1	sp|O04630|SYTM1_ARATH	47.8	634	322	7	67500	69374	49	682	4.51e-193	616
JALPMV010000032.1	sp|Q8SRH2|SYTC_ENCCU	48.0	600	306	4	67578	69374	6	600	1.03e-180	577
JALPMV010000032.1	sp|Q8SQI9|PRS6B_ENCCU	72.9	377	102	0	59670	58540	10	386	4.48e-175	550
JALPMV010000032.1	sp|A6QNM8|SYTC2_BOVIN	50.6	541	263	4	67608	69218	171	711	6.81e-174	561
JALPMV010000032.1	sp|Q9BW92|SYTM_HUMAN	44.3	657	339	9	67566	69461	58	712	1.65e-170	551
JALPMV010000032.1	sp|B7XIA1|SYTC_ENTBH	45.2	598	321	2	67665	69443	32	627	3.60e-169	544
JALPMV010000032.1	sp|Q3T030|PRS6B_BOVIN	68.4	377	119	0	59670	58540	41	417	2.80e-168	532
JALPMV010000032.1	sp|P43686|PRS6B_HUMAN	68.4	377	119	0	59670	58540	41	417	2.80e-168	532
JALPMV010000032.1	sp|Q4R7L3|PRS6B_MACFA	68.4	377	119	0	59670	58540	41	417	2.80e-168	532
JALPMV010000032.1	sp|P54775|PRS6B_MOUSE	68.4	377	119	0	59670	58540	41	417	2.80e-168	532
JALPMV010000032.1	sp|Q63570|PRS6B_RAT	68.4	377	119	0	59670	58540	41	417	2.80e-168	532
JALPMV010000032.1	sp|Q3UQ84|SYTM_MOUSE	44.5	625	322	7	67575	69374	65	689	2.27e-167	542
JALPMV010000032.1	sp|Q68FW7|SYTM_RAT	44.5	625	322	7	67575	69374	65	689	3.09e-167	542
JALPMV010000032.1	sp|P85200|PRS6B_HELAN	66.7	384	128	0	59691	58540	30	413	3.04e-163	517
JALPMV010000027.1	sp|Q10233|RPC2_SCHPO	47.6	1125	502	16	35315	32145	58	1162	8.29e-317	991
JALPMV010000027.1	sp|Q9NW08|RPC2_HUMAN	47.2	1120	500	17	35315	32154	34	1128	9.80e-313	978
JALPMV010000027.1	sp|P59470|RPC2_MOUSE	47.2	1120	500	17	35315	32154	34	1128	4.56e-312	976
JALPMV010000027.1	sp|P22276|RPC2_YEAST	47.1	1117	507	16	35315	32148	52	1145	1.26e-304	955
JALPMV010000027.1	sp|P25167|RPC2_DROME	44.3	1136	538	19	35345	32148	26	1136	1.01e-291	917
JALPMV010000027.1	sp|F4KD38|NRPC2_ARATH	42.1	1139	555	18	35315	32154	40	1158	1.56e-261	831
JALPMV010000027.1	sp|Q54IZ9|RPC2_DICDI	32.3	1584	518	21	35321	32154	48	1605	6.94e-227	746
JALPMV010000027.1	sp|P11513|RPOB_SULAC	35.4	1129	619	22	35306	32154	18	1114	1.27e-191	627
JALPMV010000027.1	sp|P31814|RPOB_THECE	34.1	1135	623	21	35309	32154	26	1118	1.42e-187	615
JALPMV010000027.1	sp|Q8SR75|RPB2_ENCCU	35.4	1150	615	29	35315	32160	18	1137	9.33e-186	610
JALPMV010000027.1	sp|Q54J75|RPB2_DICDI	33.7	1172	621	25	35315	32160	31	1166	1.53e-185	611
JALPMV010000027.1	sp|Q10578|RPB2_CAEEL	33.5	1196	635	30	35360	32151	19	1180	2.00e-183	605
JALPMV010000027.1	sp|Q8SRH0|PRS4_ENCCU	68.6	417	131	0	17465	16215	8	424	1.48e-180	566
JALPMV010000027.1	sp|P30876|RPB2_HUMAN	34.0	1194	635	27	35372	32160	8	1171	1.08e-179	594
JALPMV010000027.1	sp|Q8CFI7|RPB2_MOUSE	33.9	1194	636	27	35372	32160	8	1171	3.65e-179	592
JALPMV010000027.1	sp|P08518|RPB2_YEAST	34.9	1205	601	30	35309	32160	40	1216	5.49e-179	593
JALPMV010000027.1	sp|Q42877|RPB2_SOLLC	33.6	1179	628	30	35315	32148	33	1179	2.61e-178	590
JALPMV010000027.1	sp|Q6FLD5|RPB2_CANGA	34.6	1206	605	30	35309	32160	38	1215	3.30e-178	591
JALPMV010000027.1	sp|P62191|PRS4_HUMAN	69.6	405	122	1	17429	16218	35	439	1.28e-177	559
JALPMV010000027.1	sp|P62192|PRS4_MOUSE	69.6	405	122	1	17429	16218	35	439	1.28e-177	559
JALPMV010000027.1	sp|P62193|PRS4_RAT	69.6	405	122	1	17429	16218	35	439	1.28e-177	559
JALPMV010000027.1	sp|P08266|RPB2_DROME	34.5	1190	629	32	35363	32160	12	1173	4.95e-177	586
JALPMV010000027.1	sp|P38420|NRPB2_ARATH	33.1	1174	632	28	35315	32160	34	1176	5.01e-177	587
JALPMV010000027.1	sp|P48601|PRS4_DROME	65.1	438	146	2	17510	16218	1	438	1.07e-176	556
JALPMV010000027.1	sp|Q90732|PRS4_CHICK	69.1	405	124	1	17429	16218	35	439	9.64e-176	553
