MCGN01000001.1	sp|Q9C102|GLT1_SCHPO	56.4	1482	557	14	1306488	1310876	304	1715	0.0	1578
MCGN01000001.1	sp|Q12680|GLT1_YEAST	51.6	1518	612	20	1306488	1310876	292	1742	0.0	1400
MCGN01000001.1	sp|Q0JKD0|GLT1_ORYSJ	49.2	1506	646	26	1306488	1310876	337	1766	0.0	1297
MCGN01000001.1	sp|Q03460|GLSN_MEDSA	48.4	1513	667	24	1306488	1310876	336	1784	0.0	1288
MCGN01000001.1	sp|Q0DG35|GLT2_ORYSJ	48.8	1505	665	22	1306488	1310876	344	1784	0.0	1283
MCGN01000001.1	sp|A5DI11|EF2_PICGU	71.9	901	181	4	3655632	3652930	14	842	0.0	1282
MCGN01000001.1	sp|Q9LV03|GLUT1_ARATH	48.3	1526	652	26	1306488	1310876	354	1805	0.0	1278
MCGN01000001.1	sp|P55251|LEUC_RHIPU	84.1	757	113	6	558800	561055	1	755	0.0	1278
MCGN01000001.1	sp|Q6FYA7|EF2_CANGA	69.8	901	200	4	3655632	3652930	14	842	0.0	1258
MCGN01000001.1	sp|Q6BJ25|EF2_DEBHA	70.0	901	198	4	3655632	3652930	14	842	0.0	1248
MCGN01000001.1	sp|O14460|EF2_SCHPO	68.7	900	210	4	3655629	3652930	15	842	0.0	1225
MCGN01000001.1	sp|Q96X45|EF2_NEUCR	67.2	902	224	4	3655632	3652930	14	844	0.0	1209
MCGN01000001.1	sp|P18250|LEUC_PHYB8	75.5	760	162	7	558800	561055	1	744	0.0	1150
MCGN01000001.1	sp|J9VNT4|CHS5_CRYNH	37.4	2008	974	40	3755384	3760837	15	1929	0.0	1148
MCGN01000001.1	sp|Q1HPK6|EF2_BOMMO	63.8	906	254	6	3655641	3652930	11	844	0.0	1133
MCGN01000001.1	sp|P55811|LEUC_RHINI	71.5	762	195	4	558800	561055	1	750	0.0	1100
MCGN01000001.1	sp|P15112|EF2_DICDI	61.4	902	271	5	3655632	3652930	14	839	0.0	1070
MCGN01000001.1	sp|O93927|FKS1_CRYNH	37.3	1656	917	18	4508494	4503638	118	1688	0.0	1056
MCGN01000001.1	sp|A2QLK4|FKS1_ASPNC	38.7	1682	841	21	4508467	4503656	180	1749	0.0	1051
MCGN01000001.1	sp|Q23716|EF2_CRYPV	59.2	900	285	5	3655629	3652930	15	832	0.0	1043
MCGN01000001.1	sp|Q06193|EF2_ENTHI	58.7	899	295	4	3655623	3652930	17	840	0.0	1036
MCGN01000001.1	sp|O23755|EF2_BETVU	57.7	900	304	6	3655620	3652930	18	843	0.0	1011
MCGN01000001.1	sp|Q9ASR1|EF2_ARATH	57.6	901	303	7	3655620	3652930	18	843	0.0	1009
MCGN01000001.1	sp|P55037|GLTB_SYNY3	45.1	1323	624	20	1306488	1310396	276	1516	1.36e-317	1014
MCGN01000001.1	sp|P49601|LEUC_USTMA	65.0	771	248	7	558806	561055	4	773	2.46e-313	969
MCGN01000010.1	sp|Q14204|DYHC1_HUMAN	49.5	3549	1576	40	1400227	1410639	1232	4643	0.0	3141
MCGN01000010.1	sp|Q9JHU4|DYHC1_MOUSE	49.5	3536	1596	38	1400227	1410639	1230	4641	0.0	3141
MCGN01000010.1	sp|P38650|DYHC1_RAT	49.3	3536	1602	38	1400227	1410639	1230	4641	0.0	3128
MCGN01000010.1	sp|P37276|DYHC_DROME	48.5	3556	1607	40	1400227	1410645	1222	4635	0.0	3097
MCGN01000010.1	sp|P45444|DYHC_EMENI	48.6	3270	1401	40	1400224	1409793	1269	4339	0.0	2752
MCGN01000010.1	sp|P45443|DYHC_NEUCR	47.4	3262	1462	33	1400224	1409793	1278	4357	0.0	2740
MCGN01000010.1	sp|P34036|DYHC_DICDI	44.1	3564	1760	45	1400227	1410636	1299	4723	0.0	2734
MCGN01000010.1	sp|P78716|DYHC_FUSVN	46.7	3263	1471	31	1400224	1409808	1281	4348	0.0	2697
MCGN01000010.1	sp|Q19020|DYHC_CAEEL	43.0	3547	1766	39	1400227	1410639	1199	4563	0.0	2615
MCGN01000010.1	sp|Q27171|DYHC_PARTE	37.3	3574	1924	49	1400233	1410642	1178	4538	0.0	2178
MCGN01000010.1	sp|Q8IBG1|DYHC1_PLAF7	33.4	3746	2081	54	1400224	1410444	1315	4984	0.0	1818
MCGN01000010.1	sp|Q9C1M7|DYHC_ASHGO	38.2	2078	1149	24	1400224	1406421	1126	3079	0.0	1461
MCGN01000010.1	sp|Q54YZ9|DHKJ_DICDI	66.4	1148	369	4	1088661	1085260	172	1316	0.0	1389
MCGN01000010.1	sp|P36022|DYHC_YEAST	34.4	2062	1195	26	1400314	1406439	1168	3091	0.0	1225
MCGN01000010.1	sp|P87073|CHS1_PHYB8	75.6	792	143	4	310775	313144	98	841	0.0	1204
MCGN01000010.1	sp|P30595|CHS2_RHIOL	72.1	795	166	5	310775	313144	115	858	0.0	1145
MCGN01000010.1	sp|P30594|CHS1_RHIOL	64.7	796	225	5	310775	313144	113	858	0.0	1045
MCGN01000010.1	sp|Q12632|CHS1_MUCCL	52.4	801	314	7	310787	313144	103	851	1.50e-264	831
MCGN01000010.1	sp|Q9JJ79|DYHC2_RAT	31.1	2118	1204	46	1400221	1406382	1027	2951	5.34e-263	911
MCGN01000010.1	sp|Q45VK7|DYHC2_MOUSE	31.0	2128	1208	47	1400221	1406406	1027	2959	1.22e-262	910
MCGN01000010.1	sp|Q99127|CHS4_USTMA	55.3	795	284	9	310775	313144	213	941	9.74e-262	827
MCGN01000010.1	sp|Q8NCM8|DYHC2_HUMAN	31.2	2114	1208	48	1400221	1406382	1027	2952	1.20e-259	900
MCGN01000010.1	sp|Q9MBF8|DYH1B_CHLRE	30.5	1987	1177	41	1400485	1406292	1279	3117	1.01e-258	899
MCGN01000010.1	sp|Q27802|DYHC2_TRIGR	30.6	2087	1192	49	1400221	1406283	1029	2926	1.98e-258	897
MCGN01000010.1	sp|P0C6F1|DYH2_MOUSE	30.5	2064	1238	43	1400284	1406379	1192	3090	9.86e-258	895
MCGN01000011.1	sp|P38811|TRA1_YEAST	38.2	2685	1517	37	328933	320999	582	3165	0.0	1735
MCGN01000011.1	sp|Q9HFE8|TRA1_SCHPO	35.3	2673	1586	32	328933	320999	538	3095	0.0	1551
MCGN01000011.1	sp|Q10064|YAMB_SCHPO	34.8	2691	1576	37	328960	320999	485	3033	0.0	1518
MCGN01000011.1	sp|Q9Y4A5|TRRAP_HUMAN	30.7	2867	1679	64	328933	320888	545	3289	0.0	1263
MCGN01000011.1	sp|A0A0R4ITC5|TRRAP_DANRE	30.7	2848	1685	62	328933	320879	534	3256	0.0	1251
MCGN01000011.1	sp|Q8I8U7|TRA1_DROME	29.8	2808	1675	71	328972	320999	500	3161	0.0	1125
MCGN01000011.1	sp|Q02061|RPB2_SCHPO	51.4	1116	434	10	1047114	1050332	155	1205	0.0	1024
MCGN01000011.1	sp|A5DHT2|RPB2_PICGU	50.5	1126	446	15	1047114	1050338	163	1228	3.93e-309	976
MCGN01000011.1	sp|Q06625|GDE_YEAST	42.7	1336	607	24	682159	678320	95	1328	1.13e-307	984
MCGN01000011.1	sp|Q753Q4|RPB2_ASHGO	49.1	1114	467	13	1047114	1050338	165	1217	2.13e-304	962
MCGN01000011.1	sp|Q6FLD5|RPB2_CANGA	49.3	1119	455	11	1047114	1050338	168	1218	3.48e-301	952
MCGN01000011.1	sp|Q54J75|RPB2_DICDI	49.0	1103	442	14	1047114	1050332	156	1167	7.10e-301	949
MCGN01000011.1	sp|P08518|RPB2_YEAST	49.4	1119	453	12	1047114	1050338	170	1219	1.67e-300	951
MCGN01000011.1	sp|Q42877|RPB2_SOLLC	48.0	1128	422	12	1047114	1050329	157	1175	4.85e-300	948
MCGN01000011.1	sp|P38420|NRPB2_ARATH	48.7	1104	449	12	1047114	1050329	158	1176	5.13e-297	939
MCGN01000011.1	sp|Q8CFI7|RPB2_MOUSE	48.1	1088	481	15	1047114	1050329	152	1171	1.75e-281	894
MCGN01000011.1	sp|P30876|RPB2_HUMAN	48.0	1088	482	15	1047114	1050329	152	1171	4.39e-281	892
MCGN01000011.1	sp|P08266|RPB2_DROME	46.9	1090	496	13	1047114	1050335	153	1175	1.83e-271	865
MCGN01000011.1	sp|O94489|EF3_SCHPO	46.7	1067	529	9	790179	787003	12	1046	2.00e-271	859
MCGN01000011.1	sp|Q10578|RPB2_CAEEL	46.6	1104	477	15	1047114	1050335	158	1179	1.97e-268	857
MCGN01000011.1	sp|Q8SR75|RPB2_ENCCU	44.7	1117	460	18	1047114	1050329	134	1137	4.28e-262	836
MCGN01000011.1	sp|A8BQB4|GDE_HORSE	37.1	1440	647	35	682315	678320	56	1344	1.16e-255	832
MCGN01000011.1	sp|P35574|GDE_RABIT	37.9	1379	645	32	682165	678320	103	1366	9.78e-255	830
MCGN01000011.1	sp|Q2PQH8|GDE_CANLF	37.4	1379	652	32	682165	678320	80	1344	1.11e-253	827
MCGN01000011.1	sp|P53978|EF3B_YEAST	46.1	1053	509	16	790173	787063	11	1020	9.97e-252	802
MCGN01000012.1	sp|Q4P9K9|CHS8_USTMA	38.4	1972	1017	43	412480	418107	104	1974	0.0	1160
MCGN01000012.1	sp|J9VNT4|CHS5_CRYNH	40.0	1747	906	33	412477	417546	117	1777	0.0	1116
MCGN01000012.1	sp|O13395|CHS6_USTMA	55.2	911	387	11	414937	417636	59	959	1.81e-310	977
MCGN01000012.1	sp|J9VF17|CHS4_CRYNH	48.2	1124	515	17	414880	418107	135	1239	6.62e-299	947
MCGN01000012.1	sp|P46598|HSP90_CANAL	70.8	681	188	5	614790	616811	31	707	3.57e-291	901
MCGN01000012.1	sp|O94641|HS104_SCHPO	55.2	888	386	8	978918	981557	1	884	2.29e-290	907
MCGN01000012.1	sp|P41887|HSP90_SCHPO	69.8	681	194	4	614790	616811	29	704	2.99e-284	881
MCGN01000012.1	sp|Q8J2M3|HSP82_ASHGO	70.4	682	188	6	614790	616811	29	704	4.17e-282	875
MCGN01000012.1	sp|P51819|HSP83_IPONI	71.7	678	180	4	614790	616811	34	703	2.22e-280	870
MCGN01000012.1	sp|P02829|HSP82_YEAST	69.1	687	194	6	614790	616811	28	709	3.27e-279	867
MCGN01000012.1	sp|P15108|HSC82_YEAST	69.0	683	198	6	614790	616811	28	705	9.71e-279	865
MCGN01000012.1	sp|Q76LV1|HS90B_BOVIN	68.0	691	201	5	614790	616811	37	724	3.59e-278	864
MCGN01000012.1	sp|P27323|HS901_ARATH	70.8	681	183	4	614790	616811	29	700	3.79e-278	863
MCGN01000012.1	sp|Q9GKX8|HS90B_HORSE	67.9	691	202	5	614790	616811	37	724	4.88e-278	864
MCGN01000012.1	sp|Q4R4T5|HS90B_MACFA	67.9	691	202	5	614790	616811	37	724	4.88e-278	864
MCGN01000012.1	sp|P08238|HS90B_HUMAN	67.9	691	202	5	614790	616811	37	724	6.65e-278	863
MCGN01000012.1	sp|Q5R710|HS90B_PONAB	67.7	691	203	5	614790	616811	37	724	1.68e-277	862
MCGN01000012.1	sp|O57521|HS90B_DANRE	67.5	693	203	5	614790	616811	36	725	3.23e-277	862
MCGN01000012.1	sp|Q76LV2|HS90A_BOVIN	68.2	696	195	5	614790	616811	42	733	2.74e-276	859
MCGN01000012.1	sp|Q9GKX7|HS90A_HORSE	68.2	696	195	5	614790	616811	42	733	2.74e-276	859
MCGN01000012.1	sp|O02705|HS90A_PIG	68.2	696	195	5	614790	616811	42	733	2.74e-276	859
MCGN01000012.1	sp|Q4R4P1|HS90A_MACFA	68.2	696	195	5	614790	616811	42	733	3.73e-276	859
MCGN01000012.1	sp|P07900|HS90A_HUMAN	68.3	695	195	5	614790	616811	42	732	6.67e-276	858
MCGN01000012.1	sp|P31540|HSP98_NEUCR	53.0	900	389	12	978921	981545	3	893	7.38e-276	867
MCGN01000012.1	sp|A5A6K9|HS90A_PANTR	68.1	696	196	5	614790	616811	42	733	3.24e-275	856
MCGN01000013.1	sp|P49606|CYAA_USTMA	41.6	897	414	18	274795	277290	1629	2480	3.41e-167	590
MCGN01000013.1	sp|Q9Y8B5|MPPB_LENED	65.4	376	128	1	571147	570026	82	457	1.58e-152	491
MCGN01000013.1	sp|Q01513|CYAA_PODAS	37.9	845	421	17	274795	277230	1353	2126	7.13e-149	528
MCGN01000013.1	sp|Q54MJ7|ALAM_DICDI	52.3	444	178	4	322534	321212	122	534	3.29e-141	461
MCGN01000013.1	sp|Q9USP8|IDH2_SCHPO	63.8	365	101	2	223338	222247	45	379	6.52e-140	451
MCGN01000013.1	sp|P52894|ALA2_HORVU	52.0	446	178	5	322534	321209	69	482	2.34e-138	451
MCGN01000013.1	sp|Q01631|CYAA_NEUCR	37.9	842	412	19	274795	277191	1470	2243	3.48e-138	496
MCGN01000013.1	sp|P34106|ALA2_PANMI	51.6	446	180	5	322534	321209	69	482	3.75e-137	447
MCGN01000013.1	sp|Q9P7X1|MPPB_SCHPO	60.6	376	144	3	571147	570026	75	448	1.20e-135	442
MCGN01000013.1	sp|Q00302|MPPB_BLAEM	59.1	374	148	2	571147	570026	88	456	2.97e-133	436
MCGN01000013.1	sp|P11913|MPPB_NEUCR	56.5	375	162	1	571147	570026	93	467	4.32e-133	436
MCGN01000013.1	sp|Q9S7E9|GGT2_ARATH	50.4	446	185	5	322534	321209	61	474	3.25e-132	433
MCGN01000013.1	sp|Q9VWH4|IDH3A_DROME	61.0	364	109	3	223338	222250	46	377	3.66e-132	429
MCGN01000013.1	sp|P42882|NMT1_ASPPA	64.1	326	96	2	587895	588872	2	306	2.76e-130	422
MCGN01000013.1	sp|Q9LDV4|ALAT2_ARATH	49.6	446	189	5	322534	321209	127	540	6.77e-130	429
MCGN01000013.1	sp|Q9LR30|GGT1_ARATH	49.5	444	188	5	322534	321215	61	472	2.10e-129	425
MCGN01000013.1	sp|P23466|CYAA_LACKL	39.8	663	328	14	274795	276708	1097	1713	6.13e-127	456
MCGN01000013.1	sp|Q875Q8|MYO2_LACK1	43.7	625	245	7	436210	438075	86	606	1.82e-126	449
MCGN01000013.1	sp|F4I7I0|ALAT1_ARATH	48.9	448	189	6	322534	321209	130	543	3.01e-126	419
MCGN01000013.1	sp|P23254|TKT1_YEAST	56.3	396	151	3	428768	427587	293	668	9.86e-126	422
MCGN01000013.1	sp|O00057|NMT1_UROFA	60.9	330	108	2	587895	588884	2	310	1.81e-125	408
MCGN01000013.1	sp|Q876G9|MYO2_SACU7	41.8	662	248	9	436210	438132	86	631	4.09e-125	446
MCGN01000013.1	sp|Q875X3|MYO2A_NAUCC	42.7	625	254	7	436210	438075	86	609	1.32e-123	441
MCGN01000013.1	sp|P19524|MYO2_YEAST	42.2	637	237	8	436210	438075	86	606	2.60e-123	440
MCGN01000013.1	sp|Q93714|IDH3A_CAEEL	59.0	361	115	3	223326	222247	27	355	3.38e-123	402
MCGN01000014.1	sp|Q7LHG5|YI31B_YEAST	26.7	934	569	28	65157	67679	540	1450	8.37e-79	299
MCGN01000014.1	sp|Q99315|YG31B_YEAST	26.7	934	569	28	65157	67679	514	1424	2.43e-78	298
MCGN01000014.1	sp|Q8I7P9|POL5_DROME	35.4	443	269	5	65322	66608	123	562	5.83e-72	271
MCGN01000014.1	sp|P20825|POL2_DROME	30.1	655	405	12	64797	66662	15	649	2.12e-69	265
MCGN01000014.1	sp|O74932|TPS1_YARLI	39.3	328	149	4	114342	113368	186	466	1.13e-67	245
MCGN01000014.1	sp|Q54K57|TPSA_DICDI	38.1	367	176	5	114342	113251	192	510	7.71e-67	250
MCGN01000014.1	sp|Q92410|TPS1_CANAL	39.6	338	153	5	114342	113341	186	476	5.58e-66	240
MCGN01000014.1	sp|Q00764|TPS1_YEAST	39.6	331	150	4	114342	113359	200	483	6.45e-66	241
MCGN01000014.1	sp|P40387|TPS1_SCHPO	39.3	328	149	4	114342	113368	201	481	1.33e-63	234
MCGN01000014.1	sp|Q5RBE5|FCL_PONAB	36.5	446	125	9	117236	115917	10	303	1.28e-62	225
MCGN01000014.1	sp|Q8K3X2|FCL_CRIGR	36.4	442	131	9	117236	115917	10	303	1.74e-62	224
MCGN01000014.1	sp|Q13630|FCL_HUMAN	36.4	442	131	9	117236	115917	10	303	2.37e-62	224
MCGN01000014.1	sp|A8IU92|CFA20_CHLRE	51.9	212	59	2	106543	105908	19	187	3.47e-62	218
MCGN01000014.1	sp|Q9VKV8|CFA20_DROME	53.8	212	55	2	106543	105908	19	187	4.70e-62	218
MCGN01000014.1	sp|Q6B857|CFA20_BOVIN	52.4	212	58	2	106543	105908	19	187	7.14e-62	218
MCGN01000014.1	sp|Q5ZHP3|CFA20_CHICK	52.4	212	58	2	106543	105908	19	187	7.14e-62	218
MCGN01000014.1	sp|Q8BTU1|CFA20_MOUSE	52.4	212	58	2	106543	105908	19	187	7.14e-62	218
MCGN01000014.1	sp|P87171|KPR5_SCHPO	54.1	220	69	4	136664	136017	144	335	8.06e-62	223
MCGN01000014.1	sp|Q6PBJ2|CFA20_DANRE	52.4	212	58	2	106543	105908	19	187	9.40e-62	217
MCGN01000014.1	sp|Q6GPY6|CFA20_XENLA	52.4	212	58	2	106543	105908	19	187	9.73e-62	217
MCGN01000014.1	sp|Q6GL74|CFA20_XENTR	52.4	212	58	2	106543	105908	19	187	9.73e-62	217
MCGN01000014.1	sp|Q86D25|CFA20_CAEEL	50.9	212	61	2	106543	105908	19	187	9.99e-62	218
MCGN01000014.1	sp|Q61JK7|CFA20_CAEBR	50.5	212	62	2	106543	105908	19	187	3.44e-61	216
MCGN01000014.1	sp|Q9Y6A4|CFA20_HUMAN	51.9	212	59	2	106543	105908	19	187	4.57e-61	215
MCGN01000014.1	sp|P78875|TPP1_SCHPO	58.1	198	80	1	113186	112602	573	770	1.95e-60	233
MCGN01000015.1	sp|Q7LHG5|YI31B_YEAST	31.9	832	502	13	7835	10309	581	1354	7.90e-108	389
MCGN01000015.1	sp|P04323|POL3_DROME	32.0	874	544	18	7853	10432	170	1007	5.01e-107	377
MCGN01000015.1	sp|Q99315|YG31B_YEAST	31.6	832	504	13	7835	10309	555	1328	1.02e-106	386
MCGN01000015.1	sp|P20825|POL2_DROME	44.0	461	242	4	7859	9214	170	623	6.47e-104	368
MCGN01000015.1	sp|Q8I7P9|POL5_DROME	40.3	476	265	6	7841	9214	81	555	1.42e-94	339
MCGN01000015.1	sp|P10401|POLY_DROME	29.6	846	533	21	7829	10273	135	948	7.95e-90	325
MCGN01000015.1	sp|P35072|TCB1_CAEBR	37.6	279	167	4	24651	25484	1	273	3.82e-48	181
MCGN01000015.1	sp|Q04202|TCB2_CAEBR	35.6	278	174	3	24651	25484	1	273	4.48e-47	177
MCGN01000015.1	sp|P03934|TC1A_CAEEL	36.6	279	170	4	24651	25484	1	273	6.10e-47	177
MCGN01000015.1	sp|P19199|POL_COYMV	28.5	499	314	15	7820	9214	1349	1838	1.95e-41	177
MCGN01000015.1	sp|O92815|POL_WDSV	30.3	379	245	8	7979	9076	773	1145	5.05e-37	162
MCGN01000015.1	sp|P34257|TC3A_CAEEL	29.3	287	188	6	24627	25484	57	329	5.93e-22	106
MCGN01000015.1	sp|P92523|M860_ARATH	38.6	114	68	1	8522	8857	19	132	2.16e-18	91.3
MCGN01000015.1	sp|P11368|POL_IPMA	22.4	827	491	28	7946	10201	21	771	1.03e-17	98.2
MCGN01000015.1	sp|P04026|POL_IPHA	27.8	313	196	11	7946	8824	10	312	9.04e-15	88.6
MCGN01000015.1	sp|P51517|POL_SRV2	23.6	322	223	9	7946	8863	925	1239	1.88e-13	84.7
MCGN01000015.1	sp|P03365|POL_MMTVB	24.3	334	220	11	7922	8860	866	1187	5.48e-13	83.2
MCGN01000015.1	sp|P11283|POL_MMTVC	24.3	334	220	11	7922	8860	866	1187	9.38e-13	82.4
MCGN01000015.1	sp|P03354|POL_RSVP	24.9	301	176	9	8012	8809	741	1026	3.50e-12	80.5
MCGN01000015.1	sp|P03364|POL_SMRVH	23.1	438	287	17	7943	9169	1012	1428	4.77e-12	80.1
MCGN01000015.1	sp|P31623|POL_JSRV	24.2	310	211	9	7946	8824	880	1182	1.79e-11	78.2
MCGN01000015.1	sp|P07572|POL_MPMV	23.5	306	212	8	7946	8815	928	1227	1.80e-11	78.2
MCGN01000015.1	sp|P04025|POL_SRV1	23.5	306	212	8	7946	8815	929	1228	1.80e-11	78.2
MCGN01000015.1	sp|Q7SQ98|POL_ALV	24.9	301	176	9	8012	8809	33	318	5.36e-11	76.3
MCGN01000015.1	sp|Q04095|POL_RSVSA	24.9	301	176	9	8012	8809	741	1026	6.72e-11	76.3
MCGN01000016.1	sp|P0CT41|TF212_SCHPO	27.8	864	537	23	30536	32953	401	1235	2.76e-75	285
MCGN01000016.1	sp|P0CT34|TF21_SCHPO	27.8	864	537	23	30536	32953	401	1235	2.76e-75	285
MCGN01000016.1	sp|P0CT35|TF22_SCHPO	27.8	864	537	23	30536	32953	401	1235	2.76e-75	285
MCGN01000016.1	sp|P0CT36|TF23_SCHPO	27.8	864	537	23	30536	32953	401	1235	2.76e-75	285
MCGN01000016.1	sp|P0CT37|TF24_SCHPO	27.8	864	537	23	30536	32953	401	1235	2.76e-75	285
MCGN01000016.1	sp|P0CT38|TF25_SCHPO	27.8	864	537	23	30536	32953	401	1235	2.76e-75	285
MCGN01000016.1	sp|P0CT39|TF26_SCHPO	27.8	864	537	23	30536	32953	401	1235	2.76e-75	285
MCGN01000016.1	sp|P0CT40|TF29_SCHPO	27.8	864	537	23	30536	32953	401	1235	2.76e-75	285
MCGN01000016.1	sp|Q9UR07|TF211_SCHPO	27.7	864	538	23	30536	32953	401	1235	1.13e-74	283
MCGN01000016.1	sp|P0CT42|TF27_SCHPO	27.7	864	538	23	30536	32953	401	1235	1.13e-74	283
MCGN01000016.1	sp|P0CT43|TF28_SCHPO	27.7	864	538	23	30536	32953	401	1235	1.13e-74	283
MCGN01000016.1	sp|P04323|POL3_DROME	33.1	423	269	5	30575	31837	214	624	1.36e-64	249
MCGN01000016.1	sp|P20825|POL2_DROME	32.9	431	281	3	30551	31837	199	623	1.37e-64	249
MCGN01000016.1	sp|Q91DM0|POLG_PVCV1	32.6	365	228	8	30770	31834	1448	1804	6.00e-41	175
MCGN01000016.1	sp|Q6XKE6|POLG_PVCV2	32.6	365	228	8	30770	31834	1449	1805	6.00e-41	175
MCGN01000016.1	sp|P03555|POL_CAMVC	28.3	481	319	12	30458	31849	206	677	8.81e-35	151
MCGN01000016.1	sp|Q02964|POL_CAMVE	28.3	481	319	12	30458	31849	206	677	8.81e-35	151
MCGN01000016.1	sp|P03554|POL_CAMVS	27.9	481	321	12	30458	31849	206	677	1.56e-34	150
MCGN01000016.1	sp|P03556|POL_CAMVD	27.9	481	321	12	30458	31849	201	672	1.47e-33	147
MCGN01000016.1	sp|P05400|POL_CERV	25.2	440	307	8	30533	31828	225	650	5.23e-32	142
MCGN01000016.1	sp|O93209|POL_FFV	24.8	399	280	9	30581	31756	162	547	1.44e-20	107
MCGN01000016.1	sp|Q8TGM6|TAR1_YEAST	65.8	79	26	1	106243	106479	22	99	5.65e-19	91.7
MCGN01000016.1	sp|Q8TGM7|ART2_YEAST	84.0	50	8	0	103942	104091	2	51	6.87e-18	86.3
MCGN01000016.1	sp|Q6CQE5|TAR1_KLULA	63.0	81	25	2	106243	106479	7	84	2.81e-17	86.3
MCGN01000016.1	sp|Q3E811|RRT15_YEAST	80.4	46	9	0	103942	104079	2	47	5.99e-14	75.1
MCGN01000017.1	sp|O42938|PFKA_SCHPO	58.3	696	272	5	71003	73084	259	938	8.03e-254	801
MCGN01000017.1	sp|Q4W9B8|PFKA_ASPFU	53.7	706	301	7	71003	73084	78	769	6.23e-229	723
MCGN01000017.1	sp|C4QXA5|PFKA2_KOMPG	53.1	700	320	5	70994	73084	244	938	9.54e-229	728
MCGN01000017.1	sp|Q9HGZ1|PFKA1_ASPOR	53.7	709	302	6	71003	73093	78	772	2.12e-227	718
MCGN01000017.1	sp|Q8TGA0|PFKA2_PICPA	52.7	700	323	5	70994	73084	244	938	2.40e-226	721
MCGN01000017.1	sp|P78985|PFKA_ASPNG	53.1	706	305	6	71003	73084	78	769	5.05e-225	711
MCGN01000017.1	sp|O94201|PFKA1_CANAX	51.3	713	324	6	70988	73102	287	984	3.04e-220	706
MCGN01000017.1	sp|P59680|PFKA_YARLI	51.6	699	313	6	71003	73084	248	926	3.50e-218	698
MCGN01000017.1	sp|O94200|PFKA2_CANAX	50.7	696	338	4	71003	73084	248	940	7.03e-218	697
MCGN01000017.1	sp|Q8NJU8|PFKA1_PICPA	51.8	712	322	5	71003	73084	275	983	8.08e-218	699
MCGN01000017.1	sp|Q92448|PFKA1_KOMPG	51.8	712	322	5	71003	73084	275	983	1.10e-217	698
MCGN01000017.1	sp|P16862|PFKA2_YEAST	51.6	696	333	4	71003	73084	262	955	1.45e-217	697
MCGN01000017.1	sp|Q03216|PFKA2_KLULA	50.7	696	340	3	71003	73084	241	935	6.34e-217	694
MCGN01000017.1	sp|Q03215|PFKA1_KLULA	50.1	720	345	6	71003	73129	248	964	3.51e-216	694
MCGN01000017.1	sp|P16861|PFKA1_YEAST	50.1	721	343	7	71003	73126	270	986	1.87e-213	686
MCGN01000017.1	sp|Q9HGZ0|PFKA2_ASPOR	48.2	710	330	7	71003	73084	80	767	5.08e-200	639
MCGN01000017.1	sp|P30835|PFKAL_RAT	46.7	692	350	6	71003	73078	80	752	5.18e-197	630
MCGN01000017.1	sp|A1A4J1|PFKAL_BOVIN	47.4	692	345	7	71003	73078	80	752	7.05e-197	630
MCGN01000017.1	sp|Q01813|PFKAP_HUMAN	47.4	696	340	8	71003	73078	89	762	2.02e-196	629
MCGN01000017.1	sp|P17858|PFKAL_HUMAN	47.6	693	342	7	71003	73078	80	752	2.41e-196	628
MCGN01000017.1	sp|P12382|PFKAL_MOUSE	46.7	692	350	6	71003	73078	80	752	3.28e-196	628
MCGN01000017.1	sp|Q5R636|PFKAP_PONAB	47.4	696	340	8	71003	73078	89	762	6.91e-196	627
MCGN01000017.1	sp|P47857|PFKAM_MOUSE	47.8	694	340	6	71003	73078	80	753	2.82e-195	625
MCGN01000017.1	sp|P08237|PFKAM_HUMAN	47.8	694	340	6	71003	73078	80	753	3.83e-195	625
MCGN01000017.1	sp|Q2HYU2|PFKAM_PIG	47.8	694	340	6	71003	73078	80	753	1.78e-194	623
MCGN01000018.1	sp|Q7LHG5|YI31B_YEAST	31.6	868	510	17	24181	26757	572	1364	6.86e-111	398
MCGN01000018.1	sp|Q99315|YG31B_YEAST	31.5	868	511	17	24181	26757	546	1338	1.23e-110	398
MCGN01000018.1	sp|P04323|POL3_DROME	44.1	463	246	4	24223	25590	168	624	1.23e-108	382
MCGN01000018.1	sp|P20825|POL2_DROME	44.0	459	245	3	24235	25590	170	623	2.33e-104	369
MCGN01000018.1	sp|Q8I7P9|POL5_DROME	39.5	478	267	7	5377	3998	82	555	2.43e-93	335
MCGN01000018.1	sp|P10401|POLY_DROME	29.1	852	534	14	24214	26682	138	948	1.79e-88	321
MCGN01000018.1	sp|P10394|POL4_DROME	29.0	682	428	12	99465	97579	445	1123	2.29e-70	269
MCGN01000018.1	sp|P19199|POL_COYMV	28.2	461	287	14	5290	3998	1392	1838	8.61e-41	174
MCGN01000018.1	sp|P92523|M860_ARATH	43.0	114	63	1	24898	25233	19	132	4.64e-20	95.9
MCGN01000018.1	sp|P04026|POL_IPHA	26.9	308	201	9	24325	25200	13	312	1.79e-16	94.0
MCGN01000018.1	sp|P11368|POL_IPMA	27.1	266	177	6	24343	25107	28	287	3.54e-15	89.7
MCGN01000018.1	sp|P03365|POL_MMTVB	24.4	336	217	10	24298	25236	866	1187	1.47e-14	88.2
MCGN01000018.1	sp|P11283|POL_MMTVC	24.4	336	217	10	24298	25236	866	1187	1.47e-14	88.2
MCGN01000018.1	sp|P03364|POL_SMRVH	25.3	293	186	10	24424	25239	1047	1327	3.35e-14	87.0
MCGN01000018.1	sp|P31623|POL_JSRV	25.3	285	188	9	24343	25152	887	1161	3.14e-12	80.5
MCGN01000018.1	sp|P03354|POL_RSVP	25.7	280	174	8	24334	25116	723	987	4.03e-12	80.1
MCGN01000018.1	sp|P04025|POL_SRV1	24.0	271	189	6	5245	4466	936	1200	4.14e-12	80.1
MCGN01000018.1	sp|P51517|POL_SRV2	22.9	292	206	7	5245	4409	932	1217	5.41e-12	79.7
MCGN01000018.1	sp|O93209|POL_FFV	26.5	219	150	5	98217	97576	818	1030	1.06e-11	78.6
MCGN01000018.1	sp|O92956|POL_RSVSB	24.8	310	195	9	24334	25194	723	1017	2.64e-11	77.4
MCGN01000018.1	sp|P07572|POL_MPMV	26.1	249	157	8	24424	25122	962	1199	2.71e-11	77.4
MCGN01000018.1	sp|Q7SQ98|POL_ALV	24.8	310	195	9	24334	25194	15	309	2.75e-11	77.0
MCGN01000018.1	sp|Q04095|POL_RSVSA	24.8	310	195	9	24334	25194	723	1017	3.46e-11	77.0
MCGN01000018.1	sp|P63132|PO113_HUMAN	21.2	835	520	30	24343	26658	33	792	8.39e-11	75.5
MCGN01000018.1	sp|Q9WJR5|POK19_HUMAN	21.5	829	528	29	24343	26658	33	795	1.44e-10	74.7
MCGN01000002.1	sp|P78820|ACAC_SCHPO	56.4	2215	867	22	4251229	4257687	42	2220	0.0	2436
MCGN01000002.1	sp|Q00955|ACAC_YEAST	56.7	2188	870	26	4251229	4257687	32	2176	0.0	2338
MCGN01000002.1	sp|P11029|ACAC_CHICK	48.9	2182	991	35	4251277	4257627	107	2230	0.0	1944
MCGN01000002.1	sp|E9Q4Z2|ACACB_MOUSE	48.2	2194	1023	29	4251277	4257687	239	2376	0.0	1926
MCGN01000002.1	sp|O00763|ACACB_HUMAN	48.1	2194	1026	28	4251277	4257687	249	2386	0.0	1925
MCGN01000002.1	sp|Q28559|ACACA_SHEEP	48.2	2211	988	35	4251277	4257627	107	2253	0.0	1919
MCGN01000002.1	sp|Q9TTS3|ACACA_BOVIN	48.2	2211	987	36	4251277	4257627	107	2253	0.0	1914
MCGN01000002.1	sp|Q5SWU9|ACACA_MOUSE	48.4	2206	991	38	4251277	4257627	106	2252	0.0	1912
MCGN01000002.1	sp|Q13085|ACACA_HUMAN	48.1	2206	997	37	4251277	4257627	107	2253	0.0	1911
MCGN01000002.1	sp|P11497|ACACA_RAT	48.4	2206	990	38	4251277	4257627	106	2252	0.0	1911
MCGN01000002.1	sp|P32874|HFA1_YEAST	46.5	2161	1068	28	4251229	4257624	108	2209	0.0	1855
MCGN01000002.1	sp|C8ZF72|HFA1_YEAS8	46.4	2161	1070	28	4251229	4257624	108	2209	0.0	1853
MCGN01000002.1	sp|A6ZMR9|HFA1_YEAS7	46.5	2161	1069	28	4251229	4257624	108	2209	0.0	1852
MCGN01000002.1	sp|C7GRE4|HFA1_YEAS2	46.4	2161	1071	28	4251229	4257624	108	2209	0.0	1851
MCGN01000002.1	sp|B3LM95|HFA1_YEAS1	46.2	2161	1075	28	4251229	4257624	108	2209	0.0	1843
MCGN01000002.1	sp|Q54J08|ACAC_DICDI	43.8	2281	1089	42	4251271	4257708	4	2227	0.0	1692
MCGN01000002.1	sp|Q38970|ACC1_ARATH	41.6	2231	1129	43	4251238	4257627	13	2170	0.0	1523
MCGN01000002.1	sp|F4I1L3|ACC2_ARATH	40.6	2276	1166	46	4251127	4257624	72	2270	0.0	1508
MCGN01000002.1	sp|Q8S6N5|ACC1_ORYSJ	40.3	2264	1157	47	4251271	4257708	26	2213	0.0	1494
MCGN01000002.1	sp|B9FK36|ACC2_ORYSJ	40.6	2215	1170	38	4251271	4257690	122	2266	0.0	1491
MCGN01000002.1	sp|Q9C102|GLT1_SCHPO	61.0	1103	355	18	4306578	4309802	1052	2107	0.0	1253
MCGN01000002.1	sp|Q12680|GLT1_YEAST	52.7	1099	408	12	4303291	4306512	33	1044	0.0	1113
MCGN01000002.1	sp|Q0JKD0|GLT1_ORYSJ	54.8	1084	427	17	4306578	4309766	1105	2146	0.0	1100
MCGN01000002.1	sp|Q03460|GLSN_MEDSA	54.0	1105	425	17	4306578	4309772	1106	2167	0.0	1095
MCGN01000002.1	sp|Q0DG35|GLT2_ORYSJ	54.2	1095	424	16	4306578	4309760	1111	2162	0.0	1090
MCGN01000020.1	sp|A1A5H6|CNOT1_DANRE	27.9	1342	750	35	29097	32795	827	2059	1.19e-110	403
MCGN01000020.1	sp|A5YKK6|CNOT1_HUMAN	27.6	1350	737	35	29097	32795	835	2061	5.35e-109	398
MCGN01000020.1	sp|A0JP85|CNOT1_XENTR	28.2	1369	723	38	29097	32795	829	2073	9.38e-109	397
MCGN01000020.1	sp|Q6ZQ08|CNOT1_MOUSE	27.5	1350	739	34	29097	32795	834	2060	2.72e-108	395
MCGN01000020.1	sp|P50514|ARLZ_SCHPO	51.6	337	122	4	19553	20557	159	456	1.72e-92	314
MCGN01000020.1	sp|P40369|ARLY_SCHPO	50.7	337	125	5	19553	20557	160	457	1.30e-86	297
MCGN01000020.1	sp|P43061|ARLY_CANAX	49.6	343	129	5	19553	20569	166	468	2.95e-84	291
MCGN01000020.1	sp|P22675|ARLY_CHLRE	48.6	346	128	5	19553	20569	166	468	8.57e-84	290
MCGN01000020.1	sp|P41906|ARLY_SACPA	47.4	342	136	5	19553	20566	161	462	9.98e-81	280
MCGN01000020.1	sp|P04076|ARLY_YEAST	47.7	342	135	5	19553	20566	161	462	3.40e-80	279
MCGN01000020.1	sp|P51464|ARLY_LITCT	46.2	340	142	5	19553	20566	159	459	1.28e-77	271
MCGN01000020.1	sp|Q91YI0|ARLY_MOUSE	46.2	340	142	5	19553	20566	159	459	7.16e-73	258
MCGN01000020.1	sp|Q60HH3|ARLY_MACFA	44.7	338	150	2	19553	20566	159	459	1.32e-72	257
MCGN01000020.1	sp|Q3SZJ0|ARLY_BOVIN	44.7	338	150	2	19553	20566	159	459	2.30e-72	256
MCGN01000020.1	sp|P20673|ARLY_RAT	43.8	338	153	2	19553	20566	159	459	3.04e-72	256
MCGN01000020.1	sp|P04424|ARLY_HUMAN	44.1	338	152	2	19553	20566	159	459	2.07e-71	253
MCGN01000020.1	sp|P24058|ARLY2_ANAPL	43.0	342	158	2	19553	20578	161	465	2.31e-71	253
MCGN01000020.1	sp|P24057|ARLY1_ANAPL	42.7	342	159	2	19553	20578	159	463	4.03e-71	253
MCGN01000020.1	sp|P33110|ARLY_ANSAN	42.7	342	159	2	19553	20578	159	463	1.37e-70	251
MCGN01000020.1	sp|P05083|ARLY2_CHICK	43.0	344	155	5	19553	20578	159	463	7.06e-67	240
MCGN01000020.1	sp|P87112|NOT1_SCHPO	38.5	390	210	6	29001	30146	623	990	4.41e-66	256
MCGN01000020.1	sp|Q01592|ARLY_COLLI	42.4	344	157	5	19553	20578	159	463	2.02e-65	236
MCGN01000020.1	sp|A5UVX7|ARLY_ROSS1	43.3	342	153	4	19553	20572	152	454	2.77e-65	235
MCGN01000020.1	sp|P02521|ARLY1_CHICK	40.6	342	166	2	19553	20578	159	463	9.29e-65	234
MCGN01000020.1	sp|Q7SIE0|ARLY1_MELGA	40.6	342	166	2	19553	20578	159	463	2.32e-64	233
MCGN01000023.1	sp|P04323|POL3_DROME	42.1	477	234	8	5091	6455	168	624	3.77e-94	337
MCGN01000023.1	sp|P20825|POL2_DROME	41.1	482	240	6	5115	6494	174	633	6.09e-91	327
MCGN01000023.1	sp|Q8I7P9|POL5_DROME	38.2	466	268	7	5115	6455	91	555	1.59e-82	300
MCGN01000023.1	sp|P10401|POLY_DROME	36.0	478	280	6	5082	6452	138	610	2.35e-76	282
MCGN01000023.1	sp|Q7LHG5|YI31B_YEAST	38.1	441	261	7	5178	6482	610	1044	1.16e-75	285
MCGN01000023.1	sp|Q99315|YG31B_YEAST	37.9	441	262	7	5178	6482	584	1018	2.44e-75	285
MCGN01000023.1	sp|P19199|POL_COYMV	28.0	465	282	16	5166	6455	1392	1838	3.92e-36	157
MCGN01000023.1	sp|P11369|LORF2_MOUSE	28.8	372	237	9	11825	10728	530	879	8.77e-25	119
MCGN01000023.1	sp|P10394|POL4_DROME	28.3	240	165	4	6764	7468	886	1123	4.32e-24	117
MCGN01000023.1	sp|O00370|LORF2_HUMAN	26.7	375	241	9	11825	10728	523	872	1.47e-22	112
MCGN01000023.1	sp|P08548|LIN1_NYCCO	25.7	370	251	8	11825	10728	522	871	7.22e-20	103
MCGN01000023.1	sp|P92523|M860_ARATH	41.2	114	65	1	5763	6098	19	132	5.42e-19	90.9
MCGN01000023.1	sp|P16423|POLR_DROME	25.5	396	237	14	11807	10665	414	766	1.63e-16	92.0
MCGN01000023.1	sp|O44476|RNZ_CAEEL	34.9	129	63	2	19000	19380	694	803	1.21e-13	82.4
MCGN01000023.1	sp|Q9GL72|RNZ2_PANTR	37.5	128	60	2	19000	19380	663	771	2.70e-13	81.3
MCGN01000023.1	sp|Q8HY87|RNZ2_MACFA	36.7	128	61	2	19000	19380	663	771	4.65e-13	80.5
MCGN01000023.1	sp|Q80Y81|RNZ2_MOUSE	35.9	128	62	2	19000	19380	659	767	8.04e-13	79.7
MCGN01000023.1	sp|Q9GL73|RNZ2_GORGO	36.7	128	61	2	19000	19380	663	771	1.05e-12	79.3
MCGN01000023.1	sp|Q8CGS5|RNZ2_RAT	35.9	128	62	2	19000	19380	662	770	1.38e-12	79.0
MCGN01000023.1	sp|Q03274|PO22_POPJA	27.5	240	152	7	11834	11124	66	286	1.60e-12	78.6
MCGN01000023.1	sp|O93209|POL_FFV	26.5	219	150	5	6830	7471	818	1030	2.16e-12	78.6
MCGN01000023.1	sp|Q9BQ52|RNZ2_HUMAN	35.9	128	62	2	19000	19380	663	771	4.07e-12	77.4
MCGN01000023.1	sp|Q8MKW7|RNZ_DROME	30.5	164	86	3	18949	19413	606	750	6.64e-12	76.6
MCGN01000023.1	sp|P03364|POL_SMRVH	26.1	299	175	13	5292	6104	1047	1327	1.07e-10	73.2
MCGN01000023.1	sp|P04026|POL_IPHA	26.5	313	195	13	5193	6065	13	312	1.08e-10	72.8
MCGN01000025.1	sp|P20825|POL2_DROME	39.5	243	138	2	20732	20019	212	450	3.03e-45	185
MCGN01000025.1	sp|P04323|POL3_DROME	40.6	217	124	1	20711	20076	220	436	1.20e-44	183
MCGN01000025.1	sp|Q7LHG5|YI31B_YEAST	38.1	239	146	1	20732	20016	628	864	9.97e-42	175
MCGN01000025.1	sp|Q99315|YG31B_YEAST	38.1	239	146	1	20732	20016	602	838	1.03e-41	175
MCGN01000025.1	sp|Q8I7P9|POL5_DROME	37.2	234	142	1	20702	20016	139	372	8.82e-41	171
MCGN01000025.1	sp|P0CT41|TF212_SCHPO	35.4	229	148	0	20702	20016	428	656	4.25e-35	153
MCGN01000025.1	sp|P0CT34|TF21_SCHPO	35.4	229	148	0	20702	20016	428	656	4.25e-35	153
MCGN01000025.1	sp|P0CT35|TF22_SCHPO	35.4	229	148	0	20702	20016	428	656	4.25e-35	153
MCGN01000025.1	sp|P0CT36|TF23_SCHPO	35.4	229	148	0	20702	20016	428	656	4.25e-35	153
MCGN01000025.1	sp|P0CT37|TF24_SCHPO	35.4	229	148	0	20702	20016	428	656	4.25e-35	153
MCGN01000025.1	sp|P0CT38|TF25_SCHPO	35.4	229	148	0	20702	20016	428	656	4.25e-35	153
MCGN01000025.1	sp|P0CT39|TF26_SCHPO	35.4	229	148	0	20702	20016	428	656	4.25e-35	153
MCGN01000025.1	sp|P0CT40|TF29_SCHPO	35.4	229	148	0	20702	20016	428	656	4.25e-35	153
MCGN01000025.1	sp|Q9UR07|TF211_SCHPO	34.9	229	149	0	20702	20016	428	656	2.82e-34	150
MCGN01000025.1	sp|P0CT42|TF27_SCHPO	34.9	229	149	0	20702	20016	428	656	2.82e-34	150
MCGN01000025.1	sp|P0CT43|TF28_SCHPO	34.9	229	149	0	20702	20016	428	656	2.82e-34	150
MCGN01000025.1	sp|P09523|POL_FMVD	36.4	231	139	3	20717	20037	250	476	4.28e-33	144
MCGN01000025.1	sp|P10394|POL4_DROME	33.5	227	145	1	20732	20070	320	546	7.60e-32	142
MCGN01000025.1	sp|P05400|POL_CERV	32.8	229	146	3	20708	20037	242	467	7.96e-28	127
MCGN01000025.1	sp|Q89703|POL_CSVMV	31.6	234	150	4	20690	20016	223	455	4.12e-27	125
MCGN01000025.1	sp|Q04202|TCB2_CAEBR	37.3	153	91	3	2937	3392	120	268	3.02e-26	115
MCGN01000025.1	sp|Q91DM0|POLG_PVCV1	35.2	216	132	3	20708	20082	1396	1610	2.92e-25	121
MCGN01000025.1	sp|Q6XKE6|POLG_PVCV2	34.7	216	133	3	20708	20082	1397	1611	4.99e-25	120
MCGN01000025.1	sp|Q7TD08|POL_CYLCV	31.3	240	154	6	20696	19998	220	455	1.42e-24	117
MCGN01000025.1	sp|P35072|TCB1_CAEBR	38.7	155	86	5	2937	3392	120	268	2.91e-24	109
MCGN01000003.1	sp|Q869L3|MDN1_DICDI	45.5	2248	944	35	2109994	2104010	323	2539	0.0	1831
MCGN01000003.1	sp|Q12019|MDN1_YEAST	48.6	1991	904	25	2109994	2104241	337	2280	0.0	1779
MCGN01000003.1	sp|O94248|MDN1_SCHPO	47.5	1987	917	30	2109994	2104232	179	2105	0.0	1675
MCGN01000003.1	sp|Q9NU22|MDN1_HUMAN	45.3	2087	1006	36	2109994	2104010	353	2395	0.0	1637
MCGN01000003.1	sp|O93927|FKS1_CRYNH	52.1	1555	679	18	393665	398176	135	1674	0.0	1557
MCGN01000003.1	sp|Q6P2Q9|PRP8_HUMAN	52.8	1630	166	6	140912	136041	596	1627	0.0	1528
MCGN01000003.1	sp|Q99PV0|PRP8_MOUSE	52.8	1630	166	6	140912	136041	596	1627	0.0	1528
MCGN01000003.1	sp|P34369|PRP8_CAEEL	50.7	1631	199	7	140912	136041	588	1620	0.0	1482
MCGN01000003.1	sp|A2QLK4|FKS1_ASPNC	50.4	1577	691	18	393671	398176	181	1741	0.0	1475
MCGN01000003.1	sp|Q9SSD2|PRP8A_ARATH	50.7	1631	199	7	140912	136041	619	1651	0.0	1471
MCGN01000003.1	sp|P40989|FKS2_YEAST	48.4	1586	719	19	393665	398176	165	1732	0.0	1442
MCGN01000003.1	sp|O13967|BGS2_SCHPO	48.6	1590	720	20	393650	398176	176	1748	0.0	1432
MCGN01000003.1	sp|Q9T0I6|PRP8B_ARATH	49.4	1631	221	7	140912	136041	621	1653	0.0	1427
MCGN01000003.1	sp|P38631|FKS1_YEAST	48.2	1585	719	21	393671	398176	148	1713	0.0	1419
MCGN01000003.1	sp|A0A1P8AUY4|MDN1_ARATH	42.3	2055	967	36	2109982	2104220	384	2349	0.0	1414
MCGN01000003.1	sp|Q8T295|PRP8_DICDI	48.5	1630	236	6	140912	136041	585	1616	0.0	1407
MCGN01000003.1	sp|O74475|BGS4_SCHPO	46.7	1648	750	27	393671	398281	193	1822	0.0	1404
MCGN01000003.1	sp|O14187|SPP42_SCHPO	48.7	1614	227	7	140876	136041	637	1651	0.0	1398
MCGN01000003.1	sp|Q54YZ9|DHKJ_DICDI	67.2	1108	355	2	1229002	1232301	220	1327	0.0	1374
MCGN01000003.1	sp|Q10287|BGS1_SCHPO	47.9	1540	753	20	393671	398176	63	1590	0.0	1360
MCGN01000003.1	sp|Q9P377|BGS3_SCHPO	47.3	1553	752	24	393671	398176	146	1682	0.0	1320
MCGN01000003.1	sp|Q04952|FKS3_YEAST	44.1	1628	766	25	393671	398176	15	1624	0.0	1274
MCGN01000003.1	sp|O14228|PUR4_SCHPO	61.4	1035	381	11	1818274	1821351	298	1323	0.0	1239
MCGN01000003.1	sp|Q8DF81|PUR4_VIBVU	60.7	1031	374	12	1818274	1821351	293	1297	0.0	1196
MCGN01000003.1	sp|P38972|PUR4_YEAST	60.2	1046	378	15	1818274	1821351	331	1358	0.0	1196
MCGN01000032.1	sp|Q9UT00|YKH3_SCHPO	40.0	260	130	4	14351	13572	292	525	3.92e-49	198
MCGN01000032.1	sp|Q9D2C6|RPC8_MOUSE	27.9	262	91	7	9756	8983	34	201	3.69e-17	86.7
MCGN01000032.1	sp|Q2T9X1|RPC8_BOVIN	27.5	262	92	7	9756	8983	34	201	5.02e-17	86.3
MCGN01000032.1	sp|Q9Y535|RPC8_HUMAN	27.9	262	91	7	9756	8983	34	201	5.02e-17	86.3
MCGN01000032.1	sp|O94285|RPC8_SCHPO	24.5	265	93	6	9750	8983	36	202	1.93e-15	81.6
MCGN01000032.1	sp|Q03640|TCB3_YEAST	40.5	116	66	2	14760	14416	233	346	7.59e-15	86.3
MCGN01000032.1	sp|O14065|YC31_SCHPO	35.7	98	62	1	12785	12492	756	852	1.56e-10	72.0
MCGN01000032.1	sp|Q9ZVT9|C2GR1_ARATH	38.1	118	69	3	10850	10506	3	119	4.65e-09	67.0
MCGN01000032.1	sp|Q16974|KPC1_APLCA	30.4	135	81	5	10904	10524	141	270	6.44e-07	59.7
MCGN01000032.1	sp|P90980|KPC2_CAEEL	28.8	146	89	6	10904	10494	159	298	6.63e-07	59.7
MCGN01000032.1	sp|A1ZBD6|MCTP_DROME	30.2	139	81	3	10850	10437	238	361	1.70e-06	58.5
MCGN01000032.1	sp|P17252|KPCA_HUMAN	30.9	149	88	6	10904	10482	157	298	7.58e-06	56.2
MCGN01000032.1	sp|P10102|KPCA_RABIT	32.1	131	76	5	10850	10482	173	298	7.58e-06	56.2
MCGN01000032.1	sp|P05696|KPCA_RAT	32.1	131	76	5	10850	10482	173	298	9.95e-06	55.8
MCGN01000032.1	sp|E9PV86|MCTP1_MOUSE	29.3	147	87	3	10862	10425	257	387	1.50e-05	55.5
MCGN01000032.1	sp|P35718|RPC8_YEAST	30.6	98	33	1	9750	9457	36	98	2.23e-05	52.4
MCGN01000032.1	sp|A2X479|GAP1_ORYSI	37.5	88	53	2	10850	10587	9	94	3.49e-05	50.8
MCGN01000032.1	sp|Q6YWF1|GAP1_ORYSJ	37.5	88	53	2	10850	10587	9	94	3.49e-05	50.8
MCGN01000032.1	sp|Q6DN14|MCTP1_HUMAN	34.8	92	59	1	10862	10590	259	350	7.66e-05	53.1
MCGN01000032.1	sp|D4ABL6|MCTP1_RAT	33.7	92	60	1	10862	10590	252	343	9.89e-05	52.8
MCGN01000032.1	sp|P41885|RBF1_CAEEL	34.7	101	58	2	10895	10617	829	929	1.76e-04	52.0
MCGN01000032.1	sp|O43581|SYT7_HUMAN	38.6	88	39	3	10853	10626	282	366	3.21e-04	50.4
MCGN01000032.1	sp|Q9C5Y0|PLDD1_ARATH	30.9	94	64	1	10832	10551	64	156	3.72e-04	50.8
MCGN01000032.1	sp|Q9R0N7|SYT7_MOUSE	38.6	88	39	3	10853	10626	282	366	9.69e-04	48.9
MCGN01000032.1	sp|Q62747|SYT7_RAT	38.6	88	39	3	10853	10626	282	366	9.69e-04	48.9
MCGN01000034.1	sp|Q9H4L5|OSBL3_HUMAN	46.1	330	167	5	5705	4722	502	822	2.40e-79	288
MCGN01000034.1	sp|Q9DBS9|OSBL3_MOUSE	46.2	318	160	5	5675	4728	480	788	1.55e-77	281
MCGN01000034.1	sp|Q9BZF2|OSBL7_HUMAN	42.0	345	176	6	5717	4728	436	771	3.92e-73	268
MCGN01000034.1	sp|Q12116|TMS1_YEAST	35.5	454	214	10	2893	4230	85	467	7.02e-72	254
MCGN01000034.1	sp|Q9BZF3|OSBL6_HUMAN	42.5	325	166	5	5675	4722	555	865	3.20e-71	264
MCGN01000034.1	sp|Q8BXR9|OSBL6_MOUSE	42.5	325	166	5	5675	4722	580	890	8.15e-71	263
MCGN01000034.1	sp|Q9HDY3|YK17_SCHPO	34.1	454	187	9	2893	4236	94	441	1.19e-61	223
MCGN01000034.1	sp|O13944|YEH1_SCHPO	40.2	323	177	9	5675	4722	559	870	2.42e-57	222
MCGN01000034.1	sp|Q8S8P9|ORP1B_ARATH	39.6	326	175	12	5678	4728	110	422	2.89e-54	203
MCGN01000034.1	sp|O80866|ORP1A_ARATH	39.8	324	175	11	5675	4728	378	689	2.18e-53	207
MCGN01000034.1	sp|P38713|OSH3_YEAST	37.7	342	195	8	5744	4728	606	932	4.36e-53	209
MCGN01000034.1	sp|Q8L751|ORP1C_ARATH	37.0	357	190	12	5675	4662	422	762	1.88e-50	199
MCGN01000034.1	sp|Q9H1P3|OSBL2_HUMAN	34.8	385	197	9	5741	4728	37	414	5.65e-49	187
MCGN01000034.1	sp|Q8BX94|OSBL2_MOUSE	35.3	365	179	8	5672	4728	61	418	8.34e-49	187
MCGN01000034.1	sp|O14340|YB35_SCHPO	36.6	306	177	6	5633	4728	937	1229	5.90e-47	191
MCGN01000034.1	sp|Q9SAF0|ORP1D_ARATH	36.3	331	184	10	5675	4728	418	736	5.87e-46	185
MCGN01000034.1	sp|A7S4N4|SERIC_NEMVE	31.0	458	207	12	2893	4227	92	453	5.18e-45	175
MCGN01000034.1	sp|Q3B7Z2|OSBP1_MOUSE	37.9	317	169	10	5624	4728	419	725	5.21e-45	182
MCGN01000034.1	sp|P22059|OSBP1_HUMAN	37.5	317	170	11	5624	4728	421	727	7.06e-45	181
MCGN01000034.1	sp|Q12451|OSH2_YEAST	35.3	323	182	6	5633	4728	897	1213	7.55e-45	184
MCGN01000034.1	sp|P16258|OSBP1_RABIT	37.5	317	170	11	5624	4728	423	729	9.56e-45	181
MCGN01000034.1	sp|A4FUZ5|SERC3_BOVIN	30.0	450	233	11	2893	4227	97	469	9.90e-42	166
MCGN01000034.1	sp|A9UY97|SERIC_MONBE	27.1	472	220	8	2893	4227	106	480	1.82e-40	162
MCGN01000034.1	sp|Q5QNQ6|OSBP2_MOUSE	34.3	315	181	10	5624	4728	522	826	3.29e-39	164
MCGN01000034.1	sp|Q969R2|OSBP2_HUMAN	34.0	318	181	10	5624	4728	525	832	4.13e-38	161
MCGN01000036.1	sp|P35072|TCB1_CAEBR	40.9	220	125	3	714	1373	59	273	8.57e-45	168
MCGN01000036.1	sp|Q04202|TCB2_CAEBR	38.6	215	127	3	729	1373	64	273	1.60e-40	156
MCGN01000036.1	sp|P03934|TC1A_CAEEL	39.9	218	120	5	729	1373	64	273	1.38e-39	153
MCGN01000036.1	sp|P34257|TC3A_CAEEL	29.0	200	136	3	774	1373	136	329	4.72e-17	89.4
MCGN01000036.1	sp|Q0P9V4|PIF1_CAMJE	23.2	457	263	20	3118	1820	15	407	4.78e-05	53.1
MCGN01000039.1	sp|Q8TGM6|TAR1_YEAST	65.8	79	26	1	6310	6074	22	99	5.17e-20	91.7
MCGN01000039.1	sp|Q8TGM7|ART2_YEAST	84.0	50	8	0	8611	8462	2	51	6.39e-19	86.3
MCGN01000039.1	sp|Q6CQE5|TAR1_KLULA	63.0	81	25	2	6310	6074	7	84	2.58e-18	86.3
MCGN01000039.1	sp|Q3E811|RRT15_YEAST	80.4	46	9	0	8611	8474	2	47	5.57e-15	75.1
MCGN01000039.1	sp|Q8TGM5|ART3_YEAST	66.7	45	14	1	5663	5532	2	46	7.29e-08	55.1
MCGN01000004.1	sp|Q68FD5|CLH1_MOUSE	54.1	1518	563	8	149639	154189	228	1612	0.0	1554
MCGN01000004.1	sp|P49951|CLH1_BOVIN	54.0	1518	564	8	149639	154189	228	1612	0.0	1553
MCGN01000004.1	sp|Q00610|CLH1_HUMAN	54.0	1518	564	8	149639	154189	228	1612	0.0	1553
MCGN01000004.1	sp|P11442|CLH1_RAT	54.0	1518	564	8	149639	154189	228	1612	0.0	1550
MCGN01000004.1	sp|P53675|CLH2_HUMAN	52.1	1522	587	9	149639	154189	228	1612	0.0	1496
MCGN01000004.1	sp|P29742|CLH_DROME	51.9	1523	590	10	149639	154189	228	1613	0.0	1496
MCGN01000004.1	sp|P34574|CLH_CAEEL	50.2	1534	602	12	149639	154189	226	1614	0.0	1425
MCGN01000004.1	sp|Q10161|CLH_SCHPO	48.0	1521	643	10	149639	154183	227	1605	0.0	1382
MCGN01000004.1	sp|P25870|CLH_DICDI	48.1	1521	647	9	149639	154183	228	1611	0.0	1380
MCGN01000004.1	sp|Q2QYW2|CLH2_ORYSJ	48.4	1515	650	7	149639	154183	242	1624	0.0	1339
MCGN01000004.1	sp|Q2RBN7|CLH1_ORYSJ	48.4	1515	650	7	149639	154183	242	1624	0.0	1338
MCGN01000004.1	sp|Q0WLB5|CLAH2_ARATH	47.5	1519	657	7	149639	154183	242	1624	0.0	1323
MCGN01000004.1	sp|Q0WNJ6|CLAH1_ARATH	47.5	1519	657	7	149639	154183	242	1624	0.0	1320
MCGN01000004.1	sp|P22137|CLH_YEAST	45.0	1523	693	11	149639	154189	234	1618	0.0	1264
MCGN01000004.1	sp|Q1K9C2|MET5_SCHPO	45.1	1420	680	28	2434986	2430844	99	1458	0.0	1099
MCGN01000004.1	sp|P47169|MET5_YEAST	45.1	1260	593	19	2434440	2430829	219	1435	0.0	1055
MCGN01000004.1	sp|Q12649|HMDH_PHYB8	66.8	816	204	9	882694	884958	365	1174	0.0	1015
MCGN01000004.1	sp|Q55DR1|ABCGE_DICDI	37.3	1481	771	20	749079	753473	101	1439	1.39e-272	879
MCGN01000004.1	sp|Q55DQ2|ABCGB_DICDI	37.3	1484	767	20	749079	753473	104	1442	1.71e-269	870
MCGN01000004.1	sp|Q8T673|ABCGL_DICDI	37.1	1483	768	21	749079	753473	114	1449	2.76e-267	864
MCGN01000004.1	sp|Q8T675|ABCGJ_DICDI	37.3	1483	765	23	749079	753473	114	1449	3.75e-267	863
MCGN01000004.1	sp|Q8T683|ABCG9_DICDI	37.0	1478	774	21	749079	753473	115	1448	7.70e-266	860
MCGN01000004.1	sp|Q556W2|ABCGH_DICDI	37.4	1502	749	23	749079	753473	129	1476	1.93e-262	851
MCGN01000004.1	sp|Q54CG0|ABCGA_DICDI	36.5	1491	775	24	749079	753473	122	1466	2.25e-261	847
MCGN01000004.1	sp|Q55GB1|ABCGF_DICDI	36.9	1489	770	25	749079	753473	133	1475	1.13e-259	843
MCGN01000040.1	sp|P35072|TCB1_CAEBR	38.4	279	165	4	3328	2495	1	273	2.15e-53	192
MCGN01000040.1	sp|P03934|TC1A_CAEEL	37.3	279	168	4	3328	2495	1	273	6.36e-52	188
MCGN01000040.1	sp|Q04202|TCB2_CAEBR	36.3	278	172	3	3328	2495	1	273	6.36e-52	188
MCGN01000040.1	sp|P34257|TC3A_CAEEL	29.6	287	187	6	3352	2495	57	329	7.61e-24	108
MCGN01000040.1	sp|Q96MW7|TIGD1_HUMAN	30.4	148	92	5	4746	5159	258	404	9.57e-08	61.6
MCGN01000040.1	sp|O86236|Y132A_HAEIN	31.5	108	67	4	7102	7419	2	104	5.86e-05	48.5
MCGN01000048.1	sp|Q8TGM7|ART2_YEAST	84.0	50	8	0	682	831	2	51	1.45e-19	86.3
MCGN01000048.1	sp|Q3E811|RRT15_YEAST	80.4	46	9	0	682	819	2	47	1.26e-15	75.1
MCGN01000005.1	sp|O93937|PYR1_EMENI	71.3	1479	382	6	992923	997305	86	1539	0.0	2115
MCGN01000005.1	sp|P07259|PYR1_YEAST	71.3	1482	374	11	992923	997305	48	1499	0.0	2100
MCGN01000005.1	sp|Q09794|PYR1_SCHPO	70.6	1479	385	8	992923	997305	85	1531	0.0	2097
MCGN01000005.1	sp|P20054|PYR1_DICDI	58.3	1474	536	21	992923	997275	35	1453	0.0	1640
MCGN01000005.1	sp|Q91437|PYR1_SQUAC	58.7	1465	542	18	992923	997263	28	1447	0.0	1638
MCGN01000005.1	sp|Q9UUG0|FAS1_SCHPO	47.7	1928	854	33	1733206	1727522	264	2069	0.0	1632
MCGN01000005.1	sp|P34731|FAS1_CANAX	47.6	1909	851	28	1733200	1727528	257	2033	0.0	1630
MCGN01000005.1	sp|P34229|FAS1_YARLI	47.0	1916	879	27	1733209	1727528	279	2079	0.0	1628
MCGN01000005.1	sp|P27708|PYR1_HUMAN	57.6	1467	554	17	992923	997272	28	1443	0.0	1614
MCGN01000005.1	sp|B2RQC6|PYR1_MOUSE	57.8	1467	551	17	992923	997272	28	1443	0.0	1606
MCGN01000005.1	sp|P08955|PYR1_MESAU	57.8	1467	551	17	992923	997272	28	1443	0.0	1602
MCGN01000005.1	sp|P05990|PYR1_DROME	57.8	1459	562	17	992923	997263	39	1455	0.0	1600
MCGN01000005.1	sp|P07149|FAS1_YEAST	45.3	1919	895	25	1733212	1727513	266	2048	0.0	1576
MCGN01000005.1	sp|Q18990|PYR1_CAEEL	55.0	1468	595	16	992923	997263	29	1452	0.0	1509
MCGN01000005.1	sp|P31327|CPSM_HUMAN	52.4	1477	624	22	992923	997296	72	1488	0.0	1452
MCGN01000005.1	sp|Q8C196|CPSM_MOUSE	52.0	1475	633	21	992923	997296	72	1488	0.0	1446
MCGN01000005.1	sp|P07756|CPSM_RAT	52.0	1475	633	21	992923	997296	72	1488	0.0	1442
MCGN01000005.1	sp|O93918|PYC_ASPTE	59.9	1254	391	11	162453	158707	17	1163	0.0	1425
MCGN01000005.1	sp|Q91293|CPSM_LITCT	51.7	1476	637	19	992923	997296	67	1484	0.0	1425
MCGN01000005.1	sp|Q0CLK1|PYC_ASPTN	59.8	1254	392	11	162453	158707	17	1163	0.0	1422
MCGN01000005.1	sp|Q9HES8|PYC_ASPNG	59.8	1246	393	10	162441	158707	24	1162	0.0	1419
MCGN01000005.1	sp|Q9UUE1|PYC_SCHPO	58.6	1200	408	8	162300	158707	43	1155	0.0	1365
MCGN01000005.1	sp|Q8X1T3|PYC_PICAN	57.2	1245	422	15	162429	158707	9	1146	0.0	1359
MCGN01000005.1	sp|Q4PFV5|DPOE_USTMA	43.8	1714	837	28	977653	972806	615	2299	0.0	1346
MCGN01000005.1	sp|P78992|PYC_PICPA	56.1	1247	431	10	162426	158707	9	1146	0.0	1337
MCGN01000006.1	sp|Q9Y7K2|TOR2_SCHPO	42.9	2514	1146	39	1782219	1774813	68	2337	0.0	1773
MCGN01000006.1	sp|Q86C65|TOR_DICDI	42.9	2515	1173	39	1782219	1774813	83	2380	0.0	1702
MCGN01000006.1	sp|O14356|TOR1_SCHPO	39.0	2523	1231	40	1782219	1774813	68	2335	0.0	1548
MCGN01000006.1	sp|P35169|TOR1_YEAST	37.8	2541	1268	29	1782183	1774813	159	2470	0.0	1509
MCGN01000006.1	sp|P32600|TOR2_YEAST	38.3	2568	1220	37	1782198	1774813	166	2474	0.0	1504
MCGN01000006.1	sp|Q9HES8|PYC_ASPNG	65.7	1163	343	6	236902	233417	84	1191	0.0	1504
MCGN01000006.1	sp|O93918|PYC_ASPTE	65.2	1163	349	6	236902	233417	85	1192	0.0	1501
MCGN01000006.1	sp|Q0CLK1|PYC_ASPTN	65.3	1163	348	6	236902	233417	85	1192	0.0	1498
MCGN01000006.1	sp|B0D6H2|ARO1_LACBS	50.4	1666	701	29	1996898	1992024	3	1584	0.0	1484
MCGN01000006.1	sp|P42345|MTOR_HUMAN	37.8	2614	1309	43	1782189	1774813	99	2549	0.0	1456
MCGN01000006.1	sp|P42346|MTOR_RAT	37.7	2615	1310	44	1782189	1774813	99	2549	0.0	1452
MCGN01000006.1	sp|Q9JLN9|MTOR_MOUSE	37.7	2619	1304	46	1782189	1774813	99	2549	0.0	1451
MCGN01000006.1	sp|Q8J294|ARO1_THACU	48.5	1688	746	24	1996913	1991997	3	1615	0.0	1448
MCGN01000006.1	sp|P0CM23|ARO1_CRYNB	49.6	1678	734	27	1996907	1992000	2	1609	0.0	1441
MCGN01000006.1	sp|P0CM22|ARO1_CRYNJ	49.6	1678	734	27	1996907	1992000	2	1609	0.0	1441
MCGN01000006.1	sp|B6QCA7|ARO12_TALMQ	48.8	1631	734	18	1996886	1992048	5	1552	0.0	1421
MCGN01000006.1	sp|A1D244|ARO1_NEOFI	48.3	1660	737	20	1996886	1992009	5	1577	0.0	1421
MCGN01000006.1	sp|B8N4Q9|ARO1_ASPFN	48.3	1653	747	19	1996886	1992009	5	1576	0.0	1420
MCGN01000006.1	sp|B6JVD0|ARO1_SCHJY	47.8	1656	747	22	1996901	1992024	3	1571	0.0	1420
MCGN01000006.1	sp|B8M0U4|ARO1_TALSN	48.7	1642	737	19	1996907	1992048	2	1559	0.0	1420
MCGN01000006.1	sp|B0XPE7|MOT1_ASPFC	42.9	2021	917	40	702874	708633	5	1890	0.0	1418
MCGN01000006.1	sp|Q4WJI7|MOT1_ASPFU	42.9	2021	917	40	702874	708633	5	1890	0.0	1418
MCGN01000006.1	sp|A8NMB4|ARO1_COPC7	47.7	1732	738	32	1996892	1992000	10	1674	0.0	1416
MCGN01000006.1	sp|Q9UUE1|PYC_SCHPO	62.6	1135	367	7	236902	233504	76	1155	0.0	1416
MCGN01000006.1	sp|Q9P7R0|ARO1_SCHPO	46.5	1653	773	20	1996892	1992009	6	1572	0.0	1411
MCGN01000007.1	sp|O93937|PYR1_EMENI	59.9	2305	792	21	901285	894491	61	2273	0.0	2603
MCGN01000007.1	sp|Q09794|PYR1_SCHPO	58.8	2318	779	22	901303	894485	54	2239	0.0	2555
MCGN01000007.1	sp|P07259|PYR1_YEAST	57.8	2317	832	29	901327	894485	6	2212	0.0	2501
MCGN01000007.1	sp|O75643|U520_HUMAN	57.6	2175	854	17	135377	128889	1	2119	0.0	2484
MCGN01000007.1	sp|Q6P4T2|U520_MOUSE	57.6	2175	855	17	135377	128889	1	2119	0.0	2483
MCGN01000007.1	sp|F1LNJ2|U520_RAT	57.5	2178	854	18	135377	128889	1	2122	0.0	2479
MCGN01000007.1	sp|Q9VUV9|U520_DROME	56.7	2181	868	18	135377	128889	1	2123	0.0	2442
MCGN01000007.1	sp|Q9SYP1|DEXHC_ARATH	55.3	2190	913	25	135383	128889	5	2153	0.0	2275
MCGN01000007.1	sp|Q9UT24|BRR2_SCHPO	52.9	2175	965	23	135356	128883	27	2159	0.0	2204
MCGN01000007.1	sp|O48534|DEXHD_ARATH	53.4	2191	952	28	135383	128889	6	2154	0.0	2187
MCGN01000007.1	sp|Q9U2G0|U520_CAEEL	51.9	2181	974	22	135377	128883	1	2123	0.0	2157
MCGN01000007.1	sp|P20054|PYR1_DICDI	49.6	2349	964	37	901282	894485	11	2223	0.0	2058
MCGN01000007.1	sp|Q55CI8|HELCL_DICDI	48.8	2234	1053	31	135377	128883	1	2212	0.0	2000
MCGN01000007.1	sp|Q91437|PYR1_SQUAC	48.2	2366	1004	36	901288	894482	2	2242	0.0	1999
MCGN01000007.1	sp|P27708|PYR1_HUMAN	48.5	2357	994	40	901288	894482	2	2225	0.0	1979
MCGN01000007.1	sp|P08955|PYR1_MESAU	48.4	2359	992	37	901288	894482	2	2225	0.0	1973
MCGN01000007.1	sp|B2RQC6|PYR1_MOUSE	48.2	2364	989	38	901288	894482	2	2225	0.0	1966
MCGN01000007.1	sp|P05990|PYR1_DROME	47.2	2372	993	42	901294	894488	4	2218	0.0	1925
MCGN01000007.1	sp|Q18990|PYR1_CAEEL	46.3	2337	1040	40	901288	894488	3	2194	0.0	1850
MCGN01000007.1	sp|P32639|BRR2_YEAST	41.2	2201	1187	39	135347	128886	17	2156	0.0	1599
MCGN01000007.1	sp|Q9FNQ1|DEXHE_ARATH	45.5	1720	917	14	134024	128889	440	2147	0.0	1517
MCGN01000007.1	sp|F1NTD6|ASCC3_CHICK	42.1	1980	1034	29	134522	128883	216	2183	0.0	1495
MCGN01000007.1	sp|E1BNG3|ASCC3_BOVIN	41.4	1944	1031	28	134432	128883	245	2174	0.0	1452
MCGN01000007.1	sp|E9PZJ8|ASCC3_MOUSE	43.9	1760	921	19	133988	128883	424	2175	0.0	1450
MCGN01000007.1	sp|Q8N3C0|ASCC3_HUMAN	43.8	1760	923	20	133988	128883	423	2174	0.0	1445
MCGN01000008.1	sp|O43093|KINH_SYNRA	58.7	1087	283	15	1059168	1055941	1	932	0.0	994
MCGN01000008.1	sp|O13395|CHS6_USTMA	56.1	848	359	7	1051486	1054014	59	898	5.64e-302	953
MCGN01000008.1	sp|P00365|DHE2_NEUCR	59.7	747	288	5	953837	956059	301	1040	1.68e-280	886
MCGN01000008.1	sp|J9VF17|CHS4_CRYNH	52.6	844	391	7	1051483	1053993	148	989	1.63e-279	892
MCGN01000008.1	sp|Q54VI3|GLUD2_DICDI	55.5	741	312	4	953837	956059	314	1036	3.93e-251	801
MCGN01000008.1	sp|P37211|ATPA_NEUCR	72.6	554	125	1	1529426	1527765	24	550	6.33e-249	773
MCGN01000008.1	sp|P07251|ATPA_YEAST	72.2	547	125	1	1529408	1527768	26	545	2.18e-243	757
MCGN01000008.1	sp|C0HK51|ATPA_PICAN	72.4	537	121	1	1529378	1527768	1	510	5.35e-241	748
MCGN01000008.1	sp|P49375|ATPA_KLULA	72.2	540	123	1	1529387	1527768	36	548	8.63e-241	749
MCGN01000008.1	sp|Q9USN5|GDH2_SCHPO	52.8	757	330	7	953837	956059	351	1096	8.72e-241	773
MCGN01000008.1	sp|Q4P9K9|CHS8_USTMA	48.0	857	412	11	1051477	1054002	913	1750	2.09e-239	800
MCGN01000008.1	sp|Q6C326|ATPA_YARLI	71.4	546	129	1	1529405	1527768	16	534	2.26e-239	745
MCGN01000008.1	sp|P19483|ATPA_BOVIN	72.8	534	118	1	1529369	1527768	45	551	1.45e-238	743
MCGN01000008.1	sp|P24487|ATPA_SCHPO	71.5	540	126	2	1529387	1527768	25	536	6.75e-238	741
MCGN01000008.1	sp|P80021|ATPA_PIG	72.5	534	120	1	1529369	1527768	45	551	4.34e-237	739
MCGN01000008.1	sp|Q5R546|ATPA_PONAB	72.5	534	120	1	1529369	1527768	45	551	4.34e-237	739
MCGN01000008.1	sp|Q03265|ATPA_MOUSE	72.3	534	121	1	1529369	1527768	45	551	5.91e-237	739
MCGN01000008.1	sp|P25705|ATPA_HUMAN	72.5	534	120	1	1529369	1527768	45	551	8.05e-237	738
MCGN01000008.1	sp|A5A6H5|ATPA_PANTR	72.5	534	120	1	1529369	1527768	45	551	8.05e-237	738
MCGN01000008.1	sp|P15999|ATPA_RAT	72.3	534	121	1	1529369	1527768	45	551	1.49e-236	738
MCGN01000008.1	sp|J9VNT4|CHS5_CRYNH	48.1	855	422	9	1051474	1054002	894	1738	1.28e-233	781
MCGN01000008.1	sp|Q9XXK1|ATPA_CAEEL	70.0	550	134	3	1529417	1527768	18	536	1.24e-232	726
MCGN01000008.1	sp|Q9LZQ9|DEAH2_ARATH	72.5	491	133	1	433933	432461	238	726	1.94e-229	725
MCGN01000008.1	sp|Q5A599|NIK1_CANAL	52.9	781	326	6	667222	669558	187	927	2.77e-229	739
MCGN01000008.1	sp|P35381|ATPA_DROME	68.7	547	144	1	1529408	1527768	31	550	3.43e-229	716
MCGN01000009.1	sp|Q4P9K9|CHS8_USTMA	43.8	1612	764	34	322997	318462	108	1677	0.0	1179
MCGN01000009.1	sp|J9VNT4|CHS5_CRYNH	42.8	1594	786	36	323006	318462	119	1665	0.0	1103
MCGN01000009.1	sp|O60072|MUG81_SCHPO	37.8	1621	766	29	114080	118792	305	1733	1.27e-268	884
MCGN01000009.1	sp|F1NTD6|ASCC3_CHICK	36.7	1618	781	28	114080	118792	513	1934	2.08e-248	832
MCGN01000009.1	sp|E9PZJ8|ASCC3_MOUSE	36.5	1618	784	27	114080	118792	505	1926	4.21e-247	828
MCGN01000009.1	sp|Q8N3C0|ASCC3_HUMAN	36.5	1618	784	29	114080	118792	504	1925	1.51e-246	827
MCGN01000009.1	sp|E1BNG3|ASCC3_BOVIN	36.6	1619	781	28	114080	118792	504	1925	1.99e-246	826
MCGN01000009.1	sp|O13395|CHS6_USTMA	51.5	785	326	10	320756	318462	70	819	9.72e-245	788
MCGN01000009.1	sp|Q5KPJ5|ILVB_CRYNJ	61.3	622	210	6	987013	988866	119	713	1.87e-244	768
MCGN01000009.1	sp|Q6SSJ3|ILVB_CRYNH	60.9	622	212	6	987013	988866	119	713	3.00e-243	764
MCGN01000009.1	sp|P68362|TBA1A_CRIGR	78.6	472	55	3	971279	969870	24	451	1.05e-239	742
MCGN01000009.1	sp|Q71U36|TBA1A_HUMAN	78.6	472	55	3	971279	969870	24	451	1.05e-239	742
MCGN01000009.1	sp|P68369|TBA1A_MOUSE	78.6	472	55	3	971279	969870	24	451	1.05e-239	742
MCGN01000009.1	sp|A5A6J1|TBA1A_PANTR	78.6	472	55	3	971279	969870	24	451	1.05e-239	742
MCGN01000009.1	sp|P68370|TBA1A_RAT	78.6	472	55	3	971279	969870	24	451	1.05e-239	742
MCGN01000009.1	sp|Q2HJ86|TBA1D_BOVIN	78.9	469	53	3	971279	969879	24	448	1.48e-239	741
MCGN01000009.1	sp|P81947|TBA1B_BOVIN	78.4	472	56	3	971279	969870	24	451	2.64e-239	741
MCGN01000009.1	sp|P68361|TBA1B_CRIGR	78.4	472	56	3	971279	969870	24	451	2.64e-239	741
MCGN01000009.1	sp|P68363|TBA1B_HUMAN	78.4	472	56	3	971279	969870	24	451	2.64e-239	741
MCGN01000009.1	sp|Q4R538|TBA1B_MACFA	78.4	472	56	3	971279	969870	24	451	2.64e-239	741
MCGN01000009.1	sp|P68360|TBA1B_MERUN	78.4	472	56	3	971279	969870	24	451	2.64e-239	741
MCGN01000009.1	sp|P05213|TBA1B_MOUSE	78.4	472	56	3	971279	969870	24	451	2.64e-239	741
MCGN01000009.1	sp|Q2XVP4|TBA1B_PIG	78.4	472	56	3	971279	969870	24	451	2.64e-239	741
MCGN01000009.1	sp|Q6P9V9|TBA1B_RAT	78.4	472	56	3	971279	969870	24	451	2.64e-239	741
MCGN01000009.1	sp|P36220|TBA_TORMA	78.4	472	56	3	971279	969870	24	451	2.64e-239	741
