JAEPQZ010000001.1	sp|Q9JHU4|DYHC1_MOUSE	62.6	2435	839	18	1839361	1832126	883	3268	0.0	3103
JAEPQZ010000001.1	sp|P38650|DYHC1_RAT	62.5	2435	840	18	1839361	1832126	883	3268	0.0	3099
JAEPQZ010000001.1	sp|Q14204|DYHC1_HUMAN	62.5	2435	842	18	1839361	1832126	885	3270	0.0	3098
JAEPQZ010000001.1	sp|P37276|DYHC_DROME	63.0	2424	833	18	1839361	1832135	879	3252	0.0	3040
JAEPQZ010000001.1	sp|P45444|DYHC_EMENI	62.0	2411	845	13	1839361	1832129	927	3267	0.0	3024
JAEPQZ010000001.1	sp|P45443|DYHC_NEUCR	61.4	2414	856	14	1839361	1832135	935	3278	0.0	2976
JAEPQZ010000001.1	sp|P78716|DYHC_FUSVN	61.7	2368	828	13	1839361	1832267	941	3232	0.0	2960
JAEPQZ010000001.1	sp|P34036|DYHC_DICDI	56.5	2479	966	21	1839361	1832129	919	3353	0.0	2788
JAEPQZ010000001.1	sp|Q19020|DYHC_CAEEL	53.7	2434	1020	21	1839361	1832129	864	3212	0.0	2553
JAEPQZ010000001.1	sp|O75643|U520_HUMAN	58.2	2195	831	17	790667	797221	1	2119	0.0	2514
JAEPQZ010000001.1	sp|Q6P4T2|U520_MOUSE	58.2	2195	832	17	790667	797221	1	2119	0.0	2514
JAEPQZ010000001.1	sp|F1LNJ2|U520_RAT	58.1	2198	832	18	790667	797221	1	2122	0.0	2509
JAEPQZ010000001.1	sp|Q9VUV9|U520_DROME	56.8	2194	868	17	790667	797221	1	2123	0.0	2447
JAEPQZ010000001.1	sp|Q27171|DYHC_PARTE	47.2	2422	1159	25	1839361	1832129	844	3157	0.0	2251
JAEPQZ010000001.1	sp|Q9SYP1|DEXHC_ARATH	53.8	2211	930	25	790670	797221	8	2153	0.0	2239
JAEPQZ010000001.1	sp|Q9UT24|BRR2_SCHPO	52.7	2184	973	19	790691	797221	28	2157	0.0	2200
JAEPQZ010000001.1	sp|O48534|DEXHD_ARATH	52.7	2209	957	27	790670	797221	9	2154	0.0	2184
JAEPQZ010000001.1	sp|Q9U2G0|U520_CAEEL	51.7	2206	966	26	790667	797230	1	2124	0.0	2149
JAEPQZ010000001.1	sp|Q55CI8|HELCL_DICDI	49.0	2237	1068	27	790667	797230	1	2213	0.0	1998
JAEPQZ010000001.1	sp|Q8IBG1|DYHC1_PLAF7	40.9	2629	1262	29	1839358	1832135	910	3466	0.0	1944
JAEPQZ010000001.1	sp|P32639|BRR2_YEAST	40.6	2233	1204	38	790658	797224	3	2156	0.0	1597
JAEPQZ010000001.1	sp|Q9FNQ1|DEXHE_ARATH	46.2	1707	894	14	792125	797221	457	2147	0.0	1533
JAEPQZ010000001.1	sp|P29742|CLH_DROME	55.8	1387	510	6	1543361	1539222	324	1614	0.0	1456
JAEPQZ010000001.1	sp|P53675|CLH2_HUMAN	54.7	1386	526	5	1543361	1539222	324	1613	0.0	1429
JAEPQZ010000001.1	sp|P34574|CLH_CAEEL	52.8	1407	557	9	1543361	1539174	322	1632	0.0	1401
JAEPQZ010000002.1	sp|O94666|RPC1_SCHPO	59.1	1011	387	5	291874	288845	14	998	0.0	1217
JAEPQZ010000002.1	sp|Q6BI69|RPC1_DEBHA	54.6	1052	412	14	291874	288839	14	1039	0.0	1123
JAEPQZ010000002.1	sp|P04051|RPC1_YEAST	54.3	1062	413	13	291874	288824	14	1048	0.0	1122
JAEPQZ010000002.1	sp|Q86AQ5|RPC1_DICDI	52.9	1013	435	10	291871	288854	16	993	0.0	1072
JAEPQZ010000002.1	sp|Q5ZL98|RPC1_CHICK	53.9	1001	426	10	291874	288890	16	987	0.0	1043
JAEPQZ010000002.1	sp|O14802|RPC1_HUMAN	53.8	1001	427	10	291874	288890	16	987	0.0	1035
JAEPQZ010000002.1	sp|A4IF62|RPC1_BOVIN	53.5	1001	430	10	291874	288890	16	987	0.0	1026
JAEPQZ010000002.1	sp|G4N2B5|ABC7_MAGO7	40.4	1431	751	23	472265	468222	257	1668	1.67e-304	980
JAEPQZ010000002.1	sp|O94609|UBA1_SCHPO	55.7	894	305	9	1335345	1338011	162	969	1.96e-296	930
JAEPQZ010000002.1	sp|O42938|PFKA_SCHPO	49.6	1009	409	11	1355107	1358067	8	938	6.05e-295	923
JAEPQZ010000002.1	sp|P32386|YBT1_YEAST	38.3	1400	774	16	472253	468237	279	1649	3.18e-290	938
JAEPQZ010000002.1	sp|Q6GL04|TERA_XENTR	75.2	609	100	3	354861	356687	176	733	2.49e-284	886
JAEPQZ010000002.1	sp|Q02053|UBA1_MOUSE	53.1	912	330	11	1335309	1338002	184	1011	7.25e-284	896
JAEPQZ010000002.1	sp|P23787|TERA_XENLA	75.0	609	101	3	354861	356687	176	733	8.55e-284	885
JAEPQZ010000002.1	sp|Q3ZBT1|TERA_BOVIN	75.2	609	100	3	354861	356687	176	733	8.86e-284	885
JAEPQZ010000002.1	sp|P55072|TERA_HUMAN	75.2	609	100	3	354861	356687	176	733	8.86e-284	885
JAEPQZ010000002.1	sp|Q01853|TERA_MOUSE	75.2	609	100	3	354861	356687	176	733	8.86e-284	885
JAEPQZ010000002.1	sp|P46462|TERA_RAT	75.2	609	100	3	354861	356687	176	733	8.86e-284	885
JAEPQZ010000002.1	sp|Q5U300|UBA1_RAT	52.9	912	332	10	1335309	1338002	184	1011	1.82e-283	895
JAEPQZ010000002.1	sp|P03974|TERA_PIG	75.0	609	101	3	354861	356687	176	733	2.23e-283	884
JAEPQZ010000002.1	sp|Q29504|UBA1_RABIT	52.9	912	332	10	1335309	1338002	184	1011	4.58e-283	894
JAEPQZ010000002.1	sp|A3KMV5|UBA1_BOVIN	52.4	912	336	10	1335309	1338002	184	1011	1.15e-282	892
JAEPQZ010000002.1	sp|Q5AWS6|CDC48_EMENI	78.9	574	75	3	354861	356579	197	725	1.91e-282	882
JAEPQZ010000002.1	sp|Q9P3A7|CDC48_SCHPO	78.7	574	76	3	354861	356582	196	723	1.24e-281	879
JAEPQZ010000002.1	sp|Q7ZU99|TERA_DANRE	74.2	609	106	3	354861	356687	176	733	1.67e-281	878
JAEPQZ010000011.1	sp|Q01877|HSP71_PUCGR	83.6	648	105	1	549364	551304	1	648	0.0	1035
JAEPQZ010000011.1	sp|O93866|HSP70_TRIRU	78.7	662	118	4	549364	551304	1	654	0.0	999
JAEPQZ010000011.1	sp|Q96W30|HSP72_PARBA	82.1	614	109	1	549364	551202	1	614	0.0	998
JAEPQZ010000011.1	sp|Q10265|HSP71_SCHPO	82.9	614	105	0	549364	551205	1	614	0.0	996
JAEPQZ010000011.1	sp|O59855|HSP72_SCHPO	81.9	614	111	0	549364	551205	1	614	0.0	995
JAEPQZ010000011.1	sp|J9VZ70|HSP71_CRYNH	80.4	648	121	4	549364	551304	1	643	0.0	992
JAEPQZ010000011.1	sp|F5HB71|HSP71_CRYNB	80.2	648	119	4	549364	551304	1	640	0.0	989
JAEPQZ010000011.1	sp|Q5KKP4|HSP71_CRYNJ	80.2	648	119	4	549364	551304	1	640	0.0	989
JAEPQZ010000011.1	sp|P48720|HSP70_BLAEM	80.6	645	120	3	549373	551304	9	649	0.0	988
JAEPQZ010000011.1	sp|Q01233|HSP70_NEUCR	78.9	648	134	2	549364	551304	1	646	0.0	987
JAEPQZ010000011.1	sp|Q5B2V1|HSP70_EMENI	80.8	616	114	3	549364	551208	1	613	0.0	979
JAEPQZ010000011.1	sp|P53421|HSP71_PICAN	77.5	649	140	2	549364	551304	1	645	0.0	978
JAEPQZ010000011.1	sp|P46587|HSP72_CANAL	77.3	647	145	2	549364	551304	1	645	6.31e-315	966
JAEPQZ010000011.1	sp|Q91233|HSP70_ONCTS	75.5	644	151	1	549373	551304	8	644	8.27e-315	966
JAEPQZ010000011.1	sp|P27541|HSP70_BRUMA	78.6	645	132	3	549373	551304	5	644	1.53e-314	965
JAEPQZ010000011.1	sp|P09446|HSP1_CAEEL	77.5	645	134	2	549373	551304	6	640	3.34e-314	964
JAEPQZ010000011.1	sp|P87047|HSP71_PARBA	76.2	661	131	6	549364	551304	1	649	3.43e-314	964
JAEPQZ010000011.1	sp|A2Q0Z1|HSP7C_HORSE	77.8	645	138	2	549373	551304	6	646	4.18e-314	964
JAEPQZ010000011.1	sp|P11142|HSP7C_HUMAN	77.8	645	138	2	549373	551304	6	646	4.18e-314	964
JAEPQZ010000011.1	sp|P63017|HSP7C_MOUSE	77.8	645	138	2	549373	551304	6	646	4.18e-314	964
JAEPQZ010000011.1	sp|Q5NVM9|HSP7C_PONAB	77.8	645	138	2	549373	551304	6	646	4.18e-314	964
JAEPQZ010000011.1	sp|P63018|HSP7C_RAT	77.8	645	138	2	549373	551304	6	646	4.18e-314	964
JAEPQZ010000011.1	sp|Q71U34|HSP7C_SAGOE	77.8	645	138	2	549373	551304	6	646	4.18e-314	964
JAEPQZ010000011.1	sp|P10592|HSP72_YEAST	77.6	647	137	3	549364	551304	1	639	4.38e-314	963
JAEPQZ010000011.1	sp|Q27975|HS71A_BOVIN	76.4	644	144	2	549373	551304	6	641	4.72e-314	963
JAEPQZ010000012.1	sp|Q96WX9|AGUA_ASPNG	60.4	833	319	7	51793	54273	14	841	0.0	1026
JAEPQZ010000012.1	sp|B0Y2K1|AGUA_ASPFC	60.1	843	326	7	51760	54273	3	840	0.0	1024
JAEPQZ010000012.1	sp|Q4WW45|AGUA_ASPFU	60.0	843	327	7	51760	54273	3	840	0.0	1022
JAEPQZ010000012.1	sp|A2R3X3|AGUA_ASPNC	60.3	833	320	7	51793	54273	14	841	0.0	1019
JAEPQZ010000012.1	sp|O42814|AGUA_ASPTU	59.9	841	320	8	51778	54273	9	841	0.0	1018
JAEPQZ010000012.1	sp|A1DD80|AGUA_NEOFI	59.8	843	329	7	51760	54273	3	840	0.0	1013
JAEPQZ010000012.1	sp|Q0CJP9|AGUA_ASPTN	58.0	846	344	6	51751	54273	2	841	0.0	1009
JAEPQZ010000012.1	sp|B8NGU1|AGUA_ASPFN	58.5	848	336	8	51751	54273	1	839	0.0	1004
JAEPQZ010000012.1	sp|Q2UFP4|AGUA_ASPOR	58.1	848	335	9	51751	54273	1	835	0.0	993
JAEPQZ010000012.1	sp|A1CC12|AGUA_ASPCL	59.1	826	329	6	51811	54273	19	840	2.63e-317	982
JAEPQZ010000012.1	sp|O13395|CHS6_USTMA	55.1	926	387	12	626580	623857	59	973	1.71e-313	986
JAEPQZ010000012.1	sp|Q5AQZ4|AGUA_EMENI	58.0	834	334	8	51811	54273	17	847	2.74e-309	959
JAEPQZ010000012.1	sp|J9VF17|CHS4_CRYNH	55.1	914	388	10	626610	623905	145	1048	5.44e-305	965
JAEPQZ010000012.1	sp|P46598|HSP90_CANAL	70.1	678	193	4	335106	333100	31	707	3.85e-293	906
JAEPQZ010000012.1	sp|P41887|HSP90_SCHPO	70.9	676	190	2	335106	333100	29	704	3.54e-291	900
JAEPQZ010000012.1	sp|P27323|HS901_ARATH	71.9	675	181	4	335106	333100	29	700	1.24e-289	896
JAEPQZ010000012.1	sp|P51819|HSP83_IPONI	72.0	674	180	4	335106	333100	34	703	2.23e-288	892
JAEPQZ010000012.1	sp|Q99024|AGUA_HYPJE	54.2	838	368	7	51796	54273	14	847	9.88e-288	897
JAEPQZ010000012.1	sp|P55737|HS902_ARATH	69.6	674	197	3	335106	333100	29	699	5.74e-287	888
JAEPQZ010000012.1	sp|P51818|HS903_ARATH	69.0	674	201	3	335106	333100	29	699	5.89e-285	882
JAEPQZ010000012.1	sp|A2YWQ1|HSP81_ORYSI	68.9	673	202	3	335106	333100	30	699	5.89e-285	882
JAEPQZ010000012.1	sp|Q0J4P2|HSP81_ORYSJ	68.9	673	202	3	335106	333100	30	699	5.89e-285	882
JAEPQZ010000012.1	sp|Q69QQ6|HSP82_ORYSJ	68.9	673	202	3	335106	333100	30	699	8.02e-285	882
JAEPQZ010000012.1	sp|Q07078|HSP83_ORYSJ	68.9	673	202	3	335106	333100	30	699	8.02e-285	882
JAEPQZ010000012.1	sp|P36181|HSP80_SOLLC	69.0	671	206	1	335106	333100	29	699	1.49e-284	881
JAEPQZ010000013.1	sp|Q99PV0|PRP8_MOUSE	71.0	2278	546	13	294656	301471	113	2282	0.0	3200
JAEPQZ010000013.1	sp|Q6P2Q9|PRP8_HUMAN	71.0	2278	546	13	294656	301471	113	2282	0.0	3199
JAEPQZ010000013.1	sp|P34369|PRP8_CAEEL	69.0	2282	588	13	294656	301471	103	2275	0.0	3117
JAEPQZ010000013.1	sp|Q9SSD2|PRP8A_ARATH	67.8	2287	604	11	294656	301471	137	2306	0.0	3098
JAEPQZ010000013.1	sp|Q9T0I6|PRP8B_ARATH	66.3	2290	637	12	294656	301471	135	2308	0.0	3013
JAEPQZ010000013.1	sp|Q8T295|PRP8_DICDI	65.2	2278	679	15	294656	301471	100	2270	0.0	2912
JAEPQZ010000013.1	sp|O14187|SPP42_SCHPO	63.3	2294	701	18	294659	301471	135	2310	0.0	2806
JAEPQZ010000013.1	sp|P33334|PRP8_YEAST	52.4	2299	942	26	294659	301471	187	2360	0.0	2285
JAEPQZ010000013.1	sp|O94313|CARB_SCHPO	67.9	1067	321	8	579267	582455	108	1156	0.0	1396
JAEPQZ010000013.1	sp|P46056|CARB_CUTCT	65.9	1072	338	13	579267	582455	97	1149	0.0	1340
JAEPQZ010000013.1	sp|P03965|CARB_YEAST	63.7	1082	361	11	579267	582461	50	1116	0.0	1312
JAEPQZ010000013.1	sp|Q75D66|CARB_ASHGO	60.2	1076	403	10	579267	582461	50	1111	0.0	1234
JAEPQZ010000013.1	sp|P07259|PYR1_YEAST	56.9	1047	420	13	579267	582380	460	1484	0.0	1137
JAEPQZ010000013.1	sp|Q09794|PYR1_SCHPO	57.0	1046	417	13	579267	582380	496	1516	0.0	1136
JAEPQZ010000013.1	sp|O93937|PYR1_EMENI	57.1	1049	413	13	579267	582380	502	1524	0.0	1129
JAEPQZ010000013.1	sp|P20054|PYR1_DICDI	56.2	1068	428	15	579267	582440	426	1463	0.0	1123
JAEPQZ010000013.1	sp|P05990|PYR1_DROME	56.8	1055	414	13	579267	582380	425	1454	0.0	1115
JAEPQZ010000013.1	sp|Q91437|PYR1_SQUAC	56.1	1053	423	14	579267	582380	418	1446	0.0	1108
JAEPQZ010000013.1	sp|P27708|PYR1_HUMAN	55.7	1051	433	14	579267	582389	415	1442	0.0	1082
JAEPQZ010000013.1	sp|P08955|PYR1_MESAU	55.5	1051	435	13	579267	582389	415	1442	0.0	1078
JAEPQZ010000013.1	sp|Q18990|PYR1_CAEEL	54.4	1059	443	12	579267	582380	412	1451	0.0	1077
JAEPQZ010000013.1	sp|B2RQC6|PYR1_MOUSE	55.5	1051	435	13	579267	582389	415	1442	0.0	1076
JAEPQZ010000013.1	sp|P31327|CPSM_HUMAN	52.4	1062	462	16	579267	582395	444	1481	0.0	1072
JAEPQZ010000013.1	sp|P07756|CPSM_RAT	52.4	1061	461	16	579267	582392	444	1479	0.0	1066
JAEPQZ010000013.1	sp|Q8C196|CPSM_MOUSE	51.9	1062	468	15	579267	582395	444	1481	0.0	1065
JAEPQZ010000014.1	sp|O75533|SF3B1_HUMAN	74.9	1030	234	9	551517	548470	286	1304	0.0	1442
JAEPQZ010000014.1	sp|Q99NB9|SF3B1_MOUSE	74.8	1030	235	9	551517	548470	286	1304	0.0	1441
JAEPQZ010000014.1	sp|O57683|SF3B1_XENLA	74.7	1030	236	9	551517	548470	289	1307	0.0	1436
JAEPQZ010000014.1	sp|Q10178|SF3B1_SCHPO	59.3	1214	411	11	552075	548470	63	1205	0.0	1323
JAEPQZ010000014.1	sp|Q9Y7K2|TOR2_SCHPO	37.3	2154	1170	18	586992	580594	246	2240	0.0	1197
JAEPQZ010000014.1	sp|Q86C65|TOR_DICDI	36.4	2207	1094	22	586992	580612	263	2240	0.0	1149
JAEPQZ010000014.1	sp|Q10490|SYLC_SCHPO	55.9	904	388	7	416012	418714	120	1015	0.0	1011
JAEPQZ010000014.1	sp|O94489|EF3_SCHPO	54.7	1001	416	12	124402	127329	12	1000	0.0	1000
JAEPQZ010000014.1	sp|O14356|TOR1_SCHPO	34.6	2157	1208	20	586992	580612	247	2231	4.22e-315	1032
JAEPQZ010000014.1	sp|P32600|TOR2_YEAST	34.0	2195	1210	25	586992	580621	343	2370	3.71e-307	1013
JAEPQZ010000014.1	sp|P10857|SYLC_NEUCR	54.1	919	398	12	416012	418720	130	1040	3.48e-305	959
JAEPQZ010000014.1	sp|P25997|EF3_CANAL	51.8	999	456	11	124396	127329	6	999	2.19e-302	948
JAEPQZ010000014.1	sp|O93796|EF3_CANGA	51.7	995	452	12	124402	127329	9	993	5.44e-301	944
JAEPQZ010000014.1	sp|P16521|EF3A_YEAST	50.8	998	456	12	124402	127329	9	993	1.57e-297	934
JAEPQZ010000014.1	sp|P29551|EF3_PNECA	52.2	993	439	11	124564	127467	61	1042	1.99e-297	933
JAEPQZ010000014.1	sp|Q75EV6|EF3_ASHGO	51.5	992	450	12	124414	127329	13	993	2.90e-297	933
JAEPQZ010000014.1	sp|P26637|SYLC_YEAST	53.0	909	405	12	416012	418720	112	1004	1.38e-296	933
JAEPQZ010000014.1	sp|P42345|MTOR_HUMAN	34.6	2212	1219	29	586989	580606	366	2434	9.49e-295	978
JAEPQZ010000014.1	sp|P42346|MTOR_RAT	34.6	2212	1220	28	586989	580606	366	2434	2.32e-294	977
JAEPQZ010000014.1	sp|Q9JLN9|MTOR_MOUSE	34.3	2212	1226	28	586989	580606	366	2434	3.13e-294	977
JAEPQZ010000014.1	sp|P53978|EF3B_YEAST	51.3	992	454	13	124411	127329	12	993	7.42e-293	920
JAEPQZ010000014.1	sp|P35169|TOR1_YEAST	32.7	2200	1239	24	586992	580621	332	2366	3.60e-290	962
JAEPQZ010000014.1	sp|Q12704|DPOG_SCHPO	48.5	950	441	13	503306	500550	44	976	1.54e-274	866
JAEPQZ010000014.1	sp|Q8BMJ2|SYLC_MOUSE	50.1	888	418	10	416012	418645	101	973	2.95e-274	872
JAEPQZ010000014.1	sp|Q5R614|SYLC_PONAB	50.6	888	414	12	416012	418645	99	971	3.75e-274	872
JAEPQZ010000015.1	sp|Q54YZ9|DHKJ_DICDI	59.3	1647	611	13	273223	278082	172	1785	0.0	1695
JAEPQZ010000015.1	sp|O13395|CHS6_USTMA	54.8	935	374	10	56709	59477	51	948	2.56e-318	999
JAEPQZ010000015.1	sp|Q09785|GCSP_SCHPO	61.4	751	275	3	99419	97209	278	1027	1.00e-306	959
JAEPQZ010000015.1	sp|J9VF17|CHS4_CRYNH	52.8	918	412	9	56676	59378	135	1048	2.23e-301	954
JAEPQZ010000015.1	sp|O49954|GCSP_SOLTU	61.1	743	281	3	99419	97212	279	1020	2.55e-301	944
JAEPQZ010000015.1	sp|O80988|GCSP2_ARATH	60.8	750	285	5	99419	97194	288	1036	5.58e-298	935
JAEPQZ010000015.1	sp|Q54KM7|GCSP_DICDI	59.0	768	306	4	99464	97188	227	994	4.04e-297	930
JAEPQZ010000015.1	sp|P26969|GCSP_PEA	61.2	743	279	3	99419	97212	301	1041	5.50e-297	932
JAEPQZ010000015.1	sp|Q91W43|GCSP_MOUSE	59.5	748	297	4	99419	97191	267	1013	2.95e-296	929
JAEPQZ010000015.1	sp|P15505|GCSP_CHICK	59.0	748	301	4	99419	97191	246	992	5.76e-295	924
JAEPQZ010000015.1	sp|O49850|GCSP_FLAAN	59.6	750	295	3	99419	97191	278	1026	8.69e-295	925
JAEPQZ010000015.1	sp|Q94B78|GCSP1_ARATH	59.7	752	293	4	99419	97188	282	1031	3.29e-294	924
JAEPQZ010000015.1	sp|P49361|GCSPA_FLAPR	59.5	750	296	3	99419	97191	281	1029	3.29e-294	924
JAEPQZ010000015.1	sp|P49362|GCSPB_FLAPR	59.3	750	297	3	99419	97191	278	1026	7.49e-294	922
JAEPQZ010000015.1	sp|O49852|GCSP_FLATR	59.5	750	296	3	99419	97191	278	1026	7.49e-294	922
JAEPQZ010000015.1	sp|P23378|GCSP_HUMAN	58.6	749	302	5	99419	97191	262	1008	8.59e-294	922
JAEPQZ010000015.1	sp|Q3BW89|GCSP_XANC5	60.1	746	288	4	99419	97182	216	951	1.41e-293	918
JAEPQZ010000015.1	sp|Q8YNF9|GCSP_NOSS1	59.1	765	292	5	99440	97191	224	982	2.08e-293	919
JAEPQZ010000015.1	sp|Q8DII3|GCSP_THEEB	60.6	742	279	4	99419	97200	221	951	1.22e-292	915
JAEPQZ010000015.1	sp|Q9LZQ9|DEAH2_ARATH	68.5	666	179	5	645666	643681	88	726	5.13e-292	904
JAEPQZ010000015.1	sp|O22899|PRP43_ARATH	69.2	653	171	3	645666	643720	92	718	4.96e-291	901
JAEPQZ010000015.1	sp|B2J427|GCSP_NOSP7	58.4	764	306	4	99440	97185	216	979	1.58e-290	910
JAEPQZ010000015.1	sp|Q2SFI6|GCSP_HAHCH	58.8	745	301	4	99419	97191	218	958	2.07e-290	909
JAEPQZ010000015.1	sp|Q3M9G1|GCSP_TRIV2	58.8	760	293	6	99440	97191	224	973	2.89e-289	907
JAEPQZ010000015.1	sp|B4SS67|GCSP_STRM5	59.6	747	292	4	99419	97179	216	952	3.78e-289	905
JAEPQZ010000016.1	sp|P15398|RPA1_SCHPO	48.5	1883	728	32	523247	528754	1	1688	0.0	1515
JAEPQZ010000016.1	sp|P10964|RPA1_YEAST	46.9	1615	673	26	524009	528730	187	1657	0.0	1327
JAEPQZ010000016.1	sp|O94489|EF3_SCHPO	56.1	1004	405	15	406400	403467	53	1046	0.0	1016
JAEPQZ010000016.1	sp|Q86H36|RPA1_DICDI	41.2	1456	704	24	524462	528739	281	1614	3.38e-306	981
JAEPQZ010000016.1	sp|P25997|EF3_CANAL	54.4	929	397	10	406289	403569	88	1011	1.93e-300	942
JAEPQZ010000016.1	sp|O93796|EF3_CANGA	51.4	999	456	12	406502	403569	16	1005	3.01e-300	941
JAEPQZ010000016.1	sp|Q75EV6|EF3_ASHGO	51.8	1006	452	14	406514	403563	13	1007	8.58e-299	937
JAEPQZ010000016.1	sp|P53978|EF3B_YEAST	50.3	1030	480	14	406547	403524	2	1021	1.18e-296	931
JAEPQZ010000016.1	sp|P16521|EF3A_YEAST	50.0	1014	476	14	406547	403569	2	1005	4.07e-294	924
JAEPQZ010000016.1	sp|P87144|SYTC_SCHPO	64.8	662	223	4	31205	29238	44	701	1.16e-292	904
JAEPQZ010000016.1	sp|P29551|EF3_PNECA	50.3	1002	461	12	406391	403461	53	1042	3.33e-289	909
JAEPQZ010000016.1	sp|O35134|RPA1_MOUSE	38.0	1700	787	35	524006	528739	162	1716	1.15e-286	928
JAEPQZ010000016.1	sp|O95602|RPA1_HUMAN	40.0	1560	723	31	524438	528739	247	1719	1.42e-285	925
JAEPQZ010000016.1	sp|O54889|RPA1_RAT	39.7	1556	722	31	524438	528739	254	1715	7.89e-285	923
JAEPQZ010000016.1	sp|P04801|SYTC_YEAST	61.9	669	233	4	31202	29238	71	731	2.24e-280	870
JAEPQZ010000016.1	sp|Q5TTG1|VATA_ANOGA	73.0	566	128	3	368697	367009	41	584	3.72e-271	838
JAEPQZ010000016.1	sp|P31400|VATA_MANSE	72.3	566	132	3	368697	367009	44	587	1.43e-270	837
JAEPQZ010000016.1	sp|O16109|VATA_AEDAE	72.6	566	130	3	368697	367009	41	584	7.08e-269	832
JAEPQZ010000016.1	sp|Q2TJ56|VATA_AEDAL	72.6	566	130	3	368697	367009	41	584	7.08e-269	832
JAEPQZ010000016.1	sp|Q27331|VATA2_DROME	72.3	566	132	3	368697	367009	41	584	8.38e-268	829
JAEPQZ010000016.1	sp|Q9XW92|VATA_CAEEL	72.1	566	134	4	368697	367009	32	576	1.00e-266	825
JAEPQZ010000016.1	sp|P38606|VATA_HUMAN	73.5	566	126	4	368697	367009	43	587	2.80e-266	825
JAEPQZ010000016.1	sp|Q61VZ4|VATA_CAEBR	72.1	566	134	4	368697	367009	32	576	3.46e-266	824
JAEPQZ010000016.1	sp|Q5R5H2|VATA_PONAB	73.3	566	127	4	368697	367009	43	587	7.06e-266	823
JAEPQZ010000016.1	sp|P31404|VATA_BOVIN	73.0	566	129	4	368697	367009	43	587	6.13e-265	821
JAEPQZ010000017.1	sp|Q9Z2Q4|METH_RAT	42.4	1393	616	16	132721	136851	31	1252	1.67e-310	979
JAEPQZ010000017.1	sp|A6H5Y3|METH_MOUSE	42.1	1398	613	18	132721	136851	31	1252	2.64e-307	970
JAEPQZ010000017.1	sp|Q4JIJ3|METH_BOVIN	41.9	1382	619	13	132748	136851	53	1264	9.77e-305	963
JAEPQZ010000017.1	sp|Q99707|METH_HUMAN	41.9	1406	585	19	132748	136851	53	1264	1.32e-300	951
JAEPQZ010000017.1	sp|Q09582|METH_CAEEL	41.1	1380	629	17	132748	136851	41	1248	4.76e-284	903
JAEPQZ010000017.1	sp|Q54P92|METH_DICDI	46.6	1089	436	11	133666	136848	284	1254	3.63e-282	898
JAEPQZ010000017.1	sp|A8XY95|METH_CAEBR	39.7	1439	587	24	132748	136848	41	1271	8.46e-277	883
JAEPQZ010000017.1	sp|P05472|RPOL_KLULA	42.3	1032	517	24	555542	552504	10	982	6.93e-239	761
JAEPQZ010000017.1	sp|Q7MHB1|METH_VIBVY	37.1	1406	618	19	132742	136827	38	1220	2.33e-238	769
JAEPQZ010000017.1	sp|Q8DCJ7|METH_VIBVU	37.0	1406	619	19	132742	136827	38	1220	7.91e-238	768
JAEPQZ010000017.1	sp|Q87L95|METH_VIBPA	36.9	1407	619	19	132742	136827	38	1220	3.56e-235	760
JAEPQZ010000017.1	sp|Q5E814|METH_ALIF1	36.9	1405	622	19	132742	136827	39	1221	4.84e-235	760
JAEPQZ010000017.1	sp|P13009|METH_ECOLI	36.8	1417	646	20	132703	136848	24	1225	4.98e-235	760
JAEPQZ010000017.1	sp|P37586|METH_SALTY	37.0	1399	637	22	132748	136848	39	1225	2.64e-233	755
JAEPQZ010000017.1	sp|Q9AJQ8|METH_ALIFS	36.7	1405	625	19	132742	136827	39	1221	6.42e-233	754
JAEPQZ010000017.1	sp|Q9KUW9|METH_VIBCH	37.2	1403	622	23	132742	136830	38	1221	6.42e-233	754
JAEPQZ010000017.1	sp|Q9I2Q2|METH_PSEAE	36.3	1440	622	19	132703	136848	31	1233	1.68e-229	744
JAEPQZ010000017.1	sp|O34309|PPS_BACSU	40.6	899	496	13	197475	200159	2	866	5.50e-198	639
JAEPQZ010000017.1	sp|Q0CMA7|AGDC_ASPTN	53.1	590	224	10	208378	206618	320	859	5.88e-184	598
JAEPQZ010000017.1	sp|B8MZ41|AGDC_ASPFN	50.9	584	229	9	208378	206636	316	844	3.85e-174	570
JAEPQZ010000017.1	sp|Q2UQV7|AGDC_ASPOR	50.9	584	229	9	208378	206636	316	844	3.85e-174	570
JAEPQZ010000017.1	sp|A1CNK4|AGDC_ASPCL	49.4	589	241	7	208378	206618	316	849	5.21e-174	570
JAEPQZ010000017.1	sp|A1D1E6|AGDC_NEOFI	48.4	626	259	10	208378	206510	316	880	1.09e-173	569
JAEPQZ010000017.1	sp|B0XNL6|AGDC_ASPFC	49.8	584	234	8	208378	206636	316	843	6.83e-173	566
JAEPQZ010000017.1	sp|Q4WRH9|AGDC_ASPFU	49.8	584	234	8	208378	206636	316	843	6.83e-173	566
JAEPQZ010000018.1	sp|P55251|LEUC_RHIPU	77.8	756	165	3	499098	501365	3	755	0.0	1184
JAEPQZ010000018.1	sp|P18250|LEUC_PHYB8	73.7	763	173	9	499098	501365	3	744	0.0	1112
JAEPQZ010000018.1	sp|P55811|LEUC_RHINI	72.1	756	203	5	499098	501365	3	750	0.0	1082
JAEPQZ010000018.1	sp|O14289|LEUC_SCHPO	67.6	763	239	6	499080	501365	3	758	0.0	1008
JAEPQZ010000018.1	sp|P49601|LEUC_USTMA	65.5	747	245	5	499095	501299	3	748	5.50e-315	971
JAEPQZ010000018.1	sp|P07264|LEUC_YEAST	64.0	773	250	11	499086	501356	6	766	1.18e-307	951
JAEPQZ010000018.1	sp|Q74ZM9|LEUC_ASHGO	63.3	769	254	8	499098	501347	7	766	8.15e-304	939
JAEPQZ010000018.1	sp|O75005|SYV_SCHPO	51.7	919	357	5	10216	7463	88	920	1.56e-300	939
JAEPQZ010000018.1	sp|Q00464|LEUC_CANMA	62.1	767	255	10	499095	501329	3	755	8.67e-293	907
JAEPQZ010000018.1	sp|P17279|LEUC_MUCCL	75.2	602	131	4	499074	500867	42	629	7.81e-290	893
JAEPQZ010000018.1	sp|P07806|SYV_YEAST	48.4	934	394	5	10225	7427	136	982	9.54e-286	902
JAEPQZ010000018.1	sp|Q86KU2|SYVC_DICDI	46.0	940	394	12	10201	7436	103	946	9.79e-247	788
JAEPQZ010000018.1	sp|Q9Z1Q9|SYVC_MOUSE	45.1	947	381	13	10216	7469	290	1128	1.46e-244	789
JAEPQZ010000018.1	sp|Q04462|SYVC_RAT	44.9	947	383	13	10216	7469	291	1129	1.73e-243	786
JAEPQZ010000018.1	sp|P26640|SYVC_HUMAN	44.2	950	385	14	10216	7469	291	1129	6.62e-240	775
JAEPQZ010000018.1	sp|P49696|SYVC_TAKRU	44.1	951	393	14	10216	7463	240	1084	1.29e-233	755
JAEPQZ010000018.1	sp|P28350|SYV_NEUCR	44.6	919	411	12	10189	7445	140	964	2.45e-232	747
JAEPQZ010000018.1	sp|O13682|SWR1_SCHPO	47.8	926	390	15	447789	450524	436	1282	1.20e-231	752
JAEPQZ010000018.1	sp|Q4P328|SWR1_USTMA	49.4	924	371	17	447801	450524	983	1825	4.70e-229	763
JAEPQZ010000018.1	sp|Q6BKC2|SWR1_DEBHA	48.0	928	368	20	447798	450512	773	1608	6.63e-228	753
JAEPQZ010000018.1	sp|P93736|SYVM1_ARATH	44.9	920	399	13	10213	7493	132	956	9.53e-228	734
JAEPQZ010000018.1	sp|Q9U1Q4|SYV_CAEEL	43.6	932	410	13	10204	7469	78	913	8.43e-227	729
JAEPQZ010000018.1	sp|Q59U81|SWR1_CANAL	49.0	929	341	23	447798	450512	815	1634	3.45e-226	748
JAEPQZ010000018.1	sp|Q6CJ38|SWR1_KLULA	49.4	846	341	15	447798	450296	757	1528	1.03e-224	742
JAEPQZ010000018.1	sp|Q6CA87|SWR1_YARLI	47.3	952	378	19	447801	450530	902	1771	1.23e-223	745
JAEPQZ010000019.1	sp|Q4P9K9|CHS8_USTMA	44.8	1751	825	27	53372	58447	10	1677	0.0	1373
JAEPQZ010000019.1	sp|J9VNT4|CHS5_CRYNH	43.6	1753	828	33	53366	58447	14	1665	0.0	1283
JAEPQZ010000019.1	sp|O13395|CHS6_USTMA	53.3	790	321	10	56138	58447	58	819	1.12e-255	818
JAEPQZ010000019.1	sp|O60037|6PGD_CUNEL	85.7	435	61	1	46556	45255	51	485	4.11e-249	769
JAEPQZ010000019.1	sp|J9VF17|CHS4_CRYNH	49.6	830	378	12	56033	58447	104	918	1.24e-244	789
JAEPQZ010000019.1	sp|P00349|6PGD_SHEEP	69.9	435	130	1	46556	45255	49	483	1.40e-202	635
JAEPQZ010000019.1	sp|Q9DCD0|6PGD_MOUSE	69.7	435	131	1	46556	45255	49	483	2.60e-202	634
JAEPQZ010000019.1	sp|P85968|6PGD_RAT	69.7	435	131	1	46556	45255	49	483	8.96e-202	633
JAEPQZ010000019.1	sp|P52209|6PGD_HUMAN	69.2	435	133	1	46556	45255	49	483	3.08e-201	631
JAEPQZ010000019.1	sp|Q54EW1|GLYC2_DICDI	67.3	444	134	3	309726	311030	38	479	2.49e-200	629
JAEPQZ010000019.1	sp|P41572|6PGD_DROME	72.1	433	119	2	46553	45255	51	481	3.39e-200	628
JAEPQZ010000019.1	sp|O13287|6PGD_CANAX	70.7	447	115	5	46556	45255	74	517	2.32e-199	627
JAEPQZ010000019.1	sp|P41570|6PGD_CERCA	72.1	434	119	2	46556	45255	50	481	1.01e-198	624
JAEPQZ010000019.1	sp|P38720|6PGD1_YEAST	71.4	444	115	3	46556	45255	48	489	1.85e-198	624
JAEPQZ010000019.1	sp|P41573|6PGD_DROSI	70.7	434	125	2	46556	45255	50	481	6.47e-198	622
JAEPQZ010000019.1	sp|P78812|6PGD_SCHPO	69.0	442	128	3	46556	45255	52	492	9.90e-196	616
JAEPQZ010000019.1	sp|Q8CFQ3|AQR_MOUSE	51.5	649	291	9	344374	346290	430	1064	1.74e-193	647
JAEPQZ010000019.1	sp|O60306|AQR_HUMAN	51.6	644	294	8	344374	346290	430	1060	4.73e-193	646
JAEPQZ010000019.1	sp|Q17761|6PGD_CAEEL	66.5	436	144	1	46556	45255	49	484	1.67e-192	606
JAEPQZ010000019.1	sp|P53319|6PGD2_YEAST	68.0	444	130	3	46556	45255	51	492	1.04e-191	604
JAEPQZ010000019.1	sp|O23254|GLYC4_ARATH	61.0	469	170	4	309681	311051	1	468	1.38e-183	580
JAEPQZ010000019.1	sp|Q54Z26|GLYC1_DICDI	62.2	452	159	4	309705	311030	7	456	1.34e-182	577
JAEPQZ010000019.1	sp|Q9SVM4|GLYC5_ARATH	59.6	463	174	4	309681	311033	1	462	8.71e-181	572
JAEPQZ010000019.1	sp|P43774|6PGD_HAEIN	61.3	434	165	3	46556	45261	50	482	6.15e-175	556
JAEPQZ010000019.1	sp|Q7VMX4|6PGD_HAEDU	60.7	433	167	3	46553	45261	51	482	1.84e-173	551
JAEPQZ010000020.1	sp|Q8T673|ABCGL_DICDI	49.5	1467	687	11	322994	318624	27	1449	0.0	1416
JAEPQZ010000020.1	sp|Q8T683|ABCG9_DICDI	51.4	1419	637	11	322838	318624	69	1448	0.0	1402
JAEPQZ010000020.1	sp|Q8T675|ABCGJ_DICDI	50.2	1409	658	10	322817	318624	73	1449	0.0	1388
JAEPQZ010000020.1	sp|Q55DQ2|ABCGB_DICDI	50.8	1404	647	12	322796	318624	70	1442	0.0	1380
JAEPQZ010000020.1	sp|Q55DR1|ABCGE_DICDI	50.4	1417	651	15	322826	318624	59	1439	0.0	1377
JAEPQZ010000020.1	sp|Q54CG0|ABCGA_DICDI	49.1	1421	663	14	322814	318624	82	1466	0.0	1343
JAEPQZ010000020.1	sp|Q556W2|ABCGH_DICDI	49.4	1410	666	9	322796	318624	95	1476	0.0	1327
JAEPQZ010000020.1	sp|Q55GB1|ABCGF_DICDI	48.8	1421	675	15	322832	318624	89	1475	0.0	1318
JAEPQZ010000020.1	sp|O14228|PUR4_SCHPO	61.6	1035	374	12	34995	31930	298	1322	0.0	1273
JAEPQZ010000020.1	sp|P38972|PUR4_YEAST	58.8	1040	397	13	34995	31930	331	1357	0.0	1195
JAEPQZ010000020.1	sp|P40976|LYS2_SCHPO	48.9	1366	590	27	98410	94379	130	1409	0.0	1192
JAEPQZ010000020.1	sp|Q8DF81|PUR4_VIBVU	59.6	1025	384	14	34995	31939	293	1293	0.0	1188
JAEPQZ010000020.1	sp|Q9HXN2|PUR4_PSEAE	58.9	1028	397	11	34995	31927	291	1298	0.0	1185
JAEPQZ010000020.1	sp|Q7MN70|PUR4_VIBVY	59.4	1025	386	13	34995	31939	293	1293	0.0	1185
JAEPQZ010000020.1	sp|Q4KHS6|PUR4_PSEF5	58.8	1027	398	10	34995	31930	291	1297	0.0	1185
JAEPQZ010000020.1	sp|Q2SK05|PUR4_HAHCH	59.1	1028	391	12	34995	31930	293	1297	0.0	1182
JAEPQZ010000020.1	sp|Q886W6|PUR4_PSESM	59.2	1027	394	11	34995	31930	291	1297	0.0	1180
JAEPQZ010000020.1	sp|Q87RW0|PUR4_VIBPA	58.9	1028	391	12	34995	31939	293	1298	0.0	1180
JAEPQZ010000020.1	sp|Q3KHL4|PUR4_PSEPF	58.0	1027	406	10	34995	31930	291	1297	0.0	1179
JAEPQZ010000020.1	sp|Q4ZX02|PUR4_PSEU2	59.1	1027	395	11	34995	31930	291	1297	0.0	1179
JAEPQZ010000020.1	sp|Q48LX3|PUR4_PSE14	59.2	1027	394	11	34995	31930	291	1297	0.0	1179
JAEPQZ010000020.1	sp|Q5QWY0|PUR4_IDILO	59.2	1023	391	10	34995	31939	291	1291	0.0	1178
JAEPQZ010000020.1	sp|Q88P16|PUR4_PSEPK	59.3	1027	394	10	34995	31930	291	1298	0.0	1177
JAEPQZ010000020.1	sp|Q9KTN2|PUR4_VIBCH	58.3	1023	401	11	34995	31939	293	1293	0.0	1174
JAEPQZ010000020.1	sp|Q3YYZ8|PUR4_SHISS	58.4	1022	399	11	34995	31939	293	1291	0.0	1172
JAEPQZ010000003.1	sp|P38811|TRA1_YEAST	38.5	3085	1657	48	320893	311867	246	3165	0.0	1959
JAEPQZ010000003.1	sp|Q9HFE8|TRA1_SCHPO	35.6	3073	1687	38	320905	311867	256	3095	0.0	1777
JAEPQZ010000003.1	sp|Q10064|YAMB_SCHPO	35.0	2997	1687	34	320764	311867	269	3033	0.0	1689
JAEPQZ010000003.1	sp|Q9Y4A5|TRRAP_HUMAN	31.1	3207	1823	66	320758	311726	273	3288	0.0	1390
JAEPQZ010000003.1	sp|A0A0R4ITC5|TRRAP_DANRE	31.8	3130	1793	67	320758	311867	273	3227	0.0	1381
JAEPQZ010000003.1	sp|Q8I8U7|TRA1_DROME	30.1	3142	1797	74	320788	311867	252	3161	0.0	1259
JAEPQZ010000003.1	sp|P28295|EF1A_ABSGL	90.4	481	22	1	1191662	1193104	2	458	1.41e-284	871
JAEPQZ010000003.1	sp|Q14562|DHX8_HUMAN	48.1	1140	465	16	115352	118603	20	1088	6.44e-281	894
JAEPQZ010000003.1	sp|P14864|EF1A2_MUCCL	89.6	481	26	1	1191662	1193104	2	458	9.66e-280	857
JAEPQZ010000003.1	sp|P06805|EF1A1_MUCCL	89.4	481	27	1	1191662	1193104	2	458	3.33e-279	855
JAEPQZ010000003.1	sp|A2A4P0|DHX8_MOUSE	47.3	1166	460	17	115352	118603	20	1112	5.48e-279	889
JAEPQZ010000003.1	sp|P14865|EF1A3_MUCCL	89.4	481	26	2	1191662	1193104	2	457	1.78e-277	850
JAEPQZ010000003.1	sp|Q9UT19|METE_SCHPO	55.7	770	331	6	235191	232888	1	762	1.16e-270	845
JAEPQZ010000003.1	sp|Q12649|HMDH_PHYB8	62.9	750	212	9	1551014	1548810	469	1167	1.12e-269	860
JAEPQZ010000003.1	sp|A1Z9L3|DHX8_DROME	47.3	1198	429	21	115349	118603	1	1109	2.66e-269	861
JAEPQZ010000003.1	sp|A5DPE3|EF1A_PICGU	84.6	481	50	1	1191662	1193104	2	458	4.66e-268	823
JAEPQZ010000003.1	sp|Q54F05|DHX8_DICDI	46.4	1135	451	12	115358	118603	1	1031	3.10e-267	852
JAEPQZ010000003.1	sp|O42820|EF1A_SCHCO	84.9	482	48	2	1191662	1193104	2	459	9.63e-266	817
JAEPQZ010000003.1	sp|P0CY35|EF1A1_CANAL	83.6	481	55	1	1191662	1193104	2	458	7.77e-265	814
JAEPQZ010000003.1	sp|Q59QD6|EF1A2_CANAL	83.6	481	55	1	1191662	1193104	2	458	7.77e-265	814
JAEPQZ010000003.1	sp|O14139|HRP3_SCHPO	40.0	1289	689	16	1415588	1411842	145	1388	8.68e-262	845
JAEPQZ010000003.1	sp|P0CN31|EF1A_CRYNB	82.5	481	60	1	1191662	1193104	2	458	2.18e-260	801
JAEPQZ010000003.1	sp|P0CN30|EF1A_CRYNJ	82.5	481	60	1	1191662	1193104	2	458	2.18e-260	801
JAEPQZ010000003.1	sp|Q9US25|HRP1_SCHPO	46.4	1005	495	13	1415333	1412367	224	1200	4.00e-260	840
JAEPQZ010000003.1	sp|P41752|EF1A_ASHGO	82.3	481	61	1	1191662	1193104	2	458	1.17e-258	796
JAEPQZ010000021.1	sp|C8VG90|ACON_EMENI	75.3	632	156	0	71044	69149	61	692	0.0	994
JAEPQZ010000021.1	sp|Q4WLN1|ACON_ASPFU	75.5	632	155	0	71044	69149	63	694	0.0	991
JAEPQZ010000021.1	sp|D4AT77|ACON_ARTBC	74.5	632	161	0	71044	69149	54	685	0.0	989
JAEPQZ010000021.1	sp|O13966|ACON_SCHPO	65.2	738	196	3	71356	69149	17	695	5.19e-315	972
JAEPQZ010000021.1	sp|P82611|ACON_CANAL	71.2	642	184	1	71071	69149	46	687	1.64e-310	958
JAEPQZ010000021.1	sp|Q99KI0|ACON_MOUSE	72.0	632	177	0	71044	69149	58	689	8.77e-308	951
JAEPQZ010000021.1	sp|P20004|ACON_BOVIN	65.1	717	192	1	71299	69149	31	689	1.19e-307	950
JAEPQZ010000021.1	sp|Q9ER34|ACON_RAT	71.8	632	178	0	71044	69149	58	689	3.01e-307	949
JAEPQZ010000021.1	sp|Q99798|ACON_HUMAN	65.3	717	191	1	71299	69149	31	689	7.60e-307	948
JAEPQZ010000021.1	sp|P16276|ACON_PIG	71.7	632	179	0	71044	69149	58	689	6.84e-306	945
JAEPQZ010000021.1	sp|P49609|ACON_GRAGA	71.5	632	179	1	71044	69149	57	687	7.68e-303	936
JAEPQZ010000021.1	sp|P19414|ACON_YEAST	69.5	633	192	1	71044	69149	54	686	2.60e-300	929
JAEPQZ010000021.1	sp|P34455|ACON_CAEEL	62.9	730	209	3	71335	69149	15	683	1.60e-299	927
JAEPQZ010000021.1	sp|Q54XS2|ACON_DICDI	69.1	635	195	1	71053	69149	43	676	8.57e-295	913
JAEPQZ010000021.1	sp|Q5B6D6|ACON2_EMENI	58.8	645	250	5	71038	69149	61	704	3.40e-242	763
JAEPQZ010000021.1	sp|Q4WJ90|ACON2_ASPFU	58.6	647	248	6	71038	69149	61	704	8.21e-241	759
JAEPQZ010000021.1	sp|P39533|ACON2_YEAST	57.8	644	255	7	71038	69149	51	691	6.83e-240	756
JAEPQZ010000021.1	sp|Q9P7D4|ACON2_SCHPO	56.8	641	263	5	71035	69149	61	699	2.55e-229	731
JAEPQZ010000021.1	sp|Q10250|YD22_SCHPO	35.6	1162	631	21	57987	61370	126	1204	3.79e-200	667
JAEPQZ010000021.1	sp|Q1E3N5|NM111_COCIM	39.1	936	511	15	123190	120425	107	997	3.87e-193	630
JAEPQZ010000021.1	sp|B6H6L7|PCEST_PENRW	71.3	400	114	1	211797	212996	1	399	5.29e-191	598
JAEPQZ010000021.1	sp|Q2TYB1|NM111_ASPOR	38.7	934	511	15	123190	120437	99	986	6.52e-190	621
JAEPQZ010000021.1	sp|A6RG85|NM111_AJECN	38.5	932	514	15	123190	120437	103	989	4.20e-189	619
JAEPQZ010000021.1	sp|A1CUK5|NM111_ASPCL	38.8	936	509	16	123190	120434	100	988	1.42e-188	617
JAEPQZ010000021.1	sp|Q0CSC0|NM111_ASPTN	38.2	936	513	16	123190	120437	100	988	1.91e-188	617
JAEPQZ010000022.1	sp|K0E3U9|ECDD_ASPRU	61.9	485	168	5	39197	37782	22	502	3.34e-189	598
JAEPQZ010000022.1	sp|Q92253|RCO3_NEUCR	55.0	480	205	5	39191	37779	27	504	3.20e-157	509
JAEPQZ010000022.1	sp|I1BRD6|FTR1_RHIO9	71.7	314	84	2	232964	232026	2	311	1.86e-141	454
JAEPQZ010000022.1	sp|O54694|SPTC2_CRIGR	63.6	343	125	0	86563	87591	175	517	5.28e-141	461
JAEPQZ010000022.1	sp|P97363|SPTC2_MOUSE	63.3	343	126	0	86563	87591	175	517	2.46e-140	459
JAEPQZ010000022.1	sp|Q3B7D2|SPTC2_RAT	63.0	343	127	0	86563	87591	175	517	1.14e-139	457
JAEPQZ010000022.1	sp|O15270|SPTC2_HUMAN	62.4	343	129	0	86563	87591	177	519	5.69e-139	455
JAEPQZ010000022.1	sp|Q7LKZ7|BPH1_SCHPO	47.9	583	269	10	43900	42188	1727	2286	2.07e-135	488
JAEPQZ010000022.1	sp|P14068|XPO1_SCHPO	44.6	587	242	7	115076	116788	292	811	2.14e-135	463
JAEPQZ010000022.1	sp|Q8IZQ1|WDFY3_HUMAN	44.6	581	291	9	43912	42182	2517	3070	1.61e-131	476
JAEPQZ010000022.1	sp|Q6VNB8|WDFY3_MOUSE	44.4	581	292	9	43912	42182	2499	3052	2.09e-131	476
JAEPQZ010000022.1	sp|Q54EX5|SPTC2_DICDI	57.7	345	146	0	86563	87597	119	463	8.82e-131	428
JAEPQZ010000022.1	sp|A1ZAJ2|KIF1A_DROME	28.8	1478	768	34	221318	225466	108	1396	5.61e-128	455
JAEPQZ010000022.1	sp|P30822|XPO1_YEAST	39.3	664	296	9	115076	117010	296	871	9.40e-128	441
JAEPQZ010000022.1	sp|Q2R3K3|LCB2A_ORYSJ	57.7	345	146	0	86563	87597	109	453	9.85e-128	419
JAEPQZ010000022.1	sp|Q5JK39|LCB2D_ORYSJ	58.0	345	145	0	86563	87597	109	453	1.88e-127	419
JAEPQZ010000022.1	sp|Q28WQ1|KIF1A_DROPS	28.8	1476	771	36	221318	225466	108	1396	5.74e-127	452
JAEPQZ010000022.1	sp|Q9LSZ9|LCB2A_ARATH	56.5	345	150	0	86563	87597	109	453	1.20e-126	416
JAEPQZ010000022.1	sp|Q7PHR1|KIF1A_ANOGA	29.0	1474	742	35	221318	225412	108	1385	1.72e-126	450
JAEPQZ010000022.1	sp|Q17BU3|KIF1A_AEDAE	29.0	1477	740	37	221318	225412	108	1387	3.07e-126	449
JAEPQZ010000022.1	sp|Q9NUV7|SPTC3_HUMAN	56.0	348	153	0	86563	87606	169	516	5.04e-126	417
JAEPQZ010000022.1	sp|Q8RYL0|LCB2C_ORYSJ	57.1	345	148	0	86563	87597	117	461	1.34e-125	414
JAEPQZ010000022.1	sp|Q8RYL1|LCB2B_ORYSJ	55.9	345	152	0	86563	87597	120	464	9.11e-125	411
JAEPQZ010000022.1	sp|Q9M304|LCB2B_ARATH	55.9	345	152	0	86563	87597	109	453	2.24e-124	410
JAEPQZ010000022.1	sp|Q55DM1|LVSA_DICDI	43.1	596	272	13	43918	42182	2799	3344	3.73e-124	452
JAEPQZ010000023.1	sp|G4N2A8|MFS1_MAGO7	35.2	531	291	8	21022	22476	88	611	3.55e-80	284
JAEPQZ010000023.1	sp|P37967|PNBA_BACSU	33.3	469	251	18	15152	16468	9	445	6.61e-52	197
JAEPQZ010000023.1	sp|P86325|EST1_THEFU	29.8	503	295	16	15137	16537	3	483	6.08e-46	180
JAEPQZ010000023.1	sp|Q47M62|EST1_THEFY	29.8	503	295	16	15137	16537	3	483	1.11e-45	179
JAEPQZ010000023.1	sp|D2D3B6|FUMD_SPHMC	28.2	522	296	16	15137	16582	54	536	3.29e-42	170
JAEPQZ010000023.1	sp|Q9NDG8|ACE4_CAEBR	38.6	251	128	8	15137	15826	27	272	8.22e-38	158
JAEPQZ010000023.1	sp|Q01470|PCD_PSEOX	28.8	479	289	18	15182	16537	20	473	6.86e-37	153
JAEPQZ010000023.1	sp|G3V7J5|EST2E_RAT	42.6	223	103	9	15140	15739	43	263	2.21e-36	153
JAEPQZ010000023.1	sp|Q8BK48|EST2E_MOUSE	44.1	220	96	8	15146	15739	40	254	2.64e-36	152
JAEPQZ010000023.1	sp|Q91WG0|EST2C_MOUSE	42.9	217	103	8	15146	15739	42	256	4.89e-36	152
JAEPQZ010000023.1	sp|P0C6R3|EST4A_BOVIN	28.4	521	306	18	15158	16558	34	541	4.37e-35	149
JAEPQZ010000023.1	sp|Q8QZR3|EST2A_MOUSE	41.4	222	107	7	15140	15739	33	253	4.89e-35	149
JAEPQZ010000023.1	sp|Q8K3R0|EST2A_RAT	40.5	222	109	7	15140	15739	33	253	2.11e-34	147
JAEPQZ010000023.1	sp|O00748|EST2_HUMAN	29.2	486	284	20	15164	16504	48	512	9.21e-34	145
JAEPQZ010000023.1	sp|P14943|EST2_RABIT	41.3	223	106	7	15140	15739	7	227	2.75e-33	143
JAEPQZ010000023.1	sp|Q8R0W5|EST4A_MOUSE	41.4	215	102	8	15152	15730	39	251	5.58e-33	142
JAEPQZ010000023.1	sp|P21837|CRYS_DICDI	28.1	484	298	17	15149	16510	38	501	6.31e-33	142
JAEPQZ010000023.1	sp|P06276|CHLE_HUMAN	36.7	226	121	7	15137	15751	32	256	2.11e-31	138
JAEPQZ010000023.1	sp|Q5XG92|EST4A_HUMAN	27.5	517	290	22	15158	16510	34	531	4.25e-31	137
JAEPQZ010000023.1	sp|Q04791|SASB_ANAPL	38.1	231	116	7	15158	15775	37	265	7.25e-31	136
JAEPQZ010000023.1	sp|Q03311|CHLE_MOUSE	39.0	213	112	5	15188	15775	54	265	8.96e-31	136
JAEPQZ010000023.1	sp|P21927|CHLE_RABIT	39.8	201	103	6	15188	15739	32	231	1.27e-30	135
JAEPQZ010000023.1	sp|O42275|ACES_ELEEL	42.8	201	98	4	15188	15739	51	251	8.72e-30	134
JAEPQZ010000023.1	sp|Q9DDE3|ACES_DANRE	42.3	201	99	5	15188	15739	51	251	8.79e-30	134
JAEPQZ010000023.1	sp|P10959|EST1C_RAT	42.4	217	98	7	15155	15730	30	244	1.20e-29	132
JAEPQZ010000024.1	sp|P80440|COX1_ALLMA	81.0	532	99	1	5886	4297	5	536	5.79e-289	882
JAEPQZ010000024.1	sp|Q0H8Y4|COX1_USTMA	80.0	529	104	2	5880	4297	1	528	7.36e-284	867
JAEPQZ010000024.1	sp|P24794|COX1_BETVU	73.9	529	125	2	5886	4303	2	518	6.31e-264	810
JAEPQZ010000024.1	sp|P60620|COX1_ARATH	73.7	529	126	2	5886	4303	2	518	1.14e-262	806
JAEPQZ010000024.1	sp|P60621|COX1_RAPSA	73.7	529	126	2	5886	4303	2	518	1.14e-262	806
JAEPQZ010000024.1	sp|P26856|COX1_MARPO	74.0	524	123	2	5874	4303	7	517	3.25e-262	805
JAEPQZ010000024.1	sp|P68540|COX1_AEGCO	73.5	529	127	2	5886	4303	2	518	6.50e-262	804
JAEPQZ010000024.1	sp|P68539|COX1_WHEAT	73.5	529	127	2	5886	4303	2	518	6.50e-262	804
JAEPQZ010000024.1	sp|P14578|COX1_ORYSJ	73.2	529	129	2	5886	4303	2	518	2.24e-261	802
JAEPQZ010000024.1	sp|P08742|COX1_MAIZE	73.2	529	129	2	5886	4303	2	518	2.60e-261	802
JAEPQZ010000024.1	sp|P05502|COX1_SORBI	73.2	529	129	2	5886	4303	2	518	2.80e-261	802
JAEPQZ010000024.1	sp|Q05143|COX1_PROWI	74.3	526	122	4	5880	4303	2	514	7.45e-259	795
JAEPQZ010000024.1	sp|P48866|COX1_CHOCR	71.1	529	144	3	5889	4303	6	525	2.49e-253	780
JAEPQZ010000024.1	sp|P03945|COX1_NEUCR	71.7	527	145	3	5874	4297	10	533	4.01e-252	777
JAEPQZ010000024.1	sp|P20681|COX1_PODAN	71.7	527	145	3	5874	4297	11	534	2.29e-250	771
JAEPQZ010000024.1	sp|Q35101|COX1_METSE	72.6	526	128	4	5880	4306	6	516	1.32e-249	769
JAEPQZ010000024.1	sp|P07506|COX1_SOYBN	71.5	530	136	3	5886	4303	2	518	1.61e-249	768
JAEPQZ010000024.1	sp|Q02211|COX1_PHYME	76.0	475	114	0	5880	4456	10	484	5.20e-249	765
JAEPQZ010000024.1	sp|P12786|COX1_PEA	70.9	530	139	3	5886	4303	2	518	1.66e-247	763
JAEPQZ010000024.1	sp|P00402|COX1_EMEND	71.2	532	149	3	5889	4297	39	567	9.87e-247	762
JAEPQZ010000024.1	sp|Q37370|COX1_ACACA	78.3	470	102	0	5874	4465	17	486	4.03e-243	765
JAEPQZ010000024.1	sp|P08743|COX1_OENBE	69.8	530	145	3	5886	4303	2	518	2.08e-242	748
JAEPQZ010000024.1	sp|Q01555|COX1_TRIRU	70.4	527	152	3	5874	4297	5	528	1.38e-241	746
JAEPQZ010000024.1	sp|P48867|COX1_CYACA	66.0	524	170	2	5874	4303	7	522	6.00e-241	744
JAEPQZ010000024.1	sp|A6H4Q6|COX1_VANPO	67.9	533	166	2	5880	4297	2	534	3.78e-240	742
JAEPQZ010000025.1	sp|P09804|DPO1_KLULA	46.2	909	453	13	2473	5136	102	995	6.66e-265	817
JAEPQZ010000027.1	sp|Q8TGM5|ART3_YEAST	95.3	43	2	0	1536	1408	4	46	6.52e-19	84.7
JAEPQZ010000027.1	sp|Q6CQE5|TAR1_KLULA	90.5	42	4	0	2185	2060	7	48	1.66e-16	79.3
JAEPQZ010000027.1	sp|Q8TGM6|TAR1_YEAST	90.5	42	4	0	2185	2060	22	63	2.52e-16	79.3
JAEPQZ010000027.1	sp|P0C5Q0|YL54F_YEAST	72.5	40	11	0	1268	1149	5	44	4.62e-10	58.9
JAEPQZ010000028.1	sp|Q8TGM7|ART2_YEAST	85.2	61	9	0	2194	2012	1	61	8.94e-28	109
JAEPQZ010000028.1	sp|Q3E811|RRT15_YEAST	93.6	47	3	0	2194	2054	1	47	5.97e-22	93.2
JAEPQZ010000004.1	sp|P39007|STT3_YEAST	57.6	773	239	6	553979	551667	13	698	8.36e-276	858
JAEPQZ010000004.1	sp|O94335|STT3_SCHPO	56.7	778	271	6	553970	551646	24	738	1.57e-273	853
JAEPQZ010000004.1	sp|Q2KJI2|STT3A_BOVIN	54.9	778	262	8	554000	551688	8	703	5.43e-259	809
JAEPQZ010000004.1	sp|P46977|STT3A_HUMAN	54.9	778	262	8	554000	551688	8	703	5.43e-259	809
JAEPQZ010000004.1	sp|Q5RCE2|STT3A_PONAB	54.9	778	262	8	554000	551688	8	703	5.43e-259	809
JAEPQZ010000004.1	sp|F1PJP5|STT3A_CANLF	54.9	778	262	8	554000	551688	8	703	1.01e-258	808
JAEPQZ010000004.1	sp|P46978|STT3A_MOUSE	54.8	778	263	8	554000	551688	8	703	1.01e-258	808
JAEPQZ010000004.1	sp|Q8TCJ2|STT3B_HUMAN	54.7	773	273	6	553979	551700	69	777	6.18e-258	811
JAEPQZ010000004.1	sp|E2RG47|STT3B_CANLF	54.6	773	274	6	553979	551700	69	777	1.14e-257	810
JAEPQZ010000004.1	sp|Q3TDQ1|STT3B_MOUSE	55.3	763	284	6	553979	551700	66	774	1.91e-257	810
JAEPQZ010000004.1	sp|P46975|STT3_CAEEL	54.3	770	272	8	553973	551700	19	720	2.75e-250	786
JAEPQZ010000004.1	sp|P07251|ATPA_YEAST	74.5	538	112	1	1321314	1319701	33	545	6.33e-249	773
JAEPQZ010000004.1	sp|P49375|ATPA_KLULA	74.1	544	116	1	1321332	1319701	30	548	2.44e-248	771
JAEPQZ010000004.1	sp|P37211|ATPA_NEUCR	72.5	542	124	1	1321323	1319698	34	550	2.80e-246	765
JAEPQZ010000004.1	sp|C0HK51|ATPA_PICAN	73.3	535	118	1	1321305	1319701	1	510	3.40e-245	760
JAEPQZ010000004.1	sp|Q6C326|ATPA_YARLI	72.8	541	122	1	1321323	1319701	19	534	4.95e-243	755
JAEPQZ010000004.1	sp|O93869|GYS_NEUCR	53.2	786	225	12	1008348	1010612	14	687	6.67e-243	763
JAEPQZ010000004.1	sp|Q54NM9|STT3_DICDI	52.3	765	273	8	553985	551700	37	712	2.63e-241	758
JAEPQZ010000004.1	sp|P19483|ATPA_BOVIN	73.1	532	118	1	1321296	1319701	45	551	1.54e-239	746
JAEPQZ010000004.1	sp|Q03265|ATPA_MOUSE	72.9	532	119	1	1321296	1319701	45	551	3.88e-239	745
JAEPQZ010000004.1	sp|Q5R546|ATPA_PONAB	71.3	551	128	2	1321338	1319701	26	551	3.88e-239	745
JAEPQZ010000004.1	sp|Q28IX8|TBA_XENTR	88.6	404	44	1	376361	377572	48	449	4.51e-239	740
JAEPQZ010000004.1	sp|P25705|ATPA_HUMAN	71.3	551	128	2	1321338	1319701	26	551	5.28e-239	744
JAEPQZ010000004.1	sp|A5A6H5|ATPA_PANTR	71.3	551	128	2	1321338	1319701	26	551	5.28e-239	744
JAEPQZ010000004.1	sp|P80021|ATPA_PIG	71.5	551	127	2	1321338	1319701	26	551	7.19e-239	744
JAEPQZ010000005.1	sp|Q869L3|MDN1_DICDI	33.0	5755	3083	132	1442829	1427356	324	5894	0.0	2249
JAEPQZ010000005.1	sp|Q12019|MDN1_YEAST	33.6	5273	2685	117	1442829	1427356	338	4905	0.0	2127
JAEPQZ010000005.1	sp|Q9NU22|MDN1_HUMAN	32.7	5563	3006	146	1442832	1427344	353	5592	0.0	2055
JAEPQZ010000005.1	sp|O94248|MDN1_SCHPO	31.9	5248	2778	116	1442832	1427356	179	4712	0.0	2023
JAEPQZ010000005.1	sp|A0A1P8AUY4|MDN1_ARATH	29.4	5453	3116	137	1442835	1427350	379	5395	0.0	1686
JAEPQZ010000005.1	sp|Q9P7X8|RPA2_SCHPO	65.9	1116	329	8	663060	659773	2	1085	0.0	1520
JAEPQZ010000005.1	sp|Q75DS1|RPA2_ASHGO	62.1	1108	378	11	663057	659773	15	1093	0.0	1372
JAEPQZ010000005.1	sp|P22138|RPA2_YEAST	60.6	1113	395	13	663057	659770	16	1101	0.0	1347
JAEPQZ010000005.1	sp|O74633|RPA2_NEUCR	59.5	1123	403	13	663057	659773	17	1115	0.0	1317
JAEPQZ010000005.1	sp|B0D6H2|ARO1_LACBS	50.5	1448	639	26	170253	174485	179	1585	0.0	1302
JAEPQZ010000005.1	sp|B6JVD0|ARO1_SCHJY	49.9	1417	636	20	170304	174470	197	1567	0.0	1268
JAEPQZ010000005.1	sp|A8NMB4|ARO1_COPC7	48.8	1509	656	34	170262	174506	189	1674	0.0	1251
JAEPQZ010000005.1	sp|P0CM23|ARO1_CRYNB	48.7	1458	673	25	170262	174506	184	1609	0.0	1244
JAEPQZ010000005.1	sp|P0CM22|ARO1_CRYNJ	48.7	1458	673	25	170262	174506	184	1609	0.0	1244
JAEPQZ010000005.1	sp|Q4P8F6|ARO1_USTMA	47.7	1508	674	31	170253	174473	206	1700	0.0	1235
JAEPQZ010000005.1	sp|Q9P7R0|ARO1_SCHPO	47.6	1428	672	22	170292	174494	193	1571	0.0	1234
JAEPQZ010000005.1	sp|Q8J294|ARO1_THACU	48.0	1445	678	26	170304	174509	202	1615	0.0	1225
JAEPQZ010000005.1	sp|A1D244|ARO1_NEOFI	48.8	1419	640	19	170304	174455	197	1563	0.0	1221
JAEPQZ010000005.1	sp|B8N4Q9|ARO1_ASPFN	49.0	1413	644	18	170304	174455	197	1562	0.0	1217
JAEPQZ010000005.1	sp|A1CP85|ARO1_ASPCL	48.4	1418	652	20	170304	174455	197	1568	0.0	1216
JAEPQZ010000005.1	sp|C4JYG6|ARO1_UNCRE	48.4	1441	660	22	170292	174512	190	1580	0.0	1214
JAEPQZ010000005.1	sp|C5PA86|ARO1_COCP7	48.7	1418	646	20	170304	174455	197	1567	0.0	1211
JAEPQZ010000005.1	sp|B6HAA7|ARO1_PENRW	48.1	1416	656	18	170304	174455	197	1565	0.0	1211
JAEPQZ010000005.1	sp|Q4WS76|ARO1_ASPFU	48.4	1412	645	18	170304	174440	197	1558	0.0	1210
JAEPQZ010000005.1	sp|P07547|ARO1_EMENI	48.9	1414	649	19	170304	174455	197	1566	0.0	1209
JAEPQZ010000041.1	sp|Q6CQE5|TAR1_KLULA	90.5	21	2	0	2	64	28	48	1.73e-05	42.7
JAEPQZ010000041.1	sp|Q8TGM6|TAR1_YEAST	90.5	21	2	0	2	64	43	63	2.21e-05	42.7
JAEPQZ010000050.1	sp|Q8TGM5|ART3_YEAST	92.0	25	2	0	76	2	4	28	3.54e-09	51.2
JAEPQZ010000006.1	sp|O93927|FKS1_CRYNH	56.7	1668	605	18	1150045	1145078	126	1687	0.0	1819
JAEPQZ010000006.1	sp|A2QLK4|FKS1_ASPNC	54.1	1650	652	15	1149991	1145105	181	1745	0.0	1702
JAEPQZ010000006.1	sp|P40989|FKS2_YEAST	52.0	1657	683	15	1149991	1145102	167	1737	0.0	1602
JAEPQZ010000006.1	sp|O13967|BGS2_SCHPO	50.4	1699	722	21	1150021	1145030	176	1788	0.0	1602
JAEPQZ010000006.1	sp|P38631|FKS1_YEAST	51.2	1657	695	15	1149991	1145102	148	1718	0.0	1593
JAEPQZ010000006.1	sp|O74475|BGS4_SCHPO	49.6	1698	688	19	1149991	1145105	193	1792	0.0	1581
JAEPQZ010000006.1	sp|Q10287|BGS1_SCHPO	47.6	1660	757	14	1150033	1145078	49	1603	0.0	1493
JAEPQZ010000006.1	sp|Q9P377|BGS3_SCHPO	47.8	1658	728	19	1150006	1145108	141	1685	0.0	1477
JAEPQZ010000006.1	sp|Q04952|FKS3_YEAST	46.9	1700	768	21	1149994	1145075	14	1638	0.0	1458
JAEPQZ010000006.1	sp|Q9C102|GLT1_SCHPO	69.0	894	275	1	388184	385509	304	1197	0.0	1288
JAEPQZ010000006.1	sp|Q12680|GLT1_YEAST	64.5	902	307	5	388184	385509	292	1190	0.0	1180
JAEPQZ010000006.1	sp|Q03460|GLSN_MEDSA	59.1	912	351	8	385437	382765	1252	2162	0.0	1071
JAEPQZ010000006.1	sp|Q0JKD0|GLT1_ORYSJ	60.6	903	340	7	385437	382756	1251	2146	0.0	1068
JAEPQZ010000006.1	sp|Q0DG35|GLT2_ORYSJ	58.0	936	374	9	385437	382675	1257	2188	0.0	1063
JAEPQZ010000006.1	sp|Q9LV03|GLUT1_ARATH	58.1	914	360	8	385437	382765	1270	2183	0.0	1060
JAEPQZ010000006.1	sp|Q01877|HSP71_PUCGR	78.4	653	92	1	345631	343673	12	615	0.0	984
JAEPQZ010000006.1	sp|Q96W30|HSP72_PARBA	76.3	692	112	3	345631	343565	12	654	0.0	978
JAEPQZ010000006.1	sp|Q01233|HSP70_NEUCR	75.2	690	115	4	345631	343565	12	646	9.98e-315	966
JAEPQZ010000006.1	sp|O93866|HSP70_TRIRU	75.0	692	121	3	345631	343565	12	654	1.35e-314	966
JAEPQZ010000006.1	sp|P48720|HSP70_BLAEM	75.1	690	114	4	345631	343565	17	649	3.34e-313	962
JAEPQZ010000006.1	sp|J9VZ70|HSP71_CRYNH	77.1	652	98	2	345631	343676	12	612	4.95e-313	961
JAEPQZ010000006.1	sp|F5HB71|HSP71_CRYNB	77.1	652	98	2	345631	343676	12	612	6.02e-313	961
JAEPQZ010000006.1	sp|Q5KKP4|HSP71_CRYNJ	77.1	652	98	2	345631	343676	12	612	6.02e-313	961
JAEPQZ010000006.1	sp|P59769|BIP_ASPAW	77.4	632	136	3	200043	198148	48	672	8.12e-311	956
JAEPQZ010000006.1	sp|P83617|BIP_ASPKA	77.4	632	136	3	200043	198148	48	672	8.12e-311	956
JAEPQZ010000051.1	sp|P0C5Q0|YL54F_YEAST	66.7	27	9	0	172	252	5	31	8.73e-04	37.0
JAEPQZ010000052.1	sp|Q8TGM5|ART3_YEAST	91.7	24	2	0	177	248	4	27	1.89e-08	49.3
JAEPQZ010000007.1	sp|A5DI11|EF2_PICGU	72.2	895	179	4	1204440	1207124	4	828	0.0	1276
JAEPQZ010000007.1	sp|Q5A0M4|EF2_CANAL	71.7	895	183	4	1204440	1207124	4	828	0.0	1269
JAEPQZ010000007.1	sp|C4YJQ8|EF2_CANAW	71.7	895	183	4	1204440	1207124	4	828	0.0	1269
JAEPQZ010000007.1	sp|Q6BJ25|EF2_DEBHA	71.3	895	187	4	1204440	1207124	4	828	0.0	1264
JAEPQZ010000007.1	sp|Q874B9|EF2_PICPA	70.4	900	196	4	1204437	1207136	3	832	0.0	1264
JAEPQZ010000007.1	sp|P32324|EF2_YEAST	70.8	897	192	4	1204440	1207130	4	830	0.0	1263
JAEPQZ010000007.1	sp|Q875S0|EF2_LACK1	70.5	897	195	4	1204440	1207130	4	830	0.0	1255
JAEPQZ010000007.1	sp|Q754C8|EF2_ASHGO	70.3	899	197	4	1204440	1207136	4	832	0.0	1255
JAEPQZ010000007.1	sp|Q6CPQ9|EF2_KLULA	69.8	897	201	4	1204440	1207130	4	830	0.0	1250
JAEPQZ010000007.1	sp|Q6FYA7|EF2_CANGA	70.1	897	198	4	1204440	1207130	4	830	0.0	1249
JAEPQZ010000007.1	sp|Q875Z2|EF2_NAUCC	69.8	897	201	4	1204440	1207130	4	830	0.0	1243
JAEPQZ010000007.1	sp|Q96X45|EF2_NEUCR	69.8	897	201	4	1204437	1207124	3	830	0.0	1240
JAEPQZ010000007.1	sp|O14460|EF2_SCHPO	69.3	899	206	4	1204440	1207136	4	832	0.0	1239
JAEPQZ010000007.1	sp|P29691|EF2_CAEEL	64.9	902	253	6	1204437	1207136	3	842	0.0	1144
JAEPQZ010000007.1	sp|Q1HPK6|EF2_BOMMO	64.0	902	253	6	1204437	1207136	3	834	0.0	1141
JAEPQZ010000007.1	sp|P13060|EF2_DROME	63.5	902	257	6	1204437	1207136	3	834	0.0	1136
JAEPQZ010000007.1	sp|P13639|EF2_HUMAN	62.7	916	256	5	1204437	1207136	3	848	0.0	1130
JAEPQZ010000007.1	sp|Q5R8Z3|EF2_PONAB	62.7	916	256	5	1204437	1207136	3	848	0.0	1130
JAEPQZ010000007.1	sp|Q3SYU2|EF2_BOVIN	62.7	916	256	5	1204437	1207136	3	848	0.0	1129
JAEPQZ010000007.1	sp|A0SXL6|EF2_CALJA	62.6	916	257	5	1204437	1207136	3	848	0.0	1129
JAEPQZ010000007.1	sp|P58252|EF2_MOUSE	62.4	916	258	5	1204437	1207136	3	848	0.0	1128
JAEPQZ010000007.1	sp|P05197|EF2_RAT	62.4	916	258	5	1204437	1207136	3	848	0.0	1128
JAEPQZ010000007.1	sp|P09445|EF2_CRIGR	62.4	916	258	5	1204437	1207136	3	848	0.0	1127
JAEPQZ010000007.1	sp|Q90705|EF2_CHICK	62.2	916	260	5	1204437	1207136	3	848	0.0	1122
JAEPQZ010000007.1	sp|P15112|EF2_DICDI	60.0	897	284	5	1204437	1207124	3	825	0.0	1052
JAEPQZ010000008.1	sp|Q10105|GCN1_SCHPO	46.2	1479	767	6	779899	775481	957	2413	0.0	1244
JAEPQZ010000008.1	sp|Q92616|GCN1_HUMAN	45.1	1500	770	21	779851	775442	971	2446	0.0	1152
JAEPQZ010000008.1	sp|E9PVA8|GCN1_MOUSE	45.0	1508	762	22	779857	775445	969	2445	0.0	1143
JAEPQZ010000008.1	sp|P33892|GCN1_YEAST	43.2	1510	808	15	779902	775445	910	2393	0.0	1141
JAEPQZ010000008.1	sp|Q54WR2|GCN1_DICDI	41.5	1488	811	20	779902	775487	991	2435	1.24e-306	1018
JAEPQZ010000008.1	sp|P20409|TRPG_PHYBL	62.6	763	274	5	744904	747162	1	762	2.11e-295	916
JAEPQZ010000008.1	sp|F4I893|ILA_ARATH	40.7	1374	760	15	779533	775481	1125	2466	6.52e-275	924
JAEPQZ010000008.1	sp|P25170|TRPG_PHACH	51.3	795	338	16	744889	747162	6	788	1.88e-229	727
JAEPQZ010000008.1	sp|Q92370|TRPG_SCHPO	53.6	763	309	14	744913	747162	29	759	2.05e-228	723
JAEPQZ010000008.1	sp|P45702|XYLA1_GEOSE	50.1	720	334	12	236743	234614	1	705	4.89e-213	676
JAEPQZ010000008.1	sp|P0CN86|TRPG_CRYNJ	49.9	761	348	16	744910	747144	4	747	2.87e-211	673
JAEPQZ010000008.1	sp|P06531|TRPG_EMENI	50.3	771	330	12	744913	747159	27	766	3.62e-211	674
JAEPQZ010000008.1	sp|P0CN87|TRPG_CRYNB	49.9	761	348	16	744910	747144	4	747	3.90e-211	673
JAEPQZ010000008.1	sp|P27710|TRPG_CRYNH	50.0	762	346	17	744910	747144	4	747	3.90e-211	673
JAEPQZ010000008.1	sp|P00908|TRPG_NEUCR	51.1	767	326	15	744913	747162	27	761	2.55e-210	671
JAEPQZ010000008.1	sp|P24773|TRPG_PENCH	49.5	764	334	12	744913	747162	25	750	5.37e-209	667
JAEPQZ010000008.1	sp|P05328|TRPG_ASPNG	49.6	770	344	13	744892	747144	20	764	4.68e-204	653
JAEPQZ010000008.1	sp|P18483|TRPG_ASPAW	49.1	770	332	13	744913	747144	27	762	1.29e-202	649
JAEPQZ010000008.1	sp|Q7RV88|IF4A_NEUCR	85.8	358	51	0	942327	943400	40	397	3.09e-194	608
JAEPQZ010000008.1	sp|Q2HFP1|IF4A_CHAGB	84.6	358	55	0	942327	943400	40	397	1.97e-193	606
JAEPQZ010000008.1	sp|Q4P331|IF4A_USTMA	84.6	358	55	0	942327	943400	54	411	4.51e-193	606
JAEPQZ010000008.1	sp|A4QVP2|IF4A_MAGO7	84.9	358	54	0	942327	943400	39	396	8.92e-193	604
JAEPQZ010000008.1	sp|Q0UU86|IF4A_PHANO	84.9	358	54	0	942327	943400	39	396	3.07e-192	603
JAEPQZ010000008.1	sp|A1CJT5|IF4A_ASPCL	84.6	358	55	0	942327	943400	41	398	1.55e-191	601
JAEPQZ010000008.1	sp|A7EGL7|IF4A_SCLS1	84.4	358	56	0	942327	943400	41	398	2.88e-191	600
JAEPQZ010000009.1	sp|P78615|FAS2_EMEND	59.2	1763	670	16	996853	991583	139	1857	0.0	1990
JAEPQZ010000009.1	sp|P15368|FAS2_PENPA	58.6	1748	671	16	996853	991637	135	1838	0.0	1942
JAEPQZ010000009.1	sp|Q10289|FAS2_SCHPO	58.0	1760	675	15	996850	991583	142	1841	0.0	1936
JAEPQZ010000009.1	sp|P43098|FAS2_CANAX	55.6	1788	715	20	996850	991583	143	1884	0.0	1855
JAEPQZ010000009.1	sp|G8BAW7|FAS2_CANPC	55.4	1786	720	18	996850	991583	144	1883	0.0	1848
JAEPQZ010000009.1	sp|Q765N2|FAS2_LACKL	55.4	1784	728	17	996850	991583	143	1887	0.0	1834
JAEPQZ010000009.1	sp|P19097|FAS2_YEAST	54.6	1782	741	18	996853	991592	141	1882	0.0	1824
JAEPQZ010000009.1	sp|P0CN27|DPOE_CRYNB	49.9	1922	844	23	315921	310231	420	2248	0.0	1774
JAEPQZ010000009.1	sp|P0CN26|DPOE_CRYNJ	49.9	1922	844	23	315921	310231	420	2248	0.0	1774
JAEPQZ010000009.1	sp|Q4PFV5|DPOE_USTMA	48.8	1958	865	25	315921	310231	423	2303	0.0	1761
JAEPQZ010000009.1	sp|P34731|FAS1_CANAX	53.2	1638	685	20	1002230	997356	464	2033	0.0	1680
JAEPQZ010000009.1	sp|Q9UUG0|FAS1_SCHPO	52.5	1666	709	20	1002263	997350	458	2069	0.0	1664
JAEPQZ010000009.1	sp|P34229|FAS1_YARLI	52.8	1644	702	23	1002230	997356	491	2079	0.0	1648
JAEPQZ010000009.1	sp|O93845|DPOE_EMENI	46.5	1927	902	27	315897	310231	369	2205	0.0	1633
JAEPQZ010000009.1	sp|Q07864|DPOE1_HUMAN	45.7	1973	922	29	315915	310231	379	2279	0.0	1623
JAEPQZ010000009.1	sp|Q9WVF7|DPOE1_MOUSE	45.1	1978	932	29	315915	310225	379	2283	0.0	1619
JAEPQZ010000009.1	sp|Q4WXH8|DPOE_ASPFU	46.3	1918	916	30	315897	310231	396	2228	0.0	1617
JAEPQZ010000009.1	sp|P07149|FAS1_YEAST	49.0	1651	759	23	1002269	997356	465	2045	0.0	1558
JAEPQZ010000009.1	sp|P87154|DPOE_SCHPO	45.2	1907	933	28	315900	310231	385	2196	0.0	1549
JAEPQZ010000009.1	sp|Q6BNG2|DPOE_DEBHA	44.9	1905	937	30	315897	310243	411	2222	0.0	1545
JAEPQZ010000009.1	sp|P21951|DPOE_YEAST	43.9	1920	967	33	315924	310234	391	2222	0.0	1466
JAEPQZ010000009.1	sp|Q6FNY7|DPOE_CANGA	43.4	1892	960	27	315897	310282	400	2201	0.0	1455
JAEPQZ010000009.1	sp|Q9VCN1|DPOE1_DROME	43.3	1928	977	31	315897	310231	383	2233	0.0	1440
JAEPQZ010000009.1	sp|Q6CUS7|DPOE_KLULA	43.3	1913	961	32	315915	310243	371	2182	0.0	1436
JAEPQZ010000009.1	sp|Q752B8|DPOE_ASHGO	42.9	1917	942	36	315924	310282	365	2164	0.0	1382
JAEPQZ010000010.1	sp|O93937|PYR1_EMENI	63.9	2271	718	19	923731	930405	59	2273	0.0	2803
JAEPQZ010000010.1	sp|Q09794|PYR1_SCHPO	63.5	2274	738	20	923662	930411	35	2239	0.0	2797
JAEPQZ010000010.1	sp|P07259|PYR1_YEAST	62.0	2255	766	22	923731	930411	21	2212	0.0	2704
JAEPQZ010000010.1	sp|P78820|ACAC_SCHPO	57.2	2124	866	16	554327	548064	161	2277	0.0	2391
JAEPQZ010000010.1	sp|Q00955|ACAC_YEAST	55.0	2108	902	21	554327	548067	151	2232	0.0	2229
JAEPQZ010000010.1	sp|P20054|PYR1_DICDI	52.6	2302	925	34	923740	930411	11	2223	0.0	2203
JAEPQZ010000010.1	sp|Q91437|PYR1_SQUAC	51.7	2327	936	33	923731	930408	1	2240	0.0	2187
JAEPQZ010000010.1	sp|P27708|PYR1_HUMAN	50.8	2320	950	32	923731	930408	1	2223	0.0	2137
JAEPQZ010000010.1	sp|P08955|PYR1_MESAU	51.0	2319	947	32	923731	930408	1	2223	0.0	2128
JAEPQZ010000010.1	sp|B2RQC6|PYR1_MOUSE	50.9	2319	949	32	923731	930408	1	2223	0.0	2121
JAEPQZ010000010.1	sp|P05990|PYR1_DROME	49.9	2302	992	34	923728	930408	4	2218	0.0	2065
JAEPQZ010000010.1	sp|Q18990|PYR1_CAEEL	49.3	2300	983	36	923734	930408	3	2194	0.0	2011
JAEPQZ010000010.1	sp|P11029|ACAC_CHICK	47.1	2140	1057	29	554327	548049	210	2321	0.0	1837
JAEPQZ010000010.1	sp|E9Q4Z2|ACACB_MOUSE	47.0	2134	1059	27	554327	548049	342	2445	0.0	1831
JAEPQZ010000010.1	sp|O00763|ACACB_HUMAN	46.9	2135	1061	27	554327	548049	352	2455	0.0	1825
JAEPQZ010000010.1	sp|Q5SWU9|ACACA_MOUSE	46.5	2164	1058	32	554327	548049	209	2343	0.0	1821
JAEPQZ010000010.1	sp|Q28559|ACACA_SHEEP	46.7	2166	1050	33	554327	548049	210	2344	0.0	1821
JAEPQZ010000010.1	sp|Q9TTS3|ACACA_BOVIN	46.7	2166	1050	33	554327	548049	210	2344	0.0	1821
JAEPQZ010000010.1	sp|Q13085|ACACA_HUMAN	46.6	2166	1052	34	554327	548049	210	2344	0.0	1820
JAEPQZ010000010.1	sp|P11497|ACACA_RAT	46.5	2164	1057	32	554327	548049	209	2343	0.0	1818
JAEPQZ010000010.1	sp|O93927|FKS1_CRYNH	57.5	1560	605	17	960985	965538	136	1679	0.0	1763
JAEPQZ010000010.1	sp|A6ZMR9|HFA1_YEAS7	45.5	2082	1045	27	554327	548169	227	2247	0.0	1742
JAEPQZ010000010.1	sp|P32874|HFA1_YEAST	45.7	2079	1045	28	554327	548169	227	2247	0.0	1741
JAEPQZ010000010.1	sp|C8ZF72|HFA1_YEAS8	45.6	2079	1047	28	554327	548169	227	2247	0.0	1740
JAEPQZ010000010.1	sp|C7GRE4|HFA1_YEAS2	45.3	2082	1049	27	554327	548169	227	2247	0.0	1737
