CP031823.1	sp|Q6P2Q9|PRP8_HUMAN	89.2	969	105	0	5447925	5445019	614	1582	0.0	1818
CP031823.1	sp|Q99PV0|PRP8_MOUSE	89.2	969	105	0	5447925	5445019	614	1582	0.0	1818
CP031823.1	sp|Q9SSD2|PRP8A_ARATH	86.2	970	133	1	5447925	5445019	637	1606	0.0	1771
CP031823.1	sp|P34369|PRP8_CAEEL	85.2	970	143	1	5447925	5445019	606	1575	0.0	1763
CP031823.1	sp|Q9T0I6|PRP8B_ARATH	84.0	970	154	1	5447925	5445019	639	1608	0.0	1728
CP031823.1	sp|Q54YZ9|DHKJ_DICDI	57.1	1710	654	15	5131570	5126516	172	1827	0.0	1727
CP031823.1	sp|Q8T295|PRP8_DICDI	82.4	969	171	0	5447925	5445019	603	1571	0.0	1702
CP031823.1	sp|O14187|SPP42_SCHPO	81.2	971	180	2	5447925	5445019	637	1606	0.0	1675
CP031823.1	sp|P33334|PRP8_YEAST	69.1	969	296	3	5447925	5445019	689	1654	0.0	1422
CP031823.1	sp|P55251|LEUC_RHIPU	85.7	757	105	3	1002171	1004438	1	755	0.0	1316
CP031823.1	sp|P18250|LEUC_PHYB8	75.5	763	161	5	1002171	1004438	1	744	0.0	1165
CP031823.1	sp|Q12649|HMDH_PHYB8	52.4	1296	367	21	5407042	5403545	1	1176	0.0	1155
CP031823.1	sp|P55811|LEUC_RHINI	72.1	763	193	5	1002171	1004438	1	750	0.0	1108
CP031823.1	sp|Q9P7X8|RPA2_SCHPO	52.1	1061	400	11	4328058	4324921	2	969	0.0	1071
CP031823.1	sp|A5DI11|EF2_PICGU	76.2	665	158	0	5153692	5155686	178	842	0.0	1052
CP031823.1	sp|Q6BJ25|EF2_DEBHA	74.2	666	172	0	5153689	5155686	177	842	0.0	1030
CP031823.1	sp|Q875Z2|EF2_NAUCC	74.3	666	171	0	5153689	5155686	177	842	0.0	1028
CP031823.1	sp|O14460|EF2_SCHPO	74.3	665	171	0	5153692	5155686	178	842	0.0	1026
CP031823.1	sp|Q96X45|EF2_NEUCR	72.6	667	181	2	5153689	5155686	179	844	0.0	1011
CP031823.1	sp|O14289|LEUC_SCHPO	66.0	756	249	6	1002177	1004438	9	758	0.0	990
CP031823.1	sp|P49601|LEUC_USTMA	66.2	748	234	5	1002177	1004372	4	748	1.86e-316	979
CP031823.1	sp|Q5A599|NIK1_CANAL	56.4	960	354	10	5129359	5126516	72	978	2.67e-305	960
CP031823.1	sp|Q75DS1|RPA2_ASHGO	49.7	1056	427	15	4328055	4324921	15	977	2.00e-304	962
CP031823.1	sp|P07264|LEUC_YEAST	64.4	765	239	10	1002177	1004405	10	763	3.63e-304	944
CP031823.1	sp|P22138|RPA2_YEAST	48.8	1065	439	17	4328070	4324921	11	984	5.44e-303	959
CP031824.1	sp|O93937|PYR1_EMENI	63.1	2250	713	19	2847398	2840805	90	2273	0.0	2737
CP031824.1	sp|Q09794|PYR1_SCHPO	62.9	2229	721	15	2847398	2840799	89	2239	0.0	2732
CP031824.1	sp|P07259|PYR1_YEAST	61.3	2247	737	23	2847398	2840799	52	2212	0.0	2647
CP031824.1	sp|O75643|U520_HUMAN	57.1	2205	866	16	2220231	2226815	1	2136	0.0	2519
CP031824.1	sp|Q6P4T2|U520_MOUSE	57.1	2205	867	16	2220231	2226815	1	2136	0.0	2519
CP031824.1	sp|F1LNJ2|U520_RAT	57.1	2208	866	17	2220231	2226815	1	2139	0.0	2515
CP031824.1	sp|Q9VUV9|U520_DROME	56.1	2201	895	15	2220231	2226809	1	2138	0.0	2459
CP031824.1	sp|Q9SYP1|DEXHC_ARATH	54.8	2202	929	24	2220234	2226785	8	2160	0.0	2261
CP031824.1	sp|Q9UT24|BRR2_SCHPO	53.4	2200	962	23	2220252	2226815	27	2174	0.0	2241
CP031824.1	sp|O48534|DEXHD_ARATH	53.1	2205	969	25	2220234	2226797	9	2165	0.0	2199
CP031824.1	sp|Q9U2G0|U520_CAEEL	51.5	2202	980	23	2220231	2226791	1	2130	0.0	2161
CP031824.1	sp|Q91437|PYR1_SQUAC	51.3	2301	926	28	2847398	2840802	32	2240	0.0	2150
CP031824.1	sp|P20054|PYR1_DICDI	51.3	2282	932	27	2847398	2840799	39	2223	0.0	2148
CP031824.1	sp|P27708|PYR1_HUMAN	50.9	2294	930	27	2847398	2840802	32	2223	0.0	2108
CP031824.1	sp|P08955|PYR1_MESAU	50.9	2293	930	26	2847398	2840802	32	2223	0.0	2096
CP031824.1	sp|B2RQC6|PYR1_MOUSE	51.1	2293	927	28	2847398	2840802	32	2223	0.0	2096
CP031824.1	sp|P05990|PYR1_DROME	49.8	2269	976	34	2847398	2840802	43	2218	0.0	2029
CP031824.1	sp|Q55CI8|HELCL_DICDI	48.3	2244	1066	30	2220231	2226773	1	2213	0.0	1989
CP031824.1	sp|Q18990|PYR1_CAEEL	48.6	2270	987	37	2847398	2840802	33	2194	0.0	1951
CP031824.1	sp|Q14204|DYHC1_HUMAN	55.4	1707	630	17	2196385	2201451	541	2138	0.0	1842
CP031824.1	sp|P45444|DYHC_EMENI	56.5	1664	630	12	2196388	2201364	559	2132	0.0	1842
CP031824.1	sp|Q9JHU4|DYHC1_MOUSE	55.4	1707	630	17	2196385	2201451	539	2136	0.0	1840
CP031824.1	sp|P38650|DYHC1_RAT	55.4	1707	631	17	2196385	2201451	539	2136	0.0	1836
CP031824.1	sp|P45443|DYHC_NEUCR	55.6	1695	647	15	2196385	2201436	566	2165	0.0	1827
CP031824.1	sp|P78716|DYHC_FUSVN	53.9	1691	679	15	2196385	2201430	568	2166	0.0	1768
CP031825.1	sp|P78820|ACAC_SCHPO	55.2	2303	923	21	1487844	1494596	32	2278	0.0	2468
CP031825.1	sp|Q00955|ACAC_YEAST	54.4	2290	938	25	1487796	1494590	25	2232	0.0	2336
CP031825.1	sp|P11029|ACAC_CHICK	47.9	2293	1045	34	1487922	1494596	107	2317	0.0	1966
CP031825.1	sp|Q13085|ACACA_HUMAN	47.2	2315	1052	35	1487922	1494596	107	2340	0.0	1943
CP031825.1	sp|Q28559|ACACA_SHEEP	47.2	2313	1055	34	1487922	1494596	107	2340	0.0	1940
CP031825.1	sp|Q5SWU9|ACACA_MOUSE	47.2	2316	1050	37	1487922	1494596	106	2339	0.0	1935
CP031825.1	sp|Q9TTS3|ACACA_BOVIN	47.4	2312	1052	37	1487922	1494596	107	2340	0.0	1934
CP031825.1	sp|E9Q4Z2|ACACB_MOUSE	47.5	2284	1058	32	1487922	1494596	239	2441	0.0	1932
CP031825.1	sp|P11497|ACACA_RAT	47.1	2316	1052	37	1487922	1494596	106	2339	0.0	1932
CP031825.1	sp|O00763|ACACB_HUMAN	47.3	2284	1064	33	1487922	1494596	249	2451	0.0	1926
CP031825.1	sp|P32874|HFA1_YEAST	46.3	2218	1082	30	1487877	1494464	109	2239	0.0	1868
CP031825.1	sp|A6ZMR9|HFA1_YEAS7	46.3	2218	1082	30	1487877	1494464	109	2239	0.0	1865
CP031825.1	sp|C8ZF72|HFA1_YEAS8	46.1	2218	1086	30	1487877	1494464	109	2239	0.0	1862
CP031825.1	sp|C7GRE4|HFA1_YEAS2	46.1	2218	1087	30	1487877	1494464	109	2239	0.0	1859
CP031825.1	sp|B3LM95|HFA1_YEAS1	46.0	2218	1088	30	1487877	1494464	109	2239	0.0	1856
CP031825.1	sp|Q54J08|ACAC_DICDI	42.9	2356	1131	43	1487916	1494590	4	2276	0.0	1699
CP031825.1	sp|Q38970|ACC1_ARATH	40.3	2326	1203	42	1487883	1494581	13	2246	0.0	1519
CP031825.1	sp|Q8S6N5|ACC1_ORYSJ	39.8	2347	1216	46	1487856	1494581	5	2259	0.0	1510
CP031825.1	sp|F4I1L3|ACC2_ARATH	40.1	2334	1203	50	1487865	1494581	115	2347	0.0	1496
CP031825.1	sp|B9FK36|ACC2_ORYSJ	39.9	2317	1225	42	1487856	1494590	102	2322	0.0	1483
CP031825.1	sp|B0D6H2|ARO1_LACBS	51.3	1394	606	25	150839	154924	232	1584	0.0	1263
CP031825.1	sp|B6JVD0|ARO1_SCHJY	49.7	1378	625	21	150869	154924	236	1571	0.0	1233
CP031825.1	sp|Q8J294|ARO1_THACU	48.6	1410	656	23	150839	154951	236	1615	0.0	1211
CP031825.1	sp|A8NMB4|ARO1_COPC7	48.3	1466	635	32	150839	154948	236	1674	0.0	1206
CP031825.1	sp|P0CM23|ARO1_CRYNB	49.1	1404	653	23	150839	154948	233	1609	0.0	1204
CP031826.1	sp|Q4PFV5|DPOE_USTMA	41.9	2186	1016	31	1830517	1824230	266	2287	0.0	1530
CP031826.1	sp|P0CN27|DPOE_CRYNB	41.4	2163	1059	31	1830547	1824182	253	2248	0.0	1516
CP031826.1	sp|P0CN26|DPOE_CRYNJ	41.4	2163	1059	31	1830547	1824182	253	2248	0.0	1516
CP031826.1	sp|O93845|DPOE_EMENI	39.8	2156	1114	35	1830547	1824197	189	2200	0.0	1456
CP031826.1	sp|Q4WXH8|DPOE_ASPFU	39.5	2158	1127	32	1830550	1824176	219	2230	0.0	1447
CP031826.1	sp|Q9WVF7|DPOE1_MOUSE	38.7	2233	1134	40	1830601	1824191	179	2273	0.0	1385
CP031826.1	sp|Q07864|DPOE1_HUMAN	38.9	2217	1099	42	1830532	1824191	213	2276	0.0	1379
CP031826.1	sp|Q54YZ9|DHKJ_DICDI	68.2	1097	341	2	2988547	2985281	220	1316	0.0	1370
CP031826.1	sp|Q6BNG2|DPOE_DEBHA	38.4	2133	1104	38	1830517	1824236	246	2208	0.0	1355
CP031826.1	sp|P87154|DPOE_SCHPO	38.8	2141	1119	34	1830532	1824194	216	2192	0.0	1355
CP031826.1	sp|O75533|SF3B1_HUMAN	80.2	874	163	5	940770	943379	355	1222	0.0	1308
CP031826.1	sp|Q99NB9|SF3B1_MOUSE	80.2	874	163	5	940770	943379	355	1222	0.0	1308
CP031826.1	sp|O57683|SF3B1_XENLA	80.1	874	164	5	940770	943379	358	1225	0.0	1308
CP031826.1	sp|Q9VCN1|DPOE1_DROME	37.4	2190	1130	43	1830544	1824197	207	2228	0.0	1292
CP031826.1	sp|Q6FNY7|DPOE_CANGA	36.7	2175	1173	39	1830616	1824197	207	2213	0.0	1253
CP031826.1	sp|P21951|DPOE_YEAST	36.2	2156	1168	40	1830541	1824197	228	2217	0.0	1251
CP031826.1	sp|Q6CUS7|DPOE_KLULA	36.7	2147	1139	37	1830517	1824197	216	2181	0.0	1250
CP031826.1	sp|Q10178|SF3B1_SCHPO	56.7	1165	427	15	939966	943376	8	1122	0.0	1193
CP031826.1	sp|P36602|RIR1_SCHPO	72.5	774	184	2	2935698	2933446	43	810	0.0	1169
CP031826.1	sp|Q9UW15|RIR1_NEUCR	73.0	726	192	1	2935698	2933521	43	764	0.0	1109
CP031826.1	sp|P21672|RIR3_YEAST	71.1	717	206	1	2935698	2933548	43	758	0.0	1100
CP031826.1	sp|P21524|RIR1_YEAST	71.1	717	206	1	2935698	2933548	43	758	0.0	1094
CP031826.1	sp|P48591|RIR1_DROME	68.5	765	218	3	2935698	2933449	54	810	0.0	1083
CP031826.1	sp|Q03604|RIR1_CAEEL	69.1	753	219	3	2935698	2933443	49	788	0.0	1079
CP031826.1	sp|Q9SJ20|RIR1_ARATH	68.0	772	225	4	2935698	2933449	43	814	0.0	1078
CP031827.1	sp|Q9C102|GLT1_SCHPO	64.8	1100	337	7	736149	739430	1052	2107	0.0	1427
CP031827.1	sp|Q0JKD0|GLT1_ORYSJ	60.6	1088	371	10	736149	739385	1105	2143	0.0	1280
CP031827.1	sp|Q0DG35|GLT2_ORYSJ	59.5	1100	388	13	736149	739397	1111	2169	0.0	1276
CP031827.1	sp|Q03460|GLSN_MEDSA	59.4	1095	391	10	736149	739385	1106	2162	0.0	1276
CP031827.1	sp|Q9LV03|GLUT1_ARATH	59.1	1101	387	11	736149	739385	1124	2183	0.0	1265
CP031827.1	sp|Q12680|GLT1_YEAST	56.0	1128	421	11	736152	739430	1046	2133	0.0	1204
CP031827.1	sp|P78615|FAS2_EMEND	48.1	1429	677	13	206639	202371	488	1857	0.0	1171
CP031827.1	sp|P34229|FAS1_YARLI	35.0	2317	1128	46	215490	208918	16	2079	0.0	1159
CP031827.1	sp|Q10289|FAS2_SCHPO	47.0	1429	681	12	206651	202374	485	1840	0.0	1156
CP031827.1	sp|P15368|FAS2_PENPA	47.0	1415	682	15	206639	202422	484	1839	0.0	1123
CP031827.1	sp|Q9UUG0|FAS1_SCHPO	34.9	2335	1119	51	215505	208897	6	2072	0.0	1119
CP031827.1	sp|Q765N2|FAS2_LACKL	45.6	1451	705	18	206639	202371	494	1887	0.0	1107
CP031827.1	sp|P34731|FAS1_CANAX	34.6	2300	1123	48	215487	208918	5	2033	0.0	1100
CP031827.1	sp|P19097|FAS2_YEAST	44.5	1447	723	14	206639	202374	493	1884	0.0	1097
CP031827.1	sp|P43098|FAS2_CANAX	44.9	1455	708	16	206639	202371	492	1884	0.0	1082
CP031827.1	sp|G8BAW7|FAS2_CANPC	44.8	1454	710	17	206639	202371	491	1883	0.0	1078
CP031827.1	sp|P07149|FAS1_YEAST	33.9	2304	1153	46	215487	208903	7	2048	0.0	1073
CP031827.1	sp|O94313|CARB_SCHPO	52.3	1149	468	12	1102225	1098791	85	1157	0.0	1048
CP031827.1	sp|P46056|CARB_CUTCT	51.5	1148	477	12	1102222	1098797	75	1148	0.0	1033
CP031827.1	sp|P03965|CARB_YEAST	50.0	1162	491	14	1102222	1098788	28	1116	3.13e-316	993
CP031827.1	sp|Q12019|MDN1_YEAST	53.3	1004	437	8	2171107	2174061	337	1327	2.53e-301	1040
CP031827.1	sp|Q7XPY2|PMA1_ORYSJ	58.4	834	337	8	2079590	2077095	23	848	5.34e-294	921
CP031827.1	sp|P83970|PMA1_WHEAT	58.2	834	339	8	2079590	2077095	23	848	2.49e-293	919
CP031827.1	sp|Q9SJB3|PMA5_ARATH	58.1	830	338	8	2079590	2077107	23	844	1.78e-287	902
CP031827.1	sp|Q75D66|CARB_ASHGO	46.0	1160	535	13	1102222	1098788	28	1111	7.27e-286	905
CP031828.1	sp|P38811|TRA1_YEAST	36.0	3081	1705	47	685173	676117	303	3179	0.0	1744
CP031828.1	sp|Q9HFE8|TRA1_SCHPO	33.0	3060	1743	32	685179	676114	319	3110	0.0	1579
CP031828.1	sp|Q10064|YAMB_SCHPO	33.1	3049	1721	39	685179	676123	285	3045	0.0	1565
CP031828.1	sp|Q9Y4A5|TRRAP_HUMAN	31.1	3157	1836	68	685179	676201	287	3267	0.0	1269
CP031828.1	sp|A0A0R4ITC5|TRRAP_DANRE	30.6	3151	1824	69	685179	676201	287	3231	0.0	1249
CP031828.1	sp|Q68FD5|CLH1_MOUSE	43.6	1587	678	14	131514	126793	228	1610	0.0	1161
CP031828.1	sp|P49951|CLH1_BOVIN	43.5	1587	679	14	131514	126793	228	1610	0.0	1160
CP031828.1	sp|Q00610|CLH1_HUMAN	43.5	1587	679	14	131514	126793	228	1610	0.0	1160
CP031828.1	sp|P11442|CLH1_RAT	43.5	1587	679	14	131514	126793	228	1610	0.0	1157
CP031828.1	sp|P29742|CLH_DROME	43.1	1605	662	17	131514	126793	228	1611	0.0	1147
CP031828.1	sp|Q8I8U7|TRA1_DROME	28.5	3000	1813	68	684804	676201	365	3165	0.0	1108
CP031828.1	sp|P53675|CLH2_HUMAN	42.2	1581	709	17	131514	126793	228	1610	0.0	1105
CP031828.1	sp|P34574|CLH_CAEEL	40.6	1580	742	15	131514	126790	226	1613	0.0	1060
CP031828.1	sp|P40976|LYS2_SCHPO	45.8	1340	617	24	2499072	2502980	130	1397	0.0	1055
CP031828.1	sp|P25870|CLH_DICDI	39.5	1589	742	16	131514	126793	228	1611	2.97e-317	1018
CP031828.1	sp|Q10161|CLH_SCHPO	38.5	1596	743	16	131514	126793	227	1605	4.19e-313	1005
CP031828.1	sp|O74298|LYS2_PENCH	44.2	1298	555	26	2499306	2502974	184	1387	3.30e-309	984
CP031828.1	sp|Q2RBN7|CLH1_ORYSJ	38.7	1584	760	14	131514	126793	242	1624	5.04e-305	983
CP031828.1	sp|Q2QYW2|CLH2_ORYSJ	38.6	1584	761	14	131514	126793	242	1624	1.26e-304	982
CP031828.1	sp|O13395|CHS6_USTMA	55.6	860	371	8	870191	872755	59	912	4.98e-304	960
CP031828.1	sp|Q0WLB5|CLAH2_ARATH	37.5	1589	772	14	131514	126793	242	1624	2.25e-294	952
CP031828.1	sp|J9VF17|CHS4_CRYNH	54.9	867	377	5	870200	872761	155	1020	8.26e-294	934
CP031828.1	sp|Q0WNJ6|CLAH1_ARATH	37.6	1582	780	13	131514	126793	242	1624	5.01e-293	948
CP031828.1	sp|Q6FMI5|LYS2_CANGA	44.2	1277	603	21	2499312	2503016	158	1366	6.29e-293	936
CP031828.1	sp|P22137|CLH_YEAST	36.7	1593	782	15	131514	126790	234	1617	7.05e-293	946
CP031829.1	sp|O60072|MUG81_SCHPO	43.6	1709	778	18	1588653	1593761	205	1733	0.0	1318
CP031829.1	sp|Q54F05|DHX8_DICDI	64.4	989	319	6	553493	550566	192	1160	0.0	1258
CP031829.1	sp|Q14562|DHX8_HUMAN	64.3	982	322	7	553484	550563	258	1218	0.0	1253
CP031829.1	sp|A2A4P0|DHX8_MOUSE	64.3	982	322	7	553484	550563	282	1242	0.0	1253
CP031829.1	sp|E1BNG3|ASCC3_BOVIN	42.8	1735	749	24	1588653	1593761	402	1925	0.0	1248
CP031829.1	sp|E9PZJ8|ASCC3_MOUSE	42.7	1737	748	25	1588653	1593761	403	1926	0.0	1240
CP031829.1	sp|Q8N3C0|ASCC3_HUMAN	42.5	1737	752	24	1588653	1593761	402	1925	0.0	1237
CP031829.1	sp|F1NTD6|ASCC3_CHICK	42.4	1725	770	22	1588653	1593761	411	1934	0.0	1235
CP031829.1	sp|A1Z9L3|DHX8_DROME	63.8	983	322	6	553478	550563	280	1239	0.0	1227
CP031829.1	sp|Q38953|DEAH5_ARATH	63.5	978	323	9	553472	550572	211	1165	0.0	1218
CP031829.1	sp|F1LPQ2|ASCC3_RAT	41.9	1738	759	27	1588653	1593761	403	1925	0.0	1208
CP031829.1	sp|O42643|PRP22_SCHPO	54.9	1166	438	16	553871	550554	31	1168	0.0	1182
CP031829.1	sp|A5DI11|EF2_PICGU	71.9	797	177	1	1489173	1491563	93	842	0.0	1157
CP031829.1	sp|Q6BJ25|EF2_DEBHA	70.8	797	186	1	1489173	1491563	93	842	0.0	1150
CP031829.1	sp|Q874B9|EF2_PICPA	70.3	797	190	1	1489173	1491563	93	842	0.0	1145
CP031829.1	sp|Q5A0M4|EF2_CANAL	71.4	797	181	1	1489173	1491563	93	842	0.0	1144
CP031829.1	sp|C4YJQ8|EF2_CANAW	71.4	797	181	1	1489173	1491563	93	842	0.0	1144
CP031829.1	sp|Q09530|MOG5_CAEEL	60.6	991	337	10	553466	550563	233	1193	0.0	1144
CP031829.1	sp|P53327|SLH1_YEAST	39.7	1737	836	25	1588653	1593791	212	1761	0.0	1142
CP031829.1	sp|O14460|EF2_SCHPO	70.6	795	187	1	1489179	1491563	95	842	0.0	1136
CP031829.1	sp|Q875S0|EF2_LACK1	70.1	797	191	1	1489173	1491563	93	842	0.0	1133
CP031829.1	sp|P32324|EF2_YEAST	70.3	797	190	1	1489173	1491563	93	842	0.0	1132
CP031829.1	sp|Q754C8|EF2_ASHGO	70.3	797	190	1	1489173	1491563	93	842	0.0	1131
CP031829.1	sp|Q6CPQ9|EF2_KLULA	69.4	797	197	1	1489173	1491563	93	842	0.0	1124
CP031829.1	sp|Q6FYA7|EF2_CANGA	69.1	795	199	1	1489179	1491563	95	842	0.0	1119
CP031830.1	sp|P78820|ACAC_SCHPO	51.7	1552	689	17	1191332	1195855	743	2278	0.0	1515
CP031830.1	sp|Q9C102|GLT1_SCHPO	65.2	1101	332	7	571090	574374	1052	2107	0.0	1428
CP031830.1	sp|Q00955|ACAC_YEAST	49.2	1522	735	18	1191332	1195849	733	2232	0.0	1378
CP031830.1	sp|Q0JKD0|GLT1_ORYSJ	60.1	1091	372	10	571090	574329	1105	2143	0.0	1271
CP031830.1	sp|Q03460|GLSN_MEDSA	58.6	1101	401	11	571090	574344	1106	2167	0.0	1265
CP031830.1	sp|Q0DG35|GLT2_ORYSJ	59.0	1101	392	13	571090	574341	1111	2169	0.0	1261
CP031830.1	sp|Q9LV03|GLUT1_ARATH	58.5	1106	387	12	571090	574329	1124	2183	0.0	1261
CP031830.1	sp|Q12680|GLT1_YEAST	56.0	1130	419	12	571093	574374	1046	2133	0.0	1199
CP031830.1	sp|O00763|ACACB_HUMAN	42.2	1556	820	24	1191332	1195855	927	2451	0.0	1122
CP031830.1	sp|E9Q4Z2|ACACB_MOUSE	41.4	1555	835	22	1191332	1195855	917	2441	0.0	1105
CP031830.1	sp|P53914|NAT10_YEAST	57.9	1059	366	14	549909	553052	64	1053	0.0	1103
CP031830.1	sp|Q13085|ACACA_HUMAN	40.8	1587	831	28	1191332	1195855	784	2340	0.0	1097
CP031830.1	sp|A5DI11|EF2_PICGU	76.2	665	158	0	527881	529875	178	842	0.0	1052
CP031830.1	sp|P87115|NAT10_SCHPO	58.3	1005	335	12	549909	552902	64	991	0.0	1048
CP031830.1	sp|P32324|EF2_YEAST	74.4	665	170	0	527881	529875	178	842	0.0	1033
CP031830.1	sp|Q6CPQ9|EF2_KLULA	74.0	666	173	0	527878	529875	177	842	0.0	1031
CP031830.1	sp|Q6BJ25|EF2_DEBHA	74.2	666	172	0	527878	529875	177	842	0.0	1030
CP031830.1	sp|Q875Z2|EF2_NAUCC	74.3	666	171	0	527878	529875	177	842	0.0	1028
CP031830.1	sp|O14460|EF2_SCHPO	74.3	665	171	0	527881	529875	178	842	0.0	1026
CP031830.1	sp|Q96X45|EF2_NEUCR	72.6	667	181	2	527878	529875	179	844	0.0	1011
CP031830.1	sp|Q9H0A0|NAT10_HUMAN	55.1	996	356	13	549909	552881	63	972	0.0	998
CP031830.1	sp|Q8K224|NAT10_MOUSE	54.8	994	362	12	549909	552881	63	972	7.86e-318	993
CP031830.1	sp|P29691|EF2_CAEEL	68.1	667	207	2	527881	529875	190	852	1.75e-299	932
CP031830.1	sp|Q7XPY2|PMA1_ORYSJ	56.9	875	325	10	1153757	1151148	31	858	6.78e-297	929
CP031830.1	sp|Q1HPK6|EF2_BOMMO	67.3	667	212	3	527881	529875	182	844	1.86e-295	920
CP031831.1	sp|Q09794|PYR1_SCHPO	73.2	787	186	3	925841	928138	89	871	0.0	1165
CP031831.1	sp|O93937|PYR1_EMENI	72.0	793	200	3	925841	928153	90	882	0.0	1162
CP031831.1	sp|P07259|PYR1_YEAST	71.9	791	198	5	925841	928150	52	839	0.0	1149
CP031831.1	sp|O94489|EF3_SCHPO	52.3	1062	465	15	280777	283905	8	1046	5.38e-313	980
CP031831.1	sp|O93796|EF3_CANGA	52.2	976	425	12	280933	283800	52	1005	1.01e-296	933
CP031831.1	sp|P29551|EF3_PNECA	49.3	1058	488	15	280798	283911	13	1042	1.69e-296	932
CP031831.1	sp|P53978|EF3B_YEAST	52.7	971	410	12	281008	283848	76	1021	2.46e-296	932
CP031831.1	sp|Q75EV6|EF3_ASHGO	52.2	967	423	11	280972	283818	66	1011	2.88e-295	929
CP031831.1	sp|P16521|EF3A_YEAST	50.6	1026	449	17	280798	283800	13	1005	1.34e-294	927
CP031831.1	sp|P25997|EF3_CANAL	52.0	963	424	12	280969	283800	68	1011	3.56e-293	923
CP031831.1	sp|P20054|PYR1_DICDI	61.0	775	282	10	925841	928135	39	803	3.09e-275	913
CP031831.1	sp|Q8T673|ABCGL_DICDI	41.3	1253	616	18	375196	371498	47	1200	2.04e-273	882
CP031831.1	sp|Q55DR1|ABCGE_DICDI	40.6	1261	639	17	375202	371474	30	1198	3.13e-270	872
CP031831.1	sp|Q91437|PYR1_SQUAC	59.8	781	282	9	925841	928138	32	795	7.26e-270	897
CP031831.1	sp|Q55DQ2|ABCGB_DICDI	42.3	1161	589	13	374944	371498	101	1192	3.33e-268	866
CP031831.1	sp|P27708|PYR1_HUMAN	60.1	781	276	10	925841	928138	32	791	2.67e-267	889
CP031831.1	sp|Q18990|PYR1_CAEEL	60.4	773	283	7	925841	928138	33	789	6.53e-267	887
CP031831.1	sp|P31327|CPSM_HUMAN	57.2	773	298	11	925841	928135	76	823	8.31e-267	864
CP031831.1	sp|Q8T683|ABCG9_DICDI	40.4	1257	626	15	375196	371498	48	1205	1.14e-266	862
CP031831.1	sp|Q556W2|ABCGH_DICDI	41.4	1238	600	16	375112	371489	91	1233	1.40e-266	863
CP031831.1	sp|Q8C196|CPSM_MOUSE	56.9	771	303	10	925841	928135	76	823	9.52e-266	861
CP031831.1	sp|Q54CG0|ABCGA_DICDI	40.6	1265	610	19	375196	371528	50	1215	1.20e-265	860
CP031831.1	sp|P07756|CPSM_RAT	56.7	771	305	10	925841	928135	76	823	2.72e-264	857
CP031831.1	sp|P05990|PYR1_DROME	58.6	783	284	10	925841	928138	43	802	3.44e-264	880
CP031831.1	sp|Q8T675|ABCGJ_DICDI	39.8	1297	650	20	375334	371498	17	1200	7.10e-264	854
CP031832.1	sp|Q02061|RPB2_SCHPO	66.1	651	198	6	215848	213938	111	752	4.58e-270	862
CP031832.1	sp|A5DHT2|RPB2_PICGU	61.0	662	227	8	215848	213938	117	772	3.03e-247	796
CP031832.1	sp|Q42877|RPB2_SOLLC	62.2	641	202	8	215848	213938	121	725	7.42e-244	785
CP031832.1	sp|P38420|NRPB2_ARATH	61.7	640	207	7	215848	213938	122	726	6.66e-242	779
CP031832.1	sp|Q54J75|RPB2_DICDI	60.3	638	210	11	215848	213938	119	714	3.66e-236	762
CP031832.1	sp|P30876|RPB2_HUMAN	60.6	642	205	9	215848	213938	120	718	1.03e-235	761
CP031832.1	sp|Q8CFI7|RPB2_MOUSE	60.6	642	205	9	215848	213938	120	718	1.03e-235	761
CP031832.1	sp|Q753Q4|RPB2_ASHGO	59.1	656	235	9	215848	213938	120	761	5.99e-235	760
CP031832.1	sp|Q6FLD5|RPB2_CANGA	58.5	653	243	7	215848	213938	122	762	1.31e-233	756
CP031832.1	sp|P08518|RPB2_YEAST	57.7	653	247	7	215848	213938	124	763	1.79e-231	750
CP031832.1	sp|P08266|RPB2_DROME	58.9	642	217	9	215848	213938	121	720	6.38e-227	735
CP031832.1	sp|Q10578|RPB2_CAEEL	58.9	644	212	7	215848	213938	127	724	7.63e-225	730
CP031832.1	sp|Q01373|FOX2_NEUCR	47.9	812	289	14	918482	920875	1	692	5.56e-212	681
CP031832.1	sp|Q8SR75|RPB2_ENCCU	54.9	639	235	8	215848	213938	102	689	7.49e-212	690
CP031832.1	sp|Q02207|FOX2_YEAST	38.3	812	356	17	918494	920875	4	688	2.31e-148	497
CP031832.1	sp|P22414|FOX2_CANTR	36.8	818	389	14	918497	920905	4	708	1.39e-137	466
CP031832.1	sp|P51659|DHB4_HUMAN	52.5	415	148	6	919598	920803	2	380	2.87e-117	400
CP031832.1	sp|O27124|RPOB1_METTH	48.7	386	196	2	213882	212728	147	531	3.11e-115	390
CP031832.1	sp|P09845|RPOB1_METTW	48.3	387	197	3	213882	212728	147	532	2.34e-113	384
CP031832.1	sp|P97852|DHB4_RAT	51.9	412	150	7	919604	920803	4	379	6.50e-113	388
CP031832.1	sp|O28392|RPOB1_ARCFU	49.6	387	191	2	213882	212728	147	531	7.88e-111	377
CP031832.1	sp|P51660|DHB4_MOUSE	50.7	420	158	7	919604	920824	4	387	2.12e-110	380
CP031832.1	sp|Q60181|RPOB1_METJA	49.5	386	193	2	213882	212728	152	536	3.73e-110	376
CP031832.1	sp|P31814|RPOB_THECE	51.6	386	182	3	213879	212731	665	1048	3.83e-110	391
CP031832.1	sp|P11513|RPOB_SULAC	50.8	388	185	4	213882	212728	661	1045	1.09e-108	387
