JAJSME010000001.1	sp|Q9JHU4|DYHC1_MOUSE	62.5	3154	1120	17	1031700	1041083	1235	4350	0.0	3962
JAJSME010000001.1	sp|Q14204|DYHC1_HUMAN	62.6	3154	1117	18	1031700	1041083	1237	4352	0.0	3961
JAJSME010000001.1	sp|P38650|DYHC1_RAT	62.3	3154	1125	18	1031700	1041083	1235	4350	0.0	3952
JAJSME010000001.1	sp|P37276|DYHC_DROME	62.6	3155	1111	22	1031700	1041083	1227	4340	0.0	3885
JAJSME010000001.1	sp|P45444|DYHC_EMENI	61.8	3140	1111	22	1031697	1041083	1274	4337	0.0	3788
JAJSME010000001.1	sp|P45443|DYHC_NEUCR	61.5	3140	1127	20	1031703	1041083	1285	4355	0.0	3779
JAJSME010000001.1	sp|P78716|DYHC_FUSVN	59.8	3133	1177	20	1031697	1041083	1286	4341	0.0	3709
JAJSME010000001.1	sp|P34036|DYHC_DICDI	55.0	3185	1312	25	1031706	1041068	1306	4434	0.0	3497
JAJSME010000001.1	sp|Q19020|DYHC_CAEEL	53.8	3154	1365	24	1031703	1041071	1205	4296	0.0	3303
JAJSME010000001.1	sp|Q27171|DYHC_PARTE	47.8	3158	1533	32	1031703	1041083	1182	4253	0.0	2830
JAJSME010000001.1	sp|Q8IBG1|DYHC1_PLAF7	42.0	3373	1661	43	1031706	1041080	1323	4648	0.0	2528
JAJSME010000001.1	sp|Q9C102|GLT1_SCHPO	65.4	1840	595	6	1749203	1743708	304	2110	0.0	2455
JAJSME010000001.1	sp|Q12680|GLT1_YEAST	59.0	1881	686	14	1749203	1743708	292	2136	0.0	2154
JAJSME010000001.1	sp|Q0JKD0|GLT1_ORYSJ	58.1	1882	699	19	1749203	1743672	337	2167	0.0	2110
JAJSME010000001.1	sp|Q03460|GLSN_MEDSA	57.6	1867	709	19	1749203	1743747	336	2167	0.0	2082
JAJSME010000001.1	sp|Q0DG35|GLT2_ORYSJ	56.8	1886	731	20	1749203	1743672	344	2188	0.0	2075
JAJSME010000001.1	sp|Q9LV03|GLUT1_ARATH	56.9	1865	718	18	1749203	1743762	354	2183	0.0	2074
JAJSME010000001.1	sp|Q9C1M7|DYHC_ASHGO	36.5	3102	1761	37	1031703	1040963	1133	4038	0.0	1993
JAJSME010000001.1	sp|P36022|DYHC_YEAST	33.0	2989	1809	36	1031772	1040702	1168	3974	0.0	1639
JAJSME010000001.1	sp|Q9JJ79|DYHC2_RAT	30.8	3149	1928	58	1031733	1041005	1045	4000	0.0	1397
JAJSME010000001.1	sp|Q45VK7|DYHC2_MOUSE	30.5	3149	1934	57	1031733	1041005	1045	4000	0.0	1379
JAJSME010000001.1	sp|Q8NCM8|DYHC2_HUMAN	31.0	3155	1918	64	1031733	1041005	1045	4001	0.0	1366
JAJSME010000001.1	sp|Q8IVF4|DYH10_HUMAN	29.5	3140	1996	59	1031811	1041083	1214	4189	0.0	1343
JAJSME010000001.1	sp|P0C6F1|DYH2_MOUSE	29.8	3164	1978	60	1031742	1041068	1192	4166	0.0	1330
JAJSME010000001.1	sp|Q9SMH3|DYH1A_CHLRE	29.2	3158	1992	60	1031772	1041011	1327	4319	0.0	1320
JAJSME010000010.1	sp|P78820|ACAC_SCHPO	52.9	1543	684	16	422921	418398	742	2277	0.0	1584
JAJSME010000010.1	sp|Q00955|ACAC_YEAST	49.6	1523	729	18	422921	418401	732	2232	0.0	1418
JAJSME010000010.1	sp|O00763|ACACB_HUMAN	41.4	1544	850	21	422921	418398	926	2450	0.0	1128
JAJSME010000010.1	sp|P11029|ACAC_CHICK	40.8	1555	853	27	422921	418398	783	2316	0.0	1122
JAJSME010000010.1	sp|E9Q4Z2|ACACB_MOUSE	41.1	1544	854	21	422921	418398	916	2440	0.0	1112
JAJSME010000010.1	sp|Q5SWU9|ACACA_MOUSE	40.1	1579	853	30	422921	418398	782	2338	0.0	1107
JAJSME010000010.1	sp|Q9TTS3|ACACA_BOVIN	40.2	1581	848	30	422921	418398	783	2339	0.0	1107
JAJSME010000010.1	sp|Q28559|ACACA_SHEEP	40.2	1581	848	30	422921	418398	783	2339	0.0	1107
JAJSME010000010.1	sp|P11497|ACACA_RAT	40.3	1579	850	30	422921	418398	782	2338	0.0	1106
JAJSME010000010.1	sp|Q13085|ACACA_HUMAN	39.9	1579	856	29	422921	418398	783	2339	0.0	1098
JAJSME010000010.1	sp|A6ZMR9|HFA1_YEAS7	40.5	1515	835	28	422921	418440	801	2269	0.0	1055
JAJSME010000010.1	sp|P32874|HFA1_YEAST	40.5	1515	835	28	422921	418440	801	2269	0.0	1052
JAJSME010000010.1	sp|C7GRE4|HFA1_YEAS2	41.2	1448	793	24	422921	418635	801	2209	0.0	1051
JAJSME010000010.1	sp|C8ZF72|HFA1_YEAS8	40.3	1515	837	28	422921	418440	801	2269	0.0	1050
JAJSME010000010.1	sp|B3LM95|HFA1_YEAS1	40.3	1515	838	28	422921	418440	801	2269	0.0	1050
JAJSME010000010.1	sp|P00365|DHE2_NEUCR	55.9	918	359	8	305902	303173	162	1041	0.0	997
JAJSME010000010.1	sp|Q91V92|ACLY_MOUSE	59.1	845	307	9	237996	235465	95	901	4.81e-308	966
JAJSME010000010.1	sp|Q2TCH3|ACLY_SHEEP	58.5	849	315	7	237996	235465	95	911	1.70e-307	965
JAJSME010000010.1	sp|P53396|ACLY_HUMAN	58.2	849	318	7	237996	235465	95	911	2.31e-307	964
JAJSME010000010.1	sp|P16638|ACLY_RAT	58.1	848	319	7	237996	235465	95	910	5.62e-307	963
JAJSME010000010.1	sp|Q32PF2|ACLY_BOVIN	58.7	845	310	9	237996	235465	95	901	3.07e-305	958
JAJSME010000010.1	sp|P87141|MIP1_SCHPO	48.7	1046	419	12	335632	338745	121	1056	1.47e-285	910
JAJSME010000010.1	sp|Q54VI3|GLUD2_DICDI	52.4	906	369	10	305854	303170	184	1038	4.05e-281	886
JAJSME010000010.1	sp|Q54J08|ACAC_DICDI	37.0	1619	882	35	422921	418401	684	2276	2.83e-277	919
JAJSME010000010.1	sp|Q9USN5|GDH2_SCHPO	50.1	913	402	11	305857	303170	223	1098	5.43e-269	854
JAJSME010000011.1	sp|A5DI11|EF2_PICGU	75.2	848	163	4	654241	651698	4	804	0.0	1266
JAJSME010000011.1	sp|Q6BJ25|EF2_DEBHA	74.6	848	168	4	654241	651698	4	804	0.0	1255
JAJSME010000011.1	sp|Q5A0M4|EF2_CANAL	74.2	841	170	4	654241	651719	4	797	0.0	1245
JAJSME010000011.1	sp|C4YJQ8|EF2_CANAW	74.2	841	170	4	654241	651719	4	797	0.0	1245
JAJSME010000011.1	sp|Q875S0|EF2_LACK1	73.7	848	176	4	654241	651698	4	804	0.0	1243
JAJSME010000011.1	sp|P32324|EF2_YEAST	73.2	848	180	4	654241	651698	4	804	0.0	1239
JAJSME010000011.1	sp|Q874B9|EF2_PICPA	73.8	847	175	4	654244	651704	3	802	0.0	1236
JAJSME010000011.1	sp|Q754C8|EF2_ASHGO	72.8	848	184	4	654241	651698	4	804	0.0	1231
JAJSME010000011.1	sp|Q6CPQ9|EF2_KLULA	72.8	848	184	4	654241	651698	4	804	0.0	1229
JAJSME010000011.1	sp|Q875Z2|EF2_NAUCC	72.8	848	184	4	654241	651698	4	804	0.0	1223
JAJSME010000011.1	sp|Q6FYA7|EF2_CANGA	72.6	848	185	4	654241	651698	4	804	0.0	1221
JAJSME010000011.1	sp|Q96X45|EF2_NEUCR	71.9	842	191	3	654244	651719	3	798	0.0	1212
JAJSME010000011.1	sp|O14460|EF2_SCHPO	70.3	848	205	3	654241	651698	4	804	0.0	1196
JAJSME010000011.1	sp|Q3SYU2|EF2_BOVIN	65.5	858	233	5	654244	651719	3	813	0.0	1107
JAJSME010000011.1	sp|A0SXL6|EF2_CALJA	65.4	858	234	5	654244	651719	3	813	0.0	1107
JAJSME010000011.1	sp|P58252|EF2_MOUSE	65.3	858	235	5	654244	651719	3	813	0.0	1105
JAJSME010000011.1	sp|P05197|EF2_RAT	65.3	858	235	5	654244	651719	3	813	0.0	1105
JAJSME010000011.1	sp|P13639|EF2_HUMAN	65.3	858	235	5	654244	651719	3	813	0.0	1105
JAJSME010000011.1	sp|Q5R8Z3|EF2_PONAB	65.3	858	235	5	654244	651719	3	813	0.0	1105
JAJSME010000011.1	sp|P09445|EF2_CRIGR	65.2	858	236	5	654244	651719	3	813	0.0	1103
JAJSME010000011.1	sp|Q90705|EF2_CHICK	65.2	858	236	5	654244	651719	3	813	0.0	1101
JAJSME010000011.1	sp|Q1HPK6|EF2_BOMMO	66.1	844	237	5	654244	651719	3	799	0.0	1098
JAJSME010000011.1	sp|P29691|EF2_CAEEL	65.3	844	252	5	654244	651719	3	807	0.0	1093
JAJSME010000011.1	sp|P13060|EF2_DROME	65.3	844	244	5	654244	651719	3	799	0.0	1085
JAJSME010000011.1	sp|P15112|EF2_DICDI	62.7	853	268	4	654244	651689	3	806	0.0	1049
JAJSME010000012.1	sp|P36602|RIR1_SCHPO	67.5	832	201	6	234711	237188	42	810	0.0	1142
JAJSME010000012.1	sp|P23921|RIR1_HUMAN	67.7	847	194	6	234645	237185	24	790	0.0	1140
JAJSME010000012.1	sp|P07742|RIR1_MOUSE	67.4	847	196	6	234645	237185	24	790	0.0	1137
JAJSME010000012.1	sp|Q5R919|RIR1_PONAB	67.4	847	196	6	234645	237185	24	790	0.0	1136
JAJSME010000012.1	sp|P79732|RIR1_DANRE	66.4	847	207	5	234645	237185	24	792	0.0	1122
JAJSME010000012.1	sp|P48591|RIR1_DROME	65.8	825	215	5	234711	237185	53	810	0.0	1103
JAJSME010000012.1	sp|P21524|RIR1_YEAST	66.4	801	191	5	234711	237098	42	769	0.0	1098
JAJSME010000012.1	sp|Q9UW15|RIR1_NEUCR	67.3	797	188	4	234711	237098	42	766	0.0	1095
JAJSME010000012.1	sp|Q03604|RIR1_CAEEL	64.6	827	207	4	234711	237191	48	788	0.0	1076
JAJSME010000012.1	sp|P21672|RIR3_YEAST	66.9	762	197	4	234711	236981	42	753	0.0	1068
JAJSME010000012.1	sp|Q9P7X8|RPA2_SCHPO	73.5	667	163	3	372568	370607	420	1085	0.0	1034
JAJSME010000012.1	sp|Q9SJ20|RIR1_ARATH	60.1	850	237	7	234711	237185	42	814	0.0	1021
JAJSME010000012.1	sp|Q76RD8|RIR1_VACCA	64.1	779	225	5	234645	236981	24	747	0.0	1015
JAJSME010000012.1	sp|P20503|RIR1_VACCC	64.1	779	225	5	234645	236981	24	747	0.0	1015
JAJSME010000012.1	sp|P12848|RIR1_VACCW	64.1	779	225	5	234645	236981	24	747	0.0	1015
JAJSME010000012.1	sp|P0DSV1|RIR1_VAR67	63.7	779	228	5	234645	236981	24	747	0.0	1010
JAJSME010000012.1	sp|P0DSV2|RIR1_VARV	63.7	779	228	5	234645	236981	24	747	0.0	1010
JAJSME010000012.1	sp|Q54Q71|RIR1_DICDI	64.7	759	225	4	234711	236981	60	777	0.0	1000
JAJSME010000012.1	sp|P50648|RIR1_PLAF4	59.3	830	269	9	234714	237191	42	806	0.0	990
JAJSME010000012.1	sp|Q01576|ACSA_PHYB8	72.5	662	119	3	54128	56107	52	652	0.0	984
JAJSME010000012.1	sp|O61065|RIR1_CRYPV	56.6	837	277	10	234714	237191	42	803	1.00e-304	944
JAJSME010000012.1	sp|P50647|RIR1_PLAFG	57.3	831	281	10	234714	237191	43	804	1.41e-304	943
JAJSME010000012.1	sp|Q75DS1|RPA2_ASHGO	69.4	660	199	3	372568	370598	437	1096	1.98e-300	948
JAJSME010000012.1	sp|P22138|RPA2_YEAST	67.8	661	208	5	372568	370598	444	1103	2.14e-295	934
JAJSME010000012.1	sp|O15909|RIR1_TRYBB	58.1	771	255	5	234723	236981	51	771	4.60e-293	912
JAJSME010000013.1	sp|P45353|HIS2_PICPA	52.5	840	329	9	439613	442117	65	839	2.53e-252	795
JAJSME010000013.1	sp|P07685|HIS2_NEUCR	53.2	846	340	12	439610	442123	71	868	1.44e-250	791
JAJSME010000013.1	sp|Q4PE39|SEC23_USTMA	51.6	814	280	9	360315	362738	60	765	9.77e-225	712
JAJSME010000013.1	sp|Q12670|HIS2_SACBA	53.2	770	297	12	439820	442117	81	791	3.22e-224	712
JAJSME010000013.1	sp|O13471|HIS2_KLULA	55.7	693	257	8	440054	442117	140	787	3.33e-221	703
JAJSME010000013.1	sp|P00815|HIS2_YEAST	56.0	693	254	8	440054	442117	145	791	1.13e-219	699
JAJSME010000013.1	sp|O74712|HIS2_CANAX	52.4	729	280	14	439967	442108	155	831	1.07e-210	674
JAJSME010000013.1	sp|P0CR39|SEC23_CRYNB	49.3	816	287	9	360312	362738	60	755	8.86e-210	669
JAJSME010000013.1	sp|P0CR38|SEC23_CRYNJ	49.3	816	287	9	360312	362738	60	755	8.86e-210	669
JAJSME010000013.1	sp|O74873|SC231_SCHPO	45.8	810	321	7	360315	362738	60	753	3.33e-192	618
JAJSME010000013.1	sp|Q54EW1|GLYC2_DICDI	67.1	420	127	3	53554	54786	62	479	3.17e-190	600
JAJSME010000013.1	sp|Q2URM9|SEC23_ASPOR	44.6	835	321	11	360279	362738	55	762	1.17e-187	605
JAJSME010000013.1	sp|A1CRW7|SEC23_ASPCL	44.6	835	321	11	360279	362738	55	762	8.02e-187	602
JAJSME010000013.1	sp|A2Q8L1|SEC23_ASPNC	44.9	829	326	11	360279	362738	55	761	9.76e-187	602
JAJSME010000013.1	sp|A4R1J7|SEC23_MAGO7	44.9	827	331	10	360279	362738	55	763	6.58e-186	600
JAJSME010000013.1	sp|Q4WK80|SEC23_ASPFU	44.2	835	324	11	360279	362738	55	762	1.24e-185	600
JAJSME010000013.1	sp|A1D4S4|SEC23_NEOFI	44.2	835	324	11	360279	362738	55	762	1.68e-185	599
JAJSME010000013.1	sp|Q9C284|SEC23_NEUCR	45.1	829	307	11	360315	362738	67	768	3.60e-185	598
JAJSME010000013.1	sp|Q5BGR9|SEC23_EMENI	45.0	828	329	11	360279	362738	55	764	4.30e-185	598
JAJSME010000013.1	sp|Q0CUU1|SEC23_ASPTN	45.5	820	313	12	360315	362738	67	764	2.71e-184	595
JAJSME010000013.1	sp|Q0US25|SEC23_PHANO	44.6	816	330	11	360315	362738	68	769	2.74e-183	593
JAJSME010000013.1	sp|Q2HB00|SEC23_CHAGB	43.9	839	325	10	360279	362738	55	766	3.38e-183	592
JAJSME010000013.1	sp|Q1DY01|SEC23_COCIM	44.6	828	334	11	360279	362738	55	765	6.05e-183	592
JAJSME010000013.1	sp|Q4P521|LYS4_USTMA	63.0	486	147	4	558397	559836	13	471	8.14e-183	590
JAJSME010000013.1	sp|O94335|STT3_SCHPO	52.6	544	246	2	612207	613838	207	738	3.72e-176	571
JAJSME010000014.1	sp|Q01877|HSP71_PUCGR	81.8	653	104	2	110341	108413	1	648	0.0	1038
JAJSME010000014.1	sp|Q96W30|HSP72_PARBA	79.4	659	115	4	110341	108413	1	654	0.0	1021
JAJSME010000014.1	sp|O93866|HSP70_TRIRU	78.8	659	119	4	110341	108413	1	654	0.0	1008
JAJSME010000014.1	sp|J9VZ70|HSP71_CRYNH	79.2	655	112	4	110341	108413	1	643	0.0	1004
JAJSME010000014.1	sp|F5HB71|HSP71_CRYNB	79.4	652	113	4	110341	108413	1	640	0.0	1001
JAJSME010000014.1	sp|Q5KKP4|HSP71_CRYNJ	79.4	652	113	4	110341	108413	1	640	0.0	1001
JAJSME010000014.1	sp|P53421|HSP71_PICAN	80.1	648	121	4	110341	108413	1	645	0.0	1001
JAJSME010000014.1	sp|P48720|HSP70_BLAEM	80.3	649	111	5	110332	108413	9	649	0.0	999
JAJSME010000014.1	sp|Q10265|HSP71_SCHPO	82.4	614	108	0	110341	108500	1	614	0.0	999
JAJSME010000014.1	sp|O59855|HSP72_SCHPO	81.8	614	112	0	110341	108500	1	614	0.0	999
JAJSME010000014.1	sp|Q01233|HSP70_NEUCR	77.9	653	127	3	110341	108413	1	646	0.0	996
JAJSME010000014.1	sp|Q5B2V1|HSP70_EMENI	80.5	632	118	4	110341	108449	1	628	0.0	994
JAJSME010000014.1	sp|P53623|HSP72_PICAN	78.2	651	126	2	110341	108413	1	643	0.0	982
JAJSME010000014.1	sp|P46587|HSP72_CANAL	78.0	649	133	4	110341	108413	1	645	1.56e-318	976
JAJSME010000014.1	sp|P22202|HSP74_YEAST	77.9	647	134	2	110341	108413	1	642	4.70e-318	974
JAJSME010000014.1	sp|Q9I8F9|HSP71_ORYLA	77.2	640	138	2	110332	108413	8	639	4.72e-318	974
JAJSME010000014.1	sp|P87047|HSP71_PARBA	76.9	653	137	5	110341	108413	1	649	1.55e-317	973
JAJSME010000014.1	sp|Q00043|HSP70_AJECA	77.9	656	128	6	110341	108413	1	652	3.85e-317	975
JAJSME010000014.1	sp|Q91233|HSP70_ONCTS	76.2	642	146	2	110332	108413	8	644	6.25e-317	971
JAJSME010000014.1	sp|P40918|HSP70_DAVTA	77.1	650	135	5	110341	108413	1	643	1.13e-316	971
JAJSME010000014.1	sp|A2Q0Z1|HSP7C_HORSE	77.3	648	132	3	110332	108413	6	646	1.26e-316	971
JAJSME010000014.1	sp|P11142|HSP7C_HUMAN	77.3	648	132	3	110332	108413	6	646	1.26e-316	971
JAJSME010000014.1	sp|P63017|HSP7C_MOUSE	77.3	648	132	3	110332	108413	6	646	1.26e-316	971
JAJSME010000014.1	sp|Q5NVM9|HSP7C_PONAB	77.3	648	132	3	110332	108413	6	646	1.26e-316	971
JAJSME010000014.1	sp|P63018|HSP7C_RAT	77.3	648	132	3	110332	108413	6	646	1.26e-316	971
JAJSME010000015.1	sp|Q10105|GCN1_SCHPO	45.2	1390	634	9	40028	35901	1138	2413	0.0	1107
JAJSME010000015.1	sp|Q92616|GCN1_HUMAN	44.6	1379	648	14	40013	35892	1169	2436	0.0	1062
JAJSME010000015.1	sp|B0Y2K1|AGUA_ASPFC	61.2	841	316	7	172451	169944	5	840	0.0	1032
JAJSME010000015.1	sp|Q4WW45|AGUA_ASPFU	61.1	841	317	7	172451	169944	5	840	0.0	1031
JAJSME010000015.1	sp|B8NGU1|AGUA_ASPFN	60.7	826	316	6	172406	169944	18	839	0.0	1024
JAJSME010000015.1	sp|Q96WX9|AGUA_ASPNG	60.4	836	320	7	172433	169944	11	841	0.0	1020
JAJSME010000015.1	sp|A1DD80|AGUA_NEOFI	60.5	841	322	7	172451	169944	5	840	0.0	1019
JAJSME010000015.1	sp|Q0CJP9|AGUA_ASPTN	58.6	846	339	6	172466	169944	2	841	0.0	1014
JAJSME010000015.1	sp|O42814|AGUA_ASPTU	60.3	836	321	7	172433	169944	11	841	0.0	1014
JAJSME010000015.1	sp|A2R3X3|AGUA_ASPNC	60.3	836	321	7	172433	169944	11	841	0.0	1014
JAJSME010000015.1	sp|Q2UFP4|AGUA_ASPOR	60.3	826	315	7	172406	169944	18	835	0.0	1012
JAJSME010000015.1	sp|E9PVA8|GCN1_MOUSE	44.3	1379	652	14	40013	35892	1169	2436	2.14e-316	1046
JAJSME010000015.1	sp|A1CC12|AGUA_ASPCL	59.0	826	330	6	172406	169944	19	840	5.45e-316	978
JAJSME010000015.1	sp|Q5AQZ4|AGUA_EMENI	58.6	834	329	8	172406	169944	17	847	3.35e-313	970
JAJSME010000015.1	sp|P33892|GCN1_YEAST	42.6	1407	667	16	40025	35865	1107	2393	6.05e-304	1009
JAJSME010000015.1	sp|Q99024|AGUA_HYPJE	54.3	833	365	7	172406	169944	19	847	1.11e-284	888
JAJSME010000015.1	sp|Q54WR2|GCN1_DICDI	41.6	1368	660	19	40016	35958	1175	2418	4.84e-273	916
JAJSME010000015.1	sp|Q9UT02|SEC7A_SCHPO	39.9	1297	636	24	305103	308936	349	1520	1.07e-257	847
JAJSME010000015.1	sp|Q9P7V5|SEC7B_SCHPO	39.9	1286	614	24	305121	308930	375	1517	2.89e-256	843
JAJSME010000015.1	sp|F4I893|ILA_ARATH	38.6	1390	698	18	39995	35901	1208	2466	1.38e-244	831
JAJSME010000015.1	sp|P11075|SEC7_YEAST	38.7	1288	658	25	305148	308960	491	1663	5.38e-234	783
JAJSME010000015.1	sp|O46382|BIG1_BOVIN	34.8	1554	766	37	304371	308936	153	1491	9.06e-216	724
JAJSME010000015.1	sp|G3X9K3|BIG1_MOUSE	34.9	1564	748	38	304371	308936	153	1488	1.14e-215	724
JAJSME010000015.1	sp|Q9Y6D6|BIG1_HUMAN	34.2	1574	749	38	304371	308936	153	1491	5.45e-215	722
JAJSME010000015.1	sp|D4A631|BIG1_RAT	34.8	1565	749	39	304371	308936	153	1488	1.25e-214	721
JAJSME010000016.1	sp|O74378|ODO1_SCHPO	53.9	866	311	10	67220	69784	55	843	8.09e-295	924
JAJSME010000016.1	sp|P20967|ODO1_YEAST	53.7	868	317	11	67220	69787	52	846	2.47e-290	911
JAJSME010000016.1	sp|A8NEP3|TRP_COPC7	64.2	632	212	6	426788	428665	71	694	1.39e-257	803
JAJSME010000016.1	sp|P13228|TRP_NEUCR	61.3	640	236	4	426788	428677	71	708	3.52e-256	800
JAJSME010000016.1	sp|P16578|TRP_COPCI	63.7	633	215	7	426788	428665	71	695	1.11e-253	792
JAJSME010000016.1	sp|Q54JE4|ODO1_DICDI	45.6	912	380	17	67214	69889	54	869	7.86e-245	780
JAJSME010000016.1	sp|O13831|TRP_SCHPO	59.0	636	245	5	426788	428677	72	697	1.26e-243	763
JAJSME010000016.1	sp|P00931|TRP_YEAST	58.9	633	254	4	426788	428677	72	701	1.62e-238	749
JAJSME010000016.1	sp|Q60HE2|ODO1_MACFA	46.1	876	377	17	67214	69784	55	854	1.06e-230	739
JAJSME010000016.1	sp|Q02218|ODO1_HUMAN	46.4	875	376	17	67214	69784	55	854	2.67e-230	738
JAJSME010000016.1	sp|Q5RCB8|ODO1_PONAB	46.4	875	376	17	67214	69784	55	854	2.67e-230	738
JAJSME010000016.1	sp|Q148N0|ODO1_BOVIN	46.4	875	376	17	67214	69784	55	854	1.68e-229	736
JAJSME010000016.1	sp|Q9ULD0|OGDHL_HUMAN	46.8	868	375	14	67214	69784	49	840	5.15e-229	734
JAJSME010000016.1	sp|Q68EW0|OGDHL_XENLA	46.7	875	372	17	67214	69784	50	848	5.68e-228	731
JAJSME010000016.1	sp|Q5R9L8|OGDHL_PONAB	46.7	868	376	14	67214	69784	49	840	1.11e-227	730
JAJSME010000016.1	sp|Q60597|ODO1_MOUSE	46.2	875	378	17	67214	69784	55	854	4.19e-227	729
JAJSME010000016.1	sp|Q5XI78|ODO1_RAT	45.9	875	380	17	67214	69784	55	854	1.94e-226	727
JAJSME010000016.1	sp|O61199|ODO1_CAEEL	45.6	878	375	18	67220	69784	59	856	2.01e-225	724
JAJSME010000016.1	sp|Q6P6Z8|ODO1_XENLA	45.7	873	383	15	67214	69784	55	852	2.88e-225	724
JAJSME010000016.1	sp|Q623T0|ODO1_CAEBR	45.2	873	386	16	67214	69784	58	854	2.54e-223	718
JAJSME010000016.1	sp|P45702|XYLA1_GEOSE	51.1	714	326	11	138811	140925	1	700	1.35e-216	686
JAJSME010000016.1	sp|B2S877|ODO1_BRUA1	40.1	876	401	14	67406	69982	123	891	3.78e-186	610
JAJSME010000016.1	sp|Q2YLS2|ODO1_BRUA2	40.1	876	401	14	67406	69982	123	891	3.78e-186	610
JAJSME010000016.1	sp|Q57AX5|ODO1_BRUAB	40.1	876	401	14	67406	69982	123	891	3.78e-186	610
JAJSME010000016.1	sp|A5VSQ0|ODO1_BRUO2	40.3	865	386	14	67406	69955	123	872	9.46e-186	608
JAJSME010000017.1	sp|O75643|U520_HUMAN	58.0	2228	815	15	155481	162095	1	2130	0.0	2530
JAJSME010000017.1	sp|Q6P4T2|U520_MOUSE	57.9	2228	816	15	155481	162095	1	2130	0.0	2529
JAJSME010000017.1	sp|F1LNJ2|U520_RAT	57.9	2231	816	16	155481	162095	1	2133	0.0	2524
JAJSME010000017.1	sp|Q9VUV9|U520_DROME	56.7	2215	865	18	155481	162089	1	2132	0.0	2457
JAJSME010000017.1	sp|Q9SYP1|DEXHC_ARATH	53.4	2235	924	27	155484	162083	8	2160	0.0	2254
JAJSME010000017.1	sp|Q9UT24|BRR2_SCHPO	51.9	2205	985	21	155505	162089	28	2166	0.0	2181
JAJSME010000017.1	sp|O48534|DEXHD_ARATH	51.8	2233	971	27	155484	162095	9	2165	0.0	2173
JAJSME010000017.1	sp|Q9U2G0|U520_CAEEL	51.2	2224	971	24	155481	162089	1	2130	0.0	2165
JAJSME010000017.1	sp|Q55CI8|HELCL_DICDI	48.4	2249	1072	27	155481	162071	1	2213	0.0	1986
JAJSME010000017.1	sp|P32639|BRR2_YEAST	40.8	2250	1199	39	155469	162083	2	2162	0.0	1591
JAJSME010000017.1	sp|Q9FNQ1|DEXHE_ARATH	45.8	1711	904	14	156966	162074	457	2151	0.0	1524
JAJSME010000017.1	sp|F1NTD6|ASCC3_CHICK	41.9	1961	1018	24	156507	162083	247	2188	0.0	1508
JAJSME010000017.1	sp|E1BNG3|ASCC3_BOVIN	43.6	1782	923	18	156936	162086	416	2180	0.0	1477
JAJSME010000017.1	sp|E9PZJ8|ASCC3_MOUSE	43.2	1781	930	17	156936	162083	417	2180	0.0	1462
JAJSME010000017.1	sp|Q8N3C0|ASCC3_HUMAN	43.1	1773	946	17	156936	162089	416	2181	0.0	1461
JAJSME010000017.1	sp|F1LPQ2|ASCC3_RAT	42.4	1785	945	19	156936	162095	417	2183	0.0	1438
JAJSME010000017.1	sp|Q54G57|ASCC3_DICDI	42.2	1757	932	25	156957	162056	428	2158	0.0	1395
JAJSME010000017.1	sp|E7F8F4|ASCC3_DANRE	44.1	1546	766	12	156966	161588	23	1475	0.0	1321
JAJSME010000017.1	sp|O60072|MUG81_SCHPO	38.8	1914	1076	31	156438	162044	61	1923	0.0	1293
JAJSME010000017.1	sp|P53327|SLH1_YEAST	42.0	1584	874	22	156921	161585	218	1786	0.0	1239
JAJSME010000017.1	sp|P06738|PHSG_YEAST	56.1	818	305	13	195671	198061	115	899	5.16e-288	900
JAJSME010000017.1	sp|Q00766|PHS1_DICDI	50.8	899	348	5	195362	198058	36	840	3.72e-287	895
JAJSME010000017.1	sp|P34114|PHS2_DICDI	54.1	795	315	3	195677	198061	164	908	1.48e-275	868
JAJSME010000017.1	sp|Q9SD76|PHS2_ARATH	48.9	806	350	9	195680	198061	81	836	3.41e-243	768
JAJSME010000017.1	sp|P53537|PHSH_VICFA	47.7	813	364	9	195665	198073	80	841	6.83e-235	744
JAJSME010000018.1	sp|Q92442|AGLU_MUCJA	39.8	983	368	21	542447	539595	27	817	2.09e-200	645
JAJSME010000018.1	sp|P87144|SYTC_SCHPO	66.3	409	129	3	114076	115287	248	652	7.18e-180	580
JAJSME010000018.1	sp|P04801|SYTC_YEAST	67.3	404	124	2	114076	115287	287	682	6.84e-177	572
JAJSME010000018.1	sp|Q54J66|SYTC1_DICDI	64.0	403	136	2	114076	115284	274	667	5.90e-167	543
JAJSME010000018.1	sp|Q9D0R2|SYTC_MOUSE	65.1	404	130	3	114076	115284	279	672	7.46e-166	540
JAJSME010000018.1	sp|Q5XHY5|SYTC_RAT	64.9	404	131	3	114076	115284	252	645	1.45e-165	538
JAJSME010000018.1	sp|Q3ZBV8|SYTC_BOVIN	65.3	404	129	3	114076	115284	280	673	2.26e-164	536
JAJSME010000018.1	sp|Q0V9S0|SYTC2_XENTR	65.6	404	128	3	114076	115284	371	764	6.20e-164	538
JAJSME010000018.1	sp|Q8BLY2|SYTC2_MOUSE	64.1	404	134	3	114076	115284	347	740	1.59e-162	533
JAJSME010000018.1	sp|P26639|SYTC_HUMAN	64.4	404	133	3	114076	115284	280	673	1.66e-162	530
JAJSME010000018.1	sp|A2RTX5|SYTC2_HUMAN	64.1	404	134	3	114076	115284	359	752	4.24e-162	532
JAJSME010000018.1	sp|Q99148|PUR2_YARLI	61.3	421	160	2	27082	28344	370	787	3.71e-160	526
JAJSME010000018.1	sp|O04630|SYTM1_ARATH	59.7	402	152	2	114079	115284	275	666	6.70e-158	516
JAJSME010000018.1	sp|P52709|SYTC_CAEEL	60.6	406	145	5	114076	115284	279	672	1.28e-152	502
JAJSME010000018.1	sp|Q12618|ACO1_AJECA	53.4	429	169	3	49736	48453	39	437	2.24e-151	488
JAJSME010000018.1	sp|P46794|CBS_DICDI	60.3	416	136	5	455147	456394	105	491	1.26e-146	475
JAJSME010000018.1	sp|Q7ZYQ6|DCA13_XENLA	48.9	470	209	3	531539	532933	2	445	4.41e-146	471
JAJSME010000018.1	sp|P07244|PUR2_YEAST	58.7	409	163	3	27082	28293	379	786	4.34e-145	483
JAJSME010000018.1	sp|P20772|PUR2_SCHPO	58.6	415	171	1	27082	28326	368	781	5.29e-145	482
JAJSME010000018.1	sp|Q6NVS5|DCA13_XENTR	48.1	470	213	2	531539	532933	2	445	9.65e-145	468
JAJSME010000018.1	sp|Q8MP20|SYTC2_DICDI	57.2	402	156	3	114118	115284	254	652	1.84e-142	471
JAJSME010000018.1	sp|O94523|ACO1_SCHPO	50.0	458	191	4	49829	48456	23	442	3.19e-142	462
JAJSME010000018.1	sp|A6QNM8|SYTC2_BOVIN	60.1	371	138	2	114076	115188	357	717	1.02e-141	470
JAJSME010000018.1	sp|Q803X4|DCA13_DANRE	45.5	470	225	3	531539	532933	2	445	1.41e-138	450
JAJSME010000018.1	sp|Q9UTM4|TCPE_SCHPO	73.7	308	58	1	124566	123643	112	396	2.66e-138	453
JAJSME010000019.1	sp|P55251|LEUC_RHIPU	77.4	755	169	2	25757	23493	3	755	0.0	1196
JAJSME010000019.1	sp|P18250|LEUC_PHYB8	74.8	763	163	9	25757	23493	3	744	0.0	1134
JAJSME010000019.1	sp|P55811|LEUC_RHINI	71.1	755	211	4	25757	23493	3	750	0.0	1091
JAJSME010000019.1	sp|O14289|LEUC_SCHPO	66.7	762	247	5	25775	23493	3	758	0.0	1000
JAJSME010000019.1	sp|P49601|LEUC_USTMA	65.7	747	244	3	25760	23556	3	749	0.0	989
JAJSME010000019.1	sp|P07264|LEUC_YEAST	63.4	771	257	9	25769	23502	6	766	4.45e-306	946
JAJSME010000019.1	sp|Q74ZM9|LEUC_ASHGO	63.1	767	258	9	25757	23511	7	766	3.14e-300	929
JAJSME010000019.1	sp|P17279|LEUC_MUCCL	77.9	597	123	3	25781	23991	42	629	4.64e-300	922
JAJSME010000019.1	sp|Q00464|LEUC_CANMA	61.7	770	256	12	25760	23523	3	757	3.68e-294	911
JAJSME010000019.1	sp|P28295|EF1A_ABSGL	86.1	489	37	1	329113	327647	1	458	2.20e-274	840
JAJSME010000019.1	sp|P14864|EF1A2_MUCCL	85.3	489	41	1	329113	327647	1	458	5.01e-271	830
JAJSME010000019.1	sp|P06805|EF1A1_MUCCL	85.1	489	42	1	329113	327647	1	458	1.73e-270	829
JAJSME010000019.1	sp|P14865|EF1A3_MUCCL	85.1	489	41	2	329113	327647	1	457	9.25e-269	824
JAJSME010000019.1	sp|O14139|HRP3_SCHPO	42.0	1202	616	19	100616	104047	210	1388	1.39e-266	857
JAJSME010000019.1	sp|A5DPE3|EF1A_PICGU	81.2	489	61	1	329113	327647	1	458	3.77e-260	799
JAJSME010000019.1	sp|O42820|EF1A_SCHCO	83.9	471	45	1	329113	327701	1	440	6.57e-259	796
JAJSME010000019.1	sp|P0CY35|EF1A1_CANAL	80.8	489	63	1	329113	327647	1	458	8.29e-259	795
JAJSME010000019.1	sp|Q59QD6|EF1A2_CANAL	80.8	489	63	1	329113	327647	1	458	8.29e-259	795
JAJSME010000019.1	sp|Q9US25|HRP1_SCHPO	45.3	1049	486	18	100610	103630	224	1226	7.82e-257	828
JAJSME010000019.1	sp|P0CN31|EF1A_CRYNB	79.6	489	69	1	329113	327647	1	458	3.16e-254	782
JAJSME010000019.1	sp|P0CN30|EF1A_CRYNJ	79.6	489	69	1	329113	327647	1	458	3.16e-254	782
JAJSME010000019.1	sp|P41752|EF1A_ASHGO	79.3	489	70	1	329113	327647	1	458	6.71e-253	778
JAJSME010000019.1	sp|Q01372|EF1A_NEUCR	81.6	472	55	2	329113	327701	1	441	6.30e-252	776
JAJSME010000019.1	sp|Q9HDF6|EF1A_SERIN	81.8	473	53	2	329113	327701	1	442	6.79e-252	776
JAJSME010000019.1	sp|P41745|EF1A_BLAAD	81.1	471	58	1	329113	327701	1	440	2.09e-251	774
JAJSME010000002.1	sp|P38811|TRA1_YEAST	36.1	3376	1832	55	521501	531382	29	3165	0.0	1922
JAJSME010000002.1	sp|Q9HFE8|TRA1_SCHPO	31.7	3804	2033	50	522728	533950	361	3662	0.0	1724
JAJSME010000002.1	sp|Q10064|YAMB_SCHPO	32.6	3273	1851	43	521702	531382	74	3033	0.0	1635
JAJSME010000002.1	sp|Q9Y4A5|TRRAP_HUMAN	29.5	3495	1967	72	521525	531382	52	3263	0.0	1380
JAJSME010000002.1	sp|A0A0R4ITC5|TRRAP_DANRE	29.7	3454	1967	71	521525	531382	52	3227	0.0	1359
JAJSME010000002.1	sp|B0D6H2|ARO1_LACBS	51.0	1428	625	24	1951335	1955519	200	1585	0.0	1299
JAJSME010000002.1	sp|Q8J294|ARO1_THACU	49.2	1446	658	28	1951335	1955543	203	1615	0.0	1258
JAJSME010000002.1	sp|B6JVD0|ARO1_SCHJY	49.5	1418	640	21	1951335	1955504	198	1567	0.0	1254
JAJSME010000002.1	sp|Q9P7R0|ARO1_SCHPO	48.2	1421	666	20	1951335	1955528	198	1571	0.0	1252
JAJSME010000002.1	sp|A8NMB4|ARO1_COPC7	49.0	1493	649	32	1951335	1955540	204	1674	0.0	1251
JAJSME010000002.1	sp|Q8I8U7|TRA1_DROME	28.6	3463	1985	77	521474	531382	27	3161	0.0	1244
JAJSME010000002.1	sp|P0CM23|ARO1_CRYNB	48.8	1442	667	24	1951335	1955540	199	1609	0.0	1230
JAJSME010000002.1	sp|P0CM22|ARO1_CRYNJ	48.8	1442	667	24	1951335	1955540	199	1609	0.0	1230
JAJSME010000002.1	sp|B8N4Q9|ARO1_ASPFN	48.9	1411	649	17	1951335	1955489	198	1562	0.0	1229
JAJSME010000002.1	sp|Q4P8F6|ARO1_USTMA	48.3	1488	659	26	1951335	1955507	227	1700	0.0	1229
JAJSME010000002.1	sp|A1CP85|ARO1_ASPCL	48.6	1417	650	20	1951335	1955489	198	1568	0.0	1225
JAJSME010000002.1	sp|B6QCA7|ARO12_TALMQ	49.0	1403	651	18	1951335	1955489	196	1551	0.0	1225
JAJSME010000002.1	sp|B8M0U4|ARO1_TALSN	48.9	1406	651	17	1951335	1955489	200	1558	0.0	1224
JAJSME010000002.1	sp|B6HAA7|ARO1_PENRW	48.7	1412	653	19	1951335	1955489	198	1565	0.0	1223
JAJSME010000002.1	sp|A1D244|ARO1_NEOFI	48.9	1412	648	19	1951335	1955489	198	1563	0.0	1222
JAJSME010000002.1	sp|Q2UCP6|ARO1_ASPOR	48.9	1406	647	17	1951335	1955474	198	1557	0.0	1221
JAJSME010000002.1	sp|C4JYG6|ARO1_UNCRE	48.7	1419	651	20	1951320	1955489	190	1560	0.0	1219
JAJSME010000002.1	sp|Q0D0F3|ARO1_ASPTN	49.0	1409	651	20	1951335	1955489	198	1563	0.0	1217
JAJSME010000002.1	sp|B0XRM8|ARO1_ASPFC	48.7	1407	649	19	1951335	1955474	198	1558	0.0	1211
JAJSME010000002.1	sp|Q4WS76|ARO1_ASPFU	48.7	1407	649	19	1951335	1955474	198	1558	0.0	1211
JAJSME010000020.1	sp|O14228|PUR4_SCHPO	60.9	1036	384	11	35825	32751	297	1322	0.0	1238
JAJSME010000020.1	sp|P38972|PUR4_YEAST	59.5	1046	387	14	35828	32751	329	1357	0.0	1196
JAJSME010000020.1	sp|Q1H2I8|PUR4_METFK	57.0	1030	410	12	35828	32751	292	1292	0.0	1150
JAJSME010000020.1	sp|Q8DF81|PUR4_VIBVU	57.6	1031	403	14	35828	32757	291	1294	0.0	1149
JAJSME010000020.1	sp|Q7MN70|PUR4_VIBVY	57.6	1031	403	14	35828	32757	291	1294	0.0	1148
JAJSME010000020.1	sp|Q87RW0|PUR4_VIBPA	57.5	1035	403	13	35828	32757	291	1299	0.0	1147
JAJSME010000020.1	sp|Q47XX7|PUR4_COLP3	57.4	1049	401	14	35828	32751	294	1319	0.0	1143
JAJSME010000020.1	sp|Q15R69|PUR4_PSEA6	56.7	1029	419	10	35828	32751	290	1294	0.0	1143
JAJSME010000020.1	sp|Q5E749|PUR4_ALIF1	57.1	1034	409	13	35828	32757	292	1300	0.0	1140
JAJSME010000020.1	sp|Q5QWY0|PUR4_IDILO	57.3	1028	411	11	35828	32757	289	1292	0.0	1140
JAJSME010000020.1	sp|Q7N1Z4|PUR4_PHOLL	56.7	1029	415	11	35828	32757	290	1292	0.0	1140
JAJSME010000020.1	sp|Q9KTN2|PUR4_VIBCH	56.7	1031	414	13	35828	32754	291	1295	0.0	1139
JAJSME010000020.1	sp|Q8XA46|PUR4_ECO57	56.9	1029	412	12	35828	32757	291	1292	0.0	1139
JAJSME010000020.1	sp|Q9HXN2|PUR4_PSEAE	57.1	1035	411	13	35828	32748	289	1298	0.0	1138
JAJSME010000020.1	sp|Q3YYZ8|PUR4_SHISS	56.9	1029	412	12	35828	32757	291	1292	0.0	1138
JAJSME010000020.1	sp|Q32D15|PUR4_SHIDS	56.8	1029	413	12	35828	32757	291	1292	0.0	1137
JAJSME010000020.1	sp|Q88P16|PUR4_PSEPK	56.9	1040	404	12	35828	32751	289	1298	0.0	1137
JAJSME010000020.1	sp|P15254|PUR4_ECOLI	56.7	1029	414	12	35828	32757	291	1292	0.0	1135
JAJSME010000020.1	sp|Q4KHS6|PUR4_PSEF5	56.9	1031	417	13	35828	32751	289	1297	0.0	1134
JAJSME010000020.1	sp|Q1R8H7|PUR4_ECOUT	56.7	1029	414	12	35828	32757	291	1292	0.0	1133
JAJSME010000020.1	sp|Q2SK05|PUR4_HAHCH	57.4	1030	412	11	35828	32751	291	1297	0.0	1132
JAJSME010000020.1	sp|Q31XT0|PUR4_SHIBS	56.6	1029	415	12	35828	32757	291	1292	0.0	1132
JAJSME010000020.1	sp|Q4ZX02|PUR4_PSEU2	57.3	1033	410	15	35828	32751	289	1297	0.0	1132
JAJSME010000020.1	sp|Q8FF26|PUR4_ECOL6	56.6	1029	415	12	35828	32757	291	1292	0.0	1131
JAJSME010000020.1	sp|Q886W6|PUR4_PSESM	57.3	1033	410	15	35828	32751	289	1297	0.0	1130
JAJSME010000021.1	sp|P0CH04|UBI1P_PETCR	97.2	457	13	0	298668	297298	1	457	7.02e-279	853
JAJSME010000021.1	sp|P0CH05|UBI2P_PETCR	97.2	457	13	0	298668	297298	1	457	7.02e-279	853
JAJSME010000021.1	sp|P0CG85|UBI1P_NICSY	97.4	456	12	0	298668	297301	1	456	9.21e-279	852
JAJSME010000021.1	sp|Q8H159|UBQ10_ARATH	97.4	456	12	0	298668	297301	1	456	9.21e-279	852
JAJSME010000021.1	sp|P42740|UBIQP_AGLNE	96.7	456	15	0	298668	297301	1	456	1.77e-276	846
JAJSME010000021.1	sp|P59669|UBIQP_GEOCY	95.8	456	19	0	298668	297301	1	456	3.89e-275	842
JAJSME010000021.1	sp|P0CG68|UBC_PIG	93.4	473	30	1	298716	297301	60	532	8.19e-273	839
JAJSME010000021.1	sp|P0CG66|UBC_GORGO	96.1	456	18	0	298668	297301	1	456	1.90e-271	838
JAJSME010000021.1	sp|P62976|UBIQP_CRIGR	96.1	456	18	0	298668	297301	1	456	1.15e-270	838
JAJSME010000021.1	sp|P0CG78|UBIQF_DICDI	92.2	474	36	1	298716	297298	60	533	2.13e-270	832
JAJSME010000021.1	sp|P0CG48|UBC_HUMAN	93.4	473	30	1	298716	297301	212	684	2.27e-270	839
JAJSME010000021.1	sp|P0CH28|UBC_BOVIN	93.4	473	30	1	298716	297301	60	532	2.72e-270	839
JAJSME010000021.1	sp|P0CG50|UBC_MOUSE	93.4	473	30	1	298716	297301	212	684	1.33e-269	839
JAJSME010000021.1	sp|P0CG64|UBC_PANTR	93.4	473	30	1	298716	297301	212	684	3.50e-269	839
JAJSME010000021.1	sp|P0CG61|UBC_PONPY	93.4	473	30	1	298716	297301	212	684	3.50e-269	839
JAJSME010000021.1	sp|P0CG69|UBIQP_DROME	93.4	473	30	1	298716	297301	212	684	3.76e-269	839
JAJSME010000021.1	sp|P0CG71|UBIQ1_CAEEL	93.0	474	32	1	298716	297298	364	837	6.16e-269	842
JAJSME010000021.1	sp|Q63429|UBC_RAT	93.4	473	30	1	298716	297301	212	684	1.99e-268	839
JAJSME010000021.1	sp|P42739|UBIQP_ACEPE	94.3	421	24	0	298563	297301	1	421	1.54e-253	778
JAJSME010000021.1	sp|P0CG63|UBI4P_YEAST	98.7	381	5	0	298440	297298	1	381	2.35e-234	721
JAJSME010000021.1	sp|Q12632|CHS1_MUCCL	50.9	790	259	8	30732	28402	178	851	4.26e-234	742
JAJSME010000021.1	sp|P0CG75|UBI4P_KLULA	98.7	380	5	0	298440	297301	1	380	1.51e-233	719
JAJSME010000021.1	sp|P0CG72|UBI4P_SCHPO	98.4	381	6	0	298668	297526	1	381	1.56e-233	719
JAJSME010000021.1	sp|P0CH32|UBQ4_ARATH	97.1	381	11	0	298440	297298	1	381	5.57e-231	712
JAJSME010000021.1	sp|P69322|UBIQP_PEA	97.4	380	10	0	298440	297301	1	380	7.31e-231	711
JAJSME010000022.1	sp|Q9Y823|HOSM_SCHPO	76.6	368	85	1	336687	335584	42	408	4.10e-184	579
JAJSME010000022.1	sp|O94225|HOSM_PENRW	74.3	377	96	1	336687	335557	74	449	1.99e-182	577
JAJSME010000022.1	sp|P48570|HOSC_YEAST	76.6	363	84	1	336687	335599	30	391	8.28e-182	573
JAJSME010000022.1	sp|Q12122|HOSM_YEAST	76.0	363	86	1	336687	335599	44	405	8.17e-181	570
JAJSME010000022.1	sp|Q12726|HOSM_YARLI	73.3	382	98	2	336687	335542	55	432	2.57e-180	569
JAJSME010000022.1	sp|O87198|HOSA_THET2	56.6	366	152	5	336687	335602	11	373	8.96e-121	395
JAJSME010000022.1	sp|O14035|YEME_SCHPO	39.1	591	224	10	168429	170174	59	522	4.60e-119	399
JAJSME010000022.1	sp|Q16222|UAP1_HUMAN	41.1	564	238	9	115871	114285	6	510	1.38e-113	380
JAJSME010000022.1	sp|Q7ZWD4|UAP1L_DANRE	40.4	549	251	8	115868	114276	7	497	1.74e-112	377
JAJSME010000022.1	sp|Q91YN5|UAP1_MOUSE	40.6	564	241	9	115871	114285	6	510	5.52e-112	376
JAJSME010000022.1	sp|Q28CH3|UAP1L_XENTR	42.3	532	232	7	115868	114324	14	487	3.91e-110	370
JAJSME010000022.1	sp|O35077|GPDA_RAT	52.2	362	127	3	273612	272530	15	331	7.65e-109	360
JAJSME010000022.1	sp|Q9UW86|PP1_NEUCR	59.1	345	69	8	347088	346066	19	295	1.18e-108	357
JAJSME010000022.1	sp|P13707|GPDA_MOUSE	52.2	362	127	3	273612	272530	15	331	1.42e-108	359
JAJSME010000022.1	sp|P20654|PP1_EMENI	59.1	345	69	8	347088	346066	18	294	1.46e-108	358
JAJSME010000022.1	sp|Q6P824|GPD1L_XENTR	53.3	362	123	3	273612	272530	18	334	3.44e-107	355
JAJSME010000022.1	sp|Q5EA88|GPDA_BOVIN	51.4	362	130	3	273612	272530	15	331	4.23e-107	355
JAJSME010000022.1	sp|Q5RCE0|GPDA_PONAB	51.7	362	129	3	273612	272530	15	331	4.23e-107	355
JAJSME010000022.1	sp|P21695|GPDA_HUMAN	51.4	362	130	3	273612	272530	15	331	7.85e-107	354
JAJSME010000022.1	sp|P50899|GUXB_CELFA	56.0	343	114	6	193025	192027	48	363	9.58e-107	379
JAJSME010000022.1	sp|Q801R8|GPD1L_XENLA	53.0	362	124	3	273612	272530	18	334	2.20e-106	353
JAJSME010000022.1	sp|P13681|PP11_SCHPO	56.5	345	78	8	347088	346066	18	294	4.35e-106	351
JAJSME010000022.1	sp|O74933|UAP1_CANAX	40.5	528	240	11	115859	114312	13	478	8.34e-106	357
JAJSME010000022.1	sp|Q3KQV9|UAP1L_HUMAN	40.0	550	248	9	115871	114285	7	495	8.73e-106	357
JAJSME010000022.1	sp|P32598|PP12_YEAST	57.1	345	76	8	347088	346066	18	294	1.65e-105	348
JAJSME010000023.1	sp|P78615|FAS2_EMEND	58.4	1446	517	16	358112	362425	488	1857	0.0	1596
JAJSME010000023.1	sp|Q10289|FAS2_SCHPO	56.8	1446	523	16	358112	362425	489	1841	0.0	1562
JAJSME010000023.1	sp|P15368|FAS2_PENPA	57.6	1429	523	15	358112	362371	484	1838	0.0	1548
JAJSME010000023.1	sp|Q765N2|FAS2_LACKL	55.3	1465	557	16	358112	362425	494	1887	0.0	1520
JAJSME010000023.1	sp|P19097|FAS2_YEAST	53.9	1463	578	16	358112	362422	493	1884	0.0	1509
JAJSME010000023.1	sp|P43098|FAS2_CANAX	54.9	1465	553	18	358124	362425	496	1884	0.0	1504
JAJSME010000023.1	sp|G8BAW7|FAS2_CANPC	54.5	1468	555	18	358124	362425	495	1883	0.0	1482
JAJSME010000023.1	sp|O93937|PYR1_EMENI	60.7	1287	457	13	40286	36555	993	2273	0.0	1481
JAJSME010000023.1	sp|Q09794|PYR1_SCHPO	59.5	1268	477	12	40286	36549	987	2239	0.0	1449
JAJSME010000023.1	sp|P07259|PYR1_YEAST	58.6	1267	497	12	40286	36549	953	2212	0.0	1424
JAJSME010000023.1	sp|P20054|PYR1_DICDI	50.4	1311	578	16	40286	36549	920	2223	0.0	1201
JAJSME010000023.1	sp|Q91437|PYR1_SQUAC	48.4	1333	597	17	40286	36552	911	2240	0.0	1162
JAJSME010000023.1	sp|Q4WLN1|ACON_ASPFU	71.9	803	189	3	258981	256576	20	786	0.0	1152
JAJSME010000023.1	sp|C8VG90|ACON_EMENI	71.3	800	192	3	258975	256576	22	783	0.0	1141
JAJSME010000023.1	sp|D4AT77|ACON_ARTBC	70.9	800	195	3	258981	256582	13	774	0.0	1137
JAJSME010000023.1	sp|P08955|PYR1_MESAU	47.8	1321	610	18	40286	36552	906	2223	0.0	1127
JAJSME010000023.1	sp|B2RQC6|PYR1_MOUSE	47.9	1319	612	19	40286	36552	906	2223	0.0	1127
JAJSME010000023.1	sp|P27708|PYR1_HUMAN	47.7	1321	612	19	40286	36552	906	2223	0.0	1126
JAJSME010000023.1	sp|O13966|ACON_SCHPO	71.0	796	188	4	258969	256594	26	782	0.0	1120
JAJSME010000023.1	sp|P20004|ACON_BOVIN	70.2	798	203	1	258981	256588	15	777	0.0	1116
JAJSME010000023.1	sp|P05990|PYR1_DROME	48.0	1304	614	20	40286	36552	920	2218	0.0	1114
JAJSME010000023.1	sp|Q9ER34|ACON_RAT	70.1	798	204	1	258981	256588	15	777	0.0	1113
JAJSME010000023.1	sp|Q99KI0|ACON_MOUSE	70.1	798	204	1	258981	256588	15	777	0.0	1113
JAJSME010000023.1	sp|P16276|ACON_PIG	69.9	798	205	1	258981	256588	15	777	0.0	1110
JAJSME010000023.1	sp|Q99798|ACON_HUMAN	70.1	798	204	1	258981	256588	15	777	0.0	1109
JAJSME010000024.1	sp|Q4IBS9|BRO1_GIBZE	45.9	676	292	9	214095	216077	3	619	1.57e-159	531
JAJSME010000024.1	sp|Q7SAN9|BRO1_NEUCR	44.3	670	310	8	214095	216077	3	618	9.51e-151	506
JAJSME010000024.1	sp|Q7Z9I0|YHA8_SCHPO	51.8	517	234	6	74737	73208	42	550	1.01e-149	486
JAJSME010000024.1	sp|O36033|YLM1_SCHPO	36.2	779	429	11	238088	240244	47	817	3.10e-146	486
JAJSME010000024.1	sp|C8V212|BRO1_EMENI	44.1	675	312	9	214095	216080	3	625	5.22e-146	492
JAJSME010000024.1	sp|Q6FQ03|TPO3_CANGA	53.3	450	207	2	74566	73226	165	614	9.86e-143	469
JAJSME010000024.1	sp|Q06451|TPO3_YEAST	51.6	450	215	2	74566	73226	159	608	2.62e-140	461
JAJSME010000024.1	sp|Q4X0Z5|BRO1_ASPFU	42.4	675	306	10	214095	216080	3	607	1.21e-138	469
JAJSME010000024.1	sp|P53283|TPO2_YEAST	51.9	428	203	2	74500	73226	172	599	4.39e-133	440
JAJSME010000024.1	sp|Q8LQJ8|FTSH5_ORYSJ	59.6	376	124	2	198215	197088	184	531	1.31e-131	440
JAJSME010000024.1	sp|O80983|FTSH4_ARATH	59.0	376	126	2	198215	197088	181	528	6.44e-131	438
JAJSME010000024.1	sp|Q8LQJ9|FTSH4_ORYSJ	59.3	376	125	2	198215	197088	177	524	5.87e-130	435
JAJSME010000024.1	sp|O59824|YME1_SCHPO	59.8	383	124	3	198218	197088	214	572	4.99e-129	432
JAJSME010000024.1	sp|P32795|YME1_YEAST	60.3	375	125	1	198212	197088	232	582	5.14e-128	431
JAJSME010000024.1	sp|P38156|MAL31_YEAST	41.0	525	293	6	296370	294823	60	576	2.03e-126	421
JAJSME010000024.1	sp|P15685|MAL61_YEASX	40.6	525	295	6	296370	294823	60	576	9.40e-126	419
JAJSME010000024.1	sp|Q4PHA8|BRO1_USTMA	40.1	688	342	10	214095	216080	6	649	2.90e-125	433
JAJSME010000024.1	sp|B5VF36|MPH3_YEAS6	41.5	508	285	6	296316	294823	70	575	4.75e-124	414
JAJSME010000024.1	sp|A6ZX88|MPH3_YEAS7	41.5	508	285	6	296316	294823	70	575	4.75e-124	414
JAJSME010000024.1	sp|P0CE00|MPH3_YEAST	41.5	508	285	6	296316	294823	70	575	4.75e-124	414
JAJSME010000024.1	sp|P0CD99|MPH2_YEAST	41.5	508	285	6	296316	294823	70	575	5.90e-124	414
JAJSME010000024.1	sp|C8Z6M6|MPH3_YEAS8	41.5	508	285	6	296316	294823	70	575	6.46e-124	413
JAJSME010000024.1	sp|P53048|MAL11_YEAST	40.6	498	286	4	296292	294823	87	582	2.50e-123	412
JAJSME010000024.1	sp|Q59RG0|NAG4_CANAL	48.6	463	227	5	74566	73208	112	573	3.35e-122	407
JAJSME010000024.1	sp|O14299|WIS4_SCHPO	36.0	739	390	12	14290	12086	650	1309	7.48e-121	428
JAJSME010000025.1	sp|P0CN27|DPOE_CRYNB	47.7	1773	829	23	124282	119039	550	2249	0.0	1586
JAJSME010000025.1	sp|P0CN26|DPOE_CRYNJ	47.7	1773	829	23	124282	119039	550	2249	0.0	1586
JAJSME010000025.1	sp|Q4PFV5|DPOE_USTMA	47.1	1814	829	23	124282	119042	553	2303	0.0	1575
JAJSME010000025.1	sp|O93845|DPOE_EMENI	44.9	1780	884	24	124282	119039	491	2206	0.0	1464
JAJSME010000025.1	sp|Q4WXH8|DPOE_ASPFU	45.1	1780	877	30	124282	119039	518	2229	0.0	1448
JAJSME010000025.1	sp|Q9WVF7|DPOE1_MOUSE	39.6	2157	1031	41	125224	119036	304	2283	0.0	1426
JAJSME010000025.1	sp|Q07864|DPOE1_HUMAN	43.9	1823	899	31	124282	119039	507	2280	0.0	1420
JAJSME010000025.1	sp|P87154|DPOE_SCHPO	43.0	1757	923	22	124282	119042	508	2196	0.0	1367
JAJSME010000025.1	sp|Q6BNG2|DPOE_DEBHA	42.6	1760	924	26	124282	119054	533	2222	0.0	1367
JAJSME010000025.1	sp|Q9VCN1|DPOE1_DROME	41.3	1812	918	29	124282	119039	505	2234	0.0	1294
JAJSME010000025.1	sp|P21951|DPOE_YEAST	41.8	1772	935	30	124282	119045	522	2222	0.0	1285
JAJSME010000025.1	sp|Q6FNY7|DPOE_CANGA	40.5	1752	949	27	124282	119093	522	2201	0.0	1253
JAJSME010000025.1	sp|Q6CUS7|DPOE_KLULA	40.8	1777	925	32	124282	119054	499	2182	0.0	1251
JAJSME010000025.1	sp|F4HW04|DPOE1_ARATH	40.4	1769	940	30	124282	119045	480	2156	0.0	1224
JAJSME010000025.1	sp|F4IFN6|DPOE2_ARATH	40.5	1767	925	31	124282	119045	472	2133	0.0	1197
JAJSME010000025.1	sp|Q752B8|DPOE_ASHGO	39.9	1783	929	35	124282	119057	496	2176	0.0	1179
JAJSME010000025.1	sp|Q54RD4|DPOE1_DICDI	36.7	1950	946	44	124279	119054	505	2374	0.0	1139
JAJSME010000025.1	sp|Q6C4J0|DPOE_YARLI	33.4	1795	1025	43	124282	119069	492	2173	1.57e-289	951
JAJSME010000025.1	sp|P11310|ACADM_HUMAN	65.7	408	115	2	149769	148552	36	420	2.80e-169	536
JAJSME010000025.1	sp|A5A6I0|ACADM_PANTR	65.7	408	115	2	149769	148552	36	420	3.82e-169	536
JAJSME010000025.1	sp|P41367|ACADM_PIG	65.7	402	113	2	149772	148573	35	413	9.65e-169	535
JAJSME010000025.1	sp|Q8HXY8|ACADM_MACFA	66.1	401	111	2	149769	148573	36	413	1.84e-166	528
JAJSME010000025.1	sp|A2R994|RRF2M_ASPNC	43.2	766	394	15	103510	105693	97	859	5.26e-166	545
JAJSME010000025.1	sp|Q3SZB4|ACADM_BOVIN	65.2	402	115	2	149772	148573	35	413	1.18e-165	526
JAJSME010000025.1	sp|P08503|ACADM_RAT	63.6	409	124	2	149793	148573	28	413	3.51e-164	521
JAJSME010000026.1	sp|Q54YZ9|DHKJ_DICDI	50.9	1688	714	17	206680	211629	172	1782	0.0	1384
JAJSME010000026.1	sp|Q08902|AMF1_YEAST	66.4	459	150	2	248872	247505	38	495	8.97e-195	613
JAJSME010000026.1	sp|Q02751|MALT_CANAX	51.0	575	271	7	100924	99215	2	570	2.97e-193	612
JAJSME010000026.1	sp|Q9P6J7|YHD3_SCHPO	59.3	460	185	1	248872	247493	40	497	6.63e-181	574
JAJSME010000026.1	sp|Q9P6J3|MALT_SCHPO	46.1	579	301	8	100951	99233	1	574	7.64e-176	562
JAJSME010000026.1	sp|Q5A599|NIK1_CANAL	41.4	930	460	13	208891	211638	72	930	1.37e-173	575
JAJSME010000026.1	sp|P40884|IMA5_YEAST	47.1	575	293	7	100915	99218	8	580	1.33e-172	553
JAJSME010000026.1	sp|P53051|MALX3_YEAST	47.2	581	291	10	100924	99221	10	587	1.11e-171	550
JAJSME010000026.1	sp|Q08295|IMA2_YEAST	47.2	581	291	10	100924	99221	10	587	1.31e-170	547
JAJSME010000026.1	sp|P0CW40|MALX2_YEAST	47.2	581	291	10	100924	99221	10	587	2.43e-170	546
JAJSME010000026.1	sp|P0CW41|MALX4_YEAST	47.2	581	291	10	100924	99221	10	587	2.43e-170	546
JAJSME010000026.1	sp|P38158|MAL32_YEAST	46.1	586	300	9	100942	99218	3	583	1.14e-166	536
JAJSME010000026.1	sp|P53341|MAL12_YEAST	45.9	586	301	9	100942	99218	3	583	2.11e-166	535
JAJSME010000026.1	sp|P07265|MAL62_YEASX	45.7	586	302	9	100942	99218	3	583	1.82e-165	532
JAJSME010000026.1	sp|P29094|O16G_PARTM	46.4	575	284	13	100921	99218	2	559	2.25e-161	520
JAJSME010000026.1	sp|P21332|O16G_BACCE	46.5	574	283	13	100921	99218	2	557	9.15e-161	518
JAJSME010000026.1	sp|G0SEV9|RLI1_CHATD	74.3	331	85	0	181401	180409	271	601	3.52e-155	504
JAJSME010000026.1	sp|Q9K8U9|O16G_BACHD	46.5	570	284	11	100915	99221	4	557	1.44e-154	500
JAJSME010000026.1	sp|O06994|O16G1_BACSU	45.8	568	286	13	100915	99233	3	555	3.19e-151	490
JAJSME010000026.1	sp|Q8LPJ4|AB2E_ARATH	53.8	509	159	6	181917	180409	166	604	4.01e-151	492
JAJSME010000026.1	sp|P61221|ABCE1_HUMAN	54.2	509	151	7	181917	180409	166	598	6.08e-151	491
JAJSME010000026.1	sp|P61222|ABCE1_MOUSE	54.2	509	151	7	181917	180409	166	598	6.08e-151	491
JAJSME010000026.1	sp|Q03195|RLI1_YEAST	71.0	334	96	1	181404	180406	272	605	3.84e-148	483
JAJSME010000026.1	sp|Q0D1P9|TERJ_ASPTN	48.5	468	237	3	248860	247466	42	508	1.68e-146	475
JAJSME010000026.1	sp|Q9VSS1|ABCE1_DROME	52.5	505	166	6	181917	180409	174	606	1.07e-145	476
JAJSME010000027.1	sp|O94313|CARB_SCHPO	68.1	1068	317	9	75663	78851	108	1156	0.0	1399
JAJSME010000027.1	sp|P46056|CARB_CUTCT	65.7	1072	340	13	75663	78851	97	1149	0.0	1335
JAJSME010000027.1	sp|P03965|CARB_YEAST	63.8	1082	360	11	75663	78857	50	1116	0.0	1308
JAJSME010000027.1	sp|Q75D66|CARB_ASHGO	60.6	1076	399	10	75663	78857	50	1111	0.0	1242
JAJSME010000027.1	sp|O93937|PYR1_EMENI	57.9	1049	405	13	75663	78776	502	1524	0.0	1139
JAJSME010000027.1	sp|P07259|PYR1_YEAST	57.2	1047	417	14	75663	78776	460	1484	0.0	1132
JAJSME010000027.1	sp|Q09794|PYR1_SCHPO	57.4	1046	413	15	75663	78776	496	1516	0.0	1130
JAJSME010000027.1	sp|P20054|PYR1_DICDI	55.6	1068	434	16	75663	78836	426	1463	0.0	1113
JAJSME010000027.1	sp|P05990|PYR1_DROME	56.8	1051	420	14	75663	78776	425	1454	0.0	1108
JAJSME010000027.1	sp|Q91437|PYR1_SQUAC	55.8	1053	426	14	75663	78776	418	1446	0.0	1098
JAJSME010000027.1	sp|P27708|PYR1_HUMAN	55.4	1051	436	13	75663	78785	415	1442	0.0	1079
JAJSME010000027.1	sp|P08955|PYR1_MESAU	55.4	1051	436	13	75663	78785	415	1442	0.0	1075
JAJSME010000027.1	sp|B2RQC6|PYR1_MOUSE	55.4	1051	436	13	75663	78785	415	1442	0.0	1074
JAJSME010000027.1	sp|Q18990|PYR1_CAEEL	54.3	1063	438	13	75663	78776	412	1451	0.0	1071
JAJSME010000027.1	sp|P31327|CPSM_HUMAN	52.6	1066	461	17	75663	78800	444	1485	0.0	1062
JAJSME010000027.1	sp|P07756|CPSM_RAT	52.3	1066	465	17	75663	78800	444	1485	0.0	1057
JAJSME010000027.1	sp|Q8C196|CPSM_MOUSE	52.0	1066	468	17	75663	78800	444	1485	0.0	1056
JAJSME010000027.1	sp|Q06625|GDE_YEAST	49.9	1125	494	18	98961	95689	446	1534	0.0	1050
JAJSME010000027.1	sp|Q91293|CPSM_LITCT	52.7	1053	462	15	75663	78776	441	1472	0.0	1045
JAJSME010000027.1	sp|A8BQB4|GDE_HORSE	41.7	1186	547	24	99021	95716	405	1530	4.60e-264	855
JAJSME010000027.1	sp|Q2PQH8|GDE_CANLF	41.7	1186	547	25	99021	95716	405	1530	9.28e-261	845
JAJSME010000027.1	sp|A2BJL3|CARB_HYPBU	45.2	1056	525	17	75663	78776	29	1048	2.98e-259	823
JAJSME010000027.1	sp|P35574|GDE_RABIT	41.0	1189	551	25	99021	95716	427	1552	4.10e-258	838
JAJSME010000027.1	sp|Q8U085|CARB_PYRFU	45.6	1038	504	16	75663	78755	27	1010	1.26e-257	818
JAJSME010000027.1	sp|P35573|GDE_HUMAN	41.3	1183	557	27	99021	95716	404	1529	2.46e-257	835
JAJSME010000028.1	sp|O75533|SF3B1_HUMAN	78.7	870	176	6	124931	127528	358	1222	0.0	1311
JAJSME010000028.1	sp|Q99NB9|SF3B1_MOUSE	78.7	870	176	6	124931	127528	358	1222	0.0	1311
JAJSME010000028.1	sp|O57683|SF3B1_XENLA	78.6	870	177	6	124931	127528	361	1225	0.0	1310
JAJSME010000028.1	sp|Q10178|SF3B1_SCHPO	59.5	1164	392	11	124061	127525	29	1122	0.0	1246
JAJSME010000028.1	sp|Q10490|SYLC_SCHPO	51.5	1031	430	11	34651	37659	120	1108	0.0	1023
JAJSME010000028.1	sp|Q9Y7K2|TOR2_SCHPO	35.9	2029	1104	14	72399	66364	399	2248	1.29e-317	1038
JAJSME010000028.1	sp|P10857|SYLC_NEUCR	50.0	1035	443	18	34651	37659	130	1122	1.44e-308	967
JAJSME010000028.1	sp|Q86C65|TOR_DICDI	36.2	2055	1052	21	72390	66343	421	2254	1.36e-306	1007
JAJSME010000028.1	sp|P26637|SYLC_YEAST	49.2	1024	453	14	34651	37659	112	1089	4.93e-297	933
JAJSME010000028.1	sp|Q5R614|SYLC_PONAB	47.1	1009	480	14	34651	37653	99	1061	6.33e-284	899
JAJSME010000028.1	sp|Q9P2J5|SYLC_HUMAN	46.5	1016	476	14	34651	37653	99	1061	2.15e-281	891
JAJSME010000028.1	sp|Q8BMJ2|SYLC_MOUSE	46.6	1011	482	13	34651	37653	101	1063	3.11e-279	885
JAJSME010000028.1	sp|Q12704|DPOG_SCHPO	47.8	947	452	12	178775	181531	44	976	8.91e-268	845
JAJSME010000028.1	sp|O14356|TOR1_SCHPO	33.0	2026	1121	17	72384	66403	410	2230	4.86e-265	883
JAJSME010000028.1	sp|P32600|TOR2_YEAST	33.7	2011	1155	20	72375	66409	517	2370	1.03e-264	885
JAJSME010000028.1	sp|F4I116|SYLC_ARATH	45.6	1037	480	15	34651	37662	99	1084	5.34e-263	835
JAJSME010000028.1	sp|Q09996|SYLC_CAEEL	46.2	1022	479	19	34651	37653	96	1067	6.05e-262	835
JAJSME010000028.1	sp|Q9Y767|DPOG_NEUCR	44.6	990	480	14	178757	181552	56	1035	5.39e-260	840
JAJSME010000028.1	sp|P35169|TOR1_YEAST	32.8	2005	1186	17	72375	66409	508	2366	4.89e-253	850
JAJSME010000028.1	sp|P42345|MTOR_HUMAN	33.5	2061	1135	20	72375	66403	537	2431	1.16e-252	851
JAJSME010000028.1	sp|P42346|MTOR_RAT	33.4	2061	1136	20	72375	66403	537	2431	3.77e-252	850
JAJSME010000028.1	sp|Q9JLN9|MTOR_MOUSE	33.1	2061	1142	20	72375	66403	537	2431	5.06e-252	849
JAJSME010000028.1	sp|Q54N83|SYLC_DICDI	44.4	1015	499	19	34651	37653	94	1057	6.19e-249	793
JAJSME010000028.1	sp|P15801|DPOG_YEAST	45.1	949	464	18	178775	181504	41	971	1.75e-245	790
JAJSME010000028.1	sp|Q01941|DPOG_PICPA	43.4	961	475	15	178760	181516	11	944	8.77e-243	773
JAJSME010000029.1	sp|O42893|TREA_SCHPO	60.2	570	225	1	144210	142501	71	638	2.31e-229	723
JAJSME010000029.1	sp|O42777|TREB_EMENI	57.2	584	237	5	144222	142504	74	655	2.40e-215	683
JAJSME010000029.1	sp|O42622|TREB_MAGO7	58.5	579	228	4	144210	142504	66	642	3.62e-215	682
JAJSME010000029.1	sp|O42783|TREB_NEUCR	58.5	574	225	4	144192	142504	79	650	5.59e-214	679
JAJSME010000029.1	sp|P32356|TREA_YEAST	55.5	575	252	4	144219	142504	86	659	1.59e-206	657
JAJSME010000029.1	sp|Q757L1|TREB_ASHGO	55.9	564	246	3	144186	142504	82	645	2.28e-201	642
JAJSME010000029.1	sp|P49381|TREA_KLULA	54.2	574	260	3	144219	142504	89	661	2.87e-201	642
JAJSME010000029.1	sp|P35172|TREB_YEAST	56.1	565	244	4	144186	142504	124	688	5.04e-199	637
JAJSME010000029.1	sp|P52494|TREA_CANAX	51.7	596	255	7	144192	142504	221	816	5.29e-185	602
JAJSME010000029.1	sp|P21448|MDR1_CRIGR	46.5	602	306	3	99566	97806	31	631	3.00e-150	513
JAJSME010000029.1	sp|P21447|MDR1A_MOUSE	46.4	601	307	3	99566	97806	31	630	9.95e-150	511
JAJSME010000029.1	sp|P43245|MDR1_RAT	46.1	601	305	2	99569	97821	29	628	3.38e-149	509
JAJSME010000029.1	sp|P06795|MDR1B_MOUSE	47.2	593	291	4	99542	97821	39	628	6.02e-149	509
JAJSME010000029.1	sp|P08183|MDR1_HUMAN	46.7	606	303	6	99569	97806	31	634	5.37e-148	506
JAJSME010000029.1	sp|Q54BT3|ABCB2_DICDI	46.4	593	307	4	99566	97818	121	712	1.56e-146	505
JAJSME010000029.1	sp|P21439|MDR3_HUMAN	46.8	622	296	9	99350	97512	123	718	1.65e-146	502
JAJSME010000029.1	sp|P21449|MDR2_CRIGR	45.7	598	308	4	99566	97821	32	628	1.08e-145	499
JAJSME010000029.1	sp|P21440|MDR3_MOUSE	43.7	700	346	12	99545	97512	42	715	4.83e-145	497
JAJSME010000029.1	sp|Q9M0M2|AB9B_ARATH	47.6	590	301	6	99560	97800	16	600	6.61e-145	496
JAJSME010000029.1	sp|P23174|MDR3_CRIGR	42.5	704	357	11	99545	97503	45	723	1.78e-144	496
JAJSME010000029.1	sp|Q08201|MDR3_RAT	45.8	616	306	6	99350	97521	120	713	1.36e-143	493
JAJSME010000029.1	sp|O80725|AB4B_ARATH	46.8	583	303	4	99560	97818	46	623	1.31e-142	490
JAJSME010000029.1	sp|Q9FWX7|AB11B_ARATH	45.7	586	311	6	99560	97812	41	622	4.93e-142	488
JAJSME010000029.1	sp|Q9M1Q9|AB21B_ARATH	45.9	593	316	4	99560	97788	63	652	2.39e-141	487
JAJSME010000029.1	sp|O74842|FFT2_SCHPO	40.3	772	335	15	179949	182177	398	1072	4.54e-141	486
JAJSME010000003.1	sp|O93927|FKS1_CRYNH	57.2	1562	606	18	1562871	1558318	136	1679	0.0	1753
JAJSME010000003.1	sp|A2QLK4|FKS1_ASPNC	53.7	1580	656	17	1562886	1558333	175	1741	0.0	1650
JAJSME010000003.1	sp|P38631|FKS1_YEAST	53.0	1586	671	18	1562883	1558318	143	1718	0.0	1603
JAJSME010000003.1	sp|O13967|BGS2_SCHPO	52.7	1576	684	16	1562871	1558318	182	1753	0.0	1597
JAJSME010000003.1	sp|P40989|FKS2_YEAST	53.0	1578	673	17	1562883	1558333	162	1732	0.0	1594
JAJSME010000003.1	sp|O74475|BGS4_SCHPO	51.2	1678	690	25	1563018	1558324	130	1791	0.0	1580
JAJSME010000003.1	sp|Q10287|BGS1_SCHPO	49.9	1551	739	17	1562877	1558306	60	1599	0.0	1514
JAJSME010000003.1	sp|Q9P377|BGS3_SCHPO	49.8	1551	731	19	1562868	1558324	146	1685	0.0	1476
JAJSME010000003.1	sp|Q04952|FKS3_YEAST	46.6	1628	758	22	1562868	1558300	15	1635	0.0	1392
JAJSME010000003.1	sp|P46598|HSP90_CANAL	67.9	751	186	6	1010838	1013066	4	707	1.35e-299	926
JAJSME010000003.1	sp|Q9BLC5|HSP83_BOMMO	66.2	754	197	6	1010838	1013066	10	716	5.26e-291	901
JAJSME010000003.1	sp|P41887|HSP90_SCHPO	66.3	750	199	5	1010838	1013066	2	704	1.59e-290	899
JAJSME010000003.1	sp|P15108|HSC82_YEAST	66.1	749	198	6	1010847	1013066	4	705	6.68e-289	895
JAJSME010000003.1	sp|Q8J2M3|HSP82_ASHGO	65.6	750	204	6	1010838	1013066	2	704	1.92e-287	890
JAJSME010000003.1	sp|P02829|HSP82_YEAST	65.8	755	196	7	1010844	1013066	3	709	2.00e-286	888
JAJSME010000003.1	sp|O57521|HS90B_DANRE	63.4	768	213	6	1010826	1013066	5	725	6.65e-286	887
JAJSME010000003.1	sp|Q7PT10|HSP83_ANOGA	64.1	764	203	6	1010841	1013066	6	720	9.13e-283	878
JAJSME010000003.1	sp|P40292|HSP90_ASPFU	66.3	751	196	5	1010844	1013066	3	706	5.62e-281	872
JAJSME010000003.1	sp|O44001|HSP90_EIMTE	62.1	758	220	4	1010847	1013066	5	713	3.15e-273	850
JAJSME010000003.1	sp|Q61W58|HSP90_CAEBR	63.4	760	209	8	1010832	1013066	1	706	4.54e-273	849
JAJSME010000003.1	sp|P54651|HSC90_DICDI	63.3	753	210	11	1010838	1013066	4	700	6.93e-271	843
JAJSME010000003.1	sp|Q4UDU8|HSP90_THEAN	60.5	762	233	4	1010841	1013066	9	722	1.13e-270	843
JAJSME010000003.1	sp|P24724|HSP90_THEPA	59.8	761	239	4	1010841	1013066	9	721	7.08e-268	835
JAJSME010000003.1	sp|P33125|HSP82_AJECA	64.3	746	192	9	1010844	1013066	3	679	1.41e-263	821
JAJSME010000003.1	sp|Q18688|HSP90_CAEEL	61.8	754	227	5	1010832	1013066	1	702	2.06e-262	818
JAJSME010000030.1	sp|O94666|RPC1_SCHPO	48.8	1558	590	13	206973	211640	14	1366	0.0	1392
JAJSME010000030.1	sp|P04051|RPC1_YEAST	46.7	1611	594	22	206973	211631	14	1417	0.0	1307
JAJSME010000030.1	sp|Q6BI69|RPC1_DEBHA	46.5	1612	595	22	206973	211631	14	1416	0.0	1296
JAJSME010000030.1	sp|Q86AQ5|RPC1_DICDI	44.3	1600	647	18	206976	211631	16	1419	0.0	1208
JAJSME010000030.1	sp|Q5ZL98|RPC1_CHICK	44.4	1567	623	22	206976	211631	17	1349	0.0	1174
JAJSME010000030.1	sp|O14802|RPC1_HUMAN	44.2	1569	622	21	206976	211631	17	1349	0.0	1172
JAJSME010000030.1	sp|A4IF62|RPC1_BOVIN	43.8	1567	631	22	206976	211631	17	1349	0.0	1151
JAJSME010000030.1	sp|F4JXF9|NRPC1_ARATH	42.4	1354	580	15	206973	210983	24	1194	6.51e-307	973
JAJSME010000030.1	sp|P08968|RPC1_TRYBB	37.0	1254	658	15	207183	210719	66	1262	1.29e-239	783
JAJSME010000030.1	sp|P27625|RPC1_PLAFA	38.5	1110	460	15	206964	209930	33	1040	6.35e-205	702
JAJSME010000030.1	sp|Q02061|RPB2_SCHPO	85.6	374	54	0	122539	121418	752	1125	1.84e-201	660
JAJSME010000030.1	sp|P35084|RPB1_DICDI	35.9	1203	645	26	207183	210665	58	1176	8.96e-199	669
JAJSME010000030.1	sp|Q753Q4|RPB2_ASHGO	81.3	374	70	0	122539	121418	761	1134	6.69e-196	645
JAJSME010000030.1	sp|P08518|RPB2_YEAST	81.6	374	69	0	122539	121418	763	1136	9.58e-196	644
JAJSME010000030.1	sp|Q6FLD5|RPB2_CANGA	81.3	374	70	0	122539	121418	762	1135	1.06e-194	641
JAJSME010000030.1	sp|A5DHT2|RPB2_PICGU	81.8	374	68	0	122539	121418	772	1145	1.51e-194	641
JAJSME010000030.1	sp|P36594|RPB1_SCHPO	34.2	1272	668	27	206973	210665	17	1160	7.90e-189	640
JAJSME010000030.1	sp|P18616|NRPB1_ARATH	33.1	1301	684	27	206979	210704	18	1190	2.79e-186	635
JAJSME010000030.1	sp|Q75A34|RPB1_ASHGO	33.5	1280	691	26	206973	210704	15	1170	6.01e-183	622
JAJSME010000030.1	sp|Q54J75|RPB2_DICDI	75.9	374	90	0	122539	121418	714	1087	1.33e-181	601
JAJSME010000030.1	sp|P04050|RPB1_YEAST	35.5	1204	629	27	207183	210665	59	1157	1.68e-181	618
JAJSME010000030.1	sp|P25202|RPC1_GIAIN	30.8	1495	670	30	206985	210713	32	1413	6.36e-177	604
JAJSME010000030.1	sp|P16356|RPB1_CAEEL	34.0	1206	662	28	207150	210632	47	1163	4.12e-175	602
JAJSME010000030.1	sp|P04052|RPB1_DROME	33.1	1229	689	25	207150	210707	48	1186	1.78e-173	597
JAJSME010000030.1	sp|P35074|RPB1_CAEBR	33.7	1197	658	25	207180	210632	57	1163	3.24e-173	596
JAJSME010000031.1	sp|Q9UT61|MAN1_SCHPO	40.9	1087	529	24	76570	79521	1	1077	1.93e-249	795
JAJSME010000031.1	sp|P22855|MAN1_YEAST	40.2	992	490	25	76816	79515	101	1081	1.67e-214	694
JAJSME010000031.1	sp|Q9NTJ4|MA2C1_HUMAN	39.0	1024	506	27	76717	79521	42	1035	9.19e-193	629
JAJSME010000031.1	sp|Q91W89|MA2C1_MOUSE	38.6	1026	513	27	76708	79521	38	1034	2.50e-189	619
JAJSME010000031.1	sp|P21139|MA2C1_RAT	38.0	1028	517	27	76708	79521	38	1035	2.31e-181	596
JAJSME010000031.1	sp|Q54K67|MANG_DICDI	34.7	1078	531	28	76699	79512	39	1083	6.82e-176	582
JAJSME010000031.1	sp|L7WRR4|NOTK_ASPVE	53.7	477	215	5	186143	184731	54	530	1.63e-149	486
JAJSME010000031.1	sp|O94300|YOOH_SCHPO	53.7	475	215	5	186143	184728	58	530	1.69e-149	488
JAJSME010000031.1	sp|Q54CW7|RTPR_DICDI	42.2	651	207	12	39057	40991	270	757	4.59e-135	451
JAJSME010000031.1	sp|Q9SRK7|AZG1_ARATH	48.2	485	203	6	186143	184833	61	545	3.48e-127	421
JAJSME010000031.1	sp|Q2PDF6|RTPR_EUGGR	41.6	591	204	8	39045	40808	246	698	2.28e-121	410
JAJSME010000031.1	sp|Q84MA8|AZG2_ARATH	43.3	443	239	5	186143	184845	55	495	1.90e-107	362
JAJSME010000031.1	sp|P40234|CKI2_SCHPO	43.0	454	111	4	31148	32509	3	308	9.95e-95	322
JAJSME010000031.1	sp|P40233|CKI1_SCHPO	41.4	486	132	5	31145	32587	2	339	1.21e-93	319
JAJSME010000031.1	sp|B9EXZ6|BAT1_ORYSJ	37.9	462	255	8	194674	195990	29	481	2.43e-89	310
JAJSME010000031.1	sp|Q9ZU50|BAT1_ARATH	36.7	458	268	6	194674	195993	25	478	1.00e-88	308
JAJSME010000031.1	sp|O74135|CKI3_SCHPO	40.2	470	130	5	31145	32554	5	323	1.82e-87	301
JAJSME010000031.1	sp|P23291|KC11_YEAST	40.6	463	125	5	31115	32500	49	362	2.51e-86	301
JAJSME010000031.1	sp|P23292|KC12_YEAST	39.8	472	133	6	31088	32500	48	369	1.41e-83	294
JAJSME010000031.1	sp|P40230|RAG8_KLULA	39.1	476	137	6	31085	32500	44	370	5.67e-82	289
JAJSME010000031.1	sp|A1R6X6|GLPK_PAEAT	44.1	345	115	6	208238	207216	74	344	2.10e-74	266
JAJSME010000031.1	sp|B8H8T1|GLPK_PSECP	44.1	345	115	6	208238	207216	74	344	9.67e-74	264
JAJSME010000031.1	sp|A5U920|GLPK_MYCTA	44.3	341	112	7	208238	207228	86	352	5.33e-72	259
JAJSME010000031.1	sp|P9WPK0|GLPK_MYCTO	44.3	341	112	7	208238	207228	86	352	5.33e-72	259
JAJSME010000031.1	sp|P9WPK1|GLPK_MYCTU	44.3	341	112	7	208238	207228	86	352	5.33e-72	259
JAJSME010000032.1	sp|O74431|ATC9_SCHPO	34.9	1299	548	30	174231	178037	282	1313	2.92e-184	613
JAJSME010000032.1	sp|Q01930|PUR6_OGAME	57.0	507	201	7	57238	55763	1	505	9.67e-170	542
JAJSME010000032.1	sp|P50504|PUR6_SCHOC	57.2	500	202	8	57238	55763	1	496	9.97e-169	540
JAJSME010000032.1	sp|Q92210|PUR6_CANAL	57.4	507	194	8	57238	55763	1	500	1.71e-167	537
JAJSME010000032.1	sp|P15567|PUR6_SCHPO	57.0	493	198	7	57226	55763	6	489	3.39e-167	535
JAJSME010000032.1	sp|P21264|PUR6_YEAST	54.7	508	212	6	57238	55763	1	506	4.86e-165	530
JAJSME010000032.1	sp|Q12697|YPK9_YEAST	35.2	1166	500	28	174231	177644	447	1385	1.39e-159	545
JAJSME010000032.1	sp|P0CQ36|PUR6_CRYNJ	56.0	507	195	8	57208	55763	12	515	4.68e-158	510
JAJSME010000032.1	sp|P0C017|PUR6_CRYNH	55.8	507	196	8	57208	55763	12	515	2.97e-157	508
JAJSME010000032.1	sp|P0CQ37|PUR6_CRYNB	55.6	507	197	8	57208	55763	12	515	5.49e-157	507
JAJSME010000032.1	sp|O74197|PUR6_CANGA	51.9	507	227	6	57238	55763	1	505	1.26e-156	506
JAJSME010000032.1	sp|Q9SEI3|PS10A_ARATH	53.1	482	100	5	161486	160050	34	392	1.32e-135	438
JAJSME010000032.1	sp|O74445|PRS10_SCHPO	53.7	484	98	5	161483	160041	28	388	2.26e-135	437
JAJSME010000032.1	sp|P55195|PUR6_VIGAC	49.3	493	239	6	57226	55763	6	492	3.69e-135	443
JAJSME010000032.1	sp|Q9MAK9|PS10B_ARATH	52.9	482	101	5	161486	160050	34	392	8.39e-135	436
JAJSME010000032.1	sp|P62333|PRS10_HUMAN	54.1	482	95	5	161483	160047	29	387	1.12e-132	429
JAJSME010000032.1	sp|P62335|PRS10_ICTTR	54.1	482	95	5	161483	160047	29	387	1.12e-132	429
JAJSME010000032.1	sp|P62334|PRS10_MOUSE	54.1	482	95	5	161483	160047	29	387	1.12e-132	429
JAJSME010000032.1	sp|Q2KIW6|PRS10_BOVIN	53.9	482	96	5	161483	160047	29	387	9.77e-132	426
JAJSME010000032.1	sp|O17071|PRS10_CAEEL	52.8	475	98	5	161462	160047	53	404	9.76e-130	421
JAJSME010000032.1	sp|Q54PJ1|PRS10_DICDI	49.3	495	119	7	161498	160041	22	393	2.00e-122	400
JAJSME010000032.1	sp|P53549|PRS10_YEAST	48.2	483	124	5	161480	160041	78	437	3.18e-117	387
JAJSME010000032.1	sp|Q5ZJ08|SYYC_CHICK	66.9	290	87	2	164642	165502	69	352	5.12e-115	384
JAJSME010000032.1	sp|Q9H7F0|AT133_HUMAN	28.4	1279	570	30	174273	177911	178	1176	1.07e-114	405
JAJSME010000032.1	sp|Q5XF89|AT133_MOUSE	28.8	1244	596	31	174273	177905	174	1160	4.43e-113	400
JAJSME010000033.1	sp|O74225|HSP88_NEUCR	51.6	556	262	4	19107	20756	102	656	2.15e-171	554
JAJSME010000033.1	sp|O59838|HSP7F_SCHPO	52.5	556	253	7	19107	20750	107	659	3.30e-165	536
JAJSME010000033.1	sp|Q61316|HSP74_MOUSE	43.8	626	296	7	19107	20828	103	724	7.58e-147	488
JAJSME010000033.1	sp|Q96VB9|HSP7F_CANAL	48.1	547	271	8	19107	20726	105	645	5.19e-146	480
JAJSME010000033.1	sp|P48722|HS74L_MOUSE	43.5	627	300	9	19107	20831	103	727	1.09e-145	484
JAJSME010000033.1	sp|O88600|HSP74_RAT	43.5	623	301	7	19107	20828	103	723	2.12e-145	484
JAJSME010000033.1	sp|P34932|HSP74_HUMAN	43.5	626	299	8	19107	20831	103	724	2.87e-145	483
JAJSME010000033.1	sp|Q5RDM4|HSP74_PONAB	43.5	626	299	8	19107	20831	103	724	2.87e-145	483
JAJSME010000033.1	sp|Q2TFN9|HSP74_CANLF	43.8	626	297	8	19107	20831	103	724	5.29e-145	483
JAJSME010000033.1	sp|Q66HA8|HS105_RAT	44.5	642	287	9	19107	20831	103	742	3.00e-144	481
JAJSME010000033.1	sp|Q92598|HS105_HUMAN	44.0	641	291	9	19107	20831	103	741	4.07e-144	481
JAJSME010000033.1	sp|Q5R606|HS105_PONAB	44.0	641	291	9	19107	20831	103	741	4.07e-144	481
JAJSME010000033.1	sp|Q61699|HS105_MOUSE	44.4	642	288	9	19107	20831	103	742	5.52e-144	480
JAJSME010000033.1	sp|Q74ZJ0|HSP7F_ASHGO	47.2	563	290	5	19107	20786	104	662	3.90e-143	472
JAJSME010000033.1	sp|O95757|HS74L_HUMAN	43.7	627	299	9	19107	20831	103	727	6.78e-143	476
JAJSME010000033.1	sp|Q875V0|HSP7F_NAUCC	46.2	554	289	6	19107	20756	104	652	4.25e-142	468
JAJSME010000033.1	sp|Q0IIM3|HS105_BOVIN	43.6	642	293	9	19107	20831	103	742	1.86e-141	473
JAJSME010000033.1	sp|Q875P5|HSP7F_LACK1	46.5	553	289	5	19107	20756	104	652	1.58e-140	464
JAJSME010000033.1	sp|Q60446|HS105_CRIGR	43.6	642	293	9	19107	20831	103	742	3.81e-140	469
JAJSME010000033.1	sp|Q9S7C0|HSP7O_ARATH	42.7	626	297	8	19110	20816	104	724	4.93e-137	459
JAJSME010000033.1	sp|P32589|HSP7F_YEAST	45.1	563	302	5	19107	20786	104	662	8.35e-135	447
JAJSME010000033.1	sp|F4HQD4|HSP7P_ARATH	42.8	626	296	10	19110	20816	104	724	1.00e-133	449
JAJSME010000033.1	sp|Q6FJI3|HSP7F_CANGA	43.8	553	304	5	19107	20756	104	652	1.57e-132	441
JAJSME010000033.1	sp|P32590|HSP79_YEAST	43.2	553	307	5	19107	20756	104	652	9.44e-130	433
JAJSME010000033.1	sp|Q9SAB1|HSP7Q_ARATH	42.0	571	314	6	19107	20777	103	670	6.18e-128	430
JAJSME010000034.1	sp|B8NYD8|BXLB_ASPFN	54.8	398	175	4	15876	14683	27	419	3.13e-138	460
JAJSME010000034.1	sp|Q2TYT2|BXLB_ASPOR	53.9	408	183	4	15906	14683	38	440	5.75e-138	460
JAJSME010000034.1	sp|A1DJS5|XYND_NEOFI	56.0	398	170	3	15876	14683	29	421	9.18e-138	458
JAJSME010000034.1	sp|A1CCL9|BXLB_ASPCL	52.4	424	188	5	15954	14683	12	421	4.88e-136	453
JAJSME010000034.1	sp|Q0CB82|BXLB_ASPTN	54.1	401	179	4	15885	14683	26	421	3.48e-135	451
JAJSME010000034.1	sp|B0Y0I4|BXLB_ASPFC	54.8	398	175	3	15876	14683	29	421	2.59e-134	448
JAJSME010000034.1	sp|Q4WFI6|BXLB_ASPFU	54.8	398	175	3	15876	14683	29	421	2.59e-134	448
JAJSME010000034.1	sp|Q5ATH9|BXLB_EMENI	50.1	401	195	4	15885	14683	22	417	2.35e-122	413
JAJSME010000034.1	sp|B6EY09|XYND_ASPJA	47.5	406	200	6	15882	14683	44	442	4.17e-102	355
JAJSME010000034.1	sp|C0STH4|XYND_ASPAC	46.8	406	204	5	15882	14683	44	443	2.17e-100	350
JAJSME010000034.1	sp|Q0CMH8|XYND_ASPTN	45.5	402	209	5	15885	14683	46	438	1.25e-97	342
JAJSME010000034.1	sp|Q5BAS1|XYND_EMENI	46.7	398	203	5	15876	14683	47	435	2.40e-96	338
JAJSME010000034.1	sp|Q4AEG8|XYND_ASPAW	44.1	408	213	4	15882	14683	53	453	9.16e-95	334
JAJSME010000034.1	sp|A2QA27|XYND_ASPNC	43.9	408	214	4	15882	14683	53	453	4.13e-94	332
JAJSME010000034.1	sp|O00089|XYND_ASPNG	43.9	408	214	4	15882	14683	53	453	4.13e-94	332
JAJSME010000034.1	sp|B8MYV0|XYND_ASPFN	45.1	401	208	6	15876	14683	49	440	1.58e-93	330
JAJSME010000034.1	sp|Q2UR38|XYND_ASPOR	45.0	402	208	6	15876	14683	49	441	4.00e-93	329
JAJSME010000034.1	sp|B0XP71|XYND_ASPFC	44.1	401	214	5	15882	14683	47	438	5.84e-91	322
JAJSME010000034.1	sp|Q4WRB0|XYND_ASPFU	44.1	401	214	5	15882	14683	47	438	5.84e-91	322
JAJSME010000034.1	sp|A1CND4|XYND_ASPCL	43.6	401	214	6	15882	14683	47	436	1.44e-90	321
JAJSME010000034.1	sp|B8AVF0|BGL12_ORYSI	36.0	483	281	11	3820	5229	40	507	1.72e-84	294
JAJSME010000034.1	sp|Q7XKV4|BGL12_ORYSJ	36.0	483	281	11	3820	5229	40	507	1.72e-84	294
JAJSME010000034.1	sp|Q5Z9Z0|BGL24_ORYSJ	34.6	485	289	10	3814	5229	32	501	6.57e-82	286
JAJSME010000034.1	sp|Q7XKV2|BGL13_ORYSJ	34.8	485	288	11	3820	5235	36	505	1.28e-81	286
JAJSME010000034.1	sp|Q9SPP9|RG1_RAUSE	36.4	506	280	14	3820	5247	23	516	1.33e-81	287
JAJSME010000035.1	sp|O42945|DHX15_SCHPO	77.7	430	94	1	27184	28473	105	532	2.18e-205	652
JAJSME010000035.1	sp|P53131|PRP43_YEAST	75.6	430	103	1	27184	28473	123	550	4.07e-202	644
JAJSME010000035.1	sp|Q9LZQ9|DEAH2_ARATH	72.1	434	115	2	27184	28473	91	522	4.31e-193	616
JAJSME010000035.1	sp|O22899|PRP43_ARATH	71.9	434	116	2	27184	28473	95	526	1.03e-191	612
JAJSME010000035.1	sp|Q20875|DHX15_CAEEL	71.2	437	116	4	27184	28473	106	539	4.29e-186	596
JAJSME010000035.1	sp|O43143|DHX15_HUMAN	71.6	433	116	5	27184	28473	167	595	1.95e-185	597
JAJSME010000035.1	sp|O35286|DHX15_MOUSE	71.6	433	116	5	27184	28473	167	595	1.95e-185	597
JAJSME010000035.1	sp|Q5RAZ4|DHX15_PONAB	71.6	433	116	5	27184	28473	167	595	1.95e-185	597
JAJSME010000035.1	sp|O17438|DHX15_STRPU	76.2	366	83	3	27379	28473	1	363	9.81e-174	548
JAJSME010000035.1	sp|Q54NJ4|DHX15_DICDI	66.6	431	130	3	27184	28476	107	523	3.00e-170	550
JAJSME010000035.1	sp|Q54F05|DHX8_DICDI	57.9	411	164	2	27241	28473	555	956	1.09e-137	470
JAJSME010000035.1	sp|O60231|DHX16_HUMAN	56.3	437	167	4	27184	28473	429	848	2.72e-136	462
JAJSME010000035.1	sp|Q7YR39|DHX16_PANTR	56.3	437	167	4	27184	28473	432	851	2.93e-136	462
JAJSME010000035.1	sp|Q8VY00|ESP3_ARATH	57.4	430	172	3	27184	28473	434	852	2.93e-136	462
JAJSME010000035.1	sp|Q767K6|DHX16_PIG	56.3	437	167	4	27184	28473	433	852	5.49e-136	462
JAJSME010000035.1	sp|Q38953|DEAH5_ARATH	58.0	412	164	2	27235	28470	560	962	1.59e-135	464
JAJSME010000035.1	sp|A1Z9L3|DHX8_DROME	58.6	411	161	2	27241	28473	633	1034	7.85e-135	464
JAJSME010000035.1	sp|Q14562|DHX8_HUMAN	56.0	430	178	3	27184	28473	595	1013	8.97e-135	463
JAJSME010000035.1	sp|A2A4P0|DHX8_MOUSE	56.0	430	178	3	27184	28473	619	1037	1.49e-134	463
JAJSME010000035.1	sp|Q54MH3|DHX16_DICDI	56.0	434	172	4	27184	28473	497	915	8.68e-134	457
JAJSME010000035.1	sp|F4IJV4|DEAH6_ARATH	56.0	430	178	3	27184	28473	434	852	1.13e-131	449
JAJSME010000035.1	sp|Q10752|CDC28_SCHPO	54.6	436	174	4	27184	28470	448	866	1.47e-131	449
JAJSME010000035.1	sp|O45244|DHX16_CAEEL	56.8	433	172	5	27184	28473	394	814	2.89e-131	447
JAJSME010000035.1	sp|O42643|PRP22_SCHPO	54.8	431	183	4	27184	28473	540	959	1.40e-130	449
JAJSME010000035.1	sp|Q09530|MOG5_CAEEL	55.8	414	174	2	27232	28473	584	988	2.77e-130	449
JAJSME010000036.1	sp|O13792|SUB2_SCHPO	74.9	223	56	0	34718	35386	210	432	4.35e-105	350
JAJSME010000036.1	sp|Q56XG6|RH15_ARATH	74.7	225	57	0	34718	35392	203	427	2.99e-104	347
JAJSME010000036.1	sp|Q9LFN6|RH56_ARATH	74.7	225	57	0	34718	35392	203	427	2.99e-104	347
JAJSME010000036.1	sp|P0CQ97|SUB2_CRYNB	73.3	225	60	0	34718	35392	218	442	9.09e-102	340
JAJSME010000036.1	sp|P0CQ96|SUB2_CRYNJ	73.3	225	60	0	34718	35392	218	442	9.09e-102	340
JAJSME010000036.1	sp|Q5JK84|RH15_ORYSJ	73.3	225	60	0	34718	35392	208	432	3.07e-101	338
JAJSME010000036.1	sp|Q0JM17|RH56_ORYSJ	73.3	225	60	0	34718	35392	208	432	3.07e-101	338
JAJSME010000036.1	sp|Q27268|DX39B_DROME	71.3	223	64	0	34718	35386	199	421	3.27e-99	332
JAJSME010000036.1	sp|Q3T147|DX39B_BOVIN	70.4	223	66	0	34718	35386	202	424	5.05e-99	332
JAJSME010000036.1	sp|Q5WR10|DX39B_CANLF	70.4	223	66	0	34718	35386	202	424	5.05e-99	332
JAJSME010000036.1	sp|Q5ZHZ0|DX39B_CHICK	70.4	223	66	0	34718	35386	202	424	5.05e-99	332
JAJSME010000036.1	sp|Q13838|DX39B_HUMAN	70.4	223	66	0	34718	35386	202	424	5.05e-99	332
JAJSME010000036.1	sp|Q5TM17|DX39B_MACMU	70.4	223	66	0	34718	35386	202	424	5.05e-99	332
JAJSME010000036.1	sp|Q9Z1N5|DX39B_MOUSE	70.4	223	66	0	34718	35386	202	424	5.05e-99	332
JAJSME010000036.1	sp|P60024|DX39B_PANTR	70.4	223	66	0	34718	35386	202	424	5.05e-99	332
JAJSME010000036.1	sp|Q29024|DX39B_PIG	70.4	223	66	0	34718	35386	202	424	5.05e-99	332
JAJSME010000036.1	sp|Q5RE47|DX39B_PONAB	70.4	223	66	0	34718	35386	202	424	5.05e-99	332
JAJSME010000036.1	sp|Q63413|DX39B_RAT	70.4	223	66	0	34718	35386	202	424	5.05e-99	332
JAJSME010000036.1	sp|Q8VDW0|DX39A_MOUSE	70.4	223	66	0	34718	35386	201	423	9.06e-99	331
JAJSME010000036.1	sp|Q5U216|DX39A_RAT	70.4	223	66	0	34718	35386	201	423	9.06e-99	331
JAJSME010000036.1	sp|O00148|DX39A_HUMAN	69.5	223	68	0	34718	35386	201	423	3.10e-98	330
JAJSME010000036.1	sp|A5E3W5|SUB2_LODEL	70.5	224	65	1	34718	35386	208	431	9.46e-98	328
JAJSME010000036.1	sp|A3LST5|SUB2_PICST	70.5	224	65	1	34718	35386	208	431	1.29e-97	328
JAJSME010000036.1	sp|A5DDN0|SUB2_PICGU	71.4	224	63	1	34718	35386	207	430	1.70e-97	328
JAJSME010000036.1	sp|Q18212|DX39B_CAEEL	72.1	219	61	0	34730	35386	202	420	3.41e-97	327
JAJSME010000037.1	sp|P13045|GAL3_YEAST	53.1	113	50	2	366	37	15	127	1.51e-25	118
JAJSME010000037.1	sp|P04385|GAL1_YEAST	48.2	110	56	1	363	37	24	133	1.61e-23	112
JAJSME010000037.1	sp|Q9HDU2|GAL1_SCHPO	47.1	104	54	1	360	49	19	121	3.47e-22	108
JAJSME010000037.1	sp|Q9SEE5|GALK1_ARATH	41.8	110	61	1	369	40	25	131	3.59e-19	98.6
JAJSME010000037.1	sp|P09608|GAL1_KLULA	41.1	112	61	2	357	37	13	124	3.51e-17	92.4
JAJSME010000037.1	sp|Q5XIG6|GALK2_RAT	42.3	104	55	2	351	40	18	116	3.32e-16	89.0
JAJSME010000037.1	sp|Q68FH4|GALK2_MOUSE	41.3	104	56	2	351	40	18	116	1.04e-15	87.4
JAJSME010000037.1	sp|Q01415|GALK2_HUMAN	42.3	104	55	2	351	40	18	116	1.00e-14	84.3
JAJSME010000037.1	sp|Q5R6J8|GALK2_PONAB	43.3	104	54	2	351	40	18	116	1.00e-14	84.3
JAJSME010000037.1	sp|O42821|GAL1_CANPA	45.7	105	53	2	357	46	19	120	1.29e-14	84.3
JAJSME010000037.1	sp|Q54DN6|GALK_DICDI	38.5	109	64	3	360	40	25	132	2.07e-13	80.5
JAJSME010000037.1	sp|P56091|GAL1_CANAX	40.6	106	60	3	360	49	19	123	6.67e-13	79.0
JAJSME010000037.1	sp|P56599|GAL1_CANMA	38.7	106	60	3	363	49	17	118	4.97e-11	69.3
JAJSME010000037.1	sp|A2R346|KAPC_ASPNC	54.8	62	28	0	1791	1976	100	161	7.32e-07	58.2
JAJSME010000037.1	sp|Q0CEI3|KAPC_ASPTN	54.8	62	28	0	1791	1976	100	161	1.34e-06	57.4
JAJSME010000037.1	sp|Q2UNX4|KAPC_ASPOR	53.2	62	29	0	1791	1976	100	161	1.76e-06	57.0
JAJSME010000037.1	sp|A1C9M5|KAPC_ASPCL	48.0	75	38	1	1755	1976	85	159	7.72e-06	55.1
JAJSME010000037.1	sp|Q4WA21|KAPC_ASPFU	34.3	137	81	3	1755	2147	81	214	1.29e-05	54.3
JAJSME010000037.1	sp|A1D9Z7|KAPC_NEOFI	46.7	75	39	1	1755	1976	81	155	4.08e-05	52.8
JAJSME010000037.1	sp|P40917|YAP4_YEAST	45.1	82	32	2	1767	1994	221	295	1.43e-04	51.2
JAJSME010000037.1	sp|Q5LYY7|GAL1_STRT1	33.3	102	51	4	339	52	6	96	3.70e-04	50.4
JAJSME010000037.1	sp|Q03JS8|GAL1_STRTD	33.3	102	51	4	339	52	6	96	3.70e-04	50.4
JAJSME010000037.1	sp|Q9ZB10|GAL1_STRTR	33.3	102	51	4	339	52	6	96	3.70e-04	50.4
JAJSME010000037.1	sp|Q2UMT9|AP1_ASPOR	49.2	63	29	1	1806	1994	157	216	8.46e-04	49.7
JAJSME010000037.1	sp|B8NNN3|AP1_ASPFN	49.2	63	29	1	1806	1994	157	216	8.62e-04	49.7
JAJSME010000038.1	sp|Q54H45|DRKB_DICDI	35.8	240	144	6	1124	423	397	632	4.36e-45	168
JAJSME010000038.1	sp|Q55GU0|Y9955_DICDI	37.2	261	154	6	1169	405	653	909	5.40e-45	169
JAJSME010000038.1	sp|Q54H46|DRKA_DICDI	33.5	257	160	7	1124	375	380	632	1.19e-42	161
JAJSME010000038.1	sp|Q869X3|Y9851_DICDI	36.8	261	149	7	1124	372	29	283	4.55e-42	161
JAJSME010000038.1	sp|Q54TM7|DRKD_DICDI	33.5	254	160	5	1151	405	848	1097	2.51e-41	159
JAJSME010000038.1	sp|Q54XQ2|RCKA_DICDI	34.0	253	156	5	1148	405	840	1086	1.47e-40	157
JAJSME010000038.1	sp|Q54QQ1|PHG2_DICDI	35.9	262	153	6	1130	387	811	1071	1.58e-40	157
JAJSME010000038.1	sp|Q7T6X2|YR826_MIMIV	35.4	246	150	6	1124	402	1405	1646	1.01e-39	154
JAJSME010000038.1	sp|Q23915|KINX_DICDI	31.0	274	173	5	1124	324	28	292	4.03e-39	152
JAJSME010000038.1	sp|O22558|STY8_ARATH	30.6	252	170	3	1151	405	283	532	4.20e-38	147
JAJSME010000038.1	sp|Q54TA1|DRKC_DICDI	33.9	257	161	5	1151	405	488	743	5.34e-38	149
JAJSME010000038.1	sp|Q86AT8|SPKA_DICDI	31.8	264	165	5	1124	375	357	619	2.58e-37	146
JAJSME010000038.1	sp|Q54L00|LIMKA_DICDI	37.0	257	147	9	1124	387	392	644	5.23e-37	145
JAJSME010000038.1	sp|Q8RWL6|STY17_ARATH	31.5	257	161	6	1151	405	289	538	2.47e-36	142
JAJSME010000038.1	sp|P0CD62|LIMKB_DICDI	35.0	266	154	9	1145	387	701	960	5.29e-36	143
JAJSME010000038.1	sp|Q54VC0|Y9865_DICDI	32.3	260	155	9	1145	405	12	263	1.59e-35	138
JAJSME010000038.1	sp|Q54RR9|Y9844_DICDI	30.9	275	172	7	1148	369	1474	1745	2.91e-35	141
JAJSME010000038.1	sp|Q54TH6|Y9863_DICDI	33.9	236	151	5	1124	423	340	572	4.73e-34	136
JAJSME010000038.1	sp|Q86HG9|Y9871_DICDI	32.3	257	156	7	1148	402	358	604	9.04e-34	137
JAJSME010000038.1	sp|Q7T6Y2|YR831_MIMIV	30.7	296	188	9	1148	306	784	1077	1.05e-33	137
JAJSME010000038.1	sp|Q2MHE4|HT1_ARATH	29.2	291	190	6	1151	318	83	370	1.29e-33	132
JAJSME010000038.1	sp|Q55GG4|Y9847_DICDI	32.6	267	156	11	1124	375	1955	2214	9.14e-33	134
JAJSME010000038.1	sp|A8X775|DLK1_CAEBR	34.8	244	146	6	1151	423	62	293	1.22e-32	133
JAJSME010000038.1	sp|Q54XX5|Y9849_DICDI	32.4	256	156	7	1124	402	535	788	5.44e-32	131
JAJSME010000038.1	sp|F4JTP5|STY46_ARATH	30.2	248	158	6	1124	405	296	536	5.87e-32	130
JAJSME010000004.1	sp|Q99PV0|PRP8_MOUSE	56.0	2505	839	35	715400	707937	23	2282	0.0	2477
JAJSME010000004.1	sp|Q6P2Q9|PRP8_HUMAN	56.0	2505	839	35	715400	707937	23	2282	0.0	2477
JAJSME010000004.1	sp|Q9SSD2|PRP8A_ARATH	55.1	2410	784	37	714992	707937	137	2306	0.0	2392
JAJSME010000004.1	sp|P34369|PRP8_CAEEL	56.8	2368	813	35	714992	707937	103	2275	0.0	2392
JAJSME010000004.1	sp|Q9T0I6|PRP8B_ARATH	54.4	2378	854	34	714992	707937	135	2308	0.0	2330
JAJSME010000004.1	sp|Q8T295|PRP8_DICDI	53.3	2402	840	36	714992	707937	100	2270	0.0	2263
JAJSME010000004.1	sp|O14187|SPP42_SCHPO	52.2	2384	898	38	714989	707937	135	2310	0.0	2173
JAJSME010000004.1	sp|P33334|PRP8_YEAST	44.3	2389	1075	46	714989	707940	187	2359	0.0	1763
JAJSME010000004.1	sp|Q12649|HMDH_PHYB8	50.7	1249	491	23	139554	143201	1	1157	0.0	1063
JAJSME010000004.1	sp|C8VG90|ACON_EMENI	70.0	736	191	2	1200084	1197877	61	766	0.0	1059
JAJSME010000004.1	sp|Q4WLN1|ACON_ASPFU	70.8	737	184	3	1200084	1197877	63	769	0.0	1059
JAJSME010000004.1	sp|D4AT77|ACON_ARTBC	69.2	736	197	2	1200084	1197877	54	759	0.0	1050
JAJSME010000004.1	sp|O13966|ACON_SCHPO	70.6	737	186	4	1200084	1197877	65	771	0.0	1048
JAJSME010000004.1	sp|Q99KI0|ACON_MOUSE	69.2	736	198	2	1200084	1197877	58	764	0.0	1034
JAJSME010000004.1	sp|Q9ER34|ACON_RAT	69.0	736	199	2	1200084	1197877	58	764	0.0	1032
JAJSME010000004.1	sp|P20004|ACON_BOVIN	69.0	736	199	2	1200084	1197877	58	764	0.0	1031
JAJSME010000004.1	sp|Q99798|ACON_HUMAN	69.3	736	197	2	1200084	1197877	58	764	0.0	1031
JAJSME010000004.1	sp|P16276|ACON_PIG	68.8	736	201	2	1200084	1197877	58	764	0.0	1025
JAJSME010000004.1	sp|P49609|ACON_GRAGA	68.5	736	202	3	1200084	1197877	57	762	0.0	1019
JAJSME010000004.1	sp|P19414|ACON_YEAST	66.6	737	216	3	1200084	1197877	54	761	0.0	1006
JAJSME010000004.1	sp|P34455|ACON_CAEEL	66.5	741	216	3	1200099	1197877	50	758	0.0	999
JAJSME010000004.1	sp|P82611|ACON_CANAL	65.9	737	221	3	1200084	1197877	55	762	0.0	998
JAJSME010000004.1	sp|Q54XS2|ACON_DICDI	66.7	744	215	5	1200099	1197877	39	752	0.0	988
JAJSME010000004.1	sp|P11586|C1TC_HUMAN	50.6	982	307	10	794534	791598	129	935	1.21e-272	858
JAJSME010000004.1	sp|Q5R8P0|C1TC_PONAB	50.7	982	306	10	794534	791598	129	935	1.64e-272	858
JAJSME010000005.1	sp|O94489|EF3_SCHPO	55.2	1033	419	17	1454186	1457194	28	1046	0.0	1021
JAJSME010000005.1	sp|Q9Z2Q4|METH_RAT	56.3	941	282	9	1087358	1090153	431	1251	1.53e-317	1001
JAJSME010000005.1	sp|A6H5Y3|METH_MOUSE	55.7	941	288	9	1087358	1090153	431	1251	4.51e-312	985
JAJSME010000005.1	sp|Q4JIJ3|METH_BOVIN	55.2	941	293	9	1087358	1090153	443	1263	1.23e-307	973
JAJSME010000005.1	sp|Q99707|METH_HUMAN	54.8	941	296	9	1087358	1090153	443	1263	9.03e-306	967
JAJSME010000005.1	sp|P25997|EF3_CANAL	51.7	999	457	11	56567	53634	6	999	5.98e-304	953
JAJSME010000005.1	sp|O93796|EF3_CANGA	52.1	995	448	12	56561	53634	9	993	1.27e-303	952
JAJSME010000005.1	sp|Q75EV6|EF3_ASHGO	52.3	992	442	13	56549	53634	13	993	2.66e-302	948
JAJSME010000005.1	sp|P16521|EF3A_YEAST	51.8	995	451	12	56561	53634	9	993	1.24e-301	946
JAJSME010000005.1	sp|Q54P92|METH_DICDI	55.9	942	282	9	1087358	1090153	436	1254	4.81e-301	954
JAJSME010000005.1	sp|Q08435|PMA1_NICPL	57.9	869	308	9	528906	531494	32	848	3.40e-299	936
JAJSME010000005.1	sp|P53978|EF3B_YEAST	52.1	992	446	12	56552	53634	12	993	1.08e-298	938
JAJSME010000005.1	sp|Q08436|PMA3_NICPL	57.5	878	315	9	528906	531521	31	856	1.53e-298	934
JAJSME010000005.1	sp|Q9SH76|PMA6_ARATH	57.0	863	320	5	528906	531494	30	841	1.04e-297	931
JAJSME010000005.1	sp|Q9SU58|PMA4_ARATH	57.3	868	315	8	528906	531494	35	851	1.12e-297	931
JAJSME010000005.1	sp|P22180|PMA1_SOLLC	57.0	880	316	9	528906	531521	31	856	2.45e-297	930
JAJSME010000005.1	sp|Q7XPY2|PMA1_ORYSJ	56.5	872	321	8	528906	531509	27	844	6.08e-296	926
JAJSME010000005.1	sp|Q9LV11|PMA11_ARATH	56.6	873	323	8	528900	531503	29	850	9.85e-296	926
JAJSME010000005.1	sp|P29551|EF3_PNECA	53.0	926	402	10	56342	53634	79	994	1.62e-295	929
JAJSME010000005.1	sp|Q42556|PMA9_ARATH	57.1	870	315	7	528906	531503	32	847	3.15e-295	924
JAJSME010000005.1	sp|Q03194|PMA4_NICPL	55.8	876	329	8	528906	531521	30	851	8.81e-292	914
JAJSME010000005.1	sp|Q9M2A0|PMA8_ARATH	56.3	871	321	8	528906	531503	30	845	1.04e-291	914
JAJSME010000005.1	sp|P83970|PMA1_WHEAT	55.8	872	327	8	528906	531509	27	844	1.58e-291	913
JAJSME010000005.1	sp|P20649|PMA1_ARATH	56.4	877	322	9	528906	531521	27	848	5.04e-291	912
JAJSME010000005.1	sp|P20431|PMA3_ARATH	55.4	874	328	8	528906	531509	28	845	8.05e-290	908
JAJSME010000006.1	sp|Q4P9K9|CHS8_USTMA	37.9	2145	1061	50	221130	215032	17	2002	0.0	1197
JAJSME010000006.1	sp|J9VNT4|CHS5_CRYNH	36.3	2121	1076	50	221178	215032	12	1929	0.0	1110
JAJSME010000006.1	sp|O13395|CHS6_USTMA	54.2	920	395	12	218268	215557	61	970	1.52e-307	969
JAJSME010000006.1	sp|J9VF17|CHS4_CRYNH	53.7	907	401	8	218271	215587	152	1051	1.88e-297	943
JAJSME010000006.1	sp|P28295|EF1A_ABSGL	85.9	490	37	1	310748	312217	1	458	9.19e-274	839
JAJSME010000006.1	sp|P14864|EF1A2_MUCCL	85.1	490	41	1	310748	312217	1	458	2.09e-270	830
JAJSME010000006.1	sp|P06805|EF1A1_MUCCL	84.9	490	42	1	310748	312217	1	458	7.20e-270	828
JAJSME010000006.1	sp|P14865|EF1A3_MUCCL	84.9	490	41	2	310748	312217	1	457	3.86e-268	823
JAJSME010000006.1	sp|A5DPE3|EF1A_PICGU	81.0	490	61	1	310748	312217	1	458	1.57e-259	798
JAJSME010000006.1	sp|P0CY35|EF1A1_CANAL	80.6	490	63	1	310748	312217	1	458	3.46e-258	795
JAJSME010000006.1	sp|Q59QD6|EF1A2_CANAL	80.6	490	63	1	310748	312217	1	458	3.46e-258	795
JAJSME010000006.1	sp|O42820|EF1A_SCHCO	83.7	472	45	1	310748	312163	1	440	6.93e-258	794
JAJSME010000006.1	sp|P0CN31|EF1A_CRYNB	79.4	490	69	1	310748	312217	1	458	1.32e-253	781
JAJSME010000006.1	sp|P0CN30|EF1A_CRYNJ	79.4	490	69	1	310748	312217	1	458	1.32e-253	781
JAJSME010000006.1	sp|P41752|EF1A_ASHGO	79.2	490	70	1	310748	312217	1	458	2.80e-252	778
JAJSME010000006.1	sp|Q01372|EF1A_NEUCR	81.4	473	55	2	310748	312163	1	441	2.63e-251	775
JAJSME010000006.1	sp|Q9HDF6|EF1A_SERIN	81.6	474	53	2	310748	312163	1	442	7.16e-251	774
JAJSME010000006.1	sp|P41745|EF1A_BLAAD	80.9	472	58	1	310748	312163	1	440	8.71e-251	773
JAJSME010000006.1	sp|P32186|EF1A_PUCGR	82.2	472	51	2	310748	312163	1	439	4.75e-250	771
JAJSME010000006.1	sp|Q01520|EF1A_PODAS	78.9	492	70	3	310748	312217	1	460	5.78e-250	771
JAJSME010000006.1	sp|Q00251|EF1A_AURPU	79.5	492	66	3	310748	312217	1	459	7.59e-250	771
JAJSME010000006.1	sp|Q09069|EF1A_SORMA	81.0	473	57	2	310748	312163	1	441	1.07e-249	770
JAJSME010000006.1	sp|P0CT54|EF1A2_SCHPO	78.4	491	73	2	310748	312217	1	459	2.71e-249	769
JAJSME010000006.1	sp|P0CT55|EF1A3_SCHPO	78.4	491	73	2	310748	312217	1	459	2.71e-249	769
JAJSME010000006.1	sp|P0CT53|EF1A1_SCHPO	78.2	491	74	2	310748	312217	1	459	3.70e-249	769
JAJSME010000007.1	sp|Q869L3|MDN1_DICDI	42.6	2656	1258	43	431611	424220	103	2678	0.0	1945
JAJSME010000007.1	sp|Q12019|MDN1_YEAST	46.8	2132	1007	30	431197	424871	254	2280	0.0	1837
JAJSME010000007.1	sp|O94248|MDN1_SCHPO	45.5	2178	1046	33	431275	424793	74	2128	0.0	1763
JAJSME010000007.1	sp|Q9NU22|MDN1_HUMAN	41.5	2569	1205	48	431614	424292	147	2543	0.0	1714
JAJSME010000007.1	sp|A0A1P8AUY4|MDN1_ARATH	41.3	2180	1092	40	431089	424754	331	2391	0.0	1467
JAJSME010000007.1	sp|O13395|CHS6_USTMA	55.6	933	366	11	183780	186545	51	946	0.0	1014
JAJSME010000007.1	sp|J9VF17|CHS4_CRYNH	52.4	918	423	8	183753	186473	137	1051	1.80e-297	943
JAJSME010000007.1	sp|O80988|GCSP2_ARATH	59.3	761	267	5	226361	224106	291	1017	3.01e-285	899
JAJSME010000007.1	sp|Q54KM7|GCSP_DICDI	59.1	756	276	4	226361	224106	248	974	3.01e-284	894
JAJSME010000007.1	sp|Q09785|GCSP_SCHPO	57.7	763	283	3	226361	224106	281	1014	4.20e-284	895
JAJSME010000007.1	sp|P26969|GCSP_PEA	59.9	760	263	4	226361	224106	304	1029	3.45e-283	893
JAJSME010000007.1	sp|O49954|GCSP_SOLTU	59.1	761	268	6	226361	224106	282	1008	7.66e-283	891
JAJSME010000007.1	sp|Q94B78|GCSP1_ARATH	58.6	761	272	5	226361	224106	285	1011	1.51e-282	890
JAJSME010000007.1	sp|Q8YNF9|GCSP_NOSS1	58.5	762	271	5	226361	224106	237	963	3.87e-282	887
JAJSME010000007.1	sp|B2J427|GCSP_NOSP7	59.0	759	275	5	226361	224106	229	958	8.49e-282	886
JAJSME010000007.1	sp|Q91W43|GCSP_MOUSE	57.5	757	285	6	226361	224106	270	994	3.48e-280	883
JAJSME010000007.1	sp|O49850|GCSP_FLAAN	58.5	761	273	5	226361	224106	281	1007	7.50e-279	880
JAJSME010000007.1	sp|P49362|GCSPB_FLAPR	58.3	761	274	5	226361	224106	281	1007	3.49e-278	878
JAJSME010000007.1	sp|P23378|GCSP_HUMAN	56.9	759	286	8	226361	224106	265	989	4.03e-278	877
JAJSME010000007.1	sp|Q8DII3|GCSP_THEEB	58.9	754	266	5	226361	224106	224	935	5.02e-278	874
JAJSME010000007.1	sp|P49361|GCSPA_FLAPR	58.3	761	274	5	226361	224106	284	1010	5.25e-278	877
JAJSME010000007.1	sp|Q8T5T1|MDN1_GIAIN	32.7	2215	1231	55	431068	424865	6	2108	6.54e-278	962
JAJSME010000007.1	sp|O49852|GCSP_FLATR	58.2	761	275	5	226361	224106	281	1007	4.08e-277	875
JAJSME010000007.1	sp|P15505|GCSP_CHICK	56.8	757	290	6	226361	224106	249	973	1.28e-276	872
JAJSME010000007.1	sp|Q3M9G1|GCSP_TRIV2	57.8	758	274	5	226361	224106	237	954	2.93e-276	870
JAJSME010000008.1	sp|B0Y0I4|BXLB_ASPFC	55.8	767	327	6	681868	679571	12	767	1.17e-272	850
JAJSME010000008.1	sp|Q4WFI6|BXLB_ASPFU	55.8	767	327	6	681868	679571	12	767	1.17e-272	850
JAJSME010000008.1	sp|A1DJS5|XYND_NEOFI	55.5	752	321	7	681820	679571	28	767	3.13e-266	832
JAJSME010000008.1	sp|Q2TYT2|BXLB_ASPOR	51.8	796	361	8	681925	679568	3	785	2.74e-263	825
JAJSME010000008.1	sp|Q0CB82|BXLB_ASPTN	53.1	769	338	8	681868	679571	10	758	4.13e-263	823
JAJSME010000008.1	sp|B8NYD8|BXLB_ASPFN	53.5	751	335	6	681817	679568	27	764	4.48e-263	823
JAJSME010000008.1	sp|A1CCL9|BXLB_ASPCL	52.9	769	346	7	681868	679571	12	767	3.25e-262	820
JAJSME010000008.1	sp|Q5ATH9|BXLB_EMENI	50.9	753	343	8	681817	679577	25	756	1.01e-241	761
JAJSME010000008.1	sp|P07806|SYV_YEAST	48.9	755	303	12	785483	783249	401	1082	2.09e-219	711
JAJSME010000008.1	sp|O75005|SYV_SCHPO	67.0	473	154	1	785483	784071	350	822	2.73e-214	691
JAJSME010000008.1	sp|Q5B041|HSP60_EMENI	72.1	495	110	2	62179	60698	102	569	2.43e-213	672
JAJSME010000008.1	sp|O60008|HSP60_PARBA	71.7	498	113	2	62179	60689	106	576	3.31e-212	669
JAJSME010000008.1	sp|P50142|HSP60_AJECA	71.7	495	112	2	62179	60698	106	573	9.40e-209	659
JAJSME010000008.1	sp|O74261|HSP60_CANAL	67.6	506	127	5	62179	60686	85	561	2.79e-200	633
JAJSME010000008.1	sp|Q09864|HSP60_SCHPO	65.6	497	143	2	62179	60689	100	568	1.73e-197	626
JAJSME010000008.1	sp|Q0CMH8|XYND_ASPTN	45.3	753	390	12	681820	679577	48	783	2.64e-195	629
JAJSME010000008.1	sp|A1CND4|XYND_ASPCL	45.5	759	378	15	681820	679577	48	781	8.76e-193	621
JAJSME010000008.1	sp|B0XP71|XYND_ASPFC	44.1	753	399	12	681820	679577	48	783	2.99e-192	620
JAJSME010000008.1	sp|Q4WRB0|XYND_ASPFU	44.1	753	399	12	681820	679577	48	783	4.07e-192	619
JAJSME010000008.1	sp|P19882|HSP60_YEAST	64.0	494	151	1	62170	60689	93	559	2.40e-191	608
JAJSME010000008.1	sp|Q5BAS1|XYND_EMENI	43.2	755	408	11	681820	679568	46	783	1.71e-188	609
JAJSME010000008.1	sp|B8MYV0|XYND_ASPFN	43.5	759	402	14	681820	679574	48	789	3.54e-188	608
JAJSME010000008.1	sp|Q2UR38|XYND_ASPOR	43.4	760	402	14	681820	679574	48	790	6.75e-188	607
JAJSME010000008.1	sp|Q86KU2|SYVC_DICDI	45.3	757	330	14	785477	783249	364	1050	1.11e-182	603
JAJSME010000008.1	sp|P93736|SYVM1_ARATH	45.6	756	338	12	785483	783249	388	1081	7.62e-182	602
JAJSME010000009.1	sp|O14139|HRP3_SCHPO	43.2	1339	617	24	232104	228223	148	1388	3.25e-301	959
JAJSME010000009.1	sp|Q9US25|HRP1_SCHPO	47.9	1054	481	17	231861	228721	209	1201	5.79e-277	888
JAJSME010000009.1	sp|P32657|CHD1_YEAST	42.0	1280	632	23	231807	228226	208	1462	1.25e-269	870
JAJSME010000009.1	sp|Q5AQL1|SYA_EMENI	52.2	852	328	9	885387	887924	183	961	1.33e-268	847
JAJSME010000009.1	sp|O13914|SYA_SCHPO	52.6	848	328	7	885387	887924	182	957	7.88e-268	845
JAJSME010000009.1	sp|Q5A8K2|SYA_CANAL	52.1	849	329	9	885387	887924	196	969	8.43e-258	816
JAJSME010000009.1	sp|P40825|SYA_YEAST	50.7	854	335	13	885387	887924	206	981	8.69e-245	779
JAJSME010000009.1	sp|O14023|ELP3_SCHPO	78.8	453	73	2	917947	916589	108	537	7.17e-241	749
JAJSME010000009.1	sp|Q9VQZ6|ELP3_DROME	79.0	453	71	2	917947	916589	113	541	3.40e-238	741
JAJSME010000009.1	sp|Q5RIC0|ELP3_DANRE	78.6	453	73	2	917947	916589	112	540	4.00e-238	741
JAJSME010000009.1	sp|Q6NVL5|ELP3_XENTR	78.6	453	73	2	917947	916589	113	541	1.24e-236	737
JAJSME010000009.1	sp|Q1ZXC6|ELP3_DICDI	77.5	453	78	2	917947	916589	123	551	8.39e-236	735
JAJSME010000009.1	sp|Q02908|ELP3_YEAST	78.0	454	76	3	917947	916589	120	550	1.06e-235	734
JAJSME010000009.1	sp|Q5HZM6|ELP3_XENLA	77.7	453	77	2	917947	916589	113	541	2.00e-235	733
JAJSME010000009.1	sp|Q5ZHS1|ELP3_CHICK	77.0	453	80	2	917947	916589	110	538	2.12e-234	730
JAJSME010000009.1	sp|Q9H9T3|ELP3_HUMAN	77.0	453	80	2	917947	916589	111	539	1.22e-232	725
JAJSME010000009.1	sp|Q2KJ61|ELP3_BOVIN	76.8	453	81	2	917947	916589	111	539	7.77e-232	723
JAJSME010000009.1	sp|O14646|CHD1_HUMAN	40.0	1249	634	30	231798	228223	316	1505	1.11e-230	764
JAJSME010000009.1	sp|B6ZLK2|CHD1_CHICK	42.8	1059	526	21	231798	228706	312	1318	3.42e-230	763
JAJSME010000009.1	sp|Q9CZX0|ELP3_MOUSE	75.7	453	86	2	917947	916589	111	539	7.99e-230	717
JAJSME010000009.1	sp|P40201|CHD1_MOUSE	39.1	1265	653	29	231834	228223	297	1505	1.05e-228	759
JAJSME010000009.1	sp|Q4P328|SWR1_USTMA	42.7	1209	547	27	365137	361535	564	1634	4.79e-226	754
JAJSME010000009.1	sp|O13682|SWR1_SCHPO	57.7	676	253	9	363526	361535	438	1092	4.28e-224	731
JAJSME010000009.1	sp|Q59U81|SWR1_CANAL	58.0	688	229	14	363523	361535	815	1467	2.69e-223	741
JAJSME010000009.1	sp|Q7X7L3|ELP3_ORYSJ	73.7	453	95	2	917947	916589	137	565	1.42e-222	697
