JAKIMF010000005.1	sp|Q8SSJ5|CDC48_ENCCU	70.2	410	114	2	65934	64711	377	780	1.85e-181	586
JAKIMF010000005.1	sp|Q7KN62|TERA_DROME	70.8	391	113	1	65934	64765	370	760	1.66e-172	561
JAKIMF010000005.1	sp|P54812|TERA2_CAEEL	69.3	394	117	2	65934	64765	378	771	4.67e-169	551
JAKIMF010000005.1	sp|P54811|TERA1_CAEEL	69.6	395	115	2	65934	64765	379	773	2.85e-168	549
JAKIMF010000005.1	sp|Q7ZU99|TERA_DANRE	69.1	391	119	2	65934	64765	373	762	3.01e-167	546
JAKIMF010000005.1	sp|Q3ZBT1|TERA_BOVIN	69.3	391	118	2	65934	64765	373	762	2.57e-166	543
JAKIMF010000005.1	sp|P55072|TERA_HUMAN	69.3	391	118	2	65934	64765	373	762	2.57e-166	543
JAKIMF010000005.1	sp|Q01853|TERA_MOUSE	69.3	391	118	2	65934	64765	373	762	2.57e-166	543
JAKIMF010000005.1	sp|P46462|TERA_RAT	69.3	391	118	2	65934	64765	373	762	2.57e-166	543
JAKIMF010000005.1	sp|P03974|TERA_PIG	69.1	391	119	2	65934	64765	373	762	6.45e-166	542
JAKIMF010000005.1	sp|Q6GL04|TERA_XENTR	68.8	391	120	2	65934	64765	373	762	2.13e-165	541
JAKIMF010000005.1	sp|P23787|TERA_XENLA	68.5	391	121	2	65934	64765	373	762	1.34e-164	538
JAKIMF010000005.1	sp|P54609|CD48A_ARATH	65.8	406	136	2	65934	64723	376	780	9.41e-162	530
JAKIMF010000005.1	sp|Q9SCN8|CD48D_ARATH	66.8	400	130	3	65934	64738	377	774	1.13e-161	530
JAKIMF010000005.1	sp|Q9LZF6|CD48E_ARATH	65.8	400	136	1	65934	64738	376	775	1.32e-161	530
JAKIMF010000005.1	sp|P54774|CDC48_SOYBN	65.0	400	139	1	65934	64738	377	776	1.03e-160	527
JAKIMF010000005.1	sp|Q5AWS6|CDC48_EMENI	66.4	396	128	3	65934	64762	394	789	3.03e-158	521
JAKIMF010000005.1	sp|Q9P3A7|CDC48_SCHPO	66.2	390	132	0	65934	64765	393	782	9.37e-157	516
JAKIMF010000005.1	sp|Q96372|CDC48_CAPAN	62.5	400	147	3	65934	64738	377	774	8.98e-151	498
JAKIMF010000005.1	sp|P25694|CDC48_YEAST	62.2	405	139	3	65934	64759	383	786	4.62e-149	494
JAKIMF010000005.1	sp|P21565|SRP54_SCHPO	44.4	493	249	7	222518	223921	1	493	4.40e-122	404
JAKIMF010000005.1	sp|Q99150|SRP54_YARLI	48.1	437	214	5	222527	223804	5	439	6.93e-120	399
JAKIMF010000005.1	sp|Q2T9U1|SRP54_BOVIN	45.4	460	239	8	222518	223864	2	460	7.31e-119	394
JAKIMF010000005.1	sp|P61010|SRP54_CANLF	45.4	460	239	8	222518	223864	2	460	7.31e-119	394
JAKIMF010000005.1	sp|P61011|SRP54_HUMAN	45.4	460	239	8	222518	223864	2	460	7.31e-119	394
JAKIMF010000006.1	sp|P48578|PP2A4_ARATH	63.7	300	109	0	90103	89204	14	313	6.52e-137	438
JAKIMF010000006.1	sp|A2XN40|PP2A2_ORYSI	63.7	300	109	0	90103	89204	8	307	2.46e-136	436
JAKIMF010000006.1	sp|Q10BT5|PP2A2_ORYSJ	63.7	300	109	0	90103	89204	8	307	2.46e-136	436
JAKIMF010000006.1	sp|G5EGK8|PP2A_CAEEL	61.8	306	117	0	90121	89204	13	318	4.99e-136	436
JAKIMF010000006.1	sp|Q07100|PP2A3_ARATH	63.0	300	111	0	90103	89204	14	313	5.68e-136	436
JAKIMF010000006.1	sp|P48463|PP2AA_CHICK	62.7	300	112	0	90103	89204	10	309	6.70e-136	435
JAKIMF010000006.1	sp|A3C4N5|PP2A4_ORYSJ	63.0	300	111	0	90103	89204	15	314	8.02e-136	435
JAKIMF010000006.1	sp|P67774|PP2AA_BOVIN	61.8	306	117	0	90121	89204	4	309	1.24e-135	434
JAKIMF010000006.1	sp|P67775|PP2AA_HUMAN	61.8	306	117	0	90121	89204	4	309	1.24e-135	434
JAKIMF010000006.1	sp|P67776|PP2AA_PIG	61.8	306	117	0	90121	89204	4	309	1.24e-135	434
JAKIMF010000006.1	sp|P67777|PP2AA_RABIT	61.8	306	117	0	90121	89204	4	309	1.24e-135	434
JAKIMF010000006.1	sp|Q0P594|PP2AB_BOVIN	62.3	300	113	0	90103	89204	10	309	1.24e-135	434
JAKIMF010000006.1	sp|P62714|PP2AB_HUMAN	62.3	300	113	0	90103	89204	10	309	1.24e-135	434
JAKIMF010000006.1	sp|P62715|PP2AB_MOUSE	62.3	300	113	0	90103	89204	10	309	1.24e-135	434
JAKIMF010000006.1	sp|P11611|PP2AB_RABIT	62.3	300	113	0	90103	89204	10	309	1.24e-135	434
JAKIMF010000006.1	sp|P62716|PP2AB_RAT	62.3	300	113	0	90103	89204	10	309	1.24e-135	434
JAKIMF010000006.1	sp|P23778|PP2A_BRANA	63.3	300	110	0	90103	89204	10	309	1.24e-135	434
JAKIMF010000006.1	sp|P0C5D7|PP2A4_ORYSI	63.0	300	111	0	90103	89204	16	315	1.54e-135	434
JAKIMF010000006.1	sp|P63330|PP2AA_MOUSE	61.8	306	117	0	90121	89204	4	309	1.69e-135	434
JAKIMF010000006.1	sp|P63331|PP2AA_RAT	61.8	306	117	0	90121	89204	4	309	1.69e-135	434
JAKIMF010000006.1	sp|Q9XGH7|PP2A_TOBAC	63.0	300	111	0	90103	89204	13	312	4.77e-135	433
JAKIMF010000006.1	sp|Q9HFQ2|PP2A1_EMENI	63.0	300	111	0	90103	89204	30	329	8.79e-135	433
JAKIMF010000006.1	sp|Q06009|PP2A_MEDSA	63.5	296	108	0	90091	89204	18	313	3.16e-134	431
JAKIMF010000006.1	sp|P23696|PP2A_DROME	62.7	300	112	0	90103	89204	10	309	3.73e-134	430
JAKIMF010000006.1	sp|P48580|PP2A1_NEUCR	62.0	300	114	0	90103	89204	28	327	9.71e-134	430
JAKIMF010000007.1	sp|Q8SQS4|TAF5_ENCCU	49.9	381	162	7	41494	40361	19	373	1.85e-100	343
JAKIMF010000007.1	sp|O43280|TREA_HUMAN	35.5	501	277	17	140241	138793	83	555	2.11e-71	260
JAKIMF010000007.1	sp|A8J4S9|TREA_APIME	35.8	466	255	17	140124	138784	136	576	2.22e-69	255
JAKIMF010000007.1	sp|Q9JLT2|TREA_MOUSE	35.0	500	281	17	140241	138793	80	552	2.87e-67	248
JAKIMF010000007.1	sp|Q9FWC1|TRE_ORYSJ	37.3	426	236	12	140022	138805	140	554	9.52e-67	246
JAKIMF010000007.1	sp|Q54QZ5|TREA_DICDI	34.2	515	283	17	140247	138790	104	591	4.93e-66	244
JAKIMF010000007.1	sp|P19813|TREA_RABIT	35.3	498	281	17	140241	138793	83	554	1.13e-65	243
JAKIMF010000007.1	sp|P32358|TREA_BOMMO	36.8	432	229	15	140025	138793	146	554	2.88e-65	242
JAKIMF010000007.1	sp|Q8SQS5|PSA6_ENCCU	51.5	229	110	1	167869	167186	1	229	3.15e-65	229
JAKIMF010000007.1	sp|Q8MMG9|TREA_PIMHY	32.3	499	294	15	140247	138808	98	571	8.19e-65	241
JAKIMF010000007.1	sp|Q9SU50|TRE1_ARATH	34.7	464	264	15	140139	138805	174	617	1.53e-61	232
JAKIMF010000007.1	sp|Q9W2M2|TREA_DROME	32.6	552	304	23	140364	138790	73	583	2.66e-61	231
JAKIMF010000007.1	sp|P32359|TREA_TENMO	34.3	466	255	18	140136	138808	115	552	5.47e-57	217
JAKIMF010000007.1	sp|B4SUI9|TREA_SALNS	36.0	420	229	12	140028	138814	143	537	1.88e-56	216
JAKIMF010000007.1	sp|B5FTN7|TREA_SALDC	36.0	420	229	12	140028	138814	143	537	3.42e-56	215
JAKIMF010000007.1	sp|B5R2X4|TREA_SALEP	36.0	420	229	12	140028	138814	143	537	3.42e-56	215
JAKIMF010000007.1	sp|B5R904|TREA_SALG2	36.0	420	229	12	140028	138814	143	537	3.42e-56	215
JAKIMF010000007.1	sp|B4TXW7|TREA_SALSV	36.0	420	229	12	140028	138814	143	537	3.42e-56	215
JAKIMF010000007.1	sp|Q0T5J8|TREA_SHIF8	35.8	419	231	13	140028	138814	136	530	4.15e-56	214
JAKIMF010000007.1	sp|Q57NL6|TREA_SALCH	35.8	422	231	12	140034	138814	141	537	4.62e-56	214
JAKIMF010000007.1	sp|Q5PI73|TREA_SALPA	36.0	420	229	12	140028	138814	143	537	4.62e-56	214
JAKIMF010000007.1	sp|A9MVX4|TREA_SALPB	36.0	420	229	12	140028	138814	143	537	4.62e-56	214
JAKIMF010000007.1	sp|B5BI56|TREA_SALPK	36.0	420	229	12	140028	138814	143	537	4.62e-56	214
JAKIMF010000007.1	sp|Q8PPT1|TREA_XANAC	36.0	420	231	15	140028	138808	153	547	5.98e-56	214
JAKIMF010000007.1	sp|Q9I165|TREA_PSEAE	34.2	450	250	15	140112	138805	123	540	6.58e-56	213
JAKIMF010000008.1	sp|P15398|RPA1_SCHPO	25.0	2135	1020	43	267149	261084	14	1679	3.08e-145	508
JAKIMF010000008.1	sp|Q86H36|RPA1_DICDI	26.7	1662	704	33	267155	262407	14	1240	1.63e-139	489
JAKIMF010000008.1	sp|O95602|RPA1_HUMAN	25.9	2113	1062	44	267149	261084	15	1715	2.11e-130	464
JAKIMF010000008.1	sp|O35134|RPA1_MOUSE	25.5	2070	1123	37	267149	261084	15	1712	2.04e-129	461
JAKIMF010000008.1	sp|O54889|RPA1_RAT	25.6	2077	1110	38	267149	261084	15	1711	3.59e-129	460
JAKIMF010000008.1	sp|P91875|RPA1_DROME	26.3	2087	1029	41	267176	261081	7	1638	6.27e-123	439
JAKIMF010000008.1	sp|P10964|RPA1_YEAST	25.7	1664	743	35	267155	262440	12	1274	8.18e-120	430
JAKIMF010000008.1	sp|Q9SVY0|NRPA1_ARATH	25.8	2136	979	41	267149	261069	30	1669	6.23e-115	415
JAKIMF010000008.1	sp|P26354|TBP_ACACA	81.0	184	33	1	296623	297168	74	257	2.90e-89	300
JAKIMF010000008.1	sp|P93348|TBP_TOBAC	79.3	179	37	0	296632	297168	19	197	6.42e-87	290
JAKIMF010000008.1	sp|P26357|TBP_SOLTU	78.8	179	38	0	296632	297168	19	197	4.11e-86	288
JAKIMF010000008.1	sp|Q8W0W4|TBP2_ORYSJ	78.8	179	38	0	296632	297168	22	200	6.23e-86	288
JAKIMF010000008.1	sp|Q42808|TBP_SOYBN	74.9	191	45	1	296596	297168	10	197	7.64e-86	287
JAKIMF010000008.1	sp|Q02879|TBP2_WHEAT	78.2	179	39	0	296632	297168	20	198	1.47e-85	286
JAKIMF010000008.1	sp|P50158|TBP1_MAIZE	78.2	179	39	0	296632	297168	19	197	1.93e-85	286
JAKIMF010000008.1	sp|P50159|TBP2_MAIZE	78.2	179	39	0	296632	297168	19	197	1.93e-85	286
JAKIMF010000008.1	sp|P48511|TBP_MESCR	78.2	179	39	0	296632	297168	19	197	1.93e-85	286
JAKIMF010000008.1	sp|P28147|TBP1_ARATH	77.7	179	40	0	296632	297168	19	197	2.64e-85	286
JAKIMF010000008.1	sp|P26356|TBP1_WHEAT	76.9	182	42	0	296623	297168	49	230	4.49e-85	286
JAKIMF010000008.1	sp|P28148|TBP2_ARATH	77.7	179	40	0	296632	297168	19	197	4.90e-85	285
JAKIMF010000008.1	sp|O43133|TBP_CANAL	78.1	178	39	0	296635	297168	60	237	1.84e-84	285
JAKIMF010000008.1	sp|P17871|TBP_SCHPO	76.0	179	43	0	296632	297168	52	230	3.65e-84	284
JAKIMF010000008.1	sp|Q12731|TBP_EMENI	78.2	179	39	0	296632	297168	89	267	7.04e-84	285
JAKIMF010000008.1	sp|P13393|TBP_YEAST	76.5	179	42	0	296632	297168	61	239	1.26e-83	283
JAKIMF010000008.1	sp|P53361|TBP_SPOFR	70.1	197	59	0	296578	297168	110	306	7.83e-82	280
JAKIMF010000009.1	sp|Q8SS99|TBB_ENCCU	81.1	434	82	0	3972	2671	1	434	1.91e-238	736
JAKIMF010000009.1	sp|Q24829|TBB_ENCHE	80.9	434	83	0	3972	2671	1	434	8.98e-238	734
JAKIMF010000009.1	sp|Q9GSR5|TBB_ENCIN	80.9	434	83	0	3972	2671	1	434	8.98e-238	734
JAKIMF010000009.1	sp|Q3MHM5|TBB4B_BOVIN	81.1	433	82	0	3972	2674	1	433	3.38e-236	730
JAKIMF010000009.1	sp|P68371|TBB4B_HUMAN	81.1	433	82	0	3972	2674	1	433	3.38e-236	730
JAKIMF010000009.1	sp|P68372|TBB4B_MOUSE	81.1	433	82	0	3972	2674	1	433	3.38e-236	730
JAKIMF010000009.1	sp|P30883|TBB4_XENLA	80.0	441	87	1	3972	2653	1	441	3.38e-236	730
JAKIMF010000009.1	sp|Q3ZBU7|TBB4A_BOVIN	80.5	436	85	0	3972	2665	1	436	6.03e-236	729
JAKIMF010000009.1	sp|P04350|TBB4A_HUMAN	80.5	436	85	0	3972	2665	1	436	6.03e-236	729
JAKIMF010000009.1	sp|Q4R4X8|TBB4A_MACFA	80.5	436	85	0	3972	2665	1	436	6.03e-236	729
JAKIMF010000009.1	sp|Q9D6F9|TBB4A_MOUSE	80.5	436	85	0	3972	2665	1	436	6.03e-236	729
JAKIMF010000009.1	sp|O44388|TBB_TRITR	79.3	440	91	0	3972	2653	1	440	8.22e-236	729
JAKIMF010000009.1	sp|P11833|TBB_PARLI	80.6	433	84	0	3972	2674	1	433	9.20e-236	729
JAKIMF010000009.1	sp|Q6P9T8|TBB4B_RAT	80.8	433	83	0	3972	2674	1	433	1.58e-235	728
JAKIMF010000009.1	sp|P36221|TBB1_NOTNE	80.4	433	85	0	3972	2674	1	433	2.24e-235	728
JAKIMF010000009.1	sp|P02554|TBB_PIG	79.9	433	87	0	3972	2674	1	433	5.45e-235	726
JAKIMF010000009.1	sp|P79008|TBB_COPC7	80.1	437	86	1	3972	2665	1	437	7.43e-235	726
JAKIMF010000009.1	sp|Q24560|TBB1_DROME	79.9	433	87	0	3972	2674	1	433	1.09e-234	726
JAKIMF010000009.1	sp|Q27U48|TBB1_GLOMM	79.9	433	87	0	3972	2674	1	433	1.09e-234	726
JAKIMF010000009.1	sp|O17449|TBB1_MANSE	79.7	433	88	0	3972	2674	1	433	1.09e-234	726
JAKIMF010000009.1	sp|Q9YHC3|TBB1_GADMO	80.1	433	86	0	3972	2674	1	433	1.38e-234	725
JAKIMF010000009.1	sp|Q17299|TBB1_CAEBR	79.7	433	88	0	3972	2674	1	433	1.62e-234	725
JAKIMF010000009.1	sp|P12456|TBB1_CAEEL	79.7	433	88	0	3972	2674	1	433	3.00e-234	724
JAKIMF010000009.1	sp|P41937|TBB4_CAEEL	79.7	433	88	0	3972	2674	1	433	3.36e-234	724
JAKIMF010000009.1	sp|Q2KJD0|TBB5_BOVIN	79.7	434	88	0	3972	2671	1	434	3.36e-234	724
JAKIMF010000010.1	sp|G0S8G9|IF2P_CHATD	52.6	610	270	6	426863	425082	504	1110	6.73e-180	595
JAKIMF010000010.1	sp|Q10251|IF2P_SCHPO	52.0	610	271	8	426839	425064	474	1079	8.10e-180	594
JAKIMF010000010.1	sp|Q8SQP2|TCPB_ENCCU	55.6	511	223	3	212425	213954	1	508	4.65e-179	569
JAKIMF010000010.1	sp|P39730|IF2P_YEAST	51.9	597	266	6	426815	425082	402	996	3.87e-176	580
JAKIMF010000010.1	sp|O60841|IF2P_HUMAN	51.5	602	283	3	426842	425064	619	1220	1.33e-174	583
JAKIMF010000010.1	sp|Q05D44|IF2P_MOUSE	51.7	592	277	3	426812	425064	625	1216	1.83e-173	580
JAKIMF010000010.1	sp|B2GUV7|IF2P_RAT	51.7	592	277	3	426812	425064	625	1216	1.83e-173	580
JAKIMF010000010.1	sp|Q5RDE1|IF2P_PONAB	50.6	603	287	5	426842	425064	619	1220	8.07e-169	566
JAKIMF010000010.1	sp|Q54XP6|IF2P_DICDI	47.9	584	293	5	426809	425082	459	1039	7.99e-159	531
JAKIMF010000010.1	sp|Q90YL4|S61A2_DANRE	53.2	468	215	2	410529	409135	6	472	3.62e-157	504
JAKIMF010000010.1	sp|P38377|S61A1_CANLF	52.8	468	217	2	410529	409135	6	472	1.24e-156	503
JAKIMF010000010.1	sp|Q98SN8|S61A2_ONCMY	52.8	468	217	2	410529	409135	6	472	1.24e-156	503
JAKIMF010000010.1	sp|P61619|S61A1_HUMAN	52.8	468	217	2	410529	409135	6	472	1.69e-156	503
JAKIMF010000010.1	sp|P61620|S61A1_MOUSE	52.8	468	217	2	410529	409135	6	472	1.69e-156	503
JAKIMF010000010.1	sp|Q5R5L5|S61A1_PONAB	52.8	468	217	2	410529	409135	6	472	1.69e-156	503
JAKIMF010000010.1	sp|P61621|S61A1_RAT	52.8	468	217	2	410529	409135	6	472	1.69e-156	503
JAKIMF010000010.1	sp|Q5EA68|S61A1_BOVIN	52.6	468	218	2	410529	409135	6	472	5.82e-156	501
JAKIMF010000010.1	sp|Q90ZM2|S61A1_DANRE	52.6	468	218	2	410529	409135	6	472	5.82e-156	501
JAKIMF010000010.1	sp|Q98SN9|S61A1_ONCMY	52.6	468	218	2	410529	409135	6	472	3.70e-155	499
JAKIMF010000010.1	sp|Q8AY33|SC61A_BORSA	52.4	468	219	2	410529	409135	6	472	5.04e-155	498
JAKIMF010000010.1	sp|Q8AY32|SC61A_GADOC	52.4	468	219	2	410529	409135	6	472	6.86e-155	498
JAKIMF010000010.1	sp|Q7T277|SC61A_DISMA	52.4	468	219	2	410529	409135	6	472	9.34e-155	498
JAKIMF010000010.1	sp|Q7T278|SC61A_HARAN	52.4	468	219	2	410529	409135	6	472	9.34e-155	498
JAKIMF010000010.1	sp|Q8AY35|SC61A_NOTAN	52.4	468	219	2	410529	409135	6	472	1.27e-154	497
JAKIMF010000010.1	sp|Q8AY36|SC61A_PAGBO	52.4	468	219	2	410529	409135	6	472	1.27e-154	497
JAKIMF010000011.1	sp|Q8SR75|RPB2_ENCCU	63.9	1185	301	7	152908	156438	11	1076	0.0	1499
JAKIMF010000011.1	sp|Q02061|RPB2_SCHPO	54.1	1238	415	14	152881	156444	9	1143	0.0	1280
JAKIMF010000011.1	sp|Q6FLD5|RPB2_CANGA	51.8	1237	440	11	152881	156438	20	1151	0.0	1226
JAKIMF010000011.1	sp|Q54J75|RPB2_DICDI	52.0	1222	424	16	152866	156435	12	1102	0.0	1225
JAKIMF010000011.1	sp|Q753Q4|RPB2_ASHGO	52.3	1235	426	13	152899	156438	24	1150	0.0	1224
JAKIMF010000011.1	sp|P08518|RPB2_YEAST	52.1	1230	434	11	152899	156438	28	1152	0.0	1223
JAKIMF010000011.1	sp|A5DHT2|RPB2_PICGU	52.2	1238	437	12	152899	156438	21	1161	0.0	1223
JAKIMF010000011.1	sp|Q42877|RPB2_SOLLC	51.9	1223	436	13	152860	156435	10	1111	0.0	1222
JAKIMF010000011.1	sp|P38420|NRPB2_ARATH	52.6	1212	425	11	152890	156435	21	1112	0.0	1220
JAKIMF010000011.1	sp|P30876|RPB2_HUMAN	52.0	1217	427	13	152878	156435	17	1107	0.0	1191
JAKIMF010000011.1	sp|Q8CFI7|RPB2_MOUSE	51.9	1217	428	13	152878	156435	17	1107	0.0	1189
JAKIMF010000011.1	sp|P08266|RPB2_DROME	50.8	1224	450	12	152851	156435	9	1109	0.0	1178
JAKIMF010000011.1	sp|Q10578|RPB2_CAEEL	51.2	1207	431	14	152908	156435	34	1113	0.0	1155
JAKIMF010000011.1	sp|Q8SQT7|EF2_ENCCU	54.1	905	351	12	57822	55135	1	850	2.89e-285	890
JAKIMF010000011.1	sp|P11513|RPOB_SULAC	36.7	1206	583	21	152890	156438	2	1049	4.71e-228	736
JAKIMF010000011.1	sp|O14460|EF2_SCHPO	45.1	902	429	12	57822	55135	1	842	2.45e-221	705
JAKIMF010000011.1	sp|P31814|RPOB_THECE	35.0	1199	599	20	152902	156438	15	1053	3.82e-218	707
JAKIMF010000011.1	sp|Q96X45|EF2_NEUCR	44.9	906	427	14	57822	55135	1	844	7.75e-218	695
JAKIMF010000011.1	sp|Q90705|EF2_CHICK	44.4	915	433	16	57822	55135	1	858	7.82e-215	687
JAKIMF010000011.1	sp|P13639|EF2_HUMAN	44.2	915	435	16	57822	55135	1	858	1.06e-214	687
JAKIMF010000011.1	sp|Q5R8Z3|EF2_PONAB	44.2	915	435	16	57822	55135	1	858	1.06e-214	687
JAKIMF010000011.1	sp|Q3SYU2|EF2_BOVIN	44.6	920	424	20	57822	55135	1	858	1.97e-214	686
JAKIMF010000011.1	sp|Q874B9|EF2_PICPA	43.8	902	441	12	57822	55135	1	842	2.15e-214	685
JAKIMF010000011.1	sp|Q6FYA7|EF2_CANGA	43.9	904	437	14	57822	55135	1	842	3.97e-214	684
JAKIMF010000011.1	sp|A0SXL6|EF2_CALJA	44.5	920	425	19	57822	55135	1	858	4.94e-214	685
JAKIMF010000012.1	sp|Q8SQZ6|SYG_ENCCU	50.6	583	272	4	273035	271314	3	578	5.35e-182	581
JAKIMF010000012.1	sp|A1A4J6|ATP9B_BOVIN	31.3	1443	524	18	471588	475832	131	1134	1.65e-181	601
JAKIMF010000012.1	sp|O43861|ATP9B_HUMAN	31.8	1455	514	20	471588	475832	130	1145	7.53e-181	600
JAKIMF010000012.1	sp|D4ABB8|ATP9B_RAT	31.1	1455	524	17	471588	475832	130	1145	3.44e-180	598
JAKIMF010000012.1	sp|P98195|ATP9B_MOUSE	31.3	1456	519	19	471588	475832	129	1144	6.15e-180	597
JAKIMF010000012.1	sp|F1Q4S1|ATP9B_DANRE	33.7	1240	461	14	472200	475832	216	1123	4.09e-174	579
JAKIMF010000012.1	sp|P40527|ATC7_YEAST	30.4	1447	536	20	471555	475841	155	1148	7.39e-170	568
JAKIMF010000012.1	sp|Q10309|YD56_SCHPO	30.7	1440	502	21	471552	475835	77	1032	2.11e-169	562
JAKIMF010000012.1	sp|O70228|ATP9A_MOUSE	32.5	1233	471	12	472200	475832	152	1045	7.76e-169	561
JAKIMF010000012.1	sp|O75110|ATP9A_HUMAN	32.8	1233	468	12	472200	475832	152	1045	3.55e-168	559
JAKIMF010000012.1	sp|Q9CZD3|GARS_MOUSE	46.3	611	303	6	273029	271272	110	720	1.16e-155	511
JAKIMF010000012.1	sp|P41250|GARS_HUMAN	46.7	614	296	7	273029	271272	120	730	2.94e-155	510
JAKIMF010000012.1	sp|Q5I0G4|GARS_RAT	46.0	611	305	6	273029	271272	109	719	1.31e-154	508
JAKIMF010000012.1	sp|Q5RBL1|GARS_PONAB	46.4	614	298	7	273029	271272	120	730	1.36e-154	508
JAKIMF010000012.1	sp|O96771|SYW_ENCCU	59.3	383	156	0	383535	384683	2	384	1.78e-153	490
JAKIMF010000012.1	sp|Q04451|SYG_BOMMO	43.6	614	314	9	273032	271272	65	673	5.31e-149	490
JAKIMF010000012.1	sp|Q06817|SYG2_YEAST	43.8	610	318	6	273029	271275	8	617	8.47e-149	487
JAKIMF010000012.1	sp|P38088|SYG_YEAST	42.9	655	315	5	273056	271269	30	684	3.38e-148	488
JAKIMF010000012.1	sp|Q10179|SYG_SCHPO	42.1	646	313	7	273032	271269	10	652	1.01e-146	482
JAKIMF010000012.1	sp|P21576|VPS1_YEAST	40.7	700	341	7	216867	218744	5	704	5.17e-144	476
JAKIMF010000012.1	sp|Q9URZ5|VPS1_SCHPO	41.1	679	342	8	216867	218744	5	678	4.24e-142	470
JAKIMF010000012.1	sp|Q10039|GARS_CAEEL	44.5	614	304	10	273032	271284	129	736	6.52e-142	472
JAKIMF010000012.1	sp|O23627|SYGM1_ARATH	43.7	613	308	8	273050	271305	109	715	2.01e-139	464
JAKIMF010000012.1	sp|Q57681|SYG_METJA	42.6	578	293	11	273023	271356	7	567	1.11e-128	427
JAKIMF010000012.1	sp|A6URK3|SYG_METVS	42.9	587	291	13	273023	271338	5	572	2.53e-126	420
JAKIMF010000013.1	sp|Q8SS35|Y4A0_ENCCU	37.4	1168	426	13	360108	356626	2	871	5.64e-207	692
JAKIMF010000013.1	sp|Q8SRS8|SYLC_ENCCU	40.4	1006	438	26	549222	546289	3	874	5.79e-205	659
JAKIMF010000013.1	sp|C4V8L1|SYLC_NOSCE	39.0	1020	435	24	549222	546292	7	882	1.23e-189	615
JAKIMF010000013.1	sp|Q9USI6|MYO2_SCHPO	34.9	1126	411	15	360120	356794	19	839	3.67e-170	580
JAKIMF010000013.1	sp|Q8SS27|SYVC_ENCCU	32.2	1101	336	12	36477	39731	12	717	2.73e-166	549
JAKIMF010000013.1	sp|B7XHP6|SYLC_ENTBH	45.2	672	270	11	549219	547282	5	604	1.98e-162	536
JAKIMF010000013.1	sp|O14157|MYO3_SCHPO	38.9	888	322	11	360108	357487	36	716	5.58e-161	565
JAKIMF010000013.1	sp|C4V924|SYVC_NOSCE	32.3	1085	332	15	36465	39701	3	690	2.04e-158	525
JAKIMF010000013.1	sp|Q8SRG9|SYFA_ENCCU	51.7	476	225	2	469984	468557	4	474	6.47e-157	504
JAKIMF010000013.1	sp|P24733|MYS_ARGIR	33.8	1109	427	18	360105	356827	31	848	6.71e-157	550
JAKIMF010000013.1	sp|C4V6K5|SYFA_NOSCE	51.3	476	227	2	469984	468557	3	473	8.91e-153	492
JAKIMF010000013.1	sp|P08964|MYO1_YEAST	33.5	1193	447	18	360147	356686	27	912	2.02e-151	533
JAKIMF010000013.1	sp|Q8MJU9|MYH7_HORSE	32.4	1118	453	12	360129	356818	26	854	1.28e-148	524
JAKIMF010000013.1	sp|P79293|MYH7_PIG	32.2	1117	454	12	360126	356818	27	854	4.05e-148	523
JAKIMF010000013.1	sp|P49824|MYH7_CANLF	32.1	1117	456	12	360126	356818	27	854	5.41e-148	522
JAKIMF010000013.1	sp|Q9BE39|MYH7_BOVIN	32.1	1117	455	12	360126	356818	27	854	1.28e-147	521
JAKIMF010000013.1	sp|P35579|MYH9_HUMAN	34.1	1120	406	20	360105	356836	29	846	1.31e-147	521
JAKIMF010000013.1	sp|P12883|MYH7_HUMAN	32.2	1117	454	12	360126	356818	27	854	2.29e-147	520
JAKIMF010000013.1	sp|P14105|MYH9_CHICK	33.8	1120	409	20	360105	356836	29	846	2.30e-147	521
JAKIMF010000013.1	sp|Q91Z83|MYH7_MOUSE	32.1	1117	456	12	360126	356818	27	854	3.05e-147	520
JAKIMF010000013.1	sp|P02564|MYH7_RAT	32.1	1117	456	12	360126	356818	27	854	4.07e-147	520
JAKIMF010000013.1	sp|Q258K2|MYH9_CANLF	34.0	1120	407	20	360105	356836	29	846	4.14e-147	520
JAKIMF010000013.1	sp|Q8VDD5|MYH9_MOUSE	33.9	1120	408	20	360105	356836	29	846	1.31e-146	518
JAKIMF010000013.1	sp|Q1JPX3|SYFA_DANRE	50.6	474	223	5	469954	468563	21	493	3.88e-146	474
JAKIMF010000013.1	sp|Q99323|MYSN_DROME	32.8	1109	465	18	360096	356842	83	935	3.90e-146	518
JAKIMF010000014.1	sp|Q8SS48|SYS_ENCCU	58.7	322	132	1	383737	382772	105	425	1.53e-119	395
JAKIMF010000014.1	sp|O74718|ERF3_SCHPO	46.2	446	225	9	200821	202122	219	661	1.61e-108	372
JAKIMF010000014.1	sp|Q9HGT6|SYSC_CANAL	51.4	368	160	5	383806	382760	79	446	3.16e-106	358
JAKIMF010000014.1	sp|Q7KWQ2|SYSC_DICDI	53.0	338	155	2	383761	382760	95	432	4.86e-103	348
JAKIMF010000014.1	sp|Q9HGI7|ERF3_CANMA	45.6	428	222	8	200866	202122	287	712	1.26e-102	357
JAKIMF010000014.1	sp|O13354|ERF3_CANAX	45.8	428	221	8	200866	202122	290	715	1.84e-102	356
JAKIMF010000014.1	sp|P07284|SYSC_YEAST	50.7	371	156	7	383806	382763	79	445	4.38e-102	346
JAKIMF010000014.1	sp|P05453|ERF3_YEAST	42.2	445	242	10	200815	202110	238	680	2.34e-101	352
JAKIMF010000014.1	sp|O14018|SYSC_SCHPO	51.0	359	166	6	383806	382760	79	437	8.80e-101	342
JAKIMF010000014.1	sp|Q9HGI4|ERF3_ZYGRO	42.3	449	244	10	200815	202122	215	661	1.64e-99	346
JAKIMF010000014.1	sp|P15170|ERF3A_HUMAN	45.1	432	218	11	200863	202122	71	495	4.78e-99	338
JAKIMF010000014.1	sp|Q9HGI8|ERF3_KLULA	42.8	430	232	9	200866	202122	272	698	2.08e-98	344
JAKIMF010000014.1	sp|Q8IYD1|ERF3B_HUMAN	45.4	432	217	10	200863	202122	200	624	3.86e-97	338
JAKIMF010000014.1	sp|Q5R4B3|ERF3B_PONAB	45.1	432	218	10	200863	202122	200	624	5.24e-97	337
JAKIMF010000014.1	sp|Q9HGI6|ERF3_DEBHA	43.4	429	230	8	200866	202122	276	701	6.03e-97	340
JAKIMF010000014.1	sp|Q39230|SYSC_ARATH	42.3	489	216	9	384196	382766	1	435	6.78e-97	330
JAKIMF010000014.1	sp|Q149F3|ERF3B_MOUSE	43.9	453	230	11	200815	202122	183	628	7.94e-97	337
JAKIMF010000014.1	sp|O81983|SYS_HELAN	41.6	488	222	8	384196	382760	1	434	2.84e-96	328
JAKIMF010000014.1	sp|Q8R050|ERF3A_MOUSE	44.9	432	219	11	200863	202122	208	632	4.07e-96	335
JAKIMF010000014.1	sp|P23637|ERF3_OGAPI	40.2	443	250	8	200833	202122	301	741	8.62e-95	335
JAKIMF010000014.1	sp|Q18678|SYSC_CAEEL	38.9	499	257	9	384196	382760	2	472	3.80e-88	306
JAKIMF010000014.1	sp|P13642|SYSC_RABIT	46.6	341	164	4	383728	382760	132	472	1.80e-86	303
JAKIMF010000014.1	sp|P26636|SYSC_CRIGR	46.9	341	163	4	383728	382760	132	472	3.13e-86	302
JAKIMF010000014.1	sp|Q6P799|SYSC_RAT	46.6	341	164	4	383728	382760	132	472	5.78e-86	301
JAKIMF010000014.1	sp|P26638|SYSC_MOUSE	46.6	341	164	4	383728	382760	132	472	1.07e-85	300
JAKIMF010000015.1	sp|Q8SSC5|UGPA1_ENCCU	63.1	466	165	4	45205	43808	34	492	3.84e-181	575
JAKIMF010000015.1	sp|Q4R888|HS71L_MACFA	46.9	689	305	13	318479	316431	8	641	1.89e-162	527
JAKIMF010000015.1	sp|P0DMV8|HS71A_HUMAN	46.4	692	306	14	318479	316431	6	641	1.19e-161	525
JAKIMF010000015.1	sp|P0DMV9|HS71B_HUMAN	46.4	692	306	14	318479	316431	6	641	1.19e-161	525
JAKIMF010000015.1	sp|Q5R7D3|HSP71_PONAB	46.4	692	306	14	318479	316431	6	641	1.19e-161	525
JAKIMF010000015.1	sp|Q27975|HS71A_BOVIN	46.0	698	300	13	318479	316431	6	641	3.01e-161	524
JAKIMF010000015.1	sp|Q27965|HS71B_BOVIN	46.0	698	300	13	318479	316431	6	641	3.01e-161	524
JAKIMF010000015.1	sp|P34930|HS71A_PIG	46.1	699	298	13	318479	316431	6	641	1.40e-160	522
JAKIMF010000015.1	sp|Q4U0F3|HS71B_BOSMU	46.1	696	302	14	318479	316431	6	641	1.40e-160	522
JAKIMF010000015.1	sp|P34931|HS71L_HUMAN	46.4	689	308	13	318479	316431	8	641	1.90e-160	521
JAKIMF010000015.1	sp|Q6S4N2|HS71B_PIG	45.7	691	312	12	318479	316431	6	641	2.59e-160	521
JAKIMF010000015.1	sp|Q7YQC6|HSP71_CANLF	46.0	698	304	14	318485	316431	4	641	2.59e-160	521
JAKIMF010000015.1	sp|P0CB32|HS71L_BOVIN	46.3	689	309	13	318479	316431	8	641	6.51e-160	520
JAKIMF010000015.1	sp|Q8SSB1|HSP7B_ENCCU	47.3	658	335	9	318497	316542	7	658	7.48e-160	521
JAKIMF010000015.1	sp|P55063|HS71L_RAT	46.6	689	307	14	318479	316431	8	641	8.86e-160	520
JAKIMF010000015.1	sp|P16627|HS71L_MOUSE	46.4	689	308	14	318479	316431	8	641	1.20e-159	519
JAKIMF010000015.1	sp|A5A8V7|HS71L_PIG	45.9	689	312	13	318479	316431	8	641	3.03e-159	518
JAKIMF010000015.1	sp|P0DMW0|HS71A_RAT	46.0	695	304	13	318479	316431	6	641	5.61e-159	517
JAKIMF010000015.1	sp|P0DMW1|HS71B_RAT	46.0	695	304	13	318479	316431	6	641	5.61e-159	517
JAKIMF010000015.1	sp|P53421|HSP71_PICAN	45.2	699	314	13	318485	316431	2	645	6.39e-159	517
JAKIMF010000015.1	sp|Q61696|HS71A_MOUSE	45.4	691	314	11	318479	316431	6	641	4.83e-158	514
JAKIMF010000015.1	sp|P17879|HS71B_MOUSE	45.8	695	307	13	318479	316431	6	642	6.78e-158	514
JAKIMF010000015.1	sp|P41797|HSP71_CANAL	44.6	709	315	14	318485	316431	2	656	7.88e-158	514
JAKIMF010000015.1	sp|P26413|HSP70_SOYBN	44.6	698	312	12	318479	316431	8	645	2.56e-157	513
JAKIMF010000015.1	sp|P41753|HSP70_ACHKL	44.9	699	315	12	318479	316431	8	652	3.76e-156	509
JAKIMF010000016.1	sp|Q8SSI7|CHS1_ENCCU	51.0	870	305	12	237419	234987	3	810	1.67e-252	794
JAKIMF010000016.1	sp|Q6PEE3|RIR2B_MOUSE	70.2	322	96	0	543347	542382	30	351	8.61e-150	478
JAKIMF010000016.1	sp|Q8SRR2|RIR2_ENCCU	71.2	323	91	1	543350	542382	5	325	1.15e-149	477
JAKIMF010000016.1	sp|Q7LG56|RIR2B_HUMAN	69.9	322	97	0	543347	542382	30	351	1.60e-149	478
JAKIMF010000016.1	sp|Q4R741|RIR2B_MACFA	70.2	322	96	0	543347	542382	30	351	1.60e-149	478
JAKIMF010000016.1	sp|Q5R9G0|RIR2B_PONAB	69.9	322	97	0	543347	542382	30	351	1.60e-149	478
JAKIMF010000016.1	sp|P48592|RIR2_DROME	71.3	320	92	0	543341	542382	74	393	3.39e-148	476
JAKIMF010000016.1	sp|P79733|RIR2_DANRE	70.6	320	94	0	543341	542382	67	386	3.59e-148	475
JAKIMF010000016.1	sp|Q4KLN6|RIR2_RAT	68.6	325	102	0	543356	542382	66	390	7.69e-148	474
JAKIMF010000016.1	sp|Q60561|RIR2_MESAU	69.2	325	96	2	543356	542382	66	386	1.68e-147	473
JAKIMF010000016.1	sp|P11157|RIR2_MOUSE	68.3	325	103	0	543356	542382	66	390	2.65e-147	473
JAKIMF010000016.1	sp|P31350|RIR2_HUMAN	69.7	320	97	0	543341	542382	70	389	8.78e-147	471
JAKIMF010000016.1	sp|O13356|CHS1_CRYNH	45.3	645	304	10	236774	234984	311	954	1.34e-146	502
JAKIMF010000016.1	sp|Q4R7Q7|RIR2_MACFA	69.1	320	99	0	543341	542382	70	389	4.12e-146	469
JAKIMF010000016.1	sp|P07201|RIR2_SPISO	68.1	326	101	1	543350	542382	59	384	7.56e-145	466
JAKIMF010000016.1	sp|O57175|RIR2_VACCA	70.0	320	94	2	543341	542382	2	319	8.64e-145	462
JAKIMF010000016.1	sp|Q01285|CHS4_NEUCR	54.3	499	205	7	236414	234984	690	1187	8.74e-145	497
JAKIMF010000016.1	sp|P11158|RIR2_VACCW	70.0	320	94	2	543341	542382	2	319	2.18e-144	461
JAKIMF010000016.1	sp|O13353|CHS4_MAGO7	53.2	526	216	12	236477	234984	659	1182	2.54e-144	495
JAKIMF010000016.1	sp|P78611|CHSD_EMENI	39.0	818	337	21	237002	234984	365	1165	3.79e-144	494
JAKIMF010000016.1	sp|P20493|RIR2_VACCC	70.0	320	94	2	543341	542382	2	319	5.52e-144	460
JAKIMF010000016.1	sp|P29883|RIR2_VACCP	69.4	320	96	2	543341	542382	2	319	7.52e-144	460
JAKIMF010000016.1	sp|P0DSS8|RIR2_VARV	70.0	320	94	2	543341	542382	2	319	7.52e-144	460
JAKIMF010000016.1	sp|Q4P333|CHS7_USTMA	45.9	625	301	13	236759	234984	331	951	3.01e-143	493
JAKIMF010000016.1	sp|P30573|CHS3_CANAX	53.9	497	207	8	236414	234984	665	1159	3.92e-142	488
JAKIMF010000017.1	sp|Q3MHP5|DRG1_BOVIN	63.9	366	127	2	545696	544602	5	366	2.33e-149	478
JAKIMF010000017.1	sp|Q9Y295|DRG1_HUMAN	63.9	366	127	2	545696	544602	5	366	2.33e-149	478
JAKIMF010000017.1	sp|P32233|DRG1_MOUSE	63.9	366	127	2	545696	544602	5	366	2.33e-149	478
JAKIMF010000017.1	sp|P43690|DRG1_XENLA	62.8	366	131	2	545696	544602	5	366	3.88e-146	469
JAKIMF010000017.1	sp|P32234|128UP_DROME	61.0	369	137	3	545696	544596	5	368	2.57e-145	466
JAKIMF010000017.1	sp|Q54HP3|DRG1_DICDI	61.5	369	135	4	545696	544602	4	369	9.78e-143	459
JAKIMF010000017.1	sp|Q9SVA6|DRG3_ARATH	57.0	370	151	3	545696	544596	5	369	4.20e-135	437
JAKIMF010000017.1	sp|Q9UT21|YFY7_SCHPO	58.1	363	148	1	545690	544602	7	365	2.85e-133	432
JAKIMF010000017.1	sp|P35615|ERF1_XENLA	52.0	431	160	6	546706	547869	3	429	2.55e-130	426
JAKIMF010000017.1	sp|Q9VPH7|ERF1_DROME	53.7	408	147	4	546733	547830	12	419	9.05e-130	425
JAKIMF010000017.1	sp|P62498|ERF1_XENTR	52.0	431	160	6	546706	547869	3	429	1.62e-129	424
JAKIMF010000017.1	sp|Q0VCX5|ERF1_BOVIN	52.0	431	160	6	546706	547869	3	429	4.09e-129	423
JAKIMF010000017.1	sp|P62495|ERF1_HUMAN	52.0	431	160	6	546706	547869	3	429	4.09e-129	423
JAKIMF010000017.1	sp|P62496|ERF1_MESAU	52.0	431	160	6	546706	547869	3	429	4.09e-129	423
JAKIMF010000017.1	sp|Q8BWY3|ERF1_MOUSE	52.0	431	160	6	546706	547869	3	429	4.09e-129	423
JAKIMF010000017.1	sp|P62497|ERF1_RABIT	52.0	431	160	6	546706	547869	3	429	4.09e-129	423
JAKIMF010000017.1	sp|Q5U2Q7|ERF1_RAT	52.0	431	160	6	546706	547869	3	429	4.09e-129	423
JAKIMF010000017.1	sp|Q9GR88|ERF1_POLMI	52.5	421	155	5	546733	547872	12	428	1.31e-128	421
JAKIMF010000017.1	sp|Q5R4C7|ERF1_PONAB	52.0	431	160	6	546706	547869	3	429	1.40e-128	421
JAKIMF010000017.1	sp|P39729|RBG1_YEAST	55.3	371	153	4	545696	544602	5	368	2.53e-127	415
JAKIMF010000017.1	sp|O59948|ERF1_PODAS	50.7	422	163	5	546733	547875	13	430	3.90e-127	417
JAKIMF010000017.1	sp|Q9BMX0|ERF1_DICDI	52.6	422	159	5	546730	547875	13	433	1.64e-126	416
JAKIMF010000017.1	sp|P35614|ERF1Z_ARATH	50.5	426	164	6	546733	547881	10	431	2.48e-126	415
JAKIMF010000017.1	sp|Q9LPV8|ERF1Y_ARATH	50.7	426	163	6	546733	547881	9	430	3.26e-126	414
JAKIMF010000017.1	sp|Q5CG95|ERF1_CRYHO	52.0	421	157	5	546733	547872	8	424	9.45e-126	413
JAKIMF010000018.1	sp|Q6FLU2|ACS1_CANGA	35.5	586	200	7	659249	660994	284	695	2.79e-96	338
JAKIMF010000018.1	sp|B2U6V1|ACSA_RALPJ	30.3	829	308	14	658535	661006	94	657	8.36e-95	332
JAKIMF010000018.1	sp|O60011|ACS1_KLULA	34.7	590	204	6	659258	661006	291	706	1.56e-94	333
JAKIMF010000018.1	sp|A9IYZ3|ACSA_BART1	29.7	804	294	10	658598	661003	107	641	6.73e-94	329
JAKIMF010000018.1	sp|Q89WV5|ACSA_BRADU	28.9	805	295	13	658598	661003	108	638	3.17e-93	327
JAKIMF010000018.1	sp|Q01574|ACS1_YEAST	34.3	586	207	7	659249	660994	293	704	9.37e-93	328
JAKIMF010000018.1	sp|Q8NJN3|ACS2_CANAL	33.8	589	208	7	659246	661003	251	660	6.63e-92	324
JAKIMF010000018.1	sp|Q9QXG4|ACSA_MOUSE	30.0	817	317	13	658589	661021	134	701	1.43e-91	324
JAKIMF010000018.1	sp|Q46Z41|ACSA_CUPPJ	29.7	828	314	14	658535	661006	94	657	1.68e-91	323
JAKIMF010000018.1	sp|Q9NR19|ACSA_HUMAN	30.1	814	314	13	658589	661012	134	698	8.84e-91	322
JAKIMF010000018.1	sp|Q8XY11|ACSA_RALSO	29.6	829	314	13	658535	661006	94	657	1.04e-90	320
JAKIMF010000018.1	sp|P31638|ACSA_CUPNH	30.1	828	311	15	658535	661006	94	657	1.41e-90	320
JAKIMF010000018.1	sp|Q8PF09|ACSA_XANAC	28.2	806	302	10	658598	661003	108	640	1.83e-90	319
JAKIMF010000018.1	sp|A4G3L8|ACSA_HERAR	28.7	828	322	13	658535	661006	94	657	1.91e-90	320
JAKIMF010000018.1	sp|Q2NXE2|ACSA_XANOM	28.3	806	301	10	658598	661003	108	640	2.49e-90	319
JAKIMF010000018.1	sp|A0KY83|ACSA_SHESA	28.0	814	311	11	658571	661003	100	641	2.69e-90	319
JAKIMF010000018.1	sp|Q6BS00|ACS2_DEBHA	34.5	583	207	8	659246	660982	250	661	5.72e-90	319
JAKIMF010000018.1	sp|B3R1X2|ACSA_CUPTR	30.0	830	309	14	658535	661006	94	657	6.42e-90	318
JAKIMF010000018.1	sp|Q07VK4|ACSA_RHOP5	28.3	805	300	12	658598	661003	108	638	8.61e-90	317
JAKIMF010000018.1	sp|A8H5P1|ACSA_SHEPA	28.6	828	311	15	658538	661003	88	641	9.08e-90	317
JAKIMF010000018.1	sp|Q0HHN4|ACSA_SHESM	28.0	814	311	11	658571	661003	100	641	9.08e-90	317
JAKIMF010000018.1	sp|Q4UP35|ACSA_XANC8	28.0	806	303	10	658598	661003	108	640	1.14e-89	317
JAKIMF010000018.1	sp|Q8P3L1|ACSA_XANCP	28.0	806	303	10	658598	661003	108	640	1.14e-89	317
JAKIMF010000018.1	sp|A4YK73|ACSA_BRASO	28.2	804	302	10	658598	661003	108	638	1.23e-89	317
JAKIMF010000018.1	sp|Q8EDK3|ACSA_SHEON	28.0	814	311	11	658571	661003	100	641	1.23e-89	317
JAKIMF010000019.1	sp|Q8SSC4|RPB1_ENCCU	43.6	1859	584	18	105433	100016	8	1454	0.0	1377
JAKIMF010000019.1	sp|P36594|RPB1_SCHPO	38.7	1910	718	33	105433	99932	14	1546	0.0	1170
JAKIMF010000019.1	sp|Q75A34|RPB1_ASHGO	37.6	1909	751	26	105433	99914	12	1548	0.0	1127
JAKIMF010000019.1	sp|P35084|RPB1_DICDI	37.8	1822	708	23	105433	100154	13	1471	0.0	1110
JAKIMF010000019.1	sp|P18616|NRPB1_ARATH	37.8	1905	741	31	105430	99917	14	1542	0.0	1108
JAKIMF010000019.1	sp|P04050|RPB1_YEAST	37.6	1860	725	26	105433	100049	12	1500	0.0	1100
JAKIMF010000019.1	sp|P16356|RPB1_CAEEL	36.8	1902	754	29	105427	99959	15	1546	0.0	1077
JAKIMF010000019.1	sp|P35074|RPB1_CAEBR	36.4	1896	770	25	105433	99962	13	1544	0.0	1069
JAKIMF010000019.1	sp|P11414|RPB1_CRIGR	36.9	1827	723	26	105433	100160	16	1481	0.0	1059
JAKIMF010000019.1	sp|P24928|RPB1_HUMAN	36.9	1827	723	26	105433	100160	16	1481	0.0	1059
JAKIMF010000019.1	sp|P08775|RPB1_MOUSE	36.9	1827	723	26	105433	100160	16	1481	0.0	1059
JAKIMF010000019.1	sp|P04052|RPB1_DROME	35.7	1908	790	29	105433	99917	12	1551	0.0	1052
JAKIMF010000019.1	sp|A5DCV3|RPB1_PICGU	34.5	1818	589	23	105433	100154	13	1287	1.38e-297	956
JAKIMF010000019.1	sp|P14248|RPB1_PLAFD	30.9	2193	1003	33	105433	100064	15	2097	2.98e-244	825
JAKIMF010000019.1	sp|P17546|RPB1A_TRYBB	29.7	1836	856	33	105430	100133	16	1487	2.05e-205	692
JAKIMF010000019.1	sp|P17545|RPB1B_TRYBB	29.6	1836	858	34	105430	100133	16	1487	2.76e-205	691
JAKIMF010000019.1	sp|Q980R2|RPOA1_SACS2	39.4	947	474	12	105442	102638	1	859	2.89e-197	638
JAKIMF010000019.1	sp|P31813|RPOA1_THECE	40.2	938	487	10	105433	102647	6	878	7.40e-196	635
JAKIMF010000019.1	sp|Q8SSE4|SYEC_ENCCU	53.2	571	261	1	736135	734423	75	639	2.78e-194	619
JAKIMF010000019.1	sp|P11512|RPOA1_SULAC	39.0	954	468	12	105442	102638	1	859	5.29e-193	625
JAKIMF010000019.1	sp|O27125|RPOA1_METTH	39.0	935	469	10	105433	102647	6	845	1.73e-182	595
JAKIMF010000019.1	sp|P41556|RPOA1_METVS	37.2	957	485	13	105433	102629	8	870	4.79e-177	580
JAKIMF010000019.1	sp|Q8SSE8|HSP82_ENCCU	43.2	754	340	6	567455	569704	15	684	1.84e-174	564
JAKIMF010000019.1	sp|A9CSZ1|SYEC_ENTBH	45.8	648	316	10	736336	734423	7	629	4.99e-167	540
JAKIMF010000019.1	sp|P09846|RPOA1_METTW	37.5	946	463	17	105433	102647	6	840	5.30e-165	544
JAKIMF010000020.1	sp|Q8SRY1|G6PI_ENCCU	52.7	510	229	5	134170	132641	11	508	2.53e-163	525
JAKIMF010000020.1	sp|Q8SRQ8|SYDC_ENCCU	47.9	474	246	1	761205	762626	1	473	6.68e-146	473
JAKIMF010000020.1	sp|B7XHQ4|SYDC_ENTBH	46.2	474	249	3	761205	762626	7	474	1.70e-132	434
JAKIMF010000020.1	sp|Q1H1P4|G6PI_METFK	44.5	519	254	11	134134	132653	38	547	1.02e-119	401
JAKIMF010000020.1	sp|B1H069|G6PI_ENDTX	43.4	532	257	14	134167	132644	32	543	2.32e-116	391
JAKIMF010000020.1	sp|Q711G1|G6PI_AGABI	44.4	509	245	11	134110	132650	56	548	9.00e-116	389
JAKIMF010000020.1	sp|Q6P6V0|G6PI_RAT	43.1	511	257	9	134110	132650	51	551	1.12e-115	389
JAKIMF010000020.1	sp|A7H491|G6PI_CAMJD	43.2	521	255	12	134131	132644	41	545	3.69e-115	387
JAKIMF010000020.1	sp|Q8KDQ7|G6PI_CHLTE	44.1	490	239	7	134110	132710	45	522	9.90e-115	387
JAKIMF010000020.1	sp|B6JN06|G6PI_HELP2	42.7	520	254	10	134116	132641	42	545	4.04e-114	384
JAKIMF010000020.1	sp|Q1CSA0|G6PI_HELPH	42.5	520	255	10	134116	132641	42	545	7.46e-114	384
JAKIMF010000020.1	sp|B2UUS4|G6PI_HELPS	42.5	520	255	10	134116	132641	42	545	7.46e-114	384
JAKIMF010000020.1	sp|O25781|G6PI_HELPY	42.5	520	255	10	134116	132641	42	545	7.46e-114	384
JAKIMF010000020.1	sp|Q1IYT4|G6PI_DEIGD	43.6	505	251	9	134110	132680	54	552	1.27e-113	384
JAKIMF010000020.1	sp|Q9ZK49|G6PI_HELPJ	42.5	520	255	10	134116	132641	42	545	1.38e-113	383
JAKIMF010000020.1	sp|P50309|G6PI_CRIGR	42.2	510	261	9	134110	132653	51	550	1.52e-113	383
JAKIMF010000020.1	sp|P06744|G6PI_HUMAN	42.1	525	266	11	134152	132653	39	550	1.52e-113	383
JAKIMF010000020.1	sp|Q9RTL8|G6PI_DEIRA	43.8	498	246	9	134110	132680	46	530	1.65e-113	382
JAKIMF010000020.1	sp|Q17W92|G6PI_HELAH	42.3	522	253	11	134116	132641	42	545	1.87e-113	382
JAKIMF010000020.1	sp|B5Z8G1|G6PI_HELPG	42.5	520	255	10	134116	132641	42	545	1.87e-113	382
JAKIMF010000020.1	sp|A0M665|G6PI_GRAFK	43.5	519	252	12	134146	132665	36	538	2.39e-113	382
JAKIMF010000020.1	sp|Q9N1E2|G6PI_RABIT	42.7	527	260	12	134152	132653	39	550	2.81e-113	382
JAKIMF010000020.1	sp|Q5V9E9|G6PI_DICDI	42.3	529	259	13	134128	132641	45	560	3.08e-113	382
JAKIMF010000020.1	sp|P06745|G6PI_MOUSE	41.3	537	278	12	134188	132653	26	550	3.82e-113	382
JAKIMF010000020.1	sp|Q3ZBD7|G6PI_BOVIN	42.9	513	253	10	134110	132653	51	550	6.84e-113	381
JAKIMF010000021.1	sp|P30182|TOP2_ARATH	41.0	1418	448	17	891042	895250	29	1072	8.33e-289	926
JAKIMF010000021.1	sp|O93794|TOP2_CANGA	38.5	1575	536	25	891042	895706	5	1167	2.67e-287	919
JAKIMF010000021.1	sp|P08096|TOP2_SCHPO	47.3	1075	351	12	891060	894251	78	947	4.55e-285	916
JAKIMF010000021.1	sp|P06786|TOP2_YEAST	48.0	1063	352	13	891054	894221	10	878	1.28e-284	912
JAKIMF010000021.1	sp|Q8SQV6|SYIC_ENCCU	43.1	1121	263	8	193669	190364	7	771	2.32e-284	895
JAKIMF010000021.1	sp|Q8SQU9|VATA_ENCCU	72.7	605	159	3	325157	323343	4	602	1.84e-281	868
JAKIMF010000021.1	sp|P15348|TOP2_DROME	42.8	1227	400	20	891021	894623	1	951	4.39e-275	885
JAKIMF010000021.1	sp|P87078|TOP2_CANAX	50.1	950	350	12	891417	894218	96	937	3.51e-273	880
JAKIMF010000021.1	sp|Q01879|TOP2_PICGU	50.1	951	349	13	891417	894218	93	934	1.39e-271	874
JAKIMF010000021.1	sp|O24308|TOP2_PEA	46.5	1069	341	10	891039	894227	16	859	2.59e-271	875
JAKIMF010000021.1	sp|O42131|TOP2B_CHICK	45.6	1080	360	14	891045	894221	55	927	2.05e-267	870
JAKIMF010000021.1	sp|O42130|TOP2A_CHICK	42.5	1220	395	19	891045	894620	30	971	2.17e-267	867
JAKIMF010000021.1	sp|O16140|TOP2_BOMMO	42.7	1218	400	21	891048	894623	32	977	4.56e-267	866
JAKIMF010000021.1	sp|Q64511|TOP2B_MOUSE	45.4	1080	362	14	891045	894221	38	910	1.47e-264	861
JAKIMF010000021.1	sp|O46374|TOP2A_PIG	42.3	1241	410	18	890982	894620	8	970	1.83e-264	858
JAKIMF010000021.1	sp|Q01320|TOP2A_MOUSE	42.6	1231	400	20	891012	894620	17	969	2.15e-264	857
JAKIMF010000021.1	sp|P41515|TOP2A_CRIGR	42.6	1240	407	22	890982	894620	8	969	3.74e-264	857
JAKIMF010000021.1	sp|Q64399|TOP2B_CRILO	45.3	1080	363	14	891045	894221	38	910	4.97e-264	859
JAKIMF010000021.1	sp|Q02880|TOP2B_HUMAN	45.2	1080	364	14	891045	894221	50	922	3.34e-263	857
JAKIMF010000021.1	sp|P41516|TOP2A_RAT	42.8	1229	400	21	891012	894620	17	968	4.27e-263	853
JAKIMF010000021.1	sp|P11388|TOP2A_HUMAN	42.3	1241	410	20	890982	894620	8	970	6.67e-263	853
JAKIMF010000021.1	sp|Q23670|TOP2_CAEEL	41.7	1223	401	22	891048	894620	63	1005	1.28e-257	837
JAKIMF010000021.1	sp|Q9Y8G8|TOP2_PENCH	44.7	1068	375	14	891048	894215	64	927	2.46e-257	839
JAKIMF010000021.1	sp|P41001|TOP2_PLAFK	39.7	1429	507	24	891042	895250	5	1104	4.90e-255	825
JAKIMF010000021.1	sp|Q55BP5|TOP2_DICDI	38.5	1422	524	22	891009	895238	90	1173	2.66e-254	828
JAKIMF010000022.1	sp|P92182|ACT1_LUMTE	81.8	373	68	0	551638	552756	4	376	4.97e-208	647
JAKIMF010000022.1	sp|P41340|ACT3_LIMPO	81.8	373	68	0	551638	552756	4	376	4.97e-208	647
JAKIMF010000022.1	sp|Q25010|ACT3A_HELAM	81.8	373	68	0	551638	552756	4	376	9.22e-208	646
JAKIMF010000022.1	sp|O42161|ACTB_SALSA	81.8	373	68	0	551638	552756	3	375	1.21e-207	646
JAKIMF010000022.1	sp|Q7ZVI7|ACTB1_DANRE	81.8	373	68	0	551638	552756	3	375	1.65e-207	645
JAKIMF010000022.1	sp|P10987|ACT1_DROME	81.8	373	68	0	551638	552756	4	376	1.71e-207	645
JAKIMF010000022.1	sp|P30162|ACT1_ONCVO	81.2	373	70	0	551638	552756	4	376	1.71e-207	645
JAKIMF010000022.1	sp|P84184|ACT3B_HELAM	81.8	373	68	0	551638	552756	4	376	1.71e-207	645
JAKIMF010000022.1	sp|P04829|ACT3_BOMMO	81.8	373	68	0	551638	552756	4	376	1.71e-207	645
JAKIMF010000022.1	sp|P84183|ACT4_BOMMO	81.8	373	68	0	551638	552756	4	376	1.71e-207	645
JAKIMF010000022.1	sp|P84185|ACT5C_ANOGA	81.8	373	68	0	551638	552756	4	376	1.71e-207	645
JAKIMF010000022.1	sp|P53505|ACT5_XENLA	81.1	375	71	0	551632	552756	2	376	1.71e-207	645
JAKIMF010000022.1	sp|P53486|ACTB3_TAKRU	81.5	373	69	0	551638	552756	3	375	2.25e-207	645
JAKIMF010000022.1	sp|P45885|ACT2_BACDO	81.2	373	70	0	551638	552756	4	376	2.33e-207	645
JAKIMF010000022.1	sp|P02572|ACT2_DROME	81.5	373	69	0	551638	552756	4	376	2.33e-207	645
JAKIMF010000022.1	sp|P10986|ACT4_CAEEL	81.0	373	71	0	551638	552756	4	376	2.33e-207	645
JAKIMF010000022.1	sp|P53478|ACT5_CHICK	81.1	375	71	0	551632	552756	2	376	2.33e-207	645
JAKIMF010000022.1	sp|P68142|ACTB1_TAKRU	81.5	373	69	0	551638	552756	3	375	3.06e-207	645
JAKIMF010000022.1	sp|P68143|ACTB_OREMO	81.5	373	69	0	551638	552756	3	375	3.06e-207	645
JAKIMF010000022.1	sp|Q6P378|ACTG_XENTR	81.5	373	69	0	551638	552756	3	375	3.06e-207	645
JAKIMF010000022.1	sp|P53470|ACT1_SCHMA	80.8	375	72	0	551632	552756	2	376	3.18e-207	645
JAKIMF010000022.1	sp|P91754|ACT_LUMRU	81.7	372	68	0	551641	552756	1	372	3.73e-207	644
JAKIMF010000022.1	sp|Q7ZVF9|ACTB2_DANRE	81.5	373	69	0	551638	552756	3	375	4.17e-207	644
JAKIMF010000022.1	sp|P83751|ACTB_CTEID	81.5	373	69	0	551638	552756	3	375	4.17e-207	644
JAKIMF010000022.1	sp|P83750|ACTB_CYPCA	81.5	373	69	0	551638	552756	3	375	4.17e-207	644
JAKIMF010000023.1	sp|Q8SSK1|RAD25_ENCCU	70.6	664	182	1	109569	107578	1	651	1.36e-296	915
JAKIMF010000023.1	sp|Q6E6J3|RAD25_ANTLO	66.7	675	216	1	109572	107548	15	680	8.81e-290	896
JAKIMF010000023.1	sp|C4V922|RAD25_NOSCE	67.4	677	201	3	109569	107539	1	657	1.55e-285	883
JAKIMF010000023.1	sp|A9CRJ7|RAD25_ENTBH	63.0	613	202	3	109506	107698	1	598	3.22e-242	756
JAKIMF010000023.1	sp|O13768|ERCC3_SCHPO	56.3	719	251	5	109512	107545	80	798	8.08e-239	755
JAKIMF010000023.1	sp|Q00578|RAD25_YEAST	55.5	722	259	6	109533	107548	116	835	1.69e-234	744
JAKIMF010000023.1	sp|O00835|ERCC3_DICDI	53.7	696	259	6	109482	107584	80	775	3.15e-219	698
JAKIMF010000023.1	sp|Q1RMT1|ERCC3_BOVIN	51.6	703	275	8	109515	107584	64	760	8.32e-211	673
JAKIMF010000023.1	sp|P19447|ERCC3_HUMAN	51.1	703	279	8	109515	107584	64	760	2.09e-210	672
JAKIMF010000023.1	sp|Q7ZVV1|ERCC3_DANRE	53.4	668	256	7	109515	107668	62	726	2.85e-210	672
JAKIMF010000023.1	sp|Q60HG1|ERCC3_MACFA	51.1	703	279	8	109515	107584	64	760	2.85e-210	672
JAKIMF010000023.1	sp|Q5ZKK7|ERCC3_CHICK	52.5	691	265	7	109482	107584	72	757	8.76e-210	671
JAKIMF010000023.1	sp|Q4G005|ERCC3_RAT	51.1	704	279	8	109518	107584	63	760	2.45e-209	669
JAKIMF010000023.1	sp|Q5RA62|ERCC3_PONAB	50.9	703	280	8	109515	107584	64	760	3.34e-209	669
JAKIMF010000023.1	sp|P49135|ERCC3_MOUSE	51.3	702	282	8	109518	107584	63	761	6.38e-209	668
JAKIMF010000023.1	sp|Q02870|ERCC3_DROME	49.9	730	288	8	109515	107542	74	797	1.69e-205	659
JAKIMF010000023.1	sp|Q38861|XPB1_ARATH	51.9	686	290	8	109521	107584	52	737	6.11e-202	647
JAKIMF010000023.1	sp|Q9FUG4|XPB2_ARATH	51.8	689	285	8	109521	107584	52	736	5.09e-201	644
JAKIMF010000023.1	sp|Q9LRE6|DPOD1_ORYSJ	36.0	1145	492	19	1137536	1134231	155	1101	2.55e-192	632
JAKIMF010000023.1	sp|Q9LVN7|DPOD1_ARATH	36.6	1148	479	23	1137536	1134231	147	1091	1.37e-190	627
JAKIMF010000023.1	sp|P54358|DPOD1_DROME	39.6	954	388	17	1136969	1134210	293	1092	1.60e-186	615
JAKIMF010000023.1	sp|P30316|DPOD_SCHPO	38.6	953	397	16	1136975	1134210	291	1086	4.25e-182	602
JAKIMF010000023.1	sp|O54747|DPOD1_RAT	36.0	1066	453	18	1137329	1134234	221	1091	2.32e-181	600
JAKIMF010000023.1	sp|P90829|DPOD1_CAEEL	37.8	953	395	13	1136975	1134231	277	1069	7.76e-181	598
JAKIMF010000023.1	sp|P28340|DPOD1_HUMAN	38.3	944	397	14	1136975	1134234	307	1095	2.96e-180	597
JAKIMF010000024.1	sp|Q8SQK0|PRS8_ENCCU	73.8	385	101	0	777143	778297	8	392	3.66e-176	556
JAKIMF010000024.1	sp|Q8SRH2|SYTC_ENCCU	44.5	678	312	10	120803	122800	6	631	2.21e-174	562
JAKIMF010000024.1	sp|P23254|TKT1_YEAST	47.1	654	324	11	249390	247489	8	659	7.40e-167	542
JAKIMF010000024.1	sp|P54814|PRS8_MANSE	69.1	376	116	0	777170	778297	27	402	1.64e-161	515
JAKIMF010000024.1	sp|O18413|PRS8_DROME	69.4	376	115	0	777170	778297	30	405	1.83e-161	515
JAKIMF010000024.1	sp|P34736|TKT_PICST	45.8	653	334	9	249390	247489	5	656	9.27e-161	525
JAKIMF010000024.1	sp|P41836|PRS8_SCHPO	68.2	384	121	1	777149	778297	20	403	1.48e-160	512
JAKIMF010000024.1	sp|Q25544|PRS8_NAEFO	67.3	394	125	2	777128	778297	21	414	5.55e-160	511
JAKIMF010000024.1	sp|Q9C5U3|PRS8A_ARATH	70.0	377	112	1	777170	778297	43	419	9.05e-160	511
JAKIMF010000024.1	sp|Q94BQ2|PRS8B_ARATH	73.0	359	96	1	777224	778297	61	419	1.68e-159	510
JAKIMF010000024.1	sp|P62194|PRS8_BOVIN	66.6	389	130	0	777131	778297	18	406	1.95e-159	509
JAKIMF010000024.1	sp|P62195|PRS8_HUMAN	66.6	389	130	0	777131	778297	18	406	1.95e-159	509
JAKIMF010000024.1	sp|P62196|PRS8_MOUSE	66.6	389	130	0	777131	778297	18	406	1.95e-159	509
JAKIMF010000024.1	sp|P62197|PRS8_PIG	66.6	389	130	0	777131	778297	18	406	1.95e-159	509
JAKIMF010000024.1	sp|P62198|PRS8_RAT	66.6	389	130	0	777131	778297	18	406	1.95e-159	509
JAKIMF010000024.1	sp|P34124|PRS8_DICDI	66.2	391	131	1	777128	778297	13	403	5.25e-158	505
JAKIMF010000024.1	sp|Q01939|PRS8_YEAST	66.1	375	127	0	777173	778297	31	405	1.24e-156	501
JAKIMF010000024.1	sp|P46470|PRS8_XENLA	67.9	383	120	2	777155	778297	19	400	1.93e-156	503
JAKIMF010000024.1	sp|Q9URM2|TKT_SCHPO	43.3	654	351	8	249390	247489	10	663	1.21e-154	507
JAKIMF010000024.1	sp|B7XIA1|SYTC_ENTBH	43.6	619	292	12	120932	122758	47	618	5.06e-152	498
JAKIMF010000024.1	sp|Q54J66|SYTC1_DICDI	42.9	664	309	12	120851	122803	94	700	7.79e-151	497
JAKIMF010000024.1	sp|P87144|SYTC_SCHPO	43.0	649	300	13	120932	122803	95	698	8.50e-151	497
JAKIMF010000024.1	sp|Q9XTT9|PRS8_CAEEL	64.9	373	131	0	777179	778297	44	416	1.10e-148	479
JAKIMF010000024.1	sp|Q5XHY5|SYTC_RAT	42.9	648	290	15	120899	122755	90	686	3.06e-148	489
JAKIMF010000024.1	sp|Q3ZBV8|SYTC_BOVIN	43.7	623	283	14	120899	122716	118	689	7.31e-148	489
JAKIMF010000025.1	sp|Q6BI69|RPC1_DEBHA	29.5	1952	612	24	545911	540140	216	1429	2.10e-217	718
JAKIMF010000025.1	sp|Q5ZL98|RPC1_CHICK	29.7	1933	566	19	545899	540131	216	1365	4.50e-216	712
JAKIMF010000025.1	sp|O14802|RPC1_HUMAN	29.6	1932	570	19	545899	540131	216	1365	9.36e-215	708
JAKIMF010000025.1	sp|P04051|RPC1_YEAST	29.7	1941	603	27	545899	540140	220	1430	1.48e-213	707
JAKIMF010000025.1	sp|A4IF62|RPC1_BOVIN	29.6	1935	572	19	545908	540131	213	1365	2.50e-211	698
JAKIMF010000025.1	sp|O94666|RPC1_SCHPO	29.3	1935	586	26	545908	540140	209	1376	2.04e-206	684
JAKIMF010000025.1	sp|Q86AQ5|RPC1_DICDI	29.7	1946	627	28	545911	540140	206	1432	1.19e-205	683
JAKIMF010000025.1	sp|F4JXF9|NRPC1_ARATH	27.5	1931	590	23	545893	540140	224	1357	4.56e-174	588
JAKIMF010000025.1	sp|P62333|PRS10_HUMAN	67.0	370	122	0	368599	367490	18	387	5.54e-153	490
JAKIMF010000025.1	sp|P62335|PRS10_ICTTR	67.0	370	122	0	368599	367490	18	387	5.54e-153	490
JAKIMF010000025.1	sp|P62334|PRS10_MOUSE	67.0	370	122	0	368599	367490	18	387	5.54e-153	490
JAKIMF010000025.1	sp|Q2KIW6|PRS10_BOVIN	66.8	370	123	0	368599	367490	18	387	4.82e-152	487
JAKIMF010000025.1	sp|O17071|PRS10_CAEEL	64.9	362	127	0	368575	367490	43	404	1.08e-148	478
JAKIMF010000025.1	sp|Q8STP2|RUVB1_ENCCU	53.5	417	194	0	681423	682673	7	423	4.05e-148	478
JAKIMF010000025.1	sp|O74445|PRS10_SCHPO	62.1	390	144	3	368653	367487	1	387	1.52e-144	466
JAKIMF010000025.1	sp|Q9SEI3|PS10A_ARATH	64.4	351	125	0	368533	367481	46	396	6.69e-143	461
JAKIMF010000025.1	sp|Q9MAK9|PS10B_ARATH	64.4	351	125	0	368533	367481	46	396	3.13e-142	459
JAKIMF010000025.1	sp|P53549|PRS10_YEAST	62.0	371	141	0	368599	367487	66	436	1.03e-140	457
JAKIMF010000025.1	sp|P08968|RPC1_TRYBB	24.4	1947	753	28	545893	540140	227	1483	1.95e-140	492
JAKIMF010000025.1	sp|Q54PJ1|PRS10_DICDI	61.6	372	142	1	368599	367487	21	392	1.22e-139	452
JAKIMF010000025.1	sp|Q9Y265|RUVB1_HUMAN	50.2	434	210	2	681402	682685	8	441	6.99e-138	449
JAKIMF010000025.1	sp|P60122|RUVB1_MOUSE	50.2	434	210	2	681402	682685	8	441	6.99e-138	449
JAKIMF010000025.1	sp|P60123|RUVB1_RAT	50.2	434	210	2	681402	682685	8	441	6.99e-138	449
JAKIMF010000025.1	sp|Q9DE26|RUVB1_XENLA	49.3	434	214	2	681402	682685	8	441	9.71e-136	443
JAKIMF010000025.1	sp|Q8AWW7|RUVB1_DANRE	49.1	434	215	2	681402	682685	8	441	1.32e-135	443
JAKIMF010000026.1	sp|P07742|RIR1_MOUSE	58.3	769	306	7	1729947	1727683	1	768	1.12e-296	922
JAKIMF010000026.1	sp|P36602|RIR1_SCHPO	58.5	752	300	5	1729947	1727728	1	752	4.13e-296	921
JAKIMF010000026.1	sp|P23921|RIR1_HUMAN	57.8	768	311	6	1729947	1727683	1	768	5.25e-296	920
JAKIMF010000026.1	sp|Q5R919|RIR1_PONAB	57.6	768	313	6	1729947	1727683	1	768	1.15e-294	916
JAKIMF010000026.1	sp|P12848|RIR1_VACCW	58.2	771	309	7	1729947	1727668	1	769	4.03e-293	910
JAKIMF010000026.1	sp|Q76RD8|RIR1_VACCA	58.8	755	300	5	1729947	1727716	1	755	5.49e-293	910
JAKIMF010000026.1	sp|P20503|RIR1_VACCC	58.8	755	300	5	1729947	1727716	1	755	5.49e-293	910
JAKIMF010000026.1	sp|P0DSV1|RIR1_VAR67	58.8	755	300	5	1729947	1727716	1	755	5.49e-293	910
JAKIMF010000026.1	sp|P0DSV2|RIR1_VARV	58.8	755	300	5	1729947	1727716	1	755	5.49e-293	910
JAKIMF010000026.1	sp|P21524|RIR1_YEAST	58.0	769	302	8	1729947	1727698	1	767	3.05e-292	913
JAKIMF010000026.1	sp|P79732|RIR1_DANRE	58.4	764	303	8	1729947	1727698	1	763	9.66e-289	899
JAKIMF010000026.1	sp|Q03604|RIR1_CAEEL	57.3	766	304	8	1729941	1727698	9	769	5.84e-287	894
JAKIMF010000026.1	sp|Q9UW15|RIR1_NEUCR	57.7	758	307	6	1729947	1727716	1	758	1.14e-286	899
JAKIMF010000026.1	sp|P21672|RIR3_YEAST	57.1	765	309	7	1729947	1727707	1	764	3.04e-286	895
JAKIMF010000026.1	sp|P50648|RIR1_PLAF4	58.3	762	301	8	1729947	1727707	1	760	9.64e-286	891
JAKIMF010000026.1	sp|P48591|RIR1_DROME	56.8	762	304	8	1729950	1727722	11	766	3.55e-284	887
JAKIMF010000026.1	sp|Q9SJ20|RIR1_ARATH	55.0	783	310	8	1729947	1727710	1	778	1.75e-276	865
JAKIMF010000026.1	sp|Q8SR37|RIR1_ENCCU	53.8	759	345	6	1729923	1727662	11	768	5.19e-274	855
JAKIMF010000026.1	sp|O15909|RIR1_TRYBB	54.1	774	325	6	1729941	1727710	8	781	1.84e-271	851
JAKIMF010000026.1	sp|P50647|RIR1_PLAFG	56.5	766	307	9	1729947	1727707	1	759	2.59e-271	849
JAKIMF010000026.1	sp|Q54Q71|RIR1_DICDI	54.7	768	320	10	1729950	1727728	15	781	1.06e-268	845
JAKIMF010000026.1	sp|O61065|RIR1_CRYPV	53.7	763	339	6	1729947	1727701	1	763	4.81e-267	837
JAKIMF010000026.1	sp|Q9VCN1|DPOE1_DROME	42.0	1205	592	24	1570777	1574247	35	1180	8.31e-261	870
JAKIMF010000026.1	sp|Q6FNY7|DPOE_CANGA	41.0	1214	591	19	1570771	1574217	27	1180	8.10e-260	867
JAKIMF010000026.1	sp|Q8SR34|VATB_ENCCU	82.2	477	84	1	1481447	1482874	1	477	1.74e-259	800
JAKIMF010000027.1	sp|Q8SRI2|GFA1_ENCCU	60.3	703	269	3	457732	455642	1	699	4.81e-276	857
JAKIMF010000027.1	sp|P53704|GFA1_CANAL	54.8	719	297	10	457732	455642	1	713	4.20e-235	740
JAKIMF010000027.1	sp|Q8SRI6|TBA_ENCCU	79.0	434	89	1	342673	343974	1	432	1.67e-233	723
JAKIMF010000027.1	sp|P14742|GFA1_YEAST	53.2	726	302	9	457732	455642	1	717	5.91e-230	725
JAKIMF010000027.1	sp|P82808|GFPT1_RAT	52.1	705	306	7	457732	455642	1	681	1.73e-226	714
JAKIMF010000027.1	sp|Q9Z2Z9|GFPT2_MOUSE	53.1	702	304	7	457732	455642	1	682	2.88e-225	710
JAKIMF010000027.1	sp|Q4KMC4|GFPT2_RAT	53.0	702	305	7	457732	455642	1	682	5.33e-225	709
JAKIMF010000027.1	sp|O94808|GFPT2_HUMAN	52.7	702	307	6	457732	455642	1	682	7.26e-225	709
JAKIMF010000027.1	sp|Q08DQ2|GFPT2_BOVIN	52.8	702	306	6	457732	455642	1	682	9.88e-225	709
JAKIMF010000027.1	sp|Q06210|GFPT1_HUMAN	51.6	711	318	9	457732	455642	1	699	1.79e-224	709
JAKIMF010000027.1	sp|P47856|GFPT1_MOUSE	51.6	711	316	9	457732	455642	1	697	7.81e-224	707
JAKIMF010000027.1	sp|Q8LPJ4|AB2E_ARATH	58.4	610	237	5	516501	514690	4	602	3.28e-217	684
JAKIMF010000027.1	sp|G0SEV9|RLI1_CHATD	57.5	605	247	4	516501	514690	4	599	1.90e-216	682
JAKIMF010000027.1	sp|P61221|ABCE1_HUMAN	57.1	606	245	5	516501	514690	4	596	4.45e-212	669
JAKIMF010000027.1	sp|P61222|ABCE1_MOUSE	57.1	606	245	5	516501	514690	4	596	4.45e-212	669
JAKIMF010000027.1	sp|Q03195|RLI1_YEAST	56.0	609	253	6	516501	514690	4	602	8.35e-212	668
JAKIMF010000027.1	sp|P81948|TBA4A_BOVIN	71.1	439	123	3	342673	343980	1	438	5.68e-211	659
JAKIMF010000027.1	sp|P68366|TBA4A_HUMAN	71.1	439	123	3	342673	343980	1	438	5.68e-211	659
JAKIMF010000027.1	sp|P68367|TBA4A_MACFA	71.1	439	123	3	342673	343980	1	438	5.68e-211	659
JAKIMF010000027.1	sp|P68368|TBA4A_MOUSE	71.1	439	123	3	342673	343980	1	438	5.68e-211	659
JAKIMF010000027.1	sp|Q5XIF6|TBA4A_RAT	71.1	439	123	3	342673	343980	1	438	5.68e-211	659
JAKIMF010000027.1	sp|P34690|TBA2_CAEEL	71.4	434	122	2	342673	343971	1	433	7.73e-211	658
JAKIMF010000027.1	sp|Q9VSS1|ABCE1_DROME	56.2	610	254	4	516516	514690	7	604	1.49e-210	665
JAKIMF010000027.1	sp|Q8WQ47|TBA_LEPDS	71.5	439	121	3	342673	343980	1	438	2.87e-210	657
JAKIMF010000027.1	sp|P18258|TBA1_PARLI	71.5	439	121	3	342673	343980	1	438	4.20e-210	656
JAKIMF010000001.1	sp|Q8SS99|TBB_ENCCU	81.1	434	82	0	38343	39644	1	434	3.13e-239	736
JAKIMF010000001.1	sp|Q24829|TBB_ENCHE	80.9	434	83	0	38343	39644	1	434	1.47e-238	734
JAKIMF010000001.1	sp|Q9GSR5|TBB_ENCIN	80.9	434	83	0	38343	39644	1	434	1.47e-238	734
JAKIMF010000001.1	sp|Q3MHM5|TBB4B_BOVIN	81.1	433	82	0	38343	39641	1	433	5.52e-237	730
JAKIMF010000001.1	sp|P68371|TBB4B_HUMAN	81.1	433	82	0	38343	39641	1	433	5.52e-237	730
JAKIMF010000001.1	sp|P68372|TBB4B_MOUSE	81.1	433	82	0	38343	39641	1	433	5.52e-237	730
JAKIMF010000001.1	sp|P30883|TBB4_XENLA	80.0	441	87	1	38343	39662	1	441	5.52e-237	730
JAKIMF010000001.1	sp|Q3ZBU7|TBB4A_BOVIN	80.5	436	85	0	38343	39650	1	436	9.86e-237	729
JAKIMF010000001.1	sp|P04350|TBB4A_HUMAN	80.5	436	85	0	38343	39650	1	436	9.86e-237	729
JAKIMF010000001.1	sp|Q4R4X8|TBB4A_MACFA	80.5	436	85	0	38343	39650	1	436	9.86e-237	729
JAKIMF010000001.1	sp|Q9D6F9|TBB4A_MOUSE	80.5	436	85	0	38343	39650	1	436	9.86e-237	729
JAKIMF010000001.1	sp|O44388|TBB_TRITR	79.3	440	91	0	38343	39662	1	440	1.34e-236	729
JAKIMF010000001.1	sp|P11833|TBB_PARLI	80.6	433	84	0	38343	39641	1	433	1.50e-236	729
JAKIMF010000001.1	sp|Q6P9T8|TBB4B_RAT	80.8	433	83	0	38343	39641	1	433	2.59e-236	728
JAKIMF010000001.1	sp|P36221|TBB1_NOTNE	80.4	433	85	0	38343	39641	1	433	3.66e-236	728
JAKIMF010000001.1	sp|P02554|TBB_PIG	79.9	433	87	0	38343	39641	1	433	8.91e-236	726
JAKIMF010000001.1	sp|P79008|TBB_COPC7	80.1	437	86	1	38343	39650	1	437	1.21e-235	726
JAKIMF010000001.1	sp|Q24560|TBB1_DROME	79.9	433	87	0	38343	39641	1	433	1.78e-235	726
JAKIMF010000001.1	sp|Q27U48|TBB1_GLOMM	79.9	433	87	0	38343	39641	1	433	1.78e-235	726
JAKIMF010000001.1	sp|O17449|TBB1_MANSE	79.7	433	88	0	38343	39641	1	433	1.78e-235	726
JAKIMF010000001.1	sp|Q9YHC3|TBB1_GADMO	80.1	433	86	0	38343	39641	1	433	2.25e-235	725
JAKIMF010000001.1	sp|Q17299|TBB1_CAEBR	79.7	433	88	0	38343	39641	1	433	2.64e-235	725
JAKIMF010000001.1	sp|P12456|TBB1_CAEEL	79.7	433	88	0	38343	39641	1	433	4.90e-235	724
JAKIMF010000001.1	sp|P41937|TBB4_CAEEL	79.7	433	88	0	38343	39641	1	433	5.49e-235	724
JAKIMF010000001.1	sp|Q2KJD0|TBB5_BOVIN	79.7	434	88	0	38343	39644	1	434	5.49e-235	724
JAKIMF010000002.1	sp|O14232|MTR4_SCHPO	43.8	655	224	6	49011	50960	168	683	5.04e-143	485
JAKIMF010000002.1	sp|P47047|MTR4_YEAST	44.7	635	210	5	49071	50969	143	638	4.78e-142	481
JAKIMF010000002.1	sp|P42285|MTREX_HUMAN	43.0	663	227	8	48978	50957	100	614	9.34e-140	473
JAKIMF010000002.1	sp|Q9CZU3|MTREX_MOUSE	42.8	663	228	8	48978	50957	98	612	2.98e-139	472
JAKIMF010000002.1	sp|Q9XIF2|MTR4_ARATH	43.1	647	221	6	49044	50969	48	552	1.29e-135	459
JAKIMF010000002.1	sp|Q23223|MTR4_CAEEL	41.7	642	214	5	49062	50966	116	604	1.12e-134	458
JAKIMF010000002.1	sp|O13799|YE02_SCHPO	41.7	648	223	7	49014	50942	96	593	2.09e-132	451
JAKIMF010000002.1	sp|Q9ZVW2|HEN2_ARATH	42.0	626	220	6	49071	50939	75	560	2.01e-122	421
JAKIMF010000002.1	sp|F4JAA5|SKI2_ARATH	36.4	640	284	12	49080	50972	357	882	6.13e-94	343
JAKIMF010000002.1	sp|P35207|SKI2_YEAST	38.9	638	286	8	49068	50969	322	859	3.03e-92	337
JAKIMF010000002.1	sp|O59801|SKI2_SCHPO	34.2	643	280	8	49080	50963	277	791	6.74e-91	332
JAKIMF010000002.1	sp|Q15477|SKIV2_HUMAN	34.9	610	256	7	49068	50891	303	773	3.33e-89	327
JAKIMF010000002.1	sp|Q8SSK6|ALDR_ENCCU	45.6	307	160	4	58476	57559	1	301	9.05e-77	264
JAKIMF010000002.1	sp|P07943|ALDR_RAT	39.9	308	172	7	58461	57565	5	308	2.69e-59	214
JAKIMF010000002.1	sp|P45376|ALDR_MOUSE	39.6	308	173	7	58461	57565	5	308	3.66e-59	214
JAKIMF010000002.1	sp|P16116|ALDR_BOVIN	40.7	307	167	8	58455	57565	6	307	4.16e-58	211
JAKIMF010000002.1	sp|P15122|ALDR_RABIT	42.7	274	146	6	58455	57655	7	276	5.84e-58	210
JAKIMF010000002.1	sp|P15121|ALDR_HUMAN	39.2	301	170	7	58455	57580	7	303	7.94e-58	210
JAKIMF010000002.1	sp|Q55FL3|ALRC_DICDI	40.0	295	162	5	58458	57598	18	305	1.26e-57	209
JAKIMF010000002.1	sp|P80276|ALDR_PIG	44.2	276	139	9	58455	57655	7	276	1.47e-57	209
JAKIMF010000002.1	sp|P74308|AKR_SYNY3	39.3	300	162	7	58455	57592	15	306	3.78e-57	208
JAKIMF010000002.1	sp|Q5ZK84|AK1A1_CHICK	39.4	297	170	6	58461	57592	8	301	5.14e-57	208
JAKIMF010000002.1	sp|Q54NZ7|ALRB_DICDI	39.7	297	164	5	58437	57571	17	306	5.88e-57	207
JAKIMF010000002.1	sp|Q568L5|A1A1B_DANRE	38.3	295	172	6	58455	57592	7	298	6.39e-57	207
JAKIMF010000002.1	sp|B9DFG3|ISE2_ARATH	32.3	617	242	17	49077	50837	150	620	1.33e-56	224
JAKIMF010000003.1	sp|Q8SSM8|ALF_ENCCU	52.9	331	155	1	25288	24296	5	334	3.07e-106	350
JAKIMF010000003.1	sp|B5DE69|CHD8_XENTR	63.0	265	84	6	114463	113705	1063	1325	2.48e-80	305
JAKIMF010000003.1	sp|Q9JIX5|CHD8_RAT	64.0	264	82	6	114463	113705	1119	1380	3.25e-80	305
JAKIMF010000003.1	sp|Q09XV5|CHD8_MOUSE	64.0	264	82	6	114463	113705	1121	1382	3.25e-80	305
JAKIMF010000003.1	sp|Q9HCK8|CHD8_HUMAN	64.0	264	82	6	114463	113705	1119	1380	4.25e-80	305
JAKIMF010000003.1	sp|D3ZA12|CHD6_RAT	65.0	254	77	5	114454	113723	771	1022	5.03e-79	301
JAKIMF010000003.1	sp|A3KFM7|CHD6_MOUSE	65.0	254	77	5	114454	113723	771	1022	5.06e-79	301
JAKIMF010000003.1	sp|Q8BYH8|CHD9_MOUSE	63.6	261	82	6	114454	113705	1170	1428	5.40e-79	301
JAKIMF010000003.1	sp|Q3L8U1|CHD9_HUMAN	63.6	261	82	6	114454	113705	1171	1429	5.42e-79	301
JAKIMF010000003.1	sp|B0R0I6|CHD8_DANRE	61.8	259	88	5	114454	113705	1159	1415	6.02e-79	301
JAKIMF010000003.1	sp|Q8TD26|CHD6_HUMAN	64.6	254	78	5	114454	113723	772	1023	6.62e-79	301
JAKIMF010000003.1	sp|A2AJK6|CHD7_MOUSE	63.2	261	83	5	114454	113705	1269	1527	1.63e-78	300
JAKIMF010000003.1	sp|Q9P2D1|CHD7_HUMAN	63.2	261	83	5	114454	113705	1279	1537	1.64e-78	300
JAKIMF010000003.1	sp|Q06A37|CHD7_CHICK	63.2	261	83	5	114454	113705	1280	1538	1.65e-78	300
JAKIMF010000003.1	sp|Q75AP7|RL2_ASHGO	57.3	211	87	1	89921	90544	41	251	5.65e-69	240
JAKIMF010000003.1	sp|Q6FPN7|RL2_CANGA	56.4	211	89	1	89921	90544	41	251	5.65e-69	240
JAKIMF010000003.1	sp|P0CX45|RL2A_YEAST	55.5	211	91	1	89921	90544	41	251	6.69e-68	237
JAKIMF010000003.1	sp|P0CX46|RL2B_YEAST	55.5	211	91	1	89921	90544	41	251	6.69e-68	237
JAKIMF010000003.1	sp|Q9XVF7|RL8_CAEEL	51.2	248	112	3	89819	90535	1	248	9.65e-67	234
JAKIMF010000003.1	sp|P0DJ52|RL8_TETTS	47.0	253	124	3	89819	90547	1	253	5.15e-66	232
JAKIMF010000003.1	sp|P00883|ALDOA_RABIT	40.8	333	193	3	25288	24299	11	342	7.43e-66	235
JAKIMF010000003.1	sp|P54216|ALF1_CAEEL	43.6	335	181	6	25288	24299	13	344	1.46e-65	234
JAKIMF010000003.1	sp|P49577|ALF2_PLABA	41.9	339	191	4	25303	24299	1	337	2.12e-65	234
JAKIMF010000003.1	sp|Q7KQL9|ALF_PLAF7	42.6	329	183	4	25273	24299	22	348	2.95e-65	234
JAKIMF010000003.1	sp|P14223|ALF_PLAFA	42.6	329	183	4	25273	24299	22	348	2.95e-65	234
JAKIMF010000004.1	sp|Q12697|YPK9_YEAST	28.8	1156	667	23	10834	7568	323	1389	7.79e-111	398
JAKIMF010000004.1	sp|O74431|ATC9_SCHPO	29.9	1005	572	17	10453	7571	302	1217	5.49e-107	384
JAKIMF010000004.1	sp|Q5XF89|AT133_MOUSE	29.2	1032	574	26	10441	7523	183	1116	1.10e-95	347
JAKIMF010000004.1	sp|Q9H7F0|AT133_HUMAN	27.9	1032	590	20	10441	7523	187	1123	2.90e-95	346
JAKIMF010000004.1	sp|Q27533|YH2M_CAEEL	25.5	1319	720	29	10897	7295	2	1175	1.48e-91	335
JAKIMF010000004.1	sp|Q4VNC0|AT135_HUMAN	30.0	779	426	16	9721	7556	367	1083	1.25e-78	295
JAKIMF010000004.1	sp|Q21286|CATP5_CAEEL	31.8	755	414	18	9718	7580	385	1080	1.06e-77	292
JAKIMF010000004.1	sp|Q5ZKB7|AT134_CHICK	30.2	801	418	18	9721	7526	364	1092	5.95e-77	290
JAKIMF010000004.1	sp|Q5XF90|AT134_MOUSE	31.2	786	420	19	9721	7529	368	1087	9.28e-76	286
JAKIMF010000004.1	sp|Q4VNC1|AT134_HUMAN	29.1	838	462	17	9721	7379	367	1129	2.20e-74	281
JAKIMF010000004.1	sp|Q3TYU2|AT135_MOUSE	28.8	773	431	15	9721	7571	367	1076	3.18e-71	272
JAKIMF010000004.1	sp|Q9CTG6|AT132_MOUSE	30.3	747	432	13	9727	7568	387	1071	1.16e-70	270
JAKIMF010000004.1	sp|Q9NQ11|AT132_HUMAN	31.1	750	428	14	9727	7568	392	1082	2.80e-68	262
JAKIMF010000004.1	sp|O14022|CTA5_SCHPO	28.2	766	438	21	9754	7568	351	1041	1.66e-50	205
JAKIMF010000004.1	sp|P90747|AT131_CAEEL	23.7	1091	566	28	10438	7550	168	1120	9.14e-50	203
JAKIMF010000004.1	sp|Q9HD20|AT131_HUMAN	23.2	1065	572	28	10429	7544	222	1143	3.77e-44	185
JAKIMF010000004.1	sp|Q9EPE9|AT131_MOUSE	23.4	1064	570	28	10429	7544	219	1139	8.46e-44	184
JAKIMF010000004.1	sp|Q95050|ATX9_TETTH	25.3	791	433	22	9721	7562	332	1035	9.91e-42	177
JAKIMF010000004.1	sp|Q54SY2|NVL_DICDI	58.3	120	45	1	152172	151828	613	732	3.25e-31	142
JAKIMF010000004.1	sp|Q9DBY8|NVL_MOUSE	59.0	117	46	1	152172	151828	627	743	1.24e-30	140
JAKIMF010000004.1	sp|O15381|NVL_HUMAN	59.0	117	46	1	152172	151828	628	744	2.15e-30	139
JAKIMF010000004.1	sp|O28972|Y1297_ARCFU	58.5	118	46	1	152172	151828	502	619	2.18e-30	139
JAKIMF010000004.1	sp|Q9NAG4|MAC1_CAEEL	58.1	117	47	1	152172	151828	581	697	4.23e-30	138
JAKIMF010000004.1	sp|Q58556|Y1156_METJA	56.8	118	48	1	152172	151828	499	616	4.28e-30	139
JAKIMF010000004.1	sp|O14325|YB7A_SCHPO	56.4	117	49	1	152172	151828	539	655	4.83e-30	138
