JAIWZO010000001.1	sp|P38811|TRA1_YEAST	36.5	2793	1515	43	1656197	1647933	582	3165	0.0	1666
JAIWZO010000001.1	sp|Q9HFE8|TRA1_SCHPO	34.7	2789	1552	36	1656203	1647933	536	3095	0.0	1537
JAIWZO010000001.1	sp|Q10064|YAMB_SCHPO	33.8	2788	1566	35	1656197	1647933	493	3033	0.0	1499
JAIWZO010000001.1	sp|O93927|FKS1_CRYNH	49.1	1636	688	24	175477	180243	137	1674	0.0	1462
JAIWZO010000001.1	sp|P15398|RPA1_SCHPO	45.0	1834	743	28	2893771	2888438	63	1686	0.0	1373
JAIWZO010000001.1	sp|A2QLK4|FKS1_ASPNC	45.9	1660	732	25	175471	180243	179	1741	0.0	1353
JAIWZO010000001.1	sp|O13967|BGS2_SCHPO	45.8	1665	738	24	175462	180243	178	1748	0.0	1340
JAIWZO010000001.1	sp|O74475|BGS4_SCHPO	44.2	1703	734	30	175471	180243	191	1788	0.0	1323
JAIWZO010000001.1	sp|P40989|FKS2_YEAST	45.2	1661	749	25	175477	180252	167	1735	0.0	1315
JAIWZO010000001.1	sp|P38631|FKS1_YEAST	44.6	1661	757	25	175471	180243	146	1713	0.0	1296
JAIWZO010000001.1	sp|Q10287|BGS1_SCHPO	43.1	1639	793	20	175444	180243	52	1590	0.0	1256
JAIWZO010000001.1	sp|Q9P377|BGS3_SCHPO	43.0	1645	774	30	175501	180270	155	1691	0.0	1221
JAIWZO010000001.1	sp|P10964|RPA1_YEAST	40.3	1829	820	33	2893777	2888435	60	1664	0.0	1199
JAIWZO010000001.1	sp|Q12649|HMDH_PHYB8	52.4	1329	404	24	3384225	3380461	3	1176	0.0	1124
JAIWZO010000001.1	sp|Q9Y7K2|TOR2_SCHPO	43.3	1486	740	14	590512	586100	413	1810	0.0	1117
JAIWZO010000001.1	sp|Q86C65|TOR_DICDI	42.4	1537	679	22	590512	586088	428	1820	4.23e-319	1048
JAIWZO010000001.1	sp|Q9P7X8|RPA2_SCHPO	44.2	1336	518	21	1732650	1736465	2	1174	5.14e-317	998
JAIWZO010000001.1	sp|Q86H36|RPA1_DICDI	36.3	1806	863	30	2893771	2888447	65	1614	1.17e-290	939
JAIWZO010000001.1	sp|O14356|TOR1_SCHPO	38.7	1492	796	18	590512	586100	414	1807	1.65e-279	929
JAIWZO010000001.1	sp|P35169|TOR1_YEAST	38.5	1570	732	21	590509	586100	510	1945	5.93e-277	926
JAIWZO010000001.1	sp|P32600|TOR2_YEAST	38.8	1545	758	17	590512	586100	518	1948	2.86e-276	924
JAIWZO010000001.1	sp|O54889|RPA1_RAT	34.0	1918	856	34	2893771	2888447	64	1715	2.04e-275	898
JAIWZO010000001.1	sp|Q75DS1|RPA2_ASHGO	41.2	1370	535	27	1732629	1736468	7	1195	3.15e-275	878
JAIWZO010000001.1	sp|O35134|RPA1_MOUSE	34.3	1919	850	38	2893771	2888447	64	1716	5.22e-275	897
JAIWZO010000001.1	sp|O95602|RPA1_HUMAN	34.1	1931	842	38	2893771	2888447	64	1719	1.91e-274	895
JAIWZO010000010.1	sp|P78820|ACAC_SCHPO	55.3	2158	880	20	207556	213894	161	2278	0.0	2302
JAIWZO010000010.1	sp|Q00955|ACAC_YEAST	54.8	2127	900	19	207556	213888	151	2232	0.0	2191
JAIWZO010000010.1	sp|P11029|ACAC_CHICK	47.1	2171	1028	38	207556	213894	210	2317	0.0	1821
JAIWZO010000010.1	sp|Q13085|ACACA_HUMAN	46.2	2196	1033	40	207556	213894	210	2340	0.0	1795
JAIWZO010000010.1	sp|O00763|ACACB_HUMAN	46.3	2163	1048	33	207556	213894	352	2451	0.0	1795
JAIWZO010000010.1	sp|Q9TTS3|ACACA_BOVIN	46.2	2191	1040	38	207556	213894	210	2340	0.0	1794
JAIWZO010000010.1	sp|Q28559|ACACA_SHEEP	46.2	2191	1040	38	207556	213894	210	2340	0.0	1794
JAIWZO010000010.1	sp|Q5SWU9|ACACA_MOUSE	46.3	2196	1032	41	207556	213894	209	2339	0.0	1793
JAIWZO010000010.1	sp|P11497|ACACA_RAT	46.3	2196	1031	41	207556	213894	209	2339	0.0	1792
JAIWZO010000010.1	sp|E9Q4Z2|ACACB_MOUSE	46.4	2162	1048	33	207556	213894	342	2441	0.0	1790
JAIWZO010000010.1	sp|Q54YZ9|DHKJ_DICDI	56.9	1725	652	15	392084	386988	172	1831	0.0	1713
JAIWZO010000010.1	sp|P32874|HFA1_YEAST	45.7	2088	1039	30	207556	213762	227	2239	0.0	1712
JAIWZO010000010.1	sp|C8ZF72|HFA1_YEAS8	45.6	2088	1041	30	207556	213762	227	2239	0.0	1710
JAIWZO010000010.1	sp|A6ZMR9|HFA1_YEAS7	45.6	2088	1041	30	207556	213762	227	2239	0.0	1708
JAIWZO010000010.1	sp|C7GRE4|HFA1_YEAS2	45.5	2088	1043	30	207556	213762	227	2239	0.0	1705
JAIWZO010000010.1	sp|B3LM95|HFA1_YEAS1	45.4	2088	1046	30	207556	213762	227	2239	0.0	1700
JAIWZO010000010.1	sp|Q54J08|ACAC_DICDI	41.7	2235	1113	40	207556	213888	109	2276	0.0	1553
JAIWZO010000010.1	sp|Q4P9K9|CHS8_USTMA	45.2	1865	870	33	440550	435145	2	1777	0.0	1465
JAIWZO010000010.1	sp|Q38970|ACC1_ARATH	40.1	2197	1148	44	207556	213879	129	2246	0.0	1407
JAIWZO010000010.1	sp|F4I1L3|ACC2_ARATH	39.9	2201	1146	49	207556	213879	231	2347	0.0	1398
JAIWZO010000010.1	sp|Q8S6N5|ACC1_ORYSJ	39.0	2199	1181	41	207556	213879	131	2259	0.0	1387
JAIWZO010000010.1	sp|J9VNT4|CHS5_CRYNH	44.0	1801	843	30	440331	435058	96	1773	0.0	1362
JAIWZO010000010.1	sp|B9FK36|ACC2_ORYSJ	39.1	2185	1168	42	207556	213888	227	2322	0.0	1352
JAIWZO010000010.1	sp|Q5A599|NIK1_CANAL	55.2	992	364	12	389933	387000	53	978	7.69e-309	968
JAIWZO010000010.1	sp|O13395|CHS6_USTMA	52.0	855	358	11	437694	435199	70	895	1.59e-277	882
JAIWZO010000011.1	sp|Q869L3|MDN1_DICDI	31.9	5849	3109	141	279460	295176	324	5893	0.0	2071
JAIWZO010000011.1	sp|Q12019|MDN1_YEAST	31.9	5430	2665	117	279460	295191	338	4909	0.0	2022
JAIWZO010000011.1	sp|Q9NU22|MDN1_HUMAN	31.0	5634	3113	128	279457	295191	353	5592	0.0	1888
JAIWZO010000011.1	sp|O94248|MDN1_SCHPO	30.5	5401	2733	131	279457	295176	179	4711	0.0	1848
JAIWZO010000011.1	sp|A0A1P8AUY4|MDN1_ARATH	42.5	2066	1004	34	279460	285384	381	2353	0.0	1459
JAIWZO010000011.1	sp|P20409|TRPG_PHYBL	67.4	800	215	6	502288	499910	1	761	0.0	1047
JAIWZO010000011.1	sp|Q8T5T1|MDN1_GIAIN	33.2	2129	1199	53	279463	285375	54	2116	9.18e-270	934
JAIWZO010000011.1	sp|Q92370|TRPG_SCHPO	50.5	794	325	11	502279	499910	29	758	5.19e-219	695
JAIWZO010000011.1	sp|P25170|TRPG_PHACH	48.7	818	348	16	502279	499910	14	787	1.66e-213	680
JAIWZO010000011.1	sp|P00908|TRPG_NEUCR	47.5	802	341	13	502279	499910	27	760	7.28e-204	651
JAIWZO010000011.1	sp|P0CN86|TRPG_CRYNJ	47.3	806	353	16	502282	499910	4	752	9.73e-202	645
JAIWZO010000011.1	sp|P0CN87|TRPG_CRYNB	47.3	806	353	16	502282	499910	4	752	1.32e-201	644
JAIWZO010000011.1	sp|P27710|TRPG_CRYNH	47.1	807	353	17	502282	499910	4	752	8.38e-201	642
JAIWZO010000011.1	sp|P05328|TRPG_ASPNG	47.3	807	344	13	502279	499910	27	769	1.32e-199	639
JAIWZO010000011.1	sp|P18483|TRPG_ASPAW	47.6	804	344	13	502279	499910	27	767	1.96e-198	636
JAIWZO010000011.1	sp|P24773|TRPG_PENCH	45.6	803	346	11	502279	499910	25	749	1.58e-196	630
JAIWZO010000011.1	sp|P06531|TRPG_EMENI	47.3	808	340	13	502279	499910	27	766	1.97e-196	630
JAIWZO010000011.1	sp|Q92411|TRPG_COCHE	43.0	809	374	14	502279	499910	27	767	1.50e-170	555
JAIWZO010000011.1	sp|Q12632|CHS1_MUCCL	54.3	549	142	6	551535	549898	100	542	1.47e-165	544
JAIWZO010000011.1	sp|P00937|TRPG_YEAST	52.6	525	187	4	502279	500720	15	482	1.02e-163	524
JAIWZO010000011.1	sp|P30594|CHS1_RHIOL	49.4	601	170	9	551664	549898	69	547	2.26e-159	526
JAIWZO010000011.1	sp|P30595|CHS2_RHIOL	51.1	558	161	6	551568	549898	104	550	1.02e-156	519
JAIWZO010000011.1	sp|J9VGT6|CHS8_CRYNH	49.7	559	168	6	551568	549898	291	738	6.67e-151	508
JAIWZO010000011.1	sp|P87073|CHS1_PHYB8	49.7	559	167	7	551568	549898	87	533	4.93e-150	499
JAIWZO010000011.1	sp|Q99127|CHS4_USTMA	49.6	564	167	7	551568	549892	202	653	1.59e-148	498
JAIWZO010000012.1	sp|Q4P9K9|CHS8_USTMA	38.8	2007	983	38	443282	437739	85	2004	0.0	1278
JAIWZO010000012.1	sp|J9VNT4|CHS5_CRYNH	40.2	1913	967	36	443246	437739	119	1931	0.0	1261
JAIWZO010000012.1	sp|O13395|CHS6_USTMA	51.3	895	378	14	440786	438189	70	935	1.52e-280	890
JAIWZO010000012.1	sp|O94335|STT3_SCHPO	57.1	772	272	3	386439	384124	24	736	4.10e-271	844
JAIWZO010000012.1	sp|P39007|STT3_YEAST	55.6	764	251	5	386448	384163	13	690	1.32e-263	821
JAIWZO010000012.1	sp|J9VF17|CHS4_CRYNH	51.2	847	381	11	440795	438300	160	989	2.47e-261	838
JAIWZO010000012.1	sp|P46977|STT3A_HUMAN	54.1	773	269	8	386466	384166	9	701	1.97e-254	794
JAIWZO010000012.1	sp|Q5RCE2|STT3A_PONAB	54.1	773	269	8	386466	384166	9	701	1.97e-254	794
JAIWZO010000012.1	sp|F1PJP5|STT3A_CANLF	54.1	773	269	8	386466	384166	9	701	3.66e-254	793
JAIWZO010000012.1	sp|P46978|STT3A_MOUSE	53.9	773	270	8	386466	384166	9	701	3.66e-254	793
JAIWZO010000012.1	sp|Q2KJI2|STT3A_BOVIN	54.1	774	267	9	386466	384166	9	701	1.26e-253	792
JAIWZO010000012.1	sp|E2RG47|STT3B_CANLF	54.9	761	287	4	386448	384175	69	776	2.24e-251	791
JAIWZO010000012.1	sp|Q8TCJ2|STT3B_HUMAN	54.9	761	287	4	386448	384175	69	776	4.14e-251	790
JAIWZO010000012.1	sp|Q3TDQ1|STT3B_MOUSE	54.7	761	289	4	386448	384175	66	773	1.11e-249	786
JAIWZO010000012.1	sp|P46975|STT3_CAEEL	54.2	762	282	6	386445	384178	18	718	7.41e-244	766
JAIWZO010000012.1	sp|Q54NM9|STT3_DICDI	52.2	764	270	9	386451	384175	38	711	4.52e-234	736
JAIWZO010000012.1	sp|Q9FX21|STT3B_ARATH	51.2	766	301	8	386466	384184	32	729	1.15e-228	721
JAIWZO010000012.1	sp|Q7XQ88|STT3B_ORYSJ	50.4	766	306	8	386466	384184	19	715	6.40e-222	701
JAIWZO010000012.1	sp|Q93ZY3|STT3A_ARATH	46.5	782	331	11	386439	384184	23	747	6.10e-196	629
JAIWZO010000012.1	sp|O94489|EF3_SCHPO	57.2	591	203	8	94630	96357	472	1027	8.86e-192	627
JAIWZO010000012.1	sp|Q6F2Z1|STT3A_ORYSJ	47.8	809	321	13	386418	384124	31	782	5.91e-190	612
JAIWZO010000012.1	sp|Q4P358|EIF3A_USTMA	52.3	690	310	5	466055	468073	88	775	5.96e-190	621
JAIWZO010000012.1	sp|O93796|EF3_CANGA	57.2	575	194	9	94630	96309	468	1005	7.72e-186	610
JAIWZO010000012.1	sp|Q75EV6|EF3_ASHGO	56.1	581	203	9	94630	96327	468	1011	2.54e-185	608
JAIWZO010000012.1	sp|P25997|EF3_CANAL	56.4	576	200	9	94630	96309	471	1011	4.71e-184	605
JAIWZO010000013.1	sp|O74198|ERG6_CANAL	39.4	457	180	4	139570	140934	11	372	9.63e-89	302
JAIWZO010000013.1	sp|B9WYE6|VRDA_ASPPA	42.9	392	160	9	180397	179246	1	336	3.34e-87	296
JAIWZO010000013.1	sp|P54679|PMA1_DICDI	38.1	528	258	12	35636	37183	236	706	1.97e-85	313
JAIWZO010000013.1	sp|P28877|PMA1_CANAX	36.3	546	281	10	35582	37183	99	589	7.72e-84	305
JAIWZO010000013.1	sp|P07038|PMA1_NEUCR	36.1	548	279	10	35582	37183	122	612	9.18e-84	305
JAIWZO010000013.1	sp|Q58623|Y1226_METJA	36.3	540	274	10	35588	37183	59	536	1.84e-83	301
JAIWZO010000013.1	sp|Q875K1|ERG6_CLAL4	38.2	455	184	4	139576	140934	13	372	5.26e-83	286
JAIWZO010000013.1	sp|P28876|PMA2_SCHPO	37.3	550	270	13	35582	37183	208	698	5.86e-83	305
JAIWZO010000013.1	sp|Q6BRB7|ERG6_DEBHA	39.0	454	184	3	139570	140931	12	372	7.62e-83	285
JAIWZO010000013.1	sp|Q6C2D9|ERG6_YARLI	38.5	457	181	6	139579	140931	15	377	2.56e-81	281
JAIWZO010000013.1	sp|P24545|PMA1_ZYGRO	36.4	546	280	10	35582	37183	124	614	2.56e-81	298
JAIWZO010000013.1	sp|P49380|PMA1_KLULA	35.2	546	287	9	35582	37183	103	593	1.39e-80	295
JAIWZO010000013.1	sp|Q9P3R1|ERG6_NEUCR	53.1	260	101	1	140155	140934	140	378	3.83e-80	278
JAIWZO010000013.1	sp|P05030|PMA1_YEAST	35.5	546	285	9	35582	37183	122	612	5.07e-79	291
JAIWZO010000013.1	sp|Q6FRZ7|ERG6_CANGA	36.2	461	194	6	139561	140931	4	368	3.10e-78	272
JAIWZO010000013.1	sp|P09627|PMA1_SCHPO	36.9	548	275	13	35582	37183	120	610	4.08e-78	288
JAIWZO010000013.1	sp|O14321|ERG6_SCHPO	36.5	455	193	6	139579	140931	12	374	1.28e-77	270
JAIWZO010000013.1	sp|P19657|PMA2_YEAST	35.3	546	286	10	35582	37183	151	641	5.12e-77	286
JAIWZO010000013.1	sp|P25087|ERG6_YEAST	37.1	453	183	7	139588	140931	13	368	9.48e-77	268
JAIWZO010000013.1	sp|Q6CYB3|ERG6_KLULA	36.1	451	189	5	139588	140931	14	368	1.21e-76	267
JAIWZO010000013.1	sp|Q4W9V1|ERG6_ASPFU	51.4	259	105	1	140155	140931	139	376	5.02e-74	260
JAIWZO010000013.1	sp|Q9P7U2|YI7E_SCHPO	41.8	400	164	10	178312	177146	3	344	2.62e-73	257
JAIWZO010000013.1	sp|Q759S7|ERG6_ASHGO	35.5	448	196	3	139588	140931	15	369	5.19e-73	257
JAIWZO010000013.1	sp|P77735|YAJO_ECOLI	40.3	387	159	7	178300	177146	1	317	9.63e-73	254
JAIWZO010000013.1	sp|C7ZBE5|SAN2_FUSV7	40.6	394	174	7	178294	177134	27	367	1.62e-72	255
JAIWZO010000014.1	sp|Q09891|ATCX_SCHPO	43.3	570	246	8	22881	21184	531	1027	6.64e-113	400
JAIWZO010000014.1	sp|Q12675|ATC4_YEAST	44.1	581	244	14	22881	21184	674	1188	2.75e-111	399
JAIWZO010000014.1	sp|P32660|ATC5_YEAST	42.4	582	250	14	22881	21190	629	1143	2.32e-109	392
JAIWZO010000014.1	sp|O36028|ATCZ_SCHPO	42.2	571	243	10	22881	21184	562	1050	8.47e-107	381
JAIWZO010000014.1	sp|Q9XIE6|ALA3_ARATH	40.3	571	243	13	22875	21190	377	858	1.94e-101	362
JAIWZO010000014.1	sp|P98200|AT8A2_MOUSE	39.1	568	223	9	22881	21184	350	796	2.29e-94	339
JAIWZO010000014.1	sp|Q9Y2Q0|AT8A1_HUMAN	38.7	566	227	9	22881	21184	371	816	2.92e-94	339
JAIWZO010000014.1	sp|P70704|AT8A1_MOUSE	38.0	566	231	7	22881	21184	371	816	5.23e-94	338
JAIWZO010000014.1	sp|P39524|ATC3_YEAST	41.4	570	208	13	22881	21184	522	969	3.41e-93	339
JAIWZO010000014.1	sp|Q9NTI2|AT8A2_HUMAN	38.7	568	225	9	22881	21184	390	836	5.73e-93	336
JAIWZO010000014.1	sp|O94296|YOOC_SCHPO	37.3	566	234	8	22881	21184	480	924	1.10e-92	336
JAIWZO010000014.1	sp|P57792|ALA12_ARATH	38.7	573	257	14	22875	21184	394	881	2.32e-92	334
JAIWZO010000014.1	sp|C7EXK4|AT8A2_BOVIN	38.6	568	226	9	22881	21184	350	796	4.43e-92	332
JAIWZO010000014.1	sp|Q29449|AT8A1_BOVIN	38.2	566	215	9	22881	21184	371	801	8.07e-92	332
JAIWZO010000014.1	sp|Q9SX33|ALA9_ARATH	38.0	579	257	14	22875	21184	394	885	9.30e-92	332
JAIWZO010000014.1	sp|Q9SAF5|ALA11_ARATH	39.4	576	250	15	22875	21184	393	881	1.29e-91	332
JAIWZO010000014.1	sp|Q9LI83|ALA10_ARATH	39.9	572	251	14	22875	21184	394	880	5.46e-91	330
JAIWZO010000014.1	sp|Q9LK90|ALA8_ARATH	38.2	576	261	15	22875	21184	388	880	3.58e-89	324
JAIWZO010000014.1	sp|Q8TF62|AT8B4_HUMAN	36.0	575	261	10	22881	21184	354	830	1.21e-87	320
JAIWZO010000014.1	sp|O43520|AT8B1_HUMAN	37.3	568	279	12	22881	21184	416	908	2.47e-87	320
JAIWZO010000014.1	sp|Q5BL50|AT8B1_XENTR	38.7	568	269	11	22881	21184	416	906	7.72e-87	318
JAIWZO010000014.1	sp|P98199|AT8B2_MOUSE	37.1	571	259	12	22881	21184	373	848	8.47e-87	317
JAIWZO010000014.1	sp|Q148W0|AT8B1_MOUSE	37.6	566	280	12	22881	21184	416	908	3.29e-86	316
JAIWZO010000014.1	sp|D4AA47|AT8B1_RAT	37.5	566	281	11	22881	21184	416	908	3.29e-86	316
JAIWZO010000014.1	sp|Q9SGG3|ALA5_ARATH	37.2	588	267	13	22881	21184	387	894	8.00e-86	315
JAIWZO010000015.1	sp|Q8TGM7|ART2_YEAST	78.9	57	12	0	6626	6796	1	57	6.67e-21	92.8
JAIWZO010000015.1	sp|Q3E811|RRT15_YEAST	89.4	47	5	0	6626	6766	1	47	2.11e-19	88.6
JAIWZO010000015.1	sp|Q6CQE5|TAR1_KLULA	72.9	48	13	0	9041	9184	2	49	1.87e-12	70.5
JAIWZO010000015.1	sp|Q8TGM6|TAR1_YEAST	72.9	48	13	0	9041	9184	17	64	2.84e-12	70.5
JAIWZO010000015.1	sp|P0C5Q0|YL54F_YEAST	61.9	42	10	1	10154	10261	4	45	3.77e-06	50.4
JAIWZO010000016.1	sp|Q6EU14|AGO1A_ORYSJ	34.1	361	196	7	7964	9025	406	731	5.07e-49	197
JAIWZO010000016.1	sp|Q69VD5|PNH1_ORYSJ	33.2	361	197	8	7964	9025	319	642	2.14e-48	194
JAIWZO010000016.1	sp|Q5ZLG4|AGO3_CHICK	46.8	218	107	4	9118	9750	540	755	2.71e-47	189
JAIWZO010000016.1	sp|Q9H9G7|AGO3_HUMAN	46.8	218	107	4	9118	9750	540	755	2.71e-47	189
JAIWZO010000016.1	sp|Q8CJF9|AGO3_MOUSE	46.8	218	107	4	9118	9750	540	755	2.71e-47	189
JAIWZO010000016.1	sp|Q6T5B7|AGO3_BOVIN	46.8	218	107	4	9118	9750	540	755	2.73e-47	189
JAIWZO010000016.1	sp|O04379|AGO1_ARATH	32.2	360	203	8	7964	9025	374	698	2.80e-47	191
JAIWZO010000016.1	sp|A3KPK0|AGO3_DANRE	45.4	216	113	3	9118	9750	540	755	8.44e-47	188
JAIWZO010000016.1	sp|Q7XSA2|AGO1B_ORYSJ	33.4	365	193	10	7964	9025	443	768	4.31e-46	187
JAIWZO010000016.1	sp|O77503|AGO2_RABIT	44.9	216	114	3	9118	9750	520	735	2.16e-45	183
JAIWZO010000016.1	sp|Q851R2|MEL1_ORYSJ	45.3	234	104	5	9121	9750	719	952	2.44e-45	185
JAIWZO010000016.1	sp|Q9UKV8|AGO2_HUMAN	44.9	216	114	3	9118	9750	539	754	2.52e-45	183
JAIWZO010000016.1	sp|Q8CJG0|AGO2_MOUSE	44.9	216	114	3	9118	9750	540	755	2.54e-45	183
JAIWZO010000016.1	sp|Q9QZ81|AGO2_RAT	44.9	216	114	3	9118	9750	540	755	2.54e-45	183
JAIWZO010000016.1	sp|Q6DCX2|AGO2_XENLA	44.4	216	115	3	9118	9750	542	757	7.99e-45	182
JAIWZO010000016.1	sp|Q6DJB9|AGO2_XENTR	44.4	216	115	3	9118	9750	551	766	8.54e-45	182
JAIWZO010000016.1	sp|Q7Y001|AGO12_ORYSJ	45.3	232	105	5	9121	9750	717	948	1.24e-44	182
JAIWZO010000016.1	sp|Q9XGW1|AGO10_ARATH	31.9	361	202	8	7964	9025	324	647	2.22e-44	181
JAIWZO010000016.1	sp|Q5Z5B2|AGO1D_ORYSJ	31.0	361	205	8	7964	9022	366	690	3.58e-44	181
JAIWZO010000016.1	sp|Q9UL18|AGO1_HUMAN	36.5	274	163	5	7955	8749	210	481	4.20e-44	179
JAIWZO010000016.1	sp|Q8CJG1|AGO1_MOUSE	36.5	274	163	5	7955	8749	210	481	4.20e-44	179
JAIWZO010000016.1	sp|Q852N2|AGO13_ORYSJ	36.8	266	159	5	7964	8749	169	429	2.12e-43	179
JAIWZO010000016.1	sp|Q6K972|AGO1C_ORYSJ	30.8	357	208	8	7964	9022	338	659	2.95e-43	178
JAIWZO010000016.1	sp|Q9SJK3|AGO5_ARATH	45.2	228	103	5	9121	9738	661	888	8.46e-43	176
JAIWZO010000016.1	sp|Q69UP6|AGO18_ORYSJ	45.1	215	108	6	9121	9738	773	986	1.76e-41	172
JAIWZO010000017.1	sp|O59722|FAB1_SCHPO	39.6	396	124	5	9839	8652	1644	1924	2.61e-63	245
JAIWZO010000017.1	sp|P34756|FAB1_YEAST	38.7	398	127	9	9839	8655	1990	2273	1.57e-60	236
JAIWZO010000017.1	sp|Q9Z1T6|FYV1_MOUSE	34.5	400	143	8	9824	8640	1810	2095	9.11e-47	191
JAIWZO010000017.1	sp|Q9Y2I7|FYV1_HUMAN	34.5	400	143	8	9824	8640	1811	2096	1.19e-46	191
JAIWZO010000017.1	sp|Q9LUM0|FAB1B_ARATH	40.0	255	85	4	9401	8640	1583	1770	5.03e-42	175
JAIWZO010000017.1	sp|Q9SSJ8|FAB1C_ARATH	33.0	391	146	7	9815	8649	1372	1648	2.36e-41	173
JAIWZO010000017.1	sp|Q0WUR5|FAB1A_ARATH	39.8	251	83	4	9401	8652	1544	1727	1.08e-39	167
JAIWZO010000017.1	sp|B0G126|FYV1_DICDI	39.0	254	84	5	9404	8643	2425	2607	5.26e-39	166
JAIWZO010000017.1	sp|O96838|FYV1_DROME	42.8	187	63	3	9200	8643	1664	1807	3.28e-30	136
JAIWZO010000017.1	sp|Q9XID0|FAB1D_ARATH	34.4	250	94	6	9398	8655	1269	1450	1.64e-28	130
JAIWZO010000018.1	sp|Q9XGW1|AGO10_ARATH	28.0	382	179	10	2918	3988	518	828	3.93e-32	142
JAIWZO010000018.1	sp|Q6Z4F1|AGO14_ORYSJ	53.5	144	38	4	3988	4410	892	1009	7.56e-32	141
JAIWZO010000018.1	sp|Q851R2|MEL1_ORYSJ	45.4	185	66	6	3988	4515	899	1057	2.97e-31	139
JAIWZO010000018.1	sp|Q69VD5|PNH1_ORYSJ	43.1	181	72	4	3988	4515	824	978	5.93e-31	138
JAIWZO010000018.1	sp|Q6EU14|AGO1A_ORYSJ	44.7	190	74	5	3853	4410	868	1030	6.94e-31	138
JAIWZO010000018.1	sp|Q10F39|AGO11_ORYSJ	53.5	142	37	4	3988	4404	731	846	8.49e-31	137
JAIWZO010000018.1	sp|Q9SJK3|AGO5_ARATH	44.0	182	70	4	3988	4515	841	996	1.06e-30	137
JAIWZO010000018.1	sp|O04379|AGO1_ARATH	51.4	144	41	3	3988	4410	880	997	2.58e-30	136
JAIWZO010000018.1	sp|Q6K972|AGO1C_ORYSJ	42.6	195	75	5	3847	4410	795	959	3.21e-30	135
JAIWZO010000018.1	sp|Q5Z5B2|AGO1D_ORYSJ	42.6	195	75	5	3847	4410	826	990	5.76e-30	135
JAIWZO010000018.1	sp|Q7Y001|AGO12_ORYSJ	52.8	142	40	3	3988	4410	897	1012	5.85e-30	135
JAIWZO010000018.1	sp|Q5ZLG4|AGO3_CHICK	49.3	146	47	3	3970	4404	698	817	7.02e-30	134
JAIWZO010000018.1	sp|Q9H9G7|AGO3_HUMAN	49.3	146	47	3	3970	4404	698	817	7.02e-30	134
JAIWZO010000018.1	sp|Q8CJF9|AGO3_MOUSE	49.3	146	47	3	3970	4404	698	817	7.02e-30	134
JAIWZO010000018.1	sp|Q7XSA2|AGO1B_ORYSJ	43.5	193	72	5	3853	4410	905	1067	1.09e-29	134
JAIWZO010000018.1	sp|Q69UP6|AGO18_ORYSJ	50.7	142	41	3	3988	4404	939	1054	3.13e-29	132
JAIWZO010000018.1	sp|O77503|AGO2_RABIT	48.6	146	48	3	3970	4404	678	797	4.55e-29	131
JAIWZO010000018.1	sp|Q9UL18|AGO1_HUMAN	47.9	146	49	3	3970	4404	695	814	4.77e-29	131
JAIWZO010000018.1	sp|Q8CJG1|AGO1_MOUSE	47.9	146	49	3	3970	4404	695	814	4.77e-29	131
JAIWZO010000018.1	sp|Q9UKV8|AGO2_HUMAN	48.6	146	48	3	3970	4404	697	816	4.79e-29	131
JAIWZO010000018.1	sp|Q6QME8|AGO2_BOVIN	48.6	146	48	3	3970	4404	698	817	4.80e-29	131
JAIWZO010000018.1	sp|Q8CJG0|AGO2_MOUSE	48.6	146	48	3	3970	4404	698	817	4.80e-29	131
JAIWZO010000018.1	sp|Q6DCX2|AGO2_XENLA	48.6	146	48	3	3970	4404	700	819	6.35e-29	131
JAIWZO010000018.1	sp|Q6DJB9|AGO2_XENTR	48.6	146	48	3	3970	4404	709	828	6.50e-29	131
JAIWZO010000018.1	sp|Q9QZ81|AGO2_RAT	47.9	146	49	3	3970	4404	698	817	1.44e-28	130
JAIWZO010000019.1	sp|Q84K11|PPP5_SOLLC	38.3	287	97	3	3962	4816	270	478	2.84e-45	177
JAIWZO010000019.1	sp|Q84XU2|PPP5_ARATH	38.7	287	96	4	3962	4816	252	460	3.72e-45	177
JAIWZO010000019.1	sp|Q60676|PPP5_MOUSE	36.1	285	106	2	3962	4816	212	420	1.27e-42	168
JAIWZO010000019.1	sp|P53042|PPP5_RAT	36.1	285	106	2	3962	4816	212	420	1.27e-42	168
JAIWZO010000019.1	sp|P53041|PPP5_HUMAN	36.1	285	106	2	3962	4816	212	420	2.32e-42	167
JAIWZO010000019.1	sp|O43049|PPT1_SCHPO	35.3	289	105	4	3962	4816	187	397	2.28e-40	161
JAIWZO010000019.1	sp|Q9NES8|PPP5_CAEEL	34.1	293	97	4	3962	4810	211	417	1.56e-39	159
JAIWZO010000019.1	sp|P53043|PPT1_YEAST	30.6	281	115	4	3983	4816	224	427	1.19e-26	120
JAIWZO010000019.1	sp|Q27889|PP2B2_DROME	41.1	129	52	3	3983	4369	137	241	1.94e-18	95.9
JAIWZO010000019.1	sp|Q4WUR1|PP2B_ASPFU	40.4	136	57	3	3962	4369	62	173	2.15e-18	95.5
JAIWZO010000019.1	sp|P48452|PP2BA_BOVIN	40.3	129	53	3	3983	4369	71	175	3.51e-18	94.7
JAIWZO010000019.1	sp|Q08209|PP2BA_HUMAN	40.3	129	53	3	3983	4369	71	175	3.51e-18	94.7
JAIWZO010000019.1	sp|P63328|PP2BA_MOUSE	40.3	129	53	3	3983	4369	71	175	3.51e-18	94.7
JAIWZO010000019.1	sp|P63329|PP2BA_RAT	40.3	129	53	3	3983	4369	71	175	3.51e-18	94.7
JAIWZO010000019.1	sp|P48457|PP2B_EMENI	39.7	136	58	3	3962	4369	86	197	4.07e-18	94.7
JAIWZO010000019.1	sp|O35385|PPE2_MOUSE	42.0	131	57	1	3962	4354	149	260	5.58e-18	95.1
JAIWZO010000019.1	sp|O42773|PP2B1_CRYNH	38.5	130	56	3	3980	4369	100	205	5.70e-18	94.7
JAIWZO010000019.1	sp|Q9VXF1|PP2B3_DROME	42.3	123	47	3	4001	4369	151	249	1.44e-17	93.2
JAIWZO010000019.1	sp|O14830|PPE2_HUMAN	39.7	131	60	1	3962	4354	149	260	1.65e-17	93.6
JAIWZO010000019.1	sp|Q0G819|PP2B_CAEEL	40.8	125	50	3	4001	4375	102	202	3.69e-17	91.7
JAIWZO010000019.1	sp|P48455|PP2BC_MOUSE	38.8	129	55	3	3983	4369	67	171	4.23e-17	91.3
JAIWZO010000019.1	sp|A8XE00|PP4C1_CAEBR	43.1	109	42	2	4028	4354	71	159	5.79e-17	88.6
JAIWZO010000019.1	sp|Q05681|PP2B_NEUCR	39.2	130	55	3	3980	4369	108	213	6.92e-17	90.9
JAIWZO010000019.1	sp|Q9XW79|PP4C1_CAEEL	43.1	109	42	2	4028	4354	71	159	7.79e-17	88.2
JAIWZO010000019.1	sp|P16298|PP2BB_HUMAN	37.2	129	57	3	3983	4369	80	184	7.85e-17	90.5
JAIWZO010000002.1	sp|Q9C102|GLT1_SCHPO	61.5	1781	556	9	3132445	3137751	46	1708	0.0	2181
JAIWZO010000002.1	sp|Q12680|GLT1_YEAST	55.1	1824	645	20	3132445	3137751	31	1735	0.0	1908
JAIWZO010000002.1	sp|Q03460|GLSN_MEDSA	51.8	1814	690	24	3132481	3137751	91	1777	0.0	1750
JAIWZO010000002.1	sp|Q0JKD0|GLT1_ORYSJ	51.7	1805	690	22	3132481	3137751	89	1759	0.0	1739
JAIWZO010000002.1	sp|Q0DG35|GLT2_ORYSJ	52.3	1810	682	26	3132481	3137751	96	1777	0.0	1735
JAIWZO010000002.1	sp|Q9LV03|GLUT1_ARATH	51.0	1819	704	24	3132481	3137751	106	1798	0.0	1724
JAIWZO010000002.1	sp|O93937|PYR1_EMENI	58.3	1443	522	15	2143433	2147659	877	2273	0.0	1573
JAIWZO010000002.1	sp|Q09794|PYR1_SCHPO	57.3	1419	532	10	2143454	2147662	878	2238	0.0	1541
JAIWZO010000002.1	sp|P07259|PYR1_YEAST	55.4	1420	567	16	2143454	2147662	842	2211	0.0	1478
JAIWZO010000002.1	sp|P55037|GLTB_SYNY3	48.5	1622	693	20	3132469	3137307	28	1516	0.0	1443
JAIWZO010000002.1	sp|Q54YZ9|DHKJ_DICDI	67.7	1097	346	2	2706323	2703057	220	1316	0.0	1368
JAIWZO010000002.1	sp|P96218|GLTB_MYCTU	45.5	1658	739	19	3132469	3137358	3	1524	0.0	1326
JAIWZO010000002.1	sp|P39812|GLTA_BACSU	45.2	1618	737	20	3132466	3137307	6	1478	0.0	1326
JAIWZO010000002.1	sp|P20054|PYR1_DICDI	48.6	1446	663	19	2143460	2147662	812	2222	0.0	1270
JAIWZO010000002.1	sp|P27708|PYR1_HUMAN	47.5	1456	681	20	2143460	2147665	799	2224	0.0	1239
JAIWZO010000002.1	sp|P08955|PYR1_MESAU	47.6	1456	679	20	2143460	2147665	799	2224	0.0	1239
JAIWZO010000002.1	sp|B2RQC6|PYR1_MOUSE	47.7	1456	678	20	2143460	2147665	799	2224	0.0	1238
JAIWZO010000002.1	sp|Q91437|PYR1_SQUAC	47.1	1466	685	18	2143460	2147665	803	2241	0.0	1238
JAIWZO010000002.1	sp|O93927|FKS1_CRYNH	60.7	976	336	9	3784481	3787399	751	1681	0.0	1191
JAIWZO010000002.1	sp|A2QLK4|FKS1_ASPNC	61.3	977	326	8	3784481	3787390	814	1745	0.0	1186
JAIWZO010000002.1	sp|P05990|PYR1_DROME	47.5	1451	664	24	2143466	2147665	816	2219	0.0	1172
JAIWZO010000002.1	sp|P11442|CLH1_RAT	39.3	1919	812	18	149223	154877	15	1614	0.0	1156
JAIWZO010000002.1	sp|Q68FD5|CLH1_MOUSE	39.3	1919	812	18	149223	154877	15	1614	0.0	1154
JAIWZO010000002.1	sp|P49951|CLH1_BOVIN	39.2	1919	813	18	149223	154877	15	1614	0.0	1153
JAIWZO010000002.1	sp|Q00610|CLH1_HUMAN	39.2	1919	813	18	149223	154877	15	1614	0.0	1153
JAIWZO010000022.1	sp|P0CN25|DPB2_CRYNB	36.8	87	31	1	991	1251	449	511	1.82e-09	65.5
JAIWZO010000022.1	sp|P0CN24|DPB2_CRYNJ	36.8	87	31	1	991	1251	449	511	1.82e-09	65.5
JAIWZO010000003.1	sp|P78615|FAS2_EMEND	57.6	1438	536	17	1790537	1786242	488	1857	0.0	1583
JAIWZO010000003.1	sp|Q9UUG0|FAS1_SCHPO	51.8	1601	659	18	1796979	1792249	558	2069	0.0	1571
JAIWZO010000003.1	sp|Q10289|FAS2_SCHPO	56.4	1438	536	16	1790537	1786242	489	1841	0.0	1568
JAIWZO010000003.1	sp|P34731|FAS1_CANAX	52.0	1579	646	17	1796970	1792255	560	2033	0.0	1568
JAIWZO010000003.1	sp|P34229|FAS1_YARLI	40.1	2324	1065	40	1799022	1792255	15	2079	0.0	1557
JAIWZO010000003.1	sp|P15368|FAS2_PENPA	57.1	1426	531	18	1790537	1786293	484	1839	0.0	1541
JAIWZO010000003.1	sp|G8BAW7|FAS2_CANPC	55.1	1463	556	20	1790537	1786242	491	1883	0.0	1511
JAIWZO010000003.1	sp|P43098|FAS2_CANAX	54.8	1465	557	22	1790537	1786242	492	1884	0.0	1506
JAIWZO010000003.1	sp|P19097|FAS2_YEAST	52.7	1459	595	18	1790537	1786245	493	1884	0.0	1493
JAIWZO010000003.1	sp|Q765N2|FAS2_LACKL	53.6	1460	583	18	1790537	1786242	494	1887	0.0	1488
JAIWZO010000003.1	sp|P07149|FAS1_YEAST	48.7	1582	701	20	1796970	1792240	573	2048	0.0	1474
JAIWZO010000003.1	sp|Q4PFV5|DPOE_USTMA	43.9	1834	839	24	2395210	2389982	553	2287	0.0	1471
JAIWZO010000003.1	sp|P0CN27|DPOE_CRYNB	45.7	1793	847	29	2395210	2389931	550	2249	0.0	1469
JAIWZO010000003.1	sp|P0CN26|DPOE_CRYNJ	45.7	1793	847	29	2395210	2389931	550	2249	0.0	1469
JAIWZO010000003.1	sp|O93845|DPOE_EMENI	44.4	1783	902	25	2395210	2389931	491	2206	0.0	1418
JAIWZO010000003.1	sp|Q4WXH8|DPOE_ASPFU	44.0	1786	901	26	2395210	2389931	518	2229	0.0	1395
JAIWZO010000003.1	sp|Q6BNG2|DPOE_DEBHA	41.8	1782	918	32	2395210	2389946	533	2222	0.0	1313
JAIWZO010000003.1	sp|P87154|DPOE_SCHPO	41.6	1766	939	27	2395210	2389946	508	2192	0.0	1290
JAIWZO010000003.1	sp|Q92215|TOXC_COCCA	43.9	1584	776	19	1796970	1792255	574	2056	0.0	1283
JAIWZO010000003.1	sp|Q9VCN1|DPOE1_DROME	40.4	1792	954	29	2395210	2389961	505	2224	0.0	1219
JAIWZO010000003.1	sp|Q8T683|ABCG9_DICDI	44.4	1482	729	17	422908	418532	39	1448	0.0	1214
JAIWZO010000003.1	sp|P21951|DPOE_YEAST	39.3	1792	954	32	2395210	2389949	522	2217	0.0	1214
JAIWZO010000003.1	sp|Q55GB1|ABCGF_DICDI	44.1	1456	704	22	422803	418532	98	1475	0.0	1186
JAIWZO010000003.1	sp|Q556W2|ABCGH_DICDI	43.0	1497	744	13	422896	418532	47	1476	0.0	1170
JAIWZO010000003.1	sp|Q5AV07|ATNM_EMENI	40.8	1595	819	24	1796958	1792246	611	2104	0.0	1140
JAIWZO010000004.1	sp|O14228|PUR4_SCHPO	55.4	1393	539	21	1396868	1401010	1	1323	0.0	1436
JAIWZO010000004.1	sp|P38972|PUR4_YEAST	54.6	1413	557	22	1396862	1401010	1	1358	0.0	1423
JAIWZO010000004.1	sp|O93927|FKS1_CRYNH	45.1	1845	752	36	1098147	1092835	137	1795	0.0	1420
JAIWZO010000004.1	sp|A2QLK4|FKS1_ASPNC	44.6	1843	763	33	1098153	1092874	179	1846	0.0	1412
JAIWZO010000004.1	sp|O13967|BGS2_SCHPO	43.5	1845	794	31	1098147	1092859	183	1860	0.0	1382
JAIWZO010000004.1	sp|Q8DF81|PUR4_VIBVU	54.1	1389	538	24	1396868	1401010	1	1297	0.0	1378
JAIWZO010000004.1	sp|Q7MN70|PUR4_VIBVY	54.0	1386	537	24	1396868	1401001	1	1294	0.0	1374
JAIWZO010000004.1	sp|Q3IHZ2|PUR4_PSET1	54.3	1387	537	24	1396868	1401010	1	1296	0.0	1370
JAIWZO010000004.1	sp|Q5QWY0|PUR4_IDILO	54.0	1390	535	22	1396868	1401010	1	1295	0.0	1367
JAIWZO010000004.1	sp|Q15R69|PUR4_PSEA6	53.1	1387	552	22	1396868	1401010	1	1295	0.0	1364
JAIWZO010000004.1	sp|Q2SK05|PUR4_HAHCH	53.5	1387	550	22	1396868	1401010	1	1298	0.0	1359
JAIWZO010000004.1	sp|Q47XX7|PUR4_COLP3	52.7	1404	550	25	1396877	1401010	5	1320	0.0	1355
JAIWZO010000004.1	sp|Q4KHS6|PUR4_PSEF5	53.0	1384	560	20	1396868	1401007	1	1297	0.0	1353
JAIWZO010000004.1	sp|Q3KHL4|PUR4_PSEPF	52.7	1388	558	21	1396868	1401007	1	1297	0.0	1353
JAIWZO010000004.1	sp|Q9HXN2|PUR4_PSEAE	53.3	1384	555	20	1396868	1401007	1	1297	0.0	1353
JAIWZO010000004.1	sp|Q7N1Z4|PUR4_PHOLL	53.4	1385	551	24	1396868	1401010	1	1295	0.0	1348
JAIWZO010000004.1	sp|Q88P16|PUR4_PSEPK	53.5	1384	554	20	1396868	1401007	1	1298	0.0	1348
JAIWZO010000004.1	sp|P40989|FKS2_YEAST	43.2	1848	792	32	1098147	1092862	167	1843	0.0	1347
JAIWZO010000004.1	sp|Q9KTN2|PUR4_VIBCH	52.5	1386	564	22	1396868	1401010	1	1297	0.0	1347
JAIWZO010000004.1	sp|Q87RW0|PUR4_VIBPA	53.6	1394	542	26	1396868	1401010	1	1302	0.0	1346
JAIWZO010000004.1	sp|Q4ZX02|PUR4_PSEU2	53.2	1384	557	22	1396868	1401007	1	1297	0.0	1345
JAIWZO010000004.1	sp|Q48LX3|PUR4_PSE14	53.2	1384	557	21	1396868	1401007	1	1297	0.0	1344
JAIWZO010000004.1	sp|Q5E749|PUR4_ALIF1	52.5	1392	561	23	1396868	1401010	1	1303	0.0	1341
JAIWZO010000004.1	sp|Q886W6|PUR4_PSESM	53.0	1384	559	21	1396868	1401007	1	1297	0.0	1340
JAIWZO010000004.1	sp|Q12PR7|PUR4_SHEDO	52.9	1386	555	24	1396868	1401010	1	1293	0.0	1336
JAIWZO010000005.1	sp|Q6P4T2|U520_MOUSE	65.0	1739	599	5	2022752	2017542	400	2131	0.0	2367
JAIWZO010000005.1	sp|O75643|U520_HUMAN	65.0	1739	599	5	2022752	2017542	400	2131	0.0	2366
JAIWZO010000005.1	sp|F1LNJ2|U520_RAT	64.9	1742	599	6	2022752	2017542	400	2134	0.0	2362
JAIWZO010000005.1	sp|Q9VUV9|U520_DROME	62.7	1759	639	6	2022794	2017542	386	2135	0.0	2281
JAIWZO010000005.1	sp|Q9SYP1|DEXHC_ARATH	60.7	1736	666	11	2022734	2017557	431	2160	0.0	2135
JAIWZO010000005.1	sp|O48534|DEXHD_ARATH	59.7	1743	687	11	2022734	2017536	432	2168	0.0	2082
JAIWZO010000005.1	sp|Q9UT24|BRR2_SCHPO	58.5	1750	707	13	2022782	2017551	430	2166	0.0	2041
JAIWZO010000005.1	sp|Q9U2G0|U520_CAEEL	57.2	1737	729	10	2022734	2017551	400	2130	0.0	2014
JAIWZO010000005.1	sp|Q55CI8|HELCL_DICDI	55.1	1749	753	16	2022737	2017566	474	2214	0.0	1914
JAIWZO010000005.1	sp|Q9FNQ1|DEXHE_ARATH	45.6	1722	911	16	2022707	2017578	440	2147	0.0	1526
JAIWZO010000005.1	sp|P32639|BRR2_YEAST	45.4	1759	903	23	2022728	2017557	426	2162	0.0	1520
JAIWZO010000005.1	sp|F1NTD6|ASCC3_CHICK	45.5	1770	901	21	2022692	2017557	425	2188	0.0	1501
JAIWZO010000005.1	sp|E1BNG3|ASCC3_BOVIN	44.0	1780	912	20	2022692	2017557	416	2179	0.0	1471
JAIWZO010000005.1	sp|E9PZJ8|ASCC3_MOUSE	44.1	1770	925	20	2022692	2017557	417	2180	0.0	1461
JAIWZO010000005.1	sp|Q8N3C0|ASCC3_HUMAN	44.0	1776	930	20	2022692	2017539	416	2185	0.0	1460
JAIWZO010000005.1	sp|F1LPQ2|ASCC3_RAT	43.2	1791	932	21	2022707	2017539	412	2185	0.0	1438
JAIWZO010000005.1	sp|Q54G57|ASCC3_DICDI	43.5	1748	918	21	2022671	2017584	428	2158	0.0	1422
JAIWZO010000005.1	sp|E7F8F4|ASCC3_DANRE	44.0	1584	786	13	2022728	2018004	1	1492	0.0	1335
JAIWZO010000005.1	sp|O60072|MUG81_SCHPO	40.9	1764	967	25	2022752	2017596	191	1923	0.0	1272
JAIWZO010000005.1	sp|P53327|SLH1_YEAST	42.7	1573	857	23	2022680	2018049	230	1786	0.0	1229
JAIWZO010000005.1	sp|Q01877|HSP71_PUCGR	79.5	615	118	2	1043922	1042084	1	609	4.76e-310	953
JAIWZO010000005.1	sp|Q96W30|HSP72_PARBA	74.7	660	138	4	1043922	1042012	1	654	1.10e-309	952
JAIWZO010000005.1	sp|P48720|HSP70_BLAEM	75.7	647	138	4	1043913	1042012	9	649	6.92e-308	947
JAIWZO010000005.1	sp|Q5B2V1|HSP70_EMENI	78.5	614	124	3	1043922	1042084	1	607	1.26e-306	943
JAIWZO010000005.1	sp|O59855|HSP72_SCHPO	78.4	616	125	2	1043922	1042081	1	610	1.92e-306	943
JAIWZO010000006.1	sp|Q14204|DYHC1_HUMAN	37.2	4187	2108	62	1000320	1012643	238	3975	0.0	2279
JAIWZO010000006.1	sp|Q9JHU4|DYHC1_MOUSE	37.2	4188	2102	63	1000320	1012643	236	3973	0.0	2274
JAIWZO010000006.1	sp|P38650|DYHC1_RAT	37.2	4183	2106	63	1000320	1012640	236	3972	0.0	2269
JAIWZO010000006.1	sp|P45443|DYHC_NEUCR	37.8	4118	2016	52	1000272	1012361	254	3901	0.0	2262
JAIWZO010000006.1	sp|P45444|DYHC_EMENI	37.6	4237	2001	60	1000287	1012643	250	3967	0.0	2236
JAIWZO010000006.1	sp|P78716|DYHC_FUSVN	37.3	4134	1991	57	1000272	1012361	251	3899	0.0	2177
JAIWZO010000006.1	sp|P37276|DYHC_DROME	35.6	4237	2115	70	1000263	1012643	220	3959	0.0	2112
JAIWZO010000006.1	sp|P34036|DYHC_DICDI	36.1	4043	2039	67	1000938	1012640	424	4062	0.0	2066
JAIWZO010000006.1	sp|Q19020|DYHC_CAEEL	31.2	4227	2274	71	1000269	1012643	218	3923	0.0	1687
JAIWZO010000006.1	sp|Q27171|DYHC_PARTE	29.0	3719	2136	64	1001748	1012640	563	3866	0.0	1384
JAIWZO010000006.1	sp|O75533|SF3B1_HUMAN	55.9	1393	414	21	693725	689856	10	1304	0.0	1308
JAIWZO010000006.1	sp|Q99NB9|SF3B1_MOUSE	55.8	1393	415	21	693725	689856	10	1304	0.0	1307
JAIWZO010000006.1	sp|O57683|SF3B1_XENLA	55.8	1391	421	22	693725	689856	10	1307	0.0	1294
JAIWZO010000006.1	sp|Q10178|SF3B1_SCHPO	55.8	1241	412	13	693563	689883	79	1196	0.0	1207
JAIWZO010000006.1	sp|Q8IBG1|DYHC1_PLAF7	27.1	3860	2286	69	1001748	1012628	616	4182	0.0	1186
JAIWZO010000006.1	sp|Q4P9K9|CHS8_USTMA	36.6	2184	1062	51	888456	882187	19	1974	0.0	1179
JAIWZO010000006.1	sp|J9VNT4|CHS5_CRYNH	39.7	1778	888	34	887913	882748	121	1770	0.0	1119
JAIWZO010000006.1	sp|P40976|LYS2_SCHPO	41.6	1541	719	26	2005491	2009981	7	1410	0.0	1077
JAIWZO010000006.1	sp|P09436|SYIC_YEAST	60.0	861	262	5	167441	164868	65	846	0.0	1057
JAIWZO010000006.1	sp|O13651|SYIC_SCHPO	60.0	858	265	3	167441	164868	60	839	0.0	1055
JAIWZO010000006.1	sp|Q8BU30|SYIC_MOUSE	57.6	860	282	7	167441	164868	66	844	7.97e-319	1006
JAIWZO010000006.1	sp|P41252|SYIC_HUMAN	57.7	860	281	7	167441	164868	66	844	2.39e-318	1004
JAIWZO010000006.1	sp|Q02061|RPB2_SCHPO	50.5	1108	477	5	1520007	1516729	155	1205	1.69e-309	976
JAIWZO010000006.1	sp|O13395|CHS6_USTMA	53.2	930	399	11	885336	882601	59	970	5.39e-305	962
JAIWZO010000006.1	sp|Q54YD4|SYIC_DICDI	55.8	865	290	10	167441	164868	65	844	4.85e-303	952
JAIWZO010000007.1	sp|Q6P2Q9|PRP8_HUMAN	52.3	2491	905	20	716680	709277	52	2282	0.0	2284
JAIWZO010000007.1	sp|Q99PV0|PRP8_MOUSE	52.3	2491	906	20	716680	709277	52	2282	0.0	2284
JAIWZO010000007.1	sp|P34369|PRP8_CAEEL	50.1	2499	952	19	716680	709277	42	2275	0.0	2204
JAIWZO010000007.1	sp|Q9SSD2|PRP8A_ARATH	50.2	2494	953	18	716680	709277	76	2306	0.0	2191
JAIWZO010000007.1	sp|Q9T0I6|PRP8B_ARATH	48.9	2485	1003	17	716680	709277	74	2308	0.0	2112
JAIWZO010000007.1	sp|Q8T295|PRP8_DICDI	47.2	2514	1000	25	716680	709277	39	2270	0.0	2011
JAIWZO010000007.1	sp|O14187|SPP42_SCHPO	45.8	2501	1060	22	716680	709277	73	2310	0.0	1918
JAIWZO010000007.1	sp|P33334|PRP8_YEAST	37.9	2527	1205	28	716662	709280	131	2359	0.0	1506
JAIWZO010000007.1	sp|Q2TCH3|ACLY_SHEEP	58.8	1073	363	11	533148	529954	95	1096	0.0	1212
JAIWZO010000007.1	sp|P53396|ACLY_HUMAN	58.5	1068	374	10	533148	529954	95	1096	0.0	1210
JAIWZO010000007.1	sp|Q32PF2|ACLY_BOVIN	58.9	1065	365	11	533148	529954	95	1086	0.0	1207
JAIWZO010000007.1	sp|Q91V92|ACLY_MOUSE	58.8	1065	366	11	533148	529954	95	1086	0.0	1204
JAIWZO010000007.1	sp|P16638|ACLY_RAT	58.1	1068	378	9	533148	529954	95	1095	0.0	1199
JAIWZO010000007.1	sp|P53585|ACLY_CAEEL	54.2	1070	421	12	533148	529954	94	1099	0.0	1089
JAIWZO010000007.1	sp|Q8X097|ACL1_NEUCR	71.0	656	155	3	531864	529897	49	669	1.74e-303	935
JAIWZO010000007.1	sp|O93988|ACL1_SORMK	70.7	656	157	3	531864	529897	53	673	6.03e-302	931
JAIWZO010000007.1	sp|Q9P7W3|ACL1_SCHPO	68.3	638	169	2	531873	529960	10	614	6.15e-287	885
JAIWZO010000007.1	sp|Q10490|SYLC_SCHPO	54.7	816	318	7	945526	943124	120	898	1.25e-281	891
JAIWZO010000007.1	sp|P26637|SYLC_YEAST	54.3	809	326	10	945526	943130	112	886	9.97e-277	876
JAIWZO010000007.1	sp|P10857|SYLC_NEUCR	54.6	824	318	11	945526	943124	130	920	7.41e-276	875
JAIWZO010000007.1	sp|Q5R614|SYLC_PONAB	50.9	823	349	13	945526	943109	99	883	9.47e-251	805
JAIWZO010000007.1	sp|Q9P2J5|SYLC_HUMAN	50.8	823	350	13	945526	943109	99	883	2.37e-250	803
JAIWZO010000007.1	sp|Q8BMJ2|SYLC_MOUSE	50.1	810	352	10	945526	943142	101	873	8.38e-246	790
JAIWZO010000007.1	sp|F4I116|SYLC_ARATH	49.3	818	359	11	945526	943124	99	877	8.44e-240	769
JAIWZO010000007.1	sp|Q09996|SYLC_CAEEL	49.2	833	357	15	945526	943109	96	889	8.57e-237	764
JAIWZO010000008.1	sp|P23921|RIR1_HUMAN	75.5	748	179	1	621831	624062	43	790	0.0	1170
JAIWZO010000008.1	sp|P07742|RIR1_MOUSE	75.8	748	177	2	621831	624062	43	790	0.0	1167
JAIWZO010000008.1	sp|Q5R919|RIR1_PONAB	75.3	748	181	1	621831	624062	43	790	0.0	1165
JAIWZO010000008.1	sp|P36602|RIR1_SCHPO	73.2	769	181	3	621831	624065	43	810	0.0	1158
JAIWZO010000008.1	sp|P79732|RIR1_DANRE	74.9	750	182	1	621831	624062	43	792	0.0	1151
JAIWZO010000008.1	sp|P48591|RIR1_DROME	71.6	757	202	2	621831	624062	54	810	0.0	1129
JAIWZO010000008.1	sp|Q9UW15|RIR1_NEUCR	74.9	717	179	1	621831	623978	43	759	0.0	1127
JAIWZO010000008.1	sp|P21524|RIR1_YEAST	72.1	736	193	3	621831	624023	43	771	0.0	1108
JAIWZO010000008.1	sp|Q03604|RIR1_CAEEL	71.3	746	208	2	621831	624068	49	788	0.0	1103
JAIWZO010000008.1	sp|P21672|RIR3_YEAST	72.1	717	194	2	621831	623966	43	758	0.0	1092
JAIWZO010000008.1	sp|Q9SJ20|RIR1_ARATH	66.5	772	231	3	621831	624062	43	814	0.0	1063
JAIWZO010000008.1	sp|Q76RD8|RIR1_VACCA	68.6	746	217	4	621831	624068	43	771	0.0	1046
JAIWZO010000008.1	sp|P20503|RIR1_VACCC	68.6	746	217	4	621831	624068	43	771	0.0	1046
JAIWZO010000008.1	sp|P12848|RIR1_VACCW	68.6	746	217	4	621831	624068	43	771	0.0	1045
JAIWZO010000008.1	sp|P0DSV1|RIR1_VAR67	68.2	746	220	4	621831	624068	43	771	0.0	1041
JAIWZO010000008.1	sp|P0DSV2|RIR1_VARV	68.2	746	220	4	621831	624068	43	771	0.0	1041
JAIWZO010000008.1	sp|Q54Q71|RIR1_DICDI	69.0	723	214	3	621831	623969	61	783	0.0	1027
JAIWZO010000008.1	sp|P50648|RIR1_PLAF4	64.6	766	250	5	621831	624068	42	806	0.0	1024
JAIWZO010000008.1	sp|P50647|RIR1_PLAFG	62.5	765	265	7	621831	624068	43	804	2.36e-314	972
JAIWZO010000008.1	sp|O61065|RIR1_CRYPV	62.0	765	269	7	621831	624068	42	803	1.26e-312	967
JAIWZO010000008.1	sp|O15909|RIR1_TRYBB	61.1	742	269	5	621840	624008	51	791	1.33e-295	920
JAIWZO010000008.1	sp|Q12649|HMDH_PHYB8	71.5	730	140	13	1175707	1177824	491	1176	2.25e-287	910
JAIWZO010000008.1	sp|P00365|DHE2_NEUCR	60.0	747	286	5	639166	636944	301	1040	1.20e-280	886
JAIWZO010000008.1	sp|Q8SR37|RIR1_ENCCU	54.2	736	321	6	621831	624035	45	765	5.36e-260	814
JAIWZO010000008.1	sp|Q54VI3|GLUD2_DICDI	55.6	741	311	4	639166	636944	314	1036	1.78e-250	798
JAIWZO010000009.1	sp|O13966|ACON_SCHPO	72.9	782	184	3	500660	498318	28	782	0.0	1153
JAIWZO010000009.1	sp|Q4WLN1|ACON_ASPFU	70.5	803	209	3	500705	498300	11	786	0.0	1150
JAIWZO010000009.1	sp|C8VG90|ACON_EMENI	71.0	778	199	2	500633	498300	33	783	0.0	1136
JAIWZO010000009.1	sp|D4AT77|ACON_ARTBC	70.9	776	199	2	500633	498306	26	774	0.0	1129
JAIWZO010000009.1	sp|P19414|ACON_YEAST	69.0	786	217	2	500669	498315	14	773	0.0	1108
JAIWZO010000009.1	sp|P82611|ACON_CANAL	68.5	775	217	2	500630	498309	28	776	0.0	1097
JAIWZO010000009.1	sp|P49609|ACON_GRAGA	69.8	777	206	3	500639	498315	25	774	0.0	1095
JAIWZO010000009.1	sp|P34455|ACON_CAEEL	68.0	793	225	2	500675	498297	13	776	0.0	1090
JAIWZO010000009.1	sp|Q54XS2|ACON_DICDI	69.8	776	206	3	500627	498303	20	768	0.0	1090
JAIWZO010000009.1	sp|P20004|ACON_BOVIN	68.7	787	220	1	500672	498312	17	777	0.0	1083
JAIWZO010000009.1	sp|Q9ER34|ACON_RAT	68.7	786	220	1	500669	498312	18	777	0.0	1082
JAIWZO010000009.1	sp|Q99KI0|ACON_MOUSE	69.5	773	210	1	500630	498312	31	777	0.0	1080
JAIWZO010000009.1	sp|P16276|ACON_PIG	69.2	773	212	1	500630	498312	31	777	0.0	1076
JAIWZO010000009.1	sp|Q99798|ACON_HUMAN	69.0	773	214	1	500630	498312	31	777	0.0	1072
JAIWZO010000009.1	sp|Q5B6D6|ACON2_EMENI	57.9	737	291	7	500465	498309	61	796	3.26e-269	842
JAIWZO010000009.1	sp|Q4WJ90|ACON2_ASPFU	57.2	738	297	7	500465	498306	61	797	5.12e-265	830
JAIWZO010000009.1	sp|Q9P7D4|ACON2_SCHPO	57.0	741	300	7	500474	498300	57	794	5.82e-265	835
JAIWZO010000009.1	sp|P39533|ACON2_YEAST	56.3	733	298	8	500465	498324	51	780	1.07e-263	825
JAIWZO010000009.1	sp|Q12704|DPOG_SCHPO	45.2	921	457	12	42396	39676	42	928	1.46e-234	751
JAIWZO010000009.1	sp|Q9Y767|DPOG_NEUCR	43.1	945	476	18	42393	39676	60	981	2.71e-226	743
JAIWZO010000009.1	sp|Q01941|DPOG_PICPA	41.9	936	464	15	42396	39676	17	901	2.87e-216	698
JAIWZO010000009.1	sp|P15801|DPOG_YEAST	42.0	929	480	16	42393	39676	40	932	9.67e-213	697
JAIWZO010000009.1	sp|O42893|TREA_SCHPO	59.3	509	205	1	78807	77281	132	638	2.00e-196	629
JAIWZO010000009.1	sp|Q91684|DPOG1_XENLA	36.1	1128	472	18	42393	39676	44	1144	1.05e-193	639
JAIWZO010000009.1	sp|O42783|TREB_NEUCR	56.6	519	212	3	78807	77284	134	650	8.08e-191	613
