JALIGY010000001.1	sp|O30409|TYCC_BREPA	26.8	3387	2135	70	2598294	2608268	6	3111	1.21e-285	992
JALIGY010000001.1	sp|P0C064|GRSB_BREBE	26.2	3433	2131	67	2598294	2608313	8	3129	1.26e-275	954
JALIGY010000001.1	sp|P0C063|GRSB_ANEMI	26.2	3435	2131	69	2598294	2608313	8	3130	2.18e-272	944
JALIGY010000001.1	sp|Q70LM4|LGRD_BREPA	36.1	1616	913	32	2604597	2609381	3494	5011	2.47e-271	943
JALIGY010000001.1	sp|Q70LM5|LGRC_BREPA	26.2	3885	2204	89	2598024	2608268	3585	7270	1.68e-268	936
JALIGY010000001.1	sp|Q70LM6|LGRB_BREPA	26.4	3895	2192	101	2598024	2608289	991	4679	1.29e-260	908
JALIGY010000001.1	sp|P30594|CHS1_RHIOL	55.2	756	320	7	1750892	1753138	115	858	4.77e-254	802
JALIGY010000001.1	sp|P30595|CHS2_RHIOL	55.2	756	306	9	1750910	1753138	123	858	4.11e-253	800
JALIGY010000001.1	sp|P87073|CHS1_PHYB8	54.8	759	316	10	1750892	1753138	100	841	5.05e-250	790
JALIGY010000001.1	sp|Q12632|CHS1_MUCCL	54.2	753	313	9	1750916	1753123	109	846	2.96e-248	785
JALIGY010000001.1	sp|P39730|IF2P_YEAST	65.4	598	203	3	693979	695769	402	996	6.12e-248	791
JALIGY010000001.1	sp|Q10251|IF2P_SCHPO	64.2	604	210	4	693970	695778	478	1076	2.17e-247	792
JALIGY010000001.1	sp|P30599|CHS2_USTMA	55.3	769	297	15	1750898	1753138	330	1073	2.16e-246	789
JALIGY010000001.1	sp|J9VQ06|CHS2_CRYNH	54.6	744	323	8	1750910	1753129	207	939	6.28e-243	774
JALIGY010000001.1	sp|G0S8G9|IF2P_CHATD	64.1	601	210	3	693976	695778	519	1113	9.43e-243	780
JALIGY010000001.1	sp|J9VGT6|CHS8_CRYNH	53.8	753	307	10	1750910	1753138	310	1031	1.01e-234	754
JALIGY010000001.1	sp|P30597|CHS1_SCHPO	50.5	753	351	8	1750898	1753138	122	858	1.64e-230	734
JALIGY010000001.1	sp|P30584|CHSA_EMENI	50.7	756	342	8	1750910	1753168	228	955	2.16e-227	732
JALIGY010000001.1	sp|Q99127|CHS4_USTMA	51.8	761	321	11	1750892	1753138	215	941	3.48e-227	728
JALIGY010000001.1	sp|Q99126|CHS3_USTMA	52.0	757	317	13	1750907	1753138	306	1029	3.58e-227	732
JALIGY010000001.1	sp|P30589|CHS2_NEUCR	52.1	762	327	11	1750910	1753171	328	1059	7.51e-226	731
JALIGY010000001.1	sp|O68006|BACA_BACLI	25.5	3005	1797	59	2599596	2608280	19	2691	1.66e-224	789
JALIGY010000001.1	sp|P38681|NIR_NEUCR	49.4	793	319	14	2737298	2739571	28	773	2.75e-222	723
JALIGY010000001.1	sp|Q92444|CHS2_PARBR	49.6	770	347	12	1750910	1753195	245	981	5.42e-221	714
JALIGY010000001.1	sp|Q12564|CHSA_AMPQU	51.2	760	334	13	1750898	1753132	162	899	7.76e-221	709
JALIGY010000002.1	sp|O93937|PYR1_EMENI	62.4	2124	657	15	1412101	1405880	240	2272	0.0	2543
JALIGY010000002.1	sp|Q09794|PYR1_SCHPO	61.5	2129	708	20	1412230	1405880	208	2236	0.0	2476
JALIGY010000002.1	sp|P07259|PYR1_YEAST	60.8	2095	716	20	1412101	1405880	199	2209	0.0	2413
JALIGY010000002.1	sp|P20054|PYR1_DICDI	53.2	2069	853	27	1411900	1405880	205	2220	0.0	2026
JALIGY010000002.1	sp|Q91437|PYR1_SQUAC	51.0	2163	885	28	1412101	1405880	162	2238	0.0	1976
JALIGY010000002.1	sp|B2RQC6|PYR1_MOUSE	51.6	2090	875	31	1411900	1405880	186	2221	0.0	1937
JALIGY010000002.1	sp|P27708|PYR1_HUMAN	50.8	2087	912	26	1411927	1405880	179	2221	0.0	1935
JALIGY010000002.1	sp|P08955|PYR1_MESAU	51.6	2084	884	31	1411900	1405880	186	2221	0.0	1929
JALIGY010000002.1	sp|Q6P2Q9|PRP8_HUMAN	50.2	2252	630	30	767439	760795	537	2334	0.0	1916
JALIGY010000002.1	sp|Q99PV0|PRP8_MOUSE	50.1	2252	631	30	767439	760795	537	2334	0.0	1916
JALIGY010000002.1	sp|P05990|PYR1_DROME	50.2	2086	915	27	1411954	1405880	194	2216	0.0	1913
JALIGY010000002.1	sp|P34369|PRP8_CAEEL	48.0	2251	684	29	767439	760795	529	2328	0.0	1837
JALIGY010000002.1	sp|Q9SSD2|PRP8A_ARATH	47.6	2259	680	31	767439	760795	560	2358	0.0	1831
JALIGY010000002.1	sp|Q18990|PYR1_CAEEL	48.9	2066	932	28	1411900	1405883	189	2191	0.0	1795
JALIGY010000002.1	sp|P78820|ACAC_SCHPO	49.9	2024	682	26	584265	590195	37	1775	0.0	1795
JALIGY010000002.1	sp|Q9T0I6|PRP8B_ARATH	46.3	2242	731	27	767439	760795	562	2358	0.0	1756
JALIGY010000002.1	sp|Q8T295|PRP8_DICDI	45.6	2274	706	36	767439	760792	526	2327	0.0	1701
JALIGY010000002.1	sp|Q00955|ACAC_YEAST	48.0	2004	742	23	584232	590195	16	1734	0.0	1690
JALIGY010000002.1	sp|O14187|SPP42_SCHPO	44.4	2259	757	33	767439	760795	560	2362	0.0	1603
JALIGY010000002.1	sp|P11029|ACAC_CHICK	41.1	2004	825	34	584328	590195	107	1803	0.0	1385
JALIGY010000002.1	sp|Q13085|ACACA_HUMAN	40.8	2026	823	36	584328	590195	107	1826	0.0	1375
JALIGY010000002.1	sp|Q5SWU9|ACACA_MOUSE	40.6	2026	827	35	584328	590195	106	1825	0.0	1373
JALIGY010000002.1	sp|P11497|ACACA_RAT	40.5	2026	829	35	584328	590195	106	1825	0.0	1373
JALIGY010000002.1	sp|Q9TTS3|ACACA_BOVIN	40.8	2023	828	35	584328	590195	107	1826	0.0	1370
JALIGY010000002.1	sp|Q28559|ACACA_SHEEP	40.8	2026	824	36	584328	590195	107	1826	0.0	1368
JALIGY010000003.1	sp|Q99315|YG31B_YEAST	37.4	687	405	9	10580	12592	639	1316	1.73e-119	422
JALIGY010000003.1	sp|Q7LHG5|YI31B_YEAST	37.4	687	405	9	10580	12592	665	1342	2.88e-119	421
JALIGY010000003.1	sp|P0CT41|TF212_SCHPO	33.0	682	442	6	10577	12592	454	1130	1.05e-112	398
JALIGY010000003.1	sp|P0CT34|TF21_SCHPO	33.0	682	442	6	10577	12592	454	1130	1.05e-112	398
JALIGY010000003.1	sp|P0CT35|TF22_SCHPO	33.0	682	442	6	10577	12592	454	1130	1.05e-112	398
JALIGY010000003.1	sp|P0CT36|TF23_SCHPO	33.0	682	442	6	10577	12592	454	1130	1.05e-112	398
JALIGY010000003.1	sp|P0CT37|TF24_SCHPO	33.0	682	442	6	10577	12592	454	1130	1.05e-112	398
JALIGY010000003.1	sp|P0CT38|TF25_SCHPO	33.0	682	442	6	10577	12592	454	1130	1.05e-112	398
JALIGY010000003.1	sp|P0CT39|TF26_SCHPO	33.0	682	442	6	10577	12592	454	1130	1.05e-112	398
JALIGY010000003.1	sp|P0CT40|TF29_SCHPO	33.0	682	442	6	10577	12592	454	1130	1.05e-112	398
JALIGY010000003.1	sp|Q9UR07|TF211_SCHPO	33.0	682	442	6	10577	12592	454	1130	3.40e-112	396
JALIGY010000003.1	sp|P0CT42|TF27_SCHPO	33.0	682	442	6	10577	12592	454	1130	3.40e-112	396
JALIGY010000003.1	sp|P0CT43|TF28_SCHPO	33.0	682	442	6	10577	12592	454	1130	3.40e-112	396
JALIGY010000003.1	sp|P04323|POL3_DROME	41.1	377	212	4	10583	11698	252	623	6.32e-78	287
JALIGY010000003.1	sp|P20825|POL2_DROME	39.3	366	216	2	10604	11698	262	622	2.91e-71	266
JALIGY010000003.1	sp|Q8I7P9|POL5_DROME	35.8	397	235	4	10604	11758	179	567	2.05e-63	241
JALIGY010000003.1	sp|P10401|POLY_DROME	27.3	739	453	21	10604	12622	238	958	1.00e-57	224
JALIGY010000003.1	sp|P10394|POL4_DROME	34.5	365	238	1	10604	11698	371	734	7.59e-55	216
JALIGY010000003.1	sp|P03555|POL_CAMVC	32.9	383	244	8	10580	11698	293	672	3.59e-49	192
JALIGY010000003.1	sp|Q02964|POL_CAMVE	32.9	383	244	8	10580	11698	293	672	3.59e-49	192
JALIGY010000003.1	sp|P03554|POL_CAMVS	32.6	383	245	8	10580	11698	293	672	1.16e-48	191
JALIGY010000003.1	sp|Q00962|POL_CAMVN	32.5	378	242	8	10595	11698	299	673	3.81e-48	189
JALIGY010000003.1	sp|P03556|POL_CAMVD	32.4	383	246	8	10580	11698	288	667	6.27e-48	189
JALIGY010000003.1	sp|P09523|POL_FMVD	30.2	378	258	3	10580	11698	286	662	1.05e-46	185
JALIGY010000003.1	sp|P05400|POL_CERV	31.4	379	249	6	10580	11692	275	650	1.27e-46	184
JALIGY010000004.1	sp|Q70LM4|LGRD_BREPA	30.8	2958	1386	53	500107	492728	918	3711	0.0	1221
JALIGY010000004.1	sp|O30409|TYCC_BREPA	33.4	2518	1405	52	500164	492755	1940	4230	0.0	1171
JALIGY010000004.1	sp|O30408|TYCB_BREPA	32.9	2507	1380	53	500131	492776	921	3181	0.0	1134
JALIGY010000004.1	sp|P27206|SRFAA_BACSU	31.2	2497	1446	54	500152	492776	913	3180	0.0	1095
JALIGY010000004.1	sp|Q4P9K9|CHS8_USTMA	38.4	1804	930	29	595282	600597	107	1761	7.90e-315	1021
JALIGY010000004.1	sp|J9VNT4|CHS5_CRYNH	37.8	1819	892	40	595276	600588	119	1746	2.32e-294	958
JALIGY010000004.1	sp|P45745|DHBF_BACSU	38.3	1578	803	27	483208	478652	912	2378	1.85e-285	946
JALIGY010000004.1	sp|P94459|PPSD_BACSU	31.7	2268	1302	48	500131	493496	916	2990	1.74e-284	970
JALIGY010000004.1	sp|Q70LM5|LGRC_BREPA	22.7	7450	4111	179	500137	479432	923	7267	4.68e-284	985
JALIGY010000004.1	sp|O14134|ELF1_SCHPO	54.8	872	346	10	63518	66043	195	1048	9.01e-273	863
JALIGY010000004.1	sp|Q08972|NEW1_YEAST	51.8	869	389	6	63518	66046	325	1189	1.25e-259	830
JALIGY010000004.1	sp|P30594|CHS1_RHIOL	55.0	756	319	7	647712	649958	117	858	7.26e-259	814
JALIGY010000004.1	sp|O68008|BACC_BACLI	30.3	2357	1376	60	499696	492758	2546	4687	2.63e-256	892
JALIGY010000004.1	sp|P87073|CHS1_PHYB8	55.7	758	301	11	647724	649958	106	841	3.05e-255	803
JALIGY010000004.1	sp|P42730|CLPB1_ARATH	63.3	673	228	4	209303	207291	208	863	2.46e-254	803
JALIGY010000004.1	sp|P30595|CHS2_RHIOL	55.0	758	306	8	647724	649958	123	858	4.08e-253	798
JALIGY010000004.1	sp|Q6F2Y7|CLPB1_ORYSJ	62.5	680	235	4	209303	207273	210	872	3.04e-249	789
JALIGY010000004.1	sp|P30599|CHS2_USTMA	55.3	760	313	13	647712	649958	330	1073	4.60e-249	795
JALIGY010000004.1	sp|Q12632|CHS1_MUCCL	54.3	755	311	10	647730	649943	109	846	1.59e-248	784
JALIGY010000004.1	sp|J9VQ06|CHS2_CRYNH	54.9	749	320	10	647724	649958	207	941	5.28e-246	781
JALIGY010000004.1	sp|O13395|CHS6_USTMA	63.8	583	207	2	598828	600570	316	896	2.71e-242	780
JALIGY010000004.1	sp|O68006|BACA_BACLI	27.2	2533	1538	60	500164	492758	477	2768	3.56e-239	835
JALIGY010000004.1	sp|P30597|CHS1_SCHPO	51.4	766	326	10	647712	649958	122	858	9.91e-238	753
JALIGY010000004.1	sp|J9VGT6|CHS8_CRYNH	53.3	748	320	8	647724	649958	310	1031	4.62e-234	750
JALIGY010000004.1	sp|Q81TT4|CLPB_BACAN	58.8	670	259	7	209303	207303	210	865	3.21e-233	741
JALIGY010000005.1	sp|O93927|FKS1_CRYNH	61.4	1708	592	12	666559	671637	135	1790	0.0	2123
JALIGY010000005.1	sp|A2QLK4|FKS1_ASPNC	56.6	1821	681	23	666262	671595	93	1846	0.0	1986
JALIGY010000005.1	sp|O74475|BGS4_SCHPO	53.3	1823	731	18	666349	671592	118	1894	0.0	1870
JALIGY010000005.1	sp|P40989|FKS2_YEAST	54.8	1732	697	14	666556	671628	164	1850	0.0	1860
JALIGY010000005.1	sp|P38631|FKS1_YEAST	54.4	1728	714	12	666556	671634	145	1833	0.0	1847
JALIGY010000005.1	sp|O13967|BGS2_SCHPO	54.9	1724	700	14	666559	671619	181	1863	0.0	1814
JALIGY010000005.1	sp|Q10287|BGS1_SCHPO	50.0	1757	785	16	666385	671598	17	1698	0.0	1672
JALIGY010000005.1	sp|Q9P377|BGS3_SCHPO	50.6	1706	757	17	666565	671604	146	1792	0.0	1644
JALIGY010000005.1	sp|Q04952|FKS3_YEAST	49.1	1750	782	18	666565	671589	15	1730	0.0	1600
JALIGY010000005.1	sp|Q70LM5|LGRC_BREPA	29.7	4174	2139	99	1292756	1281873	601	4528	0.0	1462
JALIGY010000005.1	sp|Q70LM6|LGRB_BREPA	28.4	4154	2186	94	1292732	1281879	602	4509	0.0	1340
JALIGY010000005.1	sp|P39986|SPF1_YEAST	53.7	979	416	14	873324	870463	239	1205	1.56e-308	974
JALIGY010000005.1	sp|O14072|ATC4_SCHPO	53.3	978	426	12	873324	870460	239	1208	7.42e-303	957
JALIGY010000005.1	sp|E1BNG3|ASCC3_BOVIN	61.8	778	288	6	1593193	1595511	1048	1821	3.26e-301	989
JALIGY010000005.1	sp|E9PZJ8|ASCC3_MOUSE	61.6	778	290	6	1593193	1595511	1049	1822	5.08e-299	982
JALIGY010000005.1	sp|F1NTD6|ASCC3_CHICK	61.1	778	294	6	1593193	1595511	1057	1830	9.44e-299	982
JALIGY010000005.1	sp|Q8N3C0|ASCC3_HUMAN	61.4	778	291	6	1593193	1595511	1048	1821	3.42e-298	980
JALIGY010000005.1	sp|Q68FD5|CLH1_MOUSE	58.2	818	275	6	594639	592195	899	1652	1.58e-294	951
JALIGY010000005.1	sp|P49951|CLH1_BOVIN	57.3	838	291	6	594639	592132	899	1671	2.15e-294	951
JALIGY010000005.1	sp|Q00610|CLH1_HUMAN	58.1	818	276	6	594639	592195	899	1652	3.94e-294	950
JALIGY010000005.1	sp|E7F8F4|ASCC3_DANRE	60.6	741	283	6	1593304	1595511	647	1383	8.42e-294	944
JALIGY010000005.1	sp|P11442|CLH1_RAT	58.1	818	276	6	594639	592195	899	1652	1.81e-293	948
JALIGY010000005.1	sp|O60072|MUG81_SCHPO	59.5	765	308	2	1593217	1595511	865	1627	2.71e-291	951
JALIGY010000005.1	sp|F1LPQ2|ASCC3_RAT	59.8	778	303	7	1593193	1595511	1049	1821	3.54e-288	950
JALIGY010000005.1	sp|P29742|CLH_DROME	57.0	816	288	4	594639	592195	900	1653	3.68e-286	927
JALIGY010000006.1	sp|O75643|U520_HUMAN	65.5	1170	395	3	531999	535508	563	1723	0.0	1565
JALIGY010000006.1	sp|Q6P4T2|U520_MOUSE	65.4	1170	396	3	531999	535508	563	1723	0.0	1564
JALIGY010000006.1	sp|F1LNJ2|U520_RAT	65.2	1173	396	4	531999	535508	563	1726	0.0	1558
JALIGY010000006.1	sp|Q9VUV9|U520_DROME	62.0	1169	434	3	532002	535508	564	1722	0.0	1509
JALIGY010000006.1	sp|Q9SYP1|DEXHC_ARATH	61.5	1164	438	6	531999	535484	587	1742	0.0	1462
JALIGY010000006.1	sp|O48534|DEXHD_ARATH	60.6	1165	449	6	531996	535484	587	1743	0.0	1416
JALIGY010000006.1	sp|Q9UT24|BRR2_SCHPO	58.3	1170	473	6	532002	535508	603	1758	0.0	1388
JALIGY010000006.1	sp|Q9U2G0|U520_CAEEL	57.0	1177	490	7	531996	535508	556	1722	0.0	1355
JALIGY010000006.1	sp|Q55CI8|HELCL_DICDI	54.4	1184	514	15	531993	535508	633	1802	0.0	1276
JALIGY010000006.1	sp|Q70LM5|LGRC_BREPA	26.6	4313	2367	85	1118313	1107040	3207	7267	0.0	1139
JALIGY010000006.1	sp|F1NTD6|ASCC3_CHICK	48.4	1176	592	8	531996	535508	566	1731	0.0	1132
JALIGY010000006.1	sp|E1BNG3|ASCC3_BOVIN	47.2	1176	606	8	531996	535508	557	1722	0.0	1108
JALIGY010000006.1	sp|E9PZJ8|ASCC3_MOUSE	46.9	1176	609	8	531996	535508	558	1723	0.0	1103
JALIGY010000006.1	sp|Q70LM4|LGRD_BREPA	26.3	4370	2349	89	1118313	1106992	607	4692	0.0	1103
JALIGY010000006.1	sp|Q9FNQ1|DEXHE_ARATH	47.7	1174	601	7	531996	535508	588	1751	0.0	1098
JALIGY010000006.1	sp|Q8N3C0|ASCC3_HUMAN	46.8	1181	613	8	531981	535508	552	1722	0.0	1097
JALIGY010000006.1	sp|F1LPQ2|ASCC3_RAT	46.4	1176	614	9	531996	535508	558	1722	0.0	1083
JALIGY010000006.1	sp|P32639|BRR2_YEAST	46.2	1187	615	12	531969	535508	572	1741	0.0	1056
JALIGY010000006.1	sp|E7F8F4|ASCC3_DANRE	45.4	1175	593	9	531996	535508	155	1284	0.0	1051
JALIGY010000006.1	sp|Q54G57|ASCC3_DICDI	45.7	1175	617	11	531996	535508	564	1721	1.15e-317	1037
JALIGY010000006.1	sp|P36602|RIR1_SCHPO	75.4	602	148	0	2298196	2296391	92	693	1.23e-316	980
JALIGY010000006.1	sp|O13395|CHS6_USTMA	54.1	947	398	13	49083	46270	59	977	2.62e-313	986
JALIGY010000006.1	sp|P07742|RIR1_MOUSE	76.7	601	139	1	2298196	2296397	92	692	6.45e-313	968
JALIGY010000006.1	sp|Q9UW15|RIR1_NEUCR	76.4	602	140	1	2298196	2296397	92	693	8.70e-313	974
JALIGY010000006.1	sp|P23921|RIR1_HUMAN	76.7	601	139	1	2298196	2296397	92	692	3.02e-312	966
JALIGY010000007.1	sp|O14228|PUR4_SCHPO	61.9	1067	387	10	329338	326147	151	1201	0.0	1274
JALIGY010000007.1	sp|P0CM23|ARO1_CRYNB	51.0	1371	614	21	528520	524501	233	1576	0.0	1253
JALIGY010000007.1	sp|P0CM22|ARO1_CRYNJ	51.0	1371	614	21	528520	524501	233	1576	0.0	1253
JALIGY010000007.1	sp|Q8J294|ARO1_THACU	50.5	1383	611	21	528529	524501	233	1581	0.0	1248
JALIGY010000007.1	sp|Q9P7R0|ARO1_SCHPO	50.1	1338	624	17	528484	524501	238	1542	0.0	1228
JALIGY010000007.1	sp|A4RD09|ARO1_MAGO7	50.4	1352	603	26	528496	524501	250	1553	0.0	1212
JALIGY010000007.1	sp|B0D6H2|ARO1_LACBS	50.2	1367	615	21	528520	524501	232	1559	0.0	1212
JALIGY010000007.1	sp|B6JVD0|ARO1_SCHJY	49.1	1351	627	21	528490	524501	236	1546	0.0	1209
JALIGY010000007.1	sp|C5PA86|ARO1_COCP7	49.2	1359	618	20	528490	524501	236	1551	0.0	1207
JALIGY010000007.1	sp|Q3KHL4|PUR4_PSEPF	59.3	1064	394	12	329338	326156	153	1180	0.0	1206
JALIGY010000007.1	sp|Q3IHZ2|PUR4_PSET1	60.2	1042	384	11	329275	326156	166	1178	0.0	1206
JALIGY010000007.1	sp|B6HAA7|ARO1_PENRW	49.4	1354	621	20	528490	524501	236	1549	0.0	1204
JALIGY010000007.1	sp|Q7MN70|PUR4_VIBVY	58.7	1059	401	10	329338	326162	155	1177	0.0	1202
JALIGY010000007.1	sp|Q8DF81|PUR4_VIBVU	58.6	1059	402	10	329338	326162	155	1177	0.0	1201
JALIGY010000007.1	sp|Q4ZX02|PUR4_PSEU2	58.9	1064	398	12	329338	326156	153	1180	0.0	1201
JALIGY010000007.1	sp|Q4KHS6|PUR4_PSEF5	58.7	1064	400	12	329338	326156	153	1180	0.0	1200
JALIGY010000007.1	sp|Q886W6|PUR4_PSESM	59.0	1064	397	12	329338	326156	153	1180	0.0	1200
JALIGY010000007.1	sp|A1CP85|ARO1_ASPCL	49.8	1357	609	22	528490	524501	236	1547	0.0	1199
JALIGY010000007.1	sp|Q48LX3|PUR4_PSE14	58.9	1064	398	12	329338	326156	153	1180	0.0	1199
JALIGY010000007.1	sp|Q47XX7|PUR4_COLP3	59.3	1057	382	13	329266	326156	174	1202	0.0	1198
JALIGY010000007.1	sp|C5JKE6|ARO1_BLAGS	49.4	1359	621	24	528490	524501	236	1556	0.0	1196
JALIGY010000007.1	sp|A8NMB4|ARO1_COPC7	49.3	1438	599	32	528520	524501	236	1641	0.0	1194
JALIGY010000007.1	sp|C5G8R4|ARO1_AJEDR	49.4	1359	621	24	528490	524501	236	1556	0.0	1193
JALIGY010000007.1	sp|Q8X071|ARO1_NEUCR	49.7	1348	614	22	528496	524501	232	1531	0.0	1192
JALIGY010000007.1	sp|Q88P16|PUR4_PSEPK	58.9	1063	397	11	329338	326162	153	1179	0.0	1192
JALIGY010000008.1	sp|Q54YZ9|DHKJ_DICDI	52.9	1801	668	19	1580907	1575586	201	1847	0.0	1610
JALIGY010000008.1	sp|Q54KM7|GCSP_DICDI	62.2	751	277	6	1852213	1849967	249	994	1.10e-301	945
JALIGY010000008.1	sp|Q91W43|GCSP_MOUSE	45.6	1156	417	19	1853419	1849967	66	1014	2.09e-294	925
JALIGY010000008.1	sp|Q8YNF9|GCSP_NOSS1	45.5	1158	418	18	1853422	1849970	31	982	1.98e-293	920
JALIGY010000008.1	sp|P15505|GCSP_CHICK	44.8	1156	420	18	1853419	1849967	51	993	1.90e-292	919
JALIGY010000008.1	sp|O49954|GCSP_SOLTU	45.1	1183	430	20	1853482	1849973	51	1026	1.38e-291	917
JALIGY010000008.1	sp|B2J427|GCSP_NOSP7	59.7	759	290	7	1852222	1849970	227	977	4.41e-291	914
JALIGY010000008.1	sp|Q3M9G1|GCSP_TRIV2	45.4	1154	416	17	1853422	1849970	31	973	5.05e-291	913
JALIGY010000008.1	sp|Q8F937|GCSP_LEPIN	45.1	1154	423	16	1853425	1849967	20	964	1.67e-290	911
JALIGY010000008.1	sp|Q72VI8|GCSP_LEPIC	45.1	1154	423	16	1853425	1849967	20	964	3.08e-290	910
JALIGY010000008.1	sp|Q04PM7|GCSP_LEPBJ	44.6	1159	432	15	1853440	1849967	15	964	4.19e-290	910
JALIGY010000008.1	sp|Q055P8|GCSP_LEPBL	44.6	1159	432	15	1853440	1849967	15	964	4.19e-290	910
JALIGY010000008.1	sp|P26969|GCSP_PEA	45.3	1161	420	19	1853431	1849976	92	1046	1.17e-289	913
JALIGY010000008.1	sp|O80988|GCSP2_ARATH	44.8	1180	432	20	1853470	1849967	65	1037	2.59e-287	905
JALIGY010000008.1	sp|Q94B78|GCSP1_ARATH	45.5	1162	415	20	1853425	1849973	75	1029	2.78e-287	905
JALIGY010000008.1	sp|P49362|GCSPB_FLAPR	44.6	1166	428	19	1853431	1849967	69	1027	1.17e-286	903
JALIGY010000008.1	sp|O49850|GCSP_FLAAN	44.6	1166	428	19	1853431	1849967	69	1027	2.16e-286	902
JALIGY010000008.1	sp|O49852|GCSP_FLATR	44.5	1166	429	19	1853431	1849967	69	1027	1.01e-285	900
JALIGY010000008.1	sp|P49361|GCSPA_FLAPR	44.5	1166	429	19	1853431	1849967	72	1030	2.06e-285	900
JALIGY010000008.1	sp|Q2KYL7|GCSP_BORA1	45.6	1159	413	20	1853422	1849970	5	954	5.03e-285	895
JALIGY010000008.1	sp|Q3IFW1|GCSP_PSET1	44.7	1151	429	17	1853413	1849970	16	961	4.20e-284	893
JALIGY010000008.1	sp|Q9RTF5|GCSP_DEIRA	45.4	1151	408	21	1853413	1849970	14	946	6.53e-284	892
JALIGY010000008.1	sp|A9I7K9|GCSP_BORPD	44.7	1159	429	18	1853431	1849970	5	956	1.17e-283	891
JALIGY010000008.1	sp|P23378|GCSP_HUMAN	57.8	754	303	7	1852213	1849967	266	1009	2.16e-283	893
JALIGY010000008.1	sp|Q887L5|GCSP_PSESM	43.7	1159	441	17	1853440	1849967	4	952	1.69e-282	888
JALIGY010000009.1	sp|Q70LM5|LGRC_BREPA	32.0	3380	1602	56	428913	420412	1005	4233	0.0	1510
JALIGY010000009.1	sp|Q70LM6|LGRB_BREPA	30.9	3331	1680	52	428913	420439	991	4204	0.0	1388
JALIGY010000009.1	sp|Q9Z2Q4|METH_RAT	63.6	988	349	5	164328	161395	267	1253	0.0	1279
JALIGY010000009.1	sp|A6H5Y3|METH_MOUSE	63.8	988	347	5	164328	161395	267	1253	0.0	1271
JALIGY010000009.1	sp|Q99707|METH_HUMAN	62.9	988	356	5	164328	161395	279	1265	0.0	1253
JALIGY010000009.1	sp|Q4JIJ3|METH_BOVIN	62.8	988	357	5	164328	161395	279	1265	0.0	1252
JALIGY010000009.1	sp|Q09582|METH_CAEEL	62.3	980	361	6	164322	161395	274	1249	0.0	1230
JALIGY010000009.1	sp|A8XY95|METH_CAEBR	61.2	1002	357	8	164322	161401	274	1271	0.0	1212
JALIGY010000009.1	sp|Q54P92|METH_DICDI	59.9	982	379	6	164322	161401	280	1254	0.0	1186
JALIGY010000009.1	sp|Q9I2Q2|METH_PSEAE	56.6	976	395	11	164310	161398	283	1234	0.0	1021
JALIGY010000009.1	sp|P23921|RIR1_HUMAN	71.4	590	152	4	1481559	1483301	209	790	8.15e-280	873
JALIGY010000009.1	sp|Q5R919|RIR1_PONAB	71.2	590	153	4	1481559	1483301	209	790	5.19e-279	870
JALIGY010000009.1	sp|P36602|RIR1_SCHPO	68.3	606	156	4	1481571	1483304	213	810	3.57e-276	863
JALIGY010000009.1	sp|Q9UW15|RIR1_NEUCR	75.0	549	128	2	1481571	1483208	213	755	1.19e-274	864
JALIGY010000009.1	sp|P79732|RIR1_DANRE	69.5	591	163	3	1481559	1483301	209	792	1.72e-273	855
JALIGY010000009.1	sp|P34712|PGP1_CAEEL	40.4	1301	688	17	984312	988139	79	1316	3.12e-273	876
JALIGY010000009.1	sp|Q4PE39|SEC23_USTMA	56.5	827	196	11	1592028	1589584	91	765	5.50e-267	835
JALIGY010000009.1	sp|Q96X45|EF2_NEUCR	70.6	575	167	1	885644	887362	270	844	1.24e-265	834
JALIGY010000009.1	sp|O14460|EF2_SCHPO	67.7	598	190	2	885575	887362	246	842	1.58e-265	834
JALIGY010000009.1	sp|O75005|SYV_SCHPO	45.8	1036	414	19	789439	786440	52	976	1.76e-265	840
JALIGY010000009.1	sp|P48591|RIR1_DROME	68.0	594	166	4	1481571	1483301	224	810	4.76e-265	831
JALIGY010000009.1	sp|Q03604|RIR1_CAEEL	69.8	582	161	3	1481571	1483307	219	788	5.15e-265	830
JALIGY010000009.1	sp|Q6CPQ9|EF2_KLULA	69.1	598	182	2	885575	887362	246	842	1.00e-264	832
JALIGY010000009.1	sp|Q875Z2|EF2_NAUCC	69.1	598	182	2	885575	887362	246	842	1.60e-263	828
JALIGY010000009.1	sp|P32324|EF2_YEAST	70.6	575	166	2	885644	887362	269	842	2.96e-263	827
JALIGY010000010.1	sp|Q5A0M4|EF2_CANAL	70.7	866	217	2	1410222	1407628	13	842	0.0	1237
JALIGY010000010.1	sp|C4YJQ8|EF2_CANAW	70.7	866	217	2	1410222	1407628	13	842	0.0	1237
JALIGY010000010.1	sp|Q6CPQ9|EF2_KLULA	70.6	867	216	3	1410222	1407628	13	842	0.0	1236
JALIGY010000010.1	sp|Q875S0|EF2_LACK1	70.6	867	216	3	1410222	1407628	13	842	0.0	1235
JALIGY010000010.1	sp|A5DI11|EF2_PICGU	70.9	866	215	2	1410222	1407628	13	842	0.0	1234
JALIGY010000010.1	sp|P32324|EF2_YEAST	70.4	867	218	3	1410222	1407628	13	842	0.0	1234
JALIGY010000010.1	sp|Q754C8|EF2_ASHGO	70.8	867	214	3	1410222	1407628	13	842	0.0	1233
JALIGY010000010.1	sp|Q875Z2|EF2_NAUCC	70.8	867	214	3	1410222	1407628	13	842	0.0	1226
JALIGY010000010.1	sp|Q6BJ25|EF2_DEBHA	70.2	866	221	2	1410222	1407628	13	842	0.0	1221
JALIGY010000010.1	sp|Q874B9|EF2_PICPA	70.0	866	223	2	1410222	1407628	13	842	0.0	1220
JALIGY010000010.1	sp|O14460|EF2_SCHPO	68.5	870	229	3	1410222	1407628	13	842	0.0	1217
JALIGY010000010.1	sp|Q6FYA7|EF2_CANGA	70.0	867	221	3	1410222	1407628	13	842	0.0	1216
JALIGY010000010.1	sp|Q96X45|EF2_NEUCR	70.2	869	218	5	1410222	1407628	13	844	0.0	1209
JALIGY010000010.1	sp|O30409|TYCC_BREPA	32.1	2857	1662	61	411196	402836	3703	6343	0.0	1185
JALIGY010000010.1	sp|O94313|CARB_SCHPO	67.6	898	216	5	772677	775367	109	932	0.0	1159
JALIGY010000010.1	sp|A0SXL6|EF2_CALJA	64.2	882	263	5	1410222	1407628	13	858	0.0	1137
JALIGY010000010.1	sp|Q3SYU2|EF2_BOVIN	64.2	882	263	5	1410222	1407628	13	858	0.0	1136
JALIGY010000010.1	sp|P13060|EF2_DROME	64.8	873	258	6	1410222	1407628	13	844	0.0	1136
JALIGY010000010.1	sp|P58252|EF2_MOUSE	64.1	882	264	5	1410222	1407628	13	858	0.0	1136
JALIGY010000010.1	sp|P05197|EF2_RAT	64.1	882	264	5	1410222	1407628	13	858	0.0	1136
JALIGY010000010.1	sp|P09445|EF2_CRIGR	64.1	882	264	5	1410222	1407628	13	858	0.0	1135
JALIGY010000010.1	sp|P13639|EF2_HUMAN	63.9	882	265	5	1410222	1407628	13	858	0.0	1134
JALIGY010000010.1	sp|Q5R8Z3|EF2_PONAB	63.9	882	265	5	1410222	1407628	13	858	0.0	1134
JALIGY010000010.1	sp|Q90705|EF2_CHICK	63.9	882	265	5	1410222	1407628	13	858	0.0	1130
JALIGY010000010.1	sp|Q70LM5|LGRC_BREPA	29.6	3150	1605	59	411178	403208	609	3628	0.0	1124
JALIGY010000011.1	sp|Q12649|HMDH_PHYB8	54.0	860	366	5	804907	807450	297	1138	1.23e-264	844
JALIGY010000011.1	sp|Q99LG2|TNPO2_MOUSE	43.9	987	386	11	594016	596973	34	853	2.98e-231	736
JALIGY010000011.1	sp|Q8BFY9|TNPO1_MOUSE	44.1	987	385	10	594016	596973	44	864	1.08e-230	735
JALIGY010000011.1	sp|O14787|TNPO2_HUMAN	42.9	997	391	11	594016	596973	34	863	1.23e-227	726
JALIGY010000011.1	sp|P22189|ATC3_SCHPO	43.8	989	437	14	772784	769986	76	1001	8.23e-226	726
JALIGY010000011.1	sp|P24487|ATPA_SCHPO	76.8	448	104	0	30965	32308	89	536	2.24e-220	689
JALIGY010000011.1	sp|P19483|ATPA_BOVIN	75.0	448	112	0	30965	32308	104	551	4.16e-220	689
JALIGY010000011.1	sp|P80021|ATPA_PIG	74.8	448	113	0	30965	32308	104	551	1.95e-219	687
JALIGY010000011.1	sp|Q03265|ATPA_MOUSE	74.6	448	114	0	30965	32308	104	551	4.91e-219	686
JALIGY010000011.1	sp|Q5R546|ATPA_PONAB	74.8	448	113	0	30965	32308	104	551	4.91e-219	686
JALIGY010000011.1	sp|P37211|ATPA_NEUCR	75.7	448	109	0	30965	32308	102	549	6.22e-219	686
JALIGY010000011.1	sp|P25705|ATPA_HUMAN	74.8	448	113	0	30965	32308	104	551	6.69e-219	686
JALIGY010000011.1	sp|A5A6H5|ATPA_PANTR	74.8	448	113	0	30965	32308	104	551	6.69e-219	686
JALIGY010000011.1	sp|P07251|ATPA_YEAST	76.1	448	107	0	30965	32308	98	545	1.26e-218	685
JALIGY010000011.1	sp|P15999|ATPA_RAT	74.3	448	115	0	30965	32308	104	551	4.27e-218	684
JALIGY010000011.1	sp|Q3SYU7|TNPO1_BOVIN	42.7	987	399	10	594016	596973	44	864	4.39e-217	696
JALIGY010000011.1	sp|Q92973|TNPO1_HUMAN	42.7	987	399	10	594016	596973	44	864	4.39e-217	696
JALIGY010000011.1	sp|C0HK51|ATPA_PICAN	75.2	448	111	0	30965	32308	63	510	3.15e-216	676
JALIGY010000011.1	sp|Q9XXK1|ATPA_CAEEL	74.1	448	116	0	30965	32308	89	536	8.74e-216	676
JALIGY010000011.1	sp|P49375|ATPA_KLULA	74.6	448	114	0	30965	32308	101	548	1.26e-215	676
JALIGY010000011.1	sp|Q6C326|ATPA_YARLI	75.2	448	111	0	30965	32308	87	534	3.30e-214	672
JALIGY010000011.1	sp|B8IN03|ATPA_METNO	73.9	448	117	0	30965	32308	61	508	3.70e-213	667
JALIGY010000011.1	sp|A5V3X3|ATPA_SPHWW	74.8	448	113	0	30965	32308	61	508	5.03e-213	667
JALIGY010000011.1	sp|Q8UC74|ATPA_AGRFC	73.2	448	120	0	30965	32308	61	508	1.10e-211	663
JALIGY010000011.1	sp|C3M9S3|ATPA_SINFN	73.2	448	120	0	30965	32308	61	508	1.10e-211	663
JALIGY010000012.1	sp|Q70LM6|LGRB_BREPA	36.7	1890	1104	30	406378	411972	3182	5003	0.0	1144
JALIGY010000012.1	sp|Q70LM4|LGRD_BREPA	25.6	4973	2588	106	403101	417467	607	4649	0.0	1143
JALIGY010000012.1	sp|P15398|RPA1_SCHPO	54.1	1155	461	18	884943	888344	578	1684	0.0	1141
JALIGY010000012.1	sp|Q70LM5|LGRC_BREPA	43.0	1531	807	21	412941	417479	614	2094	0.0	1110
JALIGY010000012.1	sp|Q02061|RPB2_SCHPO	49.3	1269	450	26	140888	137151	110	1208	0.0	1055
JALIGY010000012.1	sp|P53396|ACLY_HUMAN	62.9	823	285	5	452553	454997	286	1096	0.0	1041
JALIGY010000012.1	sp|Q91V92|ACLY_MOUSE	63.1	815	287	4	452553	454997	286	1086	0.0	1037
JALIGY010000012.1	sp|Q2TCH3|ACLY_SHEEP	62.8	823	286	5	452553	454997	286	1096	0.0	1035
JALIGY010000012.1	sp|Q32PF2|ACLY_BOVIN	63.0	817	284	5	452553	454997	286	1086	0.0	1033
JALIGY010000012.1	sp|P16638|ACLY_RAT	62.6	823	287	6	452553	454997	286	1095	0.0	1028
JALIGY010000012.1	sp|P10964|RPA1_YEAST	49.3	1146	513	13	884964	888353	570	1663	0.0	1027
JALIGY010000012.1	sp|A5DHT2|RPB2_PICGU	47.4	1265	498	25	140888	137148	116	1230	3.26e-315	994
JALIGY010000012.1	sp|Q753Q4|RPB2_ASHGO	45.6	1282	481	25	140888	137148	119	1219	6.03e-312	984
JALIGY010000012.1	sp|P08518|RPB2_YEAST	45.4	1281	483	24	140888	137148	123	1221	6.46e-308	972
JALIGY010000012.1	sp|Q6FLD5|RPB2_CANGA	45.4	1284	480	28	140888	137148	121	1220	4.60e-306	967
JALIGY010000012.1	sp|Q54J75|RPB2_DICDI	45.1	1279	439	25	140888	137157	118	1168	1.09e-304	961
JALIGY010000012.1	sp|Q42877|RPB2_SOLLC	45.6	1264	462	24	140888	137157	120	1177	1.38e-303	958
JALIGY010000012.1	sp|P38420|NRPB2_ARATH	45.4	1262	467	20	140888	137157	121	1178	1.69e-303	958
JALIGY010000012.1	sp|O93988|ACL1_SORMK	75.5	605	147	1	453183	454997	53	656	4.75e-303	934
JALIGY010000012.1	sp|Q8X097|ACL1_NEUCR	75.5	605	147	1	453183	454997	49	652	7.59e-303	933
JALIGY010000012.1	sp|P53585|ACLY_CAEEL	59.4	822	316	7	452553	455009	297	1103	3.83e-296	933
JALIGY010000012.1	sp|Q8CFI7|RPB2_MOUSE	44.7	1275	456	29	140888	137154	119	1174	6.78e-289	915
JALIGY010000012.1	sp|P30876|RPB2_HUMAN	44.6	1275	457	29	140888	137154	119	1174	1.70e-288	914
JALIGY010000012.1	sp|Q9P7W3|ACL1_SCHPO	72.0	604	168	1	453183	454994	13	615	4.84e-288	888
JALIGY010000012.1	sp|P08266|RPB2_DROME	43.6	1283	453	28	140888	137163	120	1173	2.11e-283	899
JALIGY010000013.1	sp|Q27954|COPA_BOVIN	55.3	638	233	9	591005	589104	165	754	1.10e-208	684
JALIGY010000013.1	sp|Q8CIE6|COPA_MOUSE	55.1	637	236	8	591005	589104	165	754	1.49e-208	684
JALIGY010000013.1	sp|P53621|COPA_HUMAN	55.1	637	236	8	591005	589104	165	754	2.02e-208	683
JALIGY010000013.1	sp|Q9SJT9|COPA2_ARATH	52.3	633	256	4	590999	589107	167	755	9.44e-202	664
JALIGY010000013.1	sp|Q94A40|COPA1_ARATH	51.8	633	259	4	590999	589107	167	755	1.58e-199	657
JALIGY010000013.1	sp|Q92442|AGLU_MUCJA	42.0	790	419	13	74319	72034	26	804	4.55e-197	637
JALIGY010000013.1	sp|Q9AUR7|COPA2_ORYSJ	49.8	636	273	4	591005	589104	165	756	3.64e-193	639
JALIGY010000013.1	sp|Q0J3D9|COPA3_ORYSJ	50.2	634	270	4	590999	589104	167	756	6.69e-193	638
JALIGY010000013.1	sp|Q9AUR8|COPA1_ORYSJ	50.0	634	271	4	590999	589104	167	756	1.23e-192	637
JALIGY010000013.1	sp|Q653V7|AGLU_ORYSJ	44.4	777	369	16	74295	72040	34	772	5.54e-192	623
JALIGY010000013.1	sp|Q96WV5|COPA_SCHPO	50.0	636	273	4	591005	589107	167	760	1.56e-183	610
JALIGY010000013.1	sp|Q43763|AGLU_HORVU	43.4	754	365	17	74232	72040	52	766	1.18e-176	578
JALIGY010000013.1	sp|Q9S7Y7|XYL1_ARATH	39.5	838	453	20	74298	71884	33	849	4.70e-168	555
JALIGY010000013.1	sp|O04893|AGLU_SPIOL	38.3	886	451	24	74295	71800	39	882	1.75e-166	550
JALIGY010000013.1	sp|Q6P7A9|LYAG_RAT	39.0	803	423	19	74370	72037	106	866	6.20e-163	541
JALIGY010000013.1	sp|O04931|AGLU_BETVU	39.0	790	407	18	74295	72046	44	798	1.22e-162	539
JALIGY010000013.1	sp|P10253|LYAG_HUMAN	38.9	802	426	21	74370	72034	106	866	1.73e-161	537
JALIGY010000013.1	sp|Q9C0Y4|AGLU_SCHPO	34.9	913	491	20	74475	71992	3	897	9.46e-161	535
JALIGY010000013.1	sp|P53622|COPA_YEAST	45.8	636	297	8	591005	589107	167	757	1.88e-160	542
JALIGY010000013.1	sp|Q5R7A9|LYAG_PONAB	38.7	802	428	21	74370	72034	106	866	4.93e-160	533
JALIGY010000013.1	sp|Q9MYM4|LYAG_BOVIN	38.8	799	426	19	74370	72037	94	850	5.92e-160	532
JALIGY010000013.1	sp|Q0CMA7|AGDC_ASPTN	36.5	819	457	19	74301	71989	27	830	7.91e-159	526
JALIGY010000013.1	sp|P70699|LYAG_MOUSE	38.0	801	434	18	74370	72037	106	866	1.07e-158	529
JALIGY010000013.1	sp|B0XNL6|AGDC_ASPFC	36.5	808	462	19	74301	71992	26	820	1.55e-158	526
JALIGY010000013.1	sp|Q4WRH9|AGDC_ASPFU	36.5	808	462	19	74301	71992	26	820	1.55e-158	526
JALIGY010000014.1	sp|P04323|POL3_DROME	40.5	346	200	3	9960	10994	283	623	2.14e-70	263
JALIGY010000014.1	sp|P20825|POL2_DROME	38.7	346	206	2	9960	10994	282	622	8.54e-65	246
JALIGY010000014.1	sp|P0CT41|TF212_SCHPO	35.5	358	227	2	9960	11021	483	840	1.31e-62	241
JALIGY010000014.1	sp|P0CT34|TF21_SCHPO	35.5	358	227	2	9960	11021	483	840	1.31e-62	241
JALIGY010000014.1	sp|P0CT35|TF22_SCHPO	35.5	358	227	2	9960	11021	483	840	1.31e-62	241
JALIGY010000014.1	sp|P0CT36|TF23_SCHPO	35.5	358	227	2	9960	11021	483	840	1.31e-62	241
JALIGY010000014.1	sp|P0CT37|TF24_SCHPO	35.5	358	227	2	9960	11021	483	840	1.31e-62	241
JALIGY010000014.1	sp|P0CT38|TF25_SCHPO	35.5	358	227	2	9960	11021	483	840	1.31e-62	241
JALIGY010000014.1	sp|P0CT39|TF26_SCHPO	35.5	358	227	2	9960	11021	483	840	1.31e-62	241
JALIGY010000014.1	sp|P0CT40|TF29_SCHPO	35.5	358	227	2	9960	11021	483	840	1.31e-62	241
JALIGY010000014.1	sp|Q9UR07|TF211_SCHPO	35.5	358	227	2	9960	11021	483	840	3.94e-62	240
JALIGY010000014.1	sp|P0CT42|TF27_SCHPO	35.5	358	227	2	9960	11021	483	840	3.94e-62	240
JALIGY010000014.1	sp|P0CT43|TF28_SCHPO	35.5	358	227	2	9960	11021	483	840	3.94e-62	240
JALIGY010000014.1	sp|Q99315|YG31B_YEAST	39.0	346	206	3	9960	10994	667	1008	2.60e-61	238
JALIGY010000014.1	sp|Q7LHG5|YI31B_YEAST	38.7	346	207	3	9960	10994	693	1034	2.11e-60	235
JALIGY010000014.1	sp|Q8I7P9|POL5_DROME	36.2	359	216	3	9960	11000	199	556	4.36e-58	224
JALIGY010000014.1	sp|P10394|POL4_DROME	34.5	345	225	1	9960	10994	391	734	1.91e-50	202
JALIGY010000014.1	sp|P10401|POLY_DROME	33.9	378	225	7	9960	11036	258	629	2.73e-50	200
JALIGY010000014.1	sp|P03555|POL_CAMVC	33.0	355	225	8	9960	10994	321	672	4.40e-44	177
JALIGY010000014.1	sp|Q02964|POL_CAMVE	33.0	355	225	8	9960	10994	321	672	4.40e-44	177
JALIGY010000014.1	sp|P03556|POL_CAMVD	32.7	355	226	8	9960	10994	316	667	9.88e-44	176
JALIGY010000014.1	sp|P03554|POL_CAMVS	32.7	355	226	8	9960	10994	321	672	1.41e-43	175
JALIGY010000014.1	sp|Q00962|POL_CAMVN	32.4	355	227	8	9960	10994	322	673	1.91e-43	175
JALIGY010000014.1	sp|P09523|POL_FMVD	30.0	350	239	3	9960	10994	314	662	2.24e-41	168
JALIGY010000014.1	sp|P05400|POL_CERV	31.3	351	230	6	9960	10988	303	650	1.57e-40	166
JALIGY010000015.1	sp|Q54YZ9|DHKJ_DICDI	55.4	1771	651	16	1227778	1222532	206	1859	0.0	1698
JALIGY010000015.1	sp|Q9P7X8|RPA2_SCHPO	49.6	1400	432	13	3458797	3462858	3	1174	0.0	1276
JALIGY010000015.1	sp|Q75DS1|RPA2_ASHGO	47.9	1406	460	18	3458791	3462861	13	1195	0.0	1169
JALIGY010000015.1	sp|P36594|RPB1_SCHPO	47.1	1473	608	24	2714668	2718984	205	1540	0.0	1153
JALIGY010000015.1	sp|P22138|RPA2_YEAST	46.6	1414	473	19	3458791	3462861	14	1202	0.0	1146
JALIGY010000015.1	sp|O60306|AQR_HUMAN	53.6	1065	428	9	3185373	3182191	339	1341	0.0	1108
JALIGY010000015.1	sp|Q8CFQ3|AQR_MOUSE	53.2	1069	430	9	3185373	3182191	339	1345	0.0	1102
JALIGY010000015.1	sp|O74633|RPA2_NEUCR	44.7	1415	502	20	3458791	3462852	15	1210	0.0	1095
JALIGY010000015.1	sp|P18616|NRPB1_ARATH	44.2	1511	602	25	2714662	2718987	208	1546	0.0	1078
JALIGY010000015.1	sp|P35084|RPB1_DICDI	43.3	1400	624	19	2714650	2718726	198	1468	7.36e-311	1001
JALIGY010000015.1	sp|Q75A34|RPB1_ASHGO	43.4	1395	632	21	2714656	2718741	196	1465	4.04e-308	994
JALIGY010000015.1	sp|P04050|RPB1_YEAST	41.4	1478	697	24	2714650	2718981	193	1535	1.13e-299	969
JALIGY010000015.1	sp|P16356|RPB1_CAEEL	42.0	1488	706	24	2714662	2718987	205	1581	2.31e-294	958
JALIGY010000015.1	sp|P35074|RPB1_CAEBR	43.1	1391	660	18	2714662	2718765	205	1486	9.20e-292	950
JALIGY010000015.1	sp|Q5A599|NIK1_CANAL	50.6	1041	390	9	1225660	1222565	72	997	1.66e-290	917
JALIGY010000015.1	sp|Q4PFV5|DPOE_USTMA	38.2	1515	820	27	2598666	2602997	835	2303	1.19e-284	944
JALIGY010000015.1	sp|P04052|RPB1_DROME	40.2	1505	688	26	2714650	2718987	200	1551	2.03e-282	924
JALIGY010000015.1	sp|A5DCV3|RPB1_PICGU	42.1	1366	505	20	2714656	2718732	200	1286	3.79e-282	912
JALIGY010000015.1	sp|P0CN27|DPOE_CRYNB	37.3	1492	809	28	2598666	2602997	836	2248	6.06e-279	925
JALIGY010000015.1	sp|P0CN26|DPOE_CRYNJ	37.3	1492	809	28	2598666	2602997	836	2248	6.06e-279	925
JALIGY010000015.1	sp|O42820|EF1A_SCHCO	90.7	460	43	0	1265074	1263695	1	460	5.87e-276	847
JALIGY010000015.1	sp|O14134|ELF1_SCHPO	54.9	879	346	10	2068842	2071385	195	1054	3.09e-275	872
JALIGY010000015.1	sp|Q08972|NEW1_YEAST	52.8	875	381	8	2068842	2071385	325	1194	7.13e-269	859
JALIGY010000015.1	sp|Q1DLC7|NTE1_COCIM	38.6	1582	796	34	2030820	2035403	115	1575	1.62e-267	870
JALIGY010000015.1	sp|Q4WXH8|DPOE_ASPFU	35.9	1470	869	26	2598666	2602994	804	2227	1.41e-254	852
JALIGY010000016.1	sp|Q9C102|GLT1_SCHPO	65.7	1404	436	6	1508499	1504294	749	2109	0.0	1840
JALIGY010000016.1	sp|Q03460|GLSN_MEDSA	59.2	1406	517	12	1508499	1504345	793	2162	0.0	1614
JALIGY010000016.1	sp|Q0JKD0|GLT1_ORYSJ	59.5	1410	494	15	1508499	1504336	792	2146	0.0	1601
JALIGY010000016.1	sp|Q0DG35|GLT2_ORYSJ	58.5	1411	512	15	1508499	1504345	799	2161	0.0	1590
JALIGY010000016.1	sp|Q9LV03|GLUT1_ARATH	58.1	1409	531	11	1508499	1504345	811	2183	0.0	1588
JALIGY010000016.1	sp|Q12680|GLT1_YEAST	57.1	1442	543	14	1508499	1504285	735	2138	0.0	1584
JALIGY010000016.1	sp|P55037|GLTB_SYNY3	54.1	848	347	7	1508493	1505956	711	1518	2.18e-260	847
JALIGY010000016.1	sp|P0CG85|UBI1P_NICSY	97.4	420	11	0	1061443	1060184	37	456	1.70e-256	790
JALIGY010000016.1	sp|Q8H159|UBQ10_ARATH	97.4	420	11	0	1061443	1060184	37	456	1.70e-256	790
JALIGY010000016.1	sp|P0CH04|UBI1P_PETCR	97.4	420	11	0	1061443	1060184	37	456	1.77e-256	790
JALIGY010000016.1	sp|P0CH05|UBI2P_PETCR	97.4	420	11	0	1061443	1060184	37	456	1.77e-256	790
JALIGY010000016.1	sp|P42740|UBIQP_AGLNE	96.9	420	13	0	1061443	1060184	37	456	9.48e-255	785
JALIGY010000016.1	sp|P59669|UBIQP_GEOCY	96.2	420	16	0	1061443	1060184	37	456	8.25e-254	783
JALIGY010000016.1	sp|P42739|UBIQP_ACEPE	94.3	420	24	0	1061443	1060184	2	421	9.30e-253	778
JALIGY010000016.1	sp|P0CG68|UBC_PIG	96.4	420	15	0	1061443	1060184	37	456	1.24e-251	780
JALIGY010000016.1	sp|P0CG66|UBC_GORGO	96.4	420	15	0	1061443	1060184	37	456	2.05e-250	780
JALIGY010000016.1	sp|P62976|UBIQP_CRIGR	96.4	420	15	0	1061443	1060184	37	456	1.21e-249	780
JALIGY010000016.1	sp|P0CG48|UBC_HUMAN	96.4	420	15	0	1061443	1060184	265	684	3.21e-249	780
JALIGY010000016.1	sp|P0CH28|UBC_BOVIN	96.4	420	15	0	1061443	1060184	265	684	3.84e-249	780
JALIGY010000016.1	sp|P0CG78|UBIQF_DICDI	95.2	420	20	0	1061443	1060184	37	456	5.99e-249	772
JALIGY010000016.1	sp|P0CG50|UBC_MOUSE	96.4	420	15	0	1061443	1060184	265	684	1.84e-248	780
JALIGY010000016.1	sp|P0CG71|UBIQ1_CAEEL	96.4	420	15	0	1061443	1060184	417	836	3.18e-248	784
JALIGY010000016.1	sp|P0CG64|UBC_PANTR	96.4	420	15	0	1061443	1060184	265	684	4.76e-248	780
JALIGY010000016.1	sp|P0CG61|UBC_PONPY	96.4	420	15	0	1061443	1060184	265	684	4.76e-248	780
JALIGY010000016.1	sp|P0CG69|UBIQP_DROME	96.4	420	15	0	1061443	1060184	265	684	5.11e-248	780
JALIGY010000018.1	sp|Q70LM5|LGRC_BREPA	38.3	2175	1192	39	2281407	2275003	50	2114	0.0	1331
JALIGY010000018.1	sp|Q70LM4|LGRD_BREPA	36.4	2177	1234	35	2281380	2274946	57	2114	0.0	1251
JALIGY010000018.1	sp|Q70LM6|LGRB_BREPA	36.4	2176	1236	37	2281380	2274946	2633	4692	0.0	1246
JALIGY010000018.1	sp|Q14562|DHX8_HUMAN	55.8	1177	394	15	1572559	1569203	21	1129	0.0	1169
JALIGY010000018.1	sp|A2A4P0|DHX8_MOUSE	66.4	872	283	6	1571794	1569203	284	1153	0.0	1159
JALIGY010000018.1	sp|A1Z9L3|DHX8_DROME	66.1	879	283	7	1571806	1569203	276	1150	0.0	1137
JALIGY010000018.1	sp|Q54F05|DHX8_DICDI	64.1	884	305	4	1571809	1569194	192	1075	0.0	1136
JALIGY010000018.1	sp|Q38953|DEAH5_ARATH	65.0	875	293	7	1571788	1569194	211	1082	0.0	1134
JALIGY010000018.1	sp|O42643|PRP22_SCHPO	51.5	1174	479	18	1572559	1569122	3	1114	0.0	1065
JALIGY010000018.1	sp|Q09530|MOG5_CAEEL	60.9	893	324	11	1571824	1569200	220	1105	0.0	1040
JALIGY010000018.1	sp|P22700|ATC1_DROME	57.1	929	333	14	329022	331778	117	989	4.58e-304	953
JALIGY010000018.1	sp|Q292Q0|ATC1_DROPS	56.7	929	336	13	329022	331778	117	989	5.41e-301	944
JALIGY010000018.1	sp|Q7PPA5|ATC1_ANOGA	56.1	935	332	15	329022	331778	116	988	8.10e-300	941
JALIGY010000018.1	sp|Q92105|AT2A1_PELES	55.0	929	358	11	329022	331787	117	992	2.27e-297	933
JALIGY010000018.1	sp|O55143|AT2A2_MOUSE	54.5	935	364	12	329022	331805	117	997	1.26e-296	933
JALIGY010000018.1	sp|Q03669|AT2A2_CHICK	54.8	942	359	14	329022	331808	117	1004	1.55e-296	932
JALIGY010000018.1	sp|O46674|AT2A2_CANLF	54.8	931	360	13	329022	331793	117	993	1.60e-296	931
JALIGY010000018.1	sp|Q64518|AT2A3_MOUSE	54.9	932	354	15	329022	331787	117	992	2.33e-296	930
JALIGY010000018.1	sp|P11507|AT2A2_RAT	54.5	942	362	13	329022	331808	117	1004	3.07e-296	932
JALIGY010000018.1	sp|Q00779|AT2A2_FELCA	54.7	931	361	13	329022	331793	117	993	7.45e-296	929
JALIGY010000018.1	sp|P16615|AT2A2_HUMAN	54.8	931	360	13	329022	331793	117	993	7.47e-296	931
JALIGY010000018.1	sp|P20647|AT2A2_RABIT	54.8	931	360	13	329022	331793	117	993	7.47e-296	931
JALIGY010000018.1	sp|P11607|AT2A2_PIG	54.7	931	361	13	329022	331793	117	993	1.02e-295	930
JALIGY010000018.1	sp|Q9YGL9|AT2A3_CHICK	54.4	932	359	14	329022	331787	117	992	4.36e-294	924
JALIGY010000018.1	sp|P18596|AT2A3_RAT	54.8	932	355	15	329022	331787	117	992	4.36e-294	924
JALIGY010000021.1	sp|Q14204|DYHC1_HUMAN	40.6	4737	2153	71	3165459	3179249	100	4336	0.0	3067
JALIGY010000021.1	sp|Q9JHU4|DYHC1_MOUSE	40.6	4747	2149	70	3165459	3179249	98	4334	0.0	3061
JALIGY010000021.1	sp|P38650|DYHC1_RAT	40.4	4746	2157	71	3165459	3179249	98	4334	0.0	3055
JALIGY010000021.1	sp|P45443|DYHC_NEUCR	39.9	4696	2245	64	3165462	3179252	110	4340	0.0	2967
JALIGY010000021.1	sp|P45444|DYHC_EMENI	40.2	4701	2217	66	3165456	3179252	101	4322	0.0	2944
JALIGY010000021.1	sp|P78716|DYHC_FUSVN	39.6	4699	2260	59	3165456	3179252	105	4326	0.0	2936
JALIGY010000021.1	sp|P37276|DYHC_DROME	39.2	4664	2331	63	3165459	3179249	99	4324	0.0	2915
JALIGY010000021.1	sp|P34036|DYHC_DICDI	38.5	4283	2214	54	3166833	3179252	424	4424	0.0	2643
JALIGY010000021.1	sp|Q19020|DYHC_CAEEL	34.2	4557	2452	59	3165852	3179249	176	4284	0.0	2301
JALIGY010000021.1	sp|Q27171|DYHC_PARTE	32.5	3610	2114	53	3168723	3179231	844	4231	0.0	1738
JALIGY010000021.1	sp|Q8IBG1|DYHC1_PLAF7	27.6	4789	2602	82	3166149	3179240	283	4628	0.0	1659
JALIGY010000021.1	sp|Q9C1M7|DYHC_ASHGO	24.0	4010	2563	59	3167421	3179255	471	4067	0.0	1110
JALIGY010000021.1	sp|O74378|ODO1_SCHPO	62.2	725	268	5	2977370	2979532	287	1009	1.56e-295	928
JALIGY010000021.1	sp|P40976|LYS2_SCHPO	51.1	970	420	15	1042969	1040111	474	1406	6.10e-291	932
JALIGY010000021.1	sp|P20967|ODO1_YEAST	61.2	721	274	5	2977370	2979517	288	1007	4.10e-290	913
JALIGY010000021.1	sp|Q9M2A0|PMA8_ARATH	59.9	779	302	7	2532675	2535005	75	845	1.16e-276	871
JALIGY010000021.1	sp|Q03194|PMA4_NICPL	60.0	780	300	8	2532675	2535005	75	845	1.33e-276	871
JALIGY010000021.1	sp|Q9SH76|PMA6_ARATH	60.5	777	294	7	2532675	2534996	75	841	1.64e-276	871
JALIGY010000021.1	sp|Q9Y7K2|TOR2_SCHPO	54.9	843	330	8	1787371	1784870	1061	1862	6.14e-268	895
JALIGY010000021.1	sp|Q9LY32|PMA7_ARATH	57.3	791	314	8	2532675	2535005	75	855	4.79e-266	841
JALIGY010000021.1	sp|Q43128|PMA10_ARATH	58.9	776	308	8	2532675	2534996	80	846	1.03e-263	834
JALIGY010000021.1	sp|Q6FMI5|LYS2_CANGA	48.1	975	439	17	1042969	1040135	416	1353	4.47e-260	840
JALIGY010000021.1	sp|Q01877|HSP71_PUCGR	87.6	468	58	0	997662	996259	4	471	1.64e-258	806
JALIGY010000021.1	sp|Q5B0C0|HSP7M_EMENI	70.3	586	170	1	1052076	1050331	60	645	5.86e-258	805
JALIGY010000021.1	sp|P07702|LYS2_YEAST	47.8	952	454	17	1042969	1040177	430	1359	6.28e-257	832
JALIGY010000022.1	sp|P34229|FAS1_YARLI	44.7	2216	949	43	230549	224049	92	2079	0.0	1681
JALIGY010000022.1	sp|P34731|FAS1_CANAX	45.3	2112	917	41	230336	224049	144	2033	0.0	1644
JALIGY010000022.1	sp|Q9UUG0|FAS1_SCHPO	44.3	2199	979	42	230561	224049	87	2067	0.0	1635
JALIGY010000022.1	sp|P07149|FAS1_YEAST	41.7	2201	1019	39	230561	224049	79	2045	0.0	1586
JALIGY010000022.1	sp|P78615|FAS2_EMEND	63.5	1218	430	7	221908	218270	488	1695	0.0	1546
JALIGY010000022.1	sp|P15368|FAS2_PENPA	62.3	1239	453	8	221908	218210	484	1714	0.0	1532
JALIGY010000022.1	sp|Q10289|FAS2_SCHPO	63.4	1205	412	8	221917	218309	486	1663	0.0	1503
JALIGY010000022.1	sp|Q765N2|FAS2_LACKL	59.7	1234	467	10	221908	218270	494	1718	0.0	1444
JALIGY010000022.1	sp|P19097|FAS2_YEAST	59.2	1235	473	10	221908	218270	493	1718	0.0	1442
JALIGY010000022.1	sp|G8BAW7|FAS2_CANPC	59.8	1237	459	11	221896	218270	495	1721	0.0	1436
JALIGY010000022.1	sp|P43098|FAS2_CANAX	59.7	1237	461	10	221896	218270	496	1722	0.0	1434
JALIGY010000022.1	sp|Q92215|TOXC_COCCA	37.7	2196	1094	30	230525	224049	99	2056	0.0	1381
JALIGY010000022.1	sp|Q5AV07|ATNM_EMENI	35.2	2200	1164	40	230534	224034	136	2106	0.0	1213
JALIGY010000022.1	sp|Q5AV00|ATNF_EMENI	53.6	1115	478	14	221587	218309	525	1622	0.0	1113
JALIGY010000022.1	sp|Q92620|PRP16_HUMAN	62.3	896	290	6	20483	17805	312	1162	0.0	1104
JALIGY010000022.1	sp|Q17R09|PRP16_BOVIN	61.0	922	311	7	20561	17805	287	1162	0.0	1103
JALIGY010000022.1	sp|Q2TXG3|ORYB_ASPOR	34.4	2133	1131	44	230378	224061	132	2022	0.0	1077
JALIGY010000022.1	sp|F4K2E9|PRP16_ARATH	58.6	914	325	6	20456	17760	333	1208	0.0	1062
JALIGY010000022.1	sp|Q2TXF0|ORYA_ASPOR	51.6	1083	499	11	221545	218315	521	1584	0.0	1055
JALIGY010000022.1	sp|Q9P774|PRP16_SCHPO	58.7	908	323	7	20543	17829	255	1113	0.0	1035
JALIGY010000022.1	sp|P34498|MOG1_CAEEL	57.5	905	332	9	20504	17811	212	1070	0.0	1020
JALIGY010000022.1	sp|I1R9A6|GRA9_GIBZE	49.6	1085	528	10	221497	218267	514	1587	1.83e-316	1012
JALIGY010000022.1	sp|S0DL59|APF5_GIBF5	48.9	1082	528	12	221476	218270	533	1602	9.72e-308	987
JALIGY010000022.1	sp|Q5B7V0|PKIB_EMENI	48.2	1079	521	13	221533	218309	534	1578	8.02e-295	956
JALIGY010000022.1	sp|I1S489|GRA7_GIBZE	31.0	2242	1216	46	230609	224049	87	2053	3.94e-289	949
JALIGY010000023.1	sp|O31787|YMAE_BACSU	41.1	248	133	5	301	1026	4	244	3.17e-59	210
JALIGY010000023.1	sp|Q7LHG5|YI31B_YEAST	47.2	212	110	1	10760	10125	664	873	2.51e-47	192
JALIGY010000023.1	sp|Q99315|YG31B_YEAST	47.2	212	110	1	10760	10125	638	847	2.63e-47	192
JALIGY010000023.1	sp|P04323|POL3_DROME	40.0	230	135	1	10802	10113	243	469	5.29e-47	190
JALIGY010000023.1	sp|Q9UR07|TF211_SCHPO	40.0	240	143	1	9418	8702	891	1130	6.07e-47	191
JALIGY010000023.1	sp|P0CT41|TF212_SCHPO	40.0	240	143	1	9418	8702	891	1130	6.07e-47	191
JALIGY010000023.1	sp|P0CT34|TF21_SCHPO	40.0	240	143	1	9418	8702	891	1130	6.07e-47	191
JALIGY010000023.1	sp|P0CT35|TF22_SCHPO	40.0	240	143	1	9418	8702	891	1130	6.07e-47	191
JALIGY010000023.1	sp|P0CT36|TF23_SCHPO	40.0	240	143	1	9418	8702	891	1130	6.07e-47	191
JALIGY010000023.1	sp|P0CT37|TF24_SCHPO	40.0	240	143	1	9418	8702	891	1130	6.07e-47	191
JALIGY010000023.1	sp|P0CT38|TF25_SCHPO	40.0	240	143	1	9418	8702	891	1130	6.07e-47	191
JALIGY010000023.1	sp|P0CT39|TF26_SCHPO	40.0	240	143	1	9418	8702	891	1130	6.07e-47	191
JALIGY010000023.1	sp|P0CT42|TF27_SCHPO	40.0	240	143	1	9418	8702	891	1130	6.07e-47	191
JALIGY010000023.1	sp|P0CT43|TF28_SCHPO	40.0	240	143	1	9418	8702	891	1130	6.07e-47	191
JALIGY010000023.1	sp|P0CT40|TF29_SCHPO	40.0	240	143	1	9418	8702	891	1130	6.07e-47	191
JALIGY010000023.1	sp|P20825|POL2_DROME	40.4	230	134	1	10802	10113	242	468	3.35e-45	184
JALIGY010000023.1	sp|P10401|POLY_DROME	40.4	203	121	0	10733	10125	238	440	6.25e-41	171
JALIGY010000023.1	sp|P31843|RRPO_OENBE	55.4	121	51	1	10739	10386	5	125	6.27e-36	138
JALIGY010000023.1	sp|Q89703|POL_CSVMV	29.4	228	155	3	10805	10125	242	464	4.97e-28	127
JALIGY010000023.1	sp|P10394|POL4_DROME	30.6	222	152	1	10805	10140	349	568	3.21e-27	126
JALIGY010000023.1	sp|Q91DM0|POLG_PVCV1	31.2	221	150	2	10742	10083	1437	1656	1.07e-23	115
JALIGY010000023.1	sp|Q6XKE6|POLG_PVCV2	31.2	221	150	2	10742	10083	1438	1657	1.07e-23	115
JALIGY010000023.1	sp|P19199|POL_COYMV	28.9	225	150	4	10781	10125	1447	1667	8.71e-23	112
JALIGY010000023.1	sp|Q7TD08|POL_CYLCV	31.9	207	130	7	10733	10137	257	460	1.32e-21	107
JALIGY010000023.1	sp|P23074|POL_SFV1	32.2	211	133	3	10745	10125	209	413	2.55e-20	103
