JALLLU010000001.1	sp|Q10289|FAS2_SCHPO	46.6	1814	837	22	2704567	2709957	142	1840	0.0	1418
JALLLU010000001.1	sp|G8BAW7|FAS2_CANPC	45.7	1875	807	27	2704567	2709960	144	1883	0.0	1408
JALLLU010000001.1	sp|P78615|FAS2_EMEND	45.6	1866	800	25	2704567	2709960	140	1857	0.0	1407
JALLLU010000001.1	sp|P43098|FAS2_CANAX	47.4	1843	823	28	2704567	2709960	143	1884	0.0	1399
JALLLU010000001.1	sp|P15368|FAS2_PENPA	46.4	1794	858	21	2704567	2709909	136	1839	0.0	1380
JALLLU010000001.1	sp|P19097|FAS2_YEAST	43.3	1877	853	21	2704564	2709957	141	1884	0.0	1337
JALLLU010000001.1	sp|Q765N2|FAS2_LACKL	43.3	1868	866	20	2704567	2709960	143	1887	0.0	1312
JALLLU010000001.1	sp|Q4WLN1|ACON_ASPFU	76.6	725	168	2	2225445	2227616	63	786	0.0	1140
JALLLU010000001.1	sp|C8VG90|ACON_EMENI	75.3	724	178	1	2225445	2227616	61	783	0.0	1127
JALLLU010000001.1	sp|D4AT77|ACON_ARTBC	75.2	722	178	1	2225445	2227610	54	774	0.0	1122
JALLLU010000001.1	sp|O13966|ACON_SCHPO	76.2	722	164	3	2225445	2227598	65	782	0.0	1122
JALLLU010000001.1	sp|P19414|ACON_YEAST	73.1	720	193	1	2225445	2227601	54	773	0.0	1100
JALLLU010000001.1	sp|Q54XS2|ACON_DICDI	73.7	727	187	3	2225442	2227613	43	768	0.0	1092
JALLLU010000001.1	sp|P82611|ACON_CANAL	71.6	722	204	1	2225445	2227607	55	776	0.0	1088
JALLLU010000001.1	sp|P49609|ACON_GRAGA	73.0	719	193	1	2225445	2227601	57	774	0.0	1085
JALLLU010000001.1	sp|P34455|ACON_CAEEL	72.4	725	197	1	2225445	2227619	55	776	0.0	1076
JALLLU010000001.1	sp|P28295|EF1A_ABSGL	95.4	458	21	0	1057722	1059095	1	458	4.51e-288	882
JALLLU010000001.1	sp|P00365|DHE2_NEUCR	58.9	764	291	6	85235	82986	286	1040	6.11e-281	888
JALLLU010000001.1	sp|Q9UUG0|FAS1_SCHPO	58.3	818	326	10	2701647	2704082	1265	2073	5.83e-274	905
JALLLU010000001.1	sp|Q2TXF0|ORYA_ASPOR	34.2	1836	961	31	2704567	2709960	148	1774	5.07e-273	892
JALLLU010000001.1	sp|P34229|FAS1_YARLI	56.2	808	341	8	2701650	2704058	1280	2079	4.90e-270	894
JALLLU010000001.1	sp|P39533|ACON2_YEAST	56.9	735	295	8	2225451	2227598	51	782	8.63e-265	830
JALLLU010000001.1	sp|Q9P7D4|ACON2_SCHPO	57.2	741	298	7	2225442	2227616	57	794	1.40e-264	835
JALLLU010000001.1	sp|P34731|FAS1_CANAX	55.9	807	337	7	2701650	2704058	1242	2033	7.01e-264	874
JALLLU010000001.1	sp|P13228|TRP_NEUCR	56.9	749	258	6	2044486	2046702	15	708	4.33e-261	816
JALLLU010000010.1	sp|Q9C102|GLT1_SCHPO	54.5	1501	593	12	941179	936713	286	1708	0.0	1551
JALLLU010000010.1	sp|Q12680|GLT1_YEAST	50.4	1519	626	17	941110	936713	292	1735	0.0	1375
JALLLU010000010.1	sp|Q0JKD0|GLT1_ORYSJ	47.9	1506	662	20	941110	936713	337	1759	0.0	1268
JALLLU010000010.1	sp|Q03460|GLSN_MEDSA	46.4	1541	693	23	941179	936713	318	1777	0.0	1242
JALLLU010000010.1	sp|Q0DG35|GLT2_ORYSJ	47.2	1512	675	23	941110	936713	344	1777	0.0	1237
JALLLU010000010.1	sp|Q9LV03|GLUT1_ARATH	46.3	1519	688	22	941110	936713	354	1798	0.0	1234
JALLLU010000010.1	sp|P53914|NAT10_YEAST	61.7	1005	323	13	843317	846307	68	1018	0.0	1152
JALLLU010000010.1	sp|P87115|NAT10_SCHPO	58.1	996	339	11	843317	846286	68	991	0.0	1087
JALLLU010000010.1	sp|Q01576|ACSA_PHYB8	81.0	627	97	2	442469	444346	57	662	0.0	1066
JALLLU010000010.1	sp|Q9H0A0|NAT10_HUMAN	55.0	1050	377	17	843317	846451	67	1025	0.0	1040
JALLLU010000010.1	sp|Q8K224|NAT10_MOUSE	55.4	1019	363	13	843317	846367	67	996	0.0	1028
JALLLU010000010.1	sp|Q01877|HSP71_PUCGR	83.8	643	98	1	1355339	1357267	12	648	0.0	1005
JALLLU010000010.1	sp|Q96W30|HSP72_PARBA	82.8	646	105	3	1355339	1357267	12	654	0.0	1003
JALLLU010000010.1	sp|P48720|HSP70_BLAEM	81.7	644	106	3	1355339	1357267	17	649	0.0	1000
JALLLU010000010.1	sp|O59855|HSP72_SCHPO	78.2	683	113	2	774246	776294	1	647	0.0	991
JALLLU010000010.1	sp|F5HB71|HSP71_CRYNB	82.0	643	102	3	1355339	1357267	12	640	0.0	989
JALLLU010000010.1	sp|Q5KKP4|HSP71_CRYNJ	82.0	643	102	3	1355339	1357267	12	640	0.0	989
JALLLU010000010.1	sp|O93866|HSP70_TRIRU	81.0	646	117	3	1355339	1357267	12	654	0.0	987
JALLLU010000010.1	sp|Q01233|HSP70_NEUCR	80.6	644	115	3	1355339	1357267	12	646	0.0	986
JALLLU010000010.1	sp|J9VZ70|HSP71_CRYNH	81.6	643	107	3	1355339	1357267	12	643	0.0	986
JALLLU010000010.1	sp|Q10265|HSP71_SCHPO	83.3	605	100	1	1355339	1357153	12	615	0.0	980
JALLLU010000010.1	sp|Q5B2V1|HSP70_EMENI	82.2	606	104	3	1355339	1357153	12	614	3.12e-318	976
JALLLU010000010.1	sp|P40918|HSP70_DAVTA	77.5	644	132	3	1355339	1357267	12	643	1.41e-314	966
JALLLU010000010.1	sp|Q00043|HSP70_AJECA	80.9	645	117	4	1355339	1357267	12	652	7.71e-314	966
JALLLU010000010.1	sp|P09446|HSP1_CAEEL	80.9	606	115	1	1355339	1357153	14	619	2.03e-313	962
JALLLU010000011.1	sp|Q869L3|MDN1_DICDI	44.1	2424	1051	41	43378	49893	223	2599	0.0	1897
JALLLU010000011.1	sp|Q12019|MDN1_YEAST	47.0	2131	976	30	43375	49551	254	2302	0.0	1814
JALLLU010000011.1	sp|O94248|MDN1_SCHPO	46.5	2132	966	35	43318	49494	75	2105	0.0	1715
JALLLU010000011.1	sp|Q9NU22|MDN1_HUMAN	44.5	2283	1089	47	43378	49920	258	2465	0.0	1712
JALLLU010000011.1	sp|A0A1P8AUY4|MDN1_ARATH	41.9	2149	1007	39	43519	49596	346	2377	0.0	1468
JALLLU010000011.1	sp|Q9Y7K2|TOR2_SCHPO	37.2	2618	1264	34	757809	750067	68	2333	0.0	1438
JALLLU010000011.1	sp|Q86C65|TOR_DICDI	36.3	2623	1305	39	757815	750067	81	2376	0.0	1328
JALLLU010000011.1	sp|O14356|TOR1_SCHPO	32.9	2620	1390	29	757839	750067	58	2331	0.0	1227
JALLLU010000011.1	sp|O75533|SF3B1_HUMAN	79.4	822	159	7	1098419	1095969	358	1174	0.0	1192
JALLLU010000011.1	sp|Q99NB9|SF3B1_MOUSE	79.4	822	159	7	1098419	1095969	358	1174	0.0	1192
JALLLU010000011.1	sp|O57683|SF3B1_XENLA	79.3	822	160	7	1098419	1095969	361	1177	0.0	1191
JALLLU010000011.1	sp|Q10178|SF3B1_SCHPO	55.6	1107	421	13	1099256	1096008	1	1060	0.0	1106
JALLLU010000011.1	sp|P42345|MTOR_HUMAN	31.3	2782	1442	50	757896	750067	61	2545	0.0	1094
JALLLU010000011.1	sp|P42346|MTOR_RAT	31.2	2779	1449	49	757896	750067	61	2545	0.0	1094
JALLLU010000011.1	sp|Q9JLN9|MTOR_MOUSE	31.3	2779	1446	50	757896	750067	61	2545	0.0	1093
JALLLU010000011.1	sp|P35169|TOR1_YEAST	31.5	2672	1397	37	757815	750067	140	2466	0.0	1074
JALLLU010000011.1	sp|P32600|TOR2_YEAST	33.1	2443	1256	34	757206	750067	343	2470	0.0	1071
JALLLU010000011.1	sp|P28295|EF1A_ABSGL	95.4	458	21	0	80853	82226	1	458	2.64e-288	881
JALLLU010000011.1	sp|P14864|EF1A2_MUCCL	93.4	458	30	0	80853	82226	1	458	1.00e-281	862
JALLLU010000011.1	sp|P54982|CRTI_PHYB8	69.4	607	152	4	555862	554054	1	577	2.04e-281	867
JALLLU010000011.1	sp|P06805|EF1A1_MUCCL	93.2	458	31	0	80853	82226	1	458	3.46e-281	861
JALLLU010000011.1	sp|P14865|EF1A3_MUCCL	93.4	458	29	1	80853	82226	1	457	9.99e-280	857
JALLLU010000011.1	sp|Q9VK45|TOR_DROME	29.6	2735	1476	49	757893	750067	55	2466	1.19e-278	929
JALLLU010000011.1	sp|Q8T5T1|MDN1_GIAIN	33.1	2164	1196	51	43531	49491	21	2108	7.80e-275	952
JALLLU010000011.1	sp|O42820|EF1A_SCHCO	90.4	459	43	1	80853	82226	1	459	1.08e-272	837
JALLLU010000012.1	sp|B0D6H2|ARO1_LACBS	50.9	1395	608	27	624546	628625	232	1584	0.0	1255
JALLLU010000012.1	sp|B6JVD0|ARO1_SCHJY	49.8	1379	620	21	624576	628625	236	1571	0.0	1241
JALLLU010000012.1	sp|P0CM23|ARO1_CRYNB	50.3	1410	626	26	624546	628649	233	1609	0.0	1230
JALLLU010000012.1	sp|P0CM22|ARO1_CRYNJ	50.3	1410	626	26	624546	628649	233	1609	0.0	1230
JALLLU010000012.1	sp|Q9P7R0|ARO1_SCHPO	49.2	1379	633	20	624582	628643	238	1573	0.0	1230
JALLLU010000012.1	sp|Q8J294|ARO1_THACU	48.4	1411	655	23	624546	628652	236	1615	0.0	1213
JALLLU010000012.1	sp|A8NMB4|ARO1_COPC7	48.3	1465	635	34	624546	628649	236	1674	0.0	1198
JALLLU010000012.1	sp|B8M0U4|ARO1_TALSN	49.3	1364	624	17	624585	628601	239	1559	0.0	1196
JALLLU010000012.1	sp|B6QCA7|ARO12_TALMQ	49.2	1365	627	18	624576	628601	232	1552	0.0	1195
JALLLU010000012.1	sp|B8N4Q9|ARO1_ASPFN	49.0	1380	640	17	624576	628640	236	1576	0.0	1193
JALLLU010000012.1	sp|B6HAA7|ARO1_PENRW	48.5	1361	638	15	624597	628601	243	1566	0.0	1188
JALLLU010000012.1	sp|A1D244|ARO1_NEOFI	48.5	1380	648	17	624576	628640	236	1577	0.0	1188
JALLLU010000012.1	sp|A1CP85|ARO1_ASPCL	48.6	1373	640	17	624576	628607	236	1571	0.0	1184
JALLLU010000012.1	sp|Q02061|RPB2_SCHPO	69.3	845	184	5	645055	642566	421	1205	0.0	1183
JALLLU010000012.1	sp|Q2UCP6|ARO1_ASPOR	49.2	1361	628	17	624576	628583	236	1557	0.0	1182
JALLLU010000012.1	sp|Q4P8F6|ARO1_USTMA	47.3	1458	658	28	624546	628631	263	1705	0.0	1182
JALLLU010000012.1	sp|B6QWH9|ARO11_TALMQ	48.4	1367	636	19	624576	628601	232	1554	0.0	1176
JALLLU010000012.1	sp|Q0D0F3|ARO1_ASPTN	48.5	1367	641	17	624576	628601	236	1564	0.0	1176
JALLLU010000012.1	sp|Q4WS76|ARO1_ASPFU	47.8	1384	645	17	624576	628607	236	1582	0.0	1174
JALLLU010000012.1	sp|B0XRM8|ARO1_ASPFC	47.8	1384	646	17	624576	628607	236	1582	0.0	1173
JALLLU010000012.1	sp|P07547|ARO1_EMENI	48.6	1370	638	17	624576	628601	236	1567	0.0	1171
JALLLU010000012.1	sp|C0NL63|ARO1_AJECG	48.3	1371	645	16	624576	628598	236	1572	0.0	1170
JALLLU010000012.1	sp|C6HCG7|ARO1_AJECH	48.2	1371	646	16	624576	628598	236	1572	0.0	1169
JALLLU010000012.1	sp|C5G8R4|ARO1_AJEDR	48.1	1371	648	16	624576	628598	236	1572	0.0	1166
JALLLU010000012.1	sp|C5JKE6|ARO1_BLAGS	48.1	1371	648	16	624576	628598	236	1572	0.0	1165
JALLLU010000013.1	sp|O94489|EF3_SCHPO	56.8	975	388	13	21305	18453	81	1046	0.0	1010
JALLLU010000013.1	sp|O75005|SYV_SCHPO	58.1	845	265	7	535407	537938	163	919	1.54e-313	978
JALLLU010000013.1	sp|P07806|SYV_YEAST	52.7	932	323	11	535407	538199	214	1028	2.40e-312	979
JALLLU010000013.1	sp|P29551|EF3_PNECA	53.3	974	413	10	21284	18447	83	1042	2.29e-297	934
JALLLU010000013.1	sp|P25997|EF3_CANAL	54.1	937	401	11	21299	18558	81	1011	6.52e-296	930
JALLLU010000013.1	sp|O93796|EF3_CANGA	54.0	937	403	12	21305	18558	76	1005	2.56e-295	928
JALLLU010000013.1	sp|P53978|EF3B_YEAST	53.6	975	422	15	21305	18450	76	1043	3.95e-294	924
JALLLU010000013.1	sp|Q75EV6|EF3_ASHGO	53.0	949	406	12	21305	18540	76	1011	3.98e-292	919
JALLLU010000013.1	sp|P16521|EF3A_YEAST	48.6	1061	451	13	21659	18558	12	1005	3.45e-289	910
JALLLU010000013.1	sp|P40976|LYS2_SCHPO	50.8	957	434	14	90281	93094	472	1410	1.13e-287	921
JALLLU010000013.1	sp|Q9Z1Q9|SYVC_MOUSE	54.2	848	291	12	535407	537926	367	1125	6.03e-278	887
JALLLU010000013.1	sp|Q04462|SYVC_RAT	53.9	848	294	12	535407	537926	368	1126	2.46e-276	882
JALLLU010000013.1	sp|P26640|SYVC_HUMAN	53.9	848	294	12	535407	537926	368	1126	6.16e-276	881
JALLLU010000013.1	sp|O74298|LYS2_PENCH	49.4	956	448	16	90281	93061	443	1391	9.77e-274	880
JALLLU010000013.1	sp|P49696|SYVC_TAKRU	49.8	948	368	15	535407	538190	317	1176	1.18e-273	872
JALLLU010000013.1	sp|Q86KU2|SYVC_DICDI	51.4	842	315	10	535407	537911	175	929	6.79e-269	853
JALLLU010000013.1	sp|P28350|SYV_NEUCR	48.1	932	364	13	535410	538199	204	1017	7.32e-265	842
JALLLU010000013.1	sp|Q9U1Q4|SYV_CAEEL	49.6	855	327	15	535407	537935	151	913	3.87e-258	821
JALLLU010000013.1	sp|P93736|SYVM1_ARATH	50.6	852	328	12	535410	537944	202	967	5.46e-256	817
JALLLU010000013.1	sp|P07702|LYS2_YEAST	46.7	961	463	15	90281	93067	428	1371	7.29e-255	825
JALLLU010000013.1	sp|Q6FMI5|LYS2_CANGA	47.1	958	459	14	90281	93061	414	1354	6.70e-254	821
JALLLU010000013.1	sp|Q75BB3|LYS2_ASHGO	45.0	955	479	13	90281	93061	428	1364	2.86e-247	802
JALLLU010000013.1	sp|P22068|ATPB_SCHPO	83.9	467	74	1	456726	455329	57	523	8.99e-246	762
JALLLU010000013.1	sp|Q6CFT7|ATPB_YARLI	83.9	465	75	0	456726	455332	43	507	1.25e-245	761
JALLLU010000013.1	sp|P49376|ATPB_KLULA	83.9	465	74	1	456726	455332	40	503	9.39e-245	758
JALLLU010000014.1	sp|P38811|TRA1_YEAST	35.5	3164	1795	52	403478	412807	209	3177	0.0	1763
JALLLU010000014.1	sp|Q9HFE8|TRA1_SCHPO	33.1	3431	1778	56	403487	413548	230	3219	0.0	1646
JALLLU010000014.1	sp|Q10064|YAMB_SCHPO	32.6	3136	1731	43	404264	413536	369	3167	0.0	1559
JALLLU010000014.1	sp|Q9Y4A5|TRRAP_HUMAN	30.5	3018	1806	62	404264	412795	372	3271	0.0	1247
JALLLU010000014.1	sp|A0A0R4ITC5|TRRAP_DANRE	31.0	3016	1757	68	404264	412795	372	3235	0.0	1231
JALLLU010000014.1	sp|Q8I8U7|TRA1_DROME	28.2	2994	1810	69	404264	412795	365	3169	0.0	1122
JALLLU010000014.1	sp|J9VXM5|CHS3_CRYNH	48.4	1122	413	20	313707	310399	224	1198	1.84e-302	963
JALLLU010000014.1	sp|P78611|CHSD_EMENI	48.0	1129	430	22	313671	310327	207	1192	3.17e-295	933
JALLLU010000014.1	sp|O13394|CHS5_USTMA	48.5	1101	405	24	313671	310405	351	1301	1.05e-283	916
JALLLU010000014.1	sp|P30573|CHS3_CANAX	47.5	1114	435	24	313692	310405	182	1163	9.16e-282	895
JALLLU010000014.1	sp|Q01285|CHS4_NEUCR	48.0	1108	414	22	313671	310399	231	1193	2.92e-280	892
JALLLU010000014.1	sp|O13353|CHS4_MAGO7	46.7	1116	422	23	313671	310390	227	1191	4.28e-270	862
JALLLU010000014.1	sp|P29465|CHS3_YEAST	45.2	1108	453	23	313692	310411	184	1151	3.50e-268	854
JALLLU010000014.1	sp|J9VQQ3|ATC2_CRYNH	44.6	1145	418	16	31703	28368	211	1172	1.82e-262	847
JALLLU010000014.1	sp|Q9HDW7|ATC2_SCHPO	42.8	1125	446	18	31673	28368	118	1067	2.15e-226	738
JALLLU010000014.1	sp|Q9P4Z1|TOM1_NEUCR	31.8	2620	1269	62	553390	560352	1641	4042	1.20e-217	762
JALLLU010000014.1	sp|P54678|ATC1_DICDI	42.1	968	352	18	31169	28368	102	895	3.15e-197	646
JALLLU010000014.1	sp|O13834|PTR1_SCHPO	42.5	1051	518	18	557245	560352	2214	3193	1.46e-193	680
JALLLU010000014.1	sp|Q05506|SYRC_YEAST	52.8	608	248	6	570964	569183	25	607	1.81e-191	609
JALLLU010000014.1	sp|P38929|ATC2_YEAST	38.1	1189	476	30	31655	28380	5	1030	3.98e-187	619
JALLLU010000014.1	sp|O74781|SYRC_SCHPO	49.8	615	256	7	570949	569183	31	618	8.29e-184	588
JALLLU010000014.1	sp|Q558Z0|SYRC_DICDI	50.2	614	252	4	570937	569183	1	589	2.63e-183	585
JALLLU010000014.1	sp|Q54EW1|GLYC2_DICDI	65.9	419	132	3	531312	530083	63	479	2.05e-182	578
JALLLU010000014.1	sp|P0C7L7|YUM14_USTMA	31.3	1650	804	43	87442	82877	95	1542	3.40e-181	614
JALLLU010000014.1	sp|Q756G2|TOM1_ASHGO	40.8	1005	489	15	557353	560352	2321	3224	2.05e-179	635
JALLLU010000015.1	sp|Q00766|PHS1_DICDI	56.1	806	351	3	580980	578563	40	842	1.22e-297	926
JALLLU010000015.1	sp|P06738|PHSG_YEAST	52.8	892	375	10	581142	578563	23	900	5.08e-297	926
JALLLU010000015.1	sp|P34114|PHS2_DICDI	53.4	814	367	4	580980	578548	110	914	3.92e-276	870
JALLLU010000015.1	sp|P53537|PHSH_VICFA	51.4	788	365	12	580896	578566	57	837	4.20e-249	785
JALLLU010000015.1	sp|O84250|PHSG_CHLTR	48.0	821	411	6	581022	578569	2	809	2.21e-247	779
JALLLU010000015.1	sp|P32811|PHSH_SOLTU	50.5	788	370	11	580893	578569	52	832	1.73e-246	778
JALLLU010000015.1	sp|P22068|ATPB_SCHPO	83.8	468	75	1	521825	520425	56	523	1.00e-245	761
JALLLU010000015.1	sp|Q9SD76|PHS2_ARATH	49.6	791	377	12	580896	578566	54	836	2.25e-245	775
JALLLU010000015.1	sp|Q6CFT7|ATPB_YARLI	84.0	463	74	0	521816	520428	45	507	3.54e-245	759
JALLLU010000015.1	sp|P49376|ATPB_KLULA	84.2	463	72	1	521816	520428	42	503	1.95e-244	757
JALLLU010000015.1	sp|Q9LKJ3|PHSH_WHEAT	49.3	789	380	10	580896	578569	45	826	9.16e-242	764
JALLLU010000015.1	sp|Q9LIB2|PHS1_ARATH	46.9	844	375	11	580896	578566	120	957	1.32e-241	769
JALLLU010000015.1	sp|P00830|ATPB_YEAST	82.3	464	81	1	521819	520428	47	509	5.51e-241	747
JALLLU010000015.1	sp|Q9PKE6|PHSG_CHLMU	46.4	825	426	6	581022	578557	2	813	4.83e-240	758
JALLLU010000015.1	sp|C0HK52|ATPB_PICAN	82.1	463	83	0	521816	520428	12	474	6.10e-240	743
JALLLU010000015.1	sp|P23704|ATPB_NEUCR	82.4	466	81	1	521813	520416	54	518	9.04e-238	738
JALLLU010000015.1	sp|P73511|PHSG_SYNY3	49.2	785	389	6	580905	578563	50	828	5.72e-237	751
JALLLU010000015.1	sp|P27598|PHSL_IPOBA	46.2	862	374	11	580896	578563	96	951	6.66e-237	755
JALLLU010000015.1	sp|Q9XTL9|PYG_DROME	47.9	816	398	11	580968	578563	28	830	1.42e-235	746
JALLLU010000015.1	sp|P53536|PHSL_VICFA	45.1	885	373	12	580896	578563	121	999	2.33e-234	749
JALLLU010000015.1	sp|P04045|PHSL1_SOLTU	45.2	866	379	11	580896	578566	103	961	2.40e-234	748
JALLLU010000015.1	sp|P0AC86|PHSG_ECOLI	47.8	782	388	9	580887	578563	44	812	7.31e-234	740
JALLLU010000015.1	sp|P0AC87|PHSG_SHIFL	47.8	782	388	9	580887	578563	44	812	7.31e-234	740
JALLLU010000015.1	sp|Q9PTY0|ATPB_CYPCA	82.1	464	80	3	521816	520428	55	516	2.33e-233	726
JALLLU010000015.1	sp|Q9Z8N1|PHSG_CHLPN	45.8	813	433	5	580974	578545	15	822	1.59e-232	737
JALLLU010000016.1	sp|Q55DQ2|ABCGB_DICDI	47.3	1311	615	15	271958	268092	68	1324	0.0	1139
JALLLU010000016.1	sp|Q55DR1|ABCGE_DICDI	42.9	1525	727	25	272075	267603	25	1439	0.0	1131
JALLLU010000016.1	sp|Q54CG0|ABCGA_DICDI	45.9	1312	629	13	271955	268113	87	1348	0.0	1114
JALLLU010000016.1	sp|Q8T673|ABCGL_DICDI	46.5	1302	636	13	271958	268092	78	1331	0.0	1112
JALLLU010000016.1	sp|Q8T683|ABCG9_DICDI	45.6	1310	648	13	271970	268092	75	1337	0.0	1105
JALLLU010000016.1	sp|Q8T675|ABCGJ_DICDI	45.7	1301	647	14	271958	268092	78	1331	0.0	1100
JALLLU010000016.1	sp|Q55GB1|ABCGF_DICDI	42.8	1481	724	26	271970	267603	93	1475	0.0	1100
JALLLU010000016.1	sp|Q556W2|ABCGH_DICDI	44.6	1321	660	12	271976	268092	86	1360	0.0	1064
JALLLU010000016.1	sp|P28295|EF1A_ABSGL	95.4	458	21	0	112306	113679	1	458	5.39e-289	882
JALLLU010000016.1	sp|A0A1U8QKX8|ATRB_EMENI	40.4	1315	700	24	271958	268092	48	1304	7.48e-284	909
JALLLU010000016.1	sp|P14864|EF1A2_MUCCL	93.4	458	30	0	112306	113679	1	458	2.05e-282	863
JALLLU010000016.1	sp|P06805|EF1A1_MUCCL	93.2	458	31	0	112306	113679	1	458	7.07e-282	862
JALLLU010000016.1	sp|P14865|EF1A3_MUCCL	93.4	458	29	1	112306	113679	1	457	2.04e-280	858
JALLLU010000016.1	sp|B8NDS8|ATRF_ASPFN	39.5	1404	716	30	272099	268092	50	1388	8.56e-278	896
JALLLU010000016.1	sp|Q4WDD4|ATRF_ASPFU	38.6	1416	730	26	272108	268092	49	1402	1.53e-273	884
JALLLU010000016.1	sp|O42820|EF1A_SCHCO	90.4	459	43	1	112306	113679	1	459	2.20e-273	838
JALLLU010000016.1	sp|A5DPE3|EF1A_PICGU	88.2	458	54	0	112306	113679	1	458	1.39e-268	824
JALLLU010000016.1	sp|Q9HDF6|EF1A_SERIN	88.3	461	51	2	112306	113679	1	461	4.86e-267	820
JALLLU010000016.1	sp|P0CY35|EF1A1_CANAL	87.3	458	58	0	112306	113679	1	458	1.44e-266	818
JALLLU010000016.1	sp|Q59QD6|EF1A2_CANAL	87.3	458	58	0	112306	113679	1	458	1.44e-266	818
JALLLU010000016.1	sp|P0CN31|EF1A_CRYNB	87.1	458	59	0	112306	113679	1	458	7.01e-266	816
JALLLU010000016.1	sp|P0CN30|EF1A_CRYNJ	87.1	458	59	0	112306	113679	1	458	7.01e-266	816
JALLLU010000016.1	sp|P41752|EF1A_ASHGO	87.1	458	59	0	112306	113679	1	458	4.45e-263	808
JALLLU010000016.1	sp|Q01520|EF1A_PODAS	86.7	460	59	2	112306	113679	1	460	8.92e-263	807
JALLLU010000016.1	sp|P41745|EF1A_BLAAD	87.1	459	58	1	112306	113679	1	459	1.17e-262	807
JALLLU010000017.1	sp|P11833|TBB_PARLI	81.9	386	70	0	508597	509754	62	447	9.50e-205	640
JALLLU010000017.1	sp|Q9NFZ6|TBB2_ECHMU	82.0	383	69	0	508597	509745	62	444	3.04e-204	639
JALLLU010000017.1	sp|O17449|TBB1_MANSE	82.3	378	67	0	508597	509730	62	439	5.28e-203	635
JALLLU010000017.1	sp|P08841|TBB3_DROME	81.8	373	68	0	508597	509715	68	440	1.27e-202	634
JALLLU010000017.1	sp|Q2T9S0|TBB3_BOVIN	81.0	384	71	1	508597	509742	62	445	1.49e-202	634
JALLLU010000017.1	sp|Q13509|TBB3_HUMAN	81.0	384	71	1	508597	509742	62	445	1.49e-202	634
JALLLU010000017.1	sp|Q60HC2|TBB3_MACFA	81.0	384	71	1	508597	509742	62	445	1.49e-202	634
JALLLU010000017.1	sp|Q6B856|TBB2B_BOVIN	79.6	398	77	2	508558	509751	52	445	1.69e-202	634
JALLLU010000017.1	sp|Q9BVA1|TBB2B_HUMAN	79.6	398	77	2	508558	509751	52	445	1.69e-202	634
JALLLU010000017.1	sp|Q9CWF2|TBB2B_MOUSE	79.6	398	77	2	508558	509751	52	445	1.69e-202	634
JALLLU010000017.1	sp|Q3KRE8|TBB2B_RAT	79.6	398	77	2	508558	509751	52	445	1.69e-202	634
JALLLU010000017.1	sp|P09653|TBB5_CHICK	81.6	381	68	1	508597	509733	62	442	1.75e-202	634
JALLLU010000017.1	sp|Q27U48|TBB1_GLOMM	81.3	384	72	0	508597	509748	62	445	1.82e-202	634
JALLLU010000017.1	sp|Q24560|TBB1_DROME	83.0	371	63	0	508597	509709	62	432	3.37e-202	633
JALLLU010000017.1	sp|P09652|TBB4_CHICK	80.4	387	74	1	508597	509751	62	448	3.63e-202	633
JALLLU010000017.1	sp|Q9ERD7|TBB3_MOUSE	80.7	384	72	1	508597	509742	62	445	3.76e-202	633
JALLLU010000017.1	sp|Q4QRB4|TBB3_RAT	80.7	384	72	1	508597	509742	62	445	3.76e-202	633
JALLLU010000017.1	sp|P30883|TBB4_XENLA	82.8	372	64	0	508597	509712	62	433	5.81e-202	632
JALLLU010000017.1	sp|P02554|TBB_PIG	79.6	398	77	2	508558	509751	52	445	5.81e-202	632
JALLLU010000017.1	sp|Q3MHM5|TBB4B_BOVIN	82.5	372	65	0	508597	509712	62	433	7.91e-202	632
JALLLU010000017.1	sp|P68371|TBB4B_HUMAN	82.5	372	65	0	508597	509712	62	433	7.91e-202	632
JALLLU010000017.1	sp|P68372|TBB4B_MOUSE	82.5	372	65	0	508597	509712	62	433	7.91e-202	632
JALLLU010000017.1	sp|Q2HJ81|TBB6_BOVIN	81.1	381	70	1	508597	509733	62	442	2.07e-201	630
JALLLU010000017.1	sp|P32882|TBB2_CHICK	79.4	398	78	2	508558	509751	52	445	2.72e-201	630
JALLLU010000017.1	sp|O44388|TBB_TRITR	81.1	380	72	0	508597	509736	62	441	3.58e-201	630
JALLLU010000018.1	sp|A5DI11|EF2_PICGU	73.0	890	189	4	226997	224328	4	842	0.0	1296
JALLLU010000018.1	sp|Q5A0M4|EF2_CANAL	73.4	890	186	4	226997	224328	4	842	0.0	1293
JALLLU010000018.1	sp|C4YJQ8|EF2_CANAW	73.4	890	186	4	226997	224328	4	842	0.0	1293
JALLLU010000018.1	sp|Q874B9|EF2_PICPA	71.4	891	204	4	227000	224328	3	842	0.0	1285
JALLLU010000018.1	sp|P32324|EF2_YEAST	72.2	890	196	4	226997	224328	4	842	0.0	1284
JALLLU010000018.1	sp|Q6FYA7|EF2_CANGA	71.6	890	202	4	226997	224328	4	842	0.0	1276
JALLLU010000018.1	sp|Q875S0|EF2_LACK1	71.1	890	206	4	226997	224328	4	842	0.0	1275
JALLLU010000018.1	sp|Q6BJ25|EF2_DEBHA	71.6	890	202	3	226997	224328	4	842	0.0	1274
JALLLU010000018.1	sp|Q6CPQ9|EF2_KLULA	71.2	890	205	4	226997	224328	4	842	0.0	1274
JALLLU010000018.1	sp|Q754C8|EF2_ASHGO	71.5	890	203	4	226997	224328	4	842	0.0	1271
JALLLU010000018.1	sp|Q875Z2|EF2_NAUCC	71.5	890	203	3	226997	224328	4	842	0.0	1267
JALLLU010000018.1	sp|O14460|EF2_SCHPO	71.0	890	207	4	226997	224328	4	842	0.0	1259
JALLLU010000018.1	sp|Q96X45|EF2_NEUCR	69.4	892	222	4	227000	224328	3	844	0.0	1239
JALLLU010000018.1	sp|P29691|EF2_CAEEL	65.5	899	253	6	227000	224328	3	852	0.0	1168
JALLLU010000018.1	sp|Q1HPK6|EF2_BOMMO	65.2	893	258	5	227000	224328	3	844	0.0	1157
JALLLU010000018.1	sp|P13060|EF2_DROME	65.1	893	259	5	227000	224328	3	844	0.0	1153
JALLLU010000018.1	sp|P13639|EF2_HUMAN	63.6	907	263	5	227000	224328	3	858	0.0	1148
JALLLU010000018.1	sp|Q5R8Z3|EF2_PONAB	63.6	907	263	5	227000	224328	3	858	0.0	1148
JALLLU010000018.1	sp|A0SXL6|EF2_CALJA	63.6	907	263	5	227000	224328	3	858	0.0	1147
JALLLU010000018.1	sp|P58252|EF2_MOUSE	63.5	907	264	5	227000	224328	3	858	0.0	1147
JALLLU010000018.1	sp|P05197|EF2_RAT	63.5	907	264	5	227000	224328	3	858	0.0	1147
JALLLU010000018.1	sp|Q3SYU2|EF2_BOVIN	63.6	907	263	5	227000	224328	3	858	0.0	1147
JALLLU010000018.1	sp|P09445|EF2_CRIGR	63.5	907	264	5	227000	224328	3	858	0.0	1146
JALLLU010000018.1	sp|Q90705|EF2_CHICK	63.5	907	264	5	227000	224328	3	858	0.0	1144
JALLLU010000018.1	sp|P15112|EF2_DICDI	61.5	892	287	5	227000	224328	3	839	0.0	1091
JALLLU010000019.1	sp|O74770|PHK_SCHPO	44.5	874	391	11	316123	318717	30	818	2.36e-230	730
JALLLU010000019.1	sp|Q13B10|PHK_RHOPS	42.9	837	378	21	316231	318687	19	773	1.49e-193	622
JALLLU010000019.1	sp|Q20ZU5|PHK_RHOPB	42.2	850	391	20	316192	318687	6	773	8.11e-192	617
JALLLU010000019.1	sp|Q8YTZ6|PHK2_NOSS1	40.4	848	407	16	316198	318687	15	782	3.72e-191	616
JALLLU010000019.1	sp|Q2ITA9|PHK_RHOP2	41.9	837	386	19	316231	318687	19	773	1.29e-190	614
JALLLU010000019.1	sp|Q6N976|PHK_RHOPA	41.6	856	397	19	316177	318687	1	772	2.31e-190	613
JALLLU010000019.1	sp|B3Q8J5|PHK_RHOPT	41.7	851	393	19	316192	318687	6	772	3.14e-190	613
JALLLU010000019.1	sp|Q7UH14|PHK_RHOBA	40.4	845	390	16	316231	318687	24	780	5.90e-190	612
JALLLU010000019.1	sp|Q7NLX2|PHK_GLOVI	39.4	858	406	19	316192	318687	13	782	2.02e-187	605
JALLLU010000019.1	sp|B2IGR2|PHK_BEII9	39.7	856	415	18	316177	318687	11	784	6.32e-186	601
JALLLU010000019.1	sp|Q92T74|PHK1_RHIME	40.8	839	394	19	316231	318687	7	762	1.78e-185	599
JALLLU010000019.1	sp|Q89S87|PHK_BRADU	40.6	840	397	19	316231	318687	29	787	8.93e-185	598
JALLLU010000019.1	sp|Q82T07|PHK_NITEU	39.5	856	404	17	316198	318687	11	778	1.16e-184	597
JALLLU010000019.1	sp|Q92ZA4|PHK2_RHIME	40.5	835	402	18	316231	318687	7	762	2.04e-184	596
JALLLU010000019.1	sp|Q8FWR0|PHK_BRUSU	40.0	836	405	18	316231	318687	21	776	3.83e-184	595
JALLLU010000019.1	sp|Q8YBL8|PHK_BRUME	39.8	836	406	18	316231	318687	24	779	1.44e-183	594
JALLLU010000019.1	sp|Q82NM9|PHK_STRAW	39.7	847	415	16	316198	318687	15	782	2.75e-183	593
JALLLU010000019.1	sp|Q2YK44|PHK_BRUA2	39.7	836	407	18	316231	318687	21	776	3.29e-183	593
JALLLU010000019.1	sp|Q6MFC0|PHK_PARUW	39.9	857	401	19	316195	318687	16	784	2.04e-182	591
JALLLU010000019.1	sp|Q988V7|PHK_RHILO	40.3	841	398	19	316231	318687	28	786	7.94e-181	587
JALLLU010000019.1	sp|Q7PHR1|KIF1A_ANOGA	35.0	1364	650	37	78396	82214	202	1420	1.29e-180	614
JALLLU010000019.1	sp|Q2YAC5|PHK_NITMU	38.6	866	410	17	316192	318687	16	793	1.99e-180	585
JALLLU010000019.1	sp|A5W384|PHK_PSEP1	39.0	872	413	19	316177	318705	1	782	3.01e-180	584
JALLLU010000019.1	sp|Q8CK51|PHK_STRCO	39.4	869	425	21	316165	318705	1	789	1.20e-179	583
JALLLU010000019.1	sp|Q8KCA0|PHK_CHLTE	38.6	848	403	19	316231	318687	22	780	3.50e-179	581
JALLLU010000002.1	sp|P15398|RPA1_SCHPO	45.0	1852	743	24	2671351	2666015	1	1650	0.0	1386
JALLLU010000002.1	sp|P29742|CLH_DROME	42.4	1799	764	12	1205116	1199726	84	1611	0.0	1243
JALLLU010000002.1	sp|P53675|CLH2_HUMAN	41.4	1834	731	16	1205116	1199726	84	1610	0.0	1237
JALLLU010000002.1	sp|P10964|RPA1_YEAST	41.2	1832	819	28	2671351	2666015	1	1627	0.0	1217
JALLLU010000002.1	sp|O93927|FKS1_CRYNH	56.9	1102	395	12	544610	541320	755	1781	0.0	1200
JALLLU010000002.1	sp|A2QLK4|FKS1_ASPNC	55.1	1108	419	12	544628	541320	812	1846	0.0	1173
JALLLU010000002.1	sp|P34574|CLH_CAEEL	39.9	1818	774	14	1205116	1199741	82	1607	0.0	1170
JALLLU010000002.1	sp|O13967|BGS2_SCHPO	54.8	1108	422	13	544613	541314	821	1857	0.0	1165
JALLLU010000002.1	sp|O74475|BGS4_SCHPO	53.9	1121	426	15	544616	541314	848	1897	0.0	1146
JALLLU010000002.1	sp|P40989|FKS2_YEAST	53.4	1117	443	11	544628	541302	799	1845	0.0	1108
JALLLU010000002.1	sp|P38631|FKS1_YEAST	52.8	1111	446	11	544628	541320	780	1820	0.0	1100
JALLLU010000002.1	sp|Q9P377|BGS3_SCHPO	51.9	1110	454	14	544610	541299	761	1796	0.0	1084
JALLLU010000002.1	sp|Q10161|CLH_SCHPO	36.6	1797	865	11	1205116	1199726	84	1605	0.0	1057
JALLLU010000002.1	sp|P25870|CLH_DICDI	37.2	1804	842	16	1205104	1199726	88	1611	0.0	1055
JALLLU010000002.1	sp|Q2RBN7|CLH1_ORYSJ	36.7	1801	862	12	1205104	1199726	94	1624	0.0	1027
JALLLU010000002.1	sp|Q2QYW2|CLH2_ORYSJ	36.6	1801	863	12	1205104	1199726	94	1624	0.0	1025
JALLLU010000002.1	sp|Q0WNJ6|CLAH1_ARATH	36.1	1801	872	13	1205104	1199726	94	1624	1.78e-314	1011
JALLLU010000002.1	sp|Q0WLB5|CLAH2_ARATH	35.8	1803	875	12	1205104	1199726	94	1624	1.20e-312	1005
JALLLU010000002.1	sp|Q06625|GDE_YEAST	47.4	1130	500	17	1551109	1547861	446	1528	1.91e-308	987
JALLLU010000002.1	sp|P06738|PHSG_YEAST	54.7	910	355	15	1491341	1488714	14	900	1.87e-306	955
JALLLU010000002.1	sp|Q00766|PHS1_DICDI	55.8	812	356	3	1491137	1488702	38	846	8.90e-299	931
JALLLU010000002.1	sp|Q86H36|RPA1_DICDI	37.6	1807	873	32	2671354	2666015	2	1581	2.34e-295	952
JALLLU010000002.1	sp|P22137|CLH_YEAST	34.0	1798	905	14	1205104	1199738	88	1612	2.30e-292	944
JALLLU010000002.1	sp|P34114|PHS2_DICDI	53.9	824	362	5	1491131	1488687	110	924	6.09e-282	888
JALLLU010000002.1	sp|P14864|EF1A2_MUCCL	93.4	458	30	0	2210258	2211631	1	458	6.32e-282	864
JALLLU010000020.1	sp|P16387|ODPA_YEAST	66.0	294	98	1	70283	71158	118	411	8.43e-123	401
JALLLU010000020.1	sp|O93869|GYS_NEUCR	38.3	757	310	17	59115	61343	27	640	1.74e-122	412
JALLLU010000020.1	sp|O13366|ODPA_KLULA	65.0	294	101	1	70283	71158	110	403	2.60e-121	397
JALLLU010000020.1	sp|Q10489|ODPA_SCHPO	63.6	294	105	1	70283	71158	115	408	9.92e-116	380
JALLLU010000020.1	sp|P23337|GYS1_YEAST	34.9	779	345	17	59115	61364	21	666	6.01e-109	372
JALLLU010000020.1	sp|P27472|GYS2_YEAST	36.0	784	312	23	59115	61337	21	657	4.67e-108	370
JALLLU010000020.1	sp|P52899|ODPA_CAEEL	62.8	288	106	1	70283	71146	92	378	4.66e-105	349
JALLLU010000020.1	sp|P26267|ODPA_ASCSU	60.3	272	108	0	70283	71098	94	365	1.16e-102	342
JALLLU010000020.1	sp|P26268|ODPT_ASCSU	60.7	272	107	0	70283	71098	89	360	1.82e-102	342
JALLLU010000020.1	sp|P08559|ODPA_HUMAN	59.4	283	114	1	70283	71131	98	379	4.43e-102	340
JALLLU010000020.1	sp|P29804|ODPA_PIG	59.7	283	113	1	70283	71131	97	378	1.47e-101	339
JALLLU010000020.1	sp|A7MB35|ODPA_BOVIN	59.4	283	114	1	70283	71131	98	379	1.52e-101	339
JALLLU010000020.1	sp|P26284|ODPA_RAT	59.0	283	115	1	70283	71131	98	379	1.52e-101	339
JALLLU010000020.1	sp|P35486|ODPA_MOUSE	59.0	283	115	1	70283	71131	98	379	2.07e-101	338
JALLLU010000020.1	sp|A5A6L0|ODPA_PANTR	59.0	283	115	1	70283	71131	98	379	3.83e-101	338
JALLLU010000020.1	sp|Q5R490|ODPA_PONAB	59.0	283	115	1	70283	71131	98	379	3.83e-101	338
JALLLU010000020.1	sp|Q06437|ODPAT_RAT	59.4	283	114	1	70283	71131	99	380	2.52e-100	335
JALLLU010000020.1	sp|P52900|ODPA_SMIMA	58.7	283	116	1	70283	71131	71	352	3.40e-100	334
JALLLU010000020.1	sp|Q8HXW9|ODPA_MACFA	58.3	283	117	1	70283	71131	98	379	1.55e-99	333
JALLLU010000020.1	sp|P35487|ODPAT_MOUSE	59.7	283	113	1	70283	71131	99	380	1.60e-99	333
JALLLU010000020.1	sp|Q54C70|ODPA_DICDI	54.7	285	126	1	70283	71137	89	370	4.07e-98	328
JALLLU010000020.1	sp|P52901|ODPA1_ARATH	58.5	277	112	2	70283	71107	96	371	8.23e-98	328
JALLLU010000020.1	sp|Q6Z5N4|ODPA1_ORYSJ	58.8	277	111	2	70283	71107	97	372	7.35e-97	325
JALLLU010000020.1	sp|P52903|ODPA_SOLTU	58.5	277	112	2	70283	71107	98	373	2.60e-96	324
JALLLU010000020.1	sp|P52902|ODPA_PEA	59.2	277	110	2	70283	71107	104	379	4.31e-96	323
JALLLU010000021.1	sp|Q7LHG5|YI31B_YEAST	32.7	936	532	27	14586	11935	585	1474	8.88e-117	416
JALLLU010000021.1	sp|Q99315|YG31B_YEAST	32.9	907	512	26	14586	12022	559	1420	3.03e-115	412
JALLLU010000021.1	sp|P0CT41|TF212_SCHPO	31.0	856	531	20	14472	11989	418	1241	3.57e-107	384
JALLLU010000021.1	sp|P0CT34|TF21_SCHPO	31.0	856	531	20	14472	11989	418	1241	3.57e-107	384
JALLLU010000021.1	sp|P0CT35|TF22_SCHPO	31.0	856	531	20	14472	11989	418	1241	3.57e-107	384
JALLLU010000021.1	sp|P0CT36|TF23_SCHPO	31.0	856	531	20	14472	11989	418	1241	3.57e-107	384
JALLLU010000021.1	sp|P0CT37|TF24_SCHPO	31.0	856	531	20	14472	11989	418	1241	3.57e-107	384
JALLLU010000021.1	sp|P0CT38|TF25_SCHPO	31.0	856	531	20	14472	11989	418	1241	3.57e-107	384
JALLLU010000021.1	sp|P0CT39|TF26_SCHPO	31.0	856	531	20	14472	11989	418	1241	3.57e-107	384
JALLLU010000021.1	sp|P0CT40|TF29_SCHPO	31.0	856	531	20	14472	11989	418	1241	3.57e-107	384
JALLLU010000021.1	sp|Q9UR07|TF211_SCHPO	30.8	856	532	20	14472	11989	418	1241	2.75e-106	381
JALLLU010000021.1	sp|P0CT42|TF27_SCHPO	30.8	856	532	20	14472	11989	418	1241	2.75e-106	381
JALLLU010000021.1	sp|P0CT43|TF28_SCHPO	30.8	856	532	20	14472	11989	418	1241	2.75e-106	381
JALLLU010000021.1	sp|P10394|POL4_DROME	28.1	918	587	17	25572	28163	315	1213	8.08e-101	362
JALLLU010000021.1	sp|Q8I7P9|POL5_DROME	40.1	459	261	4	14565	13228	98	555	7.83e-94	336
JALLLU010000021.1	sp|P20825|POL2_DROME	26.7	991	618	26	15069	12298	22	971	2.14e-93	336
JALLLU010000021.1	sp|P04323|POL3_DROME	33.2	630	374	15	15063	13228	24	624	1.31e-91	331
JALLLU010000021.1	sp|P10401|POLY_DROME	31.0	729	423	15	15111	13006	7	682	5.05e-86	313
JALLLU010000021.1	sp|P09523|POL_FMVD	28.5	649	418	17	15108	13231	37	662	6.72e-59	224
JALLLU010000021.1	sp|P03554|POL_CAMVS	33.4	428	271	8	25572	26819	247	672	6.88e-58	221
JALLLU010000021.1	sp|P03555|POL_CAMVC	33.4	428	271	8	25572	26819	247	672	9.25e-58	221
JALLLU010000021.1	sp|Q02964|POL_CAMVE	33.4	428	271	8	25572	26819	247	672	9.25e-58	221
JALLLU010000021.1	sp|P03556|POL_CAMVD	32.9	428	273	8	25572	26819	242	667	1.22e-56	217
JALLLU010000021.1	sp|Q00962|POL_CAMVN	27.6	664	413	18	15087	13231	33	673	3.55e-55	213
JALLLU010000021.1	sp|P05400|POL_CERV	29.3	420	284	5	25569	26798	228	644	4.04e-52	203
JALLLU010000022.1	sp|Q96UL8|PCKA_EMENI	69.8	331	96	4	19749	20732	268	597	2.77e-147	478
JALLLU010000022.1	sp|P10963|PCKA_YEAST	70.0	333	96	4	19749	20735	215	547	4.46e-147	475
JALLLU010000022.1	sp|Q7RVS9|PCKA_NEUCR	69.2	331	99	3	19749	20732	273	603	1.52e-146	476
JALLLU010000022.1	sp|Q6FRR0|PCKA_CANGA	68.9	334	100	4	19749	20738	211	544	1.12e-145	471
JALLLU010000022.1	sp|O43112|PCKA_KLULA	68.8	336	98	6	19749	20738	209	543	1.27e-144	468
JALLLU010000022.1	sp|Q753M0|PCKA_ASHGO	67.7	334	103	4	19749	20738	209	541	1.90e-143	464
JALLLU010000022.1	sp|O13434|PCKA_CANAX	66.4	333	108	3	19749	20735	220	552	2.14e-137	447
JALLLU010000022.1	sp|Q2S008|PCKA2_SALRD	63.6	330	119	1	19749	20738	199	527	1.38e-135	441
JALLLU010000022.1	sp|Q75JD5|PCKA_DICDI	64.4	331	116	2	19749	20738	231	560	2.89e-135	441
JALLLU010000022.1	sp|Q9XFA2|PCKA2_UROPA	63.3	335	115	2	19749	20732	291	624	3.01e-134	441
JALLLU010000022.1	sp|P49292|PCKA1_UROPA	63.0	335	116	2	19749	20732	289	622	5.22e-134	440
JALLLU010000022.1	sp|Q9SLZ0|PCKA_MAIZE	63.9	335	113	2	19749	20732	331	664	1.41e-133	441
JALLLU010000022.1	sp|Q9T074|PCKA1_ARATH	63.3	335	115	3	19749	20732	336	669	1.90e-132	437
JALLLU010000022.1	sp|B5X574|PCKA2_ARATH	62.7	335	117	3	19749	20732	335	668	4.62e-132	436
JALLLU010000022.1	sp|P42066|PCKA_CUCSA	62.3	337	119	3	19749	20738	335	670	4.57e-130	431
JALLLU010000022.1	sp|Q2RH96|PCKA2_MOOTA	58.5	328	134	2	19749	20732	198	523	4.41e-123	405
JALLLU010000022.1	sp|A7GU41|PCKA_BACCN	59.6	327	130	2	19749	20729	200	524	1.88e-121	400
JALLLU010000022.1	sp|A9VLC7|PCKA_BACMK	58.9	333	126	2	19749	20732	200	526	2.56e-121	400
JALLLU010000022.1	sp|Q8R943|PCKA_CALS4	59.0	329	133	2	19749	20735	194	520	2.78e-121	399
JALLLU010000022.1	sp|Q9K7Q7|PCKA_BACHD	58.8	330	134	2	19749	20738	200	527	4.58e-121	399
JALLLU010000022.1	sp|B7IL29|PCKA_BACC2	58.2	328	136	1	19749	20732	200	526	6.44e-121	399
JALLLU010000022.1	sp|B1HXZ6|PCKA_LYSSC	59.1	328	133	1	19749	20732	200	526	1.19e-120	398
JALLLU010000022.1	sp|A0RJZ8|PCKA_BACAH	58.4	327	134	2	19749	20729	200	524	4.07e-120	396
JALLLU010000022.1	sp|B7JT33|PCKA_BACC0	58.4	327	134	2	19749	20729	200	524	4.07e-120	396
JALLLU010000022.1	sp|Q72YV4|PCKA_BACC1	58.4	327	134	2	19749	20729	200	524	4.07e-120	396
JALLLU010000023.1	sp|Q6MHJ5|PIF1_BDEBA	31.4	353	219	11	8933	9946	79	423	7.78e-27	121
JALLLU010000023.1	sp|Q38CE9|PIF6_TRYB2	26.5	388	222	13	8927	9934	280	656	1.39e-17	95.5
JALLLU010000024.1	sp|P20825|POL2_DROME	43.3	337	183	2	14235	13228	275	604	1.00e-74	278
JALLLU010000024.1	sp|P04323|POL3_DROME	44.2	337	180	3	14235	13228	276	605	4.21e-74	276
JALLLU010000024.1	sp|Q8I7P9|POL5_DROME	40.9	347	190	4	14235	13231	192	535	3.08e-65	248
JALLLU010000024.1	sp|Q7LHG5|YI31B_YEAST	39.9	336	197	3	14235	13228	686	1016	1.60e-63	246
JALLLU010000024.1	sp|Q99315|YG31B_YEAST	39.6	336	198	3	14235	13228	660	990	3.06e-63	245
JALLLU010000024.1	sp|P0CT41|TF212_SCHPO	37.0	341	209	4	14238	13228	475	813	1.02e-58	230
JALLLU010000024.1	sp|P0CT34|TF21_SCHPO	37.0	341	209	4	14238	13228	475	813	1.02e-58	230
JALLLU010000024.1	sp|P0CT35|TF22_SCHPO	37.0	341	209	4	14238	13228	475	813	1.02e-58	230
JALLLU010000024.1	sp|P0CT36|TF23_SCHPO	37.0	341	209	4	14238	13228	475	813	1.02e-58	230
JALLLU010000024.1	sp|P0CT37|TF24_SCHPO	37.0	341	209	4	14238	13228	475	813	1.02e-58	230
JALLLU010000024.1	sp|P0CT38|TF25_SCHPO	37.0	341	209	4	14238	13228	475	813	1.02e-58	230
JALLLU010000024.1	sp|P0CT39|TF26_SCHPO	37.0	341	209	4	14238	13228	475	813	1.02e-58	230
JALLLU010000024.1	sp|P0CT40|TF29_SCHPO	37.0	341	209	4	14238	13228	475	813	1.02e-58	230
JALLLU010000024.1	sp|Q9UR07|TF211_SCHPO	36.7	341	210	4	14238	13228	475	813	4.02e-58	228
JALLLU010000024.1	sp|P0CT42|TF27_SCHPO	36.7	341	210	4	14238	13228	475	813	4.02e-58	228
JALLLU010000024.1	sp|P0CT43|TF28_SCHPO	36.7	341	210	4	14238	13228	475	813	4.02e-58	228
JALLLU010000024.1	sp|Q91DM0|POLG_PVCV1	28.8	347	231	8	14250	13228	1450	1786	7.55e-33	146
JALLLU010000024.1	sp|Q6XKE6|POLG_PVCV2	28.8	347	231	8	14250	13228	1451	1787	7.56e-33	146
JALLLU010000024.1	sp|P19199|POL_COYMV	28.8	333	225	7	14232	13255	1478	1805	3.97e-31	140
JALLLU010000024.1	sp|Q89703|POL_CSVMV	28.5	319	220	4	14223	13285	279	595	6.31e-31	137
JALLLU010000024.1	sp|P35072|TCB1_CAEBR	37.3	126	79	0	424	47	36	161	5.33e-19	94.4
JALLLU010000024.1	sp|P03934|TC1A_CAEEL	36.2	141	90	0	481	59	17	157	1.78e-18	92.8
JALLLU010000024.1	sp|Q04202|TCB2_CAEBR	33.1	142	95	0	472	47	20	161	1.21e-16	87.4
JALLLU010000024.1	sp|P92523|M860_ARATH	37.6	125	75	2	13920	13552	3	126	4.08e-15	79.7
JALLLU010000024.1	sp|Q7SVK7|POL_MLVBM	27.0	196	139	1	14061	13486	846	1041	3.62e-13	81.3
JALLLU010000025.1	sp|Q09116|SPN2_SCHPO	43.9	155	36	2	8364	8828	155	258	3.65e-25	113
JALLLU010000025.1	sp|P39827|CDC10_CANAL	29.6	345	112	8	7812	8828	44	263	9.62e-23	107
JALLLU010000025.1	sp|A5D7Q3|SEP12_BOVIN	36.4	132	48	3	7994	8344	89	199	4.16e-19	96.3
JALLLU010000025.1	sp|Q9Z1S5|SEPT3_MOUSE	39.0	123	41	2	8015	8344	112	213	1.55e-18	94.4
JALLLU010000025.1	sp|Q08DM7|SEPT3_BOVIN	39.0	123	41	2	8015	8344	112	213	1.72e-18	94.4
JALLLU010000025.1	sp|Q9UH03|SEPT3_HUMAN	39.0	123	41	2	8015	8344	112	213	1.74e-18	94.4
JALLLU010000025.1	sp|Q9WU34|SEPT3_RAT	38.2	123	42	2	8015	8344	112	213	2.34e-18	94.0
JALLLU010000025.1	sp|Q8IYM1|SEP12_HUMAN	36.4	132	48	3	7994	8344	90	200	3.14e-18	93.6
JALLLU010000025.1	sp|Q9QZR6|SEPT9_RAT	37.6	133	49	2	8012	8371	328	439	3.39e-18	95.9
JALLLU010000025.1	sp|Q80UG5|SEPT9_MOUSE	37.6	133	49	2	8012	8371	346	457	3.69e-18	95.9
JALLLU010000025.1	sp|P25342|CDC10_YEAST	44.4	99	34	1	7994	8290	77	154	4.43e-18	92.4
JALLLU010000025.1	sp|A2BGU8|SEPT3_DANRE	39.0	123	41	2	8015	8344	124	225	1.06e-17	92.0
JALLLU010000025.1	sp|Q9UHD8|SEPT9_HUMAN	38.7	124	42	2	8012	8344	348	450	1.14e-17	94.4
JALLLU010000025.1	sp|Q4V8G5|SEP12_RAT	34.2	146	57	4	7994	8377	88	212	4.33e-17	90.1
JALLLU010000025.1	sp|O43236|SEPT4_HUMAN	37.1	132	48	3	7988	8344	186	295	2.29e-14	83.2
JALLLU010000025.1	sp|Q4R4X5|SEPT4_MACFA	37.1	132	48	3	7988	8344	186	295	2.29e-14	83.2
JALLLU010000025.1	sp|P28661|SEPT4_MOUSE	37.1	132	48	3	7988	8344	186	295	2.29e-14	83.2
JALLLU010000025.1	sp|Q5R6R7|SEPT4_PONAB	37.1	132	48	3	7988	8344	186	295	2.29e-14	83.2
JALLLU010000025.1	sp|Q0VC68|SEPT5_BOVIN	42.2	102	37	2	7988	8293	86	165	2.33e-14	82.0
JALLLU010000025.1	sp|Q9Z2Q6|SEPT5_MOUSE	42.2	102	37	2	7988	8293	86	165	2.33e-14	82.0
JALLLU010000025.1	sp|Q99719|SEPT5_HUMAN	42.2	102	37	2	7988	8293	86	165	3.12e-14	81.6
JALLLU010000025.1	sp|Q9JJM9|SEPT5_RAT	43.1	102	36	3	7988	8293	86	165	4.17e-14	81.3
JALLLU010000025.1	sp|Q9BGQ3|SEPT5_MACFA	41.2	102	38	2	7988	8293	95	174	1.45e-13	79.7
JALLLU010000025.1	sp|A6QQL3|SEP14_BOVIN	37.0	119	53	2	7970	8323	83	180	1.67e-13	80.1
JALLLU010000025.1	sp|Q5ZMH1|SEPT2_CHICK	35.6	132	50	4	7988	8344	78	187	6.16e-13	77.4
JALLLU010000026.1	sp|H1AE13|EGCR1_ASPFM	33.5	735	386	20	12941	10830	67	729	2.37e-113	384
JALLLU010000026.1	sp|P40566|EGH1_YEAST	31.8	716	368	23	12860	10833	100	735	1.11e-93	327
JALLLU010000026.1	sp|I1BTD7|EGCR1_RHIO9	29.7	663	334	17	12878	10914	102	640	1.01e-71	260
JALLLU010000026.1	sp|H1AE12|EGCR1_CRYNH	36.0	89	50	2	13239	12973	16	97	1.82e-07	61.6
JALLLU010000027.1	sp|P04323|POL3_DROME	37.2	409	241	6	4427	5635	176	574	1.63e-74	276
JALLLU010000027.1	sp|P20825|POL2_DROME	36.7	422	250	5	4388	5632	161	572	2.20e-74	276
JALLLU010000027.1	sp|Q8I7P9|POL5_DROME	35.9	446	266	5	4367	5659	75	515	6.11e-74	274
JALLLU010000027.1	sp|Q99315|YG31B_YEAST	37.4	428	247	6	4427	5683	560	975	1.15e-72	275
JALLLU010000027.1	sp|Q7LHG5|YI31B_YEAST	37.1	428	248	6	4427	5683	586	1001	5.10e-72	273
JALLLU010000027.1	sp|P10401|POLY_DROME	30.4	598	359	13	3914	5650	9	568	3.01e-66	251
JALLLU010000027.1	sp|P0CT41|TF212_SCHPO	35.3	360	227	2	4541	5617	418	772	5.06e-64	246
JALLLU010000027.1	sp|P0CT34|TF21_SCHPO	35.3	360	227	2	4541	5617	418	772	5.06e-64	246
JALLLU010000027.1	sp|P0CT35|TF22_SCHPO	35.3	360	227	2	4541	5617	418	772	5.06e-64	246
JALLLU010000027.1	sp|P0CT36|TF23_SCHPO	35.3	360	227	2	4541	5617	418	772	5.06e-64	246
JALLLU010000027.1	sp|P0CT37|TF24_SCHPO	35.3	360	227	2	4541	5617	418	772	5.06e-64	246
JALLLU010000027.1	sp|P0CT38|TF25_SCHPO	35.3	360	227	2	4541	5617	418	772	5.06e-64	246
JALLLU010000027.1	sp|P0CT39|TF26_SCHPO	35.3	360	227	2	4541	5617	418	772	5.06e-64	246
JALLLU010000027.1	sp|P0CT40|TF29_SCHPO	35.3	360	227	2	4541	5617	418	772	5.06e-64	246
JALLLU010000027.1	sp|Q9UR07|TF211_SCHPO	35.0	360	228	2	4541	5617	418	772	6.06e-63	243
JALLLU010000027.1	sp|P0CT42|TF27_SCHPO	35.0	360	228	2	4541	5617	418	772	6.06e-63	243
JALLLU010000027.1	sp|P0CT43|TF28_SCHPO	35.0	360	228	2	4541	5617	418	772	6.06e-63	243
JALLLU010000027.1	sp|P10394|POL4_DROME	33.0	430	274	4	6715	7971	309	735	1.25e-59	232
JALLLU010000027.1	sp|P03555|POL_CAMVC	31.9	408	252	9	4472	5659	225	618	5.73e-45	180
JALLLU010000027.1	sp|Q02964|POL_CAMVE	31.9	408	252	9	4472	5659	225	618	5.73e-45	180
JALLLU010000027.1	sp|P03554|POL_CAMVS	31.9	408	252	9	4472	5659	225	618	1.37e-44	179
JALLLU010000027.1	sp|P03556|POL_CAMVD	31.6	408	253	9	4472	5659	220	613	7.39e-44	176
JALLLU010000027.1	sp|Q00962|POL_CAMVN	31.6	408	253	9	4472	5659	226	619	7.99e-44	176
JALLLU010000027.1	sp|P09523|POL_FMVD	30.3	373	246	5	4538	5635	244	609	2.86e-43	174
JALLLU010000027.1	sp|P05400|POL_CERV	28.9	398	268	6	4472	5635	207	599	5.08e-39	161
JALLLU010000028.1	sp|P35072|TCB1_CAEBR	34.8	287	162	8	592	1419	1	273	3.97e-40	155
JALLLU010000028.1	sp|P03934|TC1A_CAEEL	32.8	287	168	7	592	1419	1	273	5.39e-40	154
JALLLU010000028.1	sp|Q04202|TCB2_CAEBR	29.5	278	189	4	592	1419	1	273	1.58e-36	144
JALLLU010000028.1	sp|Q7LHG5|YI31B_YEAST	34.8	201	129	1	2929	3531	613	811	5.59e-30	135
JALLLU010000028.1	sp|Q99315|YG31B_YEAST	34.8	201	129	1	2929	3531	587	785	5.71e-30	135
JALLLU010000028.1	sp|P04323|POL3_DROME	31.5	184	121	1	2995	3531	220	403	4.63e-25	119
JALLLU010000028.1	sp|P31843|RRPO_OENBE	37.4	131	79	1	3103	3486	5	135	4.96e-25	107
JALLLU010000028.1	sp|P09523|POL_FMVD	30.6	209	140	2	2929	3543	230	437	1.66e-23	113
JALLLU010000028.1	sp|Q8I7P9|POL5_DROME	31.8	192	122	2	2971	3531	132	319	5.78e-23	112
JALLLU010000028.1	sp|P05400|POL_CERV	29.2	209	143	2	2932	3543	220	428	6.46e-23	111
JALLLU010000028.1	sp|P10394|POL4_DROME	35.1	194	117	4	2920	3480	303	494	5.96e-22	109
JALLLU010000028.1	sp|P0CT41|TF212_SCHPO	34.9	129	84	0	3082	3468	454	582	1.05e-19	102
JALLLU010000028.1	sp|P0CT34|TF21_SCHPO	34.9	129	84	0	3082	3468	454	582	1.05e-19	102
JALLLU010000028.1	sp|P0CT35|TF22_SCHPO	34.9	129	84	0	3082	3468	454	582	1.05e-19	102
JALLLU010000028.1	sp|P0CT36|TF23_SCHPO	34.9	129	84	0	3082	3468	454	582	1.05e-19	102
JALLLU010000028.1	sp|P0CT37|TF24_SCHPO	34.9	129	84	0	3082	3468	454	582	1.05e-19	102
JALLLU010000028.1	sp|P0CT38|TF25_SCHPO	34.9	129	84	0	3082	3468	454	582	1.05e-19	102
JALLLU010000028.1	sp|P0CT39|TF26_SCHPO	34.9	129	84	0	3082	3468	454	582	1.05e-19	102
JALLLU010000028.1	sp|P0CT40|TF29_SCHPO	34.9	129	84	0	3082	3468	454	582	1.05e-19	102
JALLLU010000028.1	sp|Q9UR07|TF211_SCHPO	34.1	129	85	0	3082	3468	454	582	1.80e-19	101
JALLLU010000028.1	sp|P0CT42|TF27_SCHPO	34.1	129	85	0	3082	3468	454	582	1.80e-19	101
JALLLU010000028.1	sp|P0CT43|TF28_SCHPO	34.1	129	85	0	3082	3468	454	582	1.80e-19	101
JALLLU010000028.1	sp|Q89703|POL_CSVMV	35.7	126	80	1	3091	3468	256	380	1.77e-18	97.1
JALLLU010000028.1	sp|P19199|POL_COYMV	28.1	196	128	3	2932	3483	1393	1587	3.03e-18	97.4
JALLLU010000028.1	sp|P10401|POLY_DROME	32.4	142	96	0	3109	3534	238	379	1.17e-17	95.1
JALLLU010000029.1	sp|P04323|POL3_DROME	46.3	324	165	4	8978	9943	309	625	2.42e-76	282
JALLLU010000029.1	sp|P20825|POL2_DROME	45.1	324	169	4	8978	9943	308	624	3.36e-74	275
JALLLU010000029.1	sp|Q8I7P9|POL5_DROME	42.2	334	177	6	8978	9940	225	555	2.25e-59	229
JALLLU010000029.1	sp|P10401|POLY_DROME	38.6	334	184	6	8978	9937	284	610	8.08e-56	218
JALLLU010000029.1	sp|Q7LHG5|YI31B_YEAST	38.0	321	193	4	8978	9937	719	1034	1.35e-53	213
JALLLU010000029.1	sp|Q99315|YG31B_YEAST	37.8	325	196	4	8978	9949	693	1012	1.43e-53	213
JALLLU010000029.1	sp|P0CT41|TF212_SCHPO	35.9	329	202	6	8969	9940	508	832	2.38e-51	205
JALLLU010000029.1	sp|P0CT34|TF21_SCHPO	35.9	329	202	6	8969	9940	508	832	2.38e-51	205
JALLLU010000029.1	sp|P0CT35|TF22_SCHPO	35.9	329	202	6	8969	9940	508	832	2.38e-51	205
JALLLU010000029.1	sp|P0CT36|TF23_SCHPO	35.9	329	202	6	8969	9940	508	832	2.38e-51	205
JALLLU010000029.1	sp|P0CT37|TF24_SCHPO	35.9	329	202	6	8969	9940	508	832	2.38e-51	205
JALLLU010000029.1	sp|P0CT38|TF25_SCHPO	35.9	329	202	6	8969	9940	508	832	2.38e-51	205
JALLLU010000029.1	sp|P0CT39|TF26_SCHPO	35.9	329	202	6	8969	9940	508	832	2.38e-51	205
JALLLU010000029.1	sp|P0CT40|TF29_SCHPO	35.9	329	202	6	8969	9940	508	832	2.38e-51	205
JALLLU010000029.1	sp|Q9UR07|TF211_SCHPO	35.6	329	203	6	8969	9940	508	832	1.22e-50	203
JALLLU010000029.1	sp|P0CT42|TF27_SCHPO	35.6	329	203	6	8969	9940	508	832	1.22e-50	203
JALLLU010000029.1	sp|P0CT43|TF28_SCHPO	35.6	329	203	6	8969	9940	508	832	1.22e-50	203
JALLLU010000029.1	sp|P03934|TC1A_CAEEL	36.8	266	160	4	7953	8747	15	273	1.45e-50	185
JALLLU010000029.1	sp|P35072|TCB1_CAEBR	34.2	266	167	4	7953	8747	15	273	4.33e-47	175
JALLLU010000029.1	sp|Q04202|TCB2_CAEBR	35.3	266	164	4	7953	8747	15	273	2.36e-45	170
JALLLU010000029.1	sp|P03554|POL_CAMVS	30.9	327	218	6	8978	9937	347	672	7.14e-35	149
JALLLU010000029.1	sp|P03556|POL_CAMVD	30.6	327	219	6	8978	9937	342	667	1.61e-34	147
JALLLU010000029.1	sp|P03555|POL_CAMVC	30.6	327	219	6	8978	9937	347	672	2.24e-34	147
JALLLU010000029.1	sp|Q02964|POL_CAMVE	30.6	327	219	6	8978	9937	347	672	2.24e-34	147
JALLLU010000029.1	sp|Q00962|POL_CAMVN	30.3	327	220	6	8978	9937	348	673	9.38e-34	145
JALLLU010000003.1	sp|O93937|PYR1_EMENI	62.6	2251	737	17	1645832	1652473	90	2273	0.0	2716
JALLLU010000003.1	sp|Q09794|PYR1_SCHPO	62.3	2231	745	16	1645832	1652479	89	2239	0.0	2686
JALLLU010000003.1	sp|P07259|PYR1_YEAST	61.0	2238	773	21	1645832	1652479	52	2212	0.0	2619
JALLLU010000003.1	sp|P20054|PYR1_DICDI	51.4	2286	941	29	1645832	1652479	39	2223	0.0	2130
JALLLU010000003.1	sp|Q91437|PYR1_SQUAC	50.8	2304	950	33	1645832	1652476	32	2240	0.0	2112
JALLLU010000003.1	sp|P27708|PYR1_HUMAN	50.2	2299	953	28	1645832	1652476	32	2223	0.0	2083
JALLLU010000003.1	sp|P08955|PYR1_MESAU	50.3	2294	959	27	1645832	1652476	32	2223	0.0	2073
JALLLU010000003.1	sp|B2RQC6|PYR1_MOUSE	50.3	2294	959	28	1645832	1652476	32	2223	0.0	2071
JALLLU010000003.1	sp|P05990|PYR1_DROME	49.4	2275	992	33	1645832	1652476	43	2218	0.0	2024
JALLLU010000003.1	sp|Q18990|PYR1_CAEEL	48.6	2285	981	34	1645832	1652476	33	2194	0.0	1936
JALLLU010000003.1	sp|Q9HES8|PYC_ASPNG	66.1	1153	345	5	1525670	1529122	83	1191	0.0	1522
JALLLU010000003.1	sp|O93918|PYC_ASPTE	65.6	1153	351	5	1525670	1529122	84	1192	0.0	1519
JALLLU010000003.1	sp|Q0CLK1|PYC_ASPTN	65.7	1153	350	5	1525670	1529122	84	1192	0.0	1516
JALLLU010000003.1	sp|Q9UUE1|PYC_SCHPO	63.7	1126	360	7	1525670	1529035	75	1155	0.0	1452
JALLLU010000003.1	sp|Q8C196|CPSM_MOUSE	50.6	1519	631	19	1645832	1650349	76	1488	0.0	1445
JALLLU010000003.1	sp|P07756|CPSM_RAT	50.6	1519	631	19	1645832	1650349	76	1488	0.0	1445
JALLLU010000003.1	sp|P31327|CPSM_HUMAN	50.5	1517	636	18	1645832	1650349	76	1488	0.0	1444
JALLLU010000003.1	sp|Q91293|CPSM_LITCT	50.3	1518	639	19	1645832	1650349	71	1484	0.0	1420
JALLLU010000003.1	sp|Q8X1T3|PYC_PICAN	62.2	1127	378	7	1525670	1529038	65	1147	0.0	1407
JALLLU010000003.1	sp|P11154|PYC1_YEAST	61.4	1151	393	9	1525670	1529107	61	1165	0.0	1404
JALLLU010000003.1	sp|P78992|PYC_PICPA	60.9	1154	400	8	1525670	1529113	64	1172	0.0	1393
JALLLU010000003.1	sp|Q6P2Q9|PRP8_HUMAN	60.5	1206	95	1	2186059	2189676	719	1543	0.0	1392
JALLLU010000003.1	sp|Q99PV0|PRP8_MOUSE	60.5	1206	95	1	2186059	2189676	719	1543	0.0	1392
JALLLU010000003.1	sp|P32327|PYC2_YEAST	60.9	1151	399	9	1525670	1529107	62	1166	0.0	1392
JALLLU010000003.1	sp|P34369|PRP8_CAEEL	58.5	1207	119	2	2186059	2189676	711	1536	0.0	1351
JALLLU010000030.1	sp|P04323|POL3_DROME	33.7	511	306	12	6738	8225	28	520	7.00e-72	268
JALLLU010000030.1	sp|P20825|POL2_DROME	30.8	519	329	8	6708	8225	18	519	7.09e-72	268
JALLLU010000030.1	sp|Q8I7P9|POL5_DROME	36.8	375	222	3	7137	8225	75	446	2.74e-71	265
JALLLU010000030.1	sp|Q7LHG5|YI31B_YEAST	40.4	356	190	6	7182	8225	584	925	2.08e-69	264
JALLLU010000030.1	sp|Q99315|YG31B_YEAST	40.4	356	190	6	7182	8225	558	899	5.42e-69	263
JALLLU010000030.1	sp|P0CT41|TF212_SCHPO	34.9	350	217	5	7191	8225	376	719	3.34e-60	234
JALLLU010000030.1	sp|P0CT34|TF21_SCHPO	34.9	350	217	5	7191	8225	376	719	3.34e-60	234
JALLLU010000030.1	sp|P0CT35|TF22_SCHPO	34.9	350	217	5	7191	8225	376	719	3.34e-60	234
JALLLU010000030.1	sp|P0CT36|TF23_SCHPO	34.9	350	217	5	7191	8225	376	719	3.34e-60	234
JALLLU010000030.1	sp|P0CT37|TF24_SCHPO	34.9	350	217	5	7191	8225	376	719	3.34e-60	234
JALLLU010000030.1	sp|P0CT38|TF25_SCHPO	34.9	350	217	5	7191	8225	376	719	3.34e-60	234
JALLLU010000030.1	sp|P0CT39|TF26_SCHPO	34.9	350	217	5	7191	8225	376	719	3.34e-60	234
JALLLU010000030.1	sp|P0CT40|TF29_SCHPO	34.9	350	217	5	7191	8225	376	719	3.34e-60	234
JALLLU010000030.1	sp|Q9UR07|TF211_SCHPO	34.6	350	218	5	7191	8225	376	719	3.96e-59	230
JALLLU010000030.1	sp|P0CT42|TF27_SCHPO	34.6	350	218	5	7191	8225	376	719	3.96e-59	230
JALLLU010000030.1	sp|P0CT43|TF28_SCHPO	34.6	350	218	5	7191	8225	376	719	3.96e-59	230
JALLLU010000030.1	sp|P03554|POL_CAMVS	34.1	358	221	7	7164	8216	205	554	1.65e-48	190
JALLLU010000030.1	sp|P03555|POL_CAMVC	33.6	357	224	6	7164	8216	205	554	2.21e-48	190
JALLLU010000030.1	sp|Q02964|POL_CAMVE	33.6	357	224	6	7164	8216	205	554	2.21e-48	190
JALLLU010000030.1	sp|Q00962|POL_CAMVN	33.3	357	225	6	7164	8216	206	555	9.69e-48	188
JALLLU010000030.1	sp|P03556|POL_CAMVD	33.6	357	224	6	7164	8216	200	549	1.19e-47	187
JALLLU010000030.1	sp|P09523|POL_FMVD	32.4	340	215	7	7221	8216	215	547	1.27e-42	172
JALLLU010000030.1	sp|P31843|RRPO_OENBE	54.8	135	60	1	1930	2334	5	138	6.59e-40	149
JALLLU010000030.1	sp|P05400|POL_CERV	31.0	316	208	4	7287	8216	227	538	9.35e-39	160
JALLLU010000030.1	sp|Q6XKE6|POLG_PVCV2	29.9	314	208	5	7290	8216	1386	1692	8.09e-34	148
JALLLU010000031.1	sp|P35072|TCB1_CAEBR	35.9	245	152	4	3010	3744	34	273	5.16e-45	169
JALLLU010000031.1	sp|Q04202|TCB2_CAEBR	35.9	248	146	4	3013	3744	35	273	1.77e-44	167
JALLLU010000031.1	sp|P10401|POLY_DROME	36.2	185	111	1	4883	4350	304	488	2.13e-27	126
JALLLU010000031.1	sp|Q8I7P9|POL5_DROME	34.9	149	92	2	5335	4904	91	239	4.75e-15	86.3
JALLLU010000031.1	sp|A6NKG5|RTL1_HUMAN	30.2	169	114	2	4865	4359	702	866	1.23e-14	85.1
JALLLU010000031.1	sp|Q52QI2|RTL1_BOVIN	28.5	158	109	2	4832	4359	699	852	8.06e-14	82.4
JALLLU010000031.1	sp|Q91DM0|POLG_PVCV1	27.1	192	133	3	4889	4317	1504	1689	1.35e-12	78.6
JALLLU010000031.1	sp|Q6XKE6|POLG_PVCV2	27.1	192	133	3	4889	4317	1505	1690	1.35e-12	78.6
JALLLU010000031.1	sp|P10394|POL4_DROME	28.2	163	106	2	5386	4931	260	422	7.67e-12	75.9
JALLLU010000031.1	sp|Q89703|POL_CSVMV	31.4	140	94	2	4886	4470	327	465	8.04e-11	72.0
JALLLU010000031.1	sp|P15629|POL_SOCMV	36.2	105	63	1	5206	4904	214	318	7.46e-10	68.9
JALLLU010000031.1	sp|Q7TD08|POL_CYLCV	31.8	107	69	1	5212	4904	211	317	8.21e-09	65.5
JALLLU010000031.1	sp|P03934|TC1A_CAEEL	38.7	75	42	2	1428	1207	118	189	1.36e-06	56.6
JALLLU010000032.1	sp|P04323|POL3_DROME	45.3	413	212	5	18	1235	220	625	1.04e-98	349
JALLLU010000032.1	sp|P20825|POL2_DROME	44.3	413	216	5	18	1235	219	624	2.45e-94	336
JALLLU010000032.1	sp|Q8I7P9|POL5_DROME	41.4	420	225	7	27	1232	139	555	1.12e-80	294
JALLLU010000032.1	sp|Q7LHG5|YI31B_YEAST	40.6	414	240	4	3	1241	630	1038	2.42e-80	299
JALLLU010000032.1	sp|Q99315|YG31B_YEAST	40.6	414	240	4	3	1241	604	1012	3.04e-80	299
JALLLU010000032.1	sp|P10401|POLY_DROME	39.0	421	230	7	27	1229	197	610	1.57e-74	276
JALLLU010000032.1	sp|P0CT41|TF212_SCHPO	37.7	409	248	5	21	1232	426	832	2.25e-72	273
JALLLU010000032.1	sp|P0CT34|TF21_SCHPO	37.7	409	248	5	21	1232	426	832	2.25e-72	273
JALLLU010000032.1	sp|P0CT35|TF22_SCHPO	37.7	409	248	5	21	1232	426	832	2.25e-72	273
JALLLU010000032.1	sp|P0CT36|TF23_SCHPO	37.7	409	248	5	21	1232	426	832	2.25e-72	273
JALLLU010000032.1	sp|P0CT37|TF24_SCHPO	37.7	409	248	5	21	1232	426	832	2.25e-72	273
JALLLU010000032.1	sp|P0CT38|TF25_SCHPO	37.7	409	248	5	21	1232	426	832	2.25e-72	273
JALLLU010000032.1	sp|P0CT39|TF26_SCHPO	37.7	409	248	5	21	1232	426	832	2.25e-72	273
JALLLU010000032.1	sp|P0CT40|TF29_SCHPO	37.7	409	248	5	21	1232	426	832	2.25e-72	273
JALLLU010000032.1	sp|Q9UR07|TF211_SCHPO	37.4	409	249	5	21	1232	426	832	1.20e-71	270
JALLLU010000032.1	sp|P0CT42|TF27_SCHPO	37.4	409	249	5	21	1232	426	832	1.20e-71	270
JALLLU010000032.1	sp|P0CT43|TF28_SCHPO	37.4	409	249	5	21	1232	426	832	1.20e-71	270
JALLLU010000032.1	sp|P03554|POL_CAMVS	33.3	415	261	8	30	1229	259	672	1.95e-55	211
JALLLU010000032.1	sp|P03555|POL_CAMVC	33.0	415	262	8	30	1229	259	672	8.55e-55	209
JALLLU010000032.1	sp|Q02964|POL_CAMVE	33.0	415	262	8	30	1229	259	672	8.55e-55	209
JALLLU010000032.1	sp|P03556|POL_CAMVD	32.8	415	263	8	30	1229	254	667	3.45e-54	207
JALLLU010000032.1	sp|Q00962|POL_CAMVN	32.3	415	265	8	30	1229	260	673	4.05e-53	204
JALLLU010000032.1	sp|P03934|TC1A_CAEEL	33.6	280	175	7	2021	2848	1	273	3.30e-38	149
JALLLU010000032.1	sp|Q89703|POL_CSVMV	29.1	405	263	11	84	1241	242	641	8.41e-38	157
JALLLU010000032.1	sp|Q04202|TCB2_CAEBR	36.7	215	131	3	2204	2848	64	273	7.10e-37	145
JALLLU010000035.1	sp|Q6CQE5|TAR1_KLULA	85.7	42	6	0	2523	2398	7	48	7.30e-15	75.1
JALLLU010000035.1	sp|Q8TGM6|TAR1_YEAST	85.7	42	6	0	2523	2398	22	63	1.10e-14	75.1
JALLLU010000035.1	sp|Q8TGM5|ART3_YEAST	49.2	63	30	1	1866	1684	1	63	6.52e-08	53.9
JALLLU010000036.1	sp|Q6CQE5|TAR1_KLULA	85.7	42	6	0	1286	1161	7	48	4.84e-15	75.1
JALLLU010000036.1	sp|Q8TGM6|TAR1_YEAST	85.7	42	6	0	1286	1161	22	63	7.27e-15	75.1
JALLLU010000036.1	sp|Q8TGM5|ART3_YEAST	49.2	63	30	1	627	445	1	63	4.39e-08	53.9
JALLLU010000036.1	sp|P0C5Q0|YL54F_YEAST	82.8	29	5	0	301	215	18	46	1.23e-07	52.0
JALLLU010000036.1	sp|P0C5P9|YL54B_YEAST	70.4	27	8	0	1696	1616	26	52	9.88e-04	41.2
JALLLU010000004.1	sp|Q54YZ9|DHKJ_DICDI	66.7	1128	365	3	2009661	2013020	192	1316	0.0	1379
JALLLU010000004.1	sp|P20409|TRPG_PHYBL	73.7	775	193	3	2202503	2204824	1	765	0.0	1137
JALLLU010000004.1	sp|O93927|FKS1_CRYNH	63.1	886	306	8	862974	860329	816	1684	0.0	1132
JALLLU010000004.1	sp|A2QLK4|FKS1_ASPNC	62.5	898	319	7	862974	860299	879	1764	0.0	1129
JALLLU010000004.1	sp|O13967|BGS2_SCHPO	61.5	880	327	5	862974	860344	883	1753	0.0	1071
JALLLU010000004.1	sp|O74475|BGS4_SCHPO	59.4	892	336	7	862974	860347	911	1792	0.0	1066
JALLLU010000004.1	sp|Q4P9K9|CHS8_USTMA	60.3	857	321	8	1941020	1938462	916	1757	0.0	1054
JALLLU010000004.1	sp|P40989|FKS2_YEAST	59.2	885	348	6	862974	860332	866	1741	0.0	1049
JALLLU010000004.1	sp|P38631|FKS1_YEAST	58.5	886	353	7	862974	860332	847	1722	0.0	1040
JALLLU010000004.1	sp|O94489|EF3_SCHPO	53.7	1040	442	15	2316948	2313886	28	1046	5.77e-318	994
JALLLU010000004.1	sp|Q9P377|BGS3_SCHPO	56.7	889	366	11	862974	860320	823	1696	2.63e-306	991
JALLLU010000004.1	sp|Q10287|BGS1_SCHPO	57.0	883	366	6	862974	860329	731	1600	3.52e-306	987
JALLLU010000004.1	sp|J9VNT4|CHS5_CRYNH	57.6	880	340	9	1940996	1938417	906	1772	7.63e-306	993
JALLLU010000004.1	sp|P59769|BIP_ASPAW	76.4	627	140	5	879254	881125	51	672	1.59e-302	933
JALLLU010000004.1	sp|P83617|BIP_ASPKA	76.4	627	140	5	879254	881125	51	672	1.59e-302	933
JALLLU010000004.1	sp|P83616|BIP_ASPNG	76.4	627	140	5	879254	881125	51	672	1.59e-302	933
JALLLU010000004.1	sp|P53978|EF3B_YEAST	51.2	1029	457	14	2316969	2313943	18	1021	4.14e-302	948
JALLLU010000004.1	sp|O93796|EF3_CANGA	51.2	1028	454	14	2317005	2313991	3	1005	1.47e-301	947
JALLLU010000004.1	sp|P78695|BIP_NEUCR	75.4	625	149	4	879254	881125	41	661	5.09e-300	925
JALLLU010000004.1	sp|P29551|EF3_PNECA	52.8	977	423	10	2316753	2313880	85	1042	2.47e-299	940
JALLLU010000004.1	sp|Q75EV6|EF3_ASHGO	51.4	1028	452	16	2316987	2313973	9	1011	1.23e-298	938
JALLLU010000004.1	sp|P25997|EF3_CANAL	52.5	973	421	13	2316840	2313991	57	1011	1.12e-296	933
JALLLU010000004.1	sp|P16521|EF3A_YEAST	50.3	1028	463	15	2317005	2313991	3	1005	1.98e-295	929
JALLLU010000004.1	sp|Q04952|FKS3_YEAST	53.4	904	387	8	862974	860344	733	1629	1.51e-292	949
JALLLU010000004.1	sp|O13395|CHS6_USTMA	52.3	864	364	12	1941011	1938483	62	898	7.44e-288	913
JALLLU010000005.1	sp|O14228|PUR4_SCHPO	59.7	1038	396	10	1724568	1721485	298	1323	0.0	1223
JALLLU010000005.1	sp|P38972|PUR4_YEAST	59.6	1049	382	15	1724568	1721485	331	1358	0.0	1203
JALLLU010000005.1	sp|Q9HXN2|PUR4_PSEAE	57.8	1032	406	11	1724568	1721488	291	1297	0.0	1150
JALLLU010000005.1	sp|Q8DF81|PUR4_VIBVU	57.6	1032	407	12	1724568	1721485	293	1297	0.0	1147
JALLLU010000005.1	sp|Q1H2I8|PUR4_METFK	57.9	1036	392	15	1724568	1721485	294	1293	0.0	1143
JALLLU010000005.1	sp|Q7MN70|PUR4_VIBVY	57.5	1029	406	12	1724568	1721494	293	1294	0.0	1142
JALLLU010000005.1	sp|Q87RW0|PUR4_VIBPA	57.2	1037	408	11	1724568	1721485	293	1302	0.0	1140
JALLLU010000005.1	sp|Q4KHS6|PUR4_PSEF5	56.6	1032	418	10	1724568	1721488	291	1297	0.0	1137
JALLLU010000005.1	sp|Q12PR7|PUR4_SHEDO	57.0	1032	411	12	1724568	1721485	291	1293	0.0	1136
JALLLU010000005.1	sp|Q4ZX02|PUR4_PSEU2	56.9	1033	413	11	1724568	1721488	291	1297	0.0	1135
JALLLU010000005.1	sp|Q48LX3|PUR4_PSE14	57.0	1033	412	11	1724568	1721488	291	1297	0.0	1134
JALLLU010000005.1	sp|Q47XX7|PUR4_COLP3	56.0	1050	415	11	1724568	1721485	296	1320	0.0	1134
JALLLU010000005.1	sp|Q3KHL4|PUR4_PSEPF	56.2	1032	422	11	1724568	1721488	291	1297	0.0	1134
JALLLU010000005.1	sp|Q2SK05|PUR4_HAHCH	57.4	1032	410	11	1724568	1721485	293	1298	0.0	1133
JALLLU010000005.1	sp|Q886W6|PUR4_PSESM	56.9	1033	413	11	1724568	1721488	291	1297	0.0	1132
JALLLU010000005.1	sp|Q9KTN2|PUR4_VIBCH	56.6	1032	417	11	1724568	1721485	293	1297	0.0	1130
JALLLU010000005.1	sp|Q1D9V4|PUR4_MYXXD	56.7	1032	415	11	1724568	1721485	296	1299	0.0	1127
JALLLU010000005.1	sp|Q5E749|PUR4_ALIF1	55.9	1037	421	12	1724568	1721485	294	1303	0.0	1126
JALLLU010000005.1	sp|Q5QWY0|PUR4_IDILO	57.0	1033	411	14	1724568	1721485	291	1295	0.0	1126
JALLLU010000005.1	sp|Q6LU24|PUR4_PHOPR	55.5	1055	417	11	1724568	1721485	293	1322	0.0	1126
JALLLU010000005.1	sp|Q88P16|PUR4_PSEPK	56.8	1032	417	11	1724568	1721488	291	1298	0.0	1121
JALLLU010000005.1	sp|Q15R69|PUR4_PSEA6	55.9	1031	425	10	1724568	1721485	292	1295	0.0	1120
JALLLU010000005.1	sp|Q3IHZ2|PUR4_PSET1	56.5	1035	415	13	1724568	1721485	290	1296	0.0	1120
JALLLU010000005.1	sp|Q0HKU9|PUR4_SHESM	56.6	1034	412	14	1724568	1721485	291	1293	0.0	1120
JALLLU010000005.1	sp|Q7N1Z4|PUR4_PHOLL	56.6	1031	417	11	1724568	1721485	292	1295	0.0	1119
JALLLU010000006.1	sp|P55251|LEUC_RHIPU	79.8	757	145	5	1119836	1122094	3	755	0.0	1231
JALLLU010000006.1	sp|P18250|LEUC_PHYB8	76.7	760	152	9	1119836	1122094	3	744	0.0	1175
JALLLU010000006.1	sp|Q4P9K9|CHS8_USTMA	40.4	1730	899	32	1267903	1272921	104	1758	0.0	1154
JALLLU010000006.1	sp|Q4WLN1|ACON_ASPFU	76.2	719	169	2	1823061	1820908	63	780	0.0	1133
JALLLU010000006.1	sp|P55811|LEUC_RHINI	74.7	754	184	3	1119836	1122094	3	750	0.0	1131
JALLLU010000006.1	sp|C8VG90|ACON_EMENI	75.5	718	175	1	1823061	1820908	61	777	0.0	1130
JALLLU010000006.1	sp|J9VNT4|CHS5_CRYNH	40.1	1724	887	30	1267903	1272921	118	1746	0.0	1128
JALLLU010000006.1	sp|O13966|ACON_SCHPO	75.9	719	171	2	1823061	1820908	65	782	0.0	1127
JALLLU010000006.1	sp|D4AT77|ACON_ARTBC	73.8	721	188	1	1823061	1820899	54	773	0.0	1115
JALLLU010000006.1	sp|P19414|ACON_YEAST	72.1	720	200	1	1823061	1820905	54	773	0.0	1097
JALLLU010000006.1	sp|Q99798|ACON_HUMAN	72.5	720	198	0	1823061	1820902	58	777	0.0	1083
JALLLU010000006.1	sp|P34455|ACON_CAEEL	72.5	720	195	1	1823061	1820902	55	771	0.0	1080
JALLLU010000006.1	sp|P82611|ACON_CANAL	70.1	722	215	1	1823061	1820899	55	776	0.0	1075
JALLLU010000006.1	sp|Q54XS2|ACON_DICDI	72.5	720	196	2	1823055	1820899	48	766	0.0	1072
JALLLU010000006.1	sp|P49609|ACON_GRAGA	71.5	719	204	1	1823061	1820905	57	774	0.0	1070
JALLLU010000006.1	sp|O94489|EF3_SCHPO	51.6	1086	459	15	441068	444250	3	1046	0.0	1004
JALLLU010000006.1	sp|O14289|LEUC_SCHPO	65.0	768	252	6	1119812	1122094	1	758	0.0	988
JALLLU010000006.1	sp|P49601|LEUC_USTMA	64.7	760	256	3	1119833	1122076	3	762	2.47e-317	980
JALLLU010000006.1	sp|O13395|CHS6_USTMA	55.9	859	363	7	739366	736811	51	900	2.13e-307	969
JALLLU010000006.1	sp|P07264|LEUC_YEAST	61.7	771	278	7	1119833	1122094	9	779	2.31e-302	937
JALLLU010000006.1	sp|P17279|LEUC_MUCCL	79.0	590	112	4	1119839	1121605	51	629	7.68e-302	929
JALLLU010000006.1	sp|P29551|EF3_PNECA	52.4	974	440	8	441392	444256	74	1042	3.38e-296	931
JALLLU010000006.1	sp|O93796|EF3_CANGA	53.5	948	407	14	441374	444145	68	1005	3.74e-296	931
JALLLU010000006.1	sp|P53978|EF3B_YEAST	50.1	1077	467	18	441101	444253	11	1043	2.29e-295	929
JALLLU010000006.1	sp|J9VF17|CHS4_CRYNH	52.8	869	404	4	1270324	1272921	135	1000	1.91e-291	927
JALLLU010000007.1	sp|Q9C102|GLT1_SCHPO	62.0	1467	485	8	866166	870536	304	1708	0.0	1797
JALLLU010000007.1	sp|Q12680|GLT1_YEAST	56.5	1502	551	14	866166	870536	292	1735	0.0	1613
JALLLU010000007.1	sp|Q03460|GLSN_MEDSA	55.4	1506	559	17	866166	870536	336	1777	0.0	1548
JALLLU010000007.1	sp|P78820|ACAC_SCHPO	52.4	1547	679	19	784017	788519	743	2278	0.0	1537
JALLLU010000007.1	sp|Q0JKD0|GLT1_ORYSJ	54.4	1491	578	18	866166	870536	337	1759	0.0	1523
JALLLU010000007.1	sp|Q9LV03|GLUT1_ARATH	54.8	1503	575	19	866166	870536	354	1798	0.0	1521
JALLLU010000007.1	sp|Q0DG35|GLT2_ORYSJ	54.5	1493	584	19	866166	870536	344	1777	0.0	1499
JALLLU010000007.1	sp|Q00955|ACAC_YEAST	50.2	1517	720	18	784017	788513	733	2232	0.0	1405
JALLLU010000007.1	sp|P55037|GLTB_SYNY3	49.7	1315	590	13	866166	870101	276	1522	0.0	1233
JALLLU010000007.1	sp|P11029|ACAC_CHICK	42.1	1562	816	30	784017	788519	784	2317	0.0	1137
JALLLU010000007.1	sp|P96218|GLTB_MYCTU	47.2	1318	621	11	866166	870083	250	1504	0.0	1128
JALLLU010000007.1	sp|P39812|GLTA_BACSU	46.4	1309	618	15	866166	870083	251	1478	0.0	1122
JALLLU010000007.1	sp|Q28559|ACACA_SHEEP	41.5	1582	820	31	784017	788519	784	2340	0.0	1120
JALLLU010000007.1	sp|Q9TTS3|ACACA_BOVIN	41.4	1582	821	31	784017	788519	784	2340	0.0	1118
JALLLU010000007.1	sp|Q5SWU9|ACACA_MOUSE	41.3	1582	822	32	784017	788519	783	2339	0.0	1112
JALLLU010000007.1	sp|P11497|ACACA_RAT	41.3	1582	823	32	784017	788519	783	2339	0.0	1111
JALLLU010000007.1	sp|O00763|ACACB_HUMAN	41.9	1548	830	26	784017	788519	927	2451	0.0	1109
JALLLU010000007.1	sp|E9Q4Z2|ACACB_MOUSE	42.1	1548	826	26	784017	788519	917	2441	0.0	1108
JALLLU010000007.1	sp|Q13085|ACACA_HUMAN	41.0	1582	828	31	784017	788519	784	2340	0.0	1104
JALLLU010000007.1	sp|A5DI11|EF2_PICGU	75.7	666	162	0	359736	361733	177	842	0.0	1048
JALLLU010000007.1	sp|P32874|HFA1_YEAST	40.4	1503	844	23	784017	788474	802	2269	0.0	1046
JALLLU010000007.1	sp|A6ZMR9|HFA1_YEAS7	40.3	1503	845	23	784017	788474	802	2269	0.0	1044
JALLLU010000007.1	sp|Q5A0M4|EF2_CANAL	75.8	666	161	0	359736	361733	177	842	0.0	1043
JALLLU010000007.1	sp|C4YJQ8|EF2_CANAW	75.8	666	161	0	359736	361733	177	842	0.0	1043
JALLLU010000007.1	sp|Q874B9|EF2_PICPA	73.7	666	175	0	359736	361733	177	842	0.0	1036
JALLLU010000008.1	sp|Q09794|PYR1_SCHPO	63.6	2225	724	16	851026	857661	89	2239	0.0	2746
JALLLU010000008.1	sp|O93937|PYR1_EMENI	62.9	2256	719	18	851026	857655	90	2273	0.0	2739
JALLLU010000008.1	sp|P07259|PYR1_YEAST	61.4	2236	764	22	851026	857661	52	2212	0.0	2644
JALLLU010000008.1	sp|Q9JHU4|DYHC1_MOUSE	36.5	4437	2226	67	30911	43609	595	4643	0.0	2372
JALLLU010000008.1	sp|Q14204|DYHC1_HUMAN	36.5	4424	2234	63	30911	43609	597	4645	0.0	2370
JALLLU010000008.1	sp|P38650|DYHC1_RAT	36.4	4437	2232	67	30911	43609	595	4643	0.0	2360
JALLLU010000008.1	sp|P37276|DYHC_DROME	35.6	4410	2299	73	30911	43609	591	4635	0.0	2229
JALLLU010000008.1	sp|P20054|PYR1_DICDI	51.8	2280	937	31	851026	857661	39	2223	0.0	2154
JALLLU010000008.1	sp|Q91437|PYR1_SQUAC	51.4	2302	938	32	851026	857664	32	2242	0.0	2150
JALLLU010000008.1	sp|P27708|PYR1_HUMAN	51.4	2296	931	31	851026	857664	32	2225	0.0	2116
JALLLU010000008.1	sp|P08955|PYR1_MESAU	51.5	2294	931	30	851026	857664	32	2225	0.0	2110
JALLLU010000008.1	sp|B2RQC6|PYR1_MOUSE	51.4	2297	929	30	851026	857664	32	2225	0.0	2110
JALLLU010000008.1	sp|P34036|DYHC_DICDI	34.4	4442	2361	70	30911	43600	638	4723	0.0	2077
JALLLU010000008.1	sp|P05990|PYR1_DROME	50.4	2272	969	34	851026	857658	43	2218	0.0	2039
JALLLU010000008.1	sp|P45443|DYHC_NEUCR	35.5	4108	2120	61	30911	42802	622	4366	0.0	1966
JALLLU010000008.1	sp|Q18990|PYR1_CAEEL	48.3	2286	982	34	851026	857658	33	2194	0.0	1957
JALLLU010000008.1	sp|P78716|DYHC_FUSVN	36.0	4063	2149	56	30911	42775	624	4343	0.0	1956
JALLLU010000008.1	sp|P45444|DYHC_EMENI	34.7	4107	2139	67	30911	42775	614	4339	0.0	1936
JALLLU010000008.1	sp|Q19020|DYHC_CAEEL	35.1	3625	1941	62	33101	43609	1202	4565	0.0	1834
JALLLU010000008.1	sp|Q27171|DYHC_PARTE	28.6	4385	2570	72	30911	43606	563	4538	0.0	1539
JALLLU010000008.1	sp|Q4PFV5|DPOE_USTMA	45.8	1804	819	20	1631322	1636493	553	2278	0.0	1530
JALLLU010000008.1	sp|P0CN27|DPOE_CRYNB	46.1	1790	836	29	1631322	1636574	550	2249	0.0	1504
JALLLU010000008.1	sp|P0CN26|DPOE_CRYNJ	46.1	1790	836	29	1631322	1636574	550	2249	0.0	1504
JALLLU010000008.1	sp|P31327|CPSM_HUMAN	50.7	1512	628	18	851026	855516	76	1484	0.0	1448
JALLLU010000008.1	sp|Q8C196|CPSM_MOUSE	50.8	1515	621	19	851026	855516	76	1484	0.0	1448
JALLLU010000009.1	sp|O75643|U520_HUMAN	58.5	2189	842	12	189175	182627	1	2129	0.0	2542
JALLLU010000009.1	sp|Q6P4T2|U520_MOUSE	58.5	2189	843	12	189175	182627	1	2129	0.0	2542
JALLLU010000009.1	sp|F1LNJ2|U520_RAT	58.4	2192	842	13	189175	182627	1	2132	0.0	2538
JALLLU010000009.1	sp|Q9VUV9|U520_DROME	56.6	2192	881	16	189175	182630	1	2132	0.0	2466
JALLLU010000009.1	sp|Q9SYP1|DEXHC_ARATH	56.3	2197	899	25	189172	182636	8	2160	0.0	2307
JALLLU010000009.1	sp|O48534|DEXHD_ARATH	54.0	2199	951	25	189172	182627	9	2164	0.0	2231
JALLLU010000009.1	sp|Q9UT24|BRR2_SCHPO	52.5	2186	979	22	189151	182630	28	2166	0.0	2210
JALLLU010000009.1	sp|Q9U2G0|U520_CAEEL	51.9	2193	980	20	189175	182630	1	2130	0.0	2161
JALLLU010000009.1	sp|Q55CI8|HELCL_DICDI	49.9	2237	1029	27	189175	182657	1	2210	0.0	2017
JALLLU010000009.1	sp|Q54YZ9|DHKJ_DICDI	57.3	1748	643	17	1233645	1228495	172	1847	0.0	1738
JALLLU010000009.1	sp|P32639|BRR2_YEAST	41.1	2210	1197	34	189145	182636	17	2162	0.0	1602
JALLLU010000009.1	sp|O93927|FKS1_CRYNH	53.0	1574	661	21	951074	946524	133	1685	0.0	1568
JALLLU010000009.1	sp|Q9FNQ1|DEXHE_ARATH	45.6	1725	917	14	187795	182645	440	2151	0.0	1530
JALLLU010000009.1	sp|F1NTD6|ASCC3_CHICK	45.4	1764	901	20	187759	182636	432	2188	0.0	1503
JALLLU010000009.1	sp|A2QLK4|FKS1_ASPNC	50.9	1580	683	20	951065	946551	180	1741	0.0	1484
JALLLU010000009.1	sp|E1BNG3|ASCC3_BOVIN	43.8	1792	939	21	187795	182588	417	2195	0.0	1469
JALLLU010000009.1	sp|Q8N3C0|ASCC3_HUMAN	43.9	1779	929	19	187795	182627	417	2182	0.0	1466
JALLLU010000009.1	sp|E9PZJ8|ASCC3_MOUSE	43.9	1780	932	20	187795	182627	413	2183	0.0	1458
JALLLU010000009.1	sp|O13967|BGS2_SCHPO	49.7	1605	701	25	951083	946524	176	1759	0.0	1440
JALLLU010000009.1	sp|F1LPQ2|ASCC3_RAT	42.8	1791	937	19	187795	182627	412	2182	0.0	1431
JALLLU010000009.1	sp|Q54G57|ASCC3_DICDI	43.6	1748	920	20	187759	182663	428	2158	0.0	1424
JALLLU010000009.1	sp|P40989|FKS2_YEAST	48.8	1616	726	24	951125	946524	146	1741	0.0	1420
JALLLU010000009.1	sp|O74475|BGS4_SCHPO	48.0	1614	718	25	951065	946545	192	1790	0.0	1412
JALLLU010000009.1	sp|P38631|FKS1_YEAST	48.1	1641	742	25	951221	946545	102	1715	0.0	1405
JALLLU010000009.1	sp|Q10287|BGS1_SCHPO	48.4	1553	732	25	951062	946545	63	1592	0.0	1369
