JALPMW010000029.1	sp|Q03319|PRH1_SCHPO	32.2	684	342	16	5019	7001	114	698	1.79e-75	272
JALPMW010000029.1	sp|Q54NJ4|DHX15_DICDI	31.1	689	343	22	5007	6992	91	674	8.19e-70	255
JALPMW010000029.1	sp|Q14562|DHX8_HUMAN	29.7	688	352	18	5019	7001	583	1165	8.69e-65	248
JALPMW010000029.1	sp|A2A4P0|DHX8_MOUSE	29.7	688	352	18	5019	7001	607	1189	9.96e-65	248
JALPMW010000029.1	sp|Q80VY9|DHX33_MOUSE	29.7	690	347	18	5025	6992	85	670	5.72e-64	237
JALPMW010000029.1	sp|O43143|DHX15_HUMAN	30.5	698	336	22	5025	6992	157	747	7.15e-64	239
JALPMW010000029.1	sp|O35286|DHX15_MOUSE	30.5	698	336	22	5025	6992	157	747	7.15e-64	239
JALPMW010000029.1	sp|Q5RAZ4|DHX15_PONAB	30.5	698	336	22	5025	6992	157	747	7.15e-64	239
JALPMW010000029.1	sp|P24384|PRP22_YEAST	30.9	686	344	19	5022	7001	502	1083	4.80e-63	242
JALPMW010000029.1	sp|Q54F05|DHX8_DICDI	29.6	690	350	19	5019	7001	526	1108	5.31e-63	242
JALPMW010000029.1	sp|O42945|DHX15_SCHPO	30.2	723	365	22	4950	7001	67	688	6.71e-63	235
JALPMW010000029.1	sp|O22899|PRP43_ARATH	29.4	700	352	20	5022	7001	84	681	8.11e-63	234
JALPMW010000029.1	sp|Q9BKQ8|DHX35_CAEEL	28.8	670	351	17	5022	6938	96	670	8.55e-63	234
JALPMW010000029.1	sp|Q38953|DEAH5_ARATH	29.6	689	351	18	5019	7001	533	1115	1.30e-62	241
JALPMW010000029.1	sp|Q9H6R0|DHX33_HUMAN	29.6	692	345	18	5025	6992	94	679	1.33e-62	233
JALPMW010000029.1	sp|F4K2E9|PRP16_ARATH	35.8	486	229	15	5019	6431	576	993	2.74e-62	240
JALPMW010000029.1	sp|F4IE66|PRP22_ARATH	28.6	754	360	19	4974	7001	44	697	3.88e-62	232
JALPMW010000029.1	sp|Q17R09|PRP16_BOVIN	32.6	555	269	14	4938	6527	520	994	4.18e-62	239
JALPMW010000029.1	sp|Q92620|PRP16_HUMAN	32.6	555	269	14	4938	6527	520	994	4.18e-62	239
JALPMW010000029.1	sp|Q9HE06|YK99_SCHPO	30.0	666	343	17	5019	6941	43	610	8.27e-62	229
JALPMW010000029.1	sp|P53131|PRP43_YEAST	29.8	704	347	24	5019	7001	111	710	9.14e-62	232
JALPMW010000029.1	sp|Q20875|DHX15_CAEEL	29.4	717	362	19	4977	7001	80	694	1.03e-61	231
JALPMW010000029.1	sp|Q9LZQ9|DEAH2_ARATH	28.7	700	357	20	5022	7001	80	677	1.49e-61	231
JALPMW010000029.1	sp|P34498|MOG1_CAEEL	29.7	674	348	18	4983	6932	447	1018	1.69e-61	237
JALPMW010000029.1	sp|Q09530|MOG5_CAEEL	28.9	705	361	20	4980	7001	545	1140	1.93e-61	237
JALPMW010000045.1	sp|Q8SS35|Y4A0_ENCCU	44.7	806	413	15	27862	30204	5	802	1.31e-191	645
JALPMW010000045.1	sp|P35579|MYH9_HUMAN	42.1	864	447	15	27859	30315	32	887	1.53e-182	626
JALPMW010000045.1	sp|Q8VDD5|MYH9_MOUSE	42.2	864	446	15	27859	30315	32	887	1.53e-182	626
JALPMW010000045.1	sp|P10587|MYH11_CHICK	41.8	867	446	14	27859	30291	35	898	2.83e-182	625
JALPMW010000045.1	sp|Q9USI6|MYO2_SCHPO	43.3	823	424	15	27859	30225	27	840	2.95e-182	614
JALPMW010000045.1	sp|Q258K2|MYH9_CANLF	42.0	864	448	15	27859	30315	32	887	4.96e-182	624
JALPMW010000045.1	sp|Q62812|MYH9_RAT	42.0	870	452	15	27841	30315	26	887	5.05e-182	624
JALPMW010000045.1	sp|P14105|MYH9_CHICK	42.2	846	440	14	27859	30261	32	873	3.82e-181	622
JALPMW010000045.1	sp|P35749|MYH11_HUMAN	42.4	827	424	13	27859	30195	36	858	3.88e-179	616
JALPMW010000045.1	sp|P35748|MYH11_RABIT	42.2	827	426	13	27859	30195	36	858	9.35e-179	615
JALPMW010000045.1	sp|Q27991|MYH10_BOVIN	41.8	855	438	17	27859	30267	36	882	1.87e-177	611
JALPMW010000045.1	sp|P35580|MYH10_HUMAN	41.6	855	439	17	27859	30267	36	882	3.36e-177	610
JALPMW010000045.1	sp|Q61879|MYH10_MOUSE	41.6	855	439	17	27859	30267	36	882	3.36e-177	610
JALPMW010000045.1	sp|Q9JLT0|MYH10_RAT	41.6	855	439	17	27859	30267	36	882	4.51e-177	610
JALPMW010000045.1	sp|O08638|MYH11_MOUSE	42.0	823	425	13	27859	30183	36	854	1.02e-176	608
JALPMW010000045.1	sp|Q99323|MYSN_DROME	40.3	908	443	19	27859	30312	83	981	5.11e-176	608
JALPMW010000045.1	sp|O14148|INO80_SCHPO	40.7	965	360	19	134249	136522	618	1577	3.67e-175	595
JALPMW010000045.1	sp|Q9BE39|MYH7_BOVIN	40.1	865	461	15	27859	30321	37	888	3.53e-174	600
JALPMW010000045.1	sp|P08799|MYS2_DICDI	42.8	775	422	10	27937	30204	65	837	9.40e-174	602
JALPMW010000045.1	sp|P05659|MYSN_ACACA	41.9	817	419	12	27982	30279	83	894	1.05e-173	588
JALPMW010000045.1	sp|P24733|MYS_ARGIR	43.2	783	399	14	27964	30189	71	848	1.20e-173	598
JALPMW010000045.1	sp|P13533|MYH6_HUMAN	41.0	814	428	15	27880	30183	44	851	1.22e-173	598
JALPMW010000045.1	sp|Q02566|MYH6_MOUSE	41.4	814	425	16	27880	30183	44	851	2.15e-173	598
JALPMW010000045.1	sp|P08964|MYO1_YEAST	41.3	848	422	17	27982	30315	69	910	3.29e-173	597
JALPMW010000045.1	sp|Q7Z406|MYH14_HUMAN	40.3	878	465	14	27859	30360	56	918	5.28e-173	598
JALPMW010000046.1	sp|Q9P7X8|RPA2_SCHPO	36.3	1193	621	22	130996	127703	26	1174	2.63e-209	682
JALPMW010000046.1	sp|P53505|ACT5_XENLA	82.2	376	65	1	115379	116500	1	376	2.44e-208	645
JALPMW010000046.1	sp|P53478|ACT5_CHICK	82.2	376	65	1	115379	116500	1	376	3.32e-208	645
JALPMW010000046.1	sp|P04829|ACT3_BOMMO	82.2	376	65	1	115379	116500	1	376	8.39e-208	644
JALPMW010000046.1	sp|P53471|ACT2_SCHMA	81.9	376	66	1	115379	116500	1	376	1.14e-207	644
JALPMW010000046.1	sp|P53470|ACT1_SCHMA	82.2	376	65	1	115379	116500	1	376	1.56e-207	643
JALPMW010000046.1	sp|P02572|ACT2_DROME	82.2	376	65	1	115379	116500	1	376	1.56e-207	643
JALPMW010000046.1	sp|P53464|ACTM_HELTB	81.6	376	67	1	115379	116500	1	376	1.56e-207	643
JALPMW010000046.1	sp|P10984|ACT2_CAEEL	81.4	376	68	1	115379	116500	1	376	2.12e-207	643
JALPMW010000046.1	sp|P02578|ACT1_ACACA	81.9	376	65	2	115379	116500	1	375	2.79e-207	642
JALPMW010000046.1	sp|Q7ZVI7|ACTB1_DANRE	82.4	374	64	1	115385	116500	2	375	2.79e-207	642
JALPMW010000046.1	sp|Q6P378|ACTG_XENTR	82.4	374	64	1	115385	116500	2	375	2.79e-207	642
JALPMW010000046.1	sp|P10987|ACT1_DROME	81.9	376	66	1	115379	116500	1	376	2.89e-207	642
JALPMW010000046.1	sp|P30162|ACT1_ONCVO	81.1	376	69	1	115379	116500	1	376	2.89e-207	642
JALPMW010000046.1	sp|P84184|ACT3B_HELAM	81.9	376	66	1	115379	116500	1	376	2.89e-207	642
JALPMW010000046.1	sp|P84183|ACT4_BOMMO	81.9	376	66	1	115379	116500	1	376	2.89e-207	642
JALPMW010000046.1	sp|P10986|ACT4_CAEEL	81.1	376	69	1	115379	116500	1	376	2.89e-207	642
JALPMW010000046.1	sp|P84185|ACT5C_ANOGA	81.9	376	66	1	115379	116500	1	376	2.89e-207	642
JALPMW010000046.1	sp|P53463|ACTM_HELER	81.6	376	67	1	115379	116500	1	376	2.89e-207	642
JALPMW010000046.1	sp|Q5JAK2|ACTG_PELLE	82.1	374	65	1	115385	116500	2	375	3.79e-207	642
JALPMW010000046.1	sp|P15475|ACTB_XENBO	81.6	376	67	1	115379	116500	1	376	3.94e-207	642
JALPMW010000046.1	sp|Q26065|ACT_PLAMG	81.6	376	67	1	115379	116500	1	376	3.94e-207	642
JALPMW010000046.1	sp|P0DM41|ACT1_CAEEL	80.9	376	70	1	115379	116500	1	376	5.37e-207	642
JALPMW010000046.1	sp|P30163|ACT2_ONCVO	81.4	376	68	1	115379	116500	1	376	5.37e-207	642
JALPMW010000046.1	sp|Q25010|ACT3A_HELAM	81.9	376	66	1	115379	116500	1	376	5.37e-207	642
JALPMW010000041.1	sp|Q9GSR5|TBB_ENCIN	79.2	432	90	0	11048	9753	1	432	2.52e-235	725
JALPMW010000041.1	sp|Q8SS99|TBB_ENCCU	79.2	432	90	0	11048	9753	1	432	6.36e-235	724
JALPMW010000041.1	sp|Q91240|TBB_PSEAM	78.1	439	96	0	11048	9732	1	439	2.74e-234	722
JALPMW010000041.1	sp|Q2T9S0|TBB3_BOVIN	79.7	433	88	0	11048	9750	1	433	8.36e-234	721
JALPMW010000041.1	sp|Q13509|TBB3_HUMAN	79.7	433	88	0	11048	9750	1	433	8.36e-234	721
JALPMW010000041.1	sp|Q60HC2|TBB3_MACFA	79.7	433	88	0	11048	9750	1	433	8.36e-234	721
JALPMW010000041.1	sp|Q9ERD7|TBB3_MOUSE	79.7	433	88	0	11048	9750	1	433	8.36e-234	721
JALPMW010000041.1	sp|Q4QRB4|TBB3_RAT	79.7	433	88	0	11048	9750	1	433	8.36e-234	721
JALPMW010000041.1	sp|Q24829|TBB_ENCHE	78.5	432	93	0	11048	9753	1	432	1.40e-233	720
JALPMW010000041.1	sp|Q9YHC3|TBB1_GADMO	79.0	433	91	0	11048	9750	1	433	1.75e-233	720
JALPMW010000041.1	sp|O44388|TBB_TRITR	77.9	435	96	0	11048	9744	1	435	2.30e-233	719
JALPMW010000041.1	sp|P41937|TBB4_CAEEL	78.3	433	94	0	11048	9750	1	433	3.13e-233	719
JALPMW010000041.1	sp|Q3MHM5|TBB4B_BOVIN	78.8	433	92	0	11048	9750	1	433	3.25e-233	719
JALPMW010000041.1	sp|P68371|TBB4B_HUMAN	78.8	433	92	0	11048	9750	1	433	3.25e-233	719
JALPMW010000041.1	sp|P68372|TBB4B_MOUSE	78.8	433	92	0	11048	9750	1	433	3.25e-233	719
JALPMW010000041.1	sp|P30883|TBB4_XENLA	78.8	433	92	0	11048	9750	1	433	3.25e-233	719
JALPMW010000041.1	sp|P09652|TBB4_CHICK	79.4	433	89	0	11048	9750	1	433	3.78e-233	719
JALPMW010000041.1	sp|Q2KJD0|TBB5_BOVIN	78.3	437	94	1	11048	9741	1	437	5.81e-233	718
JALPMW010000041.1	sp|P69893|TBB5_CRIGR	78.3	437	94	1	11048	9741	1	437	5.81e-233	718
JALPMW010000041.1	sp|P07437|TBB5_HUMAN	78.3	437	94	1	11048	9741	1	437	5.81e-233	718
JALPMW010000041.1	sp|P69895|TBB5_MACMU	78.3	437	94	1	11048	9741	1	437	5.81e-233	718
JALPMW010000041.1	sp|P99024|TBB5_MOUSE	78.3	437	94	1	11048	9741	1	437	5.81e-233	718
JALPMW010000041.1	sp|Q7JJU6|TBB5_PANTR	78.3	437	94	1	11048	9741	1	437	5.81e-233	718
JALPMW010000041.1	sp|Q767L7|TBB5_PIG	78.3	437	94	1	11048	9741	1	437	5.81e-233	718
JALPMW010000041.1	sp|Q5R943|TBB5_PONAB	78.3	437	94	1	11048	9741	1	437	5.81e-233	718
JALPMW010000047.1	sp|Q8SSC4|RPB1_ENCCU	51.2	1485	619	20	101180	96882	8	1439	0.0	1367
JALPMW010000047.1	sp|P36594|RPB1_SCHPO	50.2	1467	659	24	101189	96954	11	1461	0.0	1314
JALPMW010000047.1	sp|Q75A34|RPB1_ASHGO	49.0	1461	675	26	101186	96963	10	1453	0.0	1268
JALPMW010000047.1	sp|P35084|RPB1_DICDI	48.6	1472	677	22	101183	96966	12	1469	0.0	1262
JALPMW010000047.1	sp|P04050|RPB1_YEAST	47.5	1479	710	25	101186	96903	10	1472	0.0	1237
JALPMW010000047.1	sp|P18616|NRPB1_ARATH	48.2	1471	683	22	101177	96966	14	1472	0.0	1226
JALPMW010000047.1	sp|P11414|RPB1_CRIGR	46.3	1481	713	23	101186	96960	14	1483	0.0	1188
JALPMW010000047.1	sp|P24928|RPB1_HUMAN	46.3	1481	713	23	101186	96960	14	1483	0.0	1188
JALPMW010000047.1	sp|P08775|RPB1_MOUSE	46.3	1481	713	23	101186	96960	14	1483	0.0	1188
JALPMW010000047.1	sp|P35074|RPB1_CAEBR	45.9	1482	717	26	101192	96960	9	1476	0.0	1177
JALPMW010000047.1	sp|P16356|RPB1_CAEEL	45.9	1481	717	26	101192	96960	9	1475	0.0	1172
JALPMW010000047.1	sp|P04052|RPB1_DROME	45.1	1478	731	27	101186	96960	10	1475	0.0	1157
JALPMW010000047.1	sp|A5DCV3|RPB1_PICGU	42.2	1538	621	24	101186	96816	11	1361	0.0	1073
JALPMW010000047.1	sp|Q8SSK1|RAD25_ENCCU	61.2	649	248	2	148856	146910	5	649	1.38e-254	792
JALPMW010000047.1	sp|P17546|RPB1A_TRYBB	37.1	1494	831	31	101192	96963	11	1479	6.96e-254	832
JALPMW010000047.1	sp|P17545|RPB1B_TRYBB	37.0	1494	832	31	101192	96963	11	1479	1.27e-253	832
JALPMW010000047.1	sp|C4V922|RAD25_NOSCE	62.3	629	226	3	148856	146976	5	624	2.70e-249	776
JALPMW010000047.1	sp|P14248|RPB1_PLAFD	30.7	2077	776	36	101183	96906	14	2081	1.07e-246	830
JALPMW010000047.1	sp|Q6E6J3|RAD25_ANTLO	59.6	626	251	2	148856	146982	20	644	1.09e-240	753
JALPMW010000047.1	sp|A9CRJ7|RAD25_ENTBH	60.2	603	225	3	148802	147024	1	598	1.21e-230	720
JALPMW010000047.1	sp|O13768|ERCC3_SCHPO	56.9	649	228	3	148802	147012	82	730	1.53e-225	714
JALPMW010000047.1	sp|Q00578|RAD25_YEAST	55.9	646	236	3	148802	147012	123	768	1.97e-220	701
JALPMW010000047.1	sp|O00835|ERCC3_DICDI	54.0	668	250	3	148856	147024	54	721	1.87e-219	696
JALPMW010000047.1	sp|Q7T6X5|RPO1_MIMIV	33.2	1494	875	23	101174	96942	18	1471	1.51e-218	720
JALPMW010000047.1	sp|Q5ZL98|RPC1_CHICK	34.5	1472	769	36	101180	96987	13	1363	7.54e-212	697
JALPMW010000027.1	sp|Q54JQ2|IDE_DICDI	35.7	213	129	3	8357	8983	26	234	1.32e-29	133
JALPMW010000027.1	sp|P22817|IDE_DROME	26.8	369	234	7	8357	9430	33	376	5.40e-29	131
JALPMW010000027.1	sp|Q06010|STE23_YEAST	24.0	429	287	8	8312	9556	55	458	8.75e-26	121
JALPMW010000027.1	sp|Q8ZMB5|PTRA_SALTY	21.9	835	553	26	8357	10753	40	811	7.13e-25	118
JALPMW010000027.1	sp|Q8X6M8|PTRA_ECO57	31.2	221	148	1	8357	9007	40	260	1.42e-23	114
JALPMW010000027.1	sp|Q8CVS2|PTRA_ECOL6	31.2	221	148	1	8357	9007	40	260	1.42e-23	114
JALPMW010000027.1	sp|P05458|PTRA_ECOLI	31.2	221	148	1	8357	9007	40	260	1.42e-23	114
JALPMW010000027.1	sp|Q83QC3|PTRA_SHIFL	31.2	221	148	1	8357	9007	40	260	1.42e-23	114
JALPMW010000027.1	sp|Q8Z418|PTRA_SALTI	21.6	835	556	26	8357	10753	40	811	2.44e-23	113
JALPMW010000027.1	sp|P55174|PQQF_PSEPH	27.7	220	148	2	8336	8986	15	226	2.89e-17	93.2
JALPMW010000027.1	sp|Q4W6B5|MPPB_DICDI	28.4	218	135	5	8372	8995	36	242	2.11e-16	89.0
JALPMW010000027.1	sp|Q42290|MPPB_ARATH	28.0	211	139	6	8384	8998	102	305	1.80e-13	80.1
JALPMW010000027.1	sp|P55679|Y4WA_SINFN	24.3	296	188	7	8312	9145	55	332	1.08e-11	74.3
JALPMW010000039.1	sp|Q10233|RPC2_SCHPO	47.6	1125	502	16	35315	32145	58	1162	8.29e-317	991
JALPMW010000039.1	sp|Q9NW08|RPC2_HUMAN	47.2	1120	500	17	35315	32154	34	1128	9.80e-313	978
JALPMW010000039.1	sp|P59470|RPC2_MOUSE	47.2	1120	500	17	35315	32154	34	1128	4.56e-312	976
JALPMW010000039.1	sp|P22276|RPC2_YEAST	47.1	1117	507	16	35315	32148	52	1145	1.26e-304	955
JALPMW010000039.1	sp|P25167|RPC2_DROME	44.3	1136	538	19	35345	32148	26	1136	1.01e-291	917
JALPMW010000039.1	sp|F4KD38|NRPC2_ARATH	42.1	1139	555	18	35315	32154	40	1158	1.56e-261	831
JALPMW010000039.1	sp|Q54IZ9|RPC2_DICDI	32.3	1584	518	21	35321	32154	48	1605	6.94e-227	746
JALPMW010000039.1	sp|P11513|RPOB_SULAC	35.4	1129	619	22	35306	32154	18	1114	1.27e-191	627
JALPMW010000039.1	sp|P31814|RPOB_THECE	34.1	1135	623	21	35309	32154	26	1118	1.42e-187	615
JALPMW010000039.1	sp|Q8SR75|RPB2_ENCCU	35.4	1150	615	29	35315	32160	18	1137	9.33e-186	610
JALPMW010000039.1	sp|Q54J75|RPB2_DICDI	33.7	1172	621	25	35315	32160	31	1166	1.53e-185	611
JALPMW010000039.1	sp|Q10578|RPB2_CAEEL	33.5	1196	635	30	35360	32151	19	1180	2.00e-183	605
JALPMW010000039.1	sp|Q8SRH0|PRS4_ENCCU	68.6	417	131	0	17465	16215	8	424	1.48e-180	566
JALPMW010000039.1	sp|P30876|RPB2_HUMAN	34.0	1194	635	27	35372	32160	8	1171	1.08e-179	594
JALPMW010000039.1	sp|Q8CFI7|RPB2_MOUSE	33.9	1194	636	27	35372	32160	8	1171	3.65e-179	592
JALPMW010000039.1	sp|P08518|RPB2_YEAST	34.9	1205	601	30	35309	32160	40	1216	5.49e-179	593
JALPMW010000039.1	sp|Q42877|RPB2_SOLLC	33.6	1179	628	30	35315	32148	33	1179	2.61e-178	590
JALPMW010000039.1	sp|Q6FLD5|RPB2_CANGA	34.6	1206	605	30	35309	32160	38	1215	3.30e-178	591
JALPMW010000039.1	sp|P62191|PRS4_HUMAN	69.6	405	122	1	17429	16218	35	439	1.28e-177	559
JALPMW010000039.1	sp|P62192|PRS4_MOUSE	69.6	405	122	1	17429	16218	35	439	1.28e-177	559
JALPMW010000039.1	sp|P62193|PRS4_RAT	69.6	405	122	1	17429	16218	35	439	1.28e-177	559
JALPMW010000039.1	sp|P08266|RPB2_DROME	34.5	1190	629	32	35363	32160	12	1173	4.95e-177	586
JALPMW010000039.1	sp|P38420|NRPB2_ARATH	33.1	1174	632	28	35315	32160	34	1176	5.01e-177	587
JALPMW010000039.1	sp|P48601|PRS4_DROME	65.1	438	146	2	17510	16218	1	438	1.07e-176	556
JALPMW010000039.1	sp|Q90732|PRS4_CHICK	69.1	405	124	1	17429	16218	35	439	9.64e-176	553
JALPMW010000038.1	sp|Q8SRI2|GFA1_ENCCU	49.6	702	335	10	13370	15427	1	699	1.17e-205	650
JALPMW010000038.1	sp|Q9Z2Z9|GFPT2_MOUSE	48.6	700	328	13	13370	15427	1	682	3.90e-192	611
JALPMW010000038.1	sp|P47856|GFPT1_MOUSE	47.5	705	343	11	13370	15427	1	697	4.75e-192	611
JALPMW010000038.1	sp|Q06210|GFPT1_HUMAN	47.5	707	342	11	13370	15427	1	699	6.91e-192	611
JALPMW010000038.1	sp|P82808|GFPT1_RAT	47.7	700	333	11	13370	15427	1	681	9.48e-192	610
JALPMW010000038.1	sp|O94808|GFPT2_HUMAN	48.0	698	335	11	13370	15427	1	682	8.46e-191	607
JALPMW010000038.1	sp|Q4KMC4|GFPT2_RAT	48.2	699	332	12	13370	15427	1	682	8.46e-191	607
JALPMW010000038.1	sp|Q08DQ2|GFPT2_BOVIN	48.1	699	333	12	13370	15427	1	682	5.37e-190	605
JALPMW010000038.1	sp|Q09740|GFA1_SCHPO	47.4	705	343	10	13370	15427	1	696	6.38e-188	599
JALPMW010000038.1	sp|P14742|GFA1_YEAST	45.7	720	354	11	13370	15427	1	717	3.26e-185	592
JALPMW010000038.1	sp|P53704|GFA1_CANAL	47.3	716	344	11	13370	15427	1	713	7.18e-185	591
JALPMW010000038.1	sp|Q8SS56|SYKC_ENCCU	52.4	502	223	4	5015	3531	17	509	1.02e-164	525
JALPMW010000038.1	sp|P37879|SYK_CRIGR	51.1	507	225	5	4979	3498	90	586	3.25e-158	509
JALPMW010000038.1	sp|Q99MN1|SYK_MOUSE	49.9	517	236	5	5009	3498	78	584	2.62e-157	507
JALPMW010000038.1	sp|Q15046|SYK_HUMAN	50.4	508	227	6	4979	3498	90	586	2.41e-156	504
JALPMW010000038.1	sp|Q5XIM7|SYK_RAT	50.1	517	235	5	5009	3498	109	615	8.53e-156	504
JALPMW010000038.1	sp|Q22099|SYK_CAEEL	50.3	517	232	6	5009	3498	60	564	6.74e-154	496
JALPMW010000038.1	sp|C4V8R9|SYKC_NOSCE	46.1	501	253	3	5012	3531	20	510	4.75e-146	471
JALPMW010000038.1	sp|Q9UUE6|SYKC_SCHPO	47.9	509	236	7	5003	3531	82	579	4.51e-145	471
JALPMW010000038.1	sp|P15180|SYKC_YEAST	48.9	509	228	9	4961	3498	92	589	7.17e-144	468
JALPMW010000038.1	sp|Q6F2U9|SYK_ORYSJ	46.3	527	239	6	5012	3531	85	600	1.63e-142	464
JALPMW010000038.1	sp|B3LLX6|YM084_YEAS1	39.8	718	394	8	13370	15415	1	716	3.05e-142	468
JALPMW010000038.1	sp|C7GL41|YM084_YEAS2	39.7	718	395	8	13370	15415	1	716	1.92e-141	466
JALPMW010000038.1	sp|A6ZME2|YM084_YEAS7	39.7	716	392	8	13370	15415	1	710	2.51e-140	462
JALPMW010000038.1	sp|A9CS74|SYKC_ENTBH	46.5	508	252	3	5009	3522	19	518	9.24e-137	444
JALPMW010000028.1	sp|Q9URM2|TKT_SCHPO	41.2	663	360	13	10551	12461	14	672	7.24e-135	444
JALPMW010000028.1	sp|Q12630|TKT1_KLULA	40.4	656	360	14	10551	12443	12	661	7.00e-134	441
JALPMW010000028.1	sp|P33315|TKT2_YEAST	41.1	657	362	15	10551	12452	12	666	3.99e-132	436
JALPMW010000028.1	sp|P23254|TKT1_YEAST	41.1	657	355	16	10551	12443	12	662	5.26e-132	436
JALPMW010000028.1	sp|P34736|TKT_PICST	39.7	652	367	12	10551	12437	9	657	8.76e-130	429
JALPMW010000028.1	sp|O67642|TKT_AQUAE	39.2	658	361	15	10548	12437	37	683	4.66e-122	407
JALPMW010000028.1	sp|O94039|TKT1_CANAX	37.7	655	380	12	10551	12443	9	659	3.23e-120	401
JALPMW010000028.1	sp|Q9KAD7|TKT_BACHD	38.0	658	379	14	10551	12449	10	663	7.32e-112	377
JALPMW010000028.1	sp|P45694|TKT_BACSU	38.0	666	373	15	10551	12452	9	666	1.18e-110	373
JALPMW010000028.1	sp|Q8RWV0|TKTC1_ARATH	37.3	660	382	16	10551	12446	85	740	4.06e-109	371
JALPMW010000028.1	sp|F4IW47|TKTC2_ARATH	37.8	669	368	17	10551	12449	85	741	5.50e-109	371
JALPMW010000028.1	sp|Q5XAK5|TKT_STRP6	37.9	643	372	14	10551	12410	79	717	7.35e-109	370
JALPMW010000028.1	sp|Q8YRU9|TKT_NOSS1	39.2	668	360	20	10551	12449	13	669	9.16e-109	368
JALPMW010000028.1	sp|Q8NZX4|TKT_STRP8	37.9	643	372	14	10551	12410	79	717	1.83e-108	369
JALPMW010000028.1	sp|Q7SIC9|TKTC_MAIZE	37.5	664	375	17	10551	12446	20	675	4.84e-108	366
JALPMW010000028.1	sp|Q42675|TKTA_CRAPL	37.0	671	378	16	10536	12443	17	677	9.94e-108	365
JALPMW010000028.1	sp|Q43848|TKTC_SOLTU	37.3	670	388	16	10518	12443	74	739	3.87e-107	365
JALPMW010000028.1	sp|O20250|TKTC_SPIOL	37.1	663	385	16	10536	12440	80	738	1.10e-105	361
JALPMW010000028.1	sp|A0A0I9QGZ2|TKT_GEOSE	36.2	660	391	14	10551	12449	10	666	3.26e-105	357
JALPMW010000028.1	sp|Q6GH64|TKT_STAAR	36.5	660	378	16	10551	12437	10	659	3.17e-104	354
JALPMW010000028.1	sp|Q87GY4|TKT2_VIBPA	36.6	667	372	17	10560	12449	10	662	1.50e-103	352
JALPMW010000028.1	sp|Q42677|TKT7_CRAPL	36.1	664	394	15	10536	12443	13	674	2.89e-103	352
JALPMW010000028.1	sp|P58333|TKT_RHIME	36.5	655	391	14	10554	12458	20	669	3.46e-103	352
JALPMW010000028.1	sp|A6YB01|TKT_PHYPO	38.0	656	373	17	10557	12446	14	661	4.80e-103	351
JALPMW010000028.1	sp|Q5HG77|TKT_STAAC	36.4	660	379	16	10551	12437	10	659	6.69e-103	350
JALPMW010000049.1	sp|Q9VQZ6|ELP3_DROME	67.5	530	169	2	91450	89870	23	552	8.76e-243	753
JALPMW010000049.1	sp|O14023|ELP3_SCHPO	65.9	533	176	3	91462	89882	12	544	1.74e-238	740
JALPMW010000049.1	sp|Q02908|ELP3_YEAST	66.9	532	169	4	91462	89888	24	555	2.12e-236	734
JALPMW010000049.1	sp|Q9H9T3|ELP3_HUMAN	67.8	512	164	1	91411	89879	36	547	3.22e-235	731
JALPMW010000049.1	sp|Q2KJ61|ELP3_BOVIN	67.8	512	164	1	91411	89879	36	547	5.98e-235	730
JALPMW010000049.1	sp|Q5RIC0|ELP3_DANRE	67.7	511	164	1	91411	89882	37	547	6.20e-235	730
JALPMW010000049.1	sp|Q6NVL5|ELP3_XENTR	67.9	511	163	1	91411	89882	38	548	1.19e-234	729
JALPMW010000049.1	sp|Q9CZX0|ELP3_MOUSE	67.6	512	165	1	91411	89879	36	547	1.51e-234	729
JALPMW010000049.1	sp|Q5ZHS1|ELP3_CHICK	68.4	512	161	1	91411	89879	35	546	2.70e-234	728
JALPMW010000049.1	sp|Q5HZM6|ELP3_XENLA	67.1	511	167	1	91411	89882	38	548	4.86e-233	724
JALPMW010000049.1	sp|Q60LW7|ELP3_CAEBR	67.5	511	165	1	91411	89882	32	542	3.07e-230	716
JALPMW010000049.1	sp|Q23651|ELP3_CAEEL	67.5	511	165	1	91411	89882	32	542	5.49e-230	716
JALPMW010000049.1	sp|Q7X7L3|ELP3_ORYSJ	67.1	511	167	1	91411	89882	62	572	9.02e-229	713
JALPMW010000049.1	sp|Q1ZXC6|ELP3_DICDI	66.0	512	173	1	91414	89882	47	558	1.01e-228	712
JALPMW010000049.1	sp|Q93ZR1|ELP3_ARATH	65.1	518	180	1	91432	89882	47	564	4.30e-228	711
JALPMW010000049.1	sp|Q8SRB2|DBP2_ENCCU	56.7	425	178	2	89462	88188	44	462	1.04e-151	488
JALPMW010000049.1	sp|Q5QMN3|RH20_ORYSJ	48.6	461	223	4	89534	88176	16	470	4.61e-136	443
JALPMW010000049.1	sp|Q9C718|RH20_ARATH	47.5	472	224	6	89534	88170	16	480	4.35e-134	438
JALPMW010000049.1	sp|Q8W4R3|RH30_ARATH	50.2	456	210	5	89504	88149	115	557	5.18e-134	441
JALPMW010000049.1	sp|A6RGE3|DBP2_AJECN	49.9	451	218	5	89453	88101	85	527	6.71e-134	439
JALPMW010000049.1	sp|Q2H720|DBP2_CHAGB	48.9	470	228	5	89492	88095	79	540	6.96e-134	440
JALPMW010000049.1	sp|Q6CIV2|DBP2_KLULA	48.0	500	244	8	89594	88095	29	512	2.50e-133	438
JALPMW010000049.1	sp|Q5R4I9|DDX5_PONAB	50.1	433	212	3	89462	88164	51	479	9.22e-133	439
JALPMW010000049.1	sp|Q59LU0|DBP2_CANAL	48.7	456	215	5	89453	88095	87	526	1.11e-132	436
JALPMW010000049.1	sp|P17844|DDX5_HUMAN	50.2	430	210	3	89453	88164	54	479	3.15e-132	437
JALPMW010000051.1	sp|Q8SRI6|TBA_ENCCU	74.7	434	109	1	122474	123775	1	433	1.16e-220	684
JALPMW010000051.1	sp|P91910|TBA3_CAEEL	70.2	440	128	2	122474	123784	1	440	1.95e-208	649
JALPMW010000051.1	sp|P50719|TBA_HAECO	70.2	440	128	2	122474	123784	1	440	2.66e-208	649
JALPMW010000051.1	sp|P34690|TBA2_CAEEL	69.5	436	132	1	122474	123778	1	436	1.16e-207	647
JALPMW010000051.1	sp|P36220|TBA_TORMA	69.5	440	131	2	122474	123784	1	440	3.27e-207	646
JALPMW010000051.1	sp|Q52PV9|TBA_TYRPU	70.3	435	126	2	122474	123769	1	435	5.85e-207	645
JALPMW010000051.1	sp|P06603|TBA1_DROME	69.6	438	130	2	122474	123778	1	438	7.97e-207	645
JALPMW010000051.1	sp|Q8WQ47|TBA_LEPDS	70.1	435	127	2	122474	123769	1	435	7.97e-207	645
JALPMW010000051.1	sp|P81947|TBA1B_BOVIN	69.3	440	132	2	122474	123784	1	440	8.27e-207	645
JALPMW010000051.1	sp|P68361|TBA1B_CRIGR	69.3	440	132	2	122474	123784	1	440	8.27e-207	645
JALPMW010000051.1	sp|P68363|TBA1B_HUMAN	69.3	440	132	2	122474	123784	1	440	8.27e-207	645
JALPMW010000051.1	sp|Q4R538|TBA1B_MACFA	69.3	440	132	2	122474	123784	1	440	8.27e-207	645
JALPMW010000051.1	sp|P68360|TBA1B_MERUN	69.3	440	132	2	122474	123784	1	440	8.27e-207	645
JALPMW010000051.1	sp|P05213|TBA1B_MOUSE	69.3	440	132	2	122474	123784	1	440	8.27e-207	645
JALPMW010000051.1	sp|Q2XVP4|TBA1B_PIG	69.3	440	132	2	122474	123784	1	440	8.27e-207	645
JALPMW010000051.1	sp|Q6P9V9|TBA1B_RAT	69.3	440	132	2	122474	123784	1	440	8.27e-207	645
JALPMW010000051.1	sp|Q28IX8|TBA_XENTR	69.7	435	129	2	122474	123769	1	435	1.05e-206	644
JALPMW010000051.1	sp|Q8T6A5|TBA1_APLCA	69.3	440	132	2	122474	123784	1	440	1.13e-206	644
JALPMW010000051.1	sp|P81948|TBA4A_BOVIN	69.9	435	128	2	122474	123769	1	435	1.87e-206	644
JALPMW010000051.1	sp|P68366|TBA4A_HUMAN	69.9	435	128	2	122474	123769	1	435	1.87e-206	644
JALPMW010000051.1	sp|P68367|TBA4A_MACFA	69.9	435	128	2	122474	123769	1	435	1.87e-206	644
JALPMW010000051.1	sp|P68368|TBA4A_MOUSE	69.9	435	128	2	122474	123769	1	435	1.87e-206	644
JALPMW010000051.1	sp|Q5XIF6|TBA4A_RAT	69.9	435	128	2	122474	123769	1	435	1.87e-206	644
JALPMW010000051.1	sp|P08537|TBA_XENLA	69.4	438	131	2	122474	123778	1	438	1.94e-206	644
JALPMW010000051.1	sp|P0DPH7|TBA3C_HUMAN	69.1	440	133	2	122474	123784	1	440	2.01e-206	644
JALPMW010000020.1	sp|A4IGH4|WDR4_DANRE	30.7	153	89	6	5442	5023	69	217	1.14e-06	57.0
JALPMW010000020.1	sp|P57081|WDR4_HUMAN	31.0	158	86	8	5532	5104	38	187	2.21e-04	49.7
JALPMW010000020.1	sp|A7E3S5|WDR4_BOVIN	31.0	116	67	4	5424	5104	77	188	2.22e-04	49.7
JALPMW010000020.1	sp|B5DMC9|WUHO_DROPS	25.3	146	90	5	5421	5023	94	233	8.50e-04	47.8
JALPMW010000017.1	sp|Q8WWZ7|ABCA5_HUMAN	59.5	42	17	0	4272	4397	493	534	1.13e-04	50.8
JALPMW010000017.1	sp|Q8K448|ABCA5_MOUSE	59.5	42	17	0	4272	4397	493	534	1.13e-04	50.8
JALPMW010000017.1	sp|Q8CF82|ABCA5_RAT	60.5	38	15	0	4284	4397	497	534	4.36e-04	48.9
JALPMW010000037.1	sp|Q00266|METK1_HUMAN	57.3	382	154	6	19039	20172	18	394	1.59e-135	436
JALPMW010000037.1	sp|P18298|METK2_RAT	58.3	381	150	6	19039	20169	18	393	2.96e-135	435
JALPMW010000037.1	sp|Q3THS6|METK2_MOUSE	58.3	381	150	6	19039	20169	18	393	5.48e-135	434
JALPMW010000037.1	sp|Q2KJC6|METK1_BOVIN	57.6	382	153	6	19039	20172	19	395	5.68e-135	434
JALPMW010000037.1	sp|P31153|METK2_HUMAN	58.0	381	151	6	19039	20169	18	393	1.02e-134	433
JALPMW010000037.1	sp|Q4R924|METK2_MACFA	58.0	381	151	6	19039	20169	18	393	1.02e-134	433
JALPMW010000037.1	sp|Q5R5H1|METK2_PONAB	58.0	381	151	6	19039	20169	18	393	1.02e-134	433
JALPMW010000037.1	sp|Q91X83|METK1_MOUSE	57.9	382	152	6	19039	20172	19	395	1.05e-134	433
JALPMW010000037.1	sp|P13444|METK1_RAT	58.5	383	149	7	19039	20172	19	396	2.02e-134	432
JALPMW010000037.1	sp|P50305|METK3_CAEEL	54.1	407	175	7	19027	20226	2	403	9.31e-130	419
JALPMW010000037.1	sp|O60198|METK_SCHPO	55.9	381	159	6	19039	20169	5	380	3.77e-129	417
JALPMW010000037.1	sp|P50306|METK4_CAEEL	55.8	382	160	6	19036	20169	5	381	4.36e-129	417
JALPMW010000037.1	sp|Q27522|METK5_CAEEL	56.4	385	159	6	19027	20169	2	381	4.36e-129	417
JALPMW010000037.1	sp|P40320|METK_DROME	54.1	386	168	5	19024	20169	24	404	5.12e-127	412
JALPMW010000037.1	sp|P10659|METK1_YEAST	54.3	381	165	5	19039	20169	5	380	3.36e-126	408
JALPMW010000037.1	sp|P19358|METK2_YEAST	53.6	384	169	5	19030	20169	4	382	2.29e-125	406
JALPMW010000037.1	sp|Q54F07|METK_DICDI	56.9	383	155	6	19039	20169	4	382	5.79e-125	405
JALPMW010000037.1	sp|P50304|METK_ASCIM	53.3	394	172	8	19015	20175	5	393	8.09e-123	399
JALPMW010000037.1	sp|P48466|METK_NEUCR	54.5	382	164	7	19039	20169	17	393	8.67e-123	399
JALPMW010000037.1	sp|O43938|METK_LEIIN	54.0	387	166	5	19042	20172	7	391	1.06e-122	399
JALPMW010000037.1	sp|O17680|METK1_CAEEL	52.6	399	176	7	19036	20208	4	397	3.92e-122	397
JALPMW010000037.1	sp|Q95032|METK_ACACA	51.9	389	174	8	19027	20169	3	386	8.44e-118	384
JALPMW010000037.1	sp|A8HYU5|METK_CHLRE	54.5	387	162	8	19039	20169	7	389	1.23e-117	384
JALPMW010000037.1	sp|Q7XZR1|METK1_ATRNU	54.8	387	160	9	19039	20169	8	389	2.42e-116	380
JALPMW010000037.1	sp|Q6F3F0|METK3_ATRNU	54.4	386	163	8	19039	20169	8	389	3.30e-116	380
JALPMW010000040.1	sp|Q8SSI7|CHS1_ENCCU	42.7	804	377	14	21595	19391	8	796	2.07e-186	600
JALPMW010000040.1	sp|Q4P333|CHS7_USTMA	36.4	856	399	21	21535	19388	83	933	3.74e-132	457
JALPMW010000040.1	sp|Q01285|CHS4_NEUCR	50.7	481	215	6	20761	19385	690	1170	8.33e-131	452
JALPMW010000040.1	sp|O13356|CHS1_CRYNH	49.8	472	218	7	20761	19397	464	933	1.54e-130	451
JALPMW010000040.1	sp|P78611|CHSD_EMENI	48.2	517	234	9	20755	19292	672	1183	8.37e-128	442
JALPMW010000040.1	sp|O13353|CHS4_MAGO7	49.8	480	211	7	20761	19400	686	1161	9.43e-128	443
JALPMW010000040.1	sp|P29465|CHS3_YEAST	50.7	473	204	8	20770	19427	652	1120	4.98e-127	439
JALPMW010000040.1	sp|P30573|CHS3_CANAX	50.4	482	202	9	20755	19409	667	1144	2.44e-126	438
JALPMW010000040.1	sp|Q6IRL9|HDAC3_XENLA	53.6	362	161	1	25150	24086	5	366	7.06e-123	401
JALPMW010000040.1	sp|P56517|HDAC1_CHICK	53.2	355	157	3	25153	24110	10	362	4.01e-122	401
JALPMW010000040.1	sp|O13394|CHS5_USTMA	48.7	487	219	9	20761	19379	801	1282	5.46e-122	434
JALPMW010000040.1	sp|P56520|HDAC3_CHICK	53.3	362	162	1	25150	24086	5	366	6.11e-122	399
JALPMW010000040.1	sp|Q32PJ8|HDAC1_BOVIN	53.2	355	157	3	25153	24110	10	362	7.93e-122	400
JALPMW010000040.1	sp|Q13547|HDAC1_HUMAN	53.2	355	157	3	25153	24110	10	362	7.93e-122	400
JALPMW010000040.1	sp|O09106|HDAC1_MOUSE	53.2	355	157	3	25153	24110	10	362	7.93e-122	400
JALPMW010000040.1	sp|Q5RAG0|HDAC1_PONAB	53.2	355	157	3	25153	24110	10	362	7.93e-122	400
JALPMW010000040.1	sp|Q4QQW4|HDAC1_RAT	53.2	355	157	3	25153	24110	10	362	7.93e-122	400
JALPMW010000040.1	sp|Q28DV3|HDAC3_XENTR	53.0	362	163	1	25150	24086	5	366	1.13e-121	398
JALPMW010000040.1	sp|O15379|HDAC3_HUMAN	53.0	366	157	2	25150	24086	5	366	2.10e-121	397
JALPMW010000040.1	sp|Q5RB76|HDAC3_PONAB	53.0	366	157	2	25150	24086	5	366	2.10e-121	397
JALPMW010000040.1	sp|J9VXM5|CHS3_CRYNH	48.5	489	217	9	20761	19385	692	1175	2.23e-121	428
JALPMW010000040.1	sp|O88895|HDAC3_MOUSE	53.0	366	157	2	25150	24086	5	366	2.49e-121	397
JALPMW010000040.1	sp|Q6P6W3|HDAC3_RAT	53.0	366	157	2	25150	24086	5	366	2.86e-121	397
JALPMW010000040.1	sp|Q55BW2|HDA12_DICDI	53.4	365	160	5	25153	24089	14	378	1.09e-120	395
JALPMW010000040.1	sp|Q8H0W2|HDA9_ARATH	53.0	366	157	5	25153	24089	6	367	1.70e-120	394
JALPMW010000050.1	sp|P38088|SYG_YEAST	51.0	614	253	7	46051	44354	40	653	1.29e-185	594
JALPMW010000050.1	sp|Q5I0G4|GARS_RAT	48.5	598	294	6	46051	44300	110	707	5.44e-176	568
JALPMW010000050.1	sp|Q9CZD3|GARS_MOUSE	48.5	598	294	6	46051	44300	111	708	7.64e-176	568
JALPMW010000050.1	sp|Q06817|SYG2_YEAST	50.7	584	271	6	46075	44366	4	584	1.42e-175	562
JALPMW010000050.1	sp|P41250|GARS_HUMAN	48.7	600	290	7	46051	44300	121	718	1.44e-175	567
JALPMW010000050.1	sp|Q5RBL1|GARS_PONAB	48.5	600	291	7	46051	44300	121	718	1.44e-175	567
JALPMW010000050.1	sp|Q10179|SYG_SCHPO	47.3	630	284	8	46051	44300	12	639	9.89e-170	547
JALPMW010000050.1	sp|Q04451|SYG_BOMMO	46.0	628	319	9	46135	44300	38	661	2.51e-167	541
JALPMW010000050.1	sp|P62333|PRS10_HUMAN	66.6	389	130	0	85698	84532	1	389	1.17e-163	518
JALPMW010000050.1	sp|P62335|PRS10_ICTTR	66.6	389	130	0	85698	84532	1	389	1.17e-163	518
JALPMW010000050.1	sp|P62334|PRS10_MOUSE	66.6	389	130	0	85698	84532	1	389	1.17e-163	518
JALPMW010000050.1	sp|O74445|PRS10_SCHPO	67.6	386	125	0	85689	84532	3	388	7.22e-163	516
JALPMW010000050.1	sp|Q2KIW6|PRS10_BOVIN	66.3	389	131	0	85698	84532	1	389	1.02e-162	515
JALPMW010000050.1	sp|O17071|PRS10_CAEEL	64.4	390	139	0	85701	84532	17	406	4.90e-160	508
JALPMW010000050.1	sp|Q8SQZ6|SYG_ENCCU	48.2	575	279	5	46042	44333	9	569	2.33e-158	511
JALPMW010000050.1	sp|Q10039|GARS_CAEEL	45.5	628	323	9	46132	44300	103	728	2.49e-158	518
JALPMW010000050.1	sp|O23627|SYGM1_ARATH	45.7	608	296	8	46051	44300	117	714	3.06e-158	517
JALPMW010000050.1	sp|Q9SEI3|PS10A_ARATH	63.3	384	141	0	85692	84541	9	392	5.34e-158	502
JALPMW010000050.1	sp|Q9MAK9|PS10B_ARATH	63.8	384	139	0	85692	84541	9	392	7.27e-158	502
JALPMW010000050.1	sp|P53549|PRS10_YEAST	64.7	382	135	0	85677	84532	56	437	2.07e-157	502
JALPMW010000050.1	sp|Q54PJ1|PRS10_DICDI	61.4	389	149	1	85695	84532	5	393	3.97e-153	488
JALPMW010000050.1	sp|Q57681|SYG_METJA	42.7	581	295	9	46030	44336	13	571	8.41e-134	440
JALPMW010000050.1	sp|A6VIK1|SYG_METM7	42.2	586	290	11	46027	44336	12	570	7.74e-128	423
JALPMW010000050.1	sp|A9A885|SYG_METM6	42.5	581	295	9	46027	44336	12	570	1.05e-127	422
JALPMW010000050.1	sp|Q6M0Q7|SYG_METMP	41.8	586	292	11	46027	44336	12	570	1.94e-127	422
JALPMW010000035.1	sp|Q7KN62|TERA_DROME	61.9	769	268	9	16393	18681	7	756	7.02e-293	905
JALPMW010000035.1	sp|P54812|TERA2_CAEEL	57.7	815	303	10	16381	18747	12	810	4.71e-288	892
JALPMW010000035.1	sp|Q7ZU99|TERA_DANRE	60.0	773	283	9	16381	18681	6	758	5.56e-288	891
JALPMW010000035.1	sp|P55072|TERA_HUMAN	60.8	766	274	9	16402	18681	13	758	5.56e-288	891
JALPMW010000035.1	sp|Q01853|TERA_MOUSE	60.8	766	274	9	16402	18681	13	758	5.56e-288	891
JALPMW010000035.1	sp|P46462|TERA_RAT	60.8	766	274	9	16402	18681	13	758	5.56e-288	891
JALPMW010000035.1	sp|Q6GL04|TERA_XENTR	60.7	766	275	9	16402	18681	13	758	1.35e-287	890
JALPMW010000035.1	sp|P54811|TERA1_CAEEL	59.8	777	283	11	16381	18681	12	769	2.12e-287	890
JALPMW010000035.1	sp|Q3ZBT1|TERA_BOVIN	60.7	766	275	9	16402	18681	13	758	2.60e-287	889
JALPMW010000035.1	sp|P03974|TERA_PIG	60.6	766	276	9	16402	18681	13	758	6.55e-287	888
JALPMW010000035.1	sp|P23787|TERA_XENLA	60.3	766	278	9	16402	18681	13	758	2.17e-286	887
JALPMW010000035.1	sp|P54609|CD48A_ARATH	59.9	765	283	8	16402	18681	17	762	7.43e-285	882
JALPMW010000035.1	sp|Q9LZF6|CD48E_ARATH	59.4	764	288	7	16402	18681	17	762	4.90e-284	880
JALPMW010000035.1	sp|P54774|CDC48_SOYBN	56.8	813	311	8	16381	18747	11	807	8.15e-284	879
JALPMW010000035.1	sp|Q9SCN8|CD48D_ARATH	58.6	771	295	7	16381	18681	11	761	2.01e-283	879
JALPMW010000035.1	sp|Q8SSJ5|CDC48_ENCCU	57.0	788	315	6	16390	18738	7	775	1.52e-279	866
JALPMW010000035.1	sp|Q96372|CDC48_CAPAN	58.5	769	299	7	16381	18681	11	761	5.02e-279	865
JALPMW010000035.1	sp|P25694|CDC48_YEAST	56.2	799	319	11	16390	18741	19	801	2.00e-276	859
JALPMW010000035.1	sp|Q5AWS6|CDC48_EMENI	57.1	799	319	10	16381	18744	27	812	7.22e-275	854
JALPMW010000035.1	sp|Q9P3A7|CDC48_SCHPO	57.6	788	308	12	16393	18738	30	797	4.08e-273	849
JALPMW010000035.1	sp|O28972|Y1297_ARCFU	52.2	573	253	4	16960	18675	170	722	1.75e-186	596
JALPMW010000035.1	sp|P46468|CDAT_PLAF7	40.7	878	375	10	16483	18690	350	1223	2.47e-186	614
JALPMW010000035.1	sp|Q58556|Y1156_METJA	54.9	526	231	2	16936	18501	155	678	5.27e-186	601
JALPMW010000035.1	sp|Q07590|SAV_SULAC	43.9	759	392	14	16465	18705	43	779	6.95e-181	582
JALPMW010000035.1	sp|O05209|VAT_THEAC	51.3	594	249	6	16981	18744	185	744	2.27e-177	570
JALPMW010000042.1	sp|P07742|RIR1_MOUSE	61.0	790	297	4	77474	75138	3	792	1.53e-313	966
JALPMW010000042.1	sp|P23921|RIR1_HUMAN	60.3	790	303	3	77474	75138	3	792	2.52e-310	957
JALPMW010000042.1	sp|Q5R919|RIR1_PONAB	60.1	790	304	3	77474	75138	3	792	2.18e-309	954
JALPMW010000042.1	sp|P79732|RIR1_DANRE	59.0	792	312	3	77474	75138	3	794	2.57e-301	931
JALPMW010000042.1	sp|P36602|RIR1_SCHPO	59.4	763	310	0	77480	75192	1	763	1.92e-299	926
JALPMW010000042.1	sp|Q03604|RIR1_CAEEL	58.3	780	320	3	77474	75144	9	786	3.47e-296	916
JALPMW010000042.1	sp|Q9UW15|RIR1_NEUCR	59.4	758	306	1	77474	75207	3	760	3.28e-293	914
JALPMW010000042.1	sp|Q76RD8|RIR1_VACCA	58.6	771	318	1	77480	75168	1	770	1.70e-291	902
JALPMW010000042.1	sp|P20503|RIR1_VACCC	58.6	771	318	1	77480	75168	1	770	1.70e-291	902
JALPMW010000042.1	sp|P12848|RIR1_VACCW	59.4	757	306	1	77480	75210	1	756	3.15e-291	901
JALPMW010000042.1	sp|P0DSV1|RIR1_VAR67	58.2	771	321	1	77480	75168	1	770	2.01e-290	899
JALPMW010000042.1	sp|P0DSV2|RIR1_VARV	58.2	771	321	1	77480	75168	1	770	2.01e-290	899
JALPMW010000042.1	sp|Q9SJ20|RIR1_ARATH	55.2	814	330	3	77474	75138	3	816	4.00e-290	900
JALPMW010000042.1	sp|P48591|RIR1_DROME	55.5	812	341	4	77513	75138	1	812	1.62e-289	898
JALPMW010000042.1	sp|P21524|RIR1_YEAST	56.7	758	321	2	77474	75219	3	759	5.20e-287	894
JALPMW010000042.1	sp|P21672|RIR3_YEAST	56.7	760	322	3	77474	75213	3	761	1.70e-286	892
JALPMW010000042.1	sp|P50648|RIR1_PLAF4	57.7	758	316	4	77474	75210	3	758	1.23e-280	872
JALPMW010000042.1	sp|Q54Q71|RIR1_DICDI	57.4	767	313	4	77483	75225	15	781	6.43e-278	867
JALPMW010000042.1	sp|O61065|RIR1_CRYPV	54.8	768	338	5	77474	75186	3	766	4.01e-274	853
JALPMW010000042.1	sp|O15909|RIR1_TRYBB	54.5	774	334	2	77477	75210	7	780	6.53e-271	845
JALPMW010000042.1	sp|P50647|RIR1_PLAFG	56.4	762	318	7	77474	75210	3	757	6.07e-266	830
JALPMW010000042.1	sp|Q8SR37|RIR1_ENCCU	52.9	739	339	2	77381	75165	36	765	2.94e-257	803
JALPMW010000042.1	sp|P87154|DPOE_SCHPO	41.0	1148	637	13	68058	64717	40	1181	8.62e-257	853
JALPMW010000042.1	sp|Q9WVF7|DPOE1_MOUSE	41.9	1137	595	18	68004	64750	48	1170	1.68e-255	852
JALPMW010000042.1	sp|Q07864|DPOE1_HUMAN	42.2	1137	591	18	68004	64750	48	1170	1.93e-254	848
JALPMW010000036.1	sp|Q8L840|RQL4A_ARATH	47.1	467	217	7	3597	4949	442	894	8.20e-117	408
JALPMW010000036.1	sp|Q09811|HUS2_SCHPO	43.7	520	254	8	3603	5087	510	1015	1.65e-116	410
JALPMW010000036.1	sp|Q9FT70|RQL4B_ARATH	47.2	453	210	5	3597	4910	458	896	7.17e-113	395
JALPMW010000036.1	sp|Q9VGI8|BLM_DROME	49.5	438	200	7	3618	4910	733	1156	1.03e-110	395
JALPMW010000036.1	sp|Q9FT74|RQL1_ARATH	44.6	424	200	5	3615	4844	201	603	1.55e-105	357
JALPMW010000036.1	sp|P35187|SGS1_YEAST	44.7	447	223	6	3606	4922	670	1100	2.07e-105	379
JALPMW010000036.1	sp|Q9DEY9|BLM_XENLA	45.6	441	217	6	3618	4913	615	1041	2.30e-105	377
JALPMW010000036.1	sp|P54132|BLM_HUMAN	46.3	441	214	8	3618	4913	663	1089	6.08e-105	377
JALPMW010000036.1	sp|O88700|BLM_MOUSE	46.0	441	215	8	3618	4913	671	1097	1.91e-104	375
JALPMW010000036.1	sp|Q6AYJ1|RECQ1_RAT	40.7	447	240	5	3606	4934	83	508	3.16e-103	351
JALPMW010000036.1	sp|Q9I920|BLM_CHICK	46.7	443	209	8	3618	4913	434	860	4.09e-103	367
JALPMW010000036.1	sp|O18017|BLM_CAEEL	43.9	449	228	6	3606	4922	239	673	1.28e-102	360
JALPMW010000036.1	sp|Q9FT73|RECQ2_ARATH	43.2	449	229	6	3588	4922	75	501	1.07e-101	349
JALPMW010000036.1	sp|P46063|RECQ1_HUMAN	40.9	447	239	5	3606	4934	83	508	1.08e-101	347
JALPMW010000036.1	sp|Q5RF63|RECQ1_PONAB	40.7	447	240	5	3606	4934	83	508	6.71e-101	345
JALPMW010000036.1	sp|Q9Z129|RECQ1_MOUSE	40.5	447	241	5	3606	4934	83	508	3.00e-100	343
JALPMW010000036.1	sp|Q8SQN2|DHYS_ENCCU	49.6	337	149	5	16835	15828	7	323	1.44e-98	326
JALPMW010000036.1	sp|Q9FT72|RQL3_ARATH	42.9	427	221	9	3618	4886	32	439	1.20e-92	323
JALPMW010000036.1	sp|Q9XXJ0|DHYS_CAEEL	45.2	347	145	5	16772	15822	34	365	2.48e-89	301
JALPMW010000036.1	sp|A8WK63|RECQ1_CAEBR	40.0	447	240	7	3594	4913	74	499	1.45e-88	308
JALPMW010000036.1	sp|Q6FRN2|DHYS_CANGA	46.5	331	142	4	16718	15819	53	379	2.47e-88	299
JALPMW010000036.1	sp|P38791|DHYS_YEAST	52.3	285	124	3	16649	15819	99	379	3.59e-88	298
JALPMW010000036.1	sp|Q3TXU5|DHYS_MOUSE	44.9	343	149	6	16772	15819	31	358	3.73e-88	298
JALPMW010000036.1	sp|Q54MQ7|DHYS_DICDI	45.6	340	148	5	16772	15819	34	358	4.67e-88	298
JALPMW010000036.1	sp|Q9TXJ8|RECQ1_CAEEL	38.7	450	245	6	3594	4913	97	525	5.08e-88	307
JALPMW010000044.1	sp|O94666|RPC1_SCHPO	40.7	1394	670	34	64430	60648	6	1376	1.96e-285	911
JALPMW010000044.1	sp|Q6BI69|RPC1_DEBHA	40.5	1433	664	35	64418	60648	10	1429	4.78e-279	895
JALPMW010000044.1	sp|O14802|RPC1_HUMAN	41.6	1370	674	35	64421	60642	11	1364	8.30e-276	883
JALPMW010000044.1	sp|Q5ZL98|RPC1_CHICK	41.8	1369	673	35	64421	60642	11	1364	1.13e-275	882
JALPMW010000044.1	sp|Q86AQ5|RPC1_DICDI	39.5	1434	690	33	64436	60648	5	1432	1.47e-275	884
JALPMW010000044.1	sp|A4IF62|RPC1_BOVIN	41.6	1377	674	36	64421	60633	11	1371	3.82e-275	881
JALPMW010000044.1	sp|P04051|RPC1_YEAST	40.0	1437	680	37	64418	60627	10	1437	2.28e-274	881
JALPMW010000044.1	sp|F4JXF9|NRPC1_ARATH	37.4	1367	717	34	64418	60648	20	1357	2.98e-234	761
JALPMW010000044.1	sp|P08968|RPC1_TRYBB	32.7	1503	760	33	64454	60627	12	1490	2.40e-210	697
JALPMW010000044.1	sp|Q9CZU3|MTREX_MOUSE	41.4	1016	480	24	49717	46850	80	1040	6.34e-204	661
JALPMW010000044.1	sp|P42285|MTREX_HUMAN	42.1	984	457	21	49621	46850	112	1042	4.22e-203	659
JALPMW010000044.1	sp|O14232|MTR4_SCHPO	41.8	1002	466	27	49642	46850	162	1117	5.28e-202	658
JALPMW010000044.1	sp|P47047|MTR4_YEAST	40.7	997	484	23	49636	46850	116	1073	2.61e-200	652
JALPMW010000044.1	sp|P35084|RPB1_DICDI	33.0	1492	739	37	64442	60648	4	1461	4.55e-188	637
JALPMW010000044.1	sp|Q9XIF2|MTR4_ARATH	40.3	983	484	24	49606	46850	45	988	6.08e-187	610
JALPMW010000044.1	sp|Q8SSC4|RPB1_ENCCU	32.8	1456	742	37	64436	60639	1	1409	4.15e-182	615
JALPMW010000044.1	sp|Q23223|MTR4_CAEEL	38.9	983	499	22	49636	46850	92	1026	5.82e-180	591
JALPMW010000044.1	sp|O13799|YE02_SCHPO	38.3	981	502	23	49621	46850	96	1030	1.34e-176	581
JALPMW010000044.1	sp|Q9ZVW2|HEN2_ARATH	39.2	968	485	24	49570	46850	71	995	1.85e-173	571
JALPMW010000044.1	sp|P31813|RPOA1_THECE	38.2	913	483	17	64421	61848	4	890	1.68e-168	553
JALPMW010000044.1	sp|Q8SR13|PRS6A_ENCCU	68.3	401	106	3	50009	51205	20	401	3.03e-166	526
JALPMW010000044.1	sp|P36594|RPB1_SCHPO	33.7	1180	609	21	64415	61281	14	1155	8.02e-165	568
JALPMW010000044.1	sp|Q980R2|RPOA1_SACS2	37.9	905	473	17	64415	61848	4	868	3.01e-163	537
JALPMW010000044.1	sp|P17980|PRS6A_HUMAN	63.2	408	149	1	49985	51205	32	439	4.19e-163	518
JALPMW010000044.1	sp|Q63569|PRS6A_RAT	63.2	408	149	1	49985	51205	32	439	5.71e-163	518
JALPMW010000043.1	sp|P87144|SYTC_SCHPO	52.1	678	304	8	48686	46713	22	698	1.56e-216	683
JALPMW010000043.1	sp|Q3ZBV8|SYTC_BOVIN	51.0	645	301	8	48689	46794	52	694	3.85e-207	657
JALPMW010000043.1	sp|Q9D0R2|SYTC_MOUSE	50.9	643	305	9	48689	46794	51	693	5.94e-206	654
JALPMW010000043.1	sp|Q5XHY5|SYTC_RAT	50.4	643	308	8	48689	46794	24	666	5.96e-206	652
JALPMW010000043.1	sp|P26639|SYTC_HUMAN	50.7	643	306	9	48689	46794	52	694	4.58e-204	648
JALPMW010000043.1	sp|P52709|SYTC_CAEEL	49.3	665	328	8	48776	46809	24	688	5.75e-203	645
JALPMW010000043.1	sp|P04801|SYTC_YEAST	50.1	651	301	7	48686	46806	48	698	9.13e-202	642
JALPMW010000043.1	sp|A2RTX5|SYTC2_HUMAN	52.0	617	287	8	48560	46731	178	792	3.00e-200	640
JALPMW010000043.1	sp|Q8BLY2|SYTC2_MOUSE	49.8	647	305	8	48686	46794	119	761	3.21e-199	637
JALPMW010000043.1	sp|Q0V9S0|SYTC2_XENTR	51.0	633	300	9	48605	46731	174	804	2.41e-198	635
JALPMW010000043.1	sp|Q54J66|SYTC1_DICDI	46.6	667	344	9	48701	46731	44	708	7.87e-194	618
JALPMW010000043.1	sp|O04630|SYTM1_ARATH	47.8	634	322	7	48683	46809	49	682	4.82e-193	616
JALPMW010000043.1	sp|Q8SRH2|SYTC_ENCCU	48.0	600	306	4	48605	46809	6	600	1.10e-180	577
JALPMW010000043.1	sp|Q8SQI9|PRS6B_ENCCU	72.9	377	102	0	56513	57643	10	386	4.78e-175	550
JALPMW010000043.1	sp|A6QNM8|SYTC2_BOVIN	50.6	541	263	4	48575	46965	171	711	7.28e-174	561
JALPMW010000043.1	sp|Q9BW92|SYTM_HUMAN	44.3	657	339	9	48617	46722	58	712	1.77e-170	551
JALPMW010000043.1	sp|B7XIA1|SYTC_ENTBH	45.2	598	321	2	48518	46740	32	627	3.85e-169	544
JALPMW010000043.1	sp|Q3T030|PRS6B_BOVIN	68.4	377	119	0	56513	57643	41	417	2.99e-168	532
JALPMW010000043.1	sp|P43686|PRS6B_HUMAN	68.4	377	119	0	56513	57643	41	417	2.99e-168	532
JALPMW010000043.1	sp|Q4R7L3|PRS6B_MACFA	68.4	377	119	0	56513	57643	41	417	2.99e-168	532
JALPMW010000043.1	sp|P54775|PRS6B_MOUSE	68.4	377	119	0	56513	57643	41	417	2.99e-168	532
JALPMW010000043.1	sp|Q63570|PRS6B_RAT	68.4	377	119	0	56513	57643	41	417	2.99e-168	532
JALPMW010000043.1	sp|Q3UQ84|SYTM_MOUSE	44.5	625	322	7	48608	46809	65	689	2.43e-167	542
JALPMW010000043.1	sp|Q68FW7|SYTM_RAT	44.5	625	322	7	48608	46809	65	689	3.30e-167	542
JALPMW010000043.1	sp|P85200|PRS6B_HELAN	66.7	384	128	0	56492	57643	30	413	3.25e-163	517
JALPMW010000052.1	sp|Q8SQV6|SYIC_ENCCU	46.2	1056	448	16	80287	83373	12	974	1.94e-292	917
JALPMW010000052.1	sp|C4V8Q1|SYIC_NOSCE	44.0	1076	476	20	80287	83394	13	1001	6.52e-267	845
JALPMW010000052.1	sp|Q54YD4|SYIC_DICDI	43.3	1066	492	20	80275	83352	10	1003	1.30e-262	833
JALPMW010000052.1	sp|O13651|SYIC_SCHPO	42.2	1063	519	18	80281	83373	7	1006	6.39e-255	811
JALPMW010000052.1	sp|Q8BU30|SYIC_MOUSE	42.0	1059	521	19	80272	83352	10	1007	9.62e-255	818
JALPMW010000052.1	sp|P41252|SYIC_HUMAN	42.1	1063	526	19	80275	83373	11	1014	3.27e-254	816
JALPMW010000052.1	sp|B7XK16|SYIC_ENTBH	43.8	961	425	15	80275	83031	8	895	4.89e-251	795
JALPMW010000052.1	sp|Q21926|SYIC_CAEEL	42.6	1078	528	21	80275	83424	13	1027	3.43e-249	797
JALPMW010000052.1	sp|P36422|SYI_TETTH	41.8	1061	528	21	80275	83364	16	1018	3.72e-246	786
JALPMW010000052.1	sp|P09436|SYIC_YEAST	40.9	1063	537	17	80272	83364	9	1012	5.15e-246	785
JALPMW010000052.1	sp|F4JLM5|SYIC_ARATH	38.9	1131	564	19	80272	83487	11	1073	5.22e-244	784
JALPMW010000052.1	sp|Q5L5L0|SYI_CHLAB	40.2	1065	532	20	80263	83382	8	992	8.04e-243	775
JALPMW010000052.1	sp|Q822L8|SYI_CHLCV	39.8	1095	540	21	80263	83460	8	1012	1.27e-241	771
JALPMW010000052.1	sp|Q9Z972|SYI_CHLPN	39.6	1093	536	23	80269	83454	9	1008	8.01e-241	769
JALPMW010000052.1	sp|Q8SQT7|EF2_ENCCU	47.7	851	426	8	156843	154318	6	846	1.62e-238	754
JALPMW010000052.1	sp|Q8SS27|SYVC_ENCCU	45.5	890	384	16	403452	400954	4	849	1.11e-234	746
JALPMW010000052.1	sp|B0B9C6|SYI_CHLT2	38.6	1054	534	19	80278	83355	10	978	6.25e-231	740
JALPMW010000052.1	sp|B0BB05|SYI_CHLTB	38.6	1054	534	19	80278	83355	10	978	6.25e-231	740
JALPMW010000052.1	sp|B5RN32|SYI_BORDL	39.6	1061	527	23	80275	83364	11	988	3.73e-230	738
JALPMW010000052.1	sp|Q9PL20|SYI_CHLMU	38.1	1090	554	19	80272	83454	8	1005	3.93e-230	738
JALPMW010000052.1	sp|O84022|SYI_CHLTR	38.5	1054	535	19	80278	83355	10	978	3.93e-230	738
JALPMW010000052.1	sp|Q5A0M4|EF2_CANAL	47.1	850	428	14	156846	154318	5	839	1.11e-229	729
JALPMW010000052.1	sp|C4YJQ8|EF2_CANAW	47.1	850	428	14	156846	154318	5	839	1.11e-229	729
JALPMW010000052.1	sp|B2S1H8|SYI_BORHD	38.6	1097	550	24	80275	83457	11	1019	1.27e-229	737
JALPMW010000052.1	sp|Q3KN03|SYI_CHLTA	38.3	1054	537	19	80278	83355	10	978	3.36e-229	735
JALPMW010000048.1	sp|Q54EX5|SPTC2_DICDI	47.9	478	237	5	3407	2001	9	483	2.61e-131	429
JALPMW010000048.1	sp|Q8SR53|TCPH_ENCCU	45.5	505	259	6	109297	107801	13	507	2.47e-128	422
JALPMW010000048.1	sp|Q43704|MCM31_MAIZE	41.3	640	309	9	140165	138444	11	649	1.92e-127	429
JALPMW010000048.1	sp|B8AZ99|MCM3_ORYSI	41.1	640	310	9	140165	138444	11	649	2.04e-127	429
JALPMW010000048.1	sp|Q0DHC4|MCM3_ORYSJ	41.1	640	310	9	140165	138444	11	649	2.04e-127	429
JALPMW010000048.1	sp|Q7ZXZ0|MCM3Z_XENLA	41.8	625	290	12	140099	138438	39	660	3.03e-127	430
JALPMW010000048.1	sp|A4FUD9|MCM3_BOVIN	40.6	658	315	12	140189	138438	5	660	4.34e-127	429
JALPMW010000048.1	sp|Q28BS0|MCM3Z_XENTR	42.5	624	287	13	140099	138438	41	662	4.46e-127	429
JALPMW010000048.1	sp|Q9SX04|MCM32_MAIZE	41.1	640	310	9	140165	138444	11	649	4.80e-127	428
JALPMW010000048.1	sp|Q9SX03|MCM33_MAIZE	41.1	640	310	9	140165	138444	11	649	4.80e-127	428
JALPMW010000048.1	sp|Q5ZMN2|MCM3_CHICK	40.8	625	296	11	140099	138438	40	661	4.08e-126	427
JALPMW010000048.1	sp|P49739|MCM3M_XENLA	41.9	621	289	9	140078	138426	46	664	1.20e-125	425
JALPMW010000048.1	sp|P25206|MCM3_MOUSE	41.3	640	300	13	140189	138492	5	642	1.87e-125	425
JALPMW010000048.1	sp|Q9FL33|MCM3_ARATH	42.1	611	294	8	140099	138444	30	639	4.30e-125	422
JALPMW010000048.1	sp|P25205|MCM3_HUMAN	41.6	639	299	12	140189	138492	5	642	3.52e-124	421
JALPMW010000048.1	sp|Q5R8G6|MCM3_PONAB	41.5	639	300	12	140189	138492	5	642	8.76e-124	420
JALPMW010000048.1	sp|P48241|LCB2_KLULA	47.0	462	237	3	3371	2010	63	524	2.41e-123	409
JALPMW010000048.1	sp|Q9LSZ9|LCB2A_ARATH	44.7	479	250	8	3395	1992	4	478	3.14e-122	403
JALPMW010000048.1	sp|P40970|LCB2_YEAST	45.2	469	249	3	3392	2010	57	525	5.04e-122	405
JALPMW010000048.1	sp|Q9XYU1|MCM3_DROME	40.0	620	305	10	140099	138438	36	654	1.53e-121	414
JALPMW010000048.1	sp|O77323|TCPH_PLAF7	42.5	532	285	6	109345	107798	1	527	1.58e-121	403
JALPMW010000048.1	sp|P54409|TCPH_TETPY	43.6	530	271	7	109321	107795	6	528	2.13e-121	404
JALPMW010000048.1	sp|O15270|SPTC2_HUMAN	45.6	476	246	6	3398	2007	65	539	2.41e-121	404
JALPMW010000048.1	sp|Q5JK39|LCB2D_ORYSJ	45.0	473	247	5	3398	2007	3	471	5.01e-121	400
JALPMW010000048.1	sp|Q09925|LCB2_SCHPO	43.9	474	258	3	3404	2007	85	558	6.36e-121	404
JALPMW010000053.1	sp|Q8SR75|RPB2_ENCCU	61.7	1148	405	9	91135	87761	6	1141	0.0	1437
JALPMW010000053.1	sp|Q02061|RPB2_SCHPO	55.5	1210	459	12	91159	87755	5	1210	0.0	1333
JALPMW010000053.1	sp|Q42877|RPB2_SOLLC	56.0	1167	473	10	91144	87755	18	1181	0.0	1321
JALPMW010000053.1	sp|P38420|NRPB2_ARATH	56.0	1166	475	10	91144	87755	19	1182	0.0	1313
JALPMW010000053.1	sp|Q54J75|RPB2_DICDI	55.7	1161	463	14	91138	87773	18	1166	0.0	1305
JALPMW010000053.1	sp|A5DHT2|RPB2_PICGU	53.9	1220	461	13	91138	87761	18	1229	0.0	1302
JALPMW010000053.1	sp|Q8CFI7|RPB2_MOUSE	57.2	1154	459	12	91138	87773	21	1171	0.0	1296
JALPMW010000053.1	sp|P30876|RPB2_HUMAN	57.1	1154	460	12	91138	87773	21	1171	0.0	1295
JALPMW010000053.1	sp|P08266|RPB2_DROME	56.1	1157	474	11	91141	87767	21	1175	0.0	1292
JALPMW010000053.1	sp|P08518|RPB2_YEAST	54.4	1201	468	11	91138	87761	25	1220	0.0	1283
JALPMW010000053.1	sp|Q6FLD5|RPB2_CANGA	54.0	1202	472	11	91138	87761	23	1219	0.0	1283
JALPMW010000053.1	sp|Q753Q4|RPB2_ASHGO	52.9	1203	485	11	91138	87761	21	1218	0.0	1270
JALPMW010000053.1	sp|Q10578|RPB2_CAEEL	55.1	1154	484	12	91132	87764	30	1180	0.0	1249
JALPMW010000053.1	sp|P08096|TOP2_SCHPO	52.2	1130	483	11	209795	213025	73	1198	0.0	1127
JALPMW010000053.1	sp|P06786|TOP2_YEAST	49.8	1165	500	10	209777	213025	1	1162	0.0	1086
JALPMW010000053.1	sp|Q64511|TOP2B_MOUSE	50.7	1155	497	15	209780	213037	33	1184	0.0	1079
JALPMW010000053.1	sp|Q64399|TOP2B_CRILO	50.8	1155	496	15	209780	213037	33	1184	0.0	1078
JALPMW010000053.1	sp|Q01879|TOP2_PICGU	49.4	1164	498	13	209804	213028	57	1218	0.0	1078
JALPMW010000053.1	sp|Q02880|TOP2B_HUMAN	50.8	1155	496	15	209780	213037	45	1196	0.0	1077
JALPMW010000053.1	sp|O42131|TOP2B_CHICK	50.5	1153	499	15	209786	213037	52	1201	0.0	1076
JALPMW010000053.1	sp|P30182|TOP2_ARATH	49.7	1146	508	13	209792	213037	29	1170	0.0	1068
JALPMW010000053.1	sp|P87078|TOP2_CANAX	52.6	1067	463	12	209786	212863	54	1118	0.0	1067
JALPMW010000053.1	sp|P41515|TOP2A_CRIGR	50.0	1155	504	15	209780	213037	23	1173	0.0	1063
JALPMW010000053.1	sp|Q23670|TOP2_CAEEL	48.9	1171	508	18	209786	213037	59	1226	0.0	1062
JALPMW010000053.1	sp|Q01320|TOP2A_MOUSE	50.0	1156	503	15	209783	213037	24	1175	0.0	1061
