JAIWZN010000001.1	sp|P36594|RPB1_SCHPO	56.0	1631	577	17	2715588	2720414	30	1542	0.0	1682
JAIWZN010000001.1	sp|Q54YZ9|DHKJ_DICDI	63.9	1363	474	5	2617382	2613339	172	1531	0.0	1604
JAIWZN010000001.1	sp|O93937|PYR1_EMENI	58.4	1409	526	16	3255706	3251624	877	2273	0.0	1553
JAIWZN010000001.1	sp|Q09794|PYR1_SCHPO	59.2	1379	520	13	3255682	3251618	879	2239	0.0	1550
JAIWZN010000001.1	sp|Q75A34|RPB1_ASHGO	52.0	1647	632	16	2715588	2720429	28	1548	0.0	1542
JAIWZN010000001.1	sp|P18616|NRPB1_ARATH	51.8	1626	665	19	2715588	2720429	29	1547	0.0	1534
JAIWZN010000001.1	sp|P35084|RPB1_DICDI	53.0	1565	619	15	2715588	2720231	29	1493	0.0	1524
JAIWZN010000001.1	sp|P07259|PYR1_YEAST	57.9	1391	542	17	3255706	3251621	835	2211	0.0	1513
JAIWZN010000001.1	sp|P04050|RPB1_YEAST	52.6	1560	612	13	2715588	2720225	28	1474	0.0	1508
JAIWZN010000001.1	sp|P16356|RPB1_CAEEL	49.1	1670	672	22	2715588	2720414	29	1581	0.0	1447
JAIWZN010000001.1	sp|P35074|RPB1_CAEBR	49.5	1636	674	20	2715588	2720426	29	1535	0.0	1444
JAIWZN010000001.1	sp|P11414|RPB1_CRIGR	49.3	1613	689	16	2715588	2720357	32	1539	0.0	1442
JAIWZN010000001.1	sp|P24928|RPB1_HUMAN	49.3	1613	689	16	2715588	2720357	32	1539	0.0	1442
JAIWZN010000001.1	sp|P08775|RPB1_MOUSE	49.3	1613	689	16	2715588	2720357	32	1539	0.0	1442
JAIWZN010000001.1	sp|P04052|RPB1_DROME	49.2	1611	689	17	2715588	2720339	28	1536	0.0	1424
JAIWZN010000001.1	sp|A5DCV3|RPB1_PICGU	48.2	1628	532	18	2715588	2720429	29	1359	0.0	1350
JAIWZN010000001.1	sp|P20054|PYR1_DICDI	49.5	1424	637	20	3255679	3251618	812	2223	0.0	1274
JAIWZN010000001.1	sp|Q91437|PYR1_SQUAC	48.5	1454	650	20	3255703	3251618	795	2241	0.0	1272
JAIWZN010000001.1	sp|P08955|PYR1_MESAU	47.9	1448	652	19	3255703	3251621	791	2223	0.0	1243
JAIWZN010000001.1	sp|B2RQC6|PYR1_MOUSE	47.9	1448	652	19	3255703	3251621	791	2223	0.0	1239
JAIWZN010000001.1	sp|P27708|PYR1_HUMAN	47.9	1444	659	18	3255703	3251621	791	2223	0.0	1238
JAIWZN010000001.1	sp|P05990|PYR1_DROME	47.3	1421	675	22	3255688	3251615	811	2220	0.0	1172
JAIWZN010000001.1	sp|Q18990|PYR1_CAEEL	44.2	1438	682	27	3255697	3251621	798	2194	0.0	1106
JAIWZN010000001.1	sp|P09436|SYIC_YEAST	58.6	930	347	6	767901	770678	177	1072	0.0	1093
JAIWZN010000001.1	sp|Q8SSC4|RPB1_ENCCU	42.4	1563	681	28	2715597	2720156	27	1413	0.0	1078
JAIWZN010000010.1	sp|P46598|HSP90_CANAL	71.5	678	184	5	141612	139603	31	707	1.62e-292	905
JAIWZN010000010.1	sp|P51819|HSP83_IPONI	73.6	674	170	4	141612	139603	34	703	6.72e-290	897
JAIWZN010000010.1	sp|P41887|HSP90_SCHPO	70.8	678	188	4	141612	139603	29	704	3.86e-288	892
JAIWZN010000010.1	sp|P55737|HS902_ARATH	69.9	671	201	1	141612	139603	29	699	7.03e-287	889
JAIWZN010000010.1	sp|P51818|HS903_ARATH	69.3	671	205	1	141612	139603	29	699	2.86e-285	884
JAIWZN010000010.1	sp|P27323|HS901_ARATH	71.3	673	189	3	141612	139603	29	700	1.64e-283	879
JAIWZN010000010.1	sp|P15108|HSC82_YEAST	70.0	679	194	4	141612	139603	28	705	1.97e-283	879
JAIWZN010000010.1	sp|Q69QQ6|HSP82_ORYSJ	69.0	672	204	2	141612	139603	30	699	2.93e-283	878
JAIWZN010000010.1	sp|Q07078|HSP83_ORYSJ	69.0	672	204	2	141612	139603	30	699	2.93e-283	878
JAIWZN010000010.1	sp|O03986|HS904_ARATH	68.9	671	208	1	141612	139603	29	699	1.37e-282	876
JAIWZN010000010.1	sp|Q8J2M3|HSP82_ASHGO	70.2	677	194	5	141612	139603	29	704	3.05e-282	875
JAIWZN010000010.1	sp|A2YWQ1|HSP81_ORYSI	68.5	672	208	2	141612	139603	30	699	6.41e-282	874
JAIWZN010000010.1	sp|Q0J4P2|HSP81_ORYSJ	68.5	672	208	2	141612	139603	30	699	6.41e-282	874
JAIWZN010000010.1	sp|P36181|HSP80_SOLLC	69.5	672	202	3	141612	139603	29	699	8.73e-282	874
JAIWZN010000010.1	sp|Q08277|HSP82_MAIZE	70.7	680	186	6	141612	139603	39	715	1.18e-279	868
JAIWZN010000010.1	sp|Q9BLC5|HSP83_BOMMO	68.0	681	206	5	141612	139603	37	716	5.71e-279	867
JAIWZN010000010.1	sp|P02829|HSP82_YEAST	69.2	684	195	5	141612	139603	28	709	6.03e-279	866
JAIWZN010000010.1	sp|P04809|HSP83_DROPS	66.6	689	210	5	141612	139603	30	717	3.77e-278	864
JAIWZN010000010.1	sp|Q76LV2|HS90A_BOVIN	68.3	693	196	5	141612	139603	42	733	2.00e-276	860
JAIWZN010000010.1	sp|Q9GKX7|HS90A_HORSE	68.3	693	196	5	141612	139603	42	733	2.00e-276	860
JAIWZN010000010.1	sp|O02705|HS90A_PIG	68.3	693	196	5	141612	139603	42	733	3.72e-276	859
JAIWZN010000010.1	sp|P07900|HS90A_HUMAN	68.4	692	196	5	141612	139603	42	732	4.88e-276	859
JAIWZN010000010.1	sp|Q4R4P1|HS90A_MACFA	68.3	693	196	5	141612	139603	42	733	5.06e-276	859
JAIWZN010000010.1	sp|P11501|HS90A_CHICK	68.6	691	193	5	141612	139603	41	728	1.07e-275	858
JAIWZN010000010.1	sp|P82995|HS90A_RAT	68.0	693	198	5	141612	139603	42	733	1.74e-275	857
JAIWZN010000011.1	sp|P30595|CHS2_RHIOL	80.6	799	99	3	378469	380865	116	858	0.0	1292
JAIWZN010000011.1	sp|Q55DQ2|ABCGB_DICDI	47.5	1344	684	10	1016939	1012956	104	1442	0.0	1223
JAIWZN010000011.1	sp|Q55DR1|ABCGE_DICDI	47.6	1347	679	12	1016939	1012956	101	1439	0.0	1212
JAIWZN010000011.1	sp|Q8T683|ABCG9_DICDI	46.4	1350	685	14	1016939	1012956	115	1448	0.0	1173
JAIWZN010000011.1	sp|Q8T673|ABCGL_DICDI	46.4	1351	686	15	1016939	1012956	114	1449	0.0	1170
JAIWZN010000011.1	sp|Q8T675|ABCGJ_DICDI	46.3	1351	687	15	1016939	1012956	114	1449	0.0	1169
JAIWZN010000011.1	sp|P87073|CHS1_PHYB8	73.5	803	149	6	378469	380865	99	841	0.0	1162
JAIWZN010000011.1	sp|Q55GB1|ABCGF_DICDI	45.1	1353	708	14	1016939	1012956	133	1475	0.0	1159
JAIWZN010000011.1	sp|Q54CG0|ABCGA_DICDI	45.6	1363	688	16	1016939	1012956	122	1466	0.0	1151
JAIWZN010000011.1	sp|Q556W2|ABCGH_DICDI	46.0	1330	678	12	1016867	1012956	161	1476	0.0	1140
JAIWZN010000011.1	sp|P30594|CHS1_RHIOL	64.2	810	218	8	378463	380865	112	858	0.0	1015
JAIWZN010000011.1	sp|Q8J0I4|MET3_MUCCL	86.5	542	47	1	791085	789460	59	574	1.96e-303	930
JAIWZN010000011.1	sp|A0A1U8QKX8|ATRB_EMENI	40.7	1352	756	22	1016936	1012965	85	1418	3.47e-294	940
JAIWZN010000011.1	sp|Q54F05|DHX8_DICDI	74.6	590	128	1	542209	543978	524	1091	1.59e-286	907
JAIWZN010000011.1	sp|Q14562|DHX8_HUMAN	74.9	590	126	1	542209	543978	581	1148	2.39e-284	904
JAIWZN010000011.1	sp|B8NDS8|ATRF_ASPFN	39.2	1356	756	23	982712	986665	175	1500	3.99e-284	915
JAIWZN010000011.1	sp|A2A4P0|DHX8_MOUSE	74.9	590	126	1	542209	543978	605	1172	5.15e-284	904
JAIWZN010000011.1	sp|A1Z9L3|DHX8_DROME	75.4	590	123	1	542209	543978	602	1169	1.64e-281	896
JAIWZN010000011.1	sp|Q4WDD4|ATRF_ASPFU	38.8	1349	773	19	982712	986665	187	1514	4.64e-281	907
JAIWZN010000011.1	sp|P41820|BFR1_SCHPO	38.5	1361	761	20	1016867	1012968	168	1513	2.24e-276	892
JAIWZN010000011.1	sp|Q38953|DEAH5_ARATH	71.7	590	145	1	542209	543978	531	1098	3.23e-275	875
JAIWZN010000011.1	sp|P13228|TRP_NEUCR	59.5	736	246	7	105706	107886	16	708	7.46e-275	854
JAIWZN010000011.1	sp|G0SEV9|RLI1_CHATD	71.8	568	156	2	1115786	1117480	35	601	1.39e-273	846
JAIWZN010000011.1	sp|Q03195|RLI1_YEAST	73.3	573	144	5	1115786	1117483	35	605	3.14e-273	845
JAIWZN010000011.1	sp|P53756|PDR18_YEAST	38.2	1312	767	20	982757	986602	34	1331	3.15e-273	876
JAIWZN010000012.1	sp|Q54YZ9|DHKJ_DICDI	64.8	1160	390	5	562038	558601	172	1327	0.0	1358
JAIWZN010000012.1	sp|O75533|SF3B1_HUMAN	80.3	880	165	5	311973	309343	348	1222	0.0	1313
JAIWZN010000012.1	sp|Q99NB9|SF3B1_MOUSE	80.3	880	165	5	311973	309343	348	1222	0.0	1313
JAIWZN010000012.1	sp|O57683|SF3B1_XENLA	80.2	880	166	5	311973	309343	351	1225	0.0	1311
JAIWZN010000012.1	sp|Q68FD5|CLH1_MOUSE	64.5	987	350	0	336053	333093	626	1612	0.0	1295
JAIWZN010000012.1	sp|P49951|CLH1_BOVIN	64.4	987	351	0	336053	333093	626	1612	0.0	1293
JAIWZN010000012.1	sp|Q00610|CLH1_HUMAN	64.4	987	351	0	336053	333093	626	1612	0.0	1293
JAIWZN010000012.1	sp|P11442|CLH1_RAT	64.4	987	351	0	336053	333093	626	1612	0.0	1292
JAIWZN010000012.1	sp|P29742|CLH_DROME	63.4	987	361	0	336053	333093	627	1613	0.0	1273
JAIWZN010000012.1	sp|P53675|CLH2_HUMAN	62.3	987	372	0	336053	333093	626	1612	0.0	1254
JAIWZN010000012.1	sp|P34574|CLH_CAEEL	61.9	987	376	0	336053	333093	628	1614	0.0	1244
JAIWZN010000012.1	sp|Q10178|SF3B1_SCHPO	60.0	1068	361	11	312528	309346	114	1122	0.0	1168
JAIWZN010000012.1	sp|P25870|CLH_DICDI	57.3	988	421	1	336053	333093	626	1613	0.0	1168
JAIWZN010000012.1	sp|Q10161|CLH_SCHPO	58.1	985	411	2	336053	333099	623	1605	0.0	1151
JAIWZN010000012.1	sp|Q2RBN7|CLH1_ORYSJ	57.7	986	417	0	336053	333096	640	1625	0.0	1140
JAIWZN010000012.1	sp|Q2QYW2|CLH2_ORYSJ	57.6	986	418	0	336053	333096	640	1625	0.0	1139
JAIWZN010000012.1	sp|Q0WLB5|CLAH2_ARATH	56.5	986	429	0	336053	333096	640	1625	0.0	1132
JAIWZN010000012.1	sp|Q0WNJ6|CLAH1_ARATH	56.6	986	428	0	336053	333096	640	1625	0.0	1127
JAIWZN010000012.1	sp|P22137|CLH_YEAST	54.3	987	451	0	336053	333093	632	1618	0.0	1090
JAIWZN010000012.1	sp|P40976|LYS2_SCHPO	51.0	1068	481	13	226425	229580	365	1406	0.0	1026
JAIWZN010000012.1	sp|Q08435|PMA1_NICPL	60.4	825	311	9	250620	253067	31	848	1.50e-299	936
JAIWZN010000012.1	sp|Q9SH76|PMA6_ARATH	59.3	818	326	6	250620	253067	29	841	3.89e-299	935
JAIWZN010000012.1	sp|Q7XPY2|PMA1_ORYSJ	59.5	824	326	7	250620	253082	26	844	5.68e-299	934
JAIWZN010000012.1	sp|P83970|PMA1_WHEAT	59.3	824	327	7	250620	253082	26	844	1.95e-298	933
JAIWZN010000012.1	sp|Q42556|PMA9_ARATH	59.3	829	323	8	250608	253076	27	847	4.00e-298	932
JAIWZN010000013.1	sp|Q7LKZ7|BPH1_SCHPO	39.7	837	446	13	120866	123343	1498	2286	1.65e-148	531
JAIWZN010000013.1	sp|Q6VNB8|WDFY3_MOUSE	40.8	762	362	18	121178	123343	2338	3050	1.14e-139	504
JAIWZN010000013.1	sp|Q8IZQ1|WDFY3_HUMAN	40.2	778	361	20	121178	123343	2339	3068	1.15e-139	504
JAIWZN010000013.1	sp|Q9JI39|ABCBA_MOUSE	53.3	448	204	2	246899	248227	260	707	2.22e-136	454
JAIWZN010000013.1	sp|Q9NRK6|ABCBA_HUMAN	54.1	440	197	2	246899	248203	295	734	1.73e-134	450
JAIWZN010000013.1	sp|P32561|RPD3_YEAST	71.1	284	61	1	52002	52853	129	391	1.81e-134	437
JAIWZN010000013.1	sp|Q00859|MAPK_FUSVN	57.7	395	42	4	171714	170545	39	313	1.12e-128	417
JAIWZN010000013.1	sp|Q94AM1|OOPDA_ARATH	40.5	608	309	14	322166	323947	146	714	1.36e-127	432
JAIWZN010000013.1	sp|O42781|MAPK2_PNECA	55.9	395	49	4	171714	170545	32	306	4.06e-125	407
JAIWZN010000013.1	sp|Q4WPP6|MDR2_ASPFU	52.8	439	204	3	246899	248209	309	746	1.11e-124	423
JAIWZN010000013.1	sp|Q92769|HDAC2_HUMAN	66.4	286	75	1	52005	52862	121	385	1.47e-124	411
JAIWZN010000013.1	sp|Q55DM1|LVSA_DICDI	43.1	610	267	13	121598	123361	2797	3348	1.76e-124	454
JAIWZN010000013.1	sp|P56517|HDAC1_CHICK	67.5	283	71	1	52008	52856	121	382	2.85e-124	410
JAIWZN010000013.1	sp|Q32PJ8|HDAC1_BOVIN	66.7	285	74	1	52008	52862	121	384	4.14e-124	410
JAIWZN010000013.1	sp|Q13547|HDAC1_HUMAN	66.7	285	74	1	52008	52862	121	384	4.14e-124	410
JAIWZN010000013.1	sp|O09106|HDAC1_MOUSE	66.7	285	74	1	52008	52862	121	384	4.14e-124	410
JAIWZN010000013.1	sp|Q5RAG0|HDAC1_PONAB	66.7	285	74	1	52008	52862	121	384	4.14e-124	410
JAIWZN010000013.1	sp|Q4QQW4|HDAC1_RAT	66.7	285	74	1	52008	52862	121	384	4.14e-124	410
JAIWZN010000013.1	sp|P70288|HDAC2_MOUSE	66.1	286	76	1	52005	52862	121	385	5.05e-124	410
JAIWZN010000013.1	sp|O42227|HDA1B_XENLA	64.9	285	79	1	52008	52862	121	384	3.93e-122	404
JAIWZN010000013.1	sp|Q94517|HDAC1_DROME	64.9	285	79	1	52008	52862	119	382	5.96e-122	405
JAIWZN010000013.1	sp|Q91695|HDA1A_XENLA	64.9	285	79	1	52008	52862	121	384	9.90e-122	403
JAIWZN010000013.1	sp|P56518|HDAC1_STRPU	65.1	284	78	1	52005	52856	119	381	1.00e-121	407
JAIWZN010000013.1	sp|Q9FML2|HDA6_ARATH	65.4	283	77	1	52008	52856	133	394	8.76e-119	394
JAIWZN010000013.1	sp|Q55FN5|HDA11_DICDI	67.3	257	78	2	51984	52736	102	358	1.92e-118	394
JAIWZN010000014.1	sp|Q9Y7K2|TOR2_SCHPO	55.6	1319	548	10	408216	412157	787	2073	0.0	1451
JAIWZN010000014.1	sp|Q86C65|TOR_DICDI	53.6	1353	552	13	408159	412163	787	2081	0.0	1345
JAIWZN010000014.1	sp|P32600|TOR2_YEAST	49.2	1363	624	10	408168	412157	886	2212	0.0	1276
JAIWZN010000014.1	sp|P35169|TOR1_YEAST	49.2	1351	614	10	408216	412157	893	2208	0.0	1258
JAIWZN010000014.1	sp|O14356|TOR1_SCHPO	48.0	1331	652	11	408180	412157	775	2070	0.0	1215
JAIWZN010000014.1	sp|P42345|MTOR_HUMAN	48.4	1398	603	17	408177	412157	922	2271	0.0	1203
JAIWZN010000014.1	sp|Q9JLN9|MTOR_MOUSE	48.3	1398	604	17	408177	412157	922	2271	0.0	1202
JAIWZN010000014.1	sp|P42346|MTOR_RAT	48.3	1398	604	17	408177	412157	922	2271	0.0	1202
JAIWZN010000014.1	sp|Q9VK45|TOR_DROME	47.1	1332	631	13	408228	412151	909	2190	0.0	1120
JAIWZN010000014.1	sp|Q0DJS1|TOR_ORYSJ	44.6	1373	638	22	408249	412151	842	2164	1.07e-315	1037
JAIWZN010000014.1	sp|Q9FR53|TOR_ARATH	44.8	1358	652	20	408249	412151	862	2178	1.03e-310	1023
JAIWZN010000014.1	sp|Q4P3I9|VPS10_USTMA	36.7	1437	745	47	323627	327661	53	1416	4.47e-262	848
JAIWZN010000014.1	sp|B0E2U2|VPS10_LACBS	35.2	1419	787	39	323594	327652	40	1391	2.40e-261	845
JAIWZN010000014.1	sp|A8PE82|VPS10_COPC7	35.1	1451	778	39	323600	327655	36	1421	2.39e-259	840
JAIWZN010000014.1	sp|A2QHH4|VPS10_ASPNC	33.5	1422	784	47	323555	327628	22	1345	3.33e-214	707
JAIWZN010000014.1	sp|C5P311|VPS10_COCP7	33.4	1445	785	48	323594	327661	30	1386	8.77e-214	707
JAIWZN010000014.1	sp|E4ZVX1|VPS10_LEPMJ	32.9	1452	797	54	323552	327661	19	1374	8.81e-212	701
JAIWZN010000014.1	sp|B8NX76|VPS10_ASPFN	32.9	1439	785	47	323555	327628	22	1361	1.17e-211	701
JAIWZN010000014.1	sp|Q2TVY7|VPS10_ASPOR	32.9	1439	785	47	323555	327628	22	1361	1.17e-211	701
JAIWZN010000014.1	sp|E3RE00|VPS10_PYRTT	33.0	1453	781	51	323552	327631	15	1367	5.57e-211	699
JAIWZN010000014.1	sp|C0S7J1|VPS10_PARBP	33.3	1400	781	42	323555	327529	20	1341	1.19e-210	698
JAIWZN010000014.1	sp|C1FZI7|VPS10_PARBD	33.2	1400	782	42	323555	327529	20	1341	1.61e-210	697
JAIWZN010000014.1	sp|C0NKP8|VPS10_AJECG	32.6	1395	785	43	323594	327553	32	1346	1.01e-209	695
JAIWZN010000014.1	sp|B0YA89|VPS10_ASPFC	32.5	1430	806	43	323555	327634	22	1362	1.61e-208	691
JAIWZN010000014.1	sp|Q4WBM1|VPS10_ASPFU	32.5	1430	806	43	323555	327634	22	1362	1.61e-208	691
JAIWZN010000015.1	sp|Q14204|DYHC1_HUMAN	59.5	3806	1381	30	393812	405121	295	3974	0.0	4458
JAIWZN010000015.1	sp|Q9JHU4|DYHC1_MOUSE	59.5	3804	1382	30	393812	405121	293	3972	0.0	4457
JAIWZN010000015.1	sp|P38650|DYHC1_RAT	59.3	3804	1390	30	393812	405121	293	3972	0.0	4444
JAIWZN010000015.1	sp|P45443|DYHC_NEUCR	59.7	3777	1389	23	393824	405136	331	3979	0.0	4401
JAIWZN010000015.1	sp|P45444|DYHC_EMENI	58.5	3816	1426	24	393824	405217	322	3995	0.0	4348
JAIWZN010000015.1	sp|P37276|DYHC_DROME	58.1	3795	1434	32	393812	405124	295	3959	0.0	4309
JAIWZN010000015.1	sp|P78716|DYHC_FUSVN	57.8	3781	1451	22	393824	405136	334	3977	0.0	4283
JAIWZN010000015.1	sp|P34036|DYHC_DICDI	53.8	3831	1600	35	393812	405130	346	4065	0.0	4007
JAIWZN010000015.1	sp|Q19020|DYHC_CAEEL	49.7	3801	1713	36	393824	405133	295	3926	0.0	3586
JAIWZN010000015.1	sp|Q27171|DYHC_PARTE	43.2	3793	1913	43	393812	405121	285	3866	0.0	3016
JAIWZN010000015.1	sp|Q8IBG1|DYHC1_PLAF7	39.9	4008	2002	52	393809	405109	337	4182	0.0	2803
JAIWZN010000015.1	sp|Q9C1M7|DYHC_ASHGO	35.3	3696	2110	45	393812	404848	258	3692	0.0	2247
JAIWZN010000015.1	sp|P36022|DYHC_YEAST	34.3	2870	1729	29	396170	404704	919	3656	0.0	1722
JAIWZN010000015.1	sp|O13290|DYHC_SCHPO	26.1	3708	2489	46	393830	404848	309	3796	0.0	1374
JAIWZN010000015.1	sp|Q9JJ79|DYHC2_RAT	28.9	3220	1986	65	395678	405112	669	3661	0.0	1259
JAIWZN010000015.1	sp|Q45VK7|DYHC2_MOUSE	28.7	3221	1993	63	395678	405112	669	3661	0.0	1244
JAIWZN010000015.1	sp|P0C6F1|DYH2_MOUSE	27.6	3388	2176	67	395177	405172	658	3824	0.0	1237
JAIWZN010000015.1	sp|Q9P225|DYH2_HUMAN	27.5	3419	2143	74	395177	405172	623	3795	0.0	1223
JAIWZN010000015.1	sp|Q8NCM8|DYHC2_HUMAN	28.8	3190	1949	67	395678	404986	669	3621	0.0	1209
JAIWZN010000015.1	sp|Q8IVF4|DYH10_HUMAN	29.9	2747	1730	48	396953	405085	1214	3807	0.0	1202
JAIWZN010000015.1	sp|Q9MBF8|DYH1B_CHLRE	27.4	3272	2088	67	395540	405127	807	3867	0.0	1187
JAIWZN010000015.1	sp|E9Q8T7|DYH1_MOUSE	29.3	2894	1756	57	396752	405145	910	3609	0.0	1181
JAIWZN010000015.1	sp|Q9P2D7|DYH1_HUMAN	29.3	2873	1742	56	396794	405124	938	3616	0.0	1177
JAIWZN010000015.1	sp|Q9SMH3|DYH1A_CHLRE	27.2	3488	2240	78	394934	405118	692	3971	0.0	1176
JAIWZN010000015.1	sp|Q8TE73|DYH5_HUMAN	28.8	2854	1788	54	396764	405100	1296	3979	0.0	1159
JAIWZN010000016.1	sp|O43093|KINH_SYNRA	55.9	1073	282	18	215841	212656	40	932	5.71e-282	883
JAIWZN010000016.1	sp|Q10233|RPC2_SCHPO	65.8	628	178	2	254549	256429	49	640	8.86e-261	832
JAIWZN010000016.1	sp|P22276|RPC2_YEAST	61.1	630	197	6	254549	256429	43	627	5.38e-234	753
JAIWZN010000016.1	sp|Q9NW08|RPC2_HUMAN	60.6	629	206	6	254549	256432	25	612	2.72e-229	739
JAIWZN010000016.1	sp|P59470|RPC2_MOUSE	60.6	629	206	6	254549	256432	25	612	3.70e-229	739
JAIWZN010000016.1	sp|P25167|RPC2_DROME	55.4	628	239	5	254549	256432	33	619	4.83e-213	692
JAIWZN010000016.1	sp|Q86Z98|KINH_GIBMO	50.4	892	299	20	215265	212668	153	927	2.01e-199	645
JAIWZN010000016.1	sp|P14126|RL3_YEAST	74.4	386	99	0	332475	333632	2	387	8.78e-189	591
JAIWZN010000016.1	sp|Q759R7|RL3_ASHGO	74.1	386	100	0	332475	333632	2	387	1.93e-187	587
JAIWZN010000016.1	sp|Q6CJR7|RL3_KLULA	73.1	386	104	0	332475	333632	2	387	1.93e-187	587
JAIWZN010000016.1	sp|Q6FTJ2|RL3_CANGA	73.6	386	102	0	332475	333632	2	387	1.68e-186	584
JAIWZN010000016.1	sp|P40372|RL3A_SCHPO	73.6	386	102	0	332475	333632	2	387	1.52e-185	582
JAIWZN010000016.1	sp|P36584|RL3B_SCHPO	73.3	386	103	0	332475	333632	2	387	2.07e-185	581
JAIWZN010000016.1	sp|P48467|KINH_NEUCR	48.0	886	326	17	215265	212668	154	924	1.97e-184	601
JAIWZN010000016.1	sp|F4KD38|NRPC2_ARATH	50.6	634	264	8	254549	256429	31	622	3.55e-182	603
JAIWZN010000016.1	sp|P59671|RL3_NEUCR	72.1	387	107	1	332475	333632	2	388	5.45e-182	572
JAIWZN010000016.1	sp|Q86ZC1|KINH_BOTFU	51.8	805	266	15	215265	212881	151	843	1.76e-181	591
JAIWZN010000016.1	sp|Q6BXM5|RL3_DEBHA	70.5	386	114	0	332475	333632	2	387	7.88e-181	568
JAIWZN010000016.1	sp|Q8NKF4|RL3_ASPFU	71.3	387	110	1	332475	333632	2	388	1.63e-180	567
JAIWZN010000016.1	sp|O16797|RL3_DROME	70.6	394	107	2	332475	333629	2	395	3.93e-180	567
JAIWZN010000016.1	sp|O59672|YB89_SCHPO	60.2	482	185	2	83916	85343	250	730	5.28e-180	581
JAIWZN010000016.1	sp|P49149|RL3_TOXCA	67.3	392	122	2	332475	333632	2	393	2.18e-175	553
JAIWZN010000016.1	sp|Q4PF85|EIF3L_USTMA	52.5	547	192	6	81586	80000	93	589	2.28e-175	565
JAIWZN010000016.1	sp|P39872|RL3_BOVIN	67.3	394	120	2	332475	333629	2	395	7.78e-175	551
JAIWZN010000016.1	sp|P27659|RL3_MOUSE	67.3	394	120	2	332475	333629	2	395	2.68e-174	550
JAIWZN010000017.1	sp|O93927|FKS1_CRYNH	56.7	991	360	8	171938	168975	755	1679	0.0	1111
JAIWZN010000017.1	sp|A2QLK4|FKS1_ASPNC	57.5	990	356	8	171938	168978	818	1745	0.0	1104
JAIWZN010000017.1	sp|O13967|BGS2_SCHPO	55.6	1002	381	9	171965	168975	811	1753	0.0	1085
JAIWZN010000017.1	sp|O74475|BGS4_SCHPO	55.2	1007	379	11	171956	168978	844	1792	0.0	1078
JAIWZN010000017.1	sp|P40989|FKS2_YEAST	53.8	1008	393	11	171971	168975	794	1737	0.0	1043
JAIWZN010000017.1	sp|P38631|FKS1_YEAST	53.9	1008	392	12	171971	168975	775	1718	0.0	1042
JAIWZN010000017.1	sp|Q10287|BGS1_SCHPO	53.4	990	393	8	171938	168978	670	1594	2.53e-309	994
JAIWZN010000017.1	sp|Q04952|FKS3_YEAST	51.4	1014	427	16	171959	168975	663	1629	4.84e-300	969
JAIWZN010000017.1	sp|Q9P377|BGS3_SCHPO	50.8	1001	423	13	171971	168981	750	1685	8.90e-297	961
JAIWZN010000017.1	sp|Q01373|FOX2_NEUCR	50.4	758	332	14	141276	139027	172	893	8.57e-215	687
JAIWZN010000017.1	sp|P51660|DHB4_MOUSE	54.9	610	263	6	140841	139027	2	604	1.41e-195	625
JAIWZN010000017.1	sp|P51659|DHB4_HUMAN	54.5	609	264	7	140835	139027	4	605	1.08e-193	620
JAIWZN010000017.1	sp|P97852|DHB4_RAT	54.4	610	266	6	140841	139027	2	604	2.63e-193	619
JAIWZN010000017.1	sp|O60333|KIF1B_HUMAN	30.3	1790	724	53	121963	117074	91	1516	1.07e-158	551
JAIWZN010000017.1	sp|Q60575|KIF1B_MOUSE	29.7	1790	735	47	121963	117074	91	1516	1.49e-157	548
JAIWZN010000017.1	sp|O88658|KIF1B_RAT	29.9	1790	730	48	121963	117074	91	1516	1.49e-157	548
JAIWZN010000017.1	sp|Q9VXJ0|DHB4_DROME	47.6	620	287	13	140832	139000	8	598	2.43e-157	509
JAIWZN010000017.1	sp|Q02207|FOX2_YEAST	40.8	747	375	20	141183	139000	202	900	4.52e-145	486
JAIWZN010000017.1	sp|P22414|FOX2_CANTR	40.4	732	391	16	141183	139027	200	899	3.06e-140	472
JAIWZN010000017.1	sp|Q24K02|IDE_BOVIN	39.2	628	327	9	242229	244094	384	962	3.58e-122	422
JAIWZN010000017.1	sp|P14735|IDE_HUMAN	39.1	626	330	8	242229	244094	384	962	3.58e-122	422
JAIWZN010000017.1	sp|O43896|KIF1C_HUMAN	43.1	642	235	16	121963	120056	91	608	3.16e-121	422
JAIWZN010000017.1	sp|Q9UVC3|CP51_CUNEL	74.4	250	63	1	111278	110529	263	511	9.46e-121	400
JAIWZN010000017.1	sp|O35071|KIF1C_MOUSE	43.1	641	237	14	121963	120056	91	608	1.32e-120	420
JAIWZN010000017.1	sp|P35559|IDE_RAT	39.0	628	328	9	242229	244094	384	962	1.79e-120	417
JAIWZN010000018.1	sp|Q4PE39|SEC23_USTMA	79.5	429	86	1	228922	227642	337	765	2.38e-220	698
JAIWZN010000018.1	sp|P0CR39|SEC23_CRYNB	75.3	429	104	1	228922	227642	327	755	1.36e-204	652
JAIWZN010000018.1	sp|P0CR38|SEC23_CRYNJ	75.3	429	104	1	228922	227642	327	755	1.36e-204	652
JAIWZN010000018.1	sp|Q9C284|SEC23_NEUCR	71.0	435	118	4	228922	227642	334	768	1.14e-192	619
JAIWZN010000018.1	sp|O74873|SC231_SCHPO	69.2	428	131	1	228922	227642	326	753	4.27e-192	616
JAIWZN010000018.1	sp|Q2HB00|SEC23_CHAGB	70.0	433	124	3	228922	227642	334	766	4.28e-191	614
JAIWZN010000018.1	sp|A4R1J7|SEC23_MAGO7	69.4	432	126	4	228922	227642	333	763	7.20e-189	607
JAIWZN010000018.1	sp|Q2URM9|SEC23_ASPOR	69.4	431	128	4	228922	227642	332	762	4.40e-188	605
JAIWZN010000018.1	sp|Q5BGR9|SEC23_EMENI	68.9	431	130	4	228922	227642	334	764	7.47e-187	602
JAIWZN010000018.1	sp|Q0CUU1|SEC23_ASPTN	68.7	431	131	4	228922	227642	334	764	6.41e-186	599
JAIWZN010000018.1	sp|A1CRW7|SEC23_ASPCL	68.7	431	131	4	228922	227642	332	762	8.85e-186	598
JAIWZN010000018.1	sp|A2Q8L1|SEC23_ASPNC	68.4	431	132	4	228922	227642	331	761	1.46e-185	598
JAIWZN010000018.1	sp|Q4WK80|SEC23_ASPFU	68.2	431	133	4	228922	227642	332	762	2.16e-185	598
JAIWZN010000018.1	sp|A1D4S4|SEC23_NEOFI	68.2	431	133	4	228922	227642	332	762	3.99e-185	597
JAIWZN010000018.1	sp|Q0US25|SEC23_PHANO	68.1	433	131	5	228922	227642	338	769	5.56e-184	593
JAIWZN010000018.1	sp|Q6C5L5|SEC23_YARLI	68.0	428	136	1	228922	227642	324	751	9.10e-183	589
JAIWZN010000018.1	sp|Q1DY01|SEC23_COCIM	66.9	432	137	5	228922	227642	335	765	5.71e-181	585
JAIWZN010000018.1	sp|Q15436|SC23A_HUMAN	63.6	428	154	1	228919	227642	331	758	1.82e-173	563
JAIWZN010000018.1	sp|Q5R9P3|SC23A_PONAB	63.6	428	154	1	228919	227642	331	758	1.82e-173	563
JAIWZN010000018.1	sp|Q01405|SC23A_MOUSE	63.3	428	155	1	228919	227642	331	758	2.47e-173	562
JAIWZN010000018.1	sp|A2VDL8|SC23A_BOVIN	63.6	428	154	1	228919	227642	331	758	2.72e-173	562
JAIWZN010000018.1	sp|A5DA00|SEC23_PICGU	64.4	427	148	3	228922	227642	319	741	6.66e-173	560
JAIWZN010000018.1	sp|Q7SZE5|SC23A_DANRE	63.3	428	155	1	228919	227642	331	758	7.23e-172	558
JAIWZN010000018.1	sp|Q3SZN2|SC23B_BOVIN	64.5	428	150	1	228919	227642	333	760	3.58e-171	556
JAIWZN010000018.1	sp|Q05AS9|SC23A_XENTR	63.1	428	156	1	228919	227642	331	758	4.56e-171	556
JAIWZN010000019.1	sp|P0CM57|CAS1_CRYNB	35.8	854	435	19	50191	52536	47	859	1.15e-144	486
JAIWZN010000019.1	sp|P0CM56|CAS1_CRYNJ	35.8	854	435	19	50191	52536	47	859	1.15e-144	486
JAIWZN010000019.1	sp|Q8X226|CAS1_CRYNH	36.1	807	406	18	50191	52398	47	814	2.21e-141	476
JAIWZN010000019.1	sp|Q2TBQ5|RL7A_BOVIN	64.4	261	92	1	74170	74952	5	264	1.29e-99	329
JAIWZN010000019.1	sp|P62424|RL7A_HUMAN	64.4	261	92	1	74170	74952	5	264	1.76e-99	328
JAIWZN010000019.1	sp|Q4R5C2|RL7A_MACFA	64.4	261	92	1	74170	74952	5	264	1.76e-99	328
JAIWZN010000019.1	sp|P62425|RL7A_RAT	64.4	261	92	1	74170	74952	5	264	1.76e-99	328
JAIWZN010000019.1	sp|O57592|RL7A_TAKRU	65.1	261	90	1	74170	74952	5	264	1.76e-99	328
JAIWZN010000019.1	sp|P12970|RL7A_MOUSE	64.4	261	92	1	74170	74952	5	264	2.40e-99	328
JAIWZN010000019.1	sp|P32429|RL7A_CHICK	64.0	261	93	1	74170	74952	5	264	2.09e-98	325
JAIWZN010000019.1	sp|Q90YW2|RL7A_ICTPU	64.0	261	93	1	74170	74952	5	264	4.60e-97	322
JAIWZN010000019.1	sp|O35077|GPDA_RAT	45.6	386	144	2	138303	137146	15	334	1.99e-95	320
JAIWZN010000019.1	sp|P13707|GPDA_MOUSE	45.9	386	143	2	138303	137146	15	334	3.69e-95	320
JAIWZN010000019.1	sp|P21695|GPDA_HUMAN	44.8	386	147	2	138303	137146	15	334	2.35e-94	317
JAIWZN010000019.1	sp|Q5RCE0|GPDA_PONAB	44.6	386	148	2	138303	137146	15	334	2.77e-93	314
JAIWZN010000019.1	sp|P87145|VAC14_SCHPO	31.2	881	388	16	31235	28623	35	707	1.71e-91	325
JAIWZN010000019.1	sp|O57656|GPDA_TAKRU	43.8	388	149	3	138303	137146	16	336	2.22e-91	309
JAIWZN010000019.1	sp|P34517|GPDH2_CAEEL	38.4	476	173	5	138501	137119	16	386	2.48e-91	310
JAIWZN010000019.1	sp|Q5EA88|GPDA_BOVIN	44.0	386	150	2	138303	137146	15	334	3.86e-91	308
JAIWZN010000019.1	sp|Q6P824|GPD1L_XENTR	43.0	391	155	3	138303	137134	18	341	1.46e-90	306
JAIWZN010000019.1	sp|P29453|RL8B_YEAST	64.1	248	87	2	74182	74922	4	250	5.80e-90	301
JAIWZN010000019.1	sp|O13672|RL8_SCHPO	63.4	254	90	2	74185	74943	6	257	6.44e-90	301
JAIWZN010000019.1	sp|P17076|RL8A_YEAST	64.4	250	83	3	74182	74922	4	250	7.90e-90	300
JAIWZN010000019.1	sp|Q7TN73|CASD1_MOUSE	30.6	771	460	20	50161	52389	37	760	1.14e-89	320
JAIWZN010000019.1	sp|P35685|RL7A1_ORYSJ	62.5	248	92	1	74209	74952	10	256	1.57e-89	300
JAIWZN010000002.1	sp|P38811|TRA1_YEAST	35.7	3366	1816	62	2672675	2662821	74	3183	0.0	1897
JAIWZN010000002.1	sp|P34731|FAS1_CANAX	48.3	1895	841	25	1410613	1416225	255	2035	0.0	1729
JAIWZN010000002.1	sp|Q9UUG0|FAS1_SCHPO	48.5	1900	850	27	1410622	1416225	267	2069	0.0	1719
JAIWZN010000002.1	sp|P34229|FAS1_YARLI	48.5	1891	860	23	1410613	1416219	280	2079	0.0	1716
JAIWZN010000002.1	sp|Q9HFE8|TRA1_SCHPO	33.2	3379	1800	47	2672078	2662035	271	3220	0.0	1692
JAIWZN010000002.1	sp|Q10064|YAMB_SCHPO	32.4	3588	1885	55	2672657	2662035	80	3172	0.0	1657
JAIWZN010000002.1	sp|P07149|FAS1_YEAST	45.7	1892	899	27	1410613	1416234	268	2048	0.0	1644
JAIWZN010000002.1	sp|P78820|ACAC_SCHPO	52.4	1553	676	20	3041001	3045518	742	2278	0.0	1538
JAIWZN010000002.1	sp|P15398|RPA1_SCHPO	50.1	1650	671	26	1567094	1571809	108	1683	0.0	1441
JAIWZN010000002.1	sp|Q00955|ACAC_YEAST	50.5	1530	713	21	3040986	3045512	727	2232	0.0	1413
JAIWZN010000002.1	sp|Q92215|TOXC_COCCA	41.0	1892	988	21	1410613	1416219	270	2056	0.0	1405
JAIWZN010000002.1	sp|O14228|PUR4_SCHPO	56.4	1321	504	20	1028344	1024418	63	1323	0.0	1389
JAIWZN010000002.1	sp|Q9Y4A5|TRRAP_HUMAN	29.7	3459	1969	75	2672675	2662845	88	3271	0.0	1385
JAIWZN010000002.1	sp|P38972|PUR4_YEAST	53.8	1428	555	29	1028608	1024418	5	1358	0.0	1378
JAIWZN010000002.1	sp|A0A0R4ITC5|TRRAP_DANRE	29.7	3434	1977	74	2672675	2662845	88	3235	0.0	1377
JAIWZN010000002.1	sp|Q2SK05|PUR4_HAHCH	53.0	1405	547	21	1028614	1024418	1	1298	0.0	1358
JAIWZN010000002.1	sp|Q8DF81|PUR4_VIBVU	53.5	1405	540	23	1028614	1024418	1	1297	0.0	1355
JAIWZN010000002.1	sp|Q15R69|PUR4_PSEA6	52.7	1404	550	21	1028614	1024418	1	1295	0.0	1354
JAIWZN010000002.1	sp|Q7MN70|PUR4_VIBVY	53.4	1402	540	23	1028614	1024427	1	1294	0.0	1351
JAIWZN010000002.1	sp|Q4KHS6|PUR4_PSEF5	51.9	1405	561	23	1028614	1024421	1	1297	0.0	1345
JAIWZN010000002.1	sp|Q7N1Z4|PUR4_PHOLL	52.6	1410	543	23	1028614	1024418	1	1295	0.0	1344
JAIWZN010000002.1	sp|Q3KHL4|PUR4_PSEPF	51.9	1405	561	25	1028614	1024421	1	1297	0.0	1342
JAIWZN010000002.1	sp|Q5QWY0|PUR4_IDILO	52.4	1400	551	22	1028599	1024418	6	1295	0.0	1340
JAIWZN010000002.1	sp|O94313|CARB_SCHPO	64.0	1107	339	10	3502123	3498809	109	1157	0.0	1339
JAIWZN010000002.1	sp|Q9HXN2|PUR4_PSEAE	52.5	1405	553	24	1028614	1024421	1	1297	0.0	1337
JAIWZN010000020.1	sp|Q9P931|PGM_EMENI	61.9	436	116	3	165579	166886	1	386	1.68e-165	531
JAIWZN010000020.1	sp|Q4WY53|PGM_ASPFU	60.8	436	121	3	165579	166886	1	386	9.05e-162	520
JAIWZN010000020.1	sp|P57749|PGM_ASPOR	61.5	436	118	3	165579	166886	1	386	1.68e-161	519
JAIWZN010000020.1	sp|O60037|6PGD_CUNEL	85.0	293	44	0	170826	171704	193	485	1.17e-156	502
JAIWZN010000020.1	sp|O74374|PGM_SCHPO	55.2	453	151	4	165585	166943	2	402	2.42e-149	484
JAIWZN010000020.1	sp|P09231|KEX1A_KLULA	56.2	420	178	2	95690	96949	134	547	1.12e-146	484
JAIWZN010000020.1	sp|P0CS35|ERB1_CRYNB	51.2	500	224	9	41049	42506	189	682	1.60e-146	487
JAIWZN010000020.1	sp|P0CS34|ERB1_CRYNJ	51.2	500	224	9	41049	42506	189	682	1.60e-146	487
JAIWZN010000020.1	sp|Q9VUY9|PGM_DROME	55.4	455	145	6	165579	166919	3	407	8.95e-144	468
JAIWZN010000020.1	sp|A8NWR2|ERB1_COPC7	51.4	494	226	7	41046	42506	117	603	1.08e-141	470
JAIWZN010000020.1	sp|Q9SGC1|PGMC2_ARATH	54.1	453	139	8	165585	166886	6	408	2.81e-139	456
JAIWZN010000020.1	sp|A8QD31|ERB1_MALGO	49.5	511	227	11	41040	42506	215	716	4.41e-139	466
JAIWZN010000020.1	sp|P37012|PGM2_YEAST	55.4	444	138	10	165585	166886	5	398	7.77e-139	454
JAIWZN010000020.1	sp|A0JMQ0|BOP1_DANRE	48.8	492	230	10	41061	42506	151	630	3.58e-138	461
JAIWZN010000020.1	sp|O49299|PGMC1_ARATH	53.1	452	144	8	165585	166886	5	406	4.90e-137	450
JAIWZN010000020.1	sp|A4IHS2|BOP1_XENTR	46.9	501	247	8	41028	42506	93	582	7.25e-136	452
JAIWZN010000020.1	sp|P39671|PGM_RHIRD	54.5	435	143	6	165585	166886	2	382	1.77e-135	444
JAIWZN010000020.1	sp|Q9SM60|PGMC_PEA	51.4	455	153	8	165576	166886	3	407	3.51e-135	444
JAIWZN010000020.1	sp|Q9ZSQ4|PGMC_POPTN	51.8	454	152	8	165576	166886	3	406	4.77e-135	444
JAIWZN010000020.1	sp|A6ZMA9|ERB1_YEAS7	46.2	539	245	10	41004	42497	122	656	5.17e-135	452
JAIWZN010000020.1	sp|Q04660|ERB1_YEAST	46.4	539	244	10	41004	42497	122	656	7.02e-135	452
JAIWZN010000020.1	sp|Q9SNX2|PGMC_BROIN	53.6	446	140	8	165600	166886	10	405	1.16e-134	443
JAIWZN010000020.1	sp|P42781|XPR6_YARLI	53.3	426	186	2	95693	96949	282	701	1.28e-134	457
JAIWZN010000020.1	sp|Q9SCY0|PGMP_ARATH	51.7	437	160	5	165579	166886	67	453	3.25e-134	443
JAIWZN010000020.1	sp|Q7ZXX9|BOP1B_XENLA	46.9	499	246	9	41034	42506	94	581	9.40e-134	446
JAIWZN010000021.1	sp|Q5KPJ5|ILVB_CRYNJ	58.0	664	204	9	108182	110161	119	711	3.77e-233	732
JAIWZN010000021.1	sp|Q6SSJ3|ILVB_CRYNH	56.7	682	217	10	108137	110161	101	711	5.13e-233	732
JAIWZN010000021.1	sp|P36620|ILVB_SCHPO	58.5	661	195	7	108185	110158	81	665	4.35e-231	724
JAIWZN010000021.1	sp|P07342|ILVB_YEAST	56.2	669	215	8	108179	110182	84	675	1.06e-219	692
JAIWZN010000021.1	sp|P38674|ILV5_NEUCR	70.9	351	101	1	105033	103984	50	400	1.03e-162	516
JAIWZN010000021.1	sp|P06168|ILV5_YEAST	67.1	356	116	1	105048	103984	39	394	1.19e-156	498
JAIWZN010000021.1	sp|P78827|ILV5_SCHPO	63.9	355	127	1	105045	103984	47	401	1.11e-151	484
JAIWZN010000021.1	sp|P0CL53|FADH_ASPOR	62.8	344	95	1	80562	79531	62	372	3.00e-137	442
JAIWZN010000021.1	sp|Q0CR95|PABP_ASPTN	45.1	687	230	8	40469	38652	103	723	7.75e-137	456
JAIWZN010000021.1	sp|P32771|FADH_YEAST	62.1	348	95	3	80562	79531	60	374	7.32e-136	438
JAIWZN010000021.1	sp|A8ZTR0|ILVC_DESOH	60.9	350	136	1	105021	103975	1	350	8.95e-135	433
JAIWZN010000021.1	sp|Q06099|FADH_CANMA	61.1	347	100	2	80565	79531	59	372	6.31e-134	432
JAIWZN010000021.1	sp|O74685|FADH_PICPA	60.7	346	101	2	80562	79531	58	370	8.01e-134	432
JAIWZN010000021.1	sp|P25437|FRMA_ECOLI	58.9	343	108	1	80562	79534	51	360	1.78e-128	416
JAIWZN010000021.1	sp|A1A835|FRMA_ECOK1	58.6	343	109	1	80562	79534	51	360	2.42e-128	416
JAIWZN010000021.1	sp|Q0TKS7|FRMA_ECOL5	58.6	343	109	1	80562	79534	51	360	2.42e-128	416
JAIWZN010000021.1	sp|Q1RFI7|FRMA_ECOUT	58.6	343	109	1	80562	79534	51	360	2.42e-128	416
JAIWZN010000021.1	sp|O74540|FADH2_SCHPO	59.3	344	107	1	80562	79531	61	371	2.62e-128	416
JAIWZN010000021.1	sp|A7ZIA4|FRMA_ECO24	58.6	343	109	1	80562	79534	51	360	4.50e-128	415
JAIWZN010000021.1	sp|Q8X5J4|FRMA_ECO57	58.6	343	109	1	80562	79534	51	360	4.50e-128	415
JAIWZN010000021.1	sp|A7ZX04|FRMA_ECOHS	58.6	343	109	1	80562	79534	51	360	4.50e-128	415
JAIWZN010000021.1	sp|B1J085|FRMA_ECOLC	58.6	343	109	1	80562	79534	51	360	4.50e-128	415
JAIWZN010000021.1	sp|Q3Z550|FRMA_SHISS	58.6	343	109	1	80562	79534	51	360	4.50e-128	415
JAIWZN010000021.1	sp|B1LIP1|FRMA_ECOSM	58.3	343	110	1	80562	79534	51	360	3.91e-127	412
JAIWZN010000021.1	sp|P39450|FRMA_PHODP	57.4	343	113	1	80562	79534	51	360	5.32e-127	412
JAIWZN010000022.1	sp|Q8I7P9|POL5_DROME	34.2	409	252	7	28102	29292	110	513	8.36e-61	234
JAIWZN010000022.1	sp|P04323|POL3_DROME	35.3	391	239	6	28165	29325	213	593	1.03e-60	235
JAIWZN010000022.1	sp|P0CT41|TF212_SCHPO	34.6	387	229	11	28165	29286	411	786	6.27e-53	212
JAIWZN010000022.1	sp|P0CT34|TF21_SCHPO	34.6	387	229	11	28165	29286	411	786	6.27e-53	212
JAIWZN010000022.1	sp|P0CT35|TF22_SCHPO	34.6	387	229	11	28165	29286	411	786	6.27e-53	212
JAIWZN010000022.1	sp|P0CT36|TF23_SCHPO	34.6	387	229	11	28165	29286	411	786	6.27e-53	212
JAIWZN010000022.1	sp|P0CT37|TF24_SCHPO	34.6	387	229	11	28165	29286	411	786	6.27e-53	212
JAIWZN010000022.1	sp|P0CT38|TF25_SCHPO	34.6	387	229	11	28165	29286	411	786	6.27e-53	212
JAIWZN010000022.1	sp|P0CT39|TF26_SCHPO	34.6	387	229	11	28165	29286	411	786	6.27e-53	212
JAIWZN010000022.1	sp|P0CT40|TF29_SCHPO	34.6	387	229	11	28165	29286	411	786	6.27e-53	212
JAIWZN010000022.1	sp|Q7LHG5|YI31B_YEAST	33.2	434	238	12	28087	29286	576	991	6.32e-53	212
JAIWZN010000022.1	sp|Q99315|YG31B_YEAST	33.2	434	238	12	28087	29286	550	965	6.72e-53	212
JAIWZN010000022.1	sp|Q9UR07|TF211_SCHPO	34.6	387	229	11	28165	29286	411	786	1.08e-52	211
JAIWZN010000022.1	sp|P0CT42|TF27_SCHPO	34.6	387	229	11	28165	29286	411	786	1.08e-52	211
JAIWZN010000022.1	sp|P0CT43|TF28_SCHPO	34.6	387	229	11	28165	29286	411	786	1.08e-52	211
JAIWZN010000022.1	sp|P35072|TCB1_CAEBR	40.2	246	139	5	20766	21500	35	273	1.89e-50	186
JAIWZN010000022.1	sp|P03934|TC1A_CAEEL	40.7	246	138	5	20766	21500	35	273	3.50e-50	185
JAIWZN010000022.1	sp|P10394|POL4_DROME	31.8	393	255	7	28129	29295	311	694	8.30e-48	195
JAIWZN010000022.1	sp|Q04202|TCB2_CAEBR	39.4	251	134	5	20766	21500	35	273	1.05e-46	175
JAIWZN010000022.1	sp|Q91DM0|POLG_PVCV1	30.1	309	208	5	28366	29283	1454	1757	6.41e-29	134
JAIWZN010000022.1	sp|Q6XKE6|POLG_PVCV2	30.1	309	208	5	28366	29283	1455	1758	6.41e-29	134
JAIWZN010000022.1	sp|P34257|TC3A_CAEEL	32.9	249	153	7	30001	30738	92	329	1.05e-26	119
JAIWZN010000022.1	sp|A6NKG5|RTL1_HUMAN	29.0	335	213	10	28345	29316	636	956	2.74e-25	121
JAIWZN010000022.1	sp|Q89703|POL_CSVMV	26.3	396	263	15	28165	29292	205	591	1.31e-24	117
JAIWZN010000022.1	sp|P03359|POL_WMSV	23.1	420	288	11	28105	29307	684	1087	1.45e-20	106
JAIWZN010000023.1	sp|P0CT41|TF212_SCHPO	27.7	851	523	29	20224	17870	411	1235	1.64e-76	287
JAIWZN010000023.1	sp|P0CT34|TF21_SCHPO	27.7	851	523	29	20224	17870	411	1235	1.64e-76	287
JAIWZN010000023.1	sp|P0CT35|TF22_SCHPO	27.7	851	523	29	20224	17870	411	1235	1.64e-76	287
JAIWZN010000023.1	sp|P0CT36|TF23_SCHPO	27.7	851	523	29	20224	17870	411	1235	1.64e-76	287
JAIWZN010000023.1	sp|P0CT37|TF24_SCHPO	27.7	851	523	29	20224	17870	411	1235	1.64e-76	287
JAIWZN010000023.1	sp|P0CT38|TF25_SCHPO	27.7	851	523	29	20224	17870	411	1235	1.64e-76	287
JAIWZN010000023.1	sp|P0CT39|TF26_SCHPO	27.7	851	523	29	20224	17870	411	1235	1.64e-76	287
JAIWZN010000023.1	sp|P0CT40|TF29_SCHPO	27.7	851	523	29	20224	17870	411	1235	1.64e-76	287
JAIWZN010000023.1	sp|Q9UR07|TF211_SCHPO	27.7	851	523	29	20224	17870	411	1235	2.88e-76	286
JAIWZN010000023.1	sp|P0CT42|TF27_SCHPO	27.7	851	523	29	20224	17870	411	1235	2.88e-76	286
JAIWZN010000023.1	sp|P0CT43|TF28_SCHPO	27.7	851	523	29	20224	17870	411	1235	2.88e-76	286
JAIWZN010000023.1	sp|Q7LHG5|YI31B_YEAST	27.6	860	538	23	13393	15786	614	1450	5.01e-75	284
JAIWZN010000023.1	sp|Q99315|YG31B_YEAST	27.6	860	538	23	13393	15786	588	1424	1.05e-74	283
JAIWZN010000023.1	sp|Q8I7P9|POL5_DROME	36.2	423	240	10	27364	28596	94	498	3.16e-72	270
JAIWZN010000023.1	sp|P04323|POL3_DROME	36.7	376	222	7	27511	28635	221	581	1.97e-68	259
JAIWZN010000023.1	sp|P20825|POL2_DROME	37.0	365	208	6	27514	28596	221	567	4.59e-66	251
JAIWZN010000023.1	sp|P10401|POLY_DROME	38.0	361	206	6	27538	28596	204	554	1.98e-64	246
JAIWZN010000023.1	sp|P10394|POL4_DROME	31.9	432	271	9	27334	28596	260	679	5.51e-55	218
JAIWZN010000023.1	sp|Q91DM0|POLG_PVCV1	30.4	359	239	6	13633	14691	1454	1807	1.18e-36	159
JAIWZN010000023.1	sp|Q6XKE6|POLG_PVCV2	30.4	359	239	6	13633	14691	1455	1808	1.18e-36	159
JAIWZN010000023.1	sp|O00370|LORF2_HUMAN	24.1	845	529	34	1342	3762	104	874	8.64e-36	155
JAIWZN010000023.1	sp|P11369|LORF2_MOUSE	24.1	842	545	29	1348	3786	113	889	3.84e-34	150
JAIWZN010000023.1	sp|P08548|LIN1_NYCCO	23.2	689	448	23	1354	3351	107	737	3.73e-32	144
JAIWZN010000023.1	sp|Q89703|POL_CSVMV	26.0	442	293	16	20224	18974	205	637	5.81e-27	125
JAIWZN010000023.1	sp|A6NKG5|RTL1_HUMAN	27.7	358	238	9	13612	14646	636	985	3.80e-26	124
JAIWZN010000024.1	sp|P10394|POL4_DROME	26.8	909	547	21	8594	11008	312	1206	2.51e-79	295
JAIWZN010000024.1	sp|Q8I7P9|POL5_DROME	32.7	441	278	9	8606	9889	125	559	5.90e-66	250
JAIWZN010000024.1	sp|P10401|POLY_DROME	25.6	976	595	28	8066	10723	18	952	1.97e-65	249
JAIWZN010000024.1	sp|P04323|POL3_DROME	30.0	574	353	13	8615	10285	212	753	5.72e-64	245
JAIWZN010000024.1	sp|P20825|POL2_DROME	31.7	477	289	8	8480	9901	187	629	7.68e-64	244
JAIWZN010000024.1	sp|Q99315|YG31B_YEAST	26.9	834	545	24	8660	11041	616	1424	6.75e-62	241
JAIWZN010000024.1	sp|Q7LHG5|YI31B_YEAST	26.9	834	545	25	8660	11041	642	1450	1.06e-61	241
JAIWZN010000024.1	sp|P0CT41|TF212_SCHPO	25.6	859	554	25	17949	20387	416	1235	1.12e-58	230
JAIWZN010000024.1	sp|P0CT34|TF21_SCHPO	25.6	859	554	25	17949	20387	416	1235	1.12e-58	230
JAIWZN010000024.1	sp|P0CT35|TF22_SCHPO	25.6	859	554	25	17949	20387	416	1235	1.12e-58	230
JAIWZN010000024.1	sp|P0CT36|TF23_SCHPO	25.6	859	554	25	17949	20387	416	1235	1.12e-58	230
JAIWZN010000024.1	sp|P0CT37|TF24_SCHPO	25.6	859	554	25	17949	20387	416	1235	1.12e-58	230
JAIWZN010000024.1	sp|P0CT38|TF25_SCHPO	25.6	859	554	25	17949	20387	416	1235	1.12e-58	230
JAIWZN010000024.1	sp|P0CT39|TF26_SCHPO	25.6	859	554	25	17949	20387	416	1235	1.12e-58	230
JAIWZN010000024.1	sp|P0CT40|TF29_SCHPO	25.6	859	554	25	17949	20387	416	1235	1.12e-58	230
JAIWZN010000024.1	sp|Q9UR07|TF211_SCHPO	25.4	859	556	25	17949	20387	416	1235	1.32e-57	227
JAIWZN010000024.1	sp|P0CT42|TF27_SCHPO	25.4	859	556	25	17949	20387	416	1235	1.32e-57	227
JAIWZN010000024.1	sp|P0CT43|TF28_SCHPO	25.4	859	556	25	17949	20387	416	1235	1.32e-57	227
JAIWZN010000024.1	sp|Q91DM0|POLG_PVCV1	30.0	373	246	9	8774	9871	1440	1804	2.92e-35	154
JAIWZN010000024.1	sp|Q6XKE6|POLG_PVCV2	30.0	373	246	9	8774	9871	1441	1805	2.92e-35	154
JAIWZN010000024.1	sp|P09523|POL_FMVD	26.6	414	288	10	8654	9871	257	662	1.75e-30	136
JAIWZN010000024.1	sp|Q89703|POL_CSVMV	25.3	427	295	11	17994	19235	222	637	6.50e-30	134
JAIWZN010000024.1	sp|P11227|POL_MLVRD	23.2	491	338	13	8321	9733	625	1096	4.52e-21	107
JAIWZN010000024.1	sp|O93209|POL_FFV	27.7	292	194	9	22417	21554	159	437	1.81e-18	99.0
JAIWZN010000024.1	sp|P23074|POL_SFV1	26.5	275	189	6	22399	21575	168	429	1.19e-17	96.3
JAIWZN010000025.1	sp|Q04202|TCB2_CAEBR	36.4	280	169	4	21292	20453	3	273	9.23e-47	175
JAIWZN010000025.1	sp|P35072|TCB1_CAEBR	40.5	247	138	4	21193	20453	36	273	5.85e-46	172
JAIWZN010000025.1	sp|P03934|TC1A_CAEEL	40.9	247	137	4	21193	20453	36	273	1.08e-45	172
JAIWZN010000025.1	sp|Q8I7P9|POL5_DROME	27.4	303	197	4	16011	15163	166	465	5.97e-30	136
JAIWZN010000025.1	sp|P34257|TC3A_CAEEL	26.7	341	228	9	21487	20468	5	324	3.47e-22	105
JAIWZN010000025.1	sp|O92815|POL_WDSV	23.7	249	182	3	15894	15163	857	1102	2.21e-13	82.4
JAIWZN010000025.1	sp|Q6R2W3|SCND3_HUMAN	27.0	230	152	10	10005	10676	305	524	1.22e-06	60.1
JAIWZN010000026.1	sp|P0CT41|TF212_SCHPO	26.4	1036	643	33	17404	20328	306	1283	1.98e-76	286
JAIWZN010000026.1	sp|P0CT34|TF21_SCHPO	26.4	1036	643	33	17404	20328	306	1283	1.98e-76	286
JAIWZN010000026.1	sp|P0CT35|TF22_SCHPO	26.4	1036	643	33	17404	20328	306	1283	1.98e-76	286
JAIWZN010000026.1	sp|P0CT36|TF23_SCHPO	26.4	1036	643	33	17404	20328	306	1283	1.98e-76	286
JAIWZN010000026.1	sp|P0CT37|TF24_SCHPO	26.4	1036	643	33	17404	20328	306	1283	1.98e-76	286
JAIWZN010000026.1	sp|P0CT38|TF25_SCHPO	26.4	1036	643	33	17404	20328	306	1283	1.98e-76	286
JAIWZN010000026.1	sp|P0CT39|TF26_SCHPO	26.4	1036	643	33	17404	20328	306	1283	1.98e-76	286
JAIWZN010000026.1	sp|P0CT40|TF29_SCHPO	26.4	1036	643	33	17404	20328	306	1283	1.98e-76	286
JAIWZN010000026.1	sp|Q9UR07|TF211_SCHPO	26.4	1036	644	33	17404	20328	306	1283	2.62e-76	286
JAIWZN010000026.1	sp|P0CT42|TF27_SCHPO	26.4	1036	644	33	17404	20328	306	1283	2.62e-76	286
JAIWZN010000026.1	sp|P0CT43|TF28_SCHPO	26.4	1036	644	33	17404	20328	306	1283	2.62e-76	286
JAIWZN010000026.1	sp|P20825|POL2_DROME	31.1	546	337	10	17509	19062	89	623	3.26e-68	258
JAIWZN010000026.1	sp|Q7LHG5|YI31B_YEAST	26.2	905	565	25	17674	20205	588	1450	3.56e-65	251
JAIWZN010000026.1	sp|P04323|POL3_DROME	32.9	422	272	5	17803	19062	212	624	4.03e-64	245
JAIWZN010000026.1	sp|Q99315|YG31B_YEAST	26.1	905	566	25	17674	20205	562	1424	6.06e-64	248
JAIWZN010000026.1	sp|P10401|POLY_DROME	29.9	551	353	15	17467	19059	73	610	7.13e-61	234
JAIWZN010000026.1	sp|P10394|POL4_DROME	33.3	426	275	7	17794	19062	316	735	5.55e-56	221
JAIWZN010000026.1	sp|P03934|TC1A_CAEEL	38.3	230	132	5	918	232	53	273	7.06e-41	157
JAIWZN010000026.1	sp|Q04202|TCB2_CAEBR	37.0	230	135	5	918	232	53	273	1.77e-40	156
JAIWZN010000026.1	sp|P35072|TCB1_CAEBR	37.0	230	135	5	918	232	53	273	1.52e-39	154
JAIWZN010000026.1	sp|Q91DM0|POLG_PVCV1	28.0	372	255	10	17962	19059	1440	1804	7.92e-28	129
JAIWZN010000026.1	sp|Q6XKE6|POLG_PVCV2	28.0	372	255	10	17962	19059	1441	1805	7.92e-28	129
JAIWZN010000026.1	sp|P15629|POL_SOCMV	24.0	321	229	9	17812	18747	209	523	7.85e-12	76.3
JAIWZN010000026.1	sp|P45973|CBX5_HUMAN	38.9	54	33	0	20290	20451	17	70	7.58e-05	50.8
JAIWZN010000026.1	sp|Q61686|CBX5_MOUSE	38.9	54	33	0	20290	20451	17	70	7.58e-05	50.8
JAIWZN010000027.1	sp|P0CT41|TF212_SCHPO	27.6	809	505	27	5150	2871	459	1235	2.11e-66	254
JAIWZN010000027.1	sp|P0CT34|TF21_SCHPO	27.6	809	505	27	5150	2871	459	1235	2.11e-66	254
JAIWZN010000027.1	sp|P0CT35|TF22_SCHPO	27.6	809	505	27	5150	2871	459	1235	2.11e-66	254
JAIWZN010000027.1	sp|P0CT36|TF23_SCHPO	27.6	809	505	27	5150	2871	459	1235	2.11e-66	254
JAIWZN010000027.1	sp|P0CT37|TF24_SCHPO	27.6	809	505	27	5150	2871	459	1235	2.11e-66	254
JAIWZN010000027.1	sp|P0CT38|TF25_SCHPO	27.6	809	505	27	5150	2871	459	1235	2.11e-66	254
JAIWZN010000027.1	sp|P0CT39|TF26_SCHPO	27.6	809	505	27	5150	2871	459	1235	2.11e-66	254
JAIWZN010000027.1	sp|P0CT40|TF29_SCHPO	27.6	809	505	27	5150	2871	459	1235	2.11e-66	254
JAIWZN010000027.1	sp|Q9UR07|TF211_SCHPO	27.3	809	507	27	5150	2871	459	1235	2.54e-65	251
JAIWZN010000027.1	sp|P0CT42|TF27_SCHPO	27.3	809	507	27	5150	2871	459	1235	2.54e-65	251
JAIWZN010000027.1	sp|P0CT43|TF28_SCHPO	27.3	809	507	27	5150	2871	459	1235	2.54e-65	251
JAIWZN010000027.1	sp|P04323|POL3_DROME	30.4	368	241	4	5120	4020	271	624	3.29e-50	201
JAIWZN010000027.1	sp|P35072|TCB1_CAEBR	39.4	246	141	5	11937	11203	35	273	8.72e-49	180
JAIWZN010000027.1	sp|P03934|TC1A_CAEEL	39.8	246	140	5	11937	11203	35	273	1.19e-48	180
JAIWZN010000027.1	sp|Q04202|TCB2_CAEBR	38.6	251	136	5	11937	11203	35	273	3.54e-45	170
JAIWZN010000027.1	sp|P10394|POL4_DROME	29.1	392	266	4	5120	3948	379	759	4.72e-39	166
JAIWZN010000027.1	sp|Q6XKE6|POLG_PVCV2	26.2	431	291	9	5120	3861	1449	1863	1.13e-28	132
JAIWZN010000027.1	sp|Q91DM0|POLG_PVCV1	26.0	431	292	9	5120	3861	1448	1862	2.53e-28	131
JAIWZN010000027.1	sp|Q89703|POL_CSVMV	25.5	369	255	8	5096	4023	278	637	9.44e-28	127
JAIWZN010000027.1	sp|O93209|POL_FFV	29.3	181	127	1	5036	4494	246	425	6.61e-11	73.6
JAIWZN010000027.1	sp|P34257|TC3A_CAEEL	32.3	96	62	2	11018	10734	236	329	1.54e-06	57.8
JAIWZN010000027.1	sp|P45973|CBX5_HUMAN	33.3	69	45	1	2786	2580	17	84	3.91e-05	51.6
JAIWZN010000027.1	sp|Q61686|CBX5_MOUSE	33.3	69	45	1	2786	2580	17	84	3.91e-05	51.6
JAIWZN010000027.1	sp|P83916|CBX1_HUMAN	37.9	58	34	1	2777	2604	21	76	1.19e-04	50.1
JAIWZN010000027.1	sp|P83917|CBX1_MOUSE	37.9	58	34	1	2777	2604	21	76	1.19e-04	50.1
JAIWZN010000028.1	sp|Q10248|YD1K_SCHPO	53.2	220	97	3	12432	13085	73	288	1.86e-64	226
JAIWZN010000028.1	sp|P32331|YMC1_YEAST	45.5	220	111	4	12432	13076	81	296	7.72e-53	193
JAIWZN010000028.1	sp|P38087|YMC2_YEAST	41.5	236	114	5	12432	13085	90	319	4.21e-47	177
JAIWZN010000028.1	sp|Q55E85|MCFD_DICDI	31.3	246	138	7	12432	13085	79	321	2.69e-25	114
JAIWZN010000028.1	sp|O74352|HOB1_SCHPO	30.9	152	100	2	9348	9803	122	268	5.66e-16	88.2
JAIWZN010000028.1	sp|O94502|YBT5_SCHPO	29.4	214	141	5	12471	13085	204	416	1.71e-14	83.2
JAIWZN010000028.1	sp|Q7S2H8|TPC1_NEUCR	30.2	202	115	6	12543	13085	13	209	1.25e-13	79.3
JAIWZN010000028.1	sp|Q86HN8|MCFY_DICDI	27.4	241	141	8	12432	13085	201	430	4.17e-13	79.0
JAIWZN010000028.1	sp|Q20799|CMC2_CAEEL	27.3	176	121	4	12561	13085	253	422	7.98e-11	72.4
JAIWZN010000028.1	sp|Q9FI43|MAPC2_ARATH	26.6	214	137	6	12447	13085	189	383	5.69e-10	69.3
JAIWZN010000028.1	sp|P39743|RV167_YEAST	52.9	51	24	0	10543	10695	424	474	5.14e-09	66.2
JAIWZN010000028.1	sp|Q5RD81|GHC1_PONAB	26.3	243	141	5	12459	13085	68	306	5.27e-09	65.1
JAIWZN010000028.1	sp|O74545|YCV6_SCHPO	36.5	104	33	2	5665	5354	6	76	7.65e-09	64.3
JAIWZN010000028.1	sp|Q9H936|GHC1_HUMAN	25.9	243	142	5	12459	13085	68	306	1.67e-08	63.5
JAIWZN010000028.1	sp|P0CI40|CMC1_YEASX	24.6	191	135	4	12540	13085	345	535	3.07e-08	63.9
JAIWZN010000028.1	sp|Q08DK4|GHC1_BOVIN	26.5	245	138	7	12459	13085	68	306	5.23e-08	62.0
JAIWZN010000028.1	sp|P53281|LSB1_YEAST	51.0	51	23	1	10540	10692	55	103	7.07e-08	60.5
JAIWZN010000028.1	sp|Q07883|GRB2_CHICK	52.1	48	21	1	10549	10692	161	206	1.64e-07	58.9
JAIWZN010000028.1	sp|Q09461|YQ51_CAEEL	24.0	175	115	4	12600	13085	81	250	2.79e-07	60.1
JAIWZN010000028.1	sp|Q6C2N2|HSE1_YARLI	54.2	48	20	1	10549	10692	255	300	5.56e-07	60.1
JAIWZN010000028.1	sp|P62993|GRB2_HUMAN	47.9	48	23	1	10549	10692	161	206	1.33e-06	56.2
JAIWZN010000028.1	sp|Q60631|GRB2_MOUSE	47.9	48	23	1	10549	10692	161	206	1.33e-06	56.2
JAIWZN010000028.1	sp|Q5R4J7|GRB2_PONAB	47.9	48	23	1	10549	10692	161	206	1.33e-06	56.2
JAIWZN010000028.1	sp|P62994|GRB2_RAT	47.9	48	23	1	10549	10692	161	206	1.33e-06	56.2
JAIWZN010000028.1	sp|Q1E878|HSE1_COCIM	54.2	48	20	1	10549	10692	220	265	1.54e-06	58.5
JAIWZN010000029.1	sp|Q6R2W3|SCND3_HUMAN	26.1	230	154	10	12531	13202	305	524	9.85e-07	59.3
JAIWZN010000003.1	sp|P78820|ACAC_SCHPO	55.5	2132	884	18	1833603	1839845	161	2278	0.0	2288
JAIWZN010000003.1	sp|Q00955|ACAC_YEAST	54.6	2103	909	24	1833603	1839839	151	2232	0.0	2167
JAIWZN010000003.1	sp|P11029|ACAC_CHICK	47.1	2146	1032	33	1833603	1839845	210	2317	0.0	1837
JAIWZN010000003.1	sp|Q9TTS3|ACACA_BOVIN	46.7	2161	1042	32	1833603	1839845	210	2340	0.0	1826
JAIWZN010000003.1	sp|Q5SWU9|ACACA_MOUSE	46.5	2161	1047	32	1833603	1839845	209	2339	0.0	1825
JAIWZN010000003.1	sp|Q28559|ACACA_SHEEP	46.7	2161	1041	33	1833603	1839845	210	2340	0.0	1824
JAIWZN010000003.1	sp|P11497|ACACA_RAT	46.4	2164	1043	35	1833603	1839845	209	2339	0.0	1822
JAIWZN010000003.1	sp|Q13085|ACACA_HUMAN	46.7	2165	1037	36	1833603	1839845	210	2340	0.0	1820
JAIWZN010000003.1	sp|O00763|ACACB_HUMAN	46.4	2138	1050	31	1833603	1839845	352	2451	0.0	1807
JAIWZN010000003.1	sp|E9Q4Z2|ACACB_MOUSE	47.3	2089	1013	31	1833603	1839719	342	2392	0.0	1800
JAIWZN010000003.1	sp|P32874|HFA1_YEAST	46.7	2060	1029	28	1833603	1839713	227	2239	0.0	1744
JAIWZN010000003.1	sp|A6ZMR9|HFA1_YEAS7	46.7	2065	1021	29	1833603	1839713	227	2239	0.0	1743
JAIWZN010000003.1	sp|C8ZF72|HFA1_YEAS8	46.5	2060	1032	28	1833603	1839713	227	2239	0.0	1741
JAIWZN010000003.1	sp|C7GRE4|HFA1_YEAS2	46.4	2065	1026	29	1833603	1839713	227	2239	0.0	1737
JAIWZN010000003.1	sp|B3LM95|HFA1_YEAS1	46.4	2065	1027	29	1833603	1839713	227	2239	0.0	1734
JAIWZN010000003.1	sp|Q54J08|ACAC_DICDI	43.2	2199	1099	39	1833603	1839839	109	2276	0.0	1596
JAIWZN010000003.1	sp|Q38970|ACC1_ARATH	40.0	2170	1155	44	1833603	1839830	129	2246	0.0	1405
JAIWZN010000003.1	sp|F4I1L3|ACC2_ARATH	39.7	2174	1157	44	1833603	1839830	231	2347	0.0	1402
JAIWZN010000003.1	sp|Q8S6N5|ACC1_ORYSJ	39.5	2172	1180	39	1833603	1839839	131	2262	0.0	1401
JAIWZN010000003.1	sp|B9FK36|ACC2_ORYSJ	39.9	2160	1153	40	1833603	1839839	227	2322	0.0	1393
JAIWZN010000003.1	sp|P55251|LEUC_RHIPU	76.0	759	167	4	199214	201457	1	755	0.0	1188
JAIWZN010000003.1	sp|P55811|LEUC_RHINI	78.1	750	162	2	199214	201457	1	750	0.0	1184
JAIWZN010000003.1	sp|P18250|LEUC_PHYB8	73.4	758	178	7	199214	201457	1	744	0.0	1117
JAIWZN010000003.1	sp|P20409|TRPG_PHYBL	70.0	786	211	5	1615847	1618198	1	763	0.0	1070
JAIWZN010000003.1	sp|O93866|HSP70_TRIRU	81.3	652	109	3	1987221	1989143	5	654	0.0	1027
JAIWZN010000031.1	sp|P0CT41|TF212_SCHPO	27.2	841	532	24	9677	7323	467	1283	3.24e-69	262
JAIWZN010000031.1	sp|P0CT34|TF21_SCHPO	27.2	841	532	24	9677	7323	467	1283	3.24e-69	262
JAIWZN010000031.1	sp|P0CT35|TF22_SCHPO	27.2	841	532	24	9677	7323	467	1283	3.24e-69	262
JAIWZN010000031.1	sp|P0CT36|TF23_SCHPO	27.2	841	532	24	9677	7323	467	1283	3.24e-69	262
JAIWZN010000031.1	sp|P0CT37|TF24_SCHPO	27.2	841	532	24	9677	7323	467	1283	3.24e-69	262
JAIWZN010000031.1	sp|P0CT38|TF25_SCHPO	27.2	841	532	24	9677	7323	467	1283	3.24e-69	262
JAIWZN010000031.1	sp|P0CT39|TF26_SCHPO	27.2	841	532	24	9677	7323	467	1283	3.24e-69	262
JAIWZN010000031.1	sp|P0CT40|TF29_SCHPO	27.2	841	532	24	9677	7323	467	1283	3.24e-69	262
JAIWZN010000031.1	sp|Q9UR07|TF211_SCHPO	27.1	841	533	24	9677	7323	467	1283	4.28e-69	262
JAIWZN010000031.1	sp|P0CT42|TF27_SCHPO	27.1	841	533	24	9677	7323	467	1283	4.28e-69	262
JAIWZN010000031.1	sp|P0CT43|TF28_SCHPO	27.1	841	533	24	9677	7323	467	1283	4.28e-69	262
JAIWZN010000031.1	sp|Q7LHG5|YI31B_YEAST	26.0	804	505	20	9677	7446	677	1450	4.87e-60	233
JAIWZN010000031.1	sp|Q99315|YG31B_YEAST	25.9	804	506	20	9677	7446	651	1424	8.01e-59	229
JAIWZN010000031.1	sp|P04323|POL3_DROME	33.4	365	234	4	9677	8589	267	624	4.76e-56	218
JAIWZN010000031.1	sp|P20825|POL2_DROME	33.7	365	233	4	9677	8589	266	623	6.35e-56	218
JAIWZN010000031.1	sp|P10401|POLY_DROME	33.6	378	226	9	9677	8592	242	610	1.07e-52	207
JAIWZN010000031.1	sp|P10394|POL4_DROME	33.4	365	237	5	9677	8589	375	735	6.94e-49	196
JAIWZN010000031.1	sp|P03934|TC1A_CAEEL	35.0	280	172	5	6205	5375	1	273	3.19e-41	157
JAIWZN010000031.1	sp|P35072|TCB1_CAEBR	36.0	250	147	6	6112	5375	33	273	3.20e-39	152
JAIWZN010000031.1	sp|Q04202|TCB2_CAEBR	34.7	248	153	4	6112	5375	33	273	8.03e-39	150
JAIWZN010000031.1	sp|P34257|TC3A_CAEEL	33.8	293	176	8	6244	5375	52	329	9.85e-30	126
JAIWZN010000031.1	sp|Q91DM0|POLG_PVCV1	28.2	354	242	9	9635	8592	1457	1804	1.27e-27	127
JAIWZN010000031.1	sp|Q6XKE6|POLG_PVCV2	28.2	354	242	9	9635	8592	1458	1805	1.27e-27	127
JAIWZN010000031.1	sp|P15629|POL_SOCMV	25.0	252	180	6	9638	8904	274	523	6.00e-12	75.5
JAIWZN010000031.1	sp|P45973|CBX5_HUMAN	38.9	54	33	0	7361	7200	17	70	3.48e-05	50.8
JAIWZN010000033.1	sp|Q8TGM7|ART2_YEAST	84.9	53	8	0	3488	3646	1	53	2.14e-22	95.9
JAIWZN010000033.1	sp|Q3E811|RRT15_YEAST	91.5	47	4	0	3488	3628	1	47	7.66e-22	94.4
JAIWZN010000033.1	sp|Q8TGM6|TAR1_YEAST	71.7	53	15	0	5866	6024	12	64	1.60e-15	78.6
JAIWZN010000033.1	sp|Q6CQE5|TAR1_KLULA	79.2	48	10	0	5881	6024	2	49	2.66e-15	77.4
JAIWZN010000033.1	sp|P0C5Q0|YL54F_YEAST	74.3	35	7	1	6884	6982	10	44	2.75e-06	49.7
JAIWZN010000033.1	sp|P0C5P9|YL54B_YEAST	65.5	29	10	0	5498	5584	26	54	1.99e-04	44.7
JAIWZN010000034.1	sp|Q8I7P9|POL5_DROME	32.7	441	278	9	6378	5095	125	559	5.54e-67	251
JAIWZN010000034.1	sp|P04323|POL3_DROME	34.0	424	265	7	6369	5110	212	624	5.29e-65	246
JAIWZN010000034.1	sp|P20825|POL2_DROME	33.1	435	275	7	6378	5083	208	629	7.10e-65	245
JAIWZN010000034.1	sp|P10401|POLY_DROME	30.5	571	346	15	6717	5086	73	619	2.34e-63	240
JAIWZN010000034.1	sp|P10394|POL4_DROME	33.3	430	278	7	6390	5110	312	735	6.57e-56	218
JAIWZN010000034.1	sp|Q99315|YG31B_YEAST	31.9	405	263	7	6324	5113	616	1008	6.42e-51	203
JAIWZN010000034.1	sp|Q7LHG5|YI31B_YEAST	31.6	405	264	7	6324	5113	642	1034	3.11e-50	201
JAIWZN010000034.1	sp|Q91DM0|POLG_PVCV1	30.0	373	246	9	6210	5113	1440	1804	4.05e-36	155
JAIWZN010000034.1	sp|Q6XKE6|POLG_PVCV2	30.0	373	246	9	6210	5113	1441	1805	4.05e-36	155
JAIWZN010000034.1	sp|P09523|POL_FMVD	26.4	413	290	9	6330	5113	257	662	4.66e-31	135
JAIWZN010000034.1	sp|P11227|POL_MLVRD	23.9	494	331	13	6663	5251	625	1096	2.05e-21	106
JAIWZN010000034.1	sp|P15629|POL_SOCMV	22.3	484	300	13	6360	5113	209	684	3.33e-15	85.5
JAIWZN010000034.1	sp|P45973|CBX5_HUMAN	37.0	54	34	0	2207	2046	17	70	1.80e-05	51.2
JAIWZN010000034.1	sp|Q61686|CBX5_MOUSE	37.0	54	34	0	2207	2046	17	70	1.80e-05	51.2
JAIWZN010000034.1	sp|P83916|CBX1_HUMAN	40.4	47	28	0	2198	2058	21	67	4.47e-04	47.0
JAIWZN010000034.1	sp|P83917|CBX1_MOUSE	40.4	47	28	0	2198	2058	21	67	4.47e-04	47.0
JAIWZN010000038.1	sp|Q8TGM7|ART2_YEAST	84.9	53	8	0	1206	1364	1	53	1.53e-22	95.9
JAIWZN010000038.1	sp|Q3E811|RRT15_YEAST	91.5	47	4	0	1206	1346	1	47	5.48e-22	94.4
JAIWZN010000038.1	sp|Q8TGM6|TAR1_YEAST	71.7	53	15	0	3584	3742	12	64	1.14e-15	78.6
JAIWZN010000038.1	sp|Q6CQE5|TAR1_KLULA	79.2	48	10	0	3599	3742	2	49	1.89e-15	77.4
JAIWZN010000038.1	sp|P0C5Q0|YL54F_YEAST	74.3	35	7	1	4602	4700	10	44	1.97e-06	49.7
JAIWZN010000038.1	sp|P0C5P9|YL54B_YEAST	65.5	29	10	0	3216	3302	26	54	1.42e-04	44.7
JAIWZN010000004.1	sp|O13914|SYA_SCHPO	50.8	996	400	7	2033864	2036845	51	958	5.41e-301	941
JAIWZN010000004.1	sp|Q5A8K2|SYA_CANAL	50.5	995	401	8	2033864	2036842	65	969	3.13e-297	931
JAIWZN010000004.1	sp|Q5AQL1|SYA_EMENI	53.2	872	374	6	2034239	2036842	120	961	1.19e-284	894
JAIWZN010000004.1	sp|P40825|SYA_YEAST	48.7	998	418	9	2033864	2036845	75	982	1.61e-283	892
JAIWZN010000004.1	sp|O14134|ELF1_SCHPO	49.8	982	477	9	45964	48876	19	995	1.98e-280	886
JAIWZN010000004.1	sp|O94609|UBA1_SCHPO	56.0	796	296	8	808125	810497	266	1012	6.15e-271	857
JAIWZN010000004.1	sp|Q54XS2|ACON_DICDI	54.2	790	256	6	1911787	1914150	81	766	7.33e-266	832
JAIWZN010000004.1	sp|Q29504|UBA1_RABIT	55.8	805	293	10	808125	810500	304	1058	6.17e-265	842
JAIWZN010000004.1	sp|P49609|ACON_GRAGA	54.4	787	254	5	1911787	1914144	92	774	8.43e-265	829
JAIWZN010000004.1	sp|P52495|UBA1_CANAW	55.8	803	292	12	808131	810497	268	1021	1.15e-264	839
JAIWZN010000004.1	sp|P24918|NDUS1_NEUCR	62.2	654	239	5	1933422	1935371	71	720	5.29e-264	825
JAIWZN010000004.1	sp|P22314|UBA1_HUMAN	56.0	806	290	11	808125	810500	304	1058	4.55e-263	836
JAIWZN010000004.1	sp|Q5U300|UBA1_RAT	54.9	805	300	9	808125	810500	304	1058	1.14e-262	835
JAIWZN010000004.1	sp|Q02053|UBA1_MOUSE	54.9	805	300	9	808125	810500	304	1058	5.31e-262	833
JAIWZN010000004.1	sp|A3KMV5|UBA1_BOVIN	55.3	805	297	10	808125	810500	304	1058	7.21e-262	833
JAIWZN010000004.1	sp|O13966|ACON_SCHPO	53.1	785	261	6	1911787	1914135	101	780	4.94e-261	819
JAIWZN010000004.1	sp|P39533|ACON2_YEAST	55.2	796	242	10	1911787	1914141	91	782	7.91e-260	815
JAIWZN010000004.1	sp|Q9P7D4|ACON2_SCHPO	56.3	796	236	8	1911787	1914150	100	791	1.26e-259	820
JAIWZN010000004.1	sp|P22515|UBA1_YEAST	52.7	809	314	12	808125	810497	267	1024	1.10e-253	808
JAIWZN010000004.1	sp|D4AT77|ACON_ARTBC	51.6	789	276	6	1911787	1914150	90	773	2.06e-252	793
JAIWZN010000004.1	sp|Q4WLN1|ACON_ASPFU	52.3	793	273	7	1911787	1914162	99	787	3.69e-251	790
JAIWZN010000004.1	sp|P19414|ACON_YEAST	52.3	788	270	6	1911787	1914144	90	773	1.71e-250	788
JAIWZN010000004.1	sp|P31254|UBA1Y_MOUSE	53.1	810	308	10	808125	810500	303	1058	2.11e-250	800
JAIWZN010000004.1	sp|P20004|ACON_BOVIN	50.8	792	285	5	1911775	1914147	90	777	6.29e-250	786
JAIWZN010000004.1	sp|Q4WJ90|ACON2_ASPFU	54.3	798	251	9	1911787	1914150	103	796	1.44e-248	783
JAIWZN010000005.1	sp|P38811|TRA1_YEAST	34.8	2952	1676	53	2178047	2186638	388	3179	0.0	1658
JAIWZN010000005.1	sp|Q9HFE8|TRA1_SCHPO	33.4	3133	1726	43	2178038	2187262	401	3216	0.0	1560
JAIWZN010000005.1	sp|Q10064|YAMB_SCHPO	31.8	3136	1738	49	2178047	2187262	369	3168	0.0	1485
JAIWZN010000005.1	sp|P0CN27|DPOE_CRYNB	44.2	1750	871	27	1548118	1542998	550	2236	0.0	1419
JAIWZN010000005.1	sp|P0CN26|DPOE_CRYNJ	44.2	1750	871	27	1548118	1542998	550	2236	0.0	1419
JAIWZN010000005.1	sp|Q4PFV5|DPOE_USTMA	43.7	1789	865	27	1548118	1543013	553	2286	0.0	1416
JAIWZN010000005.1	sp|O93845|DPOE_EMENI	42.5	1770	915	30	1548118	1542956	491	2206	0.0	1332
JAIWZN010000005.1	sp|Q9WVF7|DPOE1_MOUSE	41.2	1811	936	30	1548118	1542956	507	2278	0.0	1306
JAIWZN010000005.1	sp|Q07864|DPOE1_HUMAN	41.5	1811	920	33	1548118	1542977	507	2274	0.0	1300
JAIWZN010000005.1	sp|Q4WXH8|DPOE_ASPFU	42.1	1765	913	33	1548118	1542974	518	2223	0.0	1299
JAIWZN010000005.1	sp|P87154|DPOE_SCHPO	41.0	1725	942	24	1548118	1543013	508	2179	0.0	1278
JAIWZN010000005.1	sp|Q6BNG2|DPOE_DEBHA	40.6	1741	929	33	1548118	1543016	533	2208	0.0	1263
JAIWZN010000005.1	sp|J9VNT4|CHS5_CRYNH	42.5	1741	862	37	863454	858406	117	1776	0.0	1250
JAIWZN010000005.1	sp|Q9C102|GLT1_SCHPO	67.3	899	291	3	623561	626254	304	1200	0.0	1249
JAIWZN010000005.1	sp|Q4P9K9|CHS8_USTMA	41.8	1709	856	30	863442	858529	107	1747	0.0	1243
JAIWZN010000005.1	sp|Q9VCN1|DPOE1_DROME	40.6	1785	942	39	1548118	1542956	505	2234	0.0	1224
JAIWZN010000005.1	sp|Q6CUS7|DPOE_KLULA	39.9	1748	952	32	1548118	1542977	499	2181	0.0	1212
JAIWZN010000005.1	sp|P21951|DPOE_YEAST	39.3	1755	966	33	1548118	1542977	522	2217	0.0	1199
JAIWZN010000005.1	sp|Q12680|GLT1_YEAST	63.5	910	316	6	623561	626260	292	1195	0.0	1158
JAIWZN010000005.1	sp|Q752B8|DPOE_ASHGO	39.2	1763	941	38	1548118	1542977	496	2176	0.0	1139
JAIWZN010000005.1	sp|F4HW04|DPOE1_ARATH	38.9	1745	963	30	1548118	1542977	480	2152	0.0	1133
JAIWZN010000005.1	sp|F4IFN6|DPOE2_ARATH	38.4	1756	955	33	1548118	1542956	472	2135	0.0	1121
JAIWZN010000005.1	sp|Q54RD4|DPOE1_DICDI	35.2	1929	974	37	1548115	1542977	505	2373	0.0	1087
JAIWZN010000005.1	sp|P30595|CHS2_RHIOL	77.0	688	131	3	1708260	1706209	194	858	0.0	1071
JAIWZN010000005.1	sp|P87073|CHS1_PHYB8	75.0	692	138	5	1708260	1706209	177	841	0.0	1045
JAIWZN010000006.1	sp|O75643|U520_HUMAN	57.7	2186	849	15	1071162	1064632	1	2119	0.0	2486
JAIWZN010000006.1	sp|Q6P4T2|U520_MOUSE	57.6	2186	851	15	1071162	1064632	1	2119	0.0	2484
JAIWZN010000006.1	sp|F1LNJ2|U520_RAT	57.5	2189	851	16	1071162	1064632	1	2122	0.0	2479
JAIWZN010000006.1	sp|Q9VUV9|U520_DROME	56.0	2188	886	15	1071162	1064632	1	2123	0.0	2417
JAIWZN010000006.1	sp|Q9SYP1|DEXHC_ARATH	54.9	2208	901	26	1071159	1064632	8	2153	0.0	2254
JAIWZN010000006.1	sp|Q9UT24|BRR2_SCHPO	52.5	2185	967	23	1071138	1064632	28	2157	0.0	2180
JAIWZN010000006.1	sp|O48534|DEXHD_ARATH	53.1	2208	942	30	1071159	1064632	9	2154	0.0	2176
JAIWZN010000006.1	sp|Q9U2G0|U520_CAEEL	52.1	2196	963	24	1071162	1064623	1	2124	0.0	2142
JAIWZN010000006.1	sp|Q55CI8|HELCL_DICDI	49.1	2239	1054	29	1071162	1064623	1	2213	0.0	2004
JAIWZN010000006.1	sp|P32639|BRR2_YEAST	40.5	2227	1178	43	1071132	1064629	17	2156	0.0	1554
JAIWZN010000006.1	sp|Q9FNQ1|DEXHE_ARATH	45.7	1725	909	15	1069776	1064632	440	2147	0.0	1536
JAIWZN010000006.1	sp|F1NTD6|ASCC3_CHICK	42.1	1976	1032	23	1070265	1064623	227	2184	0.0	1513
JAIWZN010000006.1	sp|E1BNG3|ASCC3_BOVIN	44.6	1766	920	18	1069761	1064623	416	2175	0.0	1494
JAIWZN010000006.1	sp|E9PZJ8|ASCC3_MOUSE	44.1	1776	932	18	1069791	1064623	408	2176	0.0	1474
JAIWZN010000006.1	sp|Q8N3C0|ASCC3_HUMAN	44.1	1766	928	17	1069761	1064623	416	2175	0.0	1472
JAIWZN010000006.1	sp|F1LPQ2|ASCC3_RAT	43.8	1771	936	18	1069776	1064623	412	2175	0.0	1454
JAIWZN010000006.1	sp|Q54G57|ASCC3_DICDI	44.1	1750	911	21	1069740	1064638	428	2158	0.0	1445
JAIWZN010000006.1	sp|E7F8F4|ASCC3_DANRE	45.0	1546	751	12	1069731	1065115	23	1475	0.0	1336
JAIWZN010000006.1	sp|O60072|MUG81_SCHPO	39.6	1868	1028	27	1070124	1064650	113	1923	0.0	1291
JAIWZN010000006.1	sp|O94666|RPC1_SCHPO	58.1	1115	430	7	406694	403362	107	1188	0.0	1288
JAIWZN010000006.1	sp|P53327|SLH1_YEAST	42.3	1585	864	25	1069773	1065118	219	1786	0.0	1239
JAIWZN010000006.1	sp|Q6BI69|RPC1_DEBHA	55.5	1139	428	13	406694	403404	108	1209	0.0	1238
JAIWZN010000006.1	sp|P04051|RPC1_YEAST	55.5	1143	430	14	406694	403404	108	1217	0.0	1226
JAIWZN010000006.1	sp|O14802|RPC1_HUMAN	52.9	1110	459	12	406694	403395	110	1165	0.0	1111
JAIWZN010000006.1	sp|Q5ZL98|RPC1_CHICK	52.8	1102	449	12	406694	403428	110	1153	0.0	1104
JAIWZN010000007.1	sp|Q02061|RPB2_SCHPO	71.6	1023	268	6	1802212	1799189	111	1125	0.0	1487
JAIWZN010000007.1	sp|A5DHT2|RPB2_PICGU	68.2	1034	298	7	1802212	1799189	117	1145	0.0	1410
JAIWZN010000007.1	sp|Q753Q4|RPB2_ASHGO	66.8	1027	310	8	1802212	1799189	120	1134	0.0	1372
JAIWZN010000007.1	sp|Q6FLD5|RPB2_CANGA	66.5	1026	314	8	1802212	1799189	122	1135	0.0	1369
JAIWZN010000007.1	sp|P08518|RPB2_YEAST	65.9	1025	321	6	1802212	1799189	124	1136	0.0	1367
JAIWZN010000007.1	sp|Q54J75|RPB2_DICDI	65.0	1009	312	9	1802212	1799189	119	1087	0.0	1340
JAIWZN010000007.1	sp|Q42877|RPB2_SOLLC	65.4	1011	312	8	1802212	1799189	121	1096	0.0	1334
JAIWZN010000007.1	sp|O93918|PYC_ASPTE	69.6	946	284	4	38959	36125	166	1108	0.0	1333
JAIWZN010000007.1	sp|P38420|NRPB2_ARATH	65.0	1011	316	8	1802212	1799189	122	1097	0.0	1328
JAIWZN010000007.1	sp|Q0CLK1|PYC_ASPTN	69.5	946	285	4	38959	36125	166	1108	0.0	1327
JAIWZN010000007.1	sp|Q9HES8|PYC_ASPNG	69.0	954	292	4	38959	36101	165	1115	0.0	1324
JAIWZN010000007.1	sp|Q8CFI7|RPB2_MOUSE	64.5	1014	313	7	1802212	1799189	120	1092	0.0	1306
JAIWZN010000007.1	sp|P30876|RPB2_HUMAN	64.4	1014	314	7	1802212	1799189	120	1092	0.0	1305
JAIWZN010000007.1	sp|Q9UUE1|PYC_SCHPO	66.6	954	312	6	38959	36107	157	1106	0.0	1279
JAIWZN010000007.1	sp|P08266|RPB2_DROME	63.4	1014	325	9	1802212	1799189	121	1094	0.0	1271
JAIWZN010000007.1	sp|Q8X1T3|PYC_PICAN	64.7	956	333	4	38950	36089	150	1103	0.0	1269
JAIWZN010000007.1	sp|P11154|PYC1_YEAST	65.4	959	327	5	38959	36089	143	1098	0.0	1262
JAIWZN010000007.1	sp|P32327|PYC2_YEAST	64.9	955	330	5	38959	36101	144	1095	0.0	1251
JAIWZN010000007.1	sp|Q10578|RPB2_CAEEL	62.6	1016	328	7	1802212	1799189	127	1098	0.0	1249
JAIWZN010000007.1	sp|P78992|PYC_PICPA	64.0	962	337	7	38959	36089	146	1103	0.0	1233
JAIWZN010000007.1	sp|Q8SR75|RPB2_ENCCU	61.0	1008	344	8	1802212	1799189	102	1060	0.0	1231
JAIWZN010000007.1	sp|Q29RK2|PYC_BOVIN	59.7	948	370	3	38959	36122	159	1096	0.0	1129
JAIWZN010000007.1	sp|Q05920|PYC_MOUSE	59.3	949	372	4	38959	36122	159	1096	0.0	1129
JAIWZN010000007.1	sp|P52873|PYC_RAT	59.2	949	373	4	38959	36122	159	1096	0.0	1129
JAIWZN010000007.1	sp|P11498|PYC_HUMAN	59.5	948	372	3	38959	36122	159	1096	0.0	1127
JAIWZN010000008.1	sp|P78615|FAS2_EMEND	57.2	1903	755	20	311891	306207	6	1857	0.0	2048
JAIWZN010000008.1	sp|Q10289|FAS2_SCHPO	56.3	1904	754	19	311891	306210	6	1840	0.0	2011
JAIWZN010000008.1	sp|G8BAW7|FAS2_CANPC	55.4	1931	772	23	311891	306207	6	1883	0.0	1998
JAIWZN010000008.1	sp|P15368|FAS2_PENPA	57.1	1889	745	20	311891	306258	6	1839	0.0	1996
JAIWZN010000008.1	sp|P43098|FAS2_CANAX	55.4	1933	770	26	311891	306207	6	1884	0.0	1967
JAIWZN010000008.1	sp|P19097|FAS2_YEAST	54.0	1929	802	21	311891	306210	6	1884	0.0	1923
JAIWZN010000008.1	sp|Q765N2|FAS2_LACKL	53.6	1928	814	20	311891	306207	8	1887	0.0	1906
JAIWZN010000008.1	sp|Q9UUG0|FAS1_SCHPO	51.8	1686	719	22	316880	311916	447	2069	0.0	1676
JAIWZN010000008.1	sp|P34731|FAS1_CANAX	52.3	1671	701	25	316880	311922	441	2033	0.0	1657
JAIWZN010000008.1	sp|P34229|FAS1_YARLI	51.3	1677	728	25	316880	311922	468	2079	0.0	1622
JAIWZN010000008.1	sp|Q9C102|GLT1_SCHPO	65.3	1190	376	4	599027	602590	46	1200	0.0	1593
JAIWZN010000008.1	sp|P07149|FAS1_YEAST	49.1	1667	765	19	316880	311907	456	2048	0.0	1569
JAIWZN010000008.1	sp|O93927|FKS1_CRYNH	49.9	1620	687	26	67688	72409	137	1677	0.0	1493
JAIWZN010000008.1	sp|Q12680|GLT1_YEAST	60.6	1216	423	11	598997	602596	20	1195	0.0	1460
JAIWZN010000008.1	sp|A2QLK4|FKS1_ASPNC	47.2	1629	719	22	67715	72406	191	1743	0.0	1391
JAIWZN010000008.1	sp|O13967|BGS2_SCHPO	46.4	1657	731	28	67679	72421	180	1755	0.0	1360
JAIWZN010000008.1	sp|P40989|FKS2_YEAST	46.2	1649	740	27	67661	72400	162	1732	0.0	1358
JAIWZN010000008.1	sp|Q92215|TOXC_COCCA	43.6	1667	854	16	316871	311922	459	2056	0.0	1358
JAIWZN010000008.1	sp|P38631|FKS1_YEAST	46.4	1656	742	29	67661	72424	143	1721	0.0	1357
JAIWZN010000008.1	sp|O74475|BGS4_SCHPO	45.9	1674	731	36	67688	72409	193	1791	0.0	1342
JAIWZN010000008.1	sp|Q2TXF0|ORYA_ASPOR	42.2	1915	936	30	311891	306207	10	1774	0.0	1329
JAIWZN010000008.1	sp|Q10287|BGS1_SCHPO	46.1	1615	758	29	67688	72427	63	1599	0.0	1313
JAIWZN010000008.1	sp|Q9P377|BGS3_SCHPO	44.3	1619	780	26	67676	72400	142	1682	0.0	1268
JAIWZN010000008.1	sp|Q5AV00|ATNF_EMENI	43.3	1758	834	24	311891	306714	10	1637	0.0	1249
JAIWZN010000008.1	sp|Q04952|FKS3_YEAST	42.5	1697	782	29	67688	72427	15	1635	0.0	1245
JAIWZN010000009.1	sp|Q6P2Q9|PRP8_HUMAN	85.6	1498	208	3	635425	639915	52	1542	0.0	2712
JAIWZN010000009.1	sp|Q99PV0|PRP8_MOUSE	85.6	1498	208	3	635425	639915	52	1542	0.0	2712
JAIWZN010000009.1	sp|Q9SSD2|PRP8A_ARATH	82.7	1498	251	3	635425	639915	76	1566	0.0	2639
JAIWZN010000009.1	sp|P34369|PRP8_CAEEL	81.9	1500	263	4	635425	639915	42	1535	0.0	2606
JAIWZN010000009.1	sp|Q9T0I6|PRP8B_ARATH	81.0	1498	281	2	635425	639915	74	1568	0.0	2579
JAIWZN010000009.1	sp|Q8T295|PRP8_DICDI	78.2	1497	322	2	635425	639915	39	1531	0.0	2498
JAIWZN010000009.1	sp|O14187|SPP42_SCHPO	77.1	1502	331	6	635425	639915	73	1566	0.0	2437
JAIWZN010000009.1	sp|Q869L3|MDN1_DICDI	31.8	5988	3104	147	384211	399843	103	5898	0.0	2290
JAIWZN010000009.1	sp|Q12019|MDN1_YEAST	33.7	5353	2835	119	384196	399831	130	4905	0.0	2213
JAIWZN010000009.1	sp|Q9NU22|MDN1_HUMAN	31.9	5717	3124	145	384199	399843	144	5592	0.0	2097
JAIWZN010000009.1	sp|P33334|PRP8_YEAST	66.2	1498	486	10	635443	639915	131	1614	0.0	2066
JAIWZN010000009.1	sp|O94248|MDN1_SCHPO	32.9	5158	2745	123	384754	399840	132	4715	0.0	2051
JAIWZN010000009.1	sp|O60072|MUG81_SCHPO	47.1	1903	842	14	771800	777493	181	1923	0.0	1696
JAIWZN010000009.1	sp|A0A1P8AUY4|MDN1_ARATH	29.4	5398	3135	134	384730	399843	325	5397	0.0	1660
JAIWZN010000009.1	sp|E1BNG3|ASCC3_BOVIN	47.2	1930	884	19	771764	777511	364	2172	0.0	1653
JAIWZN010000009.1	sp|E9PZJ8|ASCC3_MOUSE	47.0	1954	852	22	771764	777511	365	2173	0.0	1650
JAIWZN010000009.1	sp|Q8N3C0|ASCC3_HUMAN	47.0	1960	851	23	771752	777511	360	2172	0.0	1647
JAIWZN010000009.1	sp|F1NTD6|ASCC3_CHICK	46.6	1952	864	21	771764	777511	373	2181	0.0	1642
JAIWZN010000009.1	sp|F1LPQ2|ASCC3_RAT	46.2	1965	874	24	771764	777544	365	2184	0.0	1622
JAIWZN010000009.1	sp|E7F8F4|ASCC3_DANRE	51.4	1532	588	13	772310	776890	101	1481	0.0	1493
JAIWZN010000009.1	sp|P53327|SLH1_YEAST	47.1	1689	767	19	771872	776884	211	1791	0.0	1469
JAIWZN010000009.1	sp|Q9FNQ1|DEXHE_ARATH	43.2	1914	902	17	771794	777520	417	2150	0.0	1467
JAIWZN010000009.1	sp|Q54G57|ASCC3_DICDI	43.7	1765	845	21	772310	777505	510	2158	0.0	1420
JAIWZN010000009.1	sp|O75643|U520_HUMAN	40.2	1736	912	17	772310	777511	508	2119	0.0	1266
JAIWZN010000009.1	sp|Q6P4T2|U520_MOUSE	40.2	1736	912	17	772310	777511	508	2119	0.0	1266
