JAFCIZ010000001.1	sp|O75643|U520_HUMAN	56.9	2250	854	13	1271951	1278694	1	2136	0.0	2521
JAFCIZ010000001.1	sp|Q6P4T2|U520_MOUSE	56.8	2250	856	13	1271951	1278694	1	2136	0.0	2519
JAFCIZ010000001.1	sp|F1LNJ2|U520_RAT	56.7	2253	856	14	1271951	1278694	1	2139	0.0	2514
JAFCIZ010000001.1	sp|Q9VUV9|U520_DROME	54.9	2267	880	16	1271951	1278700	1	2142	0.0	2434
JAFCIZ010000001.1	sp|Q9SYP1|DEXHC_ARATH	54.4	2258	903	28	1271954	1278664	8	2160	0.0	2278
JAFCIZ010000001.1	sp|Q9UT24|BRR2_SCHPO	52.1	2240	964	23	1271975	1278670	28	2166	0.0	2204
JAFCIZ010000001.1	sp|O48534|DEXHD_ARATH	52.4	2264	953	27	1271954	1278685	9	2168	0.0	2195
JAFCIZ010000001.1	sp|Q9U2G0|U520_CAEEL	50.3	2258	977	24	1271951	1278670	1	2130	0.0	2135
JAFCIZ010000001.1	sp|Q55CI8|HELCL_DICDI	47.8	2311	1032	28	1271951	1278652	1	2213	0.0	2005
JAFCIZ010000001.1	sp|P32639|BRR2_YEAST	43.2	1977	997	26	1272842	1278664	276	2162	0.0	1553
JAFCIZ010000001.1	sp|P36594|RPB1_SCHPO	59.8	1357	383	13	2023308	2019283	328	1537	0.0	1523
JAFCIZ010000001.1	sp|Q9FNQ1|DEXHE_ARATH	45.6	1705	904	14	1273556	1278643	457	2147	0.0	1519
JAFCIZ010000001.1	sp|F1NTD6|ASCC3_CHICK	45.3	1772	889	19	1273547	1278664	432	2188	0.0	1514
JAFCIZ010000001.1	sp|E1BNG3|ASCC3_BOVIN	44.4	1801	910	21	1273511	1278706	417	2195	0.0	1498
JAFCIZ010000001.1	sp|E9PZJ8|ASCC3_MOUSE	44.0	1801	925	20	1273490	1278691	406	2189	0.0	1484
JAFCIZ010000001.1	sp|Q8N3C0|ASCC3_HUMAN	44.3	1781	923	20	1273511	1278682	417	2185	0.0	1480
JAFCIZ010000001.1	sp|O93927|FKS1_CRYNH	47.4	1664	716	19	2044285	2039396	137	1674	0.0	1467
JAFCIZ010000001.1	sp|F1LPQ2|ASCC3_RAT	43.2	1807	941	20	1273490	1278709	406	2194	0.0	1460
JAFCIZ010000001.1	sp|Q54G57|ASCC3_DICDI	43.6	1774	929	23	1273547	1278706	428	2183	0.0	1436
JAFCIZ010000001.1	sp|P18616|NRPB1_ARATH	55.8	1334	456	9	2023308	2019349	333	1546	0.0	1402
JAFCIZ010000001.1	sp|Q75A34|RPB1_ASHGO	57.4	1284	417	9	2023308	2019469	322	1479	0.0	1393
JAFCIZ010000001.1	sp|P35084|RPB1_DICDI	56.7	1295	422	9	2023308	2019457	327	1493	0.0	1383
JAFCIZ010000001.1	sp|A2QLK4|FKS1_ASPNC	46.0	1694	717	27	2044285	2039396	181	1741	0.0	1375
JAFCIZ010000001.1	sp|P04050|RPB1_YEAST	56.9	1262	415	7	2023308	2019529	322	1456	0.0	1362
JAFCIZ010000001.1	sp|E7F8F4|ASCC3_DANRE	44.1	1584	784	13	1273490	1278214	1	1492	0.0	1343
JAFCIZ010000002.1	sp|Q4P9K9|CHS8_USTMA	58.7	878	333	8	464485	461909	910	1776	0.0	1036
JAFCIZ010000002.1	sp|O94313|CARB_SCHPO	50.3	1162	439	12	2953384	2956794	109	1157	8.67e-319	1002
JAFCIZ010000002.1	sp|A8P1W0|EFGM_COPC7	68.8	719	202	4	317195	319285	100	818	6.69e-314	973
JAFCIZ010000002.1	sp|P0CN33|EFGM_CRYNB	68.3	715	204	4	317195	319270	94	808	1.14e-312	969
JAFCIZ010000002.1	sp|P0CN32|EFGM_CRYNJ	68.3	715	204	4	317195	319270	94	808	1.14e-312	969
JAFCIZ010000002.1	sp|Q4P257|EFGM_USTMA	66.0	752	200	3	317195	319282	91	842	1.20e-311	967
JAFCIZ010000002.1	sp|A8PXR7|EFGM_MALGO	66.9	741	194	4	317195	319264	32	772	3.37e-311	963
JAFCIZ010000002.1	sp|P46056|CARB_CUTCT	49.7	1154	458	13	2953384	2956788	98	1148	6.95e-311	980
JAFCIZ010000002.1	sp|P87141|MIP1_SCHPO	45.3	1231	484	18	765982	769668	121	1164	3.95e-310	983
JAFCIZ010000002.1	sp|B0DSK4|EFGM_LACBS	68.3	703	210	3	317195	319264	30	732	4.45e-310	958
JAFCIZ010000002.1	sp|J9VNT4|CHS5_CRYNH	57.3	906	352	11	464509	461819	894	1773	1.49e-304	990
JAFCIZ010000002.1	sp|B3LT39|EFGM_YEAS1	65.7	697	232	2	317195	319273	66	759	2.16e-299	929
JAFCIZ010000002.1	sp|B5VN01|EFGM_YEAS6	65.7	697	232	2	317195	319273	66	759	2.16e-299	929
JAFCIZ010000002.1	sp|A7A0X4|EFGM_YEAS7	65.7	697	232	2	317195	319273	66	759	2.16e-299	929
JAFCIZ010000002.1	sp|P25039|EFGM_YEAST	65.7	697	232	2	317195	319273	66	759	2.16e-299	929
JAFCIZ010000002.1	sp|Q6CRY5|EFGM_KLULA	66.1	694	227	2	317201	319270	63	752	2.37e-299	928
JAFCIZ010000002.1	sp|Q9USZ1|EFGM_SCHPO	64.8	714	229	4	317195	319270	55	768	1.91e-298	926
JAFCIZ010000002.1	sp|A7TFN8|EFGM_VANPO	65.3	692	233	2	317207	319270	86	774	6.00e-298	925
JAFCIZ010000002.1	sp|B6K286|EFGM_SCHJY	66.1	702	225	4	317198	319264	59	760	3.24e-297	922
JAFCIZ010000002.1	sp|P03965|CARB_YEAST	48.9	1151	490	15	2953384	2956797	51	1116	1.64e-296	936
JAFCIZ010000002.1	sp|Q6FUQ6|EFGM_CANGA	65.8	692	230	2	317207	319270	67	755	1.66e-296	920
JAFCIZ010000002.1	sp|O14232|MTR4_SCHPO	57.3	843	280	8	855162	857675	167	934	7.44e-292	922
JAFCIZ010000002.1	sp|Q5AL45|EFGM_CANAL	65.4	700	228	4	317207	319282	68	761	8.15e-291	904
JAFCIZ010000002.1	sp|Q75CZ5|EFGM_ASHGO	64.6	693	236	3	317201	319264	66	754	9.60e-291	904
JAFCIZ010000002.1	sp|B9W9T4|EFGM_CANDC	65.4	700	228	4	317207	319282	68	761	1.31e-289	900
JAFCIZ010000003.1	sp|P00365|DHE2_NEUCR	53.3	1020	397	8	814139	817168	90	1040	0.0	1056
JAFCIZ010000003.1	sp|Q55DQ2|ABCGB_DICDI	41.1	1442	702	17	45257	49447	104	1442	0.0	1039
JAFCIZ010000003.1	sp|Q55DR1|ABCGE_DICDI	40.8	1442	705	17	45257	49447	101	1439	0.0	1026
JAFCIZ010000003.1	sp|Q8T683|ABCG9_DICDI	40.9	1435	709	19	45257	49447	115	1448	0.0	1016
JAFCIZ010000003.1	sp|Q556W2|ABCGH_DICDI	40.7	1442	716	17	45257	49447	129	1476	2.04e-318	1012
JAFCIZ010000003.1	sp|Q8T675|ABCGJ_DICDI	40.9	1433	714	18	45257	49447	114	1449	6.25e-318	1009
JAFCIZ010000003.1	sp|Q8T673|ABCGL_DICDI	40.3	1437	717	18	45257	49447	114	1449	9.03e-318	1009
JAFCIZ010000003.1	sp|Q55GB1|ABCGF_DICDI	40.7	1429	730	23	45257	49447	133	1475	1.94e-313	998
JAFCIZ010000003.1	sp|Q2TCH3|ACLY_SHEEP	50.2	1081	366	12	535674	532441	1	912	1.00e-308	969
JAFCIZ010000003.1	sp|P53396|ACLY_HUMAN	50.0	1081	369	12	535674	532441	1	912	3.43e-308	967
JAFCIZ010000003.1	sp|P16638|ACLY_RAT	50.0	1079	370	12	535674	532441	1	911	8.35e-308	966
JAFCIZ010000003.1	sp|Q91V92|ACLY_MOUSE	50.0	1091	344	15	535674	532441	1	902	2.86e-307	964
JAFCIZ010000003.1	sp|Q32PF2|ACLY_BOVIN	50.0	1091	344	15	535674	532441	1	902	7.20e-307	963
JAFCIZ010000003.1	sp|Q54CG0|ABCGA_DICDI	41.1	1385	715	18	45365	49447	159	1466	5.51e-306	976
JAFCIZ010000003.1	sp|Q54VI3|GLUD2_DICDI	47.3	1022	474	11	814139	817168	68	1036	5.21e-279	880
JAFCIZ010000003.1	sp|Q9USN5|GDH2_SCHPO	47.0	1030	461	14	814139	817168	132	1096	5.93e-278	880
JAFCIZ010000003.1	sp|P53585|ACLY_CAEEL	53.5	861	354	10	535011	532441	94	912	1.74e-272	864
JAFCIZ010000003.1	sp|Q10251|IF2P_SCHPO	62.4	639	199	6	845382	847289	478	1078	6.02e-244	781
JAFCIZ010000003.1	sp|B8NDS8|ATRF_ASPFN	35.6	1434	783	22	45263	49426	159	1497	1.68e-240	788
JAFCIZ010000003.1	sp|P39730|IF2P_YEAST	60.3	638	218	4	845382	847292	399	1002	3.70e-239	764
JAFCIZ010000003.1	sp|P41820|BFR1_SCHPO	35.0	1413	794	18	45356	49435	173	1513	2.14e-237	778
JAFCIZ010000003.1	sp|G0S8G9|IF2P_CHATD	59.0	670	232	5	845298	847289	483	1115	4.03e-236	759
JAFCIZ010000003.1	sp|A0A1U8QKX8|ATRB_EMENI	35.1	1412	772	25	45344	49447	110	1421	6.80e-234	764
JAFCIZ010000003.1	sp|Q4WDD4|ATRF_ASPFU	34.4	1416	803	18	45284	49426	187	1511	1.74e-230	759
JAFCIZ010000003.1	sp|Q6FQN3|SNQ2_CANGA	34.6	1420	754	26	45329	49402	163	1470	7.30e-227	747
JAFCIZ010000004.1	sp|Q54YZ9|DHKJ_DICDI	64.4	1327	464	3	308506	312459	205	1531	0.0	1558
JAFCIZ010000004.1	sp|P37211|ATPA_NEUCR	70.7	569	120	2	322258	323958	28	551	2.09e-250	777
JAFCIZ010000004.1	sp|P07251|ATPA_YEAST	70.0	567	121	2	322258	323958	26	543	3.39e-244	759
JAFCIZ010000004.1	sp|P49375|ATPA_KLULA	70.0	564	120	2	322267	323958	32	546	9.84e-242	752
JAFCIZ010000004.1	sp|C0HK51|ATPA_PICAN	70.1	555	121	1	322288	323952	1	510	1.16e-239	744
JAFCIZ010000004.1	sp|Q6C326|ATPA_YARLI	69.6	560	125	1	322273	323952	20	534	1.64e-239	745
JAFCIZ010000004.1	sp|Q9HGM3|YTA12_SCHPO	64.7	621	200	7	585674	587521	131	737	1.94e-239	755
JAFCIZ010000004.1	sp|P24487|ATPA_SCHPO	68.4	563	132	2	322264	323952	20	536	1.43e-238	742
JAFCIZ010000004.1	sp|P19483|ATPA_BOVIN	69.7	554	123	1	322297	323958	45	553	1.28e-235	734
JAFCIZ010000004.1	sp|Q03265|ATPA_MOUSE	69.6	552	123	1	322297	323952	45	551	8.19e-235	732
JAFCIZ010000004.1	sp|P80021|ATPA_PIG	69.5	554	124	1	322297	323958	45	553	8.19e-235	732
JAFCIZ010000004.1	sp|Q5R546|ATPA_PONAB	69.5	554	124	1	322297	323958	45	553	1.52e-234	731
JAFCIZ010000004.1	sp|P25705|ATPA_HUMAN	69.5	554	124	1	322297	323958	45	553	2.07e-234	731
JAFCIZ010000004.1	sp|A5A6H5|ATPA_PANTR	69.5	554	124	1	322297	323958	45	553	2.07e-234	731
JAFCIZ010000004.1	sp|P15999|ATPA_RAT	69.6	552	123	1	322297	323952	45	551	2.82e-234	731
JAFCIZ010000004.1	sp|O75005|SYV_SCHPO	48.4	839	300	10	457009	459519	246	953	1.76e-233	747
JAFCIZ010000004.1	sp|Q9XXK1|ATPA_CAEEL	67.3	566	138	2	322255	323952	18	536	1.07e-231	723
JAFCIZ010000004.1	sp|Q5A599|NIK1_CANAL	65.1	616	209	3	310627	312459	72	686	4.35e-230	741
JAFCIZ010000004.1	sp|P35381|ATPA_DROME	66.4	565	145	1	322258	323952	31	550	7.44e-228	712
JAFCIZ010000004.1	sp|P08428|ATPA_XENLA	68.2	554	122	2	322297	323958	46	545	1.72e-226	708
JAFCIZ010000004.1	sp|P07806|SYV_YEAST	45.8	864	336	11	457006	459591	296	1029	3.45e-226	731
JAFCIZ010000004.1	sp|Q8UC74|ATPA_AGRFC	65.3	547	145	1	322312	323952	7	508	1.04e-223	698
JAFCIZ010000004.1	sp|Q9Y4W6|AFG32_HUMAN	61.0	626	224	10	585686	587554	152	760	1.96e-223	710
JAFCIZ010000004.1	sp|Q2KJI7|AFG32_BOVIN	60.8	633	229	12	585671	587554	143	761	4.74e-223	709
JAFCIZ010000004.1	sp|A5V3X3|ATPA_SPHWW	66.2	547	140	1	322312	323952	7	508	9.02e-223	696
JAFCIZ010000005.1	sp|Q6P2Q9|PRP8_HUMAN	74.5	1887	318	7	4124407	4118753	611	2335	0.0	2830
JAFCIZ010000005.1	sp|Q99PV0|PRP8_MOUSE	74.4	1887	319	7	4124407	4118753	611	2335	0.0	2830
JAFCIZ010000005.1	sp|P34369|PRP8_CAEEL	71.2	1889	378	9	4124407	4118753	603	2329	0.0	2736
JAFCIZ010000005.1	sp|Q9SSD2|PRP8A_ARATH	71.2	1887	378	8	4124407	4118756	634	2358	0.0	2729
JAFCIZ010000005.1	sp|Q9C102|GLT1_SCHPO	63.4	2088	681	11	2460640	2454416	93	2109	0.0	2668
JAFCIZ010000005.1	sp|Q9T0I6|PRP8B_ARATH	69.3	1887	414	8	4124407	4118753	636	2359	0.0	2657
JAFCIZ010000005.1	sp|Q8T295|PRP8_DICDI	67.5	1885	443	13	4124407	4118762	600	2318	0.0	2556
JAFCIZ010000005.1	sp|O14187|SPP42_SCHPO	66.4	1898	465	13	4124419	4118753	630	2363	0.0	2506
JAFCIZ010000005.1	sp|Q12680|GLT1_YEAST	56.9	2143	790	23	2460640	2454386	78	2145	0.0	2347
JAFCIZ010000005.1	sp|Q0JKD0|GLT1_ORYSJ	55.7	2106	800	22	2460640	2454464	124	2144	0.0	2261
JAFCIZ010000005.1	sp|Q9LV03|GLUT1_ARATH	55.1	2121	813	24	2460640	2454464	141	2184	0.0	2243
JAFCIZ010000005.1	sp|Q03460|GLSN_MEDSA	54.6	2137	793	27	2460640	2454464	126	2163	0.0	2240
JAFCIZ010000005.1	sp|Q0DG35|GLT2_ORYSJ	55.3	2108	818	26	2460640	2454464	131	2162	0.0	2222
JAFCIZ010000005.1	sp|P33334|PRP8_YEAST	55.7	1881	652	14	4124407	4118801	686	2396	0.0	2076
JAFCIZ010000005.1	sp|F1NTD6|ASCC3_CHICK	51.6	1627	684	19	2713486	2718315	644	2184	0.0	1603
JAFCIZ010000005.1	sp|O60072|MUG81_SCHPO	56.8	1371	549	7	2713486	2717595	445	1773	0.0	1595
JAFCIZ010000005.1	sp|E1BNG3|ASCC3_BOVIN	51.2	1637	676	19	2713486	2718315	635	2175	0.0	1593
JAFCIZ010000005.1	sp|E9PZJ8|ASCC3_MOUSE	50.5	1632	695	17	2713486	2718315	636	2176	0.0	1579
JAFCIZ010000005.1	sp|Q8N3C0|ASCC3_HUMAN	51.0	1627	695	17	2713486	2718315	635	2175	0.0	1575
JAFCIZ010000005.1	sp|F1LPQ2|ASCC3_RAT	50.2	1625	709	18	2713486	2718315	636	2175	0.0	1551
JAFCIZ010000005.1	sp|Q4PFV5|DPOE_USTMA	44.0	1839	861	23	5816726	5811402	553	2287	0.0	1496
JAFCIZ010000005.1	sp|B0D6H2|ARO1_LACBS	48.3	1713	721	26	2985260	2980227	1	1584	0.0	1459
JAFCIZ010000005.1	sp|E7F8F4|ASCC3_DANRE	52.9	1381	514	11	2713486	2717616	233	1481	0.0	1444
JAFCIZ010000005.1	sp|P55037|GLTB_SYNY3	50.5	1509	696	15	2460640	2456132	67	1530	0.0	1433
JAFCIZ010000005.1	sp|P0CN27|DPOE_CRYNB	43.5	1819	882	29	5816726	5811351	550	2249	0.0	1419
JAFCIZ010000006.1	sp|Q9JHU4|DYHC1_MOUSE	60.2	2545	833	19	610490	602922	883	3268	0.0	3038
JAFCIZ010000006.1	sp|Q14204|DYHC1_HUMAN	60.1	2545	835	19	610490	602922	885	3270	0.0	3037
JAFCIZ010000006.1	sp|P38650|DYHC1_RAT	60.0	2545	837	19	610490	602922	883	3268	0.0	3029
JAFCIZ010000006.1	sp|P37276|DYHC_DROME	60.2	2529	830	17	610490	602949	879	3246	0.0	2990
JAFCIZ010000006.1	sp|P45444|DYHC_EMENI	59.0	2523	852	14	610490	602925	927	3267	0.0	2959
JAFCIZ010000006.1	sp|P45443|DYHC_NEUCR	58.9	2526	849	19	610490	602931	935	3278	0.0	2911
JAFCIZ010000006.1	sp|P78716|DYHC_FUSVN	58.0	2482	846	16	610490	603063	941	3232	0.0	2865
JAFCIZ010000006.1	sp|P34036|DYHC_DICDI	54.8	2592	940	25	610490	602925	919	3353	0.0	2769
JAFCIZ010000006.1	sp|Q19020|DYHC_CAEEL	51.7	2536	1014	23	610490	602940	864	3207	0.0	2529
JAFCIZ010000006.1	sp|Q27171|DYHC_PARTE	46.1	2524	1125	28	610490	602961	844	3145	0.0	2202
JAFCIZ010000006.1	sp|Q8IBG1|DYHC1_PLAF7	40.1	2702	1255	31	610487	602970	910	3453	0.0	1914
JAFCIZ010000006.1	sp|P78820|ACAC_SCHPO	52.3	1548	679	19	1768625	1773145	743	2272	0.0	1533
JAFCIZ010000006.1	sp|Q9C1M7|DYHC_ASHGO	35.6	2437	1339	33	610202	602925	862	3079	0.0	1513
JAFCIZ010000006.1	sp|P34731|FAS1_CANAX	54.0	1401	567	14	226868	231046	703	2033	0.0	1454
JAFCIZ010000006.1	sp|Q9UUG0|FAS1_SCHPO	53.9	1420	573	18	226868	231052	706	2069	0.0	1435
JAFCIZ010000006.1	sp|Q00955|ACAC_YEAST	50.1	1528	717	20	1768625	1773157	733	2232	0.0	1413
JAFCIZ010000006.1	sp|P34229|FAS1_YARLI	52.2	1406	606	17	226868	231046	727	2079	0.0	1404
JAFCIZ010000006.1	sp|P07149|FAS1_YEAST	50.6	1402	620	15	226868	231061	716	2048	0.0	1359
JAFCIZ010000006.1	sp|P36022|DYHC_YEAST	32.6	2402	1361	36	610058	602931	915	3083	0.0	1267
JAFCIZ010000006.1	sp|Q55DQ2|ABCGB_DICDI	47.9	1355	670	13	2962038	2966042	104	1442	0.0	1235
JAFCIZ010000006.1	sp|Q55DR1|ABCGE_DICDI	47.9	1350	678	11	2962038	2966042	101	1439	0.0	1231
JAFCIZ010000006.1	sp|O14228|PUR4_SCHPO	60.5	1042	390	11	863566	866670	297	1323	0.0	1231
JAFCIZ010000006.1	sp|Q8T673|ABCGL_DICDI	47.7	1346	683	11	2962038	2966042	114	1449	0.0	1226
JAFCIZ010000006.1	sp|Q8T683|ABCG9_DICDI	46.8	1352	684	13	2962038	2966042	115	1448	0.0	1211
JAFCIZ010000006.1	sp|Q8T675|ABCGJ_DICDI	47.3	1346	689	11	2962038	2966042	114	1449	0.0	1209
JAFCIZ010000007.1	sp|Q869L3|MDN1_DICDI	45.6	2323	1033	38	1768458	1774838	324	2613	0.0	1868
JAFCIZ010000007.1	sp|Q12019|MDN1_YEAST	48.0	2028	917	26	1768458	1774385	338	2280	0.0	1774
JAFCIZ010000007.1	sp|P38811|TRA1_YEAST	37.4	2783	1519	44	244666	236414	582	3173	0.0	1690
JAFCIZ010000007.1	sp|O94248|MDN1_SCHPO	47.0	2034	918	30	1768455	1774394	179	2105	0.0	1683
JAFCIZ010000007.1	sp|Q9NU22|MDN1_HUMAN	43.5	2227	1046	42	1768455	1774832	353	2468	0.0	1626
JAFCIZ010000007.1	sp|Q9HFE8|TRA1_SCHPO	34.6	2791	1565	36	244666	236414	538	3103	0.0	1544
JAFCIZ010000007.1	sp|Q10064|YAMB_SCHPO	34.0	2774	1574	37	244666	236414	493	3041	0.0	1506
JAFCIZ010000007.1	sp|A0A1P8AUY4|MDN1_ARATH	42.5	2086	965	43	1768458	1774406	381	2349	0.0	1422
JAFCIZ010000007.1	sp|O75533|SF3B1_HUMAN	57.7	1396	401	23	1410906	1406983	10	1304	0.0	1313
JAFCIZ010000007.1	sp|Q99NB9|SF3B1_MOUSE	57.7	1396	402	23	1410906	1406983	10	1304	0.0	1311
JAFCIZ010000007.1	sp|O57683|SF3B1_XENLA	56.5	1415	391	22	1410906	1406983	10	1307	0.0	1299
JAFCIZ010000007.1	sp|Q10178|SF3B1_SCHPO	52.6	1312	469	17	1410900	1407010	23	1196	0.0	1185
JAFCIZ010000007.1	sp|P07742|RIR1_MOUSE	55.0	919	240	7	2261770	2259023	43	790	5.85e-313	969
JAFCIZ010000007.1	sp|P23921|RIR1_HUMAN	54.7	919	242	7	2261770	2259023	43	790	2.06e-310	961
JAFCIZ010000007.1	sp|Q5R919|RIR1_PONAB	54.6	919	243	7	2261770	2259023	43	790	2.43e-309	958
JAFCIZ010000007.1	sp|Q02061|RPB2_SCHPO	49.3	1114	505	2	2236903	2240244	155	1208	8.83e-309	975
JAFCIZ010000007.1	sp|P36602|RIR1_SCHPO	53.3	940	244	6	2261770	2259020	43	810	3.15e-306	950
JAFCIZ010000007.1	sp|Q9UW15|RIR1_NEUCR	55.3	888	223	6	2261770	2259116	43	759	1.62e-300	939
JAFCIZ010000007.1	sp|P59769|BIP_ASPAW	75.2	626	150	4	591176	589302	51	672	4.17e-296	915
JAFCIZ010000007.1	sp|P83617|BIP_ASPKA	75.2	626	150	4	591176	589302	51	672	4.17e-296	915
JAFCIZ010000007.1	sp|P83616|BIP_ASPNG	75.2	626	150	4	591176	589302	51	672	4.17e-296	915
JAFCIZ010000007.1	sp|Q9SJ20|RIR1_ARATH	52.0	944	253	7	2261770	2259023	43	814	5.71e-296	921
JAFCIZ010000007.1	sp|Q03604|RIR1_CAEEL	52.8	920	252	8	2261770	2259017	49	788	1.56e-294	915
JAFCIZ010000007.1	sp|A5DHT2|RPB2_PICGU	47.9	1117	533	4	2236903	2240250	163	1231	3.26e-293	931
JAFCIZ010000007.1	sp|P78695|BIP_NEUCR	74.6	626	153	5	591176	589302	41	661	6.25e-293	905
JAFCIZ010000008.1	sp|Q9Y7K2|TOR2_SCHPO	44.7	1290	600	11	1234284	1238117	1052	2240	1.78e-305	1005
JAFCIZ010000008.1	sp|P06738|PHSG_YEAST	54.4	902	361	15	968739	966136	17	902	1.27e-301	940
JAFCIZ010000008.1	sp|Q00766|PHS1_DICDI	54.1	812	368	4	968565	966130	40	846	7.83e-283	884
JAFCIZ010000008.1	sp|Q55DQ2|ABCGB_DICDI	37.6	1391	792	10	1591421	1595566	104	1427	2.92e-270	872
JAFCIZ010000008.1	sp|Q86C65|TOR_DICDI	42.2	1306	611	17	1234284	1238132	1069	2250	3.77e-265	887
JAFCIZ010000008.1	sp|Q55DR1|ABCGE_DICDI	37.0	1400	788	11	1591421	1595566	101	1424	5.34e-265	856
JAFCIZ010000008.1	sp|Q8T675|ABCGJ_DICDI	37.5	1399	780	12	1591421	1595566	114	1434	1.11e-263	853
JAFCIZ010000008.1	sp|Q55GB1|ABCGF_DICDI	37.3	1397	794	16	1591421	1595569	133	1461	1.47e-262	850
JAFCIZ010000008.1	sp|P34114|PHS2_DICDI	51.3	835	386	7	968640	966145	92	908	4.99e-262	830
JAFCIZ010000008.1	sp|Q8T683|ABCG9_DICDI	37.3	1395	788	13	1591421	1595569	115	1434	3.55e-261	845
JAFCIZ010000008.1	sp|Q8T673|ABCGL_DICDI	36.9	1389	799	11	1591421	1595563	114	1433	5.68e-260	842
JAFCIZ010000008.1	sp|Q556W2|ABCGH_DICDI	37.5	1404	774	13	1591421	1595551	129	1456	7.70e-259	840
JAFCIZ010000008.1	sp|P35169|TOR1_YEAST	40.6	1306	644	12	1234284	1238090	1156	2366	7.86e-255	858
JAFCIZ010000008.1	sp|P32600|TOR2_YEAST	40.5	1313	631	13	1234284	1238090	1164	2370	1.22e-253	855
JAFCIZ010000008.1	sp|Q54CG0|ABCGA_DICDI	37.1	1362	772	11	1591529	1595566	159	1451	2.00e-251	818
JAFCIZ010000008.1	sp|O14356|TOR1_SCHPO	38.8	1318	660	13	1234284	1238138	1051	2254	1.69e-248	836
JAFCIZ010000008.1	sp|P37211|ATPA_NEUCR	66.6	599	116	1	1054865	1053069	37	551	5.89e-245	761
JAFCIZ010000008.1	sp|P53537|PHSH_VICFA	49.3	829	399	11	968592	966145	17	837	3.35e-242	766
JAFCIZ010000008.1	sp|Q9SD76|PHS2_ARATH	48.6	829	403	12	968592	966145	18	836	1.53e-239	759
JAFCIZ010000008.1	sp|P32811|PHSH_SOLTU	48.1	827	405	11	968580	966148	14	832	5.53e-238	754
JAFCIZ010000008.1	sp|P07251|ATPA_YEAST	65.4	609	124	3	1054898	1053075	23	545	8.28e-238	741
JAFCIZ010000008.1	sp|P49375|ATPA_KLULA	65.5	597	122	1	1054865	1053075	36	548	6.98e-236	735
JAFCIZ010000008.1	sp|Q9LKJ3|PHSH_WHEAT	48.1	833	401	13	968589	966148	6	826	9.90e-235	744
JAFCIZ010000008.1	sp|C0HK51|ATPA_PICAN	65.5	594	121	1	1054856	1053075	1	510	3.28e-234	729
JAFCIZ010000008.1	sp|O84250|PHSG_CHLTR	46.4	816	420	7	968565	966136	9	813	6.29e-234	741
JAFCIZ010000009.1	sp|P31814|RPOB_THECE	28.2	695	309	12	26857	28386	428	1117	4.79e-75	281
JAFCIZ010000009.1	sp|Q8SR75|RPB2_ENCCU	28.2	694	307	14	26857	28374	444	1134	3.89e-68	260
JAFCIZ010000009.1	sp|O27124|RPOB1_METTH	33.4	470	171	8	27298	28284	87	555	1.03e-67	248
JAFCIZ010000009.1	sp|P09845|RPOB1_METTW	30.9	556	220	11	27103	28284	3	556	1.43e-67	248
JAFCIZ010000009.1	sp|Q54J75|RPB2_DICDI	27.8	769	328	17	26629	28341	413	1152	1.87e-65	252
JAFCIZ010000009.1	sp|Q10578|RPB2_CAEEL	28.9	681	291	15	26875	28341	484	1163	1.12e-63	247
JAFCIZ010000009.1	sp|P30876|RPB2_HUMAN	29.4	693	295	15	26842	28341	466	1157	1.73e-63	246
JAFCIZ010000009.1	sp|Q8CFI7|RPB2_MOUSE	29.4	693	295	15	26842	28341	466	1157	1.73e-63	246
JAFCIZ010000009.1	sp|P25167|RPC2_DROME	27.5	712	333	14	26794	28383	422	1132	2.34e-63	245
JAFCIZ010000009.1	sp|P11513|RPOB_SULAC	28.2	657	280	16	26857	28269	414	1064	3.78e-63	244
JAFCIZ010000009.1	sp|Q60181|RPOB1_METJA	29.9	606	244	16	27103	28386	8	610	4.85e-62	232
JAFCIZ010000009.1	sp|P08266|RPB2_DROME	29.2	705	304	16	26842	28374	467	1170	1.10e-60	237
JAFCIZ010000009.1	sp|O28392|RPOB1_ARCFU	31.3	517	189	12	27298	28374	87	595	2.22e-60	226
JAFCIZ010000009.1	sp|Q10233|RPC2_SCHPO	26.2	726	352	16	26740	28371	430	1153	1.69e-59	233
JAFCIZ010000009.1	sp|F4KD38|NRPC2_ARATH	26.6	772	358	17	26668	28386	396	1157	3.55e-58	229
JAFCIZ010000009.1	sp|P22276|RPC2_YEAST	27.2	687	318	15	26863	28386	459	1142	4.38e-58	229
JAFCIZ010000009.1	sp|Q9NW08|RPC2_HUMAN	25.8	720	350	15	26770	28386	411	1127	5.28e-58	228
JAFCIZ010000009.1	sp|P59470|RPC2_MOUSE	26.1	720	348	17	26770	28386	411	1127	6.98e-58	228
JAFCIZ010000009.1	sp|Q42877|RPB2_SOLLC	31.2	507	188	10	27301	28341	656	1161	3.21e-55	220
JAFCIZ010000009.1	sp|Q03587|RPOB_THEAC	32.8	464	175	11	27367	28350	716	1178	3.27e-55	220
JAFCIZ010000009.1	sp|B0R8D5|RPOB1_HALS3	28.4	510	212	8	27301	28374	91	599	1.72e-54	209
JAFCIZ010000009.1	sp|P0CX03|RPOB1_HALSA	28.4	510	212	8	27301	28374	91	599	1.72e-54	209
JAFCIZ010000009.1	sp|P38420|NRPB2_ARATH	30.7	518	197	11	27295	28365	655	1171	6.02e-53	213
JAFCIZ010000009.1	sp|P41557|RPOB1_METVS	28.8	572	231	17	27190	28386	38	606	6.54e-53	204
JAFCIZ010000009.1	sp|P20028|RPA2_DROME	28.2	645	295	18	26938	28386	487	1125	2.49e-49	201
JAFCIZ010000010.1	sp|Q10105|GCN1_SCHPO	45.9	1368	682	18	587750	591823	1094	2413	0.0	1082
JAFCIZ010000010.1	sp|Q92616|GCN1_HUMAN	45.3	1352	684	19	587780	591817	1130	2431	0.0	1070
JAFCIZ010000010.1	sp|E9PVA8|GCN1_MOUSE	44.6	1351	695	17	587780	591817	1130	2431	7.53e-319	1054
JAFCIZ010000010.1	sp|Q99148|PUR2_YARLI	66.8	726	231	8	204918	202747	70	787	1.51e-307	951
JAFCIZ010000010.1	sp|P33892|GCN1_YEAST	42.8	1368	722	20	587768	591835	1070	2388	4.01e-306	1016
JAFCIZ010000010.1	sp|P20772|PUR2_SCHPO	55.3	810	299	8	205167	202747	36	785	2.46e-276	862
JAFCIZ010000010.1	sp|Q54WR2|GCN1_DICDI	40.7	1347	724	22	587759	591748	1127	2415	6.04e-275	922
JAFCIZ010000010.1	sp|P07244|PUR2_YEAST	56.0	718	299	8	204918	202804	70	783	4.31e-251	790
JAFCIZ010000010.1	sp|F4I893|ILA_ARATH	38.1	1388	779	22	587762	591871	1158	2483	1.67e-248	843
JAFCIZ010000010.1	sp|Q54GJ2|PUR2_DICDI	52.8	754	313	10	204918	202762	69	814	8.20e-246	775
JAFCIZ010000010.1	sp|P21872|PUR2_CHICK	54.5	708	311	7	204918	202801	67	765	7.10e-234	748
JAFCIZ010000010.1	sp|Q64737|PUR2_MOUSE	52.1	723	334	8	204918	202759	67	780	8.73e-226	725
JAFCIZ010000010.1	sp|P22102|PUR2_HUMAN	47.9	796	353	8	205167	202789	35	771	1.61e-225	724
JAFCIZ010000010.1	sp|Q59A32|PUR2_BOVIN	48.3	793	348	8	205167	202798	35	768	6.39e-224	720
JAFCIZ010000010.1	sp|Q26255|PUR2_CHITE	47.9	698	338	9	204918	202867	71	756	1.37e-182	612
JAFCIZ010000010.1	sp|P16340|PUR2_DROPS	44.7	727	386	10	204918	202759	70	787	3.67e-177	596
JAFCIZ010000010.1	sp|P00967|PUR2_DROME	44.3	727	387	11	204918	202759	70	785	1.58e-174	588
JAFCIZ010000010.1	sp|O43011|SYH_SCHPO	54.1	547	167	7	466369	464744	93	560	5.68e-168	540
JAFCIZ010000010.1	sp|Q63060|GLPK_RAT	52.0	510	233	7	407663	406146	12	513	3.87e-164	527
JAFCIZ010000010.1	sp|Q14409|GLPK3_HUMAN	51.8	510	234	7	407663	406146	12	513	3.12e-162	523
JAFCIZ010000010.1	sp|Q64516|GLPK_MOUSE	51.6	516	232	8	407663	406146	12	519	5.22e-162	523
JAFCIZ010000010.1	sp|Q0IID9|GLPK_BOVIN	50.8	522	239	8	407663	406128	12	525	1.32e-161	521
JAFCIZ010000010.1	sp|P32189|GLPK_HUMAN	51.4	516	233	8	407663	406146	12	519	6.14e-161	520
JAFCIZ010000010.1	sp|Q4R4D5|GLPK2_MACFA	50.8	512	242	6	407663	406137	12	516	3.74e-159	514
JAFCIZ010000010.1	sp|Q14410|GLPK2_HUMAN	50.6	512	243	6	407663	406137	12	516	9.42e-159	513
JAFCIZ010000011.1	sp|O93937|PYR1_EMENI	59.6	1295	474	13	887268	883489	993	2273	0.0	1458
JAFCIZ010000011.1	sp|Q09794|PYR1_SCHPO	59.5	1275	480	12	887268	883486	987	2238	0.0	1444
JAFCIZ010000011.1	sp|P07259|PYR1_YEAST	56.9	1280	512	11	887268	883486	953	2211	0.0	1386
JAFCIZ010000011.1	sp|P20054|PYR1_DICDI	49.4	1319	594	18	887268	883486	920	2222	0.0	1181
JAFCIZ010000011.1	sp|Q91437|PYR1_SQUAC	48.0	1332	619	18	887268	883486	911	2240	0.0	1153
JAFCIZ010000011.1	sp|P08955|PYR1_MESAU	48.8	1329	602	20	887268	883486	906	2223	0.0	1144
JAFCIZ010000011.1	sp|P27708|PYR1_HUMAN	48.5	1329	605	20	887268	883486	906	2223	0.0	1142
JAFCIZ010000011.1	sp|B2RQC6|PYR1_MOUSE	48.9	1329	600	21	887268	883486	906	2223	0.0	1139
JAFCIZ010000011.1	sp|P05990|PYR1_DROME	48.3	1315	610	23	887268	883486	920	2218	0.0	1098
JAFCIZ010000011.1	sp|Q18990|PYR1_CAEEL	43.5	1326	646	23	887268	883486	907	2194	3.93e-308	1008
JAFCIZ010000011.1	sp|P54678|ATC1_DICDI	49.0	890	373	17	95079	97655	129	968	7.61e-222	718
JAFCIZ010000011.1	sp|J9VQQ3|ATC2_CRYNH	48.1	901	405	16	95070	97655	369	1245	1.92e-219	722
JAFCIZ010000011.1	sp|Q2HBE7|DED1_CHAGB	71.7	448	79	2	953108	951765	200	599	1.27e-196	628
JAFCIZ010000011.1	sp|Q9P6U9|DED1_NEUCR	72.7	447	73	3	953108	951771	196	594	8.05e-196	626
JAFCIZ010000011.1	sp|Q4WP13|DED1_ASPFU	73.2	444	69	3	953108	951786	190	586	1.71e-195	624
JAFCIZ010000011.1	sp|A1CXK7|DED1_NEOFI	73.0	444	70	3	953108	951786	192	588	2.93e-194	621
JAFCIZ010000011.1	sp|Q0CLJ6|DED1_ASPTN	73.0	444	70	3	953108	951786	188	584	9.37e-194	619
JAFCIZ010000011.1	sp|Q2UGK3|DED1_ASPOR	72.3	444	73	2	953108	951786	188	584	1.32e-193	619
JAFCIZ010000011.1	sp|C8V8H4|DED1_EMENI	72.6	442	73	2	953108	951786	188	582	1.92e-193	618
JAFCIZ010000011.1	sp|Q8C196|CPSM_MOUSE	57.5	591	234	6	889100	887358	363	946	3.81e-193	648
JAFCIZ010000011.1	sp|P07756|CPSM_RAT	57.4	591	235	6	889100	887358	363	946	5.15e-193	647
JAFCIZ010000011.1	sp|Q4I7K4|DED1_GIBZE	71.6	450	79	3	953108	951762	188	589	8.37e-193	617
JAFCIZ010000011.1	sp|A2QI25|DED1_ASPNC	72.3	444	73	3	953108	951786	189	585	1.26e-192	616
JAFCIZ010000011.1	sp|A1CH78|DED1_ASPCL	72.5	444	72	3	953108	951786	191	587	1.40e-192	616
JAFCIZ010000011.1	sp|Q1DJF0|DED1_COCIM	71.2	452	78	4	953108	951765	183	586	9.52e-192	613
JAFCIZ010000012.1	sp|Q04202|TCB2_CAEBR	38.6	264	155	3	9180	8392	16	273	6.33e-55	200
JAFCIZ010000012.1	sp|P03934|TC1A_CAEEL	38.4	263	155	3	9177	8392	17	273	1.19e-52	194
JAFCIZ010000012.1	sp|P35072|TCB1_CAEBR	38.0	263	156	3	9177	8392	17	273	1.43e-49	185
JAFCIZ010000012.1	sp|P34257|TC3A_CAEEL	32.5	308	185	10	4431	3511	44	329	1.53e-32	137
JAFCIZ010000012.1	sp|Q8TGM7|ART2_YEAST	83.0	53	9	0	109783	109941	1	53	5.46e-20	92.4
JAFCIZ010000012.1	sp|Q8TGM6|TAR1_YEAST	62.7	83	30	1	121660	121908	17	98	1.22e-18	90.9
JAFCIZ010000012.1	sp|Q6CQE5|TAR1_KLULA	61.4	83	31	1	121660	121908	2	83	1.75e-17	87.0
JAFCIZ010000012.1	sp|Q3E811|RRT15_YEAST	85.1	47	7	0	109783	109923	1	47	2.09e-17	85.1
JAFCIZ010000012.1	sp|P0C5Q0|YL54F_YEAST	82.1	28	5	0	113442	113525	18	45	2.26e-05	50.4
