JH370130.1	sp|Q8SR34|VATB_ENCCU	73.1	469	126	0	121571	122977	1	469	9.04e-234	724
JH370130.1	sp|P22550|VATB_CANTR	71.1	464	133	1	121589	122977	22	485	9.84e-219	682
JH370130.1	sp|P16140|VATB_YEAST	71.6	464	131	1	121589	122977	22	485	5.74e-218	681
JH370130.1	sp|Q59PT0|VATB_CANAL	70.9	464	134	1	121589	122977	22	485	8.87e-218	680
JH370130.1	sp|P31411|VATB_SCHPO	69.2	471	143	1	121577	122983	14	484	7.77e-215	671
JH370130.1	sp|P11593|VATB_NEUCR	69.1	476	142	1	121571	122983	6	481	7.14e-214	669
JH370130.1	sp|P31410|VATB_HELVI	68.7	470	145	1	121580	122983	21	490	7.83e-213	665
JH370130.1	sp|P31408|VATB2_BOVIN	69.6	464	140	1	121595	122983	43	506	1.07e-212	665
JH370130.1	sp|P31409|VATB_DROME	68.5	470	146	1	121580	122983	17	486	1.25e-212	664
JH370130.1	sp|P21281|VATB2_HUMAN	69.6	464	140	1	121595	122983	43	506	1.46e-212	665
JH370130.1	sp|P62814|VATB2_MOUSE	69.4	464	141	1	121595	122983	43	506	1.46e-212	665
JH370130.1	sp|Q5R5V5|VATB2_PONAB	69.6	464	140	1	121595	122983	43	506	1.46e-212	665
JH370130.1	sp|P62815|VATB2_RAT	69.4	464	141	1	121595	122983	43	506	1.46e-212	665
JH370130.1	sp|P31401|VATB_MANSE	68.7	470	145	1	121580	122983	21	490	1.98e-212	664
JH370130.1	sp|P15313|VATB1_HUMAN	69.0	467	144	1	121586	122983	34	500	2.59e-209	655
JH370130.1	sp|Q76NU1|VATB_DICDI	68.7	467	144	1	121589	122983	17	483	3.25e-207	649
JH370130.1	sp|P31407|VATB1_BOVIN	68.1	467	148	1	121586	122983	34	500	4.94e-207	649
JH370130.1	sp|Q619C0|VATB_CAEBR	68.1	464	147	1	121592	122983	24	486	6.82e-204	639
JH370130.1	sp|Q19626|VATB_CAEEL	67.5	464	150	1	121592	122983	24	486	2.35e-203	637
JH370130.1	sp|P48413|VATB_CYACA	66.0	474	158	1	121580	122992	14	487	2.39e-203	638
JH370130.1	sp|P11574|VATB1_ARATH	67.9	464	144	2	121607	122983	19	482	1.28e-200	629
JH370130.1	sp|Q8W4E2|VATB3_ARATH	67.3	465	146	1	121607	122983	19	483	2.47e-200	629
JH370130.1	sp|Q9SZN1|VATB2_ARATH	67.0	464	148	1	121607	122983	20	483	1.16e-199	627
JH370130.1	sp|Q43432|VATB1_GOSHI	67.7	464	145	2	121607	122983	21	484	2.22e-199	626
JH370130.1	sp|Q40079|VATB2_HORVU	67.5	464	146	2	121607	122983	16	479	2.53e-199	625
JH370131.1	sp|O28972|Y1297_ARCFU	44.4	764	374	13	85737	87980	5	733	2.47e-192	616
JH370131.1	sp|Q58556|Y1156_METJA	58.3	506	202	2	86304	87809	176	676	4.91e-185	602
JH370131.1	sp|O05209|VAT_THEAC	52.2	579	252	6	86301	88022	186	744	3.81e-178	575
JH370131.1	sp|O14325|YB7A_SCHPO	38.8	639	331	10	86199	87947	134	768	4.27e-126	426
JH370131.1	sp|O59672|YB89_SCHPO	35.6	655	322	12	190158	188443	86	723	1.72e-96	338
JH370131.1	sp|A0A0H2VBH0|YHES_ECOL6	35.5	519	268	9	189825	188434	14	520	1.62e-76	276
JH370131.1	sp|P63390|YHES_ECO57	35.3	519	269	9	189825	188434	14	520	2.97e-76	276
JH370131.1	sp|P63389|YHES_ECOLI	35.3	519	269	9	189825	188434	14	520	2.97e-76	276
JH370131.1	sp|P44808|YHES_HAEIN	33.4	518	282	8	189819	188431	16	525	7.25e-71	260
JH370131.1	sp|O42943|YBP8_SCHPO	33.4	542	291	11	189861	188419	75	607	8.32e-71	259
JH370131.1	sp|P0A9U5|YBIT_ECO57	30.2	533	297	9	189858	188449	3	523	8.56e-58	218
JH370131.1	sp|P0A9U4|YBIT_ECOL6	30.2	533	297	9	189858	188449	3	523	8.56e-58	218
JH370131.1	sp|P0A9U3|YBIT_ECOLI	30.2	533	297	9	189858	188449	3	523	8.56e-58	218
JH370131.1	sp|Q9USH9|YJQ1_SCHPO	30.2	533	291	11	189825	188425	288	805	5.29e-57	223
JH370131.1	sp|P25036|YSP3_YEAST	38.3	334	162	8	94758	95702	137	445	7.34e-54	205
JH370131.1	sp|Q9C0W2|YHI5_SCHPO	32.7	499	284	15	86304	87689	369	852	8.44e-54	217
JH370131.1	sp|F4IAE9|Y1591_ARATH	37.7	401	217	12	86304	87428	378	771	7.92e-53	214
JH370131.1	sp|O05519|YDIF_BACSU	29.6	533	296	10	189819	188422	18	538	8.68e-50	197
JH370131.1	sp|O14114|YEJJ_SCHPO	44.8	239	116	4	86304	86987	263	496	2.82e-49	202
JH370131.1	sp|Q9HGM3|YTA12_SCHPO	41.5	258	147	3	220955	220191	293	549	7.97e-49	197
JH370131.1	sp|P43672|UUP_ECOLI	29.9	521	273	16	189849	188491	15	511	9.81e-46	185
JH370131.1	sp|Q9UN37|VPS4A_HUMAN	41.9	236	129	6	87105	87803	118	348	2.44e-45	179
JH370131.1	sp|Q8VEJ9|VPS4A_MOUSE	41.9	236	129	6	87105	87803	118	348	2.44e-45	179
JH370131.1	sp|Q793F9|VPS4A_RAT	41.9	236	129	6	87105	87803	118	348	2.44e-45	179
JH370131.1	sp|P57445|UUP_BUCAI	30.0	517	294	16	189840	188419	11	502	7.37e-45	182
JH370132.1	sp|Q38861|XPB1_ARATH	50.4	689	281	7	75706	73814	52	737	2.19e-199	637
JH370132.1	sp|Q9FUG4|XPB2_ARATH	50.4	702	284	9	75706	73784	52	750	2.48e-198	634
JH370132.1	sp|Q8SQZ4|YAK1_ENCCU	56.3	336	146	1	42950	43957	3	337	5.34e-116	382
JH370132.1	sp|O14980|XPO1_HUMAN	27.3	1064	678	29	39973	36956	15	1041	3.49e-101	361
JH370132.1	sp|Q6P5F9|XPO1_MOUSE	27.1	1068	676	30	39973	36956	15	1041	3.49e-101	361
JH370132.1	sp|Q80U96|XPO1_RAT	26.9	1068	678	30	39973	36956	15	1041	6.77e-100	357
JH370132.1	sp|Q9TVM2|XPO1_DROME	27.5	1067	681	30	39994	36956	5	1032	1.91e-99	356
JH370132.1	sp|P14068|XPO1_SCHPO	26.6	1064	679	30	39979	37004	1	1034	2.27e-96	347
JH370132.1	sp|Q381F9|XPBR_TRYB2	33.8	636	333	11	75703	74015	7	627	3.14e-93	330
JH370132.1	sp|F4IZR5|XPO1B_ARATH	25.9	1091	678	30	39976	36956	4	1048	8.96e-92	333
JH370132.1	sp|Q9SMV6|XPO1A_ARATH	25.1	1079	701	29	39976	36956	4	1047	2.47e-88	323
JH370132.1	sp|Q54EV7|XPO1_DICDI	25.3	1089	689	30	39979	36950	1	1044	3.49e-87	319
JH370132.1	sp|P30822|XPO1_YEAST	26.0	1087	667	32	39979	37004	1	1045	4.30e-85	313
JH370132.1	sp|Q580W5|XPB_TRYB2	40.0	418	226	5	75199	74012	362	776	2.13e-81	299
JH370132.1	sp|Q10298|YD44_SCHPO	43.8	267	148	2	76904	76110	8	274	2.56e-67	238
JH370132.1	sp|O74789|YOU5_SCHPO	37.9	330	159	3	76907	76047	9	335	1.47e-65	234
JH370132.1	sp|P14680|YAK1_YEAST	43.8	276	145	5	42950	43756	331	603	6.65e-57	222
JH370132.1	sp|Q58556|Y1156_METJA	49.1	228	113	2	174300	174980	174	399	3.97e-55	218
JH370132.1	sp|O28972|Y1297_ARCFU	42.4	262	151	0	174255	175040	435	696	1.04e-54	214
JH370132.1	sp|P47264|Y018_MYCGE	31.5	483	268	10	64624	66015	573	1011	1.49e-52	212
JH370132.1	sp|Q8RWH3|YAK1_ARATH	43.0	277	151	5	42950	43759	83	359	1.98e-52	211
JH370132.1	sp|P75093|Y020_MYCPN	31.4	478	260	11	64645	66015	580	1010	1.31e-50	206
JH370132.1	sp|O05209|VAT_THEAC	42.8	243	139	0	174255	174983	447	689	3.59e-49	197
JH370132.1	sp|O00308|WWP2_HUMAN	34.9	358	205	6	172052	171042	517	867	6.12e-48	196
JH370132.1	sp|Q9HE06|YK99_SCHPO	34.5	403	219	12	131368	130283	25	423	7.24e-47	189
JH370133.1	sp|Q9UT21|YFY7_SCHPO	62.5	365	133	1	56516	55434	1	365	3.01e-143	458
JH370133.1	sp|P34280|YKK3_CAEEL	55.4	363	155	3	56504	55434	4	365	2.33e-117	384
JH370133.1	sp|Q58722|Y1326_METJA	45.9	364	184	5	56501	55437	29	388	1.51e-91	311
JH370133.1	sp|Q6NZP1|ZRAB3_MOUSE	41.1	433	225	9	85072	83861	37	468	2.86e-83	307
JH370133.1	sp|E1BB03|ZRAB3_BOVIN	40.2	435	226	9	85072	83861	37	468	9.89e-83	305
JH370133.1	sp|Q5FWF4|ZRAB3_HUMAN	40.4	433	228	9	85072	83861	37	468	1.47e-81	302
JH370133.1	sp|P17103|Y1111_HALSA	39.1	366	209	6	56501	55437	5	367	8.79e-66	236
JH370133.1	sp|Q58884|Y1489_METJA	30.6	555	321	18	42924	44498	72	592	2.16e-53	209
JH370133.1	sp|Q10040|YQA4_CAEEL	31.3	403	249	8	30813	29659	17	409	6.80e-45	186
JH370133.1	sp|P47264|Y018_MYCGE	26.7	584	353	13	174333	176054	499	1017	1.12e-44	186
JH370133.1	sp|P75093|Y020_MYCPN	27.2	514	310	8	174528	176060	566	1018	4.46e-44	184
JH370133.1	sp|P94593|YWQA_BACSU	27.6	515	297	13	174561	176057	449	903	3.19e-43	181
JH370133.1	sp|Q10332|YBMA_SCHPO	26.4	571	340	14	174564	176039	233	802	4.56e-40	170
JH370133.1	sp|Q6ICW6|WNK11_ARATH	46.4	183	94	2	11042	10506	29	211	5.55e-38	153
JH370133.1	sp|Q65X23|WNK2_ORYSJ	45.9	183	95	2	11054	10518	22	204	7.47e-38	160
JH370133.1	sp|Q58371|Y961_METJA	29.1	453	275	13	43239	44489	225	667	1.83e-37	161
JH370133.1	sp|Q9STK6|WNK3_ARATH	45.9	181	90	4	11042	10518	20	198	9.53e-37	155
JH370133.1	sp|Q9LVL5|WNK4_ARATH	47.5	179	90	2	11042	10518	17	195	1.25e-36	156
JH370133.1	sp|Q8LST2|WNK7_ARATH	44.2	190	98	4	11075	10518	18	203	1.83e-36	155
JH370133.1	sp|Q6EU49|WNK4_ORYSJ	44.7	188	98	3	11072	10518	16	200	5.23e-36	155
JH370133.1	sp|Q8S8Y8|WNK6_ARATH	43.2	190	100	4	11075	10518	18	203	6.86e-36	154
JH370133.1	sp|Q8S8Y9|WNK2_ARATH	46.2	182	95	2	11054	10518	18	199	1.25e-35	153
JH370133.1	sp|Q944Q0|WNK8_ARATH	45.9	183	96	2	11057	10518	22	204	9.04e-35	150
JH370133.1	sp|Q9SCU5|WNK5_ARATH	44.3	183	98	2	11054	10518	19	201	9.93e-35	150
JH370133.1	sp|Q2V338|WNK9_ARATH	45.5	178	94	2	11042	10518	23	200	7.80e-34	146
JH370134.1	sp|O28972|Y1297_ARCFU	34.3	528	271	14	75637	77052	201	708	4.04e-75	275
JH370134.1	sp|Q58556|Y1156_METJA	33.1	519	286	13	75571	76995	174	675	2.41e-73	273
JH370134.1	sp|O14325|YB7A_SCHPO	31.7	571	311	16	75577	77058	173	741	3.74e-73	270
JH370134.1	sp|O05209|VAT_THEAC	33.5	529	297	12	75583	77046	191	705	6.52e-69	256
JH370134.1	sp|F4IAE9|Y1591_ARATH	41.4	237	128	4	76321	76998	374	610	1.87e-40	173
JH370134.1	sp|F3YDF1|YMEL1_DROME	38.8	237	139	3	76330	77025	300	535	2.63e-40	170
JH370134.1	sp|Q5UQW7|YL386_MIMIV	34.8	290	135	4	41088	41867	1	266	1.53e-38	159
JH370134.1	sp|Q09803|VPS4_SCHPO	41.2	221	120	6	76330	76971	125	342	1.35e-37	155
JH370134.1	sp|O14114|YEJJ_SCHPO	38.4	237	135	3	76321	76998	259	495	2.77e-37	163
JH370134.1	sp|P54813|YME1_CAEEL	39.2	227	131	3	76333	76995	245	470	8.92e-37	159
JH370134.1	sp|P32795|YME1_YEAST	35.1	265	154	5	76330	77085	277	536	1.45e-36	158
JH370134.1	sp|P46508|YME1_SCHMA	40.5	227	128	4	76333	76995	163	388	3.65e-36	156
JH370134.1	sp|Q9C0W2|YHI5_SCHPO	38.3	235	134	4	76327	76998	367	601	4.24e-36	159
JH370134.1	sp|O88967|YMEL1_MOUSE	36.0	239	146	3	76327	77025	276	513	5.95e-35	153
JH370134.1	sp|Q96TA2|YMEL1_HUMAN	36.0	239	146	3	76327	77025	334	571	9.15e-35	153
JH370134.1	sp|Q5AG40|VPS4_CANAL	36.7	229	133	7	76330	76992	131	355	1.14e-34	147
JH370134.1	sp|Q9ZNT0|VPS4_ARATH	35.9	234	137	6	76330	77004	128	357	3.50e-34	145
JH370134.1	sp|Q925S8|YMEL1_RAT	35.6	239	147	3	76327	77025	276	513	7.67e-34	149
JH370134.1	sp|Q9P7J5|YJNA_SCHPO	35.5	231	139	6	76333	77001	86	314	5.96e-33	140
JH370134.1	sp|P52917|VPS4_YEAST	36.2	229	134	6	76330	76992	129	353	9.74e-33	141
JH370134.1	sp|Q0WW55|ZEUS1_ARATH	43.7	158	84	2	97088	97546	61	218	1.28e-32	136
JH370134.1	sp|P40341|YTA12_YEAST	35.9	251	145	5	76333	77052	345	590	7.41e-32	144
JH370134.1	sp|Q0VD48|VPS4B_BOVIN	36.5	230	133	8	76330	76992	130	355	3.96e-31	137
JH370134.1	sp|Q9UN37|VPS4A_HUMAN	33.3	252	150	8	76330	77058	123	365	4.71e-31	136
JH370134.1	sp|Q8VEJ9|VPS4A_MOUSE	33.3	252	150	8	76330	77058	123	365	4.71e-31	136
JH370135.1	sp|Q9CP90|YCHF_PASMU	38.8	381	199	5	119407	118298	6	363	2.19e-71	251
JH370135.1	sp|Q54G06|XPP1_DICDI	31.1	623	351	18	61031	62752	29	622	6.25e-71	259
JH370135.1	sp|P44681|YCHF_HAEIN	38.5	382	199	6	119407	118298	6	363	1.02e-70	249
JH370135.1	sp|Q7VMI2|YCHF_HAEDU	38.6	381	200	5	119407	118298	6	363	2.57e-70	248
JH370135.1	sp|P37518|YCHF_BACSU	38.1	378	215	6	119416	118298	3	366	5.25e-66	236
JH370135.1	sp|P57288|YCHF_BUCAI	37.3	383	201	6	119407	118298	6	362	8.61e-66	235
JH370135.1	sp|P0ABU3|YCHF_ECO57	37.1	380	207	4	119407	118298	6	363	5.60e-65	233
JH370135.1	sp|P0ABU2|YCHF_ECOLI	37.1	380	207	4	119407	118298	6	363	5.60e-65	233
JH370135.1	sp|P0ABU4|YCHF_SHIFL	37.1	380	207	4	119407	118298	6	363	5.60e-65	233
JH370135.1	sp|Q8K9V2|YCHF_BUCAP	37.4	382	202	7	119407	118298	6	362	4.01e-63	227
JH370135.1	sp|Q9VJG0|XPP_DROME	31.5	616	341	18	61037	62743	20	601	8.82e-62	231
JH370135.1	sp|Q89AR6|YCHF_BUCBP	37.3	375	213	6	119407	118298	6	363	2.23e-59	216
JH370135.1	sp|Q09735|YA55_SCHPO	38.6	337	197	8	90435	91427	180	512	2.29e-59	221
JH370135.1	sp|O54975|XPP1_RAT	29.7	623	341	18	61058	62746	27	612	1.08e-58	223
JH370135.1	sp|Q6P1B1|XPP1_MOUSE	29.8	634	343	18	61025	62746	21	612	4.81e-58	221
JH370135.1	sp|P47270|YCHF_MYCGE	37.2	379	218	6	119416	118298	2	366	7.29e-58	212
JH370135.1	sp|Q1JPJ2|XPP1_BOVIN	29.8	634	343	19	61025	62746	21	612	8.75e-58	220
JH370135.1	sp|Q9NQW7|XPP1_HUMAN	29.8	634	343	19	61025	62746	21	612	3.90e-57	218
JH370135.1	sp|O14078|YEAD_SCHPO	34.9	392	217	9	119440	118307	37	404	4.73e-56	208
JH370135.1	sp|Q09795|YAA1_SCHPO	29.2	617	363	16	61031	62758	12	595	2.29e-54	209
JH370135.1	sp|O44750|XPP_CAEEL	28.9	598	350	17	61064	62722	30	597	1.08e-53	207
JH370135.1	sp|Q99MA2|XPP2_RAT	27.7	618	376	18	61031	62758	57	645	4.14e-53	207
JH370135.1	sp|B1AVD1|XPP2_MOUSE	27.5	626	367	19	61031	62758	57	645	5.56e-53	207
JH370135.1	sp|P75088|YCHF_MYCPN	35.5	369	206	5	119416	118346	2	350	3.85e-51	192
JH370135.1	sp|Q58884|Y1489_METJA	29.1	609	350	22	12149	13810	9	590	5.60e-50	198
JH370136.1	sp|A6ZME2|YM084_YEAS7	36.1	718	373	12	20016	18097	1	710	6.13e-124	416
JH370136.1	sp|B3LLX6|YM084_YEAS1	35.1	562	290	8	19563	18097	157	716	2.73e-87	310
JH370136.1	sp|C7GL41|YM084_YEAS2	34.7	562	292	8	19563	18097	157	716	1.67e-86	307
JH370136.1	sp|P0CF18|YM085_YEAST	38.9	429	246	4	19341	18097	2	428	1.10e-85	295
JH370136.1	sp|C8ZET8|YM085_YEAS8	38.9	429	246	4	19341	18097	2	428	2.04e-85	294
JH370136.1	sp|O28972|Y1297_ARCFU	49.2	264	115	3	98421	97681	176	437	7.94e-63	238
JH370136.1	sp|Q58556|Y1156_METJA	49.4	243	120	2	98457	97732	434	674	2.66e-60	233
JH370136.1	sp|Q54LR6|Y6481_DICDI	47.6	246	127	2	46191	45460	282	527	8.98e-60	225
JH370136.1	sp|O05209|VAT_THEAC	44.9	256	136	3	98460	97702	448	701	8.21e-56	217
JH370136.1	sp|Q5UQE0|YR476_MIMIV	40.0	285	169	1	64296	65144	570	854	8.91e-55	216
JH370136.1	sp|Q1MTR3|VID27_SCHPO	36.3	377	191	17	75344	76339	406	778	4.94e-47	191
JH370136.1	sp|Q9HGM3|YTA12_SCHPO	41.1	248	137	4	98406	97681	295	539	1.15e-45	186
JH370136.1	sp|O14325|YB7A_SCHPO	39.9	268	138	3	98421	97681	486	751	3.88e-45	185
JH370136.1	sp|O34750|YFML_BACSU	28.0	354	250	4	62898	61846	23	374	5.13e-45	175
JH370136.1	sp|P54813|YME1_CAEEL	40.2	244	144	2	98409	97678	246	487	2.80e-43	178
JH370136.1	sp|P40341|YTA12_YEAST	40.9	247	141	4	98406	97678	347	592	1.80e-42	177
JH370136.1	sp|O60177|YG42_SCHPO	25.7	654	397	19	109814	111607	390	1010	7.65e-42	177
JH370136.1	sp|Q555V7|VID27_DICDI	32.4	343	184	10	75419	76306	591	932	1.85e-40	172
JH370136.1	sp|P09052|VASA1_DROME	31.1	325	215	4	62898	61948	264	587	5.90e-40	167
JH370136.1	sp|O13762|YF2C_SCHPO	26.4	673	390	22	109802	111631	246	876	2.45e-39	168
JH370136.1	sp|Q10332|YBMA_SCHPO	26.1	659	338	19	109811	111613	232	799	2.89e-39	167
JH370136.1	sp|P46508|YME1_SCHMA	38.7	225	136	2	98415	97741	162	384	8.11e-39	164
JH370136.1	sp|Q9C0W2|YHI5_SCHPO	38.9	252	140	6	98406	97681	371	618	1.75e-38	166
JH370136.1	sp|Q9ZNT0|VPS4_ARATH	39.7	234	130	8	98433	97744	122	348	3.38e-34	145
JH370136.1	sp|Q09803|VPS4_SCHPO	37.0	273	153	9	98529	97720	95	351	3.50e-33	142
JH370137.1	sp|Q8SQU9|VATA_ENCCU	65.5	484	166	1	113679	115127	115	598	1.36e-202	639
JH370137.1	sp|Q5TTG1|VATA_ANOGA	62.8	473	167	3	113682	115073	111	583	1.56e-180	576
JH370137.1	sp|P48602|VATA1_DROME	61.5	473	173	3	113682	115073	111	583	7.28e-180	574
JH370137.1	sp|O16109|VATA_AEDAE	61.9	473	171	3	113682	115073	111	583	2.50e-179	572
JH370137.1	sp|Q2TJ56|VATA_AEDAL	61.9	473	171	3	113682	115073	111	583	2.50e-179	572
JH370137.1	sp|P48414|VATA_CYACA	60.7	473	178	3	113682	115076	106	578	1.16e-178	569
JH370137.1	sp|Q27331|VATA2_DROME	61.9	473	171	3	113682	115073	111	583	7.40e-178	568
JH370137.1	sp|P31400|VATA_MANSE	61.7	473	172	3	113682	115073	114	586	1.12e-177	568
JH370137.1	sp|Q5R5H2|VATA_PONAB	62.0	474	170	3	113682	115073	113	586	3.82e-177	566
JH370137.1	sp|Q90647|VATA_CHICK	62.0	474	170	3	113682	115073	113	586	5.20e-177	566
JH370137.1	sp|P38606|VATA_HUMAN	61.8	474	171	3	113682	115073	113	586	9.63e-177	565
JH370137.1	sp|P31404|VATA_BOVIN	61.8	474	171	3	113682	115073	113	586	1.31e-176	565
JH370137.1	sp|P50516|VATA_MOUSE	61.8	474	171	3	113682	115073	113	586	1.78e-176	564
JH370137.1	sp|P31406|VATA_SCHPO	58.3	503	196	7	113664	115139	115	614	4.81e-176	563
JH370137.1	sp|Q61VZ4|VATA_CAEBR	60.5	474	177	3	113682	115073	102	575	6.72e-175	559
JH370137.1	sp|Q9XW92|VATA_CAEEL	60.1	474	179	3	113682	115073	102	575	2.31e-174	558
JH370137.1	sp|Q29048|VATA_PIG	61.0	474	175	3	113682	115073	113	586	3.35e-174	558
JH370137.1	sp|Q5AJB1|VATA_CANAL	61.0	469	177	4	113682	115073	120	587	1.37e-170	547
JH370137.1	sp|P54647|VATA_DICDI	59.4	473	183	3	113682	115073	114	586	3.56e-170	546
JH370137.1	sp|Q26975|VATA_TRYCO	59.0	471	185	5	113685	115073	110	580	2.35e-169	543
JH370137.1	sp|P11592|VATA_NEUCR	58.4	498	184	5	113682	115115	110	604	5.34e-169	542
JH370137.1	sp|Q9UVJ8|VATA_ASHGO	57.3	496	199	5	113682	115133	120	614	1.19e-167	539
JH370137.1	sp|Q39291|VATA_BRANA	57.5	478	190	5	113676	115073	114	590	6.81e-167	537
JH370137.1	sp|Q40002|VATA_HORVU	57.4	476	190	5	113682	115073	73	547	1.01e-166	535
JH370137.1	sp|Q38676|VATA1_ACEAT	60.8	444	169	2	113682	114998	104	547	1.23e-166	536
JH370138.1	sp|Q58129|Y719_METJA	42.7	389	204	7	33097	34242	222	598	2.96e-86	303
JH370138.1	sp|Q09735|YA55_SCHPO	38.7	382	221	7	98152	99279	138	512	3.66e-67	244
JH370138.1	sp|P18961|YPK2_YEAST	42.1	285	161	2	22748	21903	335	618	5.95e-64	239
JH370138.1	sp|P12688|YPK1_YEAST	41.1	285	164	2	22748	21903	338	621	2.28e-62	235
JH370138.1	sp|J9W0G9|YPK1_CRYNH	39.8	289	163	5	22748	21903	236	520	1.36e-60	227
JH370138.1	sp|Q8MYF1|Y2070_DICDI	37.5	291	177	3	22766	21903	114	402	1.94e-56	211
JH370138.1	sp|Q05360|WHITE_LUCCU	29.8	517	341	7	65997	67481	96	612	8.49e-51	200
JH370138.1	sp|P10090|WHITE_DROME	29.7	512	340	7	66006	67481	110	621	3.23e-50	199
JH370138.1	sp|Q17320|WHITE_CERCA	29.4	513	341	5	66006	67481	101	613	1.75e-48	193
JH370138.1	sp|Q27256|WHITE_ANOGA	29.7	526	328	10	66006	67481	113	630	5.73e-46	186
JH370138.1	sp|Q5XHB4|ZNT8_XENTR	33.6	307	182	5	35390	34494	37	329	1.76e-41	165
JH370138.1	sp|Q8IWU4|ZNT8_HUMAN	34.8	287	164	5	35228	34395	83	355	2.86e-41	164
JH370138.1	sp|Q8BGG0|ZNT8_MOUSE	37.4	246	139	3	35228	34509	82	318	6.77e-41	163
JH370138.1	sp|Q16928|WHITE_ANOAL	27.8	594	364	16	65850	67481	65	643	9.93e-41	170
JH370138.1	sp|Q5I020|ZNT8_XENLA	36.6	262	158	3	35261	34500	67	328	1.12e-40	162
JH370138.1	sp|O14863|ZNT4_HUMAN	33.9	292	172	4	35282	34470	98	389	1.57e-40	164
JH370138.1	sp|Q54L81|Y0700_DICDI	31.7	319	169	7	22760	21930	57	368	3.17e-40	164
JH370138.1	sp|O35149|ZNT4_MOUSE	34.3	274	158	4	35282	34527	98	371	4.43e-39	159
JH370138.1	sp|P0CE46|ZNT8_RAT	35.5	245	143	3	35225	34509	83	318	6.64e-39	157
JH370138.1	sp|O55174|ZNT4_RAT	34.4	273	157	4	35282	34530	98	370	2.70e-38	157
JH370138.1	sp|Q54QU8|Y3629_DICDI	31.3	323	179	5	35228	34383	196	516	6.71e-38	159
JH370138.1	sp|P38070|YPK3_YEAST	33.2	283	147	6	22730	22005	125	406	1.21e-37	157
JH370138.1	sp|Q2HJ10|ZNT2_MOUSE	31.7	306	202	4	35309	34404	52	354	2.27e-36	150
JH370138.1	sp|Q62941|ZNT2_RAT	30.7	323	217	4	35309	34353	39	358	1.06e-35	147
JH370138.1	sp|Q9UUF1|YNF8_SCHPO	37.2	266	133	9	87682	88404	56	312	1.13e-35	146
JH370139.1	sp|Q54QI2|Y9877_DICDI	33.8	260	165	6	44742	43969	13	267	6.04e-32	144
JH370139.1	sp|J9W0G9|YPK1_CRYNH	32.3	269	172	6	44745	43954	244	507	1.44e-30	137
JH370139.1	sp|Q12152|YP150_YEAST	33.0	279	172	8	44799	43975	20	287	2.26e-29	135
JH370139.1	sp|Q54IF2|Y0670_DICDI	30.3	287	185	7	44808	43978	148	429	8.39e-29	132
JH370139.1	sp|P12688|YPK1_YEAST	29.4	269	180	6	44760	43969	341	604	1.05e-27	129
JH370139.1	sp|Q8MYF1|Y2070_DICDI	27.7	256	178	5	44772	44011	118	368	1.94e-27	125
JH370139.1	sp|P18961|YPK2_YEAST	27.4	266	183	6	44760	43978	338	598	2.80e-25	121
JH370139.1	sp|Q54VU4|Y8013_DICDI	29.5	305	181	9	44784	43933	528	819	1.33e-23	117
JH370139.1	sp|P38070|YPK3_YEAST	30.4	283	156	6	44730	43996	132	411	2.07e-23	114
JH370139.1	sp|Q8MYQ1|Y31E_CAEEL	28.5	214	145	5	44757	44131	121	331	8.72e-21	105
JH370139.1	sp|Q9VA38|WARTS_DROME	28.7	300	162	10	44730	43978	723	1019	1.57e-20	107
JH370139.1	sp|A6NLC8|YE016_HUMAN	45.2	93	49	1	16876	17148	98	190	1.23e-11	72.8
JH370139.1	sp|P9WN14|Y2006_MYCTO	28.8	264	148	11	28316	28999	263	522	5.03e-09	69.7
JH370139.1	sp|P9WN15|Y2006_MYCTU	28.8	264	148	11	28316	28999	263	522	5.03e-09	69.7
JH370139.1	sp|Q559T8|Y0701_DICDI	41.8	91	47	3	44277	44011	1750	1836	4.75e-08	66.6
JH370139.1	sp|Q6UDG0|US03_PSHV1	25.6	156	107	4	44610	44161	199	351	1.94e-06	60.5
JH370139.1	sp|P09251|US03_VZVD	25.5	161	112	5	44604	44131	131	286	1.02e-05	57.8
JH370139.1	sp|F4J3H7|ZRK7_ARATH	31.3	131	82	4	44601	44233	123	253	1.09e-05	56.6
JH370140.1	sp|Q76P07|Y7165_DICDI	33.7	303	175	2	59729	58821	5	281	5.23e-48	194
JH370140.1	sp|Q8SSH1|Y255_ENCCU	29.8	460	258	16	2075	3358	45	471	1.86e-45	180
JH370140.1	sp|Q54DF7|Y2354_DICDI	34.6	292	176	7	71866	71006	18	299	8.60e-40	163
JH370140.1	sp|Q12152|YP150_YEAST	33.8	278	154	2	59738	58908	34	282	1.35e-35	155
JH370140.1	sp|Q58859|Y1464_METJA	34.8	253	146	7	33805	33071	19	260	4.31e-34	143
JH370140.1	sp|O60162|YG23_SCHPO	26.0	531	294	20	37234	38676	9	490	1.79e-31	140
JH370140.1	sp|Q54VU4|Y8013_DICDI	32.4	309	156	5	59753	58890	530	806	2.48e-31	143
JH370140.1	sp|O14127|YF51_SCHPO	25.9	486	282	14	37345	38679	51	499	4.82e-30	135
JH370140.1	sp|Q99986|VRK1_HUMAN	28.9	332	201	8	71908	71003	23	349	7.83e-30	131
JH370140.1	sp|Q32PI1|VRK1_BOVIN	28.7	321	194	8	71878	71003	35	349	6.37e-29	128
JH370140.1	sp|Q54WW7|Y0010_DICDI	27.9	283	179	6	59726	58896	198	461	1.11e-27	129
JH370140.1	sp|Q80X41|VRK1_MOUSE	28.4	313	189	8	71878	71027	35	341	8.67e-27	123
JH370140.1	sp|Q8BN21|VRK2_MOUSE	31.8	233	130	6	71731	71081	93	312	9.04e-22	108
JH370140.1	sp|Q9J523|V212_FOWPN	27.9	287	181	7	71878	71078	22	302	2.32e-21	103
JH370140.1	sp|F4I114|Y1960_ARATH	37.3	153	92	2	59510	59064	209	361	1.05e-19	103
JH370140.1	sp|Q86Y07|VRK2_HUMAN	30.7	283	168	9	71857	71081	34	312	1.22e-19	102
JH370140.1	sp|Q54UZ1|Y1639_DICDI	25.8	314	196	8	59723	58818	84	372	1.50e-18	97.8
JH370140.1	sp|Q8MYQ1|Y31E_CAEEL	25.8	271	175	7	59732	58929	121	368	2.08e-18	97.8
JH370140.1	sp|Q54XJ4|Y8901_DICDI	27.2	232	145	4	59741	59055	14	224	2.23e-16	94.0
JH370140.1	sp|Q9ZVM9|Y1461_ARATH	33.3	153	98	2	59510	59064	164	316	7.98e-16	90.9
JH370140.1	sp|Q54C18|Y9452_DICDI	31.4	159	105	3	59360	58890	324	480	2.51e-15	89.0
JH370140.1	sp|Q8SR90|Y8H9_ENCCU	31.6	152	101	2	59510	59055	49	197	6.10e-15	85.1
JH370140.1	sp|Q54Y06|Y8487_DICDI	28.1	224	126	7	59720	59064	63	256	1.52e-14	87.0
JH370140.1	sp|Q04543|US03_CHV9D	39.0	141	78	4	59486	59076	95	231	1.97e-12	78.2
JH370140.1	sp|Q9GT24|ZYG1_CAEEL	24.6	280	163	8	59717	58893	13	249	9.22e-12	78.2
JH370141.1	sp|Q10332|YBMA_SCHPO	30.2	655	340	20	38827	37046	226	824	1.13e-69	260
JH370141.1	sp|Q9P4X3|UTP7_SCHPO	37.0	389	233	6	26411	25278	32	419	6.13e-67	243
JH370141.1	sp|Q9Z0H1|WDR46_MOUSE	37.7	337	204	2	26270	25278	179	515	2.85e-66	244
JH370141.1	sp|O60177|YG42_SCHPO	28.2	696	339	19	38803	37046	391	1035	1.22e-64	248
JH370141.1	sp|O13762|YF2C_SCHPO	28.5	695	336	25	38803	37046	251	893	1.25e-64	246
JH370141.1	sp|O15213|WDR46_HUMAN	36.8	337	207	2	26270	25278	180	516	1.99e-64	239
JH370141.1	sp|Q5TJE7|WDR46_CANLF	37.1	337	206	2	26270	25278	181	517	3.12e-63	235
JH370141.1	sp|Q6GEQ8|URTF_STAAR	32.8	320	192	7	13610	14536	68	375	1.20e-36	151
JH370141.1	sp|Q5HM59|URTF_STAEQ	33.9	316	190	8	13625	14536	67	375	4.02e-36	149
JH370141.1	sp|Q8CNG6|URTF_STAES	33.4	314	194	7	13625	14536	67	375	9.95e-36	148
JH370141.1	sp|Q2FEW1|URTF_STAA3	32.2	320	194	7	13610	14536	68	375	6.08e-35	146
JH370141.1	sp|Q2FW81|URTF_STAA8	32.2	320	194	7	13610	14536	68	375	6.08e-35	146
JH370141.1	sp|Q5HE34|URTF_STAAC	32.2	320	194	7	13610	14536	68	375	6.08e-35	146
JH370141.1	sp|Q99S95|URTF_STAAM	32.2	320	194	7	13610	14536	68	375	6.08e-35	146
JH370141.1	sp|Q7A4A4|URTF_STAAN	32.2	320	194	7	13610	14536	68	375	6.08e-35	146
JH370141.1	sp|Q6G7E3|URTF_STAAS	32.2	320	194	7	13610	14536	68	375	6.08e-35	146
JH370141.1	sp|Q7A0A0|URTF_STAAW	32.2	320	194	7	13610	14536	68	375	6.08e-35	146
JH370141.1	sp|Q49ZB5|URTF_STAS1	32.5	308	193	6	13703	14599	93	394	2.03e-34	144
JH370141.1	sp|Q8K4P0|WDR33_MOUSE	29.4	405	264	8	28384	29532	40	444	3.34e-34	152
JH370141.1	sp|Q9C0J8|WDR33_HUMAN	29.4	405	264	8	28384	29532	40	444	3.36e-34	152
JH370141.1	sp|Q2YYH4|URTF_STAAB	31.9	320	195	7	13610	14536	68	375	3.71e-34	144
JH370141.1	sp|Q4L846|URTF_STAHJ	31.1	325	207	8	13598	14536	56	375	3.74e-31	135
JH370141.1	sp|U4PCM1|WDR33_CAEEL	35.4	314	196	5	28537	29463	123	434	1.65e-26	126
JH370141.1	sp|P47264|Y018_MYCGE	36.9	176	105	1	37573	37046	861	1030	1.85e-24	120
JH370141.1	sp|P75093|Y020_MYCPN	37.0	173	107	1	37564	37046	859	1029	1.23e-23	117
JH370142.1	sp|O28972|Y1297_ARCFU	40.7	337	184	7	74372	73398	345	677	2.07e-56	218
JH370142.1	sp|Q58556|Y1156_METJA	48.3	238	120	2	74114	73401	165	399	1.12e-54	216
JH370142.1	sp|O05209|VAT_THEAC	36.3	366	215	6	74372	73323	353	716	5.34e-52	205
JH370142.1	sp|P40341|YTA12_YEAST	39.6	265	151	4	74114	73344	329	592	1.22e-40	171
JH370142.1	sp|O59824|YME1_SCHPO	38.8	255	148	3	74096	73344	259	509	3.17e-39	165
JH370142.1	sp|P54813|YME1_CAEEL	37.6	245	150	2	74078	73344	246	487	8.63e-39	164
JH370142.1	sp|O14325|YB7A_SCHPO	39.0	231	136	2	74087	73401	487	714	1.87e-38	164
JH370142.1	sp|F4IAE9|Y1591_ARATH	38.8	242	137	4	74075	73371	380	617	3.87e-38	165
JH370142.1	sp|Q9C0W2|YHI5_SCHPO	38.5	273	133	6	74075	73338	371	635	5.04e-36	158
JH370142.1	sp|P46508|YME1_SCHMA	34.7	245	157	2	74078	73344	164	405	3.39e-34	149
JH370142.1	sp|P52917|VPS4_YEAST	37.0	235	142	5	74099	73398	124	353	1.26e-32	140
JH370142.1	sp|Q5AG40|VPS4_CANAL	35.7	235	145	5	74099	73398	126	355	2.38e-32	139
JH370142.1	sp|Q9P7J5|YJNA_SCHPO	32.4	222	144	3	74078	73419	87	304	1.38e-27	123
JH370142.1	sp|Q9P3U2|YKX4_SCHPO	34.0	238	137	7	74075	73401	458	688	9.57e-24	117
JH370142.1	sp|O78439|YCF46_GUITH	31.0	252	160	7	74087	73344	239	480	5.11e-22	109
JH370142.1	sp|Q9MUP8|YCF2_MESVI	31.3	262	151	7	74114	73395	335	589	1.59e-20	107
JH370142.1	sp|Q5UQE0|YR476_MIMIV	28.7	314	182	10	74165	73317	544	846	1.17e-18	100
JH370142.1	sp|Q6B952|YCF46_GRATL	30.3	211	138	4	73982	73359	256	460	4.21e-18	97.4
JH370142.1	sp|P49541|YCF46_TRICV	27.1	295	185	8	74249	73392	176	449	1.37e-17	95.9
JH370142.1	sp|Q1XDU8|YCF46_PYRYE	32.0	200	128	3	73982	73392	255	449	1.28e-16	92.8
JH370142.1	sp|P51189|YCF46_PORPU	31.0	200	130	3	73982	73392	255	449	1.68e-16	92.4
JH370142.1	sp|Q914M3|Y007_SIFVH	27.3	242	157	6	52807	53514	7	235	2.36e-14	86.3
JH370142.1	sp|Q0P3N5|YCX1_OSTTA	23.5	200	139	4	73970	73398	765	959	3.35e-05	57.0
JH370143.1	sp|Q9SJT7|VHAA2_ARATH	25.5	654	410	15	48376	46628	173	820	7.64e-48	193
JH370143.1	sp|O94296|YOOC_SCHPO	27.3	770	454	24	59261	61447	144	848	5.59e-47	194
JH370143.1	sp|Q8W4S4|VHAA3_ARATH	25.3	655	411	13	48376	46628	172	820	7.56e-47	190
JH370143.1	sp|P32563|VPH1_YEAST	23.4	671	378	14	48316	46631	185	828	3.32e-42	176
JH370143.1	sp|O13742|VPH1_SCHPO	25.0	648	407	14	48364	46643	186	828	5.23e-41	172
JH370143.1	sp|Q8RWZ7|VHAA1_ARATH	25.4	626	397	15	48313	46643	192	816	2.57e-40	170
JH370143.1	sp|Q54E04|VATM_DICDI	26.2	630	389	15	48325	46652	180	805	4.05e-38	163
JH370143.1	sp|Q01290|VPH1_NEUCR	22.9	843	506	19	48730	46628	10	850	6.86e-38	162
JH370143.1	sp|Q9Z1G4|VPP1_MOUSE	24.1	681	398	20	48358	46646	159	830	6.18e-34	150
JH370143.1	sp|P25286|VPP1_RAT	23.8	686	400	19	48358	46646	152	829	2.46e-33	148
JH370143.1	sp|Q93050|VPP1_HUMAN	24.5	695	383	22	48358	46646	152	828	1.29e-32	145
JH370143.1	sp|Q29466|VPP1_BOVIN	24.5	689	391	21	48358	46646	152	829	1.71e-32	145
JH370143.1	sp|Q5R422|VPP1_PONAB	24.3	696	383	22	48358	46646	152	828	2.25e-32	145
JH370143.1	sp|Q9I8D0|VPP1_CHICK	23.9	687	396	20	48358	46649	152	828	2.07e-31	142
JH370143.1	sp|Q8AVM5|VPP1_XENLA	23.7	674	408	20	48358	46646	152	822	1.39e-30	139
JH370143.1	sp|A1A5G6|VPP1_XENTR	23.6	678	410	20	48358	46646	152	828	2.47e-30	138
JH370143.1	sp|P15920|VPP2_MOUSE	33.3	246	106	5	47206	46643	599	844	1.63e-28	132
JH370143.1	sp|O97681|VPP2_BOVIN	35.8	246	100	5	47206	46643	599	844	5.71e-27	127
JH370143.1	sp|Q9Y487|VPP2_HUMAN	34.1	246	104	5	47206	46643	599	844	3.48e-25	122
JH370143.1	sp|Q920R6|VPP4_MOUSE	33.9	239	104	6	47206	46646	588	824	3.88e-24	118
JH370143.1	sp|Q10309|YD56_SCHPO	25.3	592	335	20	59633	61366	187	685	1.18e-23	117
JH370143.1	sp|Q13488|VPP3_HUMAN	32.8	244	106	5	47206	46649	582	825	4.51e-23	115
JH370143.1	sp|Q9HBG4|VPP4_HUMAN	32.9	246	104	6	47206	46646	588	831	4.60e-23	115
JH370143.1	sp|Q8SV95|Z6B5_ENCCU	46.1	102	53	2	39850	39551	1	102	1.01e-22	102
JH370143.1	sp|Q9UT43|YFRD_SCHPO	37.2	164	93	2	61524	61997	1211	1370	7.75e-21	108
JH370144.1	sp|Q8SR90|Y8H9_ENCCU	43.4	265	150	0	17521	16727	10	274	2.11e-62	223
JH370144.1	sp|Q58556|Y1156_METJA	43.2	301	158	4	28676	27792	382	675	9.98e-60	231
JH370144.1	sp|O28972|Y1297_ARCFU	47.6	229	117	1	28484	27798	177	402	8.09e-56	216
JH370144.1	sp|O05209|VAT_THEAC	43.8	251	137	2	28490	27744	460	708	4.43e-54	211
JH370144.1	sp|Q8SRF5|Y823_ENCCU	38.8	278	134	4	62034	61216	10	256	7.15e-48	179
JH370144.1	sp|F4I114|Y1960_ARATH	37.6	298	162	7	62055	61201	162	448	1.17e-46	188
JH370144.1	sp|P40341|YTA12_YEAST	41.2	250	143	4	28478	27738	345	593	3.82e-43	179
JH370144.1	sp|Q9HGM3|YTA12_SCHPO	40.4	250	141	4	28478	27744	293	539	4.22e-43	178
JH370144.1	sp|Q9ZVM9|Y1461_ARATH	36.0	297	168	7	62052	61198	118	404	5.39e-43	174
JH370144.1	sp|Q8SQU8|YBC9_ENCCU	32.4	290	179	7	62064	61219	9	289	5.64e-43	167
JH370144.1	sp|O14325|YB7A_SCHPO	39.5	233	136	2	28484	27792	487	716	7.78e-42	174
JH370144.1	sp|Q54D75|Y2550_DICDI	37.0	303	158	7	62061	61204	1	287	1.47e-40	173
JH370144.1	sp|Q09803|VPS4_SCHPO	39.0	254	144	6	28490	27735	122	366	3.16e-39	159
JH370144.1	sp|P54813|YME1_CAEEL	37.0	246	152	2	28478	27741	245	487	5.82e-39	164
JH370144.1	sp|O60140|YNS9_SCHPO	35.9	245	120	6	68303	67671	248	489	1.10e-38	159
JH370144.1	sp|O59824|YME1_SCHPO	37.9	256	151	4	28496	27741	258	509	6.68e-38	161
JH370144.1	sp|Q925S8|YMEL1_RAT	34.0	247	160	2	28481	27741	277	520	1.64e-36	157
JH370144.1	sp|Q5AG40|VPS4_CANAL	39.9	233	132	5	28490	27798	128	354	4.94e-36	150
JH370144.1	sp|O88967|YMEL1_MOUSE	33.6	247	161	2	28481	27741	277	520	5.12e-36	155
JH370144.1	sp|Q54Y06|Y8487_DICDI	33.2	292	178	7	62052	61198	64	345	5.49e-36	154
JH370144.1	sp|Q96TA2|YMEL1_HUMAN	33.6	247	161	2	28481	27741	335	578	1.06e-35	155
JH370144.1	sp|Q556J6|Y4007_DICDI	39.0	241	138	5	62043	61330	7	241	2.75e-35	152
JH370144.1	sp|P52917|VPS4_YEAST	38.6	233	135	5	28490	27798	126	352	9.51e-35	146
JH370144.1	sp|Q9ZNT0|VPS4_ARATH	38.8	224	129	6	28490	27825	125	342	7.43e-34	144
JH370144.1	sp|P46467|VPS4B_MOUSE	37.6	234	137	6	28490	27798	127	354	1.60e-33	143
JH370145.1	sp|P38708|YHI0_YEAST	49.3	503	246	3	71413	69932	186	688	2.08e-164	532
JH370145.1	sp|Q58884|Y1489_METJA	30.0	566	311	21	43578	41941	97	597	6.80e-49	194
JH370145.1	sp|Q58371|Y961_METJA	28.5	606	350	25	43608	41998	65	656	7.87e-38	161
JH370145.1	sp|B3H6K1|Y4791_ARATH	30.0	357	214	13	53311	52310	79	422	1.12e-22	110
JH370145.1	sp|Q58803|Y1408_METJA	32.3	133	85	2	45326	44928	109	236	1.26e-14	84.7
JH370145.1	sp|O95619|YETS4_HUMAN	33.8	130	77	4	22729	22364	24	152	5.14e-10	68.6
JH370145.1	sp|Q9CR11|YETS4_MOUSE	33.8	130	77	4	22729	22364	24	152	5.14e-10	68.6
JH370145.1	sp|Q58722|Y1326_METJA	42.3	52	30	0	45119	44964	91	142	2.39e-04	53.1
JH370146.1	sp|Q8SS35|Y4A0_ENCCU	30.6	644	374	19	4121	5947	56	661	1.54e-56	226
JH370146.1	sp|O94387|YGSA_SCHPO	38.5	314	168	9	53591	52713	1477	1786	6.25e-44	184
JH370146.1	sp|Q8SSK3|Y1A1_ENCCU	50.0	122	56	2	61506	61862	68	187	1.65e-29	124
JH370146.1	sp|P16976|YPTM1_MAIZE	33.7	190	118	3	26513	25962	1	188	8.60e-25	110
JH370146.1	sp|P36019|YPT53_YEAST	36.0	164	100	2	26492	26016	12	175	2.19e-24	110
JH370146.1	sp|C8VQY7|YPT7_EMENI	38.4	164	96	1	26486	26010	10	173	2.71e-24	109
JH370146.1	sp|O94655|YPT7_SCHPO	38.6	171	100	2	26486	25989	10	180	2.71e-24	109
JH370146.1	sp|P17609|YPT2_SCHPO	33.9	168	108	2	26510	26010	3	168	4.38e-24	108
JH370146.1	sp|P36861|YPTV2_VOLCA	38.4	164	81	3	26486	26025	15	168	6.92e-24	108
JH370146.1	sp|P01123|YPT1_YEAST	36.6	161	99	2	26489	26010	9	167	7.02e-24	108
JH370146.1	sp|P38555|YPT31_YEAST	36.0	164	102	2	26489	26001	14	175	1.10e-23	108
JH370146.1	sp|P31584|YPTV1_VOLCA	36.5	156	96	2	26489	26025	9	162	2.22e-23	106
JH370146.1	sp|P11620|YPT1_SCHPO	36.0	161	100	2	26489	26010	9	167	4.10e-23	105
JH370146.1	sp|G4MYS1|YPT7_MAGO7	37.2	164	98	1	26486	26010	10	173	5.89e-23	105
JH370146.1	sp|P36017|VPS21_YEAST	38.1	168	82	3	26492	26025	7	164	6.72e-23	105
JH370146.1	sp|P36586|YPT5_SCHPO	38.7	163	97	3	26486	26004	16	177	6.90e-23	105
JH370146.1	sp|Q39571|YPTC1_CHLRE	36.5	156	96	2	26489	26025	9	162	7.59e-23	105
JH370146.1	sp|P33723|YPT1_NEUCR	35.4	161	101	2	26489	26010	9	167	1.03e-22	104
JH370146.1	sp|Q05737|YPTM2_MAIZE	35.9	156	97	2	26489	26025	9	162	1.03e-22	104
JH370146.1	sp|P36862|YPTV3_VOLCA	36.4	162	98	3	26492	26016	9	168	1.03e-22	104
JH370146.1	sp|Q01890|YPT1_PHYIN	35.3	156	98	2	26489	26025	9	162	1.33e-22	104
JH370146.1	sp|Q4JG17|VASAL_PENVA	26.0	304	205	6	29673	28777	342	630	1.54e-22	112
JH370146.1	sp|P32939|YPT7_YEAST	37.6	181	99	5	26534	26010	2	174	2.18e-22	103
JH370146.1	sp|Q39572|YPTC6_CHLRE	34.5	165	105	2	26489	25998	13	175	2.69e-22	103
JH370146.1	sp|Q5UQD1|YR458_MIMIV	30.6	281	150	9	29529	28774	237	501	7.03e-22	109
JH370147.1	sp|O13799|YE02_SCHPO	40.9	942	468	19	34171	31592	96	1030	3.29e-186	608
JH370147.1	sp|Q8SS35|Y4A0_ENCCU	36.8	1135	610	20	25342	22184	224	1333	1.29e-174	593
JH370147.1	sp|P26725|YUR1_YEAST	37.9	327	182	5	49619	50536	85	411	3.07e-66	238
JH370147.1	sp|Q54G06|XPP1_DICDI	29.7	663	383	18	41155	43044	15	627	5.34e-62	232
JH370147.1	sp|Q6P1B1|XPP1_MOUSE	29.5	650	357	21	41215	43038	27	617	1.09e-52	204
JH370147.1	sp|O54975|XPP1_RAT	29.3	652	360	21	41215	43044	27	619	1.46e-52	204
JH370147.1	sp|Q9NQW7|XPP1_HUMAN	29.0	652	362	21	41215	43044	27	619	2.65e-52	203
JH370147.1	sp|Q1JPJ2|XPP1_BOVIN	29.6	622	336	20	41215	42957	27	587	2.86e-51	200
JH370147.1	sp|Q09795|YAA1_SCHPO	27.6	670	367	19	41155	43044	7	598	3.27e-51	199
JH370147.1	sp|O43895|XPP2_HUMAN	27.4	613	351	17	41212	42954	65	615	7.11e-43	176
JH370147.1	sp|Q58105|Y694_METJA	32.1	246	160	3	46777	47493	92	337	2.70e-30	132
JH370147.1	sp|P54448|YQEC_BACSU	29.4	286	180	7	3357	2527	3	275	3.21e-28	123
JH370148.1	sp|Q8SRF5|Y823_ENCCU	56.0	266	107	3	63346	62570	1	263	2.36e-87	292
JH370148.1	sp|Q5UPX0|YR290_MIMIV	35.8	497	295	10	11717	10263	21	505	3.17e-78	277
JH370148.1	sp|Q19546|WRN_CAEEL	35.7	493	275	13	11741	10344	211	688	3.70e-69	262
JH370148.1	sp|O09053|WRN_MOUSE	34.3	510	295	14	11744	10296	495	991	8.49e-66	255
JH370148.1	sp|O93530|WRN_XENLA	32.6	527	314	14	11756	10260	468	981	5.23e-63	246
JH370148.1	sp|Q14191|WRN_HUMAN	32.0	550	331	13	11741	10185	532	1069	6.07e-62	243
JH370148.1	sp|Q58884|Y1489_METJA	27.9	620	348	22	53584	55275	14	590	1.13e-47	190
JH370148.1	sp|Q8SR90|Y8H9_ENCCU	37.9	211	123	2	63346	62729	1	208	4.60e-36	146
JH370148.1	sp|Q9ZVM9|Y1461_ARATH	35.7	280	138	9	63319	62591	124	398	2.26e-34	148
JH370148.1	sp|Q8SQU8|YBC9_ENCCU	39.0	205	112	4	63319	62735	19	220	2.73e-32	135
JH370148.1	sp|F4I114|Y1960_ARATH	31.5	343	163	11	22982	21993	166	449	5.09e-32	142
JH370148.1	sp|Q54D75|Y2550_DICDI	38.7	238	122	7	63322	62654	9	237	1.01e-29	137
JH370148.1	sp|Q54Y06|Y8487_DICDI	27.4	350	173	11	23000	21993	63	345	1.85e-28	130
JH370148.1	sp|Q556J6|Y4007_DICDI	39.3	206	112	6	63316	62729	11	213	1.80e-27	128
JH370148.1	sp|Q54PX0|Y4251_DICDI	30.4	263	155	7	63337	62591	36	284	2.64e-19	100
JH370148.1	sp|Q54QI2|Y9877_DICDI	35.8	201	115	9	63340	62768	12	208	2.27e-18	99.8
JH370148.1	sp|Q12222|YGK3_YEAST	46.2	104	54	2	63043	62735	156	258	1.41e-16	90.9
JH370148.1	sp|Q5UPU3|YL268_MIMIV	30.7	280	150	12	63319	62591	266	538	6.70e-15	87.4
JH370148.1	sp|Q8SQZ4|YAK1_ENCCU	30.6	216	130	8	63340	62732	39	247	4.77e-14	83.6
JH370148.1	sp|Q54VU4|Y8013_DICDI	26.5	294	163	8	63376	62591	529	801	6.32e-14	85.5
JH370148.1	sp|Q12152|YP150_YEAST	28.0	254	155	6	63319	62591	47	283	2.50e-13	83.2
JH370148.1	sp|Q55DK2|Y9628_DICDI	34.5	168	104	3	63082	62582	319	481	1.26e-11	77.4
JH370148.1	sp|Q8SUT4|Y827_ENCCU	22.6	368	249	12	55793	56791	12	378	2.33e-11	75.1
JH370148.1	sp|Q54XY6|Y0019_DICDI	26.9	290	155	9	63325	62579	534	807	2.49e-11	76.6
JH370148.1	sp|Q552C6|ZAK2_DICDI	29.5	176	94	6	63067	62570	99	254	2.89e-10	72.8
JH370149.1	sp|P09052|VASA1_DROME	38.8	361	196	8	26442	27464	265	620	4.12e-61	230
JH370149.1	sp|Q4JG17|VASAL_PENVA	38.2	372	194	9	26442	27464	281	647	6.27e-58	221
JH370149.1	sp|P47075|VTC4_YEAST	24.8	702	329	23	37847	36258	40	714	1.93e-39	166
JH370149.1	sp|P47664|Y425_MYCGE	31.6	332	209	8	26436	27380	21	351	4.25e-34	144
JH370149.1	sp|O34750|YFML_BACSU	27.4	328	219	9	26442	27386	24	345	3.70e-30	131
JH370149.1	sp|Q86B47|Y8611_DROME	28.1	416	198	13	26436	27386	346	759	1.42e-25	123
JH370149.1	sp|P40046|VTC1_YEAST	40.0	115	69	0	36578	36234	14	128	5.68e-22	99.8
JH370149.1	sp|Q9UR17|VTC1_SCHPO	43.6	110	54	2	36578	36261	14	119	6.28e-22	99.4
JH370149.1	sp|Q5UQD1|YR458_MIMIV	25.0	380	215	12	26442	27383	114	489	2.33e-20	104
JH370149.1	sp|P34668|YO12_CAEEL	26.9	386	213	17	26451	27434	142	516	9.44e-18	96.7
JH370149.1	sp|P43585|VTC2_YEAST	29.5	288	146	12	37418	36687	275	549	2.16e-13	83.2
JH370149.1	sp|P78810|VTC4_SCHPO	37.3	102	63	1	36617	36315	599	700	3.37e-11	75.9
JH370150.1	sp|Q86B47|Y8611_DROME	27.8	572	293	15	25235	26722	339	866	8.39e-44	182
JH370150.1	sp|Q58884|Y1489_METJA	28.2	485	318	15	4857	6275	146	612	2.88e-42	174
JH370150.1	sp|Q58371|Y961_METJA	29.7	461	261	13	5151	6401	292	733	3.59e-38	162
JH370150.1	sp|Q57809|Y363_METJA	25.9	622	370	25	4704	6413	151	733	4.13e-35	152
JH370150.1	sp|Q4JG17|VASAL_PENVA	27.7	412	227	11	25202	26398	261	614	3.90e-30	136
JH370150.1	sp|P09052|VASA1_DROME	25.8	426	234	12	25190	26428	241	597	5.94e-27	126
JH370150.1	sp|P47664|Y425_MYCGE	25.1	455	244	15	25205	26515	4	379	3.15e-25	118
JH370150.1	sp|Q9SEI0|WER_ARATH	43.8	121	64	2	40455	40096	2	119	2.83e-24	108
JH370150.1	sp|Q09818|YAC4_SCHPO	40.3	159	67	2	35732	35265	109	242	2.31e-22	110
JH370150.1	sp|Q54QY3|YIPF5_DICDI	33.9	189	121	2	3088	3645	25	212	3.62e-22	103
JH370150.1	sp|Q54XJ4|Y8901_DICDI	33.2	217	123	5	12150	12767	21	226	1.27e-20	107
JH370150.1	sp|Q8SRF5|Y823_ENCCU	31.7	218	128	7	12144	12779	1	203	5.69e-19	95.5
JH370150.1	sp|Q55CA6|Y0146_DICDI	34.0	203	117	5	12171	12761	83	274	9.01e-19	100
JH370150.1	sp|Q4R5M4|YIPF5_MACFA	32.2	174	117	1	3124	3645	85	257	8.28e-17	89.0
JH370150.1	sp|Q54L81|Y0700_DICDI	28.7	244	149	6	12117	12782	51	291	1.29e-16	92.0
JH370150.1	sp|Q5E9E8|YIPF5_BOVIN	31.6	174	118	1	3124	3645	85	257	2.05e-16	87.8
JH370150.1	sp|Q969M3|YIPF5_HUMAN	31.6	174	118	1	3124	3645	85	257	2.05e-16	87.8
JH370150.1	sp|Q5R6W5|YIPF5_PONAB	31.6	174	118	1	3124	3645	85	257	2.05e-16	87.8
JH370150.1	sp|Q5XID0|YIPF5_RAT	31.0	174	119	1	3124	3645	85	257	9.30e-16	85.9
JH370150.1	sp|Q9EQQ2|YIPF5_MOUSE	31.0	174	119	1	3124	3645	85	257	2.30e-15	84.7
JH370150.1	sp|Q6P5I8|YIPF5_DANRE	29.0	200	131	2	3076	3645	59	257	3.11e-15	84.3
JH370150.1	sp|Q66KA5|YIPF5_XENTR	31.5	178	113	3	3124	3645	84	256	5.58e-15	83.6
JH370150.1	sp|Q7SXS2|YIPF5_XENLA	28.0	207	130	3	3067	3645	55	256	7.55e-15	83.2
JH370150.1	sp|Q8N8F6|YIPF7_HUMAN	32.4	176	114	2	3124	3645	108	280	8.67e-15	83.6
JH370150.1	sp|Q54QV3|YAKA_DICDI	29.1	227	140	5	55066	55725	211	423	1.13e-14	87.8
JH370151.1	sp|Q9P7T8|YIW2_SCHPO	33.5	801	445	28	19382	21604	561	1333	6.99e-97	356
JH370151.1	sp|Q09475|YP93_CAEEL	34.5	679	378	16	19700	21574	716	1381	9.65e-91	337
JH370151.1	sp|Q54XN7|Y8827_DICDI	33.3	633	342	18	19814	21607	792	1379	6.17e-69	266
JH370151.1	sp|P75093|Y020_MYCPN	31.4	519	302	13	42494	43990	546	1030	2.40e-57	225
JH370151.1	sp|P47264|Y018_MYCGE	32.8	482	275	11	42608	43990	578	1031	2.42e-57	225
JH370151.1	sp|Q8STN5|Y9F0_ENCCU	45.8	203	109	1	24376	24981	7	209	7.63e-50	182
JH370151.1	sp|Q58371|Y961_METJA	27.7	546	328	15	27330	28805	225	757	9.49e-37	157
JH370151.1	sp|C4V9L5|Y1265_NOSCE	37.2	247	106	6	24373	24987	4	243	1.36e-35	142
JH370151.1	sp|E1BB03|ZRAB3_BOVIN	26.5	490	279	16	42596	43954	33	478	5.38e-27	127
JH370151.1	sp|Q6NZP1|ZRAB3_MOUSE	26.7	490	298	15	42596	43987	33	487	9.20e-27	127
JH370151.1	sp|Q5FWF4|ZRAB3_HUMAN	26.9	484	285	18	42596	43954	33	478	5.40e-25	121
JH370151.1	sp|Q10332|YBMA_SCHPO	21.4	632	327	17	42551	43993	214	826	1.16e-22	113
JH370151.1	sp|O60177|YG42_SCHPO	30.5	190	127	5	43421	43975	842	1031	1.70e-15	90.1
JH370151.1	sp|O13762|YF2C_SCHPO	25.6	305	177	8	42554	43360	232	522	5.93e-15	88.2
JH370151.1	sp|O13799|YE02_SCHPO	41.2	114	58	3	21185	21499	404	517	7.40e-14	84.7
JH370152.1	sp|G9N4A3|VIRJ_HYPVG	37.0	565	290	16	38141	36615	87	641	1.69e-98	339
JH370152.1	sp|Q9P3U2|YKX4_SCHPO	44.0	382	188	8	40755	41867	372	738	4.97e-78	282
JH370152.1	sp|P46467|VPS4B_MOUSE	51.3	234	112	2	41046	41744	130	362	1.37e-66	239
JH370152.1	sp|Q09803|VPS4_SCHPO	41.6	317	151	3	41016	41867	115	430	1.80e-66	238
JH370152.1	sp|Q9UN37|VPS4A_HUMAN	50.9	234	113	2	41046	41744	123	355	2.81e-66	238
JH370152.1	sp|Q8VEJ9|VPS4A_MOUSE	50.9	234	113	2	41046	41744	123	355	2.81e-66	238
JH370152.1	sp|Q793F9|VPS4A_RAT	50.9	234	113	2	41046	41744	123	355	2.81e-66	238
JH370152.1	sp|Q0VD48|VPS4B_BOVIN	49.2	250	121	3	41046	41780	130	378	4.64e-66	238
JH370152.1	sp|O75351|VPS4B_HUMAN	51.3	234	112	2	41046	41744	130	362	8.54e-66	237
JH370152.1	sp|Q5R658|VPS4B_PONAB	51.3	234	112	2	41046	41744	130	362	1.57e-65	236
JH370152.1	sp|Q54PT2|VPS4_DICDI	40.0	325	156	3	41016	41876	121	444	6.15e-64	231
JH370152.1	sp|D0FH76|VPS4_BOMMO	48.8	248	119	3	41046	41768	124	370	1.27e-61	224
JH370152.1	sp|Q9ZNT0|VPS4_ARATH	37.6	356	176	6	40899	41864	89	432	3.37e-60	220
JH370152.1	sp|P52917|VPS4_YEAST	38.9	316	159	3	41016	41864	119	433	3.01e-59	218
JH370152.1	sp|Q58371|Y961_METJA	27.0	722	415	21	34456	32591	42	751	1.60e-53	209
JH370152.1	sp|O05209|VAT_THEAC	40.6	283	151	8	41022	41855	455	725	8.00e-50	197
JH370152.1	sp|Q9P7J5|YJNA_SCHPO	39.6	270	152	5	40932	41732	53	314	1.33e-47	181
JH370152.1	sp|O28972|Y1297_ARCFU	37.6	242	145	4	41010	41726	166	404	1.75e-38	162
JH370152.1	sp|Q9C0W2|YHI5_SCHPO	34.6	283	157	6	41046	41834	368	642	5.05e-38	164
JH370152.1	sp|O14325|YB7A_SCHPO	35.5	296	170	9	41037	41876	485	775	1.27e-35	154
JH370152.1	sp|O59824|YME1_SCHPO	37.1	237	142	5	41034	41729	259	493	6.52e-32	142
JH370152.1	sp|P46508|YME1_SCHMA	31.3	227	148	6	41040	41708	160	382	7.47e-21	106
JH370152.1	sp|Q5UQE0|YR476_MIMIV	29.3	249	153	10	41142	41828	599	844	1.20e-16	93.6
JH370152.1	sp|O34703|YJOB_BACSU	26.7	187	113	6	41160	41711	221	386	1.96e-09	68.9
JH370152.1	sp|P49541|YCF46_TRICV	28.3	258	152	11	41025	41756	216	454	2.57e-09	68.9
JH370154.1	sp|P09052|VASA1_DROME	39.4	393	222	6	26610	27764	233	617	1.37e-73	266
JH370154.1	sp|Q4JG17|VASAL_PENVA	37.1	385	227	6	26649	27764	262	644	5.54e-68	251
JH370154.1	sp|Q9W3Y5|Y4443_DROME	28.7	390	259	7	26628	27761	324	706	5.62e-45	182
JH370154.1	sp|O34750|YFML_BACSU	30.6	350	234	5	26679	27728	15	355	9.69e-43	167
JH370154.1	sp|Q10298|YD44_SCHPO	39.6	197	117	2	22968	23552	1	197	5.99e-36	145
JH370154.1	sp|Q86B47|Y8611_DROME	28.1	420	217	11	26718	27728	352	769	2.92e-33	147
JH370154.1	sp|O74789|YOU5_SCHPO	37.4	203	125	2	22971	23573	4	206	5.26e-33	138
JH370154.1	sp|Q9WYC4|Y288_THEMA	29.3	270	186	3	15234	16037	311	577	9.34e-27	124
JH370154.1	sp|P54718|YFIB_BACSU	39.0	164	99	1	9556	9068	347	510	9.86e-26	120
JH370154.1	sp|Q5UQD1|YR458_MIMIV	24.1	435	259	14	26664	27785	100	524	4.43e-21	105
JH370154.1	sp|P52271|Y308_MYCGE	23.7	363	240	9	26661	27731	1	332	1.15e-16	90.9
JH370154.1	sp|Q58206|Y796_METJA	30.0	210	136	6	15420	16022	21	228	4.84e-16	85.5
JH370154.1	sp|P75335|Y443_MYCPN	25.6	313	200	9	26739	27668	30	312	6.42e-16	88.6
JH370154.1	sp|O32188|YUSV_BACSU	24.7	239	145	6	15369	16052	4	218	6.47e-15	83.2
JH370154.1	sp|Q7N0N3|Y3849_PHOLL	27.3	220	126	8	15390	16007	7	206	9.09e-14	78.6
JH370154.1	sp|Q9V1Q4|Y373_PYRAB	26.5	230	148	8	15420	16070	21	242	4.62e-13	77.8
JH370154.1	sp|Q6G1D9|Y270_BARQU	27.2	217	140	8	15375	16007	4	208	1.07e-12	75.5
JH370154.1	sp|Q97JB8|Y1368_CLOAB	28.5	207	128	10	15420	16007	20	217	1.11e-12	76.6
JH370154.1	sp|Q8TIX0|Y4020_METAC	29.8	215	130	10	15402	16013	57	261	1.59e-12	77.0
JH370154.1	sp|Q57243|Y1272_HAEIN	28.6	203	137	5	15399	15992	21	220	9.37e-12	73.6
JH370154.1	sp|O59479|Y1815_PYRHO	27.0	204	133	6	15429	16007	24	222	1.29e-11	73.6
JH370154.1	sp|O34362|YKOD_BACSU	24.6	264	174	9	15252	15998	245	498	1.48e-11	75.9
JH370154.1	sp|O34510|YFMF_BACSU	23.4	214	152	5	15390	16007	9	218	2.40e-11	72.4
JH370154.1	sp|Q57CD8|Y1365_BRUAB	26.3	205	132	7	15417	16007	19	212	2.79e-11	71.6
JH370154.1	sp|Q8FZV2|Y1368_BRUSU	26.3	205	132	7	15417	16007	19	212	2.79e-11	71.6
JH370155.1	sp|O74789|YOU5_SCHPO	50.9	328	118	3	29610	28756	21	348	5.48e-102	337
JH370155.1	sp|Q10298|YD44_SCHPO	50.0	304	148	2	29655	28756	4	307	2.24e-99	328
JH370155.1	sp|P48458|YT91_CAEEL	38.4	279	170	2	29637	28804	52	329	4.13e-61	220
JH370155.1	sp|P48459|YSD1_CAEEL	38.0	271	159	3	29571	28771	75	340	3.07e-57	208
JH370155.1	sp|Q57538|Y664_HAEIN	31.5	248	157	2	31083	31823	309	544	5.56e-29	130
JH370155.1	sp|Q12152|YP150_YEAST	37.3	201	122	1	4336	4938	38	234	4.41e-27	127
JH370155.1	sp|Q9WYC4|Y288_THEMA	28.6	210	149	1	31254	31880	370	579	1.20e-21	108
JH370155.1	sp|Q54UZ1|Y1639_DICDI	26.4	280	183	11	4345	5133	86	359	1.41e-14	84.3
JH370155.1	sp|Q8SSH1|Y255_ENCCU	28.4	201	135	8	4336	4938	1	192	8.32e-14	82.8
JH370155.1	sp|P57445|UUP_BUCAI	29.5	234	129	11	31215	31877	291	501	2.91e-12	78.2
JH370155.1	sp|Q9SXB8|Y1133_ARATH	26.3	224	152	6	4291	4929	504	725	4.01e-12	78.2
JH370155.1	sp|O59479|Y1815_PYRHO	28.8	205	128	8	31269	31847	25	223	4.83e-12	74.7
JH370155.1	sp|Q75JK0|ZAK1_DICDI	32.2	152	90	4	4363	4794	15	161	8.58e-12	77.0
JH370155.1	sp|Q54D75|Y2550_DICDI	28.4	204	135	5	4336	4932	1	198	5.70e-11	74.7
JH370155.1	sp|Q54WW7|Y0010_DICDI	25.9	205	126	5	4336	4896	198	394	1.19e-10	73.2
JH370155.1	sp|P28926|US03_EHV1B	21.6	283	208	4	4345	5175	93	367	1.87e-10	71.2
JH370155.1	sp|P84390|US03_EHV1V	21.6	283	208	4	4345	5175	93	367	1.87e-10	71.2
JH370155.1	sp|O64783|Y1137_ARATH	24.5	249	171	8	4291	4998	481	725	1.52e-09	69.7
JH370155.1	sp|Q04543|US03_CHV9D	26.3	228	141	7	4291	4947	34	243	1.85e-09	67.8
JH370155.1	sp|P75444|Y334_MYCPN	28.9	180	98	6	31248	31757	22	181	2.08e-09	67.4
JH370155.1	sp|C0LGR6|Y4291_ARATH	26.5	223	141	6	4348	4953	568	788	2.77e-09	68.9
JH370155.1	sp|Q93D97|Y1934_STRMU	28.6	210	129	6	31260	31847	23	225	4.44e-09	67.8
JH370155.1	sp|Q73P93|Y906_TREDE	27.7	206	128	9	31269	31847	23	220	6.62e-09	67.0
JH370155.1	sp|Q9SJG2|Y2296_ARATH	27.1	214	121	7	4558	5106	253	462	6.67e-09	67.0
JH370155.1	sp|O64784|Y1136_ARATH	26.2	214	146	6	4339	4953	496	706	7.76e-09	67.4
JH370228.1	sp|Q12697|YPK9_YEAST	32.9	331	165	9	947	93	751	1070	3.39e-38	147
JH370228.1	sp|Q27533|YH2M_CAEEL	29.2	322	169	8	944	93	436	736	2.48e-26	112
JH370348.1	sp|Q01688|YS4L_PNECA	41.5	123	70	2	499	137	46	168	1.40e-26	101
