CM017447.1	sp|Q8SR75|RPB2_ENCCU	67.2	1160	353	6	58427	54972	1	1140	0.0	1586
CM017447.1	sp|Q02061|RPB2_SCHPO	58.5	1196	446	16	58424	54984	9	1203	0.0	1360
CM017447.1	sp|Q42877|RPB2_SOLLC	57.4	1174	455	15	58421	54984	18	1174	0.0	1322
CM017447.1	sp|P38420|NRPB2_ARATH	57.1	1184	463	15	58451	54984	9	1175	0.0	1322
CM017447.1	sp|Q54J75|RPB2_DICDI	56.6	1174	455	15	58418	54984	17	1165	0.0	1320
CM017447.1	sp|Q753Q4|RPB2_ASHGO	56.3	1200	469	13	58415	54972	21	1217	0.0	1313
CM017447.1	sp|P08518|RPB2_YEAST	56.3	1198	470	14	58415	54972	25	1219	0.0	1306
CM017447.1	sp|Q8CFI7|RPB2_MOUSE	56.9	1171	459	14	58418	54984	20	1170	0.0	1302
CM017447.1	sp|P30876|RPB2_HUMAN	56.8	1171	460	14	58418	54984	20	1170	0.0	1301
CM017447.1	sp|Q6FLD5|RPB2_CANGA	55.5	1199	479	14	58415	54972	23	1218	0.0	1300
CM017447.1	sp|P08266|RPB2_DROME	55.8	1182	476	16	58451	54984	11	1172	0.0	1285
CM017447.1	sp|A5DHT2|RPB2_PICGU	54.6	1212	483	16	58424	54984	15	1224	0.0	1277
CM017447.1	sp|Q10578|RPB2_CAEEL	55.6	1177	469	17	58427	54984	24	1176	0.0	1257
CM017447.1	sp|Q10233|RPC2_SCHPO	51.4	1109	494	10	204485	207694	58	1160	0.0	1104
CM017447.1	sp|Q9NW08|RPC2_HUMAN	52.3	1106	484	11	204485	207697	34	1130	0.0	1102
CM017447.1	sp|P59470|RPC2_MOUSE	52.3	1106	484	11	204485	207697	34	1130	0.0	1101
CM017447.1	sp|P22276|RPC2_YEAST	51.5	1104	490	12	204485	207694	52	1144	0.0	1081
CM017447.1	sp|P25167|RPC2_DROME	49.8	1103	512	11	204485	207694	42	1135	0.0	1035
CM017447.1	sp|F4KD38|NRPC2_ARATH	47.0	1149	540	14	204425	207691	19	1158	9.89e-314	984
CM017447.1	sp|Q8SQT7|EF2_ENCCU	55.2	860	364	9	29130	26584	1	850	2.16e-291	907
CM017447.1	sp|Q54IZ9|RPC2_DICDI	35.9	1564	498	9	204491	207691	49	1605	1.77e-283	914
CM017447.1	sp|Q8SQU9|VATA_ENCCU	69.0	616	176	3	186969	185122	2	602	9.60e-268	828
CM017447.1	sp|P11513|RPOB_SULAC	41.4	1161	606	17	58406	54984	5	1111	3.24e-266	846
CM017447.1	sp|P31814|RPOB_THECE	39.9	1162	623	18	58418	54987	10	1114	5.22e-262	833
CM017447.1	sp|Q01320|TOP2A_MOUSE	51.1	848	356	9	266545	268914	330	1176	9.71e-253	822
CM017448.1	sp|Q6E6J3|RAD25_ANTLO	100	687	0	0	250530	248470	1	687	0.0	1350
CM017448.1	sp|Q8SSK1|RAD25_ENCCU	65.7	648	218	2	250485	248542	1	644	1.35e-277	858
CM017448.1	sp|C4V922|RAD25_NOSCE	65.0	632	212	2	250485	248590	1	623	7.00e-268	830
CM017448.1	sp|A9CRJ7|RAD25_ENTBH	60.8	612	221	4	250422	248626	1	606	5.40e-242	753
CM017448.1	sp|Q00578|RAD25_YEAST	57.1	660	235	3	250428	248593	121	780	2.13e-228	724
CM017448.1	sp|O13768|ERCC3_SCHPO	56.3	659	237	2	250422	248599	82	740	3.60e-228	722
CM017448.1	sp|O00835|ERCC3_DICDI	52.5	661	256	5	250422	248611	72	731	8.70e-208	663
CM017448.1	sp|Q7ZVV1|ERCC3_DANRE	51.8	664	258	6	250422	248611	65	726	4.85e-204	652
CM017448.1	sp|Q1RMT1|ERCC3_BOVIN	50.0	718	286	9	250422	248482	67	782	5.68e-203	649
CM017448.1	sp|P49135|ERCC3_MOUSE	50.4	698	279	8	250434	248536	63	758	2.73e-202	647
CM017448.1	sp|Q60HG1|ERCC3_MACFA	50.6	693	276	7	250422	248536	67	757	4.89e-202	646
CM017448.1	sp|Q5ZKK7|ERCC3_CHICK	51.9	663	258	6	250422	248611	64	724	5.96e-202	646
CM017448.1	sp|P19447|ERCC3_HUMAN	50.6	693	276	8	250422	248536	67	757	9.04e-202	645
CM017448.1	sp|Q4G005|ERCC3_RAT	50.5	697	279	7	250434	248536	63	757	9.04e-202	645
CM017448.1	sp|Q5RA62|ERCC3_PONAB	50.2	693	279	6	250422	248536	67	757	1.06e-200	642
CM017448.1	sp|Q02870|ERCC3_DROME	50.8	673	263	7	250431	248611	74	744	6.13e-200	640
CM017448.1	sp|Q9FUG4|XPB2_ARATH	50.3	660	285	6	250431	248581	54	713	1.61e-192	618
CM017448.1	sp|Q38861|XPB1_ARATH	49.4	668	295	6	250428	248554	55	722	1.67e-190	612
CM017448.1	sp|Q8SQP2|TCPB_ENCCU	57.6	523	207	2	225755	224187	1	508	3.80e-189	597
CM017448.1	sp|Q8SQK0|PRS8_ENCCU	74.9	387	96	1	210996	209839	6	392	4.17e-180	566
CM017448.1	sp|Q10251|IF2P_SCHPO	48.6	613	292	8	148233	146458	468	1078	1.20e-166	555
CM017448.1	sp|Q25544|PRS8_NAEFO	69.4	385	116	1	210987	209839	30	414	2.90e-165	524
CM017448.1	sp|P34124|PRS8_DICDI	69.4	385	116	1	210987	209839	19	403	1.08e-163	519
CM017448.1	sp|P54814|PRS8_MANSE	69.0	384	118	1	210987	209839	19	402	2.64e-163	518
CM017448.1	sp|Q94BQ2|PRS8B_ARATH	69.8	387	115	1	210993	209839	33	419	9.01e-163	517
CM017449.1	sp|Q6E6J3|RAD25_ANTLO	99.9	687	1	0	257820	255760	1	687	0.0	1349
CM017449.1	sp|Q27707|SYI_ANTLO	98.1	572	11	0	132860	131145	57	628	0.0	1185
CM017449.1	sp|Q8SQV6|SYIC_ENCCU	52.1	866	381	8	132860	130335	138	993	7.60e-290	909
CM017449.1	sp|Q8SSK1|RAD25_ENCCU	65.7	648	218	2	257775	255832	1	644	1.32e-277	858
CM017449.1	sp|C4V922|RAD25_NOSCE	65.0	632	212	2	257775	255880	1	623	6.81e-268	830
CM017449.1	sp|C4V8Q1|SYIC_NOSCE	44.9	908	454	12	132860	130263	139	1042	2.18e-251	799
CM017449.1	sp|A9CRJ7|RAD25_ENTBH	60.8	612	221	4	257712	255916	1	606	5.26e-242	753
CM017449.1	sp|Q9VQZ6|ELP3_DROME	63.7	553	176	2	103169	104815	18	549	4.78e-232	722
CM017449.1	sp|Q2KJ61|ELP3_BOVIN	62.5	558	184	2	103154	104815	11	547	1.67e-228	712
CM017449.1	sp|Q00578|RAD25_YEAST	57.1	660	235	3	257718	255883	121	780	2.07e-228	724
CM017449.1	sp|O13768|ERCC3_SCHPO	56.3	659	237	2	257712	255889	82	740	3.51e-228	722
CM017449.1	sp|Q9H9T3|ELP3_HUMAN	62.5	558	184	2	103154	104815	11	547	7.80e-228	710
CM017449.1	sp|Q6NVL5|ELP3_XENTR	61.1	570	193	3	103115	104812	4	548	3.93e-227	708
CM017449.1	sp|Q9CZX0|ELP3_MOUSE	62.2	558	186	2	103154	104815	11	547	9.22e-227	707
CM017449.1	sp|B7XK16|SYIC_ENTBH	46.7	786	355	14	132860	130662	138	912	3.61e-226	723
CM017449.1	sp|Q5HZM6|ELP3_XENLA	64.2	531	165	2	103232	104812	39	548	1.17e-225	704
CM017449.1	sp|Q5RIC0|ELP3_DANRE	63.7	531	168	2	103232	104812	38	547	7.22e-225	701
CM017449.1	sp|Q5ZHS1|ELP3_CHICK	60.8	569	195	3	103121	104815	2	546	2.31e-224	700
CM017449.1	sp|O14023|ELP3_SCHPO	61.3	553	186	3	103175	104812	13	544	3.45e-223	696
CM017449.1	sp|Q02908|ELP3_YEAST	59.5	571	204	6	103121	104812	7	557	1.08e-218	684
CM017449.1	sp|Q7X7L3|ELP3_ORYSJ	59.5	571	196	4	103112	104812	33	572	1.67e-217	681
CM017449.1	sp|Q93ZR1|ELP3_ARATH	60.7	552	192	2	103169	104812	34	564	1.09e-216	679
CM017449.1	sp|Q1ZXC6|ELP3_DICDI	59.7	558	200	2	103151	104812	22	558	1.19e-216	678
CM017449.1	sp|Q60LW7|ELP3_CAEBR	61.9	548	184	2	103181	104812	16	542	5.11e-216	676
CM017449.1	sp|Q23651|ELP3_CAEEL	61.9	548	184	2	103181	104812	16	542	1.24e-215	675
CM017450.1	sp|Q9P7X8|RPA2_SCHPO	40.8	1167	562	19	191767	194940	25	1171	1.62e-255	816
CM017450.1	sp|Q8SS99|TBB_ENCCU	86.3	432	59	0	93395	92100	1	432	2.65e-252	775
CM017450.1	sp|Q24829|TBB_ENCHE	86.1	432	60	0	93395	92100	1	432	3.14e-251	772
CM017450.1	sp|Q9GSR5|TBB_ENCIN	85.4	432	63	0	93395	92100	1	432	2.74e-250	769
CM017450.1	sp|P22138|RPA2_YEAST	39.4	1195	571	21	191749	194949	32	1201	1.29e-246	791
CM017450.1	sp|P41937|TBB4_CAEEL	81.8	440	80	0	93395	92076	1	440	1.21e-245	756
CM017450.1	sp|O17449|TBB1_MANSE	82.9	432	74	0	93395	92100	1	432	1.85e-245	756
CM017450.1	sp|O44388|TBB_TRITR	83.2	434	73	0	93395	92094	1	434	2.25e-245	755
CM017450.1	sp|Q24560|TBB1_DROME	82.9	432	74	0	93395	92100	1	432	3.44e-245	755
CM017450.1	sp|Q27U48|TBB1_GLOMM	82.9	432	74	0	93395	92100	1	432	3.44e-245	755
CM017450.1	sp|P79008|TBB_COPC7	82.4	432	76	0	93395	92100	1	432	4.34e-245	754
CM017450.1	sp|Q9NFZ6|TBB2_ECHMU	82.4	432	76	0	93395	92100	1	432	1.10e-244	753
CM017450.1	sp|Q3MHM5|TBB4B_BOVIN	83.3	432	72	0	93395	92100	1	432	1.10e-244	753
CM017450.1	sp|P68371|TBB4B_HUMAN	83.3	432	72	0	93395	92100	1	432	1.10e-244	753
CM017450.1	sp|P68372|TBB4B_MOUSE	83.3	432	72	0	93395	92100	1	432	1.10e-244	753
CM017450.1	sp|P02554|TBB_PIG	82.9	432	74	0	93395	92100	1	432	1.10e-244	753
CM017450.1	sp|Q6B856|TBB2B_BOVIN	82.6	432	75	0	93395	92100	1	432	1.50e-244	753
CM017450.1	sp|Q9BVA1|TBB2B_HUMAN	82.6	432	75	0	93395	92100	1	432	1.50e-244	753
CM017450.1	sp|Q9CWF2|TBB2B_MOUSE	82.6	432	75	0	93395	92100	1	432	1.50e-244	753
CM017450.1	sp|Q3KRE8|TBB2B_RAT	82.6	432	75	0	93395	92100	1	432	1.50e-244	753
CM017450.1	sp|P32882|TBB2_CHICK	82.6	432	75	0	93395	92100	1	432	1.50e-244	753
CM017450.1	sp|P30883|TBB4_XENLA	83.1	432	73	0	93395	92100	1	432	1.50e-244	753
CM017450.1	sp|P36221|TBB1_NOTNE	83.3	432	72	0	93395	92100	1	432	1.55e-244	753
CM017450.1	sp|P11833|TBB_PARLI	82.9	432	74	0	93395	92100	1	432	2.99e-244	752
CM017450.1	sp|P09203|TBB1_CHICK	82.4	432	76	0	93395	92100	1	432	3.78e-244	752
CM017451.1	sp|Q8SSJ5|CDC48_ENCCU	63.5	797	272	5	23372	20988	1	780	0.0	1011
CM017451.1	sp|P54774|CDC48_SOYBN	61.8	768	282	7	23369	21078	7	767	1.51e-297	922
CM017451.1	sp|Q9LZF6|CD48E_ARATH	61.5	767	284	8	23366	21078	7	766	9.28e-296	917
CM017451.1	sp|P23787|TERA_XENLA	61.2	770	286	8	23372	21078	1	762	1.06e-295	916
CM017451.1	sp|P54609|CD48A_ARATH	61.6	771	283	9	23375	21078	4	766	5.70e-295	914
CM017451.1	sp|Q6GL04|TERA_XENTR	60.7	769	291	6	23372	21078	1	762	6.72e-295	914
CM017451.1	sp|Q7ZU99|TERA_DANRE	60.6	769	292	6	23372	21078	1	762	8.21e-294	911
CM017451.1	sp|P55072|TERA_HUMAN	60.2	768	297	5	23372	21078	1	762	5.22e-293	909
CM017451.1	sp|Q01853|TERA_MOUSE	60.2	768	297	5	23372	21078	1	762	5.22e-293	909
CM017451.1	sp|P46462|TERA_RAT	60.2	768	297	5	23372	21078	1	762	5.22e-293	909
CM017451.1	sp|Q3ZBT1|TERA_BOVIN	60.0	768	298	5	23372	21078	1	762	2.44e-292	907
CM017451.1	sp|P03974|TERA_PIG	59.9	768	299	5	23372	21078	1	762	6.16e-292	905
CM017451.1	sp|Q9SCN8|CD48D_ARATH	60.4	768	290	10	23366	21078	7	765	3.44e-290	901
CM017451.1	sp|Q7KN62|TERA_DROME	60.3	761	288	9	23342	21078	8	760	1.84e-287	892
CM017451.1	sp|P54812|TERA2_CAEEL	59.7	777	292	11	23375	21078	5	771	2.54e-287	892
CM017451.1	sp|Q96372|CDC48_CAPAN	60.2	768	293	8	23369	21078	7	765	2.50e-286	889
CM017451.1	sp|Q5AWS6|CDC48_EMENI	60.4	775	290	9	23369	21075	22	789	2.57e-286	890
CM017451.1	sp|P54811|TERA1_CAEEL	59.0	776	301	9	23375	21078	5	773	1.40e-281	876
CM017451.1	sp|Q9P3A7|CDC48_SCHPO	59.5	760	295	6	23342	21078	31	782	8.11e-281	874
CM017451.1	sp|P25694|CDC48_YEAST	57.3	770	308	7	23336	21072	23	786	6.77e-277	863
CM017451.1	sp|Q8SRI2|GFA1_ENCCU	57.4	702	289	3	127363	125279	1	699	3.05e-258	804
CM017451.1	sp|Q9LRE6|DPOD1_ORYSJ	44.4	996	502	15	172759	169919	101	1093	1.01e-251	802
CM017451.1	sp|Q9LVN7|DPOD1_ARATH	44.2	1001	513	15	172759	169892	93	1092	3.96e-250	797
CM017451.1	sp|P46588|DPOD_CANAX	43.7	1005	500	23	172762	169874	58	1038	4.60e-241	769
CM017451.1	sp|Q8SRI6|TBA_ENCCU	81.6	434	77	1	112682	113974	1	434	1.73e-238	735
CM017452.1	sp|Q8SS35|Y4A0_ENCCU	42.5	1351	701	18	49910	53890	1	1299	5.07e-295	949
CM017452.1	sp|Q8SRS8|SYLC_ENCCU	43.7	916	429	20	11638	14253	1	873	2.90e-227	722
CM017452.1	sp|Q9USI6|MYO2_SCHPO	47.0	821	410	10	49901	52306	19	833	1.53e-213	706
CM017452.1	sp|Q9SSD2|PRP8A_ARATH	29.7	1990	952	55	39038	43960	78	1969	6.44e-210	717
CM017452.1	sp|Q6P2Q9|PRP8_HUMAN	32.5	1568	807	35	39743	43960	468	1945	8.22e-209	714
CM017452.1	sp|Q99PV0|PRP8_MOUSE	32.5	1568	807	35	39743	43960	468	1945	8.22e-209	714
CM017452.1	sp|Q9T0I6|PRP8B_ARATH	29.1	1994	963	55	39038	43960	76	1971	2.15e-208	713
CM017452.1	sp|P34369|PRP8_CAEEL	32.1	1606	826	37	39665	43960	424	1938	2.41e-208	712
CM017452.1	sp|C4V8L1|SYLC_NOSCE	40.2	916	460	14	11644	14247	7	882	1.21e-207	666
CM017452.1	sp|P35748|MYH11_RABIT	44.9	858	407	16	49865	52276	6	851	4.07e-207	700
CM017452.1	sp|P35749|MYH11_HUMAN	44.8	858	408	15	49865	52276	6	851	5.48e-207	700
CM017452.1	sp|O08638|MYH11_MOUSE	44.9	858	407	16	49865	52276	6	851	1.33e-206	699
CM017452.1	sp|P10587|MYH11_CHICK	43.2	919	438	17	49868	52441	6	901	2.77e-206	698
CM017452.1	sp|Q27991|MYH10_BOVIN	44.0	898	459	14	49916	52495	33	924	3.52e-206	697
CM017452.1	sp|P35580|MYH10_HUMAN	44.0	898	459	14	49916	52495	33	924	3.52e-206	697
CM017452.1	sp|Q61879|MYH10_MOUSE	44.0	898	459	14	49916	52495	33	924	3.52e-206	697
CM017452.1	sp|O14157|MYO3_SCHPO	44.8	918	477	14	49904	52600	33	939	1.59e-205	699
CM017452.1	sp|P35579|MYH9_HUMAN	45.3	863	416	15	49916	52372	29	879	3.72e-205	694
CM017452.1	sp|P14105|MYH9_CHICK	44.6	879	434	14	49916	52429	29	895	1.20e-204	692
CM017452.1	sp|Q9JLT0|MYH10_RAT	45.4	862	420	15	49916	52366	33	888	4.05e-204	691
CM017452.1	sp|Q258K2|MYH9_CANLF	45.2	863	417	15	49916	52372	29	879	9.73e-204	690
CM017452.1	sp|Q8VDD5|MYH9_MOUSE	44.5	879	435	14	49916	52429	29	895	2.37e-203	689
CM017452.1	sp|Q99323|MYSN_DROME	42.3	951	429	15	49925	52537	83	993	1.09e-202	689
CM017452.1	sp|P33334|PRP8_YEAST	32.5	1565	797	43	39746	43948	544	2013	4.20e-202	695
CM017452.1	sp|Q62812|MYH9_RAT	44.9	857	419	14	49916	52363	29	873	8.48e-202	684
CM017453.1	sp|Q8SSE4|SYEC_ENCCU	53.2	558	249	7	137816	139459	84	639	4.06e-179	573
CM017453.1	sp|Q8SRY1|G6PI_ENCCU	53.9	486	209	6	29723	28272	13	485	1.72e-158	508
CM017453.1	sp|A9CSZ1|SYEC_ENTBH	42.0	560	316	4	137807	139465	74	631	2.08e-138	456
CM017453.1	sp|C4VBI7|SYEC_NOSCE	45.3	492	258	5	137996	139459	128	612	2.25e-132	437
CM017453.1	sp|P35614|ERF1Z_ARATH	53.8	422	147	8	17178	18299	4	425	5.43e-132	429
CM017453.1	sp|Q9VPH7|ERF1_DROME	52.1	422	156	6	17193	18320	12	433	1.11e-131	428
CM017453.1	sp|D2K760|ERF1Z_BRAOB	53.6	422	148	8	17178	18299	4	425	4.70e-131	426
CM017453.1	sp|O59948|ERF1_PODAS	53.2	419	151	5	17193	18314	13	431	8.71e-131	426
CM017453.1	sp|Q9BMX0|ERF1_DICDI	53.6	420	151	6	17190	18317	13	432	1.07e-130	426
CM017453.1	sp|P62498|ERF1_XENTR	53.1	422	152	7	17193	18323	12	432	1.73e-130	425
CM017453.1	sp|Q9LPV8|ERF1Y_ARATH	52.6	422	152	8	17178	18299	3	424	3.94e-130	424
CM017453.1	sp|Q0VCX5|ERF1_BOVIN	53.1	422	152	7	17193	18323	12	432	4.36e-130	424
CM017453.1	sp|P62495|ERF1_HUMAN	53.1	422	152	7	17193	18323	12	432	4.36e-130	424
CM017453.1	sp|P62496|ERF1_MESAU	53.1	422	152	7	17193	18323	12	432	4.36e-130	424
CM017453.1	sp|Q8BWY3|ERF1_MOUSE	53.1	422	152	7	17193	18323	12	432	4.36e-130	424
CM017453.1	sp|P62497|ERF1_RABIT	53.1	422	152	7	17193	18323	12	432	4.36e-130	424
CM017453.1	sp|Q5U2Q7|ERF1_RAT	53.1	422	152	7	17193	18323	12	432	4.36e-130	424
CM017453.1	sp|Q9GR88|ERF1_POLMI	53.2	412	148	5	17193	18293	12	423	5.55e-130	423
CM017453.1	sp|Q5R4C7|ERF1_PONAB	53.1	422	152	7	17193	18323	12	432	5.94e-130	423
CM017453.1	sp|D2K759|ERF1Y_BRAOB	52.8	422	151	8	17178	18299	4	425	7.55e-130	423
CM017453.1	sp|P35615|ERF1_XENLA	52.7	421	154	6	17193	18320	12	432	1.50e-129	422
CM017453.1	sp|D5LHJ0|ERF1X_BRAOB	53.8	413	146	7	17193	18296	11	423	8.60e-129	420
CM017453.1	sp|Q8SVJ8|NOG1_ENCCU	48.2	537	223	13	47071	45599	1	528	2.30e-128	422
CM017453.1	sp|Q5CG95|ERF1_CRYHO	49.9	421	166	6	17193	18320	8	428	8.55e-128	417
CM017453.1	sp|Q39097|ERF1X_ARATH	51.7	424	156	8	17193	18317	11	434	1.48e-127	416
CM017454.1	sp|A1A4J6|ATP9B_BOVIN	39.8	1094	539	12	145805	148993	130	1134	7.54e-222	717
CM017454.1	sp|F1Q4S1|ATP9B_DANRE	39.4	1095	545	14	145805	148993	116	1123	1.77e-217	704
CM017454.1	sp|O75110|ATP9A_HUMAN	39.0	1087	546	12	145805	148993	52	1045	3.51e-217	700
CM017454.1	sp|D4ABB8|ATP9B_RAT	39.4	1105	540	15	145805	148993	129	1145	1.57e-216	702
CM017454.1	sp|P98195|ATP9B_MOUSE	39.3	1105	541	15	145805	148993	128	1144	2.07e-216	701
CM017454.1	sp|O43861|ATP9B_HUMAN	39.1	1105	543	15	145805	148993	129	1145	2.89e-216	701
CM017454.1	sp|O70228|ATP9A_MOUSE	38.9	1087	547	12	145805	148993	52	1045	7.50e-216	696
CM017454.1	sp|P40527|ATC7_YEAST	36.6	1041	512	17	145787	148807	157	1083	2.08e-188	620
CM017454.1	sp|Q8SQZ6|SYG_ENCCU	45.8	601	297	5	115461	113665	5	578	1.59e-162	523
CM017454.1	sp|O96771|SYW_ENCCU	56.5	382	157	2	133431	132313	4	385	7.40e-140	449
CM017454.1	sp|Q06817|SYG2_YEAST	41.2	617	335	10	115479	113668	2	603	3.44e-136	449
CM017454.1	sp|O04860|PP2A5_TOBAC	62.7	300	112	0	55441	54542	15	314	6.43e-135	432
CM017454.1	sp|P38088|SYG_YEAST	39.1	665	339	10	115455	113614	41	690	2.02e-134	446
CM017454.1	sp|Q9HFQ2|PP2A1_EMENI	62.2	304	115	0	55453	54542	26	329	5.17e-134	430
CM017454.1	sp|P48580|PP2A1_NEUCR	62.8	304	113	0	55453	54542	24	327	6.55e-134	430
CM017454.1	sp|A2XN40|PP2A2_ORYSI	62.7	300	112	0	55441	54542	8	307	8.07e-134	429
CM017454.1	sp|Q10BT5|PP2A2_ORYSJ	62.7	300	112	0	55441	54542	8	307	8.07e-134	429
CM017454.1	sp|Q10039|GARS_CAEEL	41.8	629	316	12	115479	113665	124	726	9.54e-134	446
CM017454.1	sp|P48463|PP2AA_CHICK	63.0	300	111	0	55441	54542	10	309	2.19e-133	427
CM017454.1	sp|Q9XZE5|PP2AA_DICDI	64.7	300	106	0	55441	54542	7	306	3.65e-133	427
CM017454.1	sp|G5EGK8|PP2A_CAEEL	63.7	300	109	0	55441	54542	19	318	5.63e-133	427
CM017454.1	sp|Q9XGH7|PP2A_TOBAC	63.0	300	111	0	55441	54542	13	312	6.18e-133	426
CM017454.1	sp|A3C4N5|PP2A4_ORYSJ	62.0	300	114	0	55441	54542	15	314	6.64e-133	426
CM017454.1	sp|P67774|PP2AA_BOVIN	63.0	300	111	0	55441	54542	10	309	1.03e-132	426
CM017454.1	sp|P67775|PP2AA_HUMAN	63.0	300	111	0	55441	54542	10	309	1.03e-132	426
CM017455.1	sp|Q27707|SYI_ANTLO	98.1	628	12	0	163821	165704	1	628	0.0	1304
CM017455.1	sp|Q8SQV6|SYIC_ENCCU	53.7	997	428	8	163596	166514	7	993	0.0	1102
CM017455.1	sp|C4V8Q1|SYIC_NOSCE	46.4	1035	509	12	163608	166586	12	1042	1.40e-310	969
CM017455.1	sp|Q4LCA6|NTT1_PARGY	87.4	548	69	0	110365	108722	1	548	6.86e-305	931
CM017455.1	sp|B7XK16|SYIC_ENTBH	49.6	918	399	14	163593	166187	6	912	3.44e-292	912
CM017455.1	sp|Q6E6B4|SYHC_ANTLO	100	445	0	0	56830	55496	1	445	5.80e-292	889
CM017455.1	sp|Q8SR37|RIR1_ENCCU	54.4	745	336	3	45942	43711	27	768	1.53e-274	853
CM017455.1	sp|P07742|RIR1_MOUSE	50.9	792	365	5	46014	43711	1	792	2.38e-269	840
CM017455.1	sp|P23921|RIR1_HUMAN	50.8	792	366	5	46014	43711	1	792	1.31e-267	835
CM017455.1	sp|Q5R919|RIR1_PONAB	50.5	792	368	5	46014	43711	1	792	3.88e-266	830
CM017455.1	sp|P36602|RIR1_SCHPO	52.0	763	357	2	46014	43753	1	763	3.60e-263	823
CM017455.1	sp|P21524|RIR1_YEAST	51.6	767	355	4	46014	43759	1	766	5.27e-260	817
CM017455.1	sp|P79732|RIR1_DANRE	50.6	774	371	4	46014	43723	1	773	1.11e-259	812
CM017455.1	sp|Q03604|RIR1_CAEEL	49.9	779	376	4	46008	43714	9	787	3.08e-259	810
CM017455.1	sp|P48591|RIR1_DROME	51.3	757	359	3	46020	43780	10	766	5.24e-259	811
CM017455.1	sp|P21672|RIR3_YEAST	51.1	761	356	4	46014	43777	1	760	3.26e-257	808
CM017455.1	sp|Q8BU30|SYIC_MOUSE	43.6	1042	511	20	163590	166517	8	1038	6.11e-256	820
CM017455.1	sp|Q9SJ20|RIR1_ARATH	51.4	777	349	3	46014	43771	1	777	4.57e-255	800
CM017455.1	sp|Q21926|SYIC_CAEEL	43.8	1011	505	17	163578	166454	6	1005	4.77e-255	813
CM017455.1	sp|P12848|RIR1_VACCW	50.5	776	369	4	46014	43714	1	770	8.19e-255	797
CM017455.1	sp|Q76RD8|RIR1_VACCA	50.5	776	369	4	46014	43714	1	770	1.11e-254	796
CM017455.1	sp|P20503|RIR1_VACCC	50.5	776	369	4	46014	43714	1	770	1.11e-254	796
CM017455.1	sp|Q9UW15|RIR1_NEUCR	51.9	759	354	3	46014	43771	1	759	6.38e-254	801
CM017455.1	sp|P41252|SYIC_HUMAN	43.8	1045	504	22	163590	166517	8	1038	8.15e-254	814
CM017455.1	sp|P0DSV1|RIR1_VAR67	50.3	776	371	4	46014	43714	1	770	2.43e-253	793
CM017456.1	sp|Q752B8|DPOE_ASHGO	41.5	1218	565	23	119398	122877	61	1188	3.89e-260	863
CM017456.1	sp|Q6FNY7|DPOE_CANGA	40.5	1235	575	23	119407	122877	65	1217	2.06e-256	853
CM017456.1	sp|Q6BNG2|DPOE_DEBHA	40.6	1231	580	21	119398	122877	78	1228	8.23e-256	852
CM017456.1	sp|Q6CUS7|DPOE_KLULA	41.7	1189	544	22	119398	122781	58	1158	1.66e-254	847
CM017456.1	sp|P0CN27|DPOE_CRYNB	40.6	1203	553	22	119395	122775	91	1207	4.04e-249	832
CM017456.1	sp|P0CN26|DPOE_CRYNJ	40.6	1203	553	22	119395	122775	91	1207	4.04e-249	832
CM017456.1	sp|P21951|DPOE_YEAST	41.1	1158	553	23	119473	122817	120	1191	1.47e-247	827
CM017456.1	sp|P87154|DPOE_SCHPO	40.9	1197	559	24	119368	122775	56	1164	9.87e-247	824
CM017456.1	sp|Q4PFV5|DPOE_USTMA	40.0	1255	588	24	119377	122898	75	1245	1.31e-243	817
CM017456.1	sp|Q4WXH8|DPOE_ASPFU	40.5	1194	572	18	119377	122775	59	1174	3.18e-243	814
CM017456.1	sp|Q9VCN1|DPOE1_DROME	38.7	1264	606	23	119323	122901	29	1194	1.27e-241	810
CM017456.1	sp|Q9WVF7|DPOE1_MOUSE	41.0	1196	567	22	119374	122775	48	1166	4.33e-241	809
CM017456.1	sp|Q07864|DPOE1_HUMAN	40.5	1203	563	25	119374	122775	48	1166	1.20e-239	805
CM017456.1	sp|O93845|DPOE_EMENI	40.4	1196	543	24	119377	122775	59	1147	2.93e-238	799
CM017456.1	sp|Q6C4J0|DPOE_YARLI	39.3	1239	596	28	119347	122826	39	1200	9.29e-232	779
CM017456.1	sp|Q54RD4|DPOE1_DICDI	37.4	1226	578	19	119392	122775	24	1158	1.37e-226	768
CM017456.1	sp|F4HW04|DPOE1_ARATH	38.5	1201	592	24	119341	122775	26	1135	9.27e-226	760
CM017456.1	sp|F4IFN6|DPOE2_ARATH	37.8	1204	594	24	119344	122775	19	1127	1.55e-224	756
CM017456.1	sp|P02578|ACT1_ACACA	80.3	375	73	1	109090	110211	1	375	3.98e-204	633
CM017456.1	sp|P60712|ACTB_BOVIN	79.5	375	76	1	109090	110211	1	375	5.42e-204	633
CM017456.1	sp|O18840|ACTB_CANLF	79.5	375	76	1	109090	110211	1	375	5.42e-204	633
CM017456.1	sp|Q71FK5|ACTB_CAVPO	79.5	375	76	1	109090	110211	1	375	5.42e-204	633
CM017456.1	sp|P60706|ACTB_CHICK	79.5	375	76	1	109090	110211	1	375	5.42e-204	633
CM017456.1	sp|Q76N69|ACTB_CHLAE	79.5	375	76	1	109090	110211	1	375	5.42e-204	633
CM017456.1	sp|P60708|ACTB_HORSE	79.5	375	76	1	109090	110211	1	375	5.42e-204	633
CM017457.1	sp|G0SEV9|RLI1_CHATD	57.8	597	246	4	31088	29307	6	599	2.25e-220	691
CM017457.1	sp|Q8LPJ4|AB2E_ARATH	56.4	605	249	5	31094	29307	4	602	3.45e-218	684
CM017457.1	sp|Q03195|RLI1_YEAST	56.5	598	255	3	31088	29307	6	602	1.56e-216	679
CM017457.1	sp|Q9VSS1|ABCE1_DROME	55.4	605	261	4	31112	29307	6	604	4.37e-216	678
CM017457.1	sp|P61221|ABCE1_HUMAN	56.1	597	253	4	31088	29307	6	596	8.48e-215	674
CM017457.1	sp|P61222|ABCE1_MOUSE	56.1	597	253	4	31088	29307	6	596	8.48e-215	674
CM017457.1	sp|C4V924|SYVC_NOSCE	42.2	874	367	14	41839	39266	47	798	1.82e-208	668
CM017457.1	sp|O60102|RLI1_SCHPO	55.6	597	250	6	31088	29307	6	590	3.50e-206	649
CM017457.1	sp|Q9LID6|AB1E_ARATH	53.1	605	271	5	31100	29307	2	600	8.35e-201	634
CM017457.1	sp|Q8SR40|GPDH_ENCCU	48.5	548	281	1	14007	12367	36	583	1.64e-164	530
CM017457.1	sp|Q01576|ACSA_PHYB8	43.4	624	335	8	117774	119621	44	657	3.28e-162	526
CM017457.1	sp|A6UED8|ACSA_SINMW	43.9	642	334	12	117741	119627	15	643	9.92e-158	512
CM017457.1	sp|O13440|ACSA_COPCI	43.7	639	327	13	117759	119624	32	654	1.08e-157	512
CM017457.1	sp|Q92KX2|ACSA_RHIME	43.9	642	334	12	117741	119627	15	643	1.84e-157	511
CM017457.1	sp|A8PDE3|ACSA_COPC7	43.7	639	327	13	117759	119624	32	654	1.99e-157	511
CM017457.1	sp|C3MAS0|ACSA_SINFN	44.4	642	331	12	117741	119627	15	643	3.39e-157	510
CM017457.1	sp|Q2K2T1|ACSA_RHIEC	44.8	638	320	14	117759	119627	23	643	9.11e-157	509
CM017457.1	sp|Q9KWA3|ACSA_AGRRH	43.9	636	333	11	117753	119627	21	643	9.41e-157	509
CM017457.1	sp|B3PS41|ACSA_RHIE6	44.8	638	320	14	117759	119627	23	643	1.24e-156	509
CM017457.1	sp|B9JEV4|ACSA_AGRRK	43.8	633	326	12	117771	119627	27	643	1.10e-155	506
CM017457.1	sp|Q9Y7B5|ACS2_KLULA	43.2	646	326	10	117759	119621	41	670	1.23e-155	507
CM017457.1	sp|Q21LV0|ACSA_SACD2	44.1	635	321	13	117759	119621	24	638	1.62e-155	505
CM017457.1	sp|Q01574|ACS1_YEAST	43.4	640	327	11	117771	119621	80	707	1.66e-155	508
CM017457.1	sp|B1M0M1|ACSA_METRJ	44.1	621	319	10	117798	119621	35	640	1.79e-155	505
CM017457.1	sp|A9W5V0|ACSA_METEP	43.0	633	338	10	117753	119621	21	640	1.85e-155	505
CM017458.1	sp|Q8SSC4|RPB1_ENCCU	53.7	1525	562	18	27350	31666	6	1472	0.0	1514
CM017458.1	sp|P36594|RPB1_SCHPO	46.5	1533	674	31	27356	31618	14	1512	0.0	1274
CM017458.1	sp|P35084|RPB1_DICDI	45.5	1495	672	22	27356	31507	13	1475	0.0	1226
CM017458.1	sp|P18616|NRPB1_ARATH	44.6	1536	674	29	27359	31576	14	1502	0.0	1201
CM017458.1	sp|Q75A34|RPB1_ASHGO	45.2	1486	675	27	27356	31510	12	1459	0.0	1195
CM017458.1	sp|P04050|RPB1_YEAST	45.0	1485	679	24	27356	31510	12	1458	0.0	1186
CM017458.1	sp|P04052|RPB1_DROME	42.1	1563	725	26	27356	31639	12	1529	0.0	1151
CM017458.1	sp|P35074|RPB1_CAEBR	42.6	1558	725	26	27356	31663	13	1523	0.0	1139
CM017458.1	sp|P11414|RPB1_CRIGR	42.7	1521	699	25	27356	31528	16	1494	0.0	1139
CM017458.1	sp|P24928|RPB1_HUMAN	42.7	1521	699	25	27356	31528	16	1494	0.0	1139
CM017458.1	sp|P08775|RPB1_MOUSE	42.7	1521	699	25	27356	31528	16	1494	0.0	1139
CM017458.1	sp|P16356|RPB1_CAEEL	43.5	1487	691	22	27362	31474	15	1468	0.0	1136
CM017458.1	sp|A5DCV3|RPB1_PICGU	42.2	1477	552	30	27356	31492	13	1286	0.0	1073
CM017458.1	sp|Q9X576|CATE_RHIME	61.3	675	253	6	13449	11440	28	699	6.54e-273	846
CM017458.1	sp|P14248|RPB1_PLAFD	31.1	2121	765	35	27356	31663	15	2121	4.07e-263	879
CM017458.1	sp|P17545|RPB1B_TRYBB	35.7	1508	809	36	27359	31513	16	1486	2.09e-247	813
CM017458.1	sp|P17546|RPB1A_TRYBB	35.7	1508	809	36	27359	31513	16	1486	2.83e-247	813
CM017458.1	sp|P31813|RPOA1_THECE	44.9	877	427	12	27350	29818	4	878	5.00e-212	679
CM017458.1	sp|O94666|RPC1_SCHPO	33.6	1448	795	34	27350	31450	9	1371	1.60e-209	690
CM017458.1	sp|Q980R2|RPOA1_SACS2	43.0	869	439	13	27353	29827	3	859	4.12e-206	661
CM017458.1	sp|P11512|RPOA1_SULAC	42.8	864	448	12	27353	29827	3	859	1.91e-205	659
CM017458.1	sp|Q6BI69|RPC1_DEBHA	32.8	1495	832	38	27344	31489	7	1441	6.31e-201	667
CM017458.1	sp|Q7T6X5|RPO1_MIMIV	31.6	1517	859	37	27362	31549	18	1477	3.99e-200	665
CM017458.1	sp|Q86AQ5|RPC1_DICDI	32.6	1461	846	35	27356	31453	12	1428	8.99e-199	660
CM017458.1	sp|O14802|RPC1_HUMAN	33.3	1460	770	39	27350	31453	11	1358	1.84e-197	654
CM017459.1	sp|Q8SRH2|SYTC_ENCCU	55.6	626	273	4	79939	78068	8	630	6.83e-238	742
CM017459.1	sp|B7XIA1|SYTC_ENTBH	52.9	618	285	3	79918	78080	14	630	1.36e-211	666
CM017459.1	sp|Q5XHY5|SYTC_RAT	52.3	620	279	10	79900	78089	72	690	1.73e-194	620
CM017459.1	sp|P26639|SYTC_HUMAN	51.9	620	281	9	79900	78089	100	718	4.43e-194	620
CM017459.1	sp|Q9D0R2|SYTC_MOUSE	53.0	594	268	7	79900	78149	99	691	2.00e-193	618
CM017459.1	sp|Q3ZBV8|SYTC_BOVIN	52.9	594	269	7	79900	78149	100	692	1.78e-192	615
CM017459.1	sp|A2RTX5|SYTC2_HUMAN	53.4	597	261	8	79900	78149	179	771	1.51e-190	613
CM017459.1	sp|P04801|SYTC_YEAST	50.0	638	281	9	79906	78104	85	721	8.85e-190	608
CM017459.1	sp|Q8BLY2|SYTC2_MOUSE	51.5	625	289	11	79900	78062	167	789	8.81e-188	604
CM017459.1	sp|Q0V9S0|SYTC2_XENTR	51.3	604	279	8	79861	78092	206	808	7.58e-186	600
CM017459.1	sp|P87144|SYTC_SCHPO	49.1	609	283	10	79855	78107	83	690	1.31e-180	580
CM017459.1	sp|P52709|SYTC_CAEEL	50.4	579	278	6	79861	78149	114	691	5.85e-179	576
CM017459.1	sp|Q54J66|SYTC1_DICDI	48.6	580	288	7	79861	78149	108	686	1.07e-171	555
CM017459.1	sp|Q9BW92|SYTM_HUMAN	46.7	617	296	7	79894	78140	75	690	4.75e-169	547
CM017459.1	sp|A6QNM8|SYTC2_BOVIN	52.5	535	245	6	79900	78320	177	710	4.95e-168	545
CM017459.1	sp|O04630|SYTM1_ARATH	47.0	593	299	9	79852	78107	110	698	1.04e-167	543
CM017459.1	sp|Q9HD20|AT131_HUMAN	36.8	1072	499	24	109657	112494	171	1190	1.88e-164	551
CM017459.1	sp|P90747|AT131_CAEEL	35.7	1090	512	26	109660	112491	122	1168	3.28e-164	550
CM017459.1	sp|Q3UQ84|SYTM_MOUSE	43.8	671	338	10	79960	78059	54	722	4.80e-164	533
CM017459.1	sp|Q9EPE9|AT131_MOUSE	36.8	1072	499	24	109657	112494	168	1186	2.59e-163	548
CM017459.1	sp|Q68FW7|SYTM_RAT	43.5	682	341	11	79990	78059	47	722	3.03e-163	531
CM017459.1	sp|P39986|SPF1_YEAST	36.4	1074	474	25	109771	112512	174	1198	1.30e-159	538
CM017459.1	sp|Q8R9A4|SYT_CALS4	42.8	600	334	5	79930	78158	17	616	7.03e-157	509
CM017459.1	sp|O14072|ATC4_SCHPO	35.9	1068	476	25	109777	112494	174	1194	3.01e-156	528
CM017459.1	sp|Q9LT02|PDR2_ARATH	35.3	1014	499	18	109795	112494	180	1150	3.63e-150	509
CM017460.1	sp|Q8SSI7|CHS1_ENCCU	51.6	828	327	14	51165	53483	2	810	4.65e-246	773
CM017460.1	sp|Q8SR53|TCPH_ENCCU	54.8	507	224	3	94737	96251	6	509	2.55e-177	562
CM017460.1	sp|Q3MHP5|DRG1_BOVIN	64.8	364	121	3	21511	20441	3	366	6.93e-146	466
CM017460.1	sp|Q9Y295|DRG1_HUMAN	64.8	364	121	3	21511	20441	3	366	6.93e-146	466
CM017460.1	sp|P32233|DRG1_MOUSE	65.0	363	120	3	21508	20441	4	366	9.45e-146	465
CM017460.1	sp|P43690|DRG1_XENLA	64.2	363	123	3	21508	20441	4	366	1.75e-145	464
CM017460.1	sp|O13353|CHS4_MAGO7	51.5	501	221	8	52041	53486	685	1182	2.08e-143	490
CM017460.1	sp|P36428|SYA_ARATH	44.8	610	287	14	22359	24059	59	661	2.28e-142	480
CM017460.1	sp|P78611|CHSD_EMENI	50.6	500	226	8	52044	53489	670	1166	3.46e-142	486
CM017460.1	sp|Q01285|CHS4_NEUCR	50.8	502	224	8	52041	53486	689	1187	2.88e-141	484
CM017460.1	sp|P40825|SYA_YEAST	45.7	613	281	16	22359	24059	34	640	3.80e-141	476
CM017460.1	sp|Q5A8K2|SYA_CANAL	46.6	599	262	17	22344	23990	19	609	1.20e-140	474
CM017460.1	sp|P29465|CHS3_YEAST	51.8	498	222	8	52041	53486	654	1149	2.42e-139	476
CM017460.1	sp|Q9SVA6|DRG3_ARATH	58.4	365	144	3	21505	20435	5	369	4.52e-138	443
CM017460.1	sp|Q54HP3|DRG1_DICDI	60.4	369	135	4	21514	20441	1	369	4.68e-138	443
CM017460.1	sp|O13394|CHS5_USTMA	50.9	501	224	8	52041	53486	800	1297	5.80e-138	483
CM017460.1	sp|P30573|CHS3_CANAX	50.7	499	226	8	52041	53486	664	1159	1.05e-137	473
CM017460.1	sp|P32234|128UP_DROME	60.7	364	136	4	21505	20435	5	368	2.04e-137	441
CM017460.1	sp|Q5AQL1|SYA_EMENI	45.3	569	263	14	22359	23933	11	575	3.32e-135	458
CM017460.1	sp|J9VXM5|CHS3_CRYNH	50.5	505	224	8	52041	53486	691	1192	5.41e-135	470
CM017460.1	sp|O13356|CHS1_CRYNH	51.4	496	225	8	52041	53489	463	955	1.25e-134	464
CM017460.1	sp|Q9VLM8|SYAC_DROME	45.7	595	269	15	22362	23990	5	597	1.06e-133	454
CM017460.1	sp|Q4P333|CHS7_USTMA	52.2	494	220	8	52044	53486	461	951	1.74e-132	459
CM017460.1	sp|P21894|SYAC_BOMMO	43.5	595	282	15	22362	23990	6	598	3.03e-132	449
CM017460.1	sp|Q9UT21|YFY7_SCHPO	58.6	362	144	3	21508	20441	4	365	1.12e-131	425
CM017461.1	sp|Q8SQX2|SEC23_ENCCU	48.8	709	356	5	11187	9064	1	703	4.97e-220	694
CM017461.1	sp|Q9MAK9|PS10B_ARATH	64.9	376	132	0	73661	74788	17	392	5.47e-152	484
CM017461.1	sp|Q9SEI3|PS10A_ARATH	64.4	376	134	0	73661	74788	17	392	3.49e-151	482
CM017461.1	sp|P62333|PRS10_HUMAN	63.0	378	140	0	73658	74791	10	387	6.17e-151	481
CM017461.1	sp|P62335|PRS10_ICTTR	63.0	378	140	0	73658	74791	10	387	6.17e-151	481
CM017461.1	sp|P62334|PRS10_MOUSE	63.0	378	140	0	73658	74791	10	387	6.17e-151	481
CM017461.1	sp|Q2KIW6|PRS10_BOVIN	62.7	378	141	0	73658	74791	10	387	5.36e-150	478
CM017461.1	sp|Q54PJ1|PRS10_DICDI	58.8	391	160	1	73625	74794	2	392	2.90e-149	476
CM017461.1	sp|O74445|PRS10_SCHPO	68.0	347	111	0	73754	74794	41	387	1.14e-148	474
CM017461.1	sp|O17071|PRS10_CAEEL	65.2	348	121	0	73748	74791	57	404	1.67e-144	463
CM017461.1	sp|P41389|MCM5_SCHPO	42.6	697	321	16	90706	92598	34	717	5.89e-139	460
CM017461.1	sp|P53549|PRS10_YEAST	57.3	363	155	0	73706	74794	74	436	3.46e-135	438
CM017461.1	sp|Q21902|MCM5_CAEEL	40.2	727	337	21	90700	92601	37	758	1.88e-125	422
CM017461.1	sp|B8AEH3|MCM5_ORYSI	41.5	668	325	12	90775	92598	66	727	4.98e-125	420
CM017461.1	sp|Q6KAJ4|MCM5_ORYSJ	41.5	668	325	12	90775	92598	66	727	4.98e-125	420
CM017461.1	sp|Q54CP4|MCM5_DICDI	38.9	741	348	19	90667	92598	23	755	2.76e-124	419
CM017461.1	sp|O61660|TOP3_CAEEL	41.2	597	336	9	65590	67338	3	598	9.91e-124	417
CM017461.1	sp|O70157|TOP3A_MOUSE	41.2	583	335	7	65590	67314	35	617	2.32e-123	424
CM017461.1	sp|Q13472|TOP3A_HUMAN	41.5	583	333	7	65590	67314	35	617	2.99e-123	424
CM017461.1	sp|O80786|MCM5_ARATH	39.0	731	363	17	90628	92598	4	725	3.38e-123	415
CM017461.1	sp|P29496|MCM5_YEAST	46.6	554	246	11	90949	92490	190	733	8.13e-122	412
CM017461.1	sp|Q6PCI7|MCM5B_XENLA	38.5	716	351	19	90688	92601	30	734	3.05e-121	409
CM017461.1	sp|Q561P5|MCM5_XENTR	38.1	716	354	19	90688	92601	30	734	5.61e-121	409
CM017461.1	sp|P55862|MCM5A_XENLA	38.3	716	353	19	90688	92601	30	734	7.61e-121	408
CM017461.1	sp|Q0V8B7|MCM5_BOVIN	40.0	673	331	16	90775	92601	70	733	5.29e-119	403
CM017462.1	sp|Q5ZL98|RPC1_CHICK	42.1	1465	655	27	36939	32794	11	1365	2.53e-313	991
CM017462.1	sp|O14802|RPC1_HUMAN	42.2	1463	656	27	36939	32794	11	1365	8.60e-313	989
CM017462.1	sp|O94666|RPC1_SCHPO	42.0	1486	641	25	36945	32803	7	1376	1.88e-312	989
CM017462.1	sp|A4IF62|RPC1_BOVIN	42.2	1463	656	27	36939	32794	11	1365	3.98e-312	988
CM017462.1	sp|Q6BI69|RPC1_DEBHA	40.7	1515	661	26	36927	32803	13	1429	1.46e-306	974
CM017462.1	sp|Q86AQ5|RPC1_DICDI	39.8	1531	659	25	36927	32794	14	1435	2.94e-306	973
CM017462.1	sp|P04051|RPC1_YEAST	40.4	1516	665	28	36927	32803	13	1430	1.34e-303	966
CM017462.1	sp|F4JXF9|NRPC1_ARATH	38.5	1448	697	23	36927	32815	23	1353	2.38e-264	848
CM017462.1	sp|P08968|RPC1_TRYBB	32.7	1594	743	29	36966	32803	14	1483	7.93e-225	739
CM017462.1	sp|P25202|RPC1_GIAIN	35.2	1394	643	30	36333	32803	303	1653	3.53e-197	664
CM017462.1	sp|P36594|RPB1_SCHPO	32.3	1554	755	39	36927	32800	16	1450	1.98e-196	662
CM017462.1	sp|P35084|RPB1_DICDI	31.4	1548	790	32	36927	32800	15	1462	1.12e-193	653
CM017462.1	sp|Q8SSC4|RPB1_ENCCU	31.9	1536	754	31	36939	32803	6	1406	1.48e-189	637
CM017462.1	sp|P27625|RPC1_PLAFA	38.5	1027	544	18	36927	34084	35	1052	9.53e-189	652
CM017462.1	sp|Q75A34|RPB1_ASHGO	32.2	1534	778	36	36927	32803	14	1444	8.71e-187	633
CM017462.1	sp|P04050|RPB1_YEAST	31.4	1546	773	38	36927	32803	14	1443	1.67e-186	632
CM017462.1	sp|P18616|NRPB1_ARATH	32.1	1549	775	39	36918	32800	18	1465	1.61e-182	622
CM017462.1	sp|P16356|RPB1_CAEEL	31.1	1558	784	36	36927	32803	15	1465	2.79e-178	610
CM017462.1	sp|Q980R2|RPOA1_SACS2	37.2	957	495	13	36930	34120	5	875	1.96e-176	575
CM017462.1	sp|P11414|RPB1_CRIGR	30.1	1546	819	31	36927	32803	18	1473	2.18e-174	601
CM017462.1	sp|P24928|RPB1_HUMAN	30.1	1546	819	31	36927	32803	18	1473	2.18e-174	601
CM017462.1	sp|P08775|RPB1_MOUSE	30.1	1546	819	31	36927	32803	18	1473	2.18e-174	601
CM017462.1	sp|P35074|RPB1_CAEBR	30.6	1554	798	36	36927	32803	15	1466	2.46e-174	598
CM017462.1	sp|P04052|RPB1_DROME	30.6	1545	810	31	36927	32803	14	1465	4.82e-172	592
CM017462.1	sp|P31813|RPOA1_THECE	37.3	949	495	17	36939	34174	4	879	2.80e-166	546
CM017463.1	sp|Q8SRE0|SYC_ENCCU	48.1	486	239	5	42653	41205	5	480	3.20e-142	459
CM017463.1	sp|Q9ESV6|G3PT_RAT	55.8	335	140	5	3744	2764	96	430	4.13e-104	348
CM017463.1	sp|Q64467|G3PT_MOUSE	54.3	335	145	5	3744	2764	104	438	1.85e-101	340
CM017463.1	sp|Q59KZ1|APE2_CANAL	33.0	849	467	29	59779	62106	73	892	1.98e-100	354
CM017463.1	sp|Q0J5V5|APM1B_ORYSJ	29.7	866	502	22	59773	62133	12	849	1.00e-99	350
CM017463.1	sp|Q6Z6L4|APM1A_ORYSJ	30.8	872	475	29	59797	62142	23	856	1.45e-99	350
CM017463.1	sp|P37898|AAP1_YEAST	31.9	858	479	28	59779	62130	6	832	3.95e-99	348
CM017463.1	sp|P32637|G3P_PODAS	54.0	328	143	5	3732	2773	3	330	1.62e-98	328
CM017463.1	sp|Q5MJ86|G3P2_DANRE	53.3	334	148	5	3741	2764	1	334	2.06e-98	327
CM017463.1	sp|Q8SQI6|AMP11_ENCCU	30.0	864	504	27	59776	62172	29	856	1.30e-97	344
CM017463.1	sp|O57479|G3P_COLLI	54.1	331	144	6	3732	2764	2	332	1.67e-97	325
CM017463.1	sp|Q8SRG3|AMP12_ENCCU	30.0	864	504	27	59776	62172	29	856	2.36e-97	343
CM017463.1	sp|Q0J2B5|APM1C_ORYSJ	30.7	876	480	27	59773	62136	18	854	2.39e-97	343
CM017463.1	sp|O14556|G3PT_HUMAN	52.2	339	154	5	3756	2764	68	406	3.15e-97	327
CM017463.1	sp|Q4R3T1|G3PT_MACFA	51.9	347	158	6	3780	2764	62	407	4.43e-97	327
CM017463.1	sp|Q05025|G3P_COTJA	54.1	331	144	6	3732	2764	2	332	7.81e-97	323
CM017463.1	sp|P20287|G3P_SCHMA	52.9	333	148	6	3741	2770	1	333	1.26e-96	322
CM017463.1	sp|P00356|G3P_CHICK	54.1	331	144	6	3732	2764	2	332	1.45e-96	322
CM017463.1	sp|P04797|G3P_RAT	53.5	331	146	6	3732	2764	2	332	1.45e-96	322
CM017463.1	sp|Q5R2J2|G3P_PELSI	52.0	331	151	6	3732	2764	2	332	1.97e-96	322
CM017463.1	sp|Q2U0J7|HEPG_ASPOR	52.1	326	149	4	3729	2773	4	329	2.78e-96	321
CM017463.1	sp|Q2KJE5|G3PT_BOVIN	52.1	334	152	5	3741	2764	60	393	6.12e-96	323
CM017463.1	sp|Q01558|G3PC_LEIME	53.5	327	143	7	3732	2776	2	327	6.34e-96	320
CM017463.1	sp|P17244|G3P_CRIGR	53.2	331	147	6	3732	2764	2	332	6.78e-96	320
CM017463.1	sp|P16858|G3P_MOUSE	52.6	331	149	6	3732	2764	2	332	6.78e-96	320
