JAEPRA010000001.1	sp|Q9JHU4|DYHC1_MOUSE	66.6	2045	652	12	978904	984975	1235	3268	0.0	2782
JAEPRA010000001.1	sp|P38650|DYHC1_RAT	66.4	2045	655	12	978904	984975	1235	3268	0.0	2776
JAEPRA010000001.1	sp|Q14204|DYHC1_HUMAN	66.4	2045	656	12	978904	984975	1237	3270	0.0	2774
JAEPRA010000001.1	sp|P37276|DYHC_DROME	67.0	2035	648	10	978904	984966	1227	3252	0.0	2751
JAEPRA010000001.1	sp|P45444|DYHC_EMENI	65.3	2024	672	9	978901	984972	1274	3267	0.0	2712
JAEPRA010000001.1	sp|P45443|DYHC_NEUCR	65.2	2021	675	9	978907	984966	1285	3278	0.0	2677
JAEPRA010000001.1	sp|P78716|DYHC_FUSVN	65.3	1981	650	10	978901	984834	1286	3232	0.0	2640
JAEPRA010000001.1	sp|O75643|U520_HUMAN	60.1	2102	773	15	2018033	2011773	80	2130	0.0	2515
JAEPRA010000001.1	sp|Q6P4T2|U520_MOUSE	60.0	2102	775	15	2018033	2011773	80	2130	0.0	2513
JAEPRA010000001.1	sp|F1LNJ2|U520_RAT	60.0	2105	774	16	2018033	2011773	80	2133	0.0	2509
JAEPRA010000001.1	sp|P34036|DYHC_DICDI	58.3	2072	788	17	978910	984972	1306	3353	0.0	2442
JAEPRA010000001.1	sp|Q9VUV9|U520_DROME	57.7	2107	832	13	2018033	2011755	80	2141	0.0	2438
JAEPRA010000001.1	sp|Q19020|DYHC_CAEEL	57.7	2042	810	18	978907	984972	1205	3212	0.0	2335
JAEPRA010000001.1	sp|Q9SYP1|DEXHC_ARATH	54.8	2108	871	23	2018006	2011785	100	2160	0.0	2226
JAEPRA010000001.1	sp|Q9UT24|BRR2_SCHPO	53.2	2096	935	20	2018009	2011749	117	2176	0.0	2168
JAEPRA010000001.1	sp|Q9U2G0|U520_CAEEL	53.2	2082	928	20	2018006	2011785	85	2128	0.0	2164
JAEPRA010000001.1	sp|O48534|DEXHD_ARATH	53.2	2101	918	25	2018006	2011785	100	2161	0.0	2144
JAEPRA010000001.1	sp|Q27171|DYHC_PARTE	50.3	2030	946	17	978907	984972	1182	3157	0.0	2023
JAEPRA010000001.1	sp|Q55CI8|HELCL_DICDI	50.1	2111	996	23	2018003	2011797	119	2213	0.0	1988
JAEPRA010000001.1	sp|Q8IBG1|DYHC1_PLAF7	44.7	2191	1034	27	978856	984966	1300	3466	0.0	1812
JAEPRA010000001.1	sp|P32639|BRR2_YEAST	42.2	2131	1111	39	2018009	2011785	96	2162	0.0	1593
JAEPRA010000001.1	sp|Q9FNQ1|DEXHE_ARATH	46.1	1712	898	14	2016905	2011794	457	2151	0.0	1536
JAEPRA010000001.1	sp|F1NTD6|ASCC3_CHICK	42.0	1966	1011	25	2017364	2011785	247	2188	0.0	1511
JAEPRA010000001.1	sp|Q9C1M7|DYHC_ASHGO	39.7	2034	1128	22	978907	984972	1133	3079	0.0	1505
JAEPRA010000001.1	sp|E1BNG3|ASCC3_BOVIN	43.7	1781	922	18	2016935	2011785	416	2179	0.0	1486
JAEPRA010000002.1	sp|O75533|SF3B1_HUMAN	78.9	870	175	6	248423	251020	358	1222	0.0	1309
JAEPRA010000002.1	sp|Q99NB9|SF3B1_MOUSE	78.9	870	175	6	248423	251020	358	1222	0.0	1309
JAEPRA010000002.1	sp|O57683|SF3B1_XENLA	75.7	942	210	8	248225	251020	293	1225	0.0	1308
JAEPRA010000002.1	sp|Q86C65|TOR_DICDI	36.0	2504	1175	33	214199	221443	74	2239	0.0	1243
JAEPRA010000002.1	sp|Q10178|SF3B1_SCHPO	60.0	1128	375	12	247658	251017	63	1122	0.0	1237
JAEPRA010000002.1	sp|Q9Y7K2|TOR2_SCHPO	35.2	2472	1257	24	214205	221464	61	2240	0.0	1233
JAEPRA010000002.1	sp|Q6GL04|TERA_XENTR	75.8	747	127	2	1994593	1992353	11	703	0.0	1130
JAEPRA010000002.1	sp|Q7ZU99|TERA_DANRE	75.6	747	128	2	1994593	1992353	11	703	0.0	1127
JAEPRA010000002.1	sp|P23787|TERA_XENLA	75.4	747	130	2	1994593	1992353	11	703	0.0	1127
JAEPRA010000002.1	sp|P55072|TERA_HUMAN	75.6	747	128	2	1994593	1992353	11	703	0.0	1124
JAEPRA010000002.1	sp|Q01853|TERA_MOUSE	75.6	747	128	2	1994593	1992353	11	703	0.0	1124
JAEPRA010000002.1	sp|P46462|TERA_RAT	75.6	747	128	2	1994593	1992353	11	703	0.0	1124
JAEPRA010000002.1	sp|Q3ZBT1|TERA_BOVIN	75.5	747	129	2	1994593	1992353	11	703	0.0	1122
JAEPRA010000002.1	sp|P03974|TERA_PIG	75.4	747	130	2	1994593	1992353	11	703	0.0	1121
JAEPRA010000002.1	sp|Q10490|SYLC_SCHPO	55.1	1039	417	9	164417	167524	23	1015	0.0	1118
JAEPRA010000002.1	sp|Q9P3A7|CDC48_SCHPO	75.0	753	133	3	1994611	1992353	25	722	0.0	1112
JAEPRA010000002.1	sp|Q5AWS6|CDC48_EMENI	71.6	785	164	5	1994593	1992245	32	759	0.0	1094
JAEPRA010000002.1	sp|P54609|CD48A_ARATH	73.0	759	149	4	1994620	1992347	6	709	0.0	1093
JAEPRA010000002.1	sp|Q9LZF6|CD48E_ARATH	70.6	790	172	4	1994620	1992251	6	735	0.0	1090
JAEPRA010000002.1	sp|P25694|CDC48_YEAST	73.1	754	147	3	1994608	1992353	14	713	0.0	1090
JAEPRA010000002.1	sp|P54774|CDC48_SOYBN	73.2	749	146	3	1994593	1992347	16	709	0.0	1087
JAEPRA010000002.1	sp|Q7KN62|TERA_DROME	73.0	747	148	2	1994593	1992353	8	700	0.0	1083
JAEPRA010000002.1	sp|Q9SCN8|CD48D_ARATH	72.1	749	154	3	1994593	1992347	16	709	0.0	1077
JAEPRA010000002.1	sp|P54811|TERA1_CAEEL	70.1	782	177	4	1994587	1992245	19	744	0.0	1070
JAEPRA010000002.1	sp|Q96372|CDC48_CAPAN	72.6	740	148	3	1994593	1992374	16	700	0.0	1067
JAEPRA010000011.1	sp|O94313|CARB_SCHPO	66.5	1120	322	9	1049963	1046616	86	1156	0.0	1423
JAEPRA010000011.1	sp|P46056|CARB_CUTCT	64.6	1126	340	14	1049966	1046616	74	1149	0.0	1367
JAEPRA010000011.1	sp|P03965|CARB_YEAST	62.0	1136	367	13	1049963	1046610	28	1116	0.0	1331
JAEPRA010000011.1	sp|Q75D66|CARB_ASHGO	59.2	1129	405	11	1049963	1046610	28	1111	0.0	1261
JAEPRA010000011.1	sp|Q06625|GDE_YEAST	44.9	1539	685	27	1025948	1030453	112	1524	0.0	1217
JAEPRA010000011.1	sp|Q09794|PYR1_SCHPO	55.9	1108	429	13	1049996	1046691	463	1516	0.0	1165
JAEPRA010000011.1	sp|O93937|PYR1_EMENI	56.1	1106	418	14	1049975	1046691	476	1524	0.0	1158
JAEPRA010000011.1	sp|P07259|PYR1_YEAST	56.0	1104	424	14	1049975	1046691	434	1484	0.0	1157
JAEPRA010000011.1	sp|P20054|PYR1_DICDI	54.8	1121	436	16	1049963	1046631	404	1463	0.0	1144
JAEPRA010000011.1	sp|P05990|PYR1_DROME	55.3	1117	423	15	1049987	1046691	396	1454	0.0	1137
JAEPRA010000011.1	sp|Q91437|PYR1_SQUAC	54.5	1104	432	15	1049957	1046691	398	1446	0.0	1117
JAEPRA010000011.1	sp|P27708|PYR1_HUMAN	54.1	1103	442	14	1049960	1046682	394	1442	0.0	1103
JAEPRA010000011.1	sp|Q18990|PYR1_CAEEL	52.3	1144	463	14	1050032	1046691	361	1451	0.0	1098
JAEPRA010000011.1	sp|B2RQC6|PYR1_MOUSE	53.9	1103	445	14	1049960	1046682	394	1442	0.0	1092
JAEPRA010000011.1	sp|P08955|PYR1_MESAU	53.8	1103	446	14	1049960	1046682	394	1442	0.0	1092
JAEPRA010000011.1	sp|P31327|CPSM_HUMAN	51.6	1117	467	17	1049969	1046676	420	1481	0.0	1084
JAEPRA010000011.1	sp|P07756|CPSM_RAT	51.6	1116	465	17	1049969	1046679	420	1479	0.0	1082
JAEPRA010000011.1	sp|Q8C196|CPSM_MOUSE	51.1	1117	472	16	1049969	1046676	420	1481	0.0	1082
JAEPRA010000011.1	sp|Q91293|CPSM_LITCT	51.7	1107	470	15	1049969	1046691	417	1472	0.0	1069
JAEPRA010000011.1	sp|A8BQB4|GDE_HORSE	38.0	1664	749	45	1025744	1030456	57	1530	4.18e-306	979
JAEPRA010000011.1	sp|Q2PQH8|GDE_CANLF	38.1	1624	740	43	1025867	1030456	78	1530	7.38e-302	966
JAEPRA010000011.1	sp|P35573|GDE_HUMAN	37.4	1622	754	42	1025867	1030456	78	1529	2.37e-299	959
JAEPRA010000011.1	sp|O14139|HRP3_SCHPO	44.8	1239	584	19	219451	215855	210	1388	2.41e-298	951
JAEPRA010000011.1	sp|P35574|GDE_RABIT	37.3	1621	757	39	1025867	1030456	101	1552	1.15e-296	952
JAEPRA010000011.1	sp|Q9US25|HRP1_SCHPO	49.0	1038	460	18	219469	216377	220	1195	1.27e-276	887
JAEPRA010000012.1	sp|Q869L3|MDN1_DICDI	46.3	2254	1008	36	368117	361863	321	2539	0.0	1889
JAEPRA010000012.1	sp|Q12019|MDN1_YEAST	47.8	2034	969	24	368159	362112	321	2280	0.0	1816
JAEPRA010000012.1	sp|O94248|MDN1_SCHPO	47.7	2016	958	31	368120	362103	176	2105	0.0	1735
JAEPRA010000012.1	sp|Q9NU22|MDN1_HUMAN	41.4	2501	1193	51	368111	360969	353	2705	0.0	1674
JAEPRA010000012.1	sp|A0A1P8AUY4|MDN1_ARATH	41.5	2155	1093	39	368114	361863	379	2436	0.0	1461
JAEPRA010000012.1	sp|Q8T673|ABCGL_DICDI	50.5	1478	669	13	51641	56035	21	1449	0.0	1427
JAEPRA010000012.1	sp|Q55DQ2|ABCGB_DICDI	51.6	1408	636	10	51851	56035	67	1442	0.0	1401
JAEPRA010000012.1	sp|Q55DR1|ABCGE_DICDI	51.0	1408	645	10	51851	56035	64	1439	0.0	1388
JAEPRA010000012.1	sp|Q8T675|ABCGJ_DICDI	50.4	1419	654	11	51821	56035	67	1449	0.0	1388
JAEPRA010000012.1	sp|Q8T683|ABCG9_DICDI	50.7	1415	652	9	51824	56035	69	1448	0.0	1381
JAEPRA010000012.1	sp|Q556W2|ABCGH_DICDI	49.5	1415	664	9	51851	56035	92	1476	0.0	1344
JAEPRA010000012.1	sp|Q54CG0|ABCGA_DICDI	49.3	1419	664	11	51842	56035	82	1466	0.0	1335
JAEPRA010000012.1	sp|Q55GB1|ABCGF_DICDI	49.1	1420	672	11	51830	56035	89	1475	0.0	1318
JAEPRA010000012.1	sp|O13395|CHS6_USTMA	58.4	855	340	7	147696	150239	51	896	0.0	1018
JAEPRA010000012.1	sp|J9VF17|CHS4_CRYNH	54.8	870	386	6	147663	150260	135	1001	3.48e-300	951
JAEPRA010000012.1	sp|Q4WDD4|ATRF_ASPFU	37.5	1506	814	25	51713	56023	67	1514	6.21e-285	917
JAEPRA010000012.1	sp|B8NDS8|ATRF_ASPFN	36.8	1489	836	26	51713	56023	65	1500	8.95e-282	908
JAEPRA010000012.1	sp|F2SHL1|MDR1_TRIRC	38.1	1435	805	19	51845	56032	123	1513	4.06e-281	907
JAEPRA010000012.1	sp|Q2TXA7|ATRA_ASPOR	36.6	1504	872	23	51623	56032	13	1469	4.70e-280	901
JAEPRA010000012.1	sp|F2PLH2|MDR1_TRIEC	38.0	1442	806	19	51845	56032	123	1522	2.20e-279	902
JAEPRA010000012.1	sp|F2RSQ6|MDR1_TRIT1	37.9	1442	807	19	51845	56032	123	1522	4.04e-279	901
JAEPRA010000012.1	sp|Q4WWW3|ATRI_ASPFU	37.2	1427	821	19	51845	56032	76	1458	6.08e-278	894
JAEPRA010000012.1	sp|A0A059J0G5|MDR1_TRIIM	37.8	1442	809	19	51845	56032	123	1522	6.27e-278	898
JAEPRA010000012.1	sp|A0A1U8QT10|ATRA_EMENI	37.0	1428	822	20	51845	56032	77	1459	1.98e-276	890
JAEPRA010000012.1	sp|Q8T5T1|MDN1_GIAIN	32.8	2129	1228	49	368105	362106	54	2108	3.18e-273	946
JAEPRA010000013.1	sp|Q9P7X8|RPA2_SCHPO	73.8	669	157	4	393871	391910	420	1085	0.0	1037
JAEPRA010000013.1	sp|P53914|NAT10_YEAST	57.5	910	327	13	94592	97300	167	1023	1.09e-303	952
JAEPRA010000013.1	sp|P87115|NAT10_SCHPO	58.4	891	304	9	94592	97258	167	992	1.98e-302	947
JAEPRA010000013.1	sp|Q75DS1|RPA2_ASHGO	69.1	657	200	3	393871	391910	437	1093	3.00e-299	945
JAEPRA010000013.1	sp|P22138|RPA2_YEAST	67.0	657	214	3	393871	391910	444	1100	1.28e-292	926
JAEPRA010000013.1	sp|O74633|RPA2_NEUCR	67.6	663	199	4	393856	391910	455	1115	1.03e-290	922
JAEPRA010000013.1	sp|Q9H0A0|NAT10_HUMAN	53.3	883	334	14	94592	97234	166	972	3.19e-270	854
JAEPRA010000013.1	sp|Q8K224|NAT10_MOUSE	51.1	941	376	16	94592	97408	166	1024	1.06e-267	847
JAEPRA010000013.1	sp|Q55EJ3|NAT10_DICDI	53.2	906	335	15	94592	97243	166	1004	1.72e-263	836
JAEPRA010000013.1	sp|Q01576|ACSA_PHYB8	65.8	585	130	4	89606	91351	16	533	4.91e-245	766
JAEPRA010000013.1	sp|P68362|TBA1A_CRIGR	75.5	473	73	3	411269	412678	19	451	2.98e-231	717
JAEPRA010000013.1	sp|Q71U36|TBA1A_HUMAN	75.5	473	73	3	411269	412678	19	451	2.98e-231	717
JAEPRA010000013.1	sp|P68369|TBA1A_MOUSE	75.5	473	73	3	411269	412678	19	451	2.98e-231	717
JAEPRA010000013.1	sp|A5A6J1|TBA1A_PANTR	75.5	473	73	3	411269	412678	19	451	2.98e-231	717
JAEPRA010000013.1	sp|P68370|TBA1A_RAT	75.5	473	73	3	411269	412678	19	451	2.98e-231	717
JAEPRA010000013.1	sp|P81947|TBA1B_BOVIN	75.3	473	74	3	411269	412678	19	451	7.54e-231	716
JAEPRA010000013.1	sp|P68361|TBA1B_CRIGR	75.3	473	74	3	411269	412678	19	451	7.54e-231	716
JAEPRA010000013.1	sp|P68363|TBA1B_HUMAN	75.3	473	74	3	411269	412678	19	451	7.54e-231	716
JAEPRA010000013.1	sp|Q4R538|TBA1B_MACFA	75.3	473	74	3	411269	412678	19	451	7.54e-231	716
JAEPRA010000013.1	sp|P68360|TBA1B_MERUN	75.3	473	74	3	411269	412678	19	451	7.54e-231	716
JAEPRA010000013.1	sp|P05213|TBA1B_MOUSE	75.3	473	74	3	411269	412678	19	451	7.54e-231	716
JAEPRA010000013.1	sp|Q2XVP4|TBA1B_PIG	75.3	473	74	3	411269	412678	19	451	7.54e-231	716
JAEPRA010000013.1	sp|Q6P9V9|TBA1B_RAT	75.3	473	74	3	411269	412678	19	451	7.54e-231	716
JAEPRA010000013.1	sp|Q28IX8|TBA_XENTR	75.5	473	71	4	411269	412678	19	449	9.53e-231	715
JAEPRA010000013.1	sp|P18288|TBAT_ONCMY	74.8	473	75	4	411269	412678	19	450	1.35e-230	715
JAEPRA010000014.1	sp|P0CN27|DPOE_CRYNB	43.9	2035	932	28	128545	134529	385	2249	0.0	1594
JAEPRA010000014.1	sp|P0CN26|DPOE_CRYNJ	43.9	2035	932	28	128545	134529	385	2249	0.0	1594
JAEPRA010000014.1	sp|Q4PFV5|DPOE_USTMA	42.8	2070	953	27	128548	134526	389	2303	0.0	1562
JAEPRA010000014.1	sp|O93845|DPOE_EMENI	41.6	2031	1001	25	128545	134529	326	2206	0.0	1475
JAEPRA010000014.1	sp|Q4WXH8|DPOE_ASPFU	41.4	2034	996	30	128545	134529	353	2229	0.0	1454
JAEPRA010000014.1	sp|Q07864|DPOE1_HUMAN	40.8	2082	1004	37	128542	134529	341	2280	0.0	1443
JAEPRA010000014.1	sp|Q9WVF7|DPOE1_MOUSE	40.3	2093	1000	36	128548	134532	343	2283	0.0	1437
JAEPRA010000014.1	sp|Q6BNG2|DPOE_DEBHA	39.6	2029	1010	34	128548	134514	369	2222	0.0	1391
JAEPRA010000014.1	sp|P87154|DPOE_SCHPO	40.2	2020	1014	27	128548	134526	344	2196	0.0	1379
JAEPRA010000014.1	sp|P21951|DPOE_YEAST	38.8	2037	1032	34	128545	134523	357	2222	0.0	1307
JAEPRA010000014.1	sp|Q9VCN1|DPOE1_DROME	38.0	2062	1043	33	128548	134529	341	2234	0.0	1283
JAEPRA010000014.1	sp|Q6FNY7|DPOE_CANGA	37.7	2011	1052	32	128545	134475	357	2201	0.0	1279
JAEPRA010000014.1	sp|Q6CUS7|DPOE_KLULA	38.3	2040	1017	36	128545	134514	334	2182	0.0	1274
JAEPRA010000014.1	sp|F4HW04|DPOE1_ARATH	36.5	2029	1064	33	128548	134523	315	2156	0.0	1212
JAEPRA010000014.1	sp|Q752B8|DPOE_ASHGO	37.9	2036	1028	38	128545	134511	331	2176	0.0	1212
JAEPRA010000014.1	sp|F4IFN6|DPOE2_ARATH	36.5	2026	1053	33	128548	134523	307	2133	0.0	1183
JAEPRA010000014.1	sp|Q54RD4|DPOE1_DICDI	33.8	2197	1085	45	128545	134514	340	2374	0.0	1109
JAEPRA010000014.1	sp|Q6C4J0|DPOE_YARLI	30.7	2047	1157	38	128545	134499	327	2173	2.60e-289	952
JAEPRA010000014.1	sp|P87144|SYTC_SCHPO	63.9	640	194	5	421058	422959	44	652	1.18e-275	856
JAEPRA010000014.1	sp|P04801|SYTC_YEAST	61.1	646	202	5	421064	422959	72	682	4.13e-263	821
JAEPRA010000014.1	sp|Q9D0R2|SYTC_MOUSE	59.3	634	219	5	421058	422956	77	672	5.29e-242	760
JAEPRA010000014.1	sp|Q5XHY5|SYTC_RAT	59.1	634	220	5	421058	422956	50	645	9.49e-242	758
JAEPRA010000014.1	sp|Q3ZBV8|SYTC_BOVIN	59.7	635	217	5	421055	422956	77	673	1.01e-241	759
JAEPRA010000014.1	sp|Q0V9S0|SYTC2_XENTR	60.1	631	213	5	421067	422956	172	764	1.11e-241	763
JAEPRA010000014.1	sp|P26639|SYTC_HUMAN	59.2	635	220	5	421055	422956	77	673	2.21e-240	755
JAEPRA010000015.1	sp|P78820|ACAC_SCHPO	56.2	2159	868	17	512311	518679	161	2277	0.0	2360
JAEPRA010000015.1	sp|Q00955|ACAC_YEAST	54.5	2139	899	20	512311	518676	151	2232	0.0	2210
JAEPRA010000015.1	sp|P11029|ACAC_CHICK	46.1	2180	1046	36	512311	518679	210	2316	0.0	1799
JAEPRA010000015.1	sp|E9Q4Z2|ACACB_MOUSE	46.2	2171	1051	29	512311	518685	342	2442	0.0	1798
JAEPRA010000015.1	sp|O00763|ACACB_HUMAN	46.0	2169	1055	28	512311	518679	352	2450	0.0	1794
JAEPRA010000015.1	sp|Q5SWU9|ACACA_MOUSE	45.6	2200	1049	38	512311	518679	209	2338	0.0	1788
JAEPRA010000015.1	sp|Q9TTS3|ACACA_BOVIN	45.8	2201	1044	37	512311	518679	210	2339	0.0	1786
JAEPRA010000015.1	sp|P11497|ACACA_RAT	45.7	2200	1047	38	512311	518679	209	2338	0.0	1785
JAEPRA010000015.1	sp|Q28559|ACACA_SHEEP	45.8	2201	1044	37	512311	518679	210	2339	0.0	1784
JAEPRA010000015.1	sp|Q13085|ACACA_HUMAN	45.6	2202	1046	39	512311	518679	210	2339	0.0	1780
JAEPRA010000015.1	sp|A6ZMR9|HFA1_YEAS7	45.6	2062	1025	24	512311	518442	227	2209	0.0	1715
JAEPRA010000015.1	sp|P32874|HFA1_YEAST	45.6	2062	1025	24	512311	518442	227	2209	0.0	1713
JAEPRA010000015.1	sp|C7GRE4|HFA1_YEAS2	45.4	2062	1028	24	512311	518442	227	2209	0.0	1712
JAEPRA010000015.1	sp|C8ZF72|HFA1_YEAS8	45.5	2062	1027	24	512311	518442	227	2209	0.0	1711
JAEPRA010000015.1	sp|B3LM95|HFA1_YEAS1	45.3	2062	1030	24	512311	518442	227	2209	0.0	1707
JAEPRA010000015.1	sp|Q54J08|ACAC_DICDI	41.8	2245	1107	42	512311	518676	109	2276	0.0	1545
JAEPRA010000015.1	sp|Q38970|ACC1_ARATH	40.2	2201	1152	48	512311	518667	129	2246	0.0	1423
JAEPRA010000015.1	sp|F4I1L3|ACC2_ARATH	39.7	2204	1157	49	512311	518667	231	2347	0.0	1412
JAEPRA010000015.1	sp|Q8S6N5|ACC1_ORYSJ	38.5	2211	1186	44	512311	518667	131	2259	0.0	1377
JAEPRA010000015.1	sp|B9FK36|ACC2_ORYSJ	39.0	2185	1181	41	512311	518676	227	2322	0.0	1364
JAEPRA010000015.1	sp|Q2TCH3|ACLY_SHEEP	57.0	1138	393	9	713338	716736	47	1093	0.0	1250
JAEPRA010000015.1	sp|P16638|ACLY_RAT	57.0	1137	394	9	713338	716736	47	1092	0.0	1250
JAEPRA010000015.1	sp|P53396|ACLY_HUMAN	56.8	1138	396	9	713338	716736	47	1093	0.0	1249
JAEPRA010000015.1	sp|Q91V92|ACLY_MOUSE	57.2	1138	381	10	713338	716736	47	1083	0.0	1248
JAEPRA010000015.1	sp|Q32PF2|ACLY_BOVIN	57.1	1134	388	11	713338	716736	47	1083	0.0	1244
JAEPRA010000016.1	sp|P15398|RPA1_SCHPO	55.7	1228	476	17	494427	490762	183	1348	0.0	1229
JAEPRA010000016.1	sp|P10964|RPA1_YEAST	50.5	1222	506	16	494352	490735	212	1350	0.0	1131
JAEPRA010000016.1	sp|O94489|EF3_SCHPO	54.4	1033	427	17	64249	61241	28	1046	0.0	1005
JAEPRA010000016.1	sp|O93796|EF3_CANGA	51.6	1003	452	12	64279	61343	12	1005	1.13e-298	937
JAEPRA010000016.1	sp|P25997|EF3_CANAL	54.4	929	397	10	64063	61343	88	1011	1.16e-297	934
JAEPRA010000016.1	sp|Q75EV6|EF3_ASHGO	51.1	1016	462	14	64315	61337	4	1007	2.81e-294	924
JAEPRA010000016.1	sp|P53978|EF3B_YEAST	50.6	1028	476	15	64315	61298	4	1021	1.13e-292	919
JAEPRA010000016.1	sp|P29551|EF3_PNECA	51.3	1001	452	13	64165	61235	53	1042	9.06e-292	917
JAEPRA010000016.1	sp|P16521|EF3A_YEAST	50.3	1003	467	14	64288	61343	13	1005	7.19e-290	911
JAEPRA010000016.1	sp|Q86H36|RPA1_DICDI	46.7	1020	458	13	493980	490966	281	1229	5.68e-263	855
JAEPRA010000016.1	sp|Q9Z2Q4|METH_RAT	37.8	1466	642	21	429068	424722	40	1252	1.76e-259	832
JAEPRA010000016.1	sp|A6H5Y3|METH_MOUSE	37.7	1469	639	22	429068	424722	40	1252	9.42e-258	827
JAEPRA010000016.1	sp|Q4JIJ3|METH_BOVIN	37.1	1473	642	21	429068	424722	53	1264	7.00e-252	810
JAEPRA010000016.1	sp|Q99707|METH_HUMAN	37.2	1468	647	22	429068	424722	53	1264	2.74e-250	806
JAEPRA010000016.1	sp|O95602|RPA1_HUMAN	42.4	1173	511	21	494004	490792	247	1356	2.02e-242	799
JAEPRA010000016.1	sp|O35134|RPA1_MOUSE	41.7	1191	526	23	494052	490792	237	1363	2.53e-242	798
JAEPRA010000016.1	sp|O54889|RPA1_RAT	42.3	1173	512	24	494004	490792	254	1363	9.27e-241	794
JAEPRA010000016.1	sp|Q09582|METH_CAEEL	36.4	1456	671	23	429068	424722	41	1248	5.69e-235	761
JAEPRA010000016.1	sp|O14134|ELF1_SCHPO	43.2	1001	522	14	64285	61370	18	1000	2.10e-233	749
JAEPRA010000016.1	sp|A8XY95|METH_CAEBR	35.6	1479	673	23	429068	424725	41	1271	3.03e-227	739
JAEPRA010000016.1	sp|Q54P92|METH_DICDI	35.5	1460	677	17	429068	424725	47	1254	1.49e-225	734
JAEPRA010000016.1	sp|Q08972|NEW1_YEAST	43.0	941	508	15	64189	61427	179	1111	7.14e-220	715
JAEPRA010000016.1	sp|Q9SVY0|NRPA1_ARATH	38.6	1231	582	25	494331	490783	201	1305	1.01e-218	728
JAEPRA010000016.1	sp|P91875|RPA1_DROME	39.5	1170	520	26	494007	490792	240	1319	7.92e-215	715
JAEPRA010000016.1	sp|P13009|METH_ECOLI	34.0	1455	685	21	429068	424725	39	1225	6.97e-195	643
JAEPRA010000017.1	sp|Q1DXU0|EIF3A_COCIM	51.4	734	323	6	86832	84733	90	823	2.85e-205	666
JAEPRA010000017.1	sp|Q4P358|EIF3A_USTMA	53.6	714	313	5	86832	84739	88	799	4.43e-203	659
JAEPRA010000017.1	sp|A1D4A7|EIF3A_NEOFI	55.2	734	295	5	86832	84733	90	823	1.17e-200	654
JAEPRA010000017.1	sp|Q0CUP6|EIF3A_ASPTN	53.8	734	305	5	86832	84733	90	823	1.77e-200	652
JAEPRA010000017.1	sp|A1CRE5|EIF3A_ASPCL	54.2	734	302	5	86832	84733	90	823	3.67e-200	652
JAEPRA010000017.1	sp|B0XP13|EIF3A_ASPFC	55.2	734	295	5	86832	84733	90	823	4.53e-200	652
JAEPRA010000017.1	sp|Q4WJQ1|EIF3A_ASPFU	55.2	734	295	5	86832	84733	90	823	4.53e-200	652
JAEPRA010000017.1	sp|Q2UKG6|EIF3A_ASPOR	53.4	734	308	5	86832	84733	90	823	2.61e-199	649
JAEPRA010000017.1	sp|Q5B9N7|EIF3A_EMENI	52.7	734	313	5	86832	84733	90	823	5.96e-199	648
JAEPRA010000017.1	sp|A4RM69|EIF3A_MAGO7	52.0	714	310	6	86832	84790	90	803	3.40e-198	647
JAEPRA010000017.1	sp|A2Q8I1|EIF3A_ASPNC	53.6	743	293	7	86832	84733	90	823	3.29e-196	640
JAEPRA010000017.1	sp|Q7RWT1|EIF3A_NEUCR	50.9	713	306	6	86832	84802	90	794	2.09e-192	630
JAEPRA010000017.1	sp|Q2H6G4|EIF3A_CHAGB	53.5	714	296	5	86832	84790	90	800	4.44e-187	614
JAEPRA010000017.1	sp|O94296|YOOC_SCHPO	48.5	655	232	7	412374	410410	629	1178	1.82e-174	584
JAEPRA010000017.1	sp|P39524|ATC3_YEAST	48.7	659	227	8	412371	410410	672	1224	2.20e-172	581
JAEPRA010000017.1	sp|O74760|EIF3A_SCHPO	46.1	720	371	4	86829	84670	90	792	2.34e-169	558
JAEPRA010000017.1	sp|Q6C161|EIF3A_YARLI	49.5	691	314	8	86829	84790	91	757	1.00e-144	487
JAEPRA010000017.1	sp|P26197|ACT2_ABSGL	96.9	226	7	0	40123	39446	32	257	1.36e-138	447
JAEPRA010000017.1	sp|P10990|ACT1_MESFR	94.2	226	13	0	40123	39446	31	256	5.50e-135	436
JAEPRA010000017.1	sp|P69004|ACT2_MESFR	94.2	226	13	0	40123	39446	31	256	5.50e-135	436
JAEPRA010000017.1	sp|Q07903|ACTC_STRPU	94.2	226	13	0	40123	39446	31	256	5.50e-135	436
JAEPRA010000017.1	sp|P69005|ACTD_STRPU	94.2	226	13	0	40123	39446	31	256	5.50e-135	436
JAEPRA010000017.1	sp|Q93131|ACTC_BRAFL	94.2	226	13	0	40123	39446	30	255	7.23e-135	436
JAEPRA010000017.1	sp|Q93129|ACTC_BRABE	94.2	226	13	0	40123	39446	30	255	9.85e-135	436
JAEPRA010000017.1	sp|P53474|ACTE_STRPU	93.8	226	14	0	40123	39446	31	256	1.02e-134	436
JAEPRA010000018.1	sp|O14228|PUR4_SCHPO	61.1	1036	382	11	39124	36050	297	1322	0.0	1247
JAEPRA010000018.1	sp|P38972|PUR4_YEAST	59.4	1042	392	14	39124	36050	330	1357	0.0	1189
JAEPRA010000018.1	sp|Q8DF81|PUR4_VIBVU	58.5	1028	395	14	39124	36059	292	1293	0.0	1165
JAEPRA010000018.1	sp|Q4KHS6|PUR4_PSEF5	58.1	1030	405	12	39124	36050	290	1297	0.0	1164
JAEPRA010000018.1	sp|Q7MN70|PUR4_VIBVY	58.2	1028	398	13	39124	36059	292	1293	0.0	1162
JAEPRA010000018.1	sp|Q9HXN2|PUR4_PSEAE	58.1	1031	405	11	39124	36047	290	1298	0.0	1162
JAEPRA010000018.1	sp|Q88P16|PUR4_PSEPK	58.8	1030	398	10	39124	36050	290	1298	0.0	1161
JAEPRA010000018.1	sp|Q4ZX02|PUR4_PSEU2	58.4	1031	400	12	39124	36050	290	1297	0.0	1158
JAEPRA010000018.1	sp|Q5E749|PUR4_ALIF1	57.8	1032	400	13	39124	36059	293	1299	0.0	1157
JAEPRA010000018.1	sp|Q87RW0|PUR4_VIBPA	57.8	1031	402	12	39124	36059	292	1298	0.0	1157
JAEPRA010000018.1	sp|Q3KHL4|PUR4_PSEPF	57.6	1030	410	11	39124	36050	290	1297	0.0	1156
JAEPRA010000018.1	sp|Q48LX3|PUR4_PSE14	58.4	1031	400	12	39124	36050	290	1297	0.0	1155
JAEPRA010000018.1	sp|Q886W6|PUR4_PSESM	58.4	1031	400	12	39124	36050	290	1297	0.0	1155
JAEPRA010000018.1	sp|Q7N1Z4|PUR4_PHOLL	57.8	1025	406	11	39124	36059	291	1291	0.0	1155
JAEPRA010000018.1	sp|Q1H2I8|PUR4_METFK	57.0	1029	409	12	39124	36050	293	1292	0.0	1154
JAEPRA010000018.1	sp|Q9KTN2|PUR4_VIBCH	57.2	1026	411	11	39124	36059	292	1293	0.0	1154
JAEPRA010000018.1	sp|Q2SK05|PUR4_HAHCH	57.9	1029	406	11	39124	36050	292	1297	0.0	1153
JAEPRA010000018.1	sp|Q5QWY0|PUR4_IDILO	57.8	1026	405	12	39124	36059	290	1291	0.0	1150
JAEPRA010000018.1	sp|Q2NS22|PUR4_SODGM	58.1	1027	399	11	39124	36059	291	1291	0.0	1150
JAEPRA010000018.1	sp|Q15R69|PUR4_PSEA6	57.1	1025	413	10	39124	36059	291	1291	0.0	1148
JAEPRA010000018.1	sp|Q8XA46|PUR4_ECO57	57.4	1025	409	11	39124	36059	292	1291	0.0	1148
JAEPRA010000018.1	sp|Q47XX7|PUR4_COLP3	57.4	1048	400	14	39124	36050	295	1319	0.0	1147
JAEPRA010000018.1	sp|Q32D15|PUR4_SHIDS	57.3	1025	410	11	39124	36059	292	1291	0.0	1147
JAEPRA010000018.1	sp|Q3YYZ8|PUR4_SHISS	57.3	1025	410	11	39124	36059	292	1291	0.0	1146
JAEPRA010000018.1	sp|P15254|PUR4_ECOLI	57.2	1025	411	11	39124	36059	292	1291	0.0	1145
JAEPRA010000019.1	sp|Q9HGM3|YTA12_SCHPO	72.2	515	134	4	265701	267233	117	626	2.47e-226	716
JAEPRA010000019.1	sp|Q9NFZ6|TBB2_ECHMU	75.2	419	76	1	101832	103088	30	420	1.12e-205	642
JAEPRA010000019.1	sp|P30883|TBB4_XENLA	75.2	419	76	1	101832	103088	30	420	2.45e-204	638
JAEPRA010000019.1	sp|Q24560|TBB1_DROME	74.9	419	77	1	101832	103088	30	420	2.64e-204	638
JAEPRA010000019.1	sp|Q27U48|TBB1_GLOMM	74.9	419	77	1	101832	103088	30	420	2.64e-204	638
JAEPRA010000019.1	sp|P11833|TBB_PARLI	75.2	419	76	1	101832	103088	30	420	2.64e-204	638
JAEPRA010000019.1	sp|Q3MHM5|TBB4B_BOVIN	74.9	419	77	1	101832	103088	30	420	3.34e-204	637
JAEPRA010000019.1	sp|P68371|TBB4B_HUMAN	74.9	419	77	1	101832	103088	30	420	3.34e-204	637
JAEPRA010000019.1	sp|P68372|TBB4B_MOUSE	74.9	419	77	1	101832	103088	30	420	3.34e-204	637
JAEPRA010000019.1	sp|Q6P9T8|TBB4B_RAT	74.7	419	78	1	101832	103088	30	420	1.57e-203	635
JAEPRA010000019.1	sp|O17449|TBB1_MANSE	74.5	419	79	1	101832	103088	30	420	1.69e-203	635
JAEPRA010000019.1	sp|Q91240|TBB_PSEAM	74.9	419	77	1	101832	103088	30	420	2.91e-203	635
JAEPRA010000019.1	sp|Q3ZBU7|TBB4A_BOVIN	74.2	419	80	1	101832	103088	30	420	3.82e-203	634
JAEPRA010000019.1	sp|P04350|TBB4A_HUMAN	74.2	419	80	1	101832	103088	30	420	3.82e-203	634
JAEPRA010000019.1	sp|Q4R4X8|TBB4A_MACFA	74.2	419	80	1	101832	103088	30	420	3.82e-203	634
JAEPRA010000019.1	sp|Q9D6F9|TBB4A_MOUSE	74.2	419	80	1	101832	103088	30	420	3.82e-203	634
JAEPRA010000019.1	sp|O44388|TBB_TRITR	74.7	419	78	1	101832	103088	30	420	5.20e-203	634
JAEPRA010000019.1	sp|P41937|TBB4_CAEEL	74.0	419	81	1	101832	103088	30	420	7.08e-203	634
JAEPRA010000019.1	sp|P02554|TBB_PIG	74.2	419	80	1	101832	103088	30	420	7.35e-203	634
JAEPRA010000019.1	sp|Q2T9S0|TBB3_BOVIN	74.0	419	81	1	101832	103088	30	420	1.20e-202	633
JAEPRA010000019.1	sp|Q13509|TBB3_HUMAN	74.0	419	81	1	101832	103088	30	420	1.20e-202	633
JAEPRA010000019.1	sp|Q60HC2|TBB3_MACFA	74.0	419	81	1	101832	103088	30	420	1.20e-202	633
JAEPRA010000019.1	sp|Q9ERD7|TBB3_MOUSE	74.0	419	81	1	101832	103088	30	420	1.20e-202	633
JAEPRA010000019.1	sp|Q4QRB4|TBB3_RAT	74.0	419	81	1	101832	103088	30	420	1.20e-202	633
JAEPRA010000019.1	sp|Q9YHC3|TBB1_GADMO	74.2	419	80	1	101832	103088	30	420	1.36e-202	633
JAEPRA010000020.1	sp|O94666|RPC1_SCHPO	58.3	924	355	6	196730	199498	109	1003	0.0	1081
JAEPRA010000020.1	sp|Q6BI69|RPC1_DEBHA	54.9	962	367	12	196730	199498	110	1043	0.0	1036
JAEPRA010000020.1	sp|P04051|RPC1_YEAST	55.0	968	363	12	196730	199501	110	1048	0.0	1026
JAEPRA010000020.1	sp|O94609|UBA1_SCHPO	48.2	1170	412	14	229432	232920	25	1007	8.35e-311	969
JAEPRA010000020.1	sp|Q86AQ5|RPC1_DICDI	52.2	927	399	11	196727	199486	109	998	1.60e-297	949
JAEPRA010000020.1	sp|Q29504|UBA1_RABIT	45.6	1185	437	14	229432	232929	60	1055	1.73e-296	930
JAEPRA010000020.1	sp|A3KMV5|UBA1_BOVIN	45.1	1185	442	14	229432	232929	60	1055	5.97e-294	922
JAEPRA010000020.1	sp|P22314|UBA1_HUMAN	45.3	1185	440	14	229432	232929	60	1055	2.78e-293	920
JAEPRA010000020.1	sp|Q02053|UBA1_MOUSE	45.2	1185	441	15	229432	232929	60	1055	4.42e-292	917
JAEPRA010000020.1	sp|Q02061|RPB2_SCHPO	47.9	1158	495	10	121227	117778	71	1128	4.99e-292	923
JAEPRA010000020.1	sp|Q5U300|UBA1_RAT	45.1	1185	443	14	229432	232929	60	1055	6.02e-292	917
JAEPRA010000020.1	sp|Q5ZL98|RPC1_CHICK	53.4	909	386	10	196727	199435	111	987	2.05e-291	929
JAEPRA010000020.1	sp|O14802|RPC1_HUMAN	53.5	909	385	10	196727	199435	111	987	5.14e-291	927
JAEPRA010000020.1	sp|A4IF62|RPC1_BOVIN	55.7	848	341	7	196727	199252	111	929	4.98e-287	916
JAEPRA010000020.1	sp|P22515|UBA1_YEAST	43.9	1206	467	18	229384	232938	5	1022	9.08e-286	897
JAEPRA010000020.1	sp|P31254|UBA1Y_MOUSE	43.8	1187	458	15	229432	232932	59	1056	1.34e-280	884
JAEPRA010000020.1	sp|P52495|UBA1_CANAW	53.6	883	302	12	230329	232938	232	1019	1.14e-279	880
JAEPRA010000020.1	sp|Q753Q4|RPB2_ASHGO	43.8	1186	502	10	121227	117778	80	1137	1.29e-273	870
JAEPRA010000020.1	sp|A5DHT2|RPB2_PICGU	45.3	1169	520	12	121221	117778	79	1148	3.17e-272	867
JAEPRA010000020.1	sp|P08518|RPB2_YEAST	43.8	1183	505	9	121227	117778	84	1139	2.93e-270	861
JAEPRA010000020.1	sp|Q6FLD5|RPB2_CANGA	43.6	1186	504	10	121227	117778	82	1138	8.25e-269	857
JAEPRA010000020.1	sp|Q42877|RPB2_SOLLC	43.1	1156	507	12	121215	117778	85	1099	1.30e-254	814
JAEPRA010000020.1	sp|Q55C16|UBA1_DICDI	50.0	878	331	16	230329	232929	234	1014	3.11e-252	800
JAEPRA010000020.1	sp|P38420|NRPB2_ARATH	42.8	1156	510	11	121215	117778	86	1100	6.26e-251	803
JAEPRA010000020.1	sp|Q54J75|RPB2_DICDI	42.6	1152	510	12	121215	117778	84	1090	1.22e-250	802
JAEPRA010000003.1	sp|P38811|TRA1_YEAST	38.6	2899	1588	45	643088	651556	384	3165	0.0	1846
JAEPRA010000003.1	sp|Q9HFE8|TRA1_SCHPO	35.9	2878	1601	38	643100	651556	404	3095	0.0	1677
JAEPRA010000003.1	sp|Q10064|YAMB_SCHPO	34.8	2849	1647	33	643094	651556	367	3033	0.0	1607
JAEPRA010000003.1	sp|Q4P9K9|CHS8_USTMA	46.2	1617	770	22	1689393	1694081	107	1677	0.0	1335
JAEPRA010000003.1	sp|Q9Y4A5|TRRAP_HUMAN	31.5	3016	1739	66	643100	651556	372	3263	0.0	1334
JAEPRA010000003.1	sp|A0A0R4ITC5|TRRAP_DANRE	31.9	2988	1731	68	643100	651556	372	3227	0.0	1305
JAEPRA010000003.1	sp|A5DI11|EF2_PICGU	71.9	907	187	4	1356697	1359417	4	842	0.0	1296
JAEPRA010000003.1	sp|Q6BJ25|EF2_DEBHA	71.1	907	194	4	1356697	1359417	4	842	0.0	1289
JAEPRA010000003.1	sp|Q5A0M4|EF2_CANAL	71.1	907	194	4	1356697	1359417	4	842	0.0	1283
JAEPRA010000003.1	sp|C4YJQ8|EF2_CANAW	71.1	907	194	4	1356697	1359417	4	842	0.0	1283
JAEPRA010000003.1	sp|Q874B9|EF2_PICPA	69.9	908	205	4	1356694	1359417	3	842	0.0	1276
JAEPRA010000003.1	sp|Q875S0|EF2_LACK1	70.3	907	201	4	1356697	1359417	4	842	0.0	1273
JAEPRA010000003.1	sp|Q6CPQ9|EF2_KLULA	69.7	907	207	4	1356697	1359417	4	842	0.0	1272
JAEPRA010000003.1	sp|P32324|EF2_YEAST	69.9	907	205	4	1356697	1359417	4	842	0.0	1271
JAEPRA010000003.1	sp|J9VNT4|CHS5_CRYNH	45.9	1611	757	26	1689393	1694081	121	1665	0.0	1270
JAEPRA010000003.1	sp|Q6FYA7|EF2_CANGA	69.6	907	208	4	1356697	1359417	4	842	0.0	1265
JAEPRA010000003.1	sp|Q754C8|EF2_ASHGO	69.6	907	208	4	1356697	1359417	4	842	0.0	1265
JAEPRA010000003.1	sp|Q96X45|EF2_NEUCR	69.4	909	210	4	1356694	1359417	3	844	0.0	1263
JAEPRA010000003.1	sp|O14460|EF2_SCHPO	68.9	907	214	4	1356697	1359417	4	842	0.0	1257
JAEPRA010000003.1	sp|Q875Z2|EF2_NAUCC	69.2	907	211	3	1356697	1359417	4	842	0.0	1257
JAEPRA010000003.1	sp|Q8I8U7|TRA1_DROME	30.2	2986	1730	75	643100	651556	365	3161	0.0	1181
JAEPRA010000003.1	sp|P29691|EF2_CAEEL	64.5	915	253	8	1356694	1359417	3	852	0.0	1161
JAEPRA010000003.1	sp|Q1HPK6|EF2_BOMMO	64.2	910	256	6	1356694	1359417	3	844	0.0	1159
JAEPRA010000003.1	sp|P13060|EF2_DROME	63.7	910	260	6	1356694	1359417	3	844	0.0	1158
JAEPRA010000003.1	sp|Q3SYU2|EF2_BOVIN	62.8	924	260	5	1356694	1359417	3	858	0.0	1153
JAEPRA010000021.1	sp|P87073|CHS1_PHYB8	64.7	658	158	5	27375	29348	258	841	2.70e-270	845
JAEPRA010000021.1	sp|A2QCJ2|LONM_ASPNC	69.0	638	157	6	15778	13877	313	913	1.02e-256	817
JAEPRA010000021.1	sp|P30595|CHS2_RHIOL	61.8	659	177	6	27375	29348	274	858	1.16e-256	806
JAEPRA010000021.1	sp|Q5AZT7|LONM_EMENI	68.7	629	156	5	15754	13877	316	906	1.88e-250	798
JAEPRA010000021.1	sp|P30594|CHS1_RHIOL	61.3	662	177	7	27375	29348	272	858	7.63e-250	786
JAEPRA010000021.1	sp|Q4X0Z7|LONM_ASPFU	70.4	604	145	3	15688	13877	341	910	4.55e-247	789
JAEPRA010000021.1	sp|Q7S8C4|LONM_NEUCR	69.1	606	156	3	15688	13877	330	906	2.75e-244	781
JAEPRA010000021.1	sp|P07251|ATPA_YEAST	80.1	448	89	0	146617	145274	98	545	2.09e-228	711
JAEPRA010000021.1	sp|P49375|ATPA_KLULA	80.1	448	89	0	146617	145274	101	548	2.75e-227	708
JAEPRA010000021.1	sp|P0CQ17|LONM_CRYNB	64.7	601	175	6	15661	13877	341	910	4.91e-227	731
JAEPRA010000021.1	sp|P0CQ16|LONM_CRYNJ	64.7	601	175	6	15661	13877	341	910	9.05e-227	730
JAEPRA010000021.1	sp|P37211|ATPA_NEUCR	78.4	449	97	0	146617	145271	102	550	1.06e-226	706
JAEPRA010000021.1	sp|C0HK51|ATPA_PICAN	78.6	448	96	0	146617	145274	63	510	6.12e-225	699
JAEPRA010000021.1	sp|P24487|ATPA_SCHPO	77.9	448	99	0	146617	145274	89	536	4.74e-223	695
JAEPRA010000021.1	sp|Q6C326|ATPA_YARLI	77.5	448	101	0	146617	145274	87	534	1.72e-218	682
JAEPRA010000021.1	sp|P19483|ATPA_BOVIN	75.9	448	108	0	146617	145274	104	551	2.08e-215	674
JAEPRA010000021.1	sp|Q03265|ATPA_MOUSE	75.9	448	108	0	146617	145274	104	551	2.84e-215	674
JAEPRA010000021.1	sp|P80021|ATPA_PIG	75.9	448	108	0	146617	145274	104	551	7.16e-215	672
JAEPRA010000021.1	sp|Q5R546|ATPA_PONAB	75.9	448	108	0	146617	145274	104	551	7.16e-215	672
JAEPRA010000021.1	sp|P15999|ATPA_RAT	75.9	448	108	0	146617	145274	104	551	7.16e-215	672
JAEPRA010000021.1	sp|P25705|ATPA_HUMAN	75.9	448	108	0	146617	145274	104	551	9.76e-215	672
JAEPRA010000021.1	sp|A5A6H5|ATPA_PANTR	75.9	448	108	0	146617	145274	104	551	9.76e-215	672
JAEPRA010000021.1	sp|Q6CNR9|LONM_KLULA	61.5	610	197	9	15688	13877	337	914	1.16e-213	692
JAEPRA010000021.1	sp|P35381|ATPA_DROME	74.3	448	115	0	146617	145274	103	550	8.59e-210	658
JAEPRA010000021.1	sp|C3M9S3|ATPA_SINFN	73.2	448	120	0	146617	145274	61	508	5.41e-209	654
JAEPRA010000022.1	sp|O36033|YLM1_SCHPO	37.6	769	411	12	74765	72645	56	817	1.58e-151	501
JAEPRA010000022.1	sp|Q4IBS9|BRO1_GIBZE	40.7	691	354	8	96557	94503	80	720	2.31e-137	466
JAEPRA010000022.1	sp|Q8LQJ8|FTSH5_ORYSJ	59.8	378	122	2	111636	112769	184	531	7.43e-132	440
JAEPRA010000022.1	sp|Q7SAN9|BRO1_NEUCR	39.5	692	360	9	96557	94503	80	719	1.57e-131	449
JAEPRA010000022.1	sp|O80983|FTSH4_ARATH	59.3	378	124	2	111636	112769	181	528	4.94e-131	437
JAEPRA010000022.1	sp|Q8LQJ9|FTSH4_ORYSJ	59.5	378	123	2	111636	112769	177	524	3.32e-130	435
JAEPRA010000022.1	sp|P32795|YME1_YEAST	64.2	352	100	1	111711	112766	256	581	3.43e-129	433
JAEPRA010000022.1	sp|O59824|YME1_SCHPO	59.7	385	123	3	111633	112769	214	572	7.07e-129	431
JAEPRA010000022.1	sp|Q4PHA8|BRO1_USTMA	39.5	693	359	9	96509	94500	94	749	2.70e-123	427
JAEPRA010000022.1	sp|C8V212|BRO1_EMENI	38.8	696	365	11	96557	94503	80	725	2.92e-120	416
JAEPRA010000022.1	sp|Q4X0Z5|BRO1_ASPFU	38.0	697	353	11	96557	94500	80	708	1.25e-117	407
JAEPRA010000022.1	sp|Q9FGM0|FTSHB_ARATH	60.2	329	104	2	111783	112769	361	662	1.53e-113	390
JAEPRA010000022.1	sp|O88967|YMEL1_MOUSE	56.8	345	122	2	111732	112763	263	581	4.14e-110	377
JAEPRA010000022.1	sp|A2ZVG7|FTSH9_ORYSJ	58.1	344	102	3	111783	112769	327	643	2.61e-109	377
JAEPRA010000022.1	sp|Q96TA2|YMEL1_HUMAN	56.8	345	122	2	111732	112763	321	639	2.66e-109	376
JAEPRA010000022.1	sp|Q1LLA9|FTSH_CUPMC	58.9	338	110	2	111765	112769	163	474	1.58e-108	370
JAEPRA010000022.1	sp|Q925S8|YMEL1_RAT	56.5	345	123	2	111732	112763	263	581	1.60e-108	372
JAEPRA010000022.1	sp|B8H444|FTSH_CAUVN	57.7	336	113	2	111777	112775	148	457	2.34e-107	365
JAEPRA010000022.1	sp|C8WEG0|FTSH_ZYMMN	56.8	336	112	3	111777	112769	176	483	1.21e-106	365
JAEPRA010000022.1	sp|Q4UN68|FTSH_RICFE	56.6	334	116	2	111777	112769	152	459	1.86e-104	357
JAEPRA010000022.1	sp|C1F8X6|FTSH_ACIC5	56.1	335	118	2	111768	112763	150	458	2.82e-104	357
JAEPRA010000022.1	sp|Q92JJ9|FTSH_RICCN	56.3	334	117	2	111777	112769	152	459	3.62e-104	357
JAEPRA010000022.1	sp|P71377|FTSH_HAEIN	49.7	392	164	4	111609	112769	92	455	4.64e-104	356
JAEPRA010000022.1	sp|Q9ZEA2|FTSH_RICPR	56.3	334	117	2	111777	112769	152	459	4.91e-104	356
JAEPRA010000022.1	sp|Q68XR9|FTSH_RICTY	56.3	334	117	2	111777	112769	152	459	4.91e-104	356
JAEPRA010000023.1	sp|Q9HGN1|GCN2_SCHPO	33.7	1126	572	29	82532	85846	264	1236	1.80e-149	518
JAEPRA010000023.1	sp|P15442|GCN2_YEAST	31.1	1183	638	37	82430	85846	247	1296	2.59e-121	434
JAEPRA010000023.1	sp|Q9QZ05|E2AK4_MOUSE	30.6	1099	606	34	82667	85846	338	1318	1.11e-101	372
JAEPRA010000023.1	sp|D4A7V9|E2AK4_RAT	30.6	1098	607	34	82667	85846	339	1319	2.60e-101	371
JAEPRA010000023.1	sp|Q9P2K8|E2AK4_HUMAN	30.8	1095	609	36	82667	85846	339	1319	4.57e-101	370
JAEPRA010000023.1	sp|Q96RR1|PEO1_HUMAN	37.4	570	293	12	47689	49383	99	609	1.29e-89	316
JAEPRA010000023.1	sp|Q8CIW5|PEO1_MOUSE	36.0	586	279	14	47689	49383	100	610	2.58e-86	306
JAEPRA010000023.1	sp|Q8RD35|MURQ_CALS4	52.1	303	132	1	145648	144740	6	295	3.25e-86	292
JAEPRA010000023.1	sp|Q5ZIW1|PEO1_CHICK	44.0	402	182	7	48190	49383	253	615	1.45e-85	303
JAEPRA010000023.1	sp|B0K1N2|MURQ_THEPX	52.5	303	131	1	145648	144740	6	295	4.58e-85	288
JAEPRA010000023.1	sp|Q558U1|IFKA_DICDI	30.1	955	423	25	83618	85846	888	1809	7.20e-85	321
JAEPRA010000023.1	sp|Q82GH3|MURQ_STRAW	51.8	311	137	1	145672	144740	9	306	1.18e-82	282
JAEPRA010000023.1	sp|Q550L8|IFKB_DICDI	35.8	589	326	15	84164	85846	345	909	1.38e-82	309
JAEPRA010000023.1	sp|Q7UNL6|MURQ_RHOBA	50.5	281	126	1	145657	144815	5	272	2.26e-80	275
JAEPRA010000023.1	sp|Q2JMP1|MURQ_SYNJB	50.7	302	136	1	145642	144737	9	297	6.09e-80	274
JAEPRA010000023.1	sp|Q6LL16|MURQ_PHOPR	49.7	306	141	1	145657	144740	5	297	3.51e-79	271
JAEPRA010000023.1	sp|Q9KXT4|MURQ_STRCO	50.3	310	141	1	145669	144740	10	306	6.65e-79	271
JAEPRA010000023.1	sp|B7VJM5|MURQ_VIBA3	49.4	316	147	1	145684	144737	1	303	1.05e-78	270
JAEPRA010000023.1	sp|A6LUQ7|MURQ_CLOB8	50.2	305	139	2	145648	144734	9	300	4.58e-78	268
JAEPRA010000023.1	sp|B7LKK7|MURQ_ESCF3	49.3	304	141	1	145642	144731	8	298	1.76e-77	266
JAEPRA010000023.1	sp|Q5E5T7|MURQ_ALIF1	48.2	309	147	1	145657	144731	5	300	2.56e-77	266
JAEPRA010000023.1	sp|B5FDJ8|MURQ_ALIFM	48.2	309	147	1	145657	144731	5	300	2.56e-77	266
JAEPRA010000023.1	sp|B6EJZ8|MURQ_ALISL	48.7	306	144	1	145657	144740	5	297	2.56e-77	266
JAEPRA010000023.1	sp|B7MHT0|MURQ_ECO45	49.3	304	141	1	145642	144731	8	298	3.26e-77	266
JAEPRA010000023.1	sp|A1ADU3|MURQ_ECOK1	49.3	304	141	1	145642	144731	8	298	3.26e-77	266
JAEPRA010000024.1	sp|B0D6H2|ARO1_LACBS	50.5	1430	629	24	55319	51135	200	1585	0.0	1300
JAEPRA010000024.1	sp|B6JVD0|ARO1_SCHJY	49.3	1419	646	19	55319	51144	198	1569	0.0	1258
JAEPRA010000024.1	sp|A8NMB4|ARO1_COPC7	48.6	1493	654	31	55319	51114	204	1674	0.0	1256
JAEPRA010000024.1	sp|Q9P7R0|ARO1_SCHPO	47.4	1420	679	19	55319	51126	198	1571	0.0	1252
JAEPRA010000024.1	sp|P0CM23|ARO1_CRYNB	49.3	1442	660	25	55319	51114	199	1609	0.0	1241
JAEPRA010000024.1	sp|P0CM22|ARO1_CRYNJ	49.3	1442	660	25	55319	51114	199	1609	0.0	1241
JAEPRA010000024.1	sp|B8M0U4|ARO1_TALSN	48.8	1407	650	18	55319	51165	200	1558	0.0	1231
JAEPRA010000024.1	sp|Q8J294|ARO1_THACU	48.1	1446	675	28	55319	51111	203	1615	0.0	1231
JAEPRA010000024.1	sp|B8N4Q9|ARO1_ASPFN	48.9	1411	649	17	55319	51165	198	1562	0.0	1227
JAEPRA010000024.1	sp|Q4P8F6|ARO1_USTMA	47.2	1497	678	26	55319	51126	227	1710	0.0	1226
JAEPRA010000024.1	sp|B6QCA7|ARO12_TALMQ	48.6	1403	656	19	55319	51165	196	1551	0.0	1224
JAEPRA010000024.1	sp|A1D244|ARO1_NEOFI	48.5	1412	654	19	55319	51165	198	1563	0.0	1224
JAEPRA010000024.1	sp|B6HAA7|ARO1_PENRW	48.2	1412	660	19	55319	51165	198	1565	0.0	1221
JAEPRA010000024.1	sp|A1CP85|ARO1_ASPCL	48.3	1416	656	19	55319	51165	198	1568	0.0	1220
JAEPRA010000024.1	sp|Q2UCP6|ARO1_ASPOR	48.9	1406	647	17	55319	51180	198	1557	0.0	1219
JAEPRA010000024.1	sp|B0XRM8|ARO1_ASPFC	48.5	1407	652	19	55319	51180	198	1558	0.0	1216
JAEPRA010000024.1	sp|Q0D0F3|ARO1_ASPTN	48.5	1411	655	20	55319	51165	198	1563	0.0	1216
JAEPRA010000024.1	sp|Q4WS76|ARO1_ASPFU	48.5	1407	652	19	55319	51180	198	1558	0.0	1216
JAEPRA010000024.1	sp|C4JYG6|ARO1_UNCRE	48.4	1414	653	19	55319	51165	195	1560	0.0	1216
JAEPRA010000024.1	sp|C5PA86|ARO1_COCP7	48.1	1415	659	18	55319	51165	198	1567	0.0	1215
JAEPRA010000024.1	sp|B6QWH9|ARO11_TALMQ	48.0	1405	663	19	55319	51165	196	1553	0.0	1207
JAEPRA010000024.1	sp|C6HCG7|ARO1_AJECH	47.3	1417	673	18	55319	51165	198	1572	0.0	1204
JAEPRA010000024.1	sp|P07547|ARO1_EMENI	47.7	1422	653	20	55319	51165	198	1566	0.0	1202
JAEPRA010000024.1	sp|C0NL63|ARO1_AJECG	47.1	1417	675	18	55319	51165	198	1572	0.0	1201
JAEPRA010000024.1	sp|A7F7H0|ARO1_SCLS1	47.7	1413	661	20	55319	51156	201	1560	0.0	1198
JAEPRA010000025.1	sp|Q7Z9I0|YHA8_SCHPO	52.4	511	228	7	32045	33556	48	550	3.25e-148	480
JAEPRA010000025.1	sp|Q6FQ03|TPO3_CANGA	53.3	450	207	2	32198	33538	165	614	1.45e-140	461
JAEPRA010000025.1	sp|Q06451|TPO3_YEAST	51.8	450	214	2	32198	33538	159	608	9.66e-138	452
JAEPRA010000025.1	sp|P53283|TPO2_YEAST	52.1	428	202	2	32264	33538	172	599	8.75e-131	432
JAEPRA010000025.1	sp|Q59RG0|NAG4_CANAL	47.9	463	230	5	32198	33556	112	573	3.61e-120	400
JAEPRA010000025.1	sp|Q96TJ5|RLA0_NEUCR	67.8	273	88	0	34811	33993	8	280	1.81e-115	375
JAEPRA010000025.1	sp|A0A1D8PQG0|NAG3_CANAL	46.0	463	239	5	32198	33556	94	555	3.57e-114	382
JAEPRA010000025.1	sp|Q9C3Z6|RLA0_PODAS	67.4	270	88	0	34811	34002	8	277	1.42e-113	370
JAEPRA010000025.1	sp|Q4WS70|MDRA_ASPFU	44.7	461	247	4	32201	33562	54	513	6.68e-113	380
JAEPRA010000025.1	sp|F2T0J9|MFS2_TRIRC	45.3	461	246	3	32198	33562	49	509	1.82e-109	370
JAEPRA010000025.1	sp|P05317|RLA0_YEAST	64.3	308	107	1	34820	33906	5	312	4.20e-108	354
JAEPRA010000025.1	sp|Q13630|FCL_HUMAN	52.9	359	77	5	29091	30167	55	321	1.98e-107	353
JAEPRA010000025.1	sp|Q5RBE5|FCL_PONAB	52.9	359	77	5	29091	30167	55	321	5.00e-107	352
JAEPRA010000025.1	sp|Q8K3X2|FCL_CRIGR	52.6	359	78	5	29091	30167	55	321	1.72e-106	350
JAEPRA010000025.1	sp|P23591|FCL_MOUSE	51.8	359	81	5	29091	30167	55	321	2.77e-105	347
JAEPRA010000025.1	sp|A0A161CLJ6|MRR1_MONRU	43.8	459	249	8	32198	33550	37	494	5.20e-105	353
JAEPRA010000025.1	sp|Q55C77|FCL_DICDI	50.0	362	89	4	29082	30167	51	320	8.23e-102	337
JAEPRA010000025.1	sp|O74864|RLA0_SCHPO	60.7	308	118	1	34820	33906	5	312	1.58e-101	335
JAEPRA010000025.1	sp|A0A0D2YFZ8|FUB11_FUSO4	41.4	469	263	6	32183	33562	73	538	7.45e-101	345
JAEPRA010000025.1	sp|A0A0B5EMG9|FUB11_FUSOX	41.4	469	263	6	32183	33562	73	538	7.45e-101	345
JAEPRA010000025.1	sp|W7N2B4|FUB11_GIBM7	41.2	469	264	6	32183	33562	73	538	7.45e-101	345
JAEPRA010000025.1	sp|A0A5C1RGE8|ASC6_DIDFA	41.0	463	263	6	32189	33550	51	512	1.23e-100	341
JAEPRA010000025.1	sp|Q1ERH8|CTNC_MONPU	41.6	481	250	9	32198	33550	37	516	2.98e-99	337
JAEPRA010000025.1	sp|Q2TXG1|ORYN_ASPOR	42.4	458	256	7	32198	33556	48	502	6.26e-99	336
JAEPRA010000025.1	sp|G5EER4|FCL_CAEEL	48.1	362	96	4	29082	30167	46	315	3.44e-97	323
JAEPRA010000026.1	sp|Q9C102|GLT1_SCHPO	65.9	1845	579	9	35071	29570	304	2108	0.0	2467
JAEPRA010000026.1	sp|Q12680|GLT1_YEAST	58.9	1885	685	16	35071	29564	292	2136	0.0	2152
JAEPRA010000026.1	sp|Q0JKD0|GLT1_ORYSJ	57.6	1886	706	20	35071	29528	337	2167	0.0	2103
JAEPRA010000026.1	sp|Q03460|GLSN_MEDSA	56.6	1875	708	17	35071	29618	336	2162	0.0	2077
JAEPRA010000026.1	sp|Q0DG35|GLT2_ORYSJ	56.9	1889	730	20	35071	29528	344	2188	0.0	2076
JAEPRA010000026.1	sp|Q9LV03|GLUT1_ARATH	56.2	1869	728	18	35071	29618	354	2183	0.0	2065
JAEPRA010000026.1	sp|P55037|GLTB_SYNY3	51.4	1298	577	12	35071	31187	276	1522	0.0	1256
JAEPRA010000026.1	sp|P96218|GLTB_MYCTU	48.9	1302	607	10	35071	31202	250	1505	0.0	1166
JAEPRA010000026.1	sp|P39812|GLTA_BACSU	48.0	1306	595	19	35089	31205	246	1478	0.0	1154
JAEPRA010000026.1	sp|Q01877|HSP71_PUCGR	78.7	682	100	1	20400	22445	12	648	0.0	988
JAEPRA010000026.1	sp|Q96W30|HSP72_PARBA	77.5	648	100	2	20400	22340	12	614	9.23e-318	971
JAEPRA010000026.1	sp|Q43155|GLTB_SPIOL	44.3	1317	641	20	35071	31226	233	1491	1.94e-316	1004
JAEPRA010000026.1	sp|P55038|GLTS_SYNY3	43.9	1335	640	21	35086	31226	259	1532	4.72e-316	1005
JAEPRA010000026.1	sp|Q01233|HSP70_NEUCR	75.3	683	120	3	20400	22445	12	646	8.25e-315	962
JAEPRA010000026.1	sp|P09831|GLTB_ECOLI	43.6	1285	661	16	35071	31226	239	1462	1.57e-313	995
JAEPRA010000026.1	sp|J9VZ70|HSP71_CRYNH	77.7	647	97	2	20400	22340	12	611	4.09e-313	957
JAEPRA010000026.1	sp|O59855|HSP72_SCHPO	76.8	682	112	2	20400	22445	12	647	1.20e-312	956
JAEPRA010000026.1	sp|P48720|HSP70_BLAEM	74.9	682	122	3	20400	22445	17	649	1.76e-312	956
JAEPRA010000026.1	sp|F5HB71|HSP71_CRYNB	77.4	647	99	2	20400	22340	12	611	2.33e-312	955
JAEPRA010000026.1	sp|Q5KKP4|HSP71_CRYNJ	77.4	647	99	2	20400	22340	12	611	2.33e-312	955
JAEPRA010000026.1	sp|Q05755|GLTB_AZOBR	44.7	1285	655	13	35071	31220	268	1497	5.99e-312	991
JAEPRA010000026.1	sp|O93866|HSP70_TRIRU	76.1	648	109	2	20400	22340	12	614	7.31e-312	954
JAEPRA010000026.1	sp|P51375|GLTB_PORPU	42.8	1319	651	17	35071	31226	265	1517	1.64e-311	991
JAEPRA010000026.1	sp|Q5B2V1|HSP70_EMENI	75.9	648	107	4	20400	22340	12	611	5.17e-310	949
JAEPRA010000026.1	sp|Q10265|HSP71_SCHPO	76.7	648	106	1	20400	22343	12	614	5.17e-310	949
JAEPRA010000027.1	sp|Q9P7Q4|SEC18_SCHPO	44.6	426	163	6	49723	50997	157	510	9.63e-92	324
JAEPRA010000027.1	sp|P18759|SEC18_YEAST	41.4	430	174	6	49711	50997	128	480	5.09e-85	303
JAEPRA010000027.1	sp|Q75JI3|NSF_DICDI	43.3	404	146	5	49780	50991	141	461	1.81e-79	286
JAEPRA010000027.1	sp|Q0DGP6|NSF_ORYSJ	42.4	406	153	5	49780	50997	135	459	4.07e-78	282
JAEPRA010000027.1	sp|P18708|NSF_CRIGR	41.0	427	179	6	49723	51000	106	460	1.02e-77	281
JAEPRA010000027.1	sp|P46460|NSF_MOUSE	41.0	427	179	6	49723	51000	106	460	1.02e-77	281
JAEPRA010000027.1	sp|Q9QUL6|NSF_RAT	40.7	427	180	6	49723	51000	106	460	4.58e-77	279
JAEPRA010000027.1	sp|P46459|NSF_HUMAN	40.7	427	180	6	49723	51000	106	460	8.34e-77	278
JAEPRA010000027.1	sp|Q5R410|NSF_PONAB	40.7	427	180	6	49723	51000	106	460	8.34e-77	278
JAEPRA010000027.1	sp|P20825|POL2_DROME	26.8	999	602	26	7593	10295	18	985	2.89e-76	284
JAEPRA010000027.1	sp|Q9M0Y8|NSF_ARATH	39.9	406	163	4	49780	50997	132	456	1.30e-74	272
JAEPRA010000027.1	sp|Q8I7P9|POL5_DROME	26.1	932	569	26	7782	10292	20	926	1.09e-73	275
JAEPRA010000027.1	sp|P34732|SEC18_CANAX	38.4	438	181	10	49723	50994	154	516	3.20e-72	266
JAEPRA010000027.1	sp|Q94392|NSF_CAEEL	40.2	413	174	6	49780	50994	188	535	4.41e-71	263
JAEPRA010000027.1	sp|P46461|NSF1_DROME	39.7	406	172	6	49780	50994	125	458	3.37e-67	250
JAEPRA010000027.1	sp|P54351|NSF2_DROME	39.4	406	172	6	49780	50994	131	463	1.01e-65	246
JAEPRA010000027.1	sp|Q6CCB0|SSN3_YARLI	49.0	206	65	2	39277	39894	190	355	1.12e-47	183
JAEPRA010000027.1	sp|Q1EBK0|SSN3_COCIM	47.2	212	70	2	39277	39879	228	408	2.02e-44	175
JAEPRA010000027.1	sp|Q6BM25|SSN3_DEBHA	49.0	208	66	3	39277	39894	254	423	7.50e-44	174
JAEPRA010000027.1	sp|A2QU77|SSN3_ASPNC	48.3	205	80	2	39277	39882	189	370	9.28e-44	172
JAEPRA010000027.1	sp|Q2UC58|SSN3_ASPOR	48.8	205	79	3	39277	39882	175	356	1.23e-43	171
JAEPRA010000027.1	sp|Q0CQK1|SSN3_ASPTN	48.3	205	79	2	39277	39882	198	378	2.04e-43	171
JAEPRA010000027.1	sp|Q0TWJ7|SSN3_PHANO	47.4	211	85	3	39277	39897	202	390	8.15e-43	170
JAEPRA010000027.1	sp|Q5AHK2|SSN3_CANAL	48.3	211	67	3	39277	39894	324	497	9.01e-43	174
JAEPRA010000027.1	sp|A3LUB9|SSN3_PICST	46.6	208	71	3	39277	39894	191	360	1.54e-42	169
JAEPRA010000028.1	sp|B6H6L7|PCEST_PENRW	73.1	401	106	2	24737	25939	1	399	2.58e-191	596
JAEPRA010000028.1	sp|A0A2I6PIZ1|NODX_HYPPI	45.7	346	178	6	28187	29212	8	347	2.19e-76	273
JAEPRA010000028.1	sp|A0A482NAR8|ICCG_TALVA	40.6	352	186	9	17679	18677	1	348	8.62e-67	238
JAEPRA010000028.1	sp|Q9Y7D1|LOVD_ASPTE	37.1	404	228	7	24737	25909	17	407	4.65e-60	219
JAEPRA010000028.1	sp|Q0C8M0|LOVD_ASPTN	37.1	404	228	7	24737	25909	17	407	4.65e-60	219
JAEPRA010000028.1	sp|Q3S2U2|MOKF_MONPI	36.5	395	231	7	24641	25804	12	393	1.34e-58	215
JAEPRA010000028.1	sp|Q8J0G0|MLCH_PENCI	34.2	407	249	8	24716	25909	15	411	6.87e-56	207
JAEPRA010000028.1	sp|Q6UEF0|NADA_ASPPU	32.5	369	233	6	17727	18791	27	393	4.69e-50	191
JAEPRA010000028.1	sp|Q5AR56|ASQM_EMENI	33.3	445	229	15	15661	16833	8	438	1.29e-48	187
JAEPRA010000028.1	sp|Q01911|TETX_BACFG	32.6	380	223	11	15661	16785	18	369	5.82e-47	180
JAEPRA010000028.1	sp|Q93L51|TETX_BACT4	32.6	380	223	11	15661	16785	18	369	5.82e-47	180
JAEPRA010000028.1	sp|Q06DK7|TETX_SPHSM	32.6	380	223	11	15661	16785	18	369	5.82e-47	180
JAEPRA010000028.1	sp|P0CU81|CALJ_PENDC	34.3	379	218	13	24812	25909	49	409	2.54e-45	176
JAEPRA010000028.1	sp|A4J778|METRE_DESRM	30.4	392	246	12	17679	18833	1	372	6.65e-34	147
JAEPRA010000028.1	sp|Q5KXG9|NAMA_GEOKA	31.8	321	187	9	17691	18632	6	301	4.23e-31	132
JAEPRA010000028.1	sp|C5D427|NAMA_GEOSW	30.7	316	183	10	17691	18605	6	296	7.75e-31	132
JAEPRA010000028.1	sp|A4IQK7|NAMA_GEOTN	30.8	318	198	7	17685	18632	4	301	3.96e-29	127
JAEPRA010000028.1	sp|B8N8Q9|AFVA_ASPFN	30.3	343	195	10	17691	18629	36	364	9.13e-29	127
JAEPRA010000028.1	sp|I1RV17|BUT77_GIBZE	27.5	360	219	10	17691	18683	36	382	1.79e-27	124
JAEPRA010000028.1	sp|Q97E86|NAMA_CLOAB	28.4	320	201	8	17691	18632	4	301	1.97e-27	122
JAEPRA010000028.1	sp|Q9KCT8|NAMA_BACHD	29.8	302	190	8	17715	18608	13	296	6.43e-27	120
JAEPRA010000028.1	sp|P54524|YQIG_BACSU	28.1	345	223	9	17691	18701	9	336	4.56e-25	115
JAEPRA010000028.1	sp|P54550|NAMA_BACSU	28.8	323	194	10	17691	18632	6	301	5.90e-25	114
JAEPRA010000028.1	sp|Q65HN9|NAMA_BACLD	29.5	319	185	11	17691	18608	7	298	6.01e-25	114
JAEPRA010000028.1	sp|A7Z6E7|NAMA_BACVZ	28.6	318	201	9	17691	18632	6	301	3.58e-24	112
JAEPRA010000029.1	sp|T2KLZ3|PLH1_FORAG	37.5	368	181	10	20754	19702	58	393	1.93e-61	223
JAEPRA010000029.1	sp|P07921|LACP_KLULA	30.7	453	292	9	18004	19323	87	530	1.67e-48	190
JAEPRA010000029.1	sp|Q8E372|UCDH_STRA3	28.9	356	228	7	20745	19702	51	389	3.47e-43	169
JAEPRA010000029.1	sp|Q9RC92|UGL_BACGL	30.2	361	223	7	20754	19699	24	364	9.09e-41	162
JAEPRA010000029.1	sp|Q8DR77|UCDH_STRR6	28.5	396	244	11	20847	19702	17	387	1.05e-40	162
JAEPRA010000029.1	sp|Q9A0T3|UCDH_STRP1	28.7	356	229	7	20745	19702	52	390	2.80e-40	161
JAEPRA010000029.1	sp|P49374|HGT1_KLULA	24.7	478	329	8	17941	19308	22	490	6.39e-36	152
JAEPRA010000029.1	sp|A0A0E4FKF7|FSA3_FUSSF	31.7	347	217	7	8616	9632	19	353	6.76e-34	141
JAEPRA010000029.1	sp|S4W4F3|EQXC_FUSHE	31.7	347	217	7	8616	9632	19	353	1.68e-33	140
JAEPRA010000029.1	sp|P39932|STL1_YEAST	30.2	410	265	12	18124	19326	93	490	2.84e-33	144
JAEPRA010000029.1	sp|S0DXU0|EQXC_GIBF5	30.2	361	232	7	8574	9632	5	353	8.98e-32	135
JAEPRA010000029.1	sp|Q4U3U6|QAY_NEUAF	28.4	479	292	17	17977	19302	24	488	1.96e-31	138
JAEPRA010000029.1	sp|P13181|GAL2_YEAST	27.3	476	306	13	17956	19308	70	530	9.96e-31	136
JAEPRA010000029.1	sp|Q4U3U4|QAY_NEUTR	27.6	479	296	17	17977	19302	24	488	2.71e-30	134
JAEPRA010000029.1	sp|P11636|QAY_NEUCR	27.3	472	306	15	17977	19302	24	488	8.77e-30	133
JAEPRA010000029.1	sp|P32465|HXT1_YEAST	28.1	424	279	9	18073	19308	115	524	1.71e-29	132
JAEPRA010000029.1	sp|P32466|HXT3_YEAST	29.0	428	270	13	18073	19308	112	521	2.21e-29	132
JAEPRA010000029.1	sp|P39924|HXT13_YEAST	27.6	464	303	14	17989	19326	75	523	1.21e-28	130
JAEPRA010000029.1	sp|P53631|HXT17_YEAST	27.6	464	303	14	17989	19326	75	523	1.21e-28	130
JAEPRA010000029.1	sp|B1GVX6|BOA5_BOTFB	30.4	382	204	13	8613	9632	11	372	3.42e-28	125
JAEPRA010000029.1	sp|A0A089FS99|PRLC_FUNXX	29.1	364	234	11	8577	9638	11	360	3.44e-28	124
JAEPRA010000029.1	sp|P54854|HXT15_YEAST	27.2	464	305	13	17989	19326	78	526	3.94e-28	128
JAEPRA010000029.1	sp|A0A0E0RXA7|FSL5_GIBZE	30.9	311	186	9	8751	9638	61	357	8.30e-28	123
JAEPRA010000029.1	sp|P38695|HXT5_YEAST	26.8	448	304	9	17989	19308	114	545	8.87e-28	127
JAEPRA010000029.1	sp|P47185|HXT16_YEAST	27.2	464	305	13	17989	19326	78	526	1.66e-27	126
JAEPRA010000030.1	sp|Q9T1Q3|DPOL_BPAPS	51.1	636	273	7	38986	40887	8	607	8.15e-194	628
JAEPRA010000030.1	sp|Q775C3|PORTL_BPBPP	53.6	573	244	3	24855	23137	5	555	9.40e-190	598
JAEPRA010000030.1	sp|Q9T1Q7|VP41_BPAPS	58.6	476	178	4	756	2177	2	460	2.13e-186	585
JAEPRA010000030.1	sp|Q858H1|PORTL_BPE15	42.4	531	285	3	24861	23272	2	512	1.55e-129	425
JAEPRA010000030.1	sp|Q9T1P7|VP51_BPAPS	39.5	441	222	12	34162	35409	11	431	1.68e-75	265
JAEPRA010000030.1	sp|P06225|DPOL_BPSP2	31.9	502	285	15	38968	40437	1	457	1.59e-54	209
JAEPRA010000030.1	sp|Q9T1P8|VP50_BPAPS	44.3	194	94	4	35884	36462	3	183	2.22e-42	159
JAEPRA010000030.1	sp|P03706|ENLYS_LAMBD	51.7	151	64	3	5306	4866	8	153	4.31e-37	143
JAEPRA010000030.1	sp|P51771|ENLYS_BPP2	49.7	155	70	2	5312	4872	8	162	3.02e-35	138
JAEPRA010000030.1	sp|Q2FV54|OATA_STAA8	32.4	306	181	8	3228	2377	20	321	2.14e-33	145
JAEPRA010000030.1	sp|Q5HCY3|OATA_STAAC	32.4	306	181	8	3228	2377	20	321	2.14e-33	145
JAEPRA010000030.1	sp|Q99R71|OATA_STAAM	32.4	306	181	8	3228	2377	20	321	2.14e-33	145
JAEPRA010000030.1	sp|Q7A3D6|OATA_STAAN	32.4	306	181	8	3228	2377	20	321	2.14e-33	145
JAEPRA010000030.1	sp|Q6GDN2|OATA_STAAR	32.4	306	181	8	3228	2377	20	321	2.14e-33	145
JAEPRA010000030.1	sp|Q6G6A7|OATA_STAAS	32.4	306	181	8	3228	2377	20	321	2.14e-33	145
JAEPRA010000030.1	sp|Q79ZY2|OATA_STAAW	32.4	306	181	8	3228	2377	20	321	2.14e-33	145
JAEPRA010000030.1	sp|O05402|YRHL_BACSU	34.5	322	160	9	3234	2377	11	317	3.88e-31	138
JAEPRA010000030.1	sp|Q5HHB1|OTRF1_STAAC	31.0	319	173	10	3234	2377	16	320	4.98e-28	128
JAEPRA010000030.1	sp|Q99VB6|OTRF1_STAAM	30.9	317	172	10	3228	2377	18	320	8.81e-28	127
JAEPRA010000030.1	sp|Q7A6G7|OTRF1_STAAN	30.9	317	172	10	3228	2377	18	320	8.81e-28	127
JAEPRA010000030.1	sp|Q6GIB3|OTRF1_STAAR	30.9	317	172	10	3228	2377	18	320	8.81e-28	127
JAEPRA010000030.1	sp|Q6GAV2|OTRF1_STAAS	30.9	317	172	10	3228	2377	18	320	8.81e-28	127
JAEPRA010000030.1	sp|Q7A1B1|OTRF1_STAAW	30.9	317	172	10	3228	2377	18	320	8.81e-28	127
JAEPRA010000030.1	sp|Q9WX70|BCSY_KOMXY	29.8	352	204	16	3243	2230	25	347	1.83e-16	90.1
JAEPRA010000030.1	sp|Q858F5|FIBER_BPE15	42.4	132	69	2	7877	7482	1	125	2.70e-16	92.4
JAEPRA010000004.1	sp|O94489|EF3_SCHPO	54.3	1002	419	13	132170	129243	12	1000	0.0	998
JAEPRA010000004.1	sp|O93796|EF3_CANGA	52.3	995	446	12	132170	129243	9	993	2.79e-308	966
JAEPRA010000004.1	sp|P25997|EF3_CANAL	52.0	999	454	11	132176	129243	6	999	1.54e-307	964
JAEPRA010000004.1	sp|O42945|DHX15_SCHPO	63.7	785	206	6	19824	17479	14	722	2.22e-306	946
JAEPRA010000004.1	sp|Q75EV6|EF3_ASHGO	51.8	995	451	11	132170	129243	9	993	3.19e-305	957
JAEPRA010000004.1	sp|P16521|EF3A_YEAST	51.0	995	459	12	132170	129243	9	993	9.42e-304	952
JAEPRA010000004.1	sp|Q9LZQ9|DEAH2_ARATH	63.0	772	201	6	19719	17416	36	726	1.42e-303	938
JAEPRA010000004.1	sp|O22899|PRP43_ARATH	62.6	768	202	5	19710	17419	43	729	1.04e-300	930
JAEPRA010000004.1	sp|P53978|EF3B_YEAST	51.9	993	449	12	132164	129243	11	993	1.12e-300	944
JAEPRA010000004.1	sp|P29551|EF3_PNECA	50.2	1004	467	13	132188	129243	2	994	4.99e-294	924
JAEPRA010000004.1	sp|P20409|TRPG_PHYBL	62.7	770	268	10	1364261	1361991	1	764	7.68e-294	912
JAEPRA010000004.1	sp|P53131|PRP43_YEAST	61.0	772	218	6	19776	17479	49	743	8.45e-292	906
JAEPRA010000004.1	sp|O43143|DHX15_HUMAN	62.5	754	206	6	19710	17452	115	792	3.72e-290	902
JAEPRA010000004.1	sp|O35286|DHX15_MOUSE	62.5	754	206	6	19710	17452	115	792	3.72e-290	902
JAEPRA010000004.1	sp|Q5RAZ4|DHX15_PONAB	62.5	754	206	6	19710	17452	115	792	3.72e-290	902
JAEPRA010000004.1	sp|Q20875|DHX15_CAEEL	61.8	757	214	6	19710	17452	54	739	8.08e-288	893
JAEPRA010000004.1	sp|P22700|ATC1_DROME	54.4	916	317	10	339587	342277	40	873	4.05e-275	869
JAEPRA010000004.1	sp|Q7PPA5|ATC1_ANOGA	54.3	916	317	11	339587	342277	40	872	5.18e-273	863
JAEPRA010000004.1	sp|Q292Q0|ATC1_DROPS	53.6	916	324	11	339587	342277	40	873	5.68e-269	850
JAEPRA010000004.1	sp|Q92105|AT2A1_PELES	52.7	914	329	11	339587	342268	40	870	9.57e-262	829
JAEPRA010000004.1	sp|O46674|AT2A2_CANLF	52.5	913	332	11	339587	342268	40	869	1.44e-261	829
JAEPRA010000004.1	sp|Q00779|AT2A2_FELCA	52.5	913	332	11	339587	342268	40	869	3.62e-261	828
JAEPRA010000004.1	sp|Q9YGL9|AT2A3_CHICK	52.6	916	327	12	339587	342268	40	870	1.32e-260	826
JAEPRA010000004.1	sp|P16615|AT2A2_HUMAN	52.4	913	333	12	339587	342268	40	869	1.60e-260	828
JAEPRA010000004.1	sp|P11607|AT2A2_PIG	52.2	913	334	11	339587	342268	40	869	2.18e-260	827
JAEPRA010000031.1	sp|P50367|NU5M_RHIST	80.7	653	125	1	1536	3494	1	652	0.0	1048
JAEPRA010000031.1	sp|P80440|COX1_ALLMA	80.8	536	101	1	14663	16264	1	536	2.11e-290	886
JAEPRA010000031.1	sp|Q0H8X0|NU5M_USTMA	69.5	627	190	1	1536	3413	1	627	5.79e-287	883
JAEPRA010000031.1	sp|Q0H8Y4|COX1_USTMA	80.7	529	100	2	14681	16264	1	528	2.68e-285	871
JAEPRA010000031.1	sp|Q85T01|NU5M_CRYNH	66.8	657	211	1	1536	3485	1	657	1.84e-282	869
JAEPRA010000031.1	sp|P24794|COX1_BETVU	74.1	529	124	2	14675	16258	2	518	2.00e-264	811
JAEPRA010000031.1	sp|P60620|COX1_ARATH	73.9	529	125	2	14675	16258	2	518	2.65e-263	808
JAEPRA010000031.1	sp|P60621|COX1_RAPSA	73.9	529	125	2	14675	16258	2	518	2.65e-263	808
JAEPRA010000031.1	sp|P26856|COX1_MARPO	74.6	524	120	2	14687	16258	7	517	4.07e-263	807
JAEPRA010000031.1	sp|P68540|COX1_AEGCO	74.0	530	123	3	14675	16258	2	518	2.80e-262	805
JAEPRA010000031.1	sp|P68539|COX1_WHEAT	74.0	530	123	3	14675	16258	2	518	2.80e-262	805
JAEPRA010000031.1	sp|P14578|COX1_ORYSJ	73.6	530	125	3	14675	16258	2	518	9.65e-262	803
JAEPRA010000031.1	sp|P08742|COX1_MAIZE	73.6	530	125	3	14675	16258	2	518	1.12e-261	803
JAEPRA010000031.1	sp|P05502|COX1_SORBI	73.6	530	125	3	14675	16258	2	518	1.21e-261	803
JAEPRA010000031.1	sp|Q05143|COX1_PROWI	74.3	526	122	4	14681	16258	2	514	1.51e-258	794
JAEPRA010000031.1	sp|P03945|COX1_NEUCR	72.1	527	143	3	14687	16264	10	533	1.73e-252	778
JAEPRA010000031.1	sp|P48866|COX1_CHOCR	70.7	529	146	3	14672	16258	6	525	1.73e-252	777
JAEPRA010000031.1	sp|P20681|COX1_PODAN	71.9	527	144	3	14687	16264	11	534	9.86e-251	773
JAEPRA010000031.1	sp|P07506|COX1_SOYBN	72.1	527	132	3	14684	16258	5	518	5.10e-250	770
JAEPRA010000031.1	sp|Q35101|COX1_METSE	71.9	526	132	4	14681	16255	6	516	1.25e-248	766
JAEPRA010000031.1	sp|Q02211|COX1_PHYME	76.5	472	111	0	14690	16105	13	484	1.95e-248	764
JAEPRA010000031.1	sp|P00402|COX1_EMEND	71.6	532	147	3	14672	16264	39	567	4.90e-248	766
JAEPRA010000031.1	sp|P12786|COX1_PEA	71.5	527	135	3	14684	16258	5	518	5.25e-248	764
JAEPRA010000031.1	sp|P08743|COX1_OENBE	70.4	527	141	3	14684	16258	5	518	6.59e-243	749
JAEPRA010000031.1	sp|Q01555|COX1_TRIRU	71.2	527	148	3	14687	16264	5	528	6.84e-243	749
JAEPRA010000032.1	sp|Q3LS63|DPP5_ASPNG	38.2	251	138	8	10483	9776	243	491	1.41e-35	152
JAEPRA010000032.1	sp|A1CSW4|DPP5_ASPCL	37.5	253	139	8	10483	9776	241	491	5.72e-35	150
JAEPRA010000032.1	sp|A2QZF1|DPP5_ASPNC	37.8	251	139	8	10483	9776	244	492	1.80e-34	149
JAEPRA010000032.1	sp|Q5BA58|DPP5_EMENI	37.2	253	139	9	10483	9776	237	486	5.19e-33	144
JAEPRA010000032.1	sp|Q9UW98|DPP5_TRIRU	35.8	254	142	7	10483	9776	236	486	5.34e-33	144
JAEPRA010000032.1	sp|D4D5P5|DPP5_TRIVH	36.5	252	143	7	10483	9776	236	486	5.34e-33	144
JAEPRA010000032.1	sp|C5FH88|DPP5_ARTOC	34.1	258	141	6	10483	9776	236	486	7.08e-33	144
JAEPRA010000032.1	sp|A0S5W0|DPP5_ARTOT	34.1	258	141	6	10483	9776	236	486	7.08e-33	144
JAEPRA010000032.1	sp|D4ARB1|DPP5_ARTBC	36.1	252	144	7	10483	9776	236	486	1.24e-32	143
JAEPRA010000032.1	sp|Q9P778|DPP5_SCHPO	51.6	124	53	2	9710	9345	464	582	1.60e-32	142
JAEPRA010000032.1	sp|Q8J1M3|DPP5_ARTBE	35.7	252	145	7	10483	9776	236	486	1.65e-32	143
JAEPRA010000032.1	sp|Q8J1L4|DPP5_TRISH	35.7	252	145	7	10483	9776	236	486	1.65e-32	143
JAEPRA010000032.1	sp|P0C959|DPP5_ASPFU	35.6	253	144	8	10483	9776	238	488	6.52e-32	141
JAEPRA010000032.1	sp|B6V869|DPP5_TRITO	35.7	252	145	7	10483	9776	236	486	8.91e-32	140
JAEPRA010000032.1	sp|A7UKV4|DPP5_TRIEQ	35.7	252	145	7	10483	9776	236	486	1.18e-31	140
JAEPRA010000032.1	sp|B0XRV0|DPP5_ASPFC	35.2	253	145	8	10483	9776	238	488	2.01e-31	139
JAEPRA010000032.1	sp|B8NBM3|DPP5_ASPFN	56.8	118	48	2	9710	9363	492	608	2.72e-31	139
JAEPRA010000032.1	sp|Q9Y8E3|DPP5_ASPOR	56.8	118	48	2	9710	9363	492	608	2.72e-31	139
JAEPRA010000032.1	sp|P0CT33|TLH1_SCHPO	23.1	743	498	17	22530	24641	849	1557	2.33e-27	128
JAEPRA010000032.1	sp|Q1RKN3|TLH2_SCHPO	23.1	743	498	17	22530	24641	849	1557	2.35e-27	128
JAEPRA010000032.1	sp|Q0C8V9|DPP5_ASPTN	53.4	118	52	2	9710	9363	490	606	1.10e-26	124
JAEPRA010000032.1	sp|P46063|RECQ1_HUMAN	27.8	395	247	15	23625	24731	96	478	1.65e-18	98.2
JAEPRA010000032.1	sp|Q5RF63|RECQ1_PONAB	27.8	395	247	15	23625	24731	96	478	2.17e-18	97.8
JAEPRA010000032.1	sp|Q9FT72|RQL3_ARATH	28.0	339	215	11	23565	24524	22	350	5.82e-18	96.7
JAEPRA010000032.1	sp|Q9Z129|RECQ1_MOUSE	27.9	380	239	14	23667	24731	109	478	1.49e-17	95.1
JAEPRA010000034.1	sp|Q8TGM5|ART3_YEAST	97.4	38	1	0	2471	2584	9	46	8.42e-16	76.6
JAEPRA010000034.1	sp|Q6CQE5|TAR1_KLULA	88.1	42	5	0	1784	1909	7	48	2.04e-15	77.0
JAEPRA010000034.1	sp|Q8TGM6|TAR1_YEAST	88.1	42	5	0	1784	1909	22	63	3.10e-15	77.0
JAEPRA010000034.1	sp|P0C5P9|YL54B_YEAST	61.4	44	17	0	1351	1482	9	52	1.04e-09	58.9
JAEPRA010000034.1	sp|P0C5Q0|YL54F_YEAST	86.7	30	4	0	2753	2842	15	44	2.97e-09	57.4
JAEPRA010000037.1	sp|P16423|POLR_DROME	26.7	431	284	10	1617	358	344	753	5.52e-32	139
JAEPRA010000037.1	sp|Q03274|PO22_POPJA	26.1	429	297	9	1629	358	2	415	1.54e-27	124
JAEPRA010000037.1	sp|Q05118|PO23_POPJA	31.5	298	186	6	1218	349	16	303	1.98e-26	119
JAEPRA010000037.1	sp|Q03278|PO21_NASVI	24.5	440	301	10	1656	358	311	726	1.24e-24	115
JAEPRA010000037.1	sp|P08548|LIN1_NYCCO	24.0	413	283	13	1617	421	452	847	3.47e-16	88.2
JAEPRA010000037.1	sp|O00370|LORF2_HUMAN	23.5	460	306	14	1722	421	409	848	5.26e-13	77.8
JAEPRA010000037.1	sp|Q03279|PO21_BRACO	22.0	446	313	10	1668	358	147	566	2.26e-12	75.5
JAEPRA010000040.1	sp|Q8TGM7|ART2_YEAST	85.2	61	9	0	484	666	1	61	1.17e-28	109
JAEPRA010000040.1	sp|Q3E811|RRT15_YEAST	93.6	47	3	0	484	624	1	47	1.63e-22	93.2
JAEPRA010000005.1	sp|P55251|LEUC_RHIPU	76.3	755	177	2	1447246	1449510	3	755	0.0	1187
JAEPRA010000005.1	sp|Q4P9K9|CHS8_USTMA	41.0	1735	883	38	235828	230804	104	1758	0.0	1132
JAEPRA010000005.1	sp|P18250|LEUC_PHYB8	74.8	763	163	9	1447246	1449510	3	744	0.0	1130
JAEPRA010000005.1	sp|P55811|LEUC_RHINI	71.8	758	201	5	1447246	1449510	3	750	0.0	1098
JAEPRA010000005.1	sp|J9VNT4|CHS5_CRYNH	39.3	1722	902	35	235819	230801	121	1747	0.0	1083
JAEPRA010000005.1	sp|O14289|LEUC_SCHPO	67.2	762	243	5	1447228	1449510	3	758	0.0	1005
JAEPRA010000005.1	sp|P49601|LEUC_USTMA	64.9	750	251	3	1447243	1449456	3	752	0.0	985
JAEPRA010000005.1	sp|O13395|CHS6_USTMA	55.3	915	374	12	233347	230663	61	960	5.12e-317	996
JAEPRA010000005.1	sp|P07264|LEUC_YEAST	64.6	749	248	8	1447234	1449435	6	752	1.38e-305	946
JAEPRA010000005.1	sp|J9VF17|CHS4_CRYNH	54.2	910	393	10	233350	230663	152	1051	1.65e-302	958
JAEPRA010000005.1	sp|Q74ZM9|LEUC_ASHGO	63.3	768	255	9	1447246	1449492	7	766	1.13e-300	932
JAEPRA010000005.1	sp|P17279|LEUC_MUCCL	73.2	623	156	2	1447147	1449012	17	629	9.72e-295	909
JAEPRA010000005.1	sp|Q00464|LEUC_CANMA	62.1	750	260	8	1447243	1449435	3	747	3.93e-293	910
JAEPRA010000005.1	sp|O14139|HRP3_SCHPO	42.1	1210	602	21	1377213	1373788	210	1388	1.24e-264	853
JAEPRA010000005.1	sp|Q9US25|HRP1_SCHPO	46.1	1033	494	16	1377219	1374205	224	1221	3.49e-260	840
JAEPRA010000005.1	sp|O35501|GRP75_CRIGR	68.2	557	177	0	430488	428818	109	665	1.76e-237	746
JAEPRA010000005.1	sp|Q3ZCH0|GRP75_BOVIN	68.2	557	177	0	430488	428818	109	665	3.25e-237	745
JAEPRA010000005.1	sp|P48721|GRP75_RAT	68.4	557	176	0	430488	428818	109	665	3.25e-237	745
JAEPRA010000005.1	sp|P54982|CRTI_PHYB8	63.0	600	183	8	1039871	1038111	1	574	4.16e-237	740
JAEPRA010000005.1	sp|P38646|GRP75_HUMAN	68.2	557	177	0	430488	428818	109	665	6.03e-237	744
JAEPRA010000005.1	sp|P38647|GRP75_MOUSE	68.6	557	175	0	430488	428818	109	665	6.03e-237	744
JAEPRA010000005.1	sp|Q5R511|GRP75_PONAB	68.0	557	178	0	430488	428818	109	665	2.07e-236	743
JAEPRA010000005.1	sp|Q5ZM98|GRP75_CHICK	68.4	557	176	0	430488	428818	111	667	3.33e-236	742
JAEPRA010000005.1	sp|P0CS90|HSP77_YEAST	68.9	549	168	1	430488	428851	86	634	2.53e-235	738
JAEPRA010000005.1	sp|P0CS91|HSP77_YEASX	68.9	549	168	1	430488	428851	86	634	2.62e-235	738
JAEPRA010000006.1	sp|O93927|FKS1_CRYNH	57.4	1582	603	20	704181	699589	137	1698	0.0	1764
JAEPRA010000006.1	sp|A2QLK4|FKS1_ASPNC	53.5	1598	679	18	704208	699589	172	1763	0.0	1645
JAEPRA010000006.1	sp|P40989|FKS2_YEAST	53.2	1576	664	17	704181	699646	167	1732	0.0	1602
JAEPRA010000006.1	sp|O13967|BGS2_SCHPO	53.2	1577	672	19	704181	699631	183	1753	0.0	1601
JAEPRA010000006.1	sp|P38631|FKS1_YEAST	52.5	1584	673	18	704181	699631	148	1718	0.0	1598
JAEPRA010000006.1	sp|O74475|BGS4_SCHPO	52.0	1613	663	22	704181	699637	193	1791	0.0	1579
JAEPRA010000006.1	sp|Q10287|BGS1_SCHPO	49.9	1566	741	18	704190	699589	60	1614	0.0	1527
JAEPRA010000006.1	sp|Q9HES8|PYC_ASPNG	62.4	1251	359	6	671550	675299	51	1191	0.0	1523
JAEPRA010000006.1	sp|O93918|PYC_ASPTE	62.0	1251	365	6	671550	675299	52	1192	0.0	1518
JAEPRA010000006.1	sp|Q0CLK1|PYC_ASPTN	62.1	1251	363	6	671550	675299	52	1192	0.0	1516
JAEPRA010000006.1	sp|O93937|PYR1_EMENI	60.8	1287	456	12	738801	735070	993	2273	0.0	1481
JAEPRA010000006.1	sp|Q9P377|BGS3_SCHPO	49.5	1554	734	19	704184	699637	145	1685	0.0	1470
JAEPRA010000006.1	sp|Q09794|PYR1_SCHPO	59.3	1268	479	11	738801	735064	987	2239	0.0	1446
JAEPRA010000006.1	sp|Q9UUE1|PYC_SCHPO	59.8	1223	380	7	671550	675212	43	1155	0.0	1444
JAEPRA010000006.1	sp|P07259|PYR1_YEAST	58.7	1269	492	13	738801	735064	953	2212	0.0	1419
JAEPRA010000006.1	sp|Q8X1T3|PYC_PICAN	59.2	1225	387	8	671550	675215	33	1147	0.0	1415
JAEPRA010000006.1	sp|P11154|PYC1_YEAST	58.0	1251	411	9	671550	675293	29	1168	0.0	1410
JAEPRA010000006.1	sp|P32327|PYC2_YEAST	57.7	1254	416	10	671550	675302	30	1172	0.0	1404
JAEPRA010000006.1	sp|P78992|PYC_PICPA	57.8	1252	412	9	671550	675290	32	1172	0.0	1390
JAEPRA010000006.1	sp|Q04952|FKS3_YEAST	46.9	1620	742	25	704181	699646	15	1624	0.0	1386
JAEPRA010000006.1	sp|Q29RK2|PYC_BOVIN	52.4	1250	474	7	671550	675293	47	1177	0.0	1259
JAEPRA010000006.1	sp|P52873|PYC_RAT	52.2	1250	476	7	671550	675293	47	1177	0.0	1256
JAEPRA010000006.1	sp|Q05920|PYC_MOUSE	52.0	1250	479	7	671550	675293	47	1177	0.0	1254
JAEPRA010000006.1	sp|P11498|PYC_HUMAN	52.2	1250	477	6	671550	675293	47	1177	0.0	1253
JAEPRA010000006.1	sp|O17732|PYC1_CAEEL	51.6	1251	483	7	671550	675293	42	1173	0.0	1226
JAEPRA010000054.1	sp|P0C5P9|YL54B_YEAST	88.9	27	3	0	406	326	26	52	7.06e-11	57.0
JAEPRA010000007.1	sp|O60072|MUG81_SCHPO	56.7	855	317	4	1031512	1034076	698	1499	2.15e-305	991
JAEPRA010000007.1	sp|F1NTD6|ASCC3_CHICK	55.7	871	325	8	1031476	1034076	888	1701	4.63e-294	967
JAEPRA010000007.1	sp|E1BNG3|ASCC3_BOVIN	55.3	871	328	8	1031476	1034076	879	1692	2.46e-292	962
JAEPRA010000007.1	sp|E9PZJ8|ASCC3_MOUSE	55.1	871	330	8	1031476	1034076	880	1693	1.55e-290	956
JAEPRA010000007.1	sp|Q8N3C0|ASCC3_HUMAN	55.5	859	323	8	1031512	1034076	889	1692	5.68e-290	955
JAEPRA010000007.1	sp|F1LPQ2|ASCC3_RAT	53.7	871	341	9	1031476	1034076	880	1692	4.22e-280	926
JAEPRA010000007.1	sp|E7F8F4|ASCC3_DANRE	53.5	871	308	9	1031476	1034076	477	1254	6.70e-280	903
JAEPRA010000007.1	sp|O94335|STT3_SCHPO	56.6	799	267	6	711876	709519	7	738	3.57e-276	860
JAEPRA010000007.1	sp|P39007|STT3_YEAST	57.5	769	240	6	711834	709540	13	698	2.29e-275	856
JAEPRA010000007.1	sp|P53327|SLH1_YEAST	52.7	857	348	7	1031512	1034076	706	1507	1.98e-269	887
JAEPRA010000007.1	sp|Q8TCJ2|STT3B_HUMAN	56.3	759	277	5	711834	709573	69	777	1.06e-258	813
JAEPRA010000007.1	sp|E2RG47|STT3B_CANLF	56.3	759	277	5	711834	709573	69	777	1.44e-258	813
JAEPRA010000007.1	sp|Q3TDQ1|STT3B_MOUSE	56.0	759	279	5	711834	709573	66	774	9.66e-257	807
JAEPRA010000007.1	sp|P46975|STT3_CAEEL	55.8	755	278	5	711828	709573	19	720	1.58e-252	792
JAEPRA010000007.1	sp|Q9FNQ1|DEXHE_ARATH	49.3	870	381	7	1031476	1034076	909	1721	2.21e-252	842
JAEPRA010000007.1	sp|P46977|STT3A_HUMAN	54.7	768	269	11	711855	709567	8	701	2.94e-252	789
JAEPRA010000007.1	sp|Q5RCE2|STT3A_PONAB	54.7	768	269	11	711855	709567	8	701	2.94e-252	789
JAEPRA010000007.1	sp|F1PJP5|STT3A_CANLF	54.7	768	269	11	711855	709567	8	701	5.45e-252	788
JAEPRA010000007.1	sp|P46978|STT3A_MOUSE	54.6	768	270	11	711855	709567	8	701	5.45e-252	788
JAEPRA010000007.1	sp|Q2KJI2|STT3A_BOVIN	54.3	768	272	11	711855	709567	8	701	6.43e-251	785
JAEPRA010000007.1	sp|Q54G57|ASCC3_DICDI	50.3	859	365	8	1031512	1034076	891	1691	9.46e-248	830
JAEPRA010000007.1	sp|Q4P521|LYS4_USTMA	55.6	768	253	12	758040	755863	13	734	4.09e-245	770
JAEPRA010000007.1	sp|Q5A644|LYS4_CANAL	55.8	731	252	11	758010	755863	6	680	4.51e-243	762
JAEPRA010000007.1	sp|P68362|TBA1A_CRIGR	76.4	491	67	3	533417	534886	9	451	2.40e-240	743
JAEPRA010000007.1	sp|Q71U36|TBA1A_HUMAN	76.4	491	67	3	533417	534886	9	451	2.40e-240	743
JAEPRA010000008.1	sp|Q6BJ25|EF2_DEBHA	74.1	767	153	2	720533	718233	95	815	0.0	1144
JAEPRA010000008.1	sp|A5DI11|EF2_PICGU	73.8	766	155	2	720533	718236	95	814	0.0	1141
JAEPRA010000008.1	sp|Q5A0M4|EF2_CANAL	73.4	766	158	2	720533	718236	95	814	0.0	1131
JAEPRA010000008.1	sp|C4YJQ8|EF2_CANAW	73.4	766	158	2	720533	718236	95	814	0.0	1131
JAEPRA010000008.1	sp|P32324|EF2_YEAST	72.6	766	164	2	720533	718236	95	814	0.0	1123
JAEPRA010000008.1	sp|Q874B9|EF2_PICPA	72.4	768	166	2	720536	718233	94	815	0.0	1119
JAEPRA010000008.1	sp|O14460|EF2_SCHPO	71.8	766	170	2	720533	718236	95	814	0.0	1116
JAEPRA010000008.1	sp|Q875Z2|EF2_NAUCC	72.2	767	167	2	720536	718236	94	814	0.0	1115
JAEPRA010000008.1	sp|Q875S0|EF2_LACK1	72.0	767	169	2	720536	718236	94	814	0.0	1114
JAEPRA010000008.1	sp|Q6CPQ9|EF2_KLULA	71.8	766	170	2	720533	718236	95	814	0.0	1113
JAEPRA010000008.1	sp|Q754C8|EF2_ASHGO	71.4	767	173	2	720536	718236	94	814	0.0	1110
JAEPRA010000008.1	sp|Q6FYA7|EF2_CANGA	71.5	766	172	2	720533	718236	95	814	0.0	1108
JAEPRA010000008.1	sp|Q96X45|EF2_NEUCR	71.5	768	171	5	720533	718233	97	817	0.0	1097
JAEPRA010000008.1	sp|O93927|FKS1_CRYNH	51.4	1106	463	10	198345	195055	121	1161	0.0	1032
JAEPRA010000008.1	sp|P13639|EF2_HUMAN	62.2	807	240	5	720599	718236	70	830	0.0	1001
JAEPRA010000008.1	sp|Q5R8Z3|EF2_PONAB	62.2	807	240	5	720599	718236	70	830	0.0	1001
JAEPRA010000008.1	sp|Q3SYU2|EF2_BOVIN	62.5	803	236	5	720599	718248	70	826	0.0	1000
JAEPRA010000008.1	sp|A0SXL6|EF2_CALJA	62.4	803	237	5	720599	718248	70	826	0.0	1000
JAEPRA010000008.1	sp|P58252|EF2_MOUSE	62.0	807	242	5	720599	718236	70	830	0.0	999
JAEPRA010000008.1	sp|P05197|EF2_RAT	62.0	807	242	5	720599	718236	70	830	0.0	999
JAEPRA010000008.1	sp|P09445|EF2_CRIGR	61.8	807	243	5	720599	718236	70	830	0.0	997
JAEPRA010000008.1	sp|Q90705|EF2_CHICK	61.8	807	243	5	720599	718236	70	830	0.0	995
JAEPRA010000008.1	sp|P29691|EF2_CAEEL	64.6	769	220	4	720536	718236	106	824	0.0	995
JAEPRA010000008.1	sp|Q1HPK6|EF2_BOMMO	64.7	765	218	4	720524	718236	102	816	0.0	994
JAEPRA010000008.1	sp|P13060|EF2_DROME	64.3	765	221	5	720524	718236	102	816	0.0	987
JAEPRA010000077.1	sp|P0C5Q0|YL54F_YEAST	87.0	23	3	0	221	289	15	37	1.72e-06	44.3
JAEPRA010000009.1	sp|Q6P2Q9|PRP8_HUMAN	80.1	1954	273	9	712144	706331	23	1877	0.0	3189
JAEPRA010000009.1	sp|Q99PV0|PRP8_MOUSE	80.1	1954	273	9	712144	706331	23	1877	0.0	3189
JAEPRA010000009.1	sp|Q9SSD2|PRP8A_ARATH	81.5	1803	295	4	711736	706331	137	1901	0.0	3090
JAEPRA010000009.1	sp|P34369|PRP8_CAEEL	82.3	1805	280	6	711736	706331	103	1870	0.0	3090
JAEPRA010000009.1	sp|Q9T0I6|PRP8B_ARATH	79.9	1803	328	3	711736	706331	135	1903	0.0	3028
JAEPRA010000009.1	sp|Q8T295|PRP8_DICDI	78.1	1802	359	4	711736	706331	100	1865	0.0	2949
JAEPRA010000009.1	sp|O14187|SPP42_SCHPO	78.1	1803	357	6	711733	706331	135	1901	0.0	2910
JAEPRA010000009.1	sp|P33334|PRP8_YEAST	65.4	1811	569	11	711733	706331	187	1949	0.0	2447
JAEPRA010000009.1	sp|Q4WLN1|ACON_ASPFU	72.1	728	179	3	1169963	1167783	63	767	0.0	1062
JAEPRA010000009.1	sp|D4AT77|ACON_ARTBC	70.7	727	190	2	1169963	1167783	54	757	0.0	1054
JAEPRA010000009.1	sp|C8VG90|ACON_EMENI	70.4	727	192	2	1169963	1167783	61	764	0.0	1052
JAEPRA010000009.1	sp|O13966|ACON_SCHPO	70.9	728	188	3	1169963	1167783	65	769	0.0	1050
JAEPRA010000009.1	sp|Q99KI0|ACON_MOUSE	68.9	727	204	1	1169963	1167783	58	762	0.0	1035
JAEPRA010000009.1	sp|Q12649|HMDH_PHYB8	65.1	890	235	12	142318	144927	333	1166	0.0	1035
JAEPRA010000009.1	sp|P20004|ACON_BOVIN	68.9	727	204	1	1169963	1167783	58	762	0.0	1032
JAEPRA010000009.1	sp|Q9ER34|ACON_RAT	68.8	727	205	1	1169963	1167783	58	762	0.0	1032
JAEPRA010000009.1	sp|Q99798|ACON_HUMAN	69.1	727	203	1	1169963	1167783	58	762	0.0	1030
JAEPRA010000009.1	sp|P16276|ACON_PIG	68.6	727	206	1	1169963	1167783	58	762	0.0	1026
JAEPRA010000009.1	sp|P82611|ACON_CANAL	68.0	728	210	2	1169963	1167783	55	760	0.0	1020
JAEPRA010000009.1	sp|P19414|ACON_YEAST	67.7	728	212	2	1169963	1167783	54	759	0.0	1016
JAEPRA010000009.1	sp|P49609|ACON_GRAGA	68.5	727	206	2	1169963	1167783	57	760	0.0	1014
JAEPRA010000009.1	sp|P34455|ACON_CAEEL	66.8	732	218	2	1169978	1167783	50	756	0.0	1003
JAEPRA010000009.1	sp|Q54XS2|ACON_DICDI	67.3	732	213	4	1169978	1167792	39	747	0.0	991
JAEPRA010000009.1	sp|P38795|NADE_YEAST	59.2	811	216	7	1087043	1084620	5	703	1.86e-299	925
JAEPRA010000009.1	sp|Q5ZMA6|NADE_CHICK	55.2	811	246	8	1087046	1084617	4	698	1.42e-275	856
JAEPRA010000087.1	sp|Q8TGM7|ART2_YEAST	80.0	45	9	0	1	135	17	61	4.92e-18	73.6
JAEPRA010000087.1	sp|Q3E811|RRT15_YEAST	90.3	31	3	0	1	93	17	47	1.74e-11	57.0
JAEPRA010000010.1	sp|Q54YZ9|DHKJ_DICDI	65.4	1145	379	4	986497	983105	172	1313	0.0	1362
JAEPRA010000010.1	sp|O93927|FKS1_CRYNH	59.2	1057	338	9	481811	484975	816	1781	0.0	1225
JAEPRA010000010.1	sp|A2QLK4|FKS1_ASPNC	57.0	1055	367	5	481811	484975	879	1846	0.0	1211
JAEPRA010000010.1	sp|O74475|BGS4_SCHPO	55.7	1076	377	8	481811	484993	911	1901	0.0	1176
JAEPRA010000010.1	sp|O13967|BGS2_SCHPO	55.8	1069	389	6	481811	485014	883	1868	0.0	1167
JAEPRA010000010.1	sp|P40989|FKS2_YEAST	55.7	1074	377	9	481811	485017	866	1845	0.0	1152
JAEPRA010000010.1	sp|P38631|FKS1_YEAST	55.7	1072	378	8	481811	485011	847	1826	0.0	1152
JAEPRA010000010.1	sp|Q10287|BGS1_SCHPO	52.5	1064	417	4	481811	485002	731	1706	0.0	1087
JAEPRA010000010.1	sp|Q9P377|BGS3_SCHPO	51.8	1069	423	11	481811	485011	823	1801	0.0	1065
JAEPRA010000010.1	sp|Q04952|FKS3_YEAST	48.5	1095	451	10	481811	485008	733	1743	5.26e-312	1005
JAEPRA010000010.1	sp|O42938|PFKA_SCHPO	57.9	722	281	4	20859	22997	231	938	3.08e-262	828
JAEPRA010000010.1	sp|C4QXA5|PFKA2_KOMPG	53.7	695	316	4	20922	22997	247	938	2.78e-235	750
JAEPRA010000010.1	sp|Q8TGA0|PFKA2_PICPA	53.7	695	316	4	20922	22997	247	938	4.41e-234	747
JAEPRA010000010.1	sp|Q9UTJ7|SDHA_SCHPO	72.8	496	105	1	883594	882107	176	641	7.05e-234	733
JAEPRA010000010.1	sp|Q4W9B8|PFKA_ASPFU	54.8	704	294	7	20922	22997	78	769	3.30e-231	733
JAEPRA010000010.1	sp|P78985|PFKA_ASPNG	52.9	732	314	8	20859	22997	50	769	4.15e-230	729
JAEPRA010000010.1	sp|O94201|PFKA1_CANAX	52.5	729	332	5	20859	23021	264	986	9.11e-229	733
JAEPRA010000010.1	sp|Q03216|PFKA2_KLULA	51.2	695	336	3	20922	22997	241	935	5.46e-228	729
JAEPRA010000010.1	sp|Q9HGZ1|PFKA1_ASPOR	52.0	736	322	7	20859	23009	50	773	1.13e-227	722
JAEPRA010000010.1	sp|Q92448|PFKA1_KOMPG	51.1	752	331	8	20829	22997	240	983	4.49e-226	726
JAEPRA010000010.1	sp|Q8NJU8|PFKA1_PICPA	50.9	752	332	8	20829	22997	240	983	1.53e-225	724
JAEPRA010000010.1	sp|P16862|PFKA2_YEAST	51.4	695	334	4	20922	22997	262	955	1.26e-224	720
JAEPRA010000010.1	sp|Q00711|SDHA_YEAST	71.0	497	113	2	883594	882107	174	640	1.63e-224	706
JAEPRA010000010.1	sp|O94200|PFKA2_CANAX	50.5	695	339	4	20922	22997	248	940	9.63e-224	717
JAEPRA010000010.1	sp|P59680|PFKA_YARLI	51.7	696	315	4	20922	22997	248	926	5.60e-223	715
