KK365130.1	sp|P38708|YHI0_YEAST	46.5	503	259	3	591547	593025	186	688	2.06e-147	486
KK365130.1	sp|P48459|YSD1_CAEEL	49.0	294	139	4	635684	634818	45	332	1.81e-80	279
KK365130.1	sp|P48458|YT91_CAEEL	44.3	291	161	1	635687	634818	37	327	2.56e-76	268
KK365130.1	sp|Q10298|YD44_SCHPO	43.0	291	157	2	635696	634827	1	283	1.08e-72	255
KK365130.1	sp|O74789|YOU5_SCHPO	36.9	336	166	5	635660	634782	9	341	5.54e-68	243
KK365130.1	sp|Q9VM71|XRN2_DROME	29.3	693	362	18	471371	469560	1	654	2.68e-67	257
KK365130.1	sp|Q5ZIP4|XRN2_CHICK	28.1	684	385	14	471371	469581	1	664	4.78e-67	257
KK365130.1	sp|Q9FQ04|XRN4_ARATH	28.6	686	379	16	471371	469476	1	629	1.49e-66	256
KK365130.1	sp|Q9DBR1|XRN2_MOUSE	27.5	694	377	19	471371	469581	1	665	9.13e-65	250
KK365130.1	sp|Q9H0D6|XRN2_HUMAN	27.7	694	376	19	471371	469581	1	665	3.84e-64	248
KK365130.1	sp|Q5R4L5|XRN2_PONAB	28.1	691	377	18	471371	469581	1	665	9.15e-64	247
KK365130.1	sp|Q9FQ02|XRN2_ARATH	27.3	711	389	19	471371	469560	1	690	1.40e-62	244
KK365130.1	sp|P48460|YY06_CAEEL	38.5	309	186	3	635690	634773	10	317	7.10e-60	223
KK365130.1	sp|Q8IZH2|XRN1_HUMAN	29.7	623	358	18	471371	469599	1	575	3.29e-58	234
KK365130.1	sp|Q9FQ03|XRN3_ARATH	26.2	713	385	18	471371	469581	1	688	1.37e-57	229
KK365130.1	sp|P97789|XRN1_MOUSE	29.6	622	360	18	471371	469599	1	575	1.46e-56	229
KK365130.1	sp|Q7LHG5|YI31B_YEAST	35.9	410	252	6	133394	132192	627	1034	3.25e-56	228
KK365130.1	sp|Q99315|YG31B_YEAST	35.1	410	255	6	133394	132192	601	1008	3.51e-56	228
KK365130.1	sp|P22147|XRN1_YEAST	27.0	705	349	21	471371	469599	1	653	5.88e-54	220
KK365130.1	sp|P28812|Y3568_PSEAE	28.3	562	340	13	128832	130481	112	622	7.88e-54	211
KK365130.1	sp|O60177|YG42_SCHPO	27.6	682	381	22	734989	733178	390	1036	3.94e-52	212
KK365130.1	sp|Q10332|YBMA_SCHPO	28.4	687	317	23	734992	733178	232	825	2.45e-50	204
KK365130.1	sp|Q8TFZ1|XRN2_ASPFU	33.3	429	224	12	471371	470226	1	414	5.08e-50	206
KK365130.1	sp|Q5BFH3|XRN2_EMENI	33.3	429	223	12	471371	470226	1	413	7.66e-50	205
KK365130.1	sp|Q2UCP5|XRN2_ASPOR	32.8	424	221	11	471371	470241	1	407	3.15e-49	203
KK365131.1	sp|O59672|YB89_SCHPO	37.0	541	271	12	166931	165516	180	719	2.53e-81	294
KK365131.1	sp|P63390|YHES_ECO57	33.7	513	296	12	166922	165516	2	514	1.61e-67	251
KK365131.1	sp|A0A0H2VBH0|YHES_ECOL6	33.7	513	296	12	166922	165516	2	514	1.61e-67	251
KK365131.1	sp|P63389|YHES_ECOLI	33.7	513	296	12	166922	165516	2	514	1.61e-67	251
KK365131.1	sp|P44808|YHES_HAEIN	33.0	522	292	13	166922	165516	2	518	1.00e-63	239
KK365131.1	sp|B8NM71|USTH_ASPFN	33.0	454	272	12	388799	387480	58	493	4.89e-61	230
KK365131.1	sp|O42965|YGMH_SCHPO	30.1	465	316	5	52074	50701	6	468	2.38e-59	222
KK365131.1	sp|P0A9U5|YBIT_ECO57	30.4	529	310	14	166922	165501	2	527	2.87e-56	214
KK365131.1	sp|P0A9U4|YBIT_ECOL6	30.4	529	310	14	166922	165501	2	527	2.87e-56	214
KK365131.1	sp|P0A9U3|YBIT_ECOLI	30.4	529	310	14	166922	165501	2	527	2.87e-56	214
KK365131.1	sp|O31716|YKPA_BACSU	28.2	524	323	10	166922	165510	2	525	7.44e-49	193
KK365131.1	sp|O06476|YFMR_BACSU	29.8	493	280	14	166886	165585	16	501	3.06e-42	175
KK365131.1	sp|P39115|VMLR_BACSU	30.1	508	267	18	166886	165510	17	485	1.66e-40	168
KK365131.1	sp|O05519|YDIF_BACSU	30.5	384	254	8	166634	165519	145	527	2.21e-40	170
KK365131.1	sp|P57445|UUP_BUCAI	30.4	471	272	17	166880	165585	18	471	4.94e-40	168
KK365131.1	sp|P46939|UTRO_HUMAN	39.7	224	126	4	251160	251813	31	251	1.65e-38	169
KK365131.1	sp|Q99260|YPT6_YEAST	48.6	179	84	4	122919	123452	9	180	2.41e-37	149
KK365131.1	sp|Q39571|YPTC1_CHLRE	41.3	155	87	4	122925	123389	9	159	1.24e-22	106
KK365131.1	sp|P11620|YPT1_SCHPO	41.8	153	77	4	122925	123371	9	153	1.07e-21	103
KK365131.1	sp|Q39570|YPTC4_CHLRE	37.4	155	93	2	122925	123389	7	157	1.89e-21	103
KK365131.1	sp|P36863|YPTV4_VOLCA	37.4	155	93	2	122925	123389	7	157	1.89e-21	103
KK365131.1	sp|P54168|YPGQ_BACSU	31.8	220	117	3	416233	416892	11	197	2.09e-21	103
KK365131.1	sp|Q8SV95|Z6B5_ENCCU	43.3	104	55	2	384391	384086	1	102	2.46e-21	100
KK365131.1	sp|Q05737|YPTM2_MAIZE	45.4	119	63	2	122925	123281	9	125	2.69e-21	102
KK365131.1	sp|Q39573|YPTC5_CHLRE	42.0	119	67	1	122928	123278	10	128	2.91e-21	102
KK365132.1	sp|O28972|Y1297_ARCFU	50.7	229	110	1	160132	159446	177	402	1.25e-60	232
KK365132.1	sp|Q58556|Y1156_METJA	47.2	254	131	1	160159	159398	165	415	2.85e-57	225
KK365132.1	sp|O05209|VAT_THEAC	46.1	232	123	1	160138	159443	460	689	3.10e-52	207
KK365132.1	sp|Q9HGM3|YTA12_SCHPO	44.8	248	129	4	160120	159392	295	539	3.73e-48	195
KK365132.1	sp|Q7LHG5|YI31B_YEAST	33.8	358	214	4	252422	253435	625	979	3.22e-47	197
KK365132.1	sp|Q99315|YG31B_YEAST	33.8	358	214	4	252422	253435	599	953	4.44e-47	196
KK365132.1	sp|O59824|YME1_SCHPO	40.6	276	147	5	160141	159353	259	530	7.69e-44	181
KK365132.1	sp|P40341|YTA12_YEAST	40.9	264	147	5	160159	159392	329	591	6.10e-43	180
KK365132.1	sp|O14325|YB7A_SCHPO	41.1	231	131	2	160132	159446	487	714	2.19e-41	174
KK365132.1	sp|P54813|YME1_CAEEL	38.9	244	146	2	160123	159392	246	486	9.27e-40	169
KK365132.1	sp|P46508|YME1_SCHMA	36.4	253	158	2	160123	159365	164	413	2.70e-37	160
KK365132.1	sp|Q8K4P0|WDR33_MOUSE	35.5	397	235	6	130956	132128	43	424	7.61e-37	162
KK365132.1	sp|Q9C0J8|WDR33_HUMAN	35.5	397	235	6	130956	132128	43	424	7.66e-37	162
KK365132.1	sp|P57747|VATD_SUBDO	42.0	212	117	5	16794	16174	1	211	3.38e-35	144
KK365132.1	sp|Q09803|VPS4_SCHPO	37.1	248	145	6	3143	3880	122	360	1.30e-34	147
KK365132.1	sp|Q86A77|VATD_DICDI	41.3	213	119	3	16794	16174	1	213	2.60e-34	141
KK365132.1	sp|Q9Y5K8|VATD_HUMAN	42.7	211	115	5	16794	16177	1	210	3.64e-34	140
KK365132.1	sp|P57746|VATD_MOUSE	42.7	211	115	5	16794	16177	1	210	3.64e-34	140
KK365132.1	sp|Q5RCS8|VATD_PONAB	42.7	211	115	5	16794	16177	1	210	3.64e-34	140
KK365132.1	sp|O97755|VATD_RABIT	42.7	211	115	5	16794	16177	1	210	4.94e-34	140
KK365132.1	sp|P39942|VATD_BOVIN	42.7	211	115	5	16794	16177	1	210	6.72e-34	140
KK365132.1	sp|P34462|VATD_CAEEL	41.5	207	116	4	16782	16174	8	213	1.21e-33	139
KK365132.1	sp|Q61IU3|VATD_CAEBR	41.5	207	116	4	16782	16174	9	214	1.28e-33	139
KK365132.1	sp|O59941|VATD_NEUCR	40.6	202	115	3	16782	16192	7	208	3.68e-33	138
KK365132.1	sp|Q9U0S4|VATD_MANSE	43.1	211	114	5	16794	16177	1	210	1.04e-32	136
KK365133.1	sp|O13799|YE02_SCHPO	40.5	950	497	16	9448	6758	96	1030	8.78e-189	617
KK365133.1	sp|Q55AH5|VATF_DICDI	33.7	98	63	1	49636	49923	1	98	2.59e-11	70.9
KK365133.1	sp|O43046|VATF_SCHPO	34.3	99	62	2	49636	49923	1	99	2.27e-10	68.2
KK365134.1	sp|Q99315|YG31B_YEAST	35.5	456	282	5	40152	38806	560	1010	1.16e-64	254
KK365134.1	sp|Q7LHG5|YI31B_YEAST	35.1	456	284	5	40152	38806	586	1036	1.21e-63	250
KK365134.1	sp|Q09575|YRD6_CAEEL	24.5	523	300	16	40503	39199	230	745	8.88e-24	119
KK365135.1	sp|Q8SS35|Y4A0_ENCCU	31.3	645	379	15	121617	119761	66	672	2.06e-76	292
KK365135.1	sp|Q8STK5|Y9J5_ENCCU	45.4	174	87	3	117923	117411	1	169	3.05e-37	147
KK365135.1	sp|O94348|YIP1_SCHPO	33.5	173	113	2	255984	255466	55	225	1.63e-21	103
KK365135.1	sp|P53039|YIP1_YEAST	30.9	181	116	3	255984	255466	68	247	4.91e-14	82.4
KK365135.1	sp|O60140|YNS9_SCHPO	45.3	95	48	2	87691	87963	396	490	8.15e-14	85.5
KK365136.1	sp|Q7LHG5|YI31B_YEAST	37.1	412	246	6	186994	188208	631	1036	5.51e-65	254
KK365136.1	sp|Q99315|YG31B_YEAST	37.1	412	246	6	186994	188208	605	1010	8.15e-65	254
KK365136.1	sp|Q11180|WHT1_CAEEL	29.8	610	356	14	126185	127816	47	650	7.52e-54	210
KK365136.1	sp|Q09466|WHT3_CAEEL	27.7	495	339	6	126230	127669	55	545	3.62e-49	195
KK365136.1	sp|Q08234|YO075_YEAST	37.0	273	150	6	126230	126988	708	978	2.37e-36	160
KK365136.1	sp|Q58558|Y1157_METJA	33.6	301	181	9	35208	36077	39	331	2.56e-33	141
KK365136.1	sp|Q9SJK6|WBC30_ARATH	32.6	270	161	10	126158	126913	472	738	2.10e-31	144
KK365136.1	sp|Q8STN5|Y9F0_ENCCU	39.2	204	119	3	23202	23801	8	210	6.06e-27	118
KK365136.1	sp|Q9C0V4|YOM2_SCHPO	36.6	175	83	5	103124	103567	559	732	9.79e-22	112
KK365136.1	sp|Q09575|YRD6_CAEEL	29.5	241	164	5	5101	5811	437	675	1.02e-19	106
KK365136.1	sp|Q58967|Y1572_METJA	32.9	231	129	9	126191	126835	7	227	4.38e-17	92.0
KK365136.1	sp|Q8KFD6|Y391_CHLTE	31.9	216	126	8	126227	126832	20	228	3.28e-16	89.7
KK365136.1	sp|Q06251|YL177_YEAST	36.9	122	62	5	103229	103558	447	565	9.04e-09	69.7
KK365136.1	sp|Q58639|Y1242_METJA	28.2	241	134	9	126170	126814	288	515	6.94e-08	66.6
KK365136.1	sp|Q59056|Y1662_METJA	24.1	278	141	9	126221	126859	270	542	9.41e-08	66.2
KK365136.1	sp|O94720|YCF8_SCHPO	34.4	90	54	1	14859	14590	359	443	1.70e-05	58.9
KK365136.1	sp|P9WQI6|Y2326_MYCTO	29.6	169	105	5	126236	126721	497	658	5.81e-05	57.4
KK365136.1	sp|P9WQI7|Y2326_MYCTU	29.6	169	105	5	126236	126721	497	658	5.81e-05	57.4
KK365136.1	sp|P63400|Y2353_MYCBO	29.6	169	105	5	126236	126721	497	658	5.81e-05	57.4
KK365136.1	sp|Q58055|Y638_METJA	30.2	162	80	7	23313	23786	47	179	1.00e-04	54.3
KK365137.1	sp|Q9P7T8|YIW2_SCHPO	32.0	701	359	22	24099	22210	662	1315	1.49e-65	257
KK365137.1	sp|Q7LHG5|YI31B_YEAST	36.0	433	265	5	127048	128325	608	1035	1.95e-64	253
KK365137.1	sp|Q99315|YG31B_YEAST	36.0	433	265	5	127048	128325	582	1009	3.78e-64	252
KK365137.1	sp|Q09475|YP93_CAEEL	29.7	734	389	23	24180	22189	703	1379	6.57e-64	251
KK365137.1	sp|Q54XN7|Y8827_DICDI	30.0	653	341	23	23985	22171	788	1372	1.70e-52	214
KK365137.1	sp|Q58371|Y961_METJA	33.4	350	185	7	161091	160180	325	672	1.43e-33	149
KK365137.1	sp|Q17320|WHITE_CERCA	29.8	289	176	8	204924	205730	103	384	4.90e-21	109
KK365137.1	sp|P10090|WHITE_DROME	30.6	248	153	5	204924	205625	112	354	8.76e-21	108
KK365137.1	sp|Q60275|Y3513_METJA	27.4	336	187	12	161091	160192	262	576	3.79e-15	90.1
KK365137.1	sp|Q08234|YO075_YEAST	25.7	261	167	4	204954	205658	54	313	8.60e-14	86.7
KK365137.1	sp|O13799|YE02_SCHPO	49.4	89	36	2	22497	22258	429	517	2.57e-12	81.6
KK365137.1	sp|Q03785|VHS1_YEAST	25.4	232	140	6	109961	109329	115	334	2.48e-06	61.2
KK365137.1	sp|Q54F40|Y1133_DICDI	30.8	156	94	7	110123	109677	175	323	4.85e-06	60.8
KK365137.1	sp|O94720|YCF8_SCHPO	49.1	53	26	1	86313	86468	418	470	8.93e-06	59.7
KK365138.1	sp|Q58859|Y1464_METJA	33.7	270	164	5	109531	110316	5	267	4.66e-30	132
KK365138.1	sp|Q1XDL4|YCF42_PYRYE	35.0	163	105	1	5691	5206	16	178	1.77e-26	116
KK365138.1	sp|Q55624|Y755_SYNY3	38.6	166	100	2	5691	5200	13	178	1.82e-26	116
KK365138.1	sp|P51272|YCF42_PORPU	33.7	163	107	1	5691	5206	16	178	5.26e-25	112
KK365138.1	sp|P49537|YCF42_TRICV	32.4	142	95	1	5625	5203	36	177	3.90e-18	92.8
KK365139.1	sp|Q7LHG5|YI31B_YEAST	40.8	409	231	4	44305	43085	635	1034	1.43e-75	288
KK365139.1	sp|Q99315|YG31B_YEAST	40.6	409	232	4	44305	43085	609	1008	4.00e-75	287
KK365139.1	sp|O05209|VAT_THEAC	31.6	557	250	16	6344	7831	225	711	8.37e-60	229
KK365139.1	sp|O28972|Y1297_ARCFU	29.9	551	258	13	6344	7822	217	697	2.51e-57	222
KK365139.1	sp|O14325|YB7A_SCHPO	29.5	550	318	15	6344	7831	209	742	9.70e-56	218
KK365139.1	sp|Q58556|Y1156_METJA	30.1	531	245	13	6344	7762	214	676	1.10e-54	217
KK365139.1	sp|O14114|YEJJ_SCHPO	42.1	235	127	3	7079	7756	259	493	1.48e-39	171
KK365139.1	sp|Q58803|Y1408_METJA	35.4	243	151	4	111053	110328	53	290	3.42e-38	155
KK365139.1	sp|F4IAE9|Y1591_ARATH	41.1	236	128	4	7076	7753	373	607	7.84e-37	162
KK365139.1	sp|F3YDF1|YMEL1_DROME	38.2	225	135	2	7082	7747	298	521	2.85e-35	154
KK365139.1	sp|P54813|YME1_CAEEL	37.8	233	138	4	7064	7747	236	466	2.41e-34	151
KK365139.1	sp|Q9C0W2|YHI5_SCHPO	41.5	234	124	6	7088	7756	368	599	3.01e-34	153
KK365139.1	sp|P32795|YME1_YEAST	33.8	260	163	5	7004	7759	244	502	4.83e-33	147
KK365139.1	sp|Q09803|VPS4_SCHPO	36.6	262	145	7	7019	7756	93	349	8.74e-32	139
KK365139.1	sp|P46508|YME1_SCHMA	35.7	230	143	3	7082	7759	160	388	1.01e-31	142
KK365139.1	sp|Q9P7J5|YJNA_SCHPO	36.3	248	145	8	7082	7795	83	327	9.19e-31	134
KK365139.1	sp|O88967|YMEL1_MOUSE	34.2	240	150	4	7088	7795	277	512	2.53e-30	139
KK365139.1	sp|Q96TA2|YMEL1_HUMAN	34.2	240	150	4	7088	7795	335	570	3.49e-30	139
KK365139.1	sp|O59824|YME1_SCHPO	34.4	256	158	5	7007	7753	238	490	1.32e-29	136
KK365139.1	sp|Q5AG40|VPS4_CANAL	34.9	229	139	6	7088	7756	131	355	3.81e-29	131
KK365139.1	sp|Q925S8|YMEL1_RAT	33.3	240	152	4	7088	7795	277	512	1.29e-28	133
KK365139.1	sp|P52917|VPS4_YEAST	35.8	229	137	6	7088	7756	129	353	1.74e-27	126
KK365139.1	sp|Q9ZNT0|VPS4_ARATH	36.5	222	130	6	7088	7732	128	345	4.10e-27	125
KK365139.1	sp|Q54PT2|VPS4_DICDI	34.7	245	147	7	7019	7735	111	348	1.15e-26	124
KK365139.1	sp|D0FH76|VPS4_BOMMO	35.8	229	132	7	7097	7756	127	349	8.71e-25	118
KK365140.1	sp|Q99315|YG31B_YEAST	30.7	592	354	16	113573	115207	563	1145	1.27e-61	243
KK365140.1	sp|Q7LHG5|YI31B_YEAST	30.7	592	354	16	113573	115207	589	1171	1.51e-61	243
KK365140.1	sp|Q08234|YO075_YEAST	35.7	277	149	7	182412	181657	705	977	9.18e-36	158
KK365140.1	sp|Q9SJK6|WBC30_ARATH	34.2	257	152	6	182448	181729	482	738	3.57e-33	149
KK365140.1	sp|O34750|YFML_BACSU	28.0	336	232	8	53372	54355	30	363	6.01e-30	132
KK365140.1	sp|Q54Y06|Y8487_DICDI	26.3	339	187	12	90617	91612	64	346	2.16e-13	84.3
KK365140.1	sp|O13876|YPT4_SCHPO	26.5	185	122	4	38511	37972	1	176	2.07e-11	73.9
KK365140.1	sp|Q59056|Y1662_METJA	27.9	272	121	9	182397	181789	275	540	3.93e-10	73.6
KK365140.1	sp|P0A9X3|ZNUC_ECO57	29.3	191	120	5	182406	181843	17	195	1.85e-09	68.6
KK365140.1	sp|A1AC19|ZNUC_ECOK1	29.3	191	120	5	182406	181843	17	195	1.85e-09	68.6
KK365140.1	sp|Q0TGX4|ZNUC_ECOL5	29.3	191	120	5	182406	181843	17	195	1.85e-09	68.6
KK365140.1	sp|P0A9X2|ZNUC_ECOL6	29.3	191	120	5	182406	181843	17	195	1.85e-09	68.6
KK365140.1	sp|P0A9X1|ZNUC_ECOLI	29.3	191	120	5	182406	181843	17	195	1.85e-09	68.6
KK365140.1	sp|Q1RAS6|ZNUC_ECOUT	29.3	191	120	5	182406	181843	17	195	1.85e-09	68.6
KK365140.1	sp|Q322E8|ZNUC_SHIBS	29.3	191	120	5	182406	181843	17	195	1.85e-09	68.6
KK365140.1	sp|Q3Z2L6|ZNUC_SHISS	29.3	191	120	5	182406	181843	17	195	1.85e-09	68.6
KK365140.1	sp|Q0T3U8|ZNUC_SHIF8	29.3	191	120	5	182406	181843	17	195	2.50e-09	68.2
KK365140.1	sp|Q83KR7|ZNUC_SHIFL	29.3	191	120	5	182406	181843	17	195	2.50e-09	68.2
KK365140.1	sp|P33982|Y3926_AZOC5	26.2	210	134	6	182406	181819	57	259	2.86e-09	68.6
KK365140.1	sp|Q32HA3|ZNUC_SHIDS	29.3	191	120	5	182406	181843	17	195	3.37e-09	67.8
KK365140.1	sp|P44662|Y361_HAEIN	27.3	198	127	5	182397	181843	24	217	1.24e-08	67.0
KK365140.1	sp|Q5FHB0|ZNUC_EHRRG	27.0	230	138	8	182454	181798	20	230	3.70e-06	58.5
KK365140.1	sp|Q5HBR8|ZNUC_EHRRW	27.0	230	138	8	182454	181798	20	230	3.70e-06	58.5
KK365140.1	sp|Q57CD8|Y1365_BRUAB	30.5	203	125	6	182406	181828	17	213	9.15e-05	54.3
KK365140.1	sp|Q8FZV2|Y1368_BRUSU	30.5	203	125	6	182406	181828	17	213	9.15e-05	54.3
KK365141.1	sp|Q58129|Y719_METJA	44.6	599	308	11	108541	106772	14	597	1.18e-147	481
KK365141.1	sp|P75093|Y020_MYCPN	29.4	480	283	6	22377	23807	566	992	3.94e-49	201
KK365141.1	sp|P47264|Y018_MYCGE	29.1	470	278	10	22407	23807	576	993	1.04e-46	193
KK365141.1	sp|P94593|YWQA_BACSU	27.1	510	301	14	22386	23864	443	898	6.59e-41	174
KK365141.1	sp|P54509|YQHH_BACSU	25.3	451	282	12	22479	23807	80	483	4.21e-25	120
KK365141.1	sp|Q10332|YBMA_SCHPO	30.1	329	172	11	22413	23249	233	553	6.69e-22	112
KK365141.1	sp|Q897I2|Y753_CLOTE	27.5	386	216	13	107962	106946	25	393	1.26e-19	102
KK365141.1	sp|Q89AJ0|ZNUC_BUCBP	29.6	186	120	3	107434	106907	32	216	7.88e-13	78.2
KK365141.1	sp|O06476|YFMR_BACSU	24.7	514	273	17	108250	106949	33	512	3.23e-12	80.5
KK365141.1	sp|Q73R11|Y282_TREDE	25.6	359	221	14	107947	106949	129	467	1.13e-11	78.2
KK365141.1	sp|P57403|ZNUC_BUCAI	28.3	166	112	3	107443	106961	29	192	9.82e-11	72.0
KK365141.1	sp|Q7N545|ZNUC_PHOLL	31.9	166	100	4	107434	106961	32	192	6.04e-10	70.1
KK365141.1	sp|P94420|YCLP_BACSU	23.5	221	133	4	108328	107711	5	204	7.52e-10	69.7
KK365141.1	sp|Q65UG3|ZNUC_MANSM	33.5	179	106	6	107434	106931	38	214	1.22e-09	69.3
KK365141.1	sp|A1JRI2|ZNUC_YERE8	30.2	162	108	2	107434	106961	32	192	3.34e-09	67.8
KK365141.1	sp|Q66AT7|ZNUC_YERPS	30.1	183	116	4	107437	106910	32	209	3.39e-09	67.8
KK365141.1	sp|Q57NA5|ZNUC_SALCH	28.7	171	111	3	107452	106961	26	192	4.44e-09	67.4
KK365141.1	sp|Q5PIA5|ZNUC_SALPA	28.7	171	111	3	107452	106961	26	192	4.44e-09	67.4
KK365141.1	sp|Q8ZNV7|ZNUC_SALTY	28.7	171	111	3	107452	106961	26	192	4.44e-09	67.4
KK365141.1	sp|Q68Y13|ZNUC_RICTY	28.2	181	124	2	107473	106949	18	198	4.48e-09	67.0
KK365141.1	sp|Q1C812|ZNUC_YERPA	30.1	166	105	3	107437	106961	32	193	4.57e-09	67.4
KK365141.1	sp|Q7CIC2|ZNUC_YERPE	30.1	166	105	3	107437	106961	32	193	4.57e-09	67.4
KK365141.1	sp|Q1CJG3|ZNUC_YERPN	30.1	166	105	3	107437	106961	32	193	4.57e-09	67.4
KK365141.1	sp|Q8Z5W6|ZNUC_SALTI	28.7	171	111	3	107452	106961	26	192	5.98e-09	67.0
KK365141.1	sp|Q9CP24|ZNUC_PASMU	33.1	154	96	4	107440	106994	36	187	1.29e-08	66.2
KK365142.1	sp|Q99315|YG31B_YEAST	33.7	427	271	5	4570	5823	585	1008	9.06e-58	231
KK365142.1	sp|Q7LHG5|YI31B_YEAST	33.5	427	272	5	4570	5823	611	1034	5.59e-57	228
KK365142.1	sp|Q8K9V2|YCHF_BUCAP	35.1	379	196	7	128544	129608	6	358	2.55e-50	191
KK365142.1	sp|P57288|YCHF_BUCAI	34.0	379	200	8	128544	129608	6	358	2.17e-49	188
KK365142.1	sp|P37518|YCHF_BACSU	31.9	386	213	7	128535	129614	3	364	3.28e-49	187
KK365142.1	sp|Q7VMI2|YCHF_HAEDU	32.8	381	207	7	128544	129614	6	361	8.72e-48	183
KK365142.1	sp|Q9CP90|YCHF_PASMU	32.3	384	205	8	128544	129614	6	361	4.02e-47	181
KK365142.1	sp|P44681|YCHF_HAEIN	32.3	384	205	8	128544	129614	6	361	7.40e-47	181
KK365142.1	sp|P47270|YCHF_MYCGE	33.9	386	206	9	128535	129614	2	364	5.90e-45	175
KK365142.1	sp|P0ABU3|YCHF_ECO57	31.4	382	207	8	128544	129608	6	359	2.37e-42	167
KK365142.1	sp|P0ABU2|YCHF_ECOLI	31.4	382	207	8	128544	129608	6	359	2.37e-42	167
KK365142.1	sp|P0ABU4|YCHF_SHIFL	31.4	382	207	8	128544	129608	6	359	2.37e-42	167
KK365142.1	sp|P38746|YLF2_YEAST	32.7	422	205	12	128520	129632	12	405	5.51e-41	165
KK365142.1	sp|Q89AR6|YCHF_BUCBP	32.5	385	195	11	128544	129602	6	357	4.19e-40	161
KK365142.1	sp|O14078|YEAD_SCHPO	32.2	397	217	13	128502	129614	35	405	7.55e-36	150
KK365142.1	sp|P75088|YCHF_MYCPN	32.2	370	204	8	128535	129569	2	349	3.96e-33	140
KK365142.1	sp|Q58728|Y1332_METJA	26.0	420	222	15	128541	129623	4	393	3.37e-12	79.0
KK365142.1	sp|Q9UT06|YLWB_SCHPO	40.0	105	46	2	128541	128846	239	329	1.56e-09	70.9
KK365143.1	sp|Q7LHG5|YI31B_YEAST	33.4	416	266	5	59171	60400	633	1043	1.87e-57	229
KK365143.1	sp|Q99315|YG31B_YEAST	33.2	416	267	5	59171	60400	607	1017	2.03e-57	229
KK365143.1	sp|P38555|YPT31_YEAST	57.0	172	73	1	52904	53419	5	175	1.00e-51	189
KK365143.1	sp|P51996|YPT32_YEAST	57.0	172	73	1	52904	53419	5	175	1.32e-51	189
KK365143.1	sp|Q39572|YPTC6_CHLRE	47.2	214	100	4	52913	53530	7	215	6.97e-51	187
KK365143.1	sp|Q01111|YPT3_NICPL	53.8	169	77	1	52913	53419	8	175	3.03e-49	182
KK365143.1	sp|P17610|YPT3_SCHPO	52.7	169	79	1	52913	53419	5	172	1.71e-48	180
KK365143.1	sp|Q39571|YPTC1_CHLRE	52.6	173	64	2	56047	55550	1	162	2.22e-48	179
KK365143.1	sp|P49378|XYL1_KLULA	34.7	308	176	6	106218	105364	12	317	2.51e-48	184
KK365143.1	sp|P16976|YPTM1_MAIZE	53.0	166	74	3	56047	55550	1	162	2.61e-48	179
KK365143.1	sp|P31584|YPTV1_VOLCA	52.6	173	64	2	56047	55550	1	162	5.62e-48	178
KK365143.1	sp|P33723|YPT1_NEUCR	43.0	214	100	3	56047	55439	1	203	7.66e-48	177
KK365143.1	sp|P01123|YPT1_YEAST	53.0	166	74	2	56047	55550	1	162	8.44e-48	177
KK365143.1	sp|Q01890|YPT1_PHYIN	53.6	166	73	3	56047	55550	1	162	1.33e-47	177
KK365143.1	sp|Q05737|YPTM2_MAIZE	53.0	166	74	2	56047	55550	1	162	2.64e-47	176
KK365143.1	sp|P11620|YPT1_SCHPO	43.0	207	110	3	56047	55439	1	203	1.24e-46	174
KK365143.1	sp|P87039|XYL2_CANTR	35.1	299	176	6	106209	105364	17	314	2.16e-46	178
KK365143.1	sp|Q12458|YPR1_YEAST	37.5	288	150	12	106206	105388	20	292	9.73e-46	176
KK365143.1	sp|Q58556|Y1156_METJA	33.7	395	228	10	39960	38818	181	555	9.77e-46	189
KK365143.1	sp|Q10494|YDG7_SCHPO	33.3	300	187	6	106218	105340	20	313	1.25e-45	176
KK365143.1	sp|O13283|XYL1_CANTR	34.8	299	177	6	106209	105364	17	314	4.63e-45	174
KK365143.1	sp|Q9P430|XYL1_SCHSH	32.1	302	187	6	106218	105364	13	313	8.32e-45	173
KK365143.1	sp|P31867|XYL1_PICST	34.7	300	176	7	106209	105364	11	308	4.55e-44	171
KK365143.1	sp|O34678|YTBE_BACSU	34.9	292	155	7	106218	105361	13	275	1.81e-43	168
KK365143.1	sp|P36861|YPTV2_VOLCA	45.4	174	86	2	56038	55526	9	176	2.36e-43	165
KK365144.1	sp|Q99315|YG31B_YEAST	25.1	876	584	20	42772	40331	578	1443	2.01e-59	236
KK365144.1	sp|Q7LHG5|YI31B_YEAST	25.0	875	584	20	42772	40334	604	1468	7.16e-59	234
KK365144.1	sp|Q58556|Y1156_METJA	49.3	227	114	1	63898	63218	174	399	5.21e-58	227
KK365144.1	sp|O05209|VAT_THEAC	41.1	280	155	2	63943	63134	447	726	4.17e-53	209
KK365144.1	sp|Q8SQZ4|YAK1_ENCCU	43.8	258	137	6	15480	16241	1	254	1.50e-51	196
KK365144.1	sp|O28972|Y1297_ARCFU	42.0	243	141	0	63943	63215	435	677	3.78e-51	203
KK365144.1	sp|P14680|YAK1_YEAST	43.3	261	137	6	15468	16226	325	582	7.59e-48	194
KK365144.1	sp|Q54QV3|YAKA_DICDI	43.5	255	134	5	15486	16226	166	418	1.19e-46	194
KK365144.1	sp|Q925S8|YMEL1_RAT	37.5	261	159	2	63937	63155	266	522	6.43e-44	181
KK365144.1	sp|O88967|YMEL1_MOUSE	37.5	261	159	2	63937	63155	266	522	1.15e-43	180
KK365144.1	sp|Q96TA2|YMEL1_HUMAN	37.2	261	160	2	63937	63155	324	580	6.88e-43	178
KK365144.1	sp|Q9HGM3|YTA12_SCHPO	39.9	258	145	5	63892	63140	293	547	2.16e-42	177
KK365144.1	sp|O14325|YB7A_SCHPO	40.2	229	134	2	63898	63218	487	714	2.29e-42	177
KK365144.1	sp|Q9C0W2|YHI5_SCHPO	42.6	237	123	5	63901	63218	366	598	8.38e-41	174
KK365144.1	sp|O14114|YEJJ_SCHPO	40.9	235	124	6	63892	63218	263	492	4.20e-40	172
KK365144.1	sp|O59824|YME1_SCHPO	37.3	263	158	4	63910	63137	257	517	6.20e-40	168
KK365144.1	sp|Q8RWH3|YAK1_ARATH	39.8	261	146	5	15486	16241	83	341	6.05e-39	167
KK365144.1	sp|O00308|WWP2_HUMAN	30.6	369	236	7	84489	85544	502	867	2.45e-36	159
KK365144.1	sp|Q9DBH0|WWP2_MOUSE	31.4	370	232	8	84489	85544	502	867	3.23e-36	158
KK365144.1	sp|Q92GP9|Y1073_RICCN	33.5	242	153	3	67502	68203	324	565	8.44e-31	138
KK365144.1	sp|Q57180|Y1051_HAEIN	37.3	220	132	2	67568	68209	379	598	9.40e-30	135
KK365144.1	sp|Q9WYC4|Y288_THEMA	29.0	300	208	3	67313	68197	281	580	3.38e-29	134
KK365144.1	sp|P47261|Y015_MYCGE	27.3	286	203	3	67367	68209	296	581	7.26e-28	129
KK365144.1	sp|P75094|Y019_MYCPN	31.6	244	160	4	67487	68209	387	626	5.82e-27	127
KK365144.1	sp|Q9QYM7|XPF_CRIGR	28.6	322	172	8	108350	107559	576	897	4.58e-25	122
KK365146.1	sp|Q10309|YD56_SCHPO	40.5	980	466	16	125449	128319	92	977	5.11e-203	658
KK365146.1	sp|O94296|YOOC_SCHPO	30.7	1003	529	26	125434	128193	155	1074	2.97e-104	374
KK365146.1	sp|O28972|Y1297_ARCFU	48.7	269	117	3	96787	96035	172	437	4.62e-64	241
KK365146.1	sp|Q58556|Y1156_METJA	47.1	242	127	1	96811	96086	434	674	5.48e-58	226
KK365146.1	sp|O05209|VAT_THEAC	47.2	265	115	4	96763	96035	188	449	1.51e-57	222
KK365146.1	sp|O14325|YB7A_SCHPO	41.7	230	130	2	96772	96089	487	714	4.26e-42	176
KK365146.1	sp|F4IAE9|Y1591_ARATH	40.6	249	138	4	96769	96044	377	622	2.26e-41	176
KK365146.1	sp|P40341|YTA12_YEAST	39.4	249	142	4	96760	96032	347	592	4.59e-41	173
KK365146.1	sp|Q09709|YA32_SCHPO	37.6	255	141	6	111964	111248	22	274	2.78e-40	162
KK365146.1	sp|P54813|YME1_CAEEL	39.7	252	147	3	96763	96017	246	495	2.38e-39	166
KK365146.1	sp|P46508|YME1_SCHMA	38.2	225	137	2	96769	96095	162	384	5.14e-39	164
KK365146.1	sp|O14114|YEJJ_SCHPO	39.2	232	131	4	96763	96089	264	492	1.49e-38	167
KK365146.1	sp|Q9C0W2|YHI5_SCHPO	38.6	251	142	5	96760	96035	371	618	2.60e-38	166
KK365146.1	sp|Q9UN37|VPS4A_HUMAN	37.4	246	141	9	96808	96086	111	348	9.76e-34	144
KK365146.1	sp|Q8VEJ9|VPS4A_MOUSE	37.4	246	141	9	96808	96086	111	348	9.76e-34	144
KK365146.1	sp|Q793F9|VPS4A_RAT	37.4	246	141	9	96808	96086	111	348	9.76e-34	144
KK365146.1	sp|D0FH76|VPS4_BOMMO	38.4	242	140	7	96802	96086	114	349	5.98e-33	142
KK365146.1	sp|Q09803|VPS4_SCHPO	36.2	265	150	9	96859	96074	103	351	2.59e-31	137
KK365146.1	sp|Q0VD48|VPS4B_BOVIN	37.0	238	140	7	96787	96086	124	355	1.91e-30	134
KK365146.1	sp|Q9ZNT0|VPS4_ARATH	39.2	240	132	10	96802	96098	118	348	2.96e-30	134
KK365146.1	sp|Q5AG40|VPS4_CANAL	41.8	196	104	6	96787	96209	125	313	5.76e-30	133
KK365146.1	sp|O75351|VPS4B_HUMAN	36.6	238	141	7	96787	96086	124	355	8.44e-30	132
KK365146.1	sp|P46467|VPS4B_MOUSE	36.1	238	142	7	96787	96086	124	355	1.14e-29	132
KK365146.1	sp|Q5R658|VPS4B_PONAB	36.6	238	141	7	96787	96086	124	355	1.53e-29	132
KK365146.1	sp|P52917|VPS4_YEAST	35.3	272	160	9	96799	96005	119	381	2.46e-29	131
KK365147.1	sp|Q54IF2|Y0670_DICDI	40.1	287	167	3	21672	22526	166	449	1.20e-62	235
KK365147.1	sp|J9W0G9|YPK1_CRYNH	38.2	304	176	6	21678	22568	240	538	1.58e-60	227
KK365147.1	sp|Q8MYF1|Y2070_DICDI	36.5	315	186	7	21627	22550	107	414	4.31e-58	216
KK365147.1	sp|P12688|YPK1_YEAST	36.3	306	183	6	21678	22574	342	642	7.08e-57	219
KK365147.1	sp|P18961|YPK2_YEAST	37.6	306	180	5	21678	22577	339	639	2.96e-56	217
KK365147.1	sp|Q9VA38|WARTS_DROME	30.5	351	186	9	21606	22508	691	1033	2.47e-39	169
KK365147.1	sp|Q1ZXI5|Y1558_DICDI	29.9	344	167	8	21678	22496	751	1091	1.55e-35	157
KK365147.1	sp|O45797|WARTS_CAEEL	29.3	389	206	13	21600	22577	469	851	2.25e-33	149
KK365147.1	sp|P38070|YPK3_YEAST	26.7	363	194	9	21681	22562	124	483	8.39e-31	137
KK365147.1	sp|Q54C18|Y9452_DICDI	30.7	283	173	6	21681	22511	228	493	8.20e-28	128
KK365147.1	sp|Q12152|YP150_YEAST	33.2	256	150	6	21672	22418	34	275	6.87e-26	125
KK365147.1	sp|Q8MYQ1|Y31E_CAEEL	28.6	283	189	7	21678	22511	121	395	8.49e-24	114
KK365147.1	sp|Q54XJ4|Y8901_DICDI	29.0	279	181	8	21666	22478	13	282	3.27e-23	117
KK365147.1	sp|Q54QI2|Y9877_DICDI	31.9	216	136	6	21660	22295	2	210	2.25e-19	103
KK365147.1	sp|Q54PX0|Y4251_DICDI	27.7	271	176	6	21678	22469	31	288	2.07e-17	95.9
KK365147.1	sp|Q54DC8|Y2350_DICDI	32.1	212	126	4	21711	22316	941	1144	5.89e-15	89.7
KK365147.1	sp|Q8SRF5|Y823_ENCCU	29.4	211	120	8	21708	22307	9	201	1.88e-11	74.3
KK365147.1	sp|C0LGV0|Y5487_ARATH	30.3	221	135	9	21705	22334	610	822	3.68e-11	77.0
KK365147.1	sp|C0LGE0|Y1765_ARATH	29.1	213	132	6	21669	22274	670	874	6.74e-11	76.3
KK365147.1	sp|Q54RZ7|Y1199_DICDI	31.7	167	108	4	21933	22418	1454	1619	2.33e-10	74.7
KK365147.1	sp|Q55A55|Y9848_DICDI	29.7	185	100	7	21936	22418	674	852	5.76e-10	73.2
KK365147.1	sp|C0LGN2|Y3148_ARATH	27.9	215	131	6	21669	22274	664	867	1.72e-09	71.6
KK365147.1	sp|C0LGG7|Y1534_ARATH	25.5	212	140	5	21669	22274	616	819	1.09e-06	62.4
KK365147.1	sp|Q3EDL4|Y1154_ARATH	28.1	224	131	11	21708	22331	159	368	4.64e-06	59.7
KK365147.1	sp|O86236|Y132A_HAEIN	30.1	103	70	1	25030	24722	4	104	1.31e-04	50.8
KK365149.1	sp|O94296|YOOC_SCHPO	29.1	965	576	23	108077	110749	155	1085	5.12e-84	312
KK365149.1	sp|Q8SR90|Y8H9_ENCCU	43.1	295	168	0	77888	77004	4	298	6.62e-71	248
KK365149.1	sp|O28972|Y1297_ARCFU	48.4	246	114	4	106635	107342	161	403	3.52e-58	224
KK365149.1	sp|O05209|VAT_THEAC	41.2	262	149	3	106650	107426	460	719	2.35e-52	206
KK365149.1	sp|Q58556|Y1156_METJA	48.3	230	115	3	106656	107342	174	400	6.46e-52	207
KK365149.1	sp|P40341|YTA12_YEAST	39.3	247	145	3	106668	107396	347	592	1.10e-43	181
KK365149.1	sp|Q10309|YD56_SCHPO	24.1	916	558	27	108092	110680	92	923	8.60e-43	180
KK365149.1	sp|P32795|YME1_YEAST	38.1	260	156	3	106653	107429	275	530	6.49e-39	165
KK365149.1	sp|P54813|YME1_CAEEL	39.6	245	144	3	106665	107396	246	487	1.63e-38	164
KK365149.1	sp|O59824|YME1_SCHPO	39.0	259	149	4	106668	107429	266	520	1.89e-38	163
KK365149.1	sp|O14325|YB7A_SCHPO	38.0	255	144	4	106656	107387	487	738	6.18e-38	162
KK365149.1	sp|O88967|YMEL1_MOUSE	38.6	233	139	3	106665	107360	279	508	6.30e-38	162
KK365149.1	sp|F4I114|Y1960_ARATH	36.0	297	178	7	77891	77031	162	456	8.31e-38	161
KK365149.1	sp|Q925S8|YMEL1_RAT	38.2	233	140	3	106665	107360	279	508	8.39e-38	161
KK365149.1	sp|Q9ZVM9|Y1461_ARATH	34.9	289	176	7	77888	77052	118	404	8.42e-38	159
KK365149.1	sp|Q96TA2|YMEL1_HUMAN	38.6	233	139	3	106665	107360	337	566	1.04e-37	162
KK365149.1	sp|Q8SQU8|YBC9_ENCCU	31.9	282	187	2	77903	77073	8	289	1.83e-37	151
KK365149.1	sp|Q09803|VPS4_SCHPO	36.4	236	141	5	106644	107342	120	349	4.09e-35	148
KK365149.1	sp|Q10332|YBMA_SCHPO	27.0	607	347	18	103750	102116	233	805	9.50e-35	153
KK365149.1	sp|P52917|VPS4_YEAST	36.9	236	140	5	106644	107342	124	353	1.49e-34	146
KK365149.1	sp|Q8SRF5|Y823_ENCCU	35.7	213	131	2	77873	77244	9	218	1.60e-33	138
KK365149.1	sp|P46467|VPS4B_MOUSE	34.7	236	142	7	106650	107342	127	355	6.16e-33	142
KK365149.1	sp|Q5AG40|VPS4_CANAL	36.0	236	142	5	106644	107342	126	355	1.85e-32	140
KK365149.1	sp|O75351|VPS4B_HUMAN	34.7	236	142	7	106650	107342	127	355	2.73e-32	140
KK365149.1	sp|Q0VD48|VPS4B_BOVIN	34.3	236	143	7	106650	107342	127	355	3.68e-32	139
KK365150.1	sp|Q7LHG5|YI31B_YEAST	31.1	119	80	1	10720	10364	729	845	1.91e-05	58.2
KK365150.1	sp|Q99315|YG31B_YEAST	31.1	119	80	1	10720	10364	703	819	1.92e-05	58.2
KK365151.1	sp|O74789|YOU5_SCHPO	49.4	344	129	3	33227	34126	6	348	1.08e-102	340
KK365151.1	sp|Q10298|YD44_SCHPO	51.6	304	143	2	33227	34126	4	307	1.11e-99	330
KK365151.1	sp|Q54LR6|Y6481_DICDI	41.7	333	180	2	53958	54953	280	599	2.34e-74	268
KK365151.1	sp|P48459|YSD1_CAEEL	36.6	298	175	6	33230	34090	45	339	2.85e-59	216
KK365151.1	sp|Q7LHG5|YI31B_YEAST	34.1	214	141	0	29495	30136	621	834	4.96e-29	135
KK365151.1	sp|Q99315|YG31B_YEAST	34.1	214	141	0	29495	30136	595	808	5.07e-29	135
KK365151.1	sp|F4I114|Y1960_ARATH	36.0	225	129	6	54066	54725	167	381	9.04e-29	133
KK365151.1	sp|Q9ZVM9|Y1461_ARATH	34.4	224	132	5	54069	54725	123	336	3.90e-28	129
KK365151.1	sp|P09052|VASA1_DROME	27.4	391	227	11	34427	35542	246	598	2.53e-27	128
KK365151.1	sp|P47664|Y425_MYCGE	26.3	396	242	10	34430	35569	5	366	3.87e-26	121
KK365151.1	sp|Q5UQD1|YR458_MIMIV	24.8	412	255	12	34457	35563	105	504	1.01e-23	115
KK365151.1	sp|Q8SRF5|Y823_ENCCU	34.5	168	100	6	54216	54710	49	209	9.82e-19	95.5
KK365151.1	sp|Q54Y06|Y8487_DICDI	29.6	250	161	9	54219	54956	108	346	3.59e-18	99.0
KK365151.1	sp|P52271|Y308_MYCGE	24.5	408	252	13	34439	35641	1	359	1.04e-16	92.4
KK365151.1	sp|Q54D75|Y2550_DICDI	30.0	253	155	9	54219	54947	47	287	2.53e-14	87.4
KK365151.1	sp|P34430|YL39_CAEEL	23.7	266	119	5	33269	34033	5	197	8.71e-11	71.6
KK365151.1	sp|Q55CA6|Y0146_DICDI	27.7	253	138	8	54210	54956	121	332	8.85e-11	75.1
KK365151.1	sp|Q54WW7|Y0010_DICDI	23.4	256	172	7	54045	54788	198	437	1.26e-10	74.7
KK365151.1	sp|Q54UZ1|Y1639_DICDI	24.3	321	166	12	54054	54953	86	350	1.65e-09	70.1
KK365151.1	sp|Q54IF2|Y0670_DICDI	28.6	192	115	7	54177	54713	201	383	1.21e-08	68.2
KK365151.1	sp|O57896|WTPC_PYRHO	30.2	212	136	6	68258	68866	2	210	1.83e-08	66.2
KK365151.1	sp|P38070|YPK3_YEAST	31.2	170	87	8	54219	54668	202	361	2.98e-08	66.6
KK365151.1	sp|Q54QI2|Y9877_DICDI	25.3	217	144	7	54033	54668	6	209	3.42e-08	67.0
KK365151.1	sp|Q54C77|Y3184_DICDI	27.1	188	112	9	54210	54740	220	393	6.37e-08	66.2
KK365151.1	sp|P13287|US03_HHV2H	27.3	264	166	10	54204	54947	225	478	7.33e-07	62.0
KK365152.1	sp|Q7LHG5|YI31B_YEAST	34.9	410	256	5	59138	60349	631	1035	4.29e-57	228
KK365152.1	sp|Q99315|YG31B_YEAST	34.9	410	256	5	59138	60349	605	1009	1.05e-56	226
KK365153.1	sp|Q38861|XPB1_ARATH	50.4	703	295	13	37800	39761	46	743	5.07e-196	627
KK365153.1	sp|Q9FUG4|XPB2_ARATH	51.1	696	291	14	37800	39749	46	738	2.28e-195	625
KK365153.1	sp|Q381F9|XPBR_TRYB2	35.2	625	329	14	37890	39560	18	634	1.01e-98	345
KK365153.1	sp|Q580W5|XPB_TRYB2	41.5	417	217	8	38370	39545	362	776	1.13e-82	301
KK365153.1	sp|Q58884|Y1489_METJA	29.2	551	331	18	87	1655	70	589	1.88e-50	199
KK365153.1	sp|Q57568|Y104_METJA	27.6	203	109	7	42586	42092	459	661	5.63e-10	72.4
KK365153.1	sp|O94387|YGSA_SCHPO	33.7	101	51	3	42391	42131	1665	1763	5.52e-07	63.2
KK365153.1	sp|Q86YA3|ZGRF1_HUMAN	38.2	89	43	1	42361	42131	1960	2048	1.25e-06	62.0
KK365153.1	sp|Q0VGT4|ZGRF1_MOUSE	37.1	89	44	1	42361	42131	1721	1809	3.59e-06	60.5
KK365153.1	sp|Q5UQ46|YL396_MIMIV	27.0	174	114	4	38430	38948	98	259	1.47e-05	57.8
KK365153.1	sp|Q86AS0|Y4399_DICDI	35.3	102	55	3	42361	42089	746	847	3.48e-05	57.0
KK365155.1	sp|Q9HE06|YK99_SCHPO	32.4	374	211	10	69630	70643	27	394	1.15e-41	172
KK365155.1	sp|Q5UQ96|YL540_MIMIV	31.0	358	194	17	69675	70622	60	406	5.69e-31	139
KK365155.1	sp|Q06698|YL419_YEAST	28.2	458	237	16	69642	70763	610	1059	2.67e-28	133
KK365155.1	sp|Q7LHG5|YI31B_YEAST	33.8	290	171	8	16798	15962	755	1034	6.18e-28	132
KK365155.1	sp|Q99315|YG31B_YEAST	33.8	290	171	8	16798	15962	729	1008	1.08e-27	131
KK365155.1	sp|O60114|YG65_SCHPO	31.5	238	124	9	70200	70868	906	1119	3.81e-16	93.2
KK365155.1	sp|B2RR83|YTDC2_MOUSE	38.4	159	84	4	70194	70637	638	793	8.29e-14	85.5
KK365155.1	sp|Q9H6S0|YTDC2_HUMAN	37.7	159	85	4	70194	70637	623	778	1.08e-13	85.1
KK365155.1	sp|Q5R746|YTDC2_PONAB	37.7	159	85	4	70194	70637	623	778	1.08e-13	85.1
KK365155.1	sp|P0C7L7|YUM14_USTMA	26.1	238	146	6	70194	70871	1026	1245	2.14e-12	80.9
KK365156.1	sp|Q99315|YG31B_YEAST	32.9	410	264	4	85860	84655	602	1008	1.40e-57	229
KK365156.1	sp|Q7LHG5|YI31B_YEAST	32.9	410	264	4	85860	84655	628	1034	2.23e-57	228
KK365156.1	sp|O74789|YOU5_SCHPO	34.5	177	69	3	90808	90410	160	333	4.56e-23	110
KK365158.1	sp|J9W0G9|YPK1_CRYNH	35.1	265	165	3	84463	83684	241	503	3.34e-38	160
KK365158.1	sp|P12688|YPK1_YEAST	30.9	262	174	3	84472	83702	340	599	1.11e-30	138
KK365158.1	sp|P18961|YPK2_YEAST	32.1	262	171	3	84472	83702	337	596	1.44e-30	138
KK365158.1	sp|Q9CAD5|YODA_ARATH	31.3	259	170	6	84451	83693	400	656	2.20e-30	139
KK365158.1	sp|Q5UQ78|YR517_MIMIV	28.6	304	176	8	84481	83675	3	300	5.56e-26	120
KK365158.1	sp|P09052|VASA1_DROME	30.1	326	195	9	60835	61719	265	588	3.10e-25	121
KK365158.1	sp|Q9SZ67|WRK19_ARATH	31.6	266	155	7	84460	83702	1623	1874	3.15e-25	123
KK365158.1	sp|Q9VA38|WARTS_DROME	30.8	279	141	6	84439	83753	723	999	3.79e-25	122
KK365158.1	sp|P47664|Y425_MYCGE	28.1	345	210	11	60844	61776	26	366	2.05e-21	107
KK365158.1	sp|X5M5N0|WNK_CAEEL	25.6	262	175	7	84448	83708	335	591	2.11e-19	103
KK365158.1	sp|Q9JIH7|WNK1_RAT	25.3	253	177	8	84433	83702	227	476	2.10e-17	97.4
KK365158.1	sp|Q6R2V0|WNK1_PIG	25.3	253	177	8	84433	83702	225	474	2.15e-17	97.4
KK365158.1	sp|P83741|WNK1_MOUSE	25.3	253	177	8	84433	83702	227	476	2.16e-17	97.4
KK365158.1	sp|Q9H4A3|WNK1_HUMAN	25.3	253	177	8	84433	83702	227	476	2.16e-17	97.4
KK365158.1	sp|Q80XP9|WNK3_MOUSE	25.3	253	177	8	84433	83702	152	401	4.45e-17	96.3
KK365158.1	sp|Q8SSH1|Y255_ENCCU	26.5	253	160	7	84460	83702	1	227	1.08e-16	93.2
KK365158.1	sp|Q9BYP7|WNK3_HUMAN	24.9	253	178	8	84433	83702	153	402	1.31e-16	94.7
KK365158.1	sp|Q9LP24|Y1571_ARATH	29.5	220	142	5	84463	83837	847	1064	2.40e-16	93.6
KK365158.1	sp|Q7TPK6|WNK4_RAT	24.0	258	174	8	84433	83702	177	426	3.30e-16	93.2
KK365158.1	sp|Q80UE6|WNK4_MOUSE	24.0	258	174	8	84433	83702	177	426	5.66e-16	92.4
KK365158.1	sp|Q55BA0|Y9866_DICDI	24.3	296	174	6	84463	83711	31	321	6.85e-16	91.7
KK365158.1	sp|Q96J92|WNK4_HUMAN	24.0	258	174	8	84433	83702	180	429	1.28e-15	91.3
KK365158.1	sp|Q3UH66|WNK2_MOUSE	24.4	254	178	8	84433	83702	201	450	7.68e-15	89.0
KK365158.1	sp|Q9Y3S1|WNK2_HUMAN	24.4	254	178	8	84433	83702	201	450	7.79e-15	89.0
KK365158.1	sp|P75335|Y443_MYCPN	25.4	291	199	9	60889	61725	33	317	5.89e-12	77.4
KK365159.1	sp|Q7LHG5|YI31B_YEAST	34.0	412	257	5	30526	29327	627	1035	1.21e-55	223
KK365159.1	sp|Q99315|YG31B_YEAST	34.0	412	257	5	30526	29327	601	1009	1.70e-55	222
KK365159.1	sp|P47664|Y425_MYCGE	28.0	378	254	8	73723	72626	5	376	2.61e-36	151
KK365159.1	sp|P75172|Y623_MYCPN	29.9	341	228	5	73696	72701	14	352	1.60e-35	149
KK365159.1	sp|Q5UQD1|YR458_MIMIV	28.7	397	224	11	73669	72641	114	505	5.77e-35	149
KK365159.1	sp|Q09575|YRD6_CAEEL	27.5	375	239	11	30955	29840	335	679	1.44e-25	124
KK365159.1	sp|P34668|YO12_CAEEL	24.7	344	218	8	73612	72704	158	501	4.46e-19	101
KK365159.1	sp|P52271|Y308_MYCGE	26.2	313	201	7	73612	72692	34	322	7.92e-18	95.5
KK365159.1	sp|Q58969|Y1574_METJA	25.1	358	229	18	73612	72629	62	410	1.30e-08	67.8
KK365160.1	sp|Q7LHG5|YI31B_YEAST	41.0	61	36	0	31548	31366	655	715	9.91e-07	62.0
KK365160.1	sp|Q99315|YG31B_YEAST	41.0	61	36	0	31548	31366	629	689	9.97e-07	62.0
KK365161.1	sp|P77868|Y290_HAEIN	23.6	724	477	20	65492	63480	15	715	5.98e-41	171
KK365161.1	sp|Q5UQW7|YL386_MIMIV	34.0	268	143	5	43661	44443	26	266	7.15e-32	139
KK365161.1	sp|O60162|YG23_SCHPO	24.8	487	273	13	56542	55265	37	491	1.89e-24	118
KK365161.1	sp|Q91FF5|VF369_IIV6	26.4	307	173	8	43664	44437	1	303	2.59e-16	90.9
KK365161.1	sp|Q9ATY5|UVH3_ARATH	31.4	121	80	1	44057	44419	921	1038	3.18e-12	80.1
KK365162.1	sp|Q8SSK3|Y1A1_ENCCU	46.9	143	75	1	5664	5239	52	194	4.80e-34	137
KK365163.1	sp|O13799|YE02_SCHPO	35.7	521	284	19	71413	72885	95	594	1.67e-71	269
KK365163.1	sp|O28972|Y1297_ARCFU	53.5	228	102	2	28581	27901	178	402	1.22e-62	236
KK365163.1	sp|Q58556|Y1156_METJA	46.6	268	135	3	28698	27898	414	674	7.06e-61	234
KK365163.1	sp|O05209|VAT_THEAC	46.8	248	127	3	28581	27847	463	708	1.68e-55	215
KK365163.1	sp|O14325|YB7A_SCHPO	46.6	232	117	4	28587	27901	487	714	4.37e-47	190
KK365163.1	sp|Q9HGM3|YTA12_SCHPO	40.6	256	145	4	28599	27847	286	539	9.71e-47	189
KK365163.1	sp|F3YDF1|YMEL1_DROME	45.3	225	120	2	28581	27907	300	521	3.73e-46	187
KK365163.1	sp|P40341|YTA12_YEAST	39.9	263	153	3	28593	27817	340	601	3.86e-45	185
KK365163.1	sp|O88967|YMEL1_MOUSE	37.5	304	174	5	28716	27844	220	520	1.61e-43	178
KK365163.1	sp|Q96TA2|YMEL1_HUMAN	37.5	304	174	5	28716	27844	278	578	2.28e-43	179
KK365163.1	sp|Q925S8|YMEL1_RAT	37.2	304	175	5	28716	27844	220	520	2.88e-43	177
KK365163.1	sp|P54813|YME1_CAEEL	38.7	256	150	5	28662	27907	214	466	7.54e-41	170
KK365163.1	sp|P32795|YME1_YEAST	39.3	247	145	3	28581	27844	277	519	3.02e-40	169
KK365163.1	sp|P46508|YME1_SCHMA	36.5	249	152	4	28650	27907	141	384	2.92e-38	161
KK365163.1	sp|Q09803|VPS4_SCHPO	39.6	230	130	5	28581	27901	125	348	3.05e-36	150
KK365163.1	sp|Q9ZNT0|VPS4_ARATH	39.7	229	125	8	28581	27910	128	348	4.28e-33	141
KK365163.1	sp|O75351|VPS4B_HUMAN	36.6	238	139	7	28581	27883	130	360	4.07e-32	139
KK365163.1	sp|P52917|VPS4_YEAST	37.7	239	134	7	28581	27883	129	358	6.52e-32	138
KK365163.1	sp|Q5R658|VPS4B_PONAB	36.6	238	139	7	28581	27883	130	360	7.39e-32	138
KK365163.1	sp|Q0VD48|VPS4B_BOVIN	36.6	238	139	7	28581	27883	130	360	9.95e-32	137
KK365163.1	sp|P46467|VPS4B_MOUSE	35.7	238	141	7	28581	27883	130	360	2.43e-31	136
KK365163.1	sp|Q5AG40|VPS4_CANAL	38.0	237	136	6	28581	27883	131	360	4.04e-31	135
KK365163.1	sp|D0FH76|VPS4_BOMMO	35.6	239	140	7	28581	27883	124	354	9.68e-31	134
KK365163.1	sp|Q54PT2|VPS4_DICDI	32.3	260	151	7	28581	27856	131	383	1.16e-29	131
KK365163.1	sp|Q9UN37|VPS4A_HUMAN	34.0	247	148	8	28581	27856	123	359	1.38e-29	131
KK365166.1	sp|P09052|VASA1_DROME	42.1	390	218	7	23776	24933	235	620	6.84e-78	280
KK365166.1	sp|Q4JG17|VASAL_PENVA	40.1	379	213	6	23842	24939	272	649	6.68e-73	266
KK365166.1	sp|Q9W3Y5|Y4443_DROME	29.9	418	270	10	23788	24993	324	734	3.30e-47	190
KK365166.1	sp|Q10298|YD44_SCHPO	38.5	275	154	7	9936	9124	11	274	4.12e-47	178
KK365166.1	sp|O34750|YFML_BACSU	29.3	369	246	6	23842	24948	15	368	8.80e-44	171
KK365166.1	sp|P48458|YT91_CAEEL	35.2	264	160	3	9921	9133	59	312	4.04e-43	169
KK365166.1	sp|P48459|YSD1_CAEEL	34.6	292	172	6	9987	9136	36	316	1.21e-41	164
KK365166.1	sp|O74789|YOU5_SCHPO	36.1	288	135	7	9864	9124	38	317	1.37e-39	158
KK365166.1	sp|Q86B47|Y8611_DROME	29.4	419	206	14	23872	24870	349	763	3.84e-37	160
KK365166.1	sp|Q5UQD1|YR458_MIMIV	28.3	392	228	13	23830	24855	101	489	1.18e-23	114
KK365166.1	sp|P52271|Y308_MYCGE	23.4	367	240	9	23830	24909	3	335	2.91e-16	90.5
KK365166.1	sp|P75335|Y443_MYCPN	25.9	320	204	9	23902	24852	30	319	3.85e-16	90.1
KK365166.1	sp|Q49WS9|Y1627_STAS1	27.9	197	119	7	38283	38819	2	193	9.63e-09	65.1
KK365166.1	sp|P31808|YCIK_ECOLI	25.5	192	127	4	38289	38816	10	201	1.20e-06	58.9
KK365166.1	sp|P25145|Y432_LISMO	25.9	193	124	5	38289	38816	3	193	1.20e-05	55.8
KK365166.1	sp|Q92EK7|Y452_LISIN	25.4	193	125	5	38289	38816	3	193	6.99e-05	53.5
KK365167.1	sp|P75093|Y020_MYCPN	32.0	469	292	9	2635	4026	559	1005	2.25e-56	222
KK365167.1	sp|Q10332|YBMA_SCHPO	26.9	573	282	16	2695	4029	233	796	1.78e-35	154
KK365167.1	sp|Q9UTL0|YIVG_SCHPO	34.2	187	85	4	17550	17065	4	177	4.27e-22	102
KK365167.1	sp|P54509|YQHH_BACSU	23.7	447	298	8	2749	4032	76	498	1.07e-20	105
KK365167.1	sp|P38829|YHS2_YEAST	38.6	132	72	1	17460	17065	107	229	1.89e-18	93.2
KK365167.1	sp|Q8SSK3|Y1A1_ENCCU	38.2	110	54	1	16806	16519	78	187	3.32e-18	92.0
KK365167.1	sp|O13762|YF2C_SCHPO	27.8	335	187	10	2665	3531	240	565	5.84e-17	95.1
KK365167.1	sp|O60177|YG42_SCHPO	32.2	180	115	5	3559	4086	855	1031	4.20e-12	79.3
KK365168.1	sp|Q4L846|URTF_STAHJ	32.8	323	187	9	56565	57458	78	395	7.38e-34	142
KK365168.1	sp|Q6GEQ8|URTF_STAAR	30.3	363	192	11	56475	57398	19	375	1.23e-31	136
KK365168.1	sp|Q49ZB5|URTF_STAS1	29.7	380	200	12	56475	57443	19	388	7.42e-31	134
KK365168.1	sp|Q2FEW1|URTF_STAA3	30.0	363	193	11	56475	57398	19	375	1.83e-30	132
KK365168.1	sp|Q2FW81|URTF_STAA8	30.0	363	193	11	56475	57398	19	375	1.83e-30	132
KK365168.1	sp|Q5HE34|URTF_STAAC	30.0	363	193	11	56475	57398	19	375	1.83e-30	132
KK365168.1	sp|Q99S95|URTF_STAAM	30.0	363	193	11	56475	57398	19	375	1.83e-30	132
KK365168.1	sp|Q7A4A4|URTF_STAAN	30.0	363	193	11	56475	57398	19	375	1.83e-30	132
KK365168.1	sp|Q6G7E3|URTF_STAAS	30.0	363	193	11	56475	57398	19	375	1.83e-30	132
KK365168.1	sp|Q7A0A0|URTF_STAAW	30.0	363	193	11	56475	57398	19	375	1.83e-30	132
KK365168.1	sp|Q2YYH4|URTF_STAAB	30.0	363	193	11	56475	57398	19	375	8.17e-30	130
KK365168.1	sp|Q8CNG6|URTF_STAES	31.8	302	174	8	56571	57398	80	375	1.21e-28	127
KK365168.1	sp|Q5HM59|URTF_STAEQ	31.8	302	174	8	56571	57398	80	375	2.20e-28	126
KK365168.1	sp|Q54UW4|Y0777_DICDI	43.7	71	37	1	26580	26377	318	388	2.22e-05	57.4
KK365169.1	sp|Q9URY3|YLOH_SCHPO	25.2	230	153	4	70154	70786	224	453	3.85e-18	98.2
KK365170.1	sp|O28972|Y1297_ARCFU	46.3	720	349	7	58361	56241	28	722	3.46e-195	622
KK365170.1	sp|Q58556|Y1156_METJA	57.4	502	213	1	57872	56367	176	676	5.98e-187	605
KK365170.1	sp|O05209|VAT_THEAC	53.6	550	241	4	57872	56259	187	734	1.36e-178	575
KK365170.1	sp|O14325|YB7A_SCHPO	38.9	620	325	7	57932	56229	151	768	9.73e-128	429
KK365170.1	sp|F4IAE9|Y1591_ARATH	41.5	277	155	4	57872	57060	378	653	8.13e-53	212
KK365170.1	sp|Q9C0W2|YHI5_SCHPO	31.4	528	299	14	57953	56487	349	852	2.37e-52	211
KK365170.1	sp|O14114|YEJJ_SCHPO	43.9	237	125	3	57872	57183	263	498	6.58e-49	199
KK365170.1	sp|P32795|YME1_YEAST	36.9	309	176	3	57992	57066	239	528	3.66e-48	193
KK365170.1	sp|Q09803|VPS4_SCHPO	38.6	249	141	6	57101	56376	105	348	1.60e-44	175
KK365170.1	sp|P54813|YME1_CAEEL	41.0	256	148	3	57089	56325	233	486	5.19e-44	180
KK365170.1	sp|P52917|VPS4_YEAST	34.6	315	168	8	57071	56223	124	432	5.00e-43	171
KK365170.1	sp|P40341|YTA12_YEAST	34.8	310	169	7	57959	57048	325	607	7.69e-42	174
KK365170.1	sp|F3YDF1|YMEL1_DROME	39.8	251	146	4	57956	57210	273	520	1.12e-41	173
KK365170.1	sp|P46467|VPS4B_MOUSE	37.5	261	147	9	57071	56313	125	377	1.61e-41	166
KK365170.1	sp|Q96TA2|YMEL1_HUMAN	41.6	231	132	3	57068	56379	331	559	2.73e-41	172
KK365170.1	sp|Q9HGM3|YTA12_SCHPO	40.3	238	135	4	57872	57177	293	529	3.63e-41	172
KK365170.1	sp|Q9VA38|WARTS_DROME	34.4	346	162	10	36454	35591	710	1048	3.69e-41	174
KK365170.1	sp|Q0VD48|VPS4B_BOVIN	37.9	256	144	8	57071	56328	125	373	3.98e-41	165
KK365170.1	sp|O75351|VPS4B_HUMAN	38.3	256	143	8	57071	56328	125	373	5.37e-41	165
KK365170.1	sp|O59824|YME1_SCHPO	41.0	239	136	2	57917	57213	249	486	6.03e-41	170
KK365170.1	sp|O88967|YMEL1_MOUSE	40.7	231	134	3	57068	56379	273	501	6.44e-41	170
KK365170.1	sp|Q5R658|VPS4B_PONAB	38.3	256	143	8	57071	56328	125	373	9.81e-41	164
KK365170.1	sp|D0FH76|VPS4_BOMMO	38.6	254	145	7	57071	56328	119	367	1.17e-40	164
KK365170.1	sp|Q9UN37|VPS4A_HUMAN	36.4	236	142	6	57071	56373	118	348	3.81e-40	162
KK365170.1	sp|Q8VEJ9|VPS4A_MOUSE	36.4	236	142	6	57071	56373	118	348	3.81e-40	162
KK365171.1	sp|Q9UUF1|YNF8_SCHPO	35.8	299	141	10	36143	35394	16	312	5.74e-35	143
KK365171.1	sp|P34220|YBF5_YEAST	31.4	261	108	8	35963	35394	158	418	4.67e-22	108
KK365171.1	sp|Q9PRC8|Y017_UREPA	28.6	276	160	10	36155	35391	5	264	1.02e-19	97.8
KK365171.1	sp|P37545|YABD_BACSU	28.0	271	156	11	36152	35400	1	252	1.81e-15	85.1
KK365171.1	sp|P39408|YJJV_ECOLI	26.5	211	132	8	36158	35586	2	209	1.76e-05	55.5
KK365172.1	sp|Q57967|Y547_METJA	25.5	212	139	6	50259	50873	4	203	1.66e-07	61.6
KK365172.1	sp|Q57998|Y578_METJA	41.1	56	33	0	50262	50429	6	61	2.72e-04	52.0
KK365173.1	sp|Q9ZVM9|Y1461_ARATH	33.4	299	175	7	43421	44290	123	406	1.01e-38	161
KK365173.1	sp|F4I114|Y1960_ARATH	32.4	318	191	7	43403	44329	162	464	2.41e-37	159
KK365173.1	sp|Q54D75|Y2550_DICDI	35.0	303	164	8	43424	44293	10	292	7.77e-36	157
KK365173.1	sp|Q8SRF5|Y823_ENCCU	34.5	290	150	7	43406	44266	4	256	1.56e-33	137
KK365173.1	sp|Q556J6|Y4007_DICDI	32.1	237	138	7	43406	44098	4	223	9.81e-24	116
KK365173.1	sp|P14680|YAK1_YEAST	36.0	203	114	6	43517	44092	392	589	6.18e-19	101
KK365173.1	sp|Q54QV3|YAKA_DICDI	31.8	220	128	7	43487	44086	206	423	7.14e-17	95.1
KK365173.1	sp|Q8RWH3|YAK1_ARATH	34.6	179	110	4	43622	44143	184	360	3.74e-16	92.4
KK365173.1	sp|Q9VA38|WARTS_DROME	23.3	279	121	9	43406	44053	719	967	6.10e-04	52.4
KK365173.1	sp|O45797|WARTS_CAEEL	25.5	251	122	8	43424	44032	508	741	7.58e-04	52.0
KK365174.1	sp|Q99315|YG31B_YEAST	28.8	872	539	21	53607	56015	585	1443	1.20e-70	271
KK365174.1	sp|Q7LHG5|YI31B_YEAST	28.8	871	538	21	53607	56012	611	1468	4.07e-70	269
KK365178.1	sp|Q9LJI5|VA0D1_ARATH	20.4	339	235	8	44128	45105	32	348	4.58e-09	67.4
KK365178.1	sp|Q9LHA4|VA0D2_ARATH	20.6	339	234	8	44128	45105	32	348	4.58e-09	67.4
KK365178.1	sp|P54641|VA0D_DICDI	21.8	340	227	7	44128	45102	38	353	6.19e-08	63.9
KK365178.1	sp|O13753|VA0D_SCHPO	22.3	336	224	10	44131	45102	30	340	4.16e-07	61.2
KK365178.1	sp|Q8RU33|VA0D_ORYSJ	18.6	339	241	8	44128	45105	32	348	2.39e-06	58.9
KK365178.1	sp|P53659|VA0D_NEUCR	19.9	351	237	5	44128	45102	29	361	5.62e-05	54.7
KK365178.1	sp|Q8N8Y2|VA0D2_HUMAN	21.0	348	224	14	44122	45102	30	347	1.63e-04	53.1
KK365178.1	sp|Q54LR6|Y6481_DICDI	26.7	116	82	2	7748	8089	486	600	2.68e-04	53.1
KK365178.1	sp|Q9VCQ3|VA0D2_DROME	19.8	338	238	6	44128	45102	28	345	8.72e-04	50.8
KK365178.1	sp|Q5R7B7|VA0D2_PONAB	21.0	348	224	14	44122	45102	30	347	8.72e-04	50.8
KK365179.1	sp|P22543|VPS34_YEAST	27.1	292	188	9	36868	37716	532	807	7.33e-16	91.3
KK365179.1	sp|Q92213|VPS34_CANAX	24.4	352	193	9	36874	37716	603	952	4.72e-14	85.5
KK365180.1	sp|Q99315|YG31B_YEAST	33.9	445	258	9	18160	16898	576	1008	2.37e-52	211
KK365180.1	sp|Q7LHG5|YI31B_YEAST	32.7	440	270	6	18160	16898	602	1034	5.03e-52	210
KK365180.1	sp|Q12152|YP150_YEAST	37.4	265	145	3	8683	7901	40	287	2.20e-39	167
KK365180.1	sp|Q54VU4|Y8013_DICDI	32.4	287	156	6	8680	7883	542	811	1.30e-33	150
KK365180.1	sp|Q54WW7|Y0010_DICDI	30.2	265	175	4	8680	7904	201	461	5.98e-29	132
KK365180.1	sp|Q9CAD5|YODA_ARATH	30.9	256	170	2	8662	7901	406	656	5.32e-24	117
KK365180.1	sp|Q54UZ1|Y1639_DICDI	28.7	300	186	10	8680	7832	86	374	4.74e-23	110
KK365180.1	sp|Q54L81|Y0700_DICDI	27.2	357	189	10	8689	7808	61	409	2.26e-21	106
KK365180.1	sp|Q8SRF5|Y823_ENCCU	34.5	200	117	5	8680	8084	4	190	4.30e-21	101
KK365180.1	sp|Q54XJ4|Y8901_DICDI	27.5	265	180	5	8680	7901	22	279	5.30e-19	102
KK365180.1	sp|F4I114|Y1960_ARATH	26.9	338	210	9	8668	7715	167	487	4.31e-18	98.2
KK365180.1	sp|Q556J6|Y4007_DICDI	35.1	208	116	7	8689	8084	1	195	9.06e-18	97.1
KK365180.1	sp|O74304|WIN1_SCHPO	27.8	288	167	9	8662	7901	1126	1406	8.63e-17	94.7
KK365180.1	sp|Q54C77|Y3184_DICDI	28.1	210	139	4	8494	7898	230	438	1.01e-14	87.8
KK365180.1	sp|Q54TH6|Y9863_DICDI	31.2	234	138	8	8665	7973	339	552	1.22e-14	86.7
KK365180.1	sp|Q54C18|Y9452_DICDI	28.1	270	172	7	8692	7898	228	480	3.66e-14	84.7
KK365180.1	sp|Q03785|VHS1_YEAST	23.3	360	203	12	8689	7799	9	358	1.01e-11	76.6
KK365180.1	sp|P33886|WIS1_SCHPO	24.0	296	193	10	8695	7856	315	594	3.58e-11	75.5
KK365180.1	sp|P04413|US03_HHV11	35.8	159	90	6	8545	8081	226	376	4.44e-11	74.7
KK365180.1	sp|Q7T6Y2|YR831_MIMIV	28.7	223	133	7	8698	8063	780	987	1.38e-10	74.3
KK365180.1	sp|Q7T6X2|YR826_MIMIV	26.6	222	139	8	8698	8063	780	987	4.54e-09	69.3
KK365180.1	sp|Q54RR9|Y9844_DICDI	29.0	224	134	10	8695	8057	1471	1680	3.01e-08	66.6
KK365180.1	sp|Q9SY89|Y1661_ARATH	26.9	167	112	4	8548	8075	558	723	7.05e-08	65.1
KK365180.1	sp|O81832|Y4729_ARATH	31.8	157	95	6	8515	8075	509	663	1.17e-07	64.3
KK365180.1	sp|Q9ASQ6|Y1972_ARATH	30.1	166	106	7	8548	8075	706	869	6.60e-07	62.0
KK365181.1	sp|P41883|YPT5_CAEEL	59.3	248	91	2	34004	33291	19	266	1.31e-84	286
KK365181.1	sp|O94601|YC8E_SCHPO	50.0	72	36	0	42254	42469	11	82	3.62e-15	85.5
KK365181.1	sp|Q09531|YQP4_CAEEL	38.5	78	47	1	42272	42502	28	105	4.66e-10	71.6
KK365181.1	sp|Q9UT34|YIQ9_SCHPO	34.9	86	49	2	42230	42466	8	93	4.62e-08	63.9
KK365181.1	sp|Q9ATY5|UVH3_ARATH	28.8	125	84	3	31952	31587	912	1034	3.21e-07	63.2
KK365182.1	sp|P34280|YKK3_CAEEL	44.2	385	191	4	17746	16598	1	363	1.97e-89	302
KK365182.1	sp|Q9UT21|YFY7_SCHPO	43.0	379	193	4	17731	16598	7	363	2.10e-81	279
KK365182.1	sp|Q58722|Y1326_METJA	40.3	387	211	5	17758	16598	21	387	4.70e-75	262
KK365182.1	sp|P17103|Y1111_HALSA	36.3	388	220	7	17746	16598	1	366	2.14e-58	213
KK365184.1	sp|Q4JG17|VASAL_PENVA	32.0	338	184	9	8760	9647	272	605	1.60e-33	147
KK365184.1	sp|P47664|Y425_MYCGE	31.3	364	217	9	8760	9761	14	374	1.17e-29	131
KK365184.1	sp|P09052|VASA1_DROME	30.1	322	192	9	8772	9647	260	578	1.23e-27	128
KK365184.1	sp|P75172|Y623_MYCPN	29.4	327	198	9	8760	9647	14	338	5.05e-24	114
KK365184.1	sp|O34750|YFML_BACSU	25.9	344	225	11	8787	9746	24	361	1.05e-22	108
KK365184.1	sp|Q86B47|Y8611_DROME	33.5	176	102	4	8748	9230	335	510	5.26e-16	91.7
KK365185.1	sp|O13794|YSH1_SCHPO	38.3	363	213	6	40413	39337	19	374	4.93e-72	265
KK365185.1	sp|Q6C2Z7|YSH1_YARLI	36.1	363	220	5	40404	39334	40	396	7.17e-68	254
KK365185.1	sp|Q6FUA5|YSH1_CANGA	35.9	370	215	7	40398	39334	15	377	1.71e-66	248
KK365185.1	sp|Q4PEJ3|YSH1_USTMA	37.5	363	213	6	40398	39334	29	385	1.35e-65	248
KK365185.1	sp|Q74ZC0|YSH1_ASHGO	35.7	367	215	6	40398	39343	16	376	1.83e-65	245
KK365185.1	sp|Q6CUI5|YSH1_KLULA	34.1	381	225	8	40428	39334	12	382	5.64e-64	241
KK365185.1	sp|Q06224|YSH1_YEAST	34.8	371	220	6	40398	39334	14	378	1.04e-62	237
KK365185.1	sp|Q6BMW3|YSH1_DEBHA	34.1	381	218	7	40398	39334	19	392	2.59e-61	234
KK365185.1	sp|Q59P50|YSH1_CANAL	34.4	372	220	7	40398	39334	105	469	1.39e-59	229
KK365185.1	sp|P0CM89|YSH1_CRYNB	35.7	370	223	8	40413	39334	29	393	6.46e-59	226
KK365185.1	sp|P0CM88|YSH1_CRYNJ	35.7	370	223	8	40413	39334	29	393	6.46e-59	226
KK365185.1	sp|Q4IPN9|YSH1_GIBZE	34.5	377	218	8	40398	39334	30	399	6.97e-56	218
KK365185.1	sp|Q8WZS6|YSH1_NEUCR	34.1	387	223	9	40428	39334	22	398	2.74e-55	216
KK365185.1	sp|Q58633|Y1236_METJA	35.0	374	222	11	40419	39337	178	543	1.60e-53	206
KK365185.1	sp|Q4WRC2|YSH1_ASPFU	32.5	379	224	9	40398	39334	30	400	4.69e-52	206
KK365185.1	sp|Q5BEP0|YSH1_EMENI	32.5	379	224	9	40398	39334	29	399	9.38e-52	206
KK365185.1	sp|Q57626|Y162_METJA	32.3	356	213	8	40395	39337	8	338	3.06e-49	188
KK365185.1	sp|P36017|VPS21_YEAST	48.1	158	78	1	42680	42219	7	164	3.25e-42	160
KK365185.1	sp|P36019|YPT53_YEAST	42.6	216	98	2	42701	42132	5	220	8.22e-42	159
KK365185.1	sp|P36586|YPT5_SCHPO	46.1	165	86	2	42680	42195	14	178	6.40e-40	154
KK365185.1	sp|P36018|YPT52_YEAST	41.3	208	87	5	42677	42147	4	207	5.26e-36	143
KK365185.1	sp|P17609|YPT2_SCHPO	35.3	170	109	1	42674	42168	11	180	1.80e-29	123
KK365185.1	sp|P38146|YPT10_YEAST	37.9	198	108	5	42686	42132	2	197	1.11e-28	121
KK365185.1	sp|P16976|YPTM1_MAIZE	39.0	154	93	1	42677	42219	9	162	1.69e-27	118
KK365185.1	sp|Q6C922|YTH1_YARLI	47.6	105	54	1	37807	37496	58	162	2.41e-26	114
KK365186.1	sp|F4I114|Y1960_ARATH	38.0	300	169	8	42056	41184	158	449	9.73e-49	194
KK365186.1	sp|Q8SRF5|Y823_ENCCU	39.4	254	139	4	42023	41286	10	256	6.46e-48	179
KK365186.1	sp|Q9ZVM9|Y1461_ARATH	37.9	301	168	9	42056	41184	113	404	1.47e-47	187
KK365186.1	sp|Q58884|Y1489_METJA	29.7	552	299	18	31171	29582	116	600	1.60e-46	186
KK365186.1	sp|Q8SQU8|YBC9_ENCCU	35.5	287	171	6	42047	41205	11	289	7.98e-42	163
KK365186.1	sp|Q54Y06|Y8487_DICDI	34.8	299	179	11	42059	41181	58	346	1.10e-38	162
KK365186.1	sp|Q54D75|Y2550_DICDI	33.9	292	179	6	42044	41190	3	287	3.18e-37	161
KK365186.1	sp|Q58371|Y961_METJA	30.7	349	203	6	30517	29582	332	678	2.09e-36	156
KK365186.1	sp|Q556J6|Y4007_DICDI	39.2	237	134	6	42047	41349	2	232	7.42e-34	147
KK365186.1	sp|Q54LR6|Y6481_DICDI	32.2	314	180	12	42068	41181	302	600	8.24e-34	146
KK365186.1	sp|Q5UNT1|YL673_MIMIV	31.5	292	179	10	42050	41202	258	537	1.41e-28	129
KK365186.1	sp|Q54QI2|Y9877_DICDI	29.7	293	167	8	42041	41175	13	270	1.13e-23	116
KK365186.1	sp|Q54UZ1|Y1639_DICDI	29.4	316	166	11	42083	41190	72	348	7.75e-22	107
KK365186.1	sp|Q54L81|Y0700_DICDI	31.3	310	166	11	42032	41190	67	358	1.46e-21	107
KK365186.1	sp|Q54QV3|YAKA_DICDI	34.9	229	132	7	42047	41388	203	423	7.98e-21	107
KK365186.1	sp|Q55GU0|Y9955_DICDI	33.5	224	138	7	42026	41367	667	883	9.72e-21	107
KK365186.1	sp|Q54V83|Y9296_DICDI	32.3	186	119	4	41720	41184	233	418	1.94e-19	100
KK365186.1	sp|Q54VU4|Y8013_DICDI	32.2	208	120	5	42023	41454	548	752	6.74e-18	98.2
KK365186.1	sp|Q05101|US03_GAHVG	30.8	247	148	8	41903	41205	144	381	8.20e-17	91.7
KK365186.1	sp|Q9E6L8|US03_GAHVM	30.8	247	148	8	41903	41205	144	381	8.20e-17	91.7
KK365186.1	sp|P24381|US03_SUHVN	26.9	290	186	9	42041	41205	109	383	1.71e-16	90.5
KK365186.1	sp|Q55CA6|Y0146_DICDI	30.6	196	127	4	42023	41445	83	272	4.29e-16	91.3
KK365186.1	sp|Q54IF2|Y0670_DICDI	31.1	235	148	9	42086	41400	157	383	1.72e-15	89.4
KK365186.1	sp|Q03785|VHS1_YEAST	25.9	332	167	10	42023	41202	18	328	1.01e-14	85.9
KK365186.1	sp|Q9LT96|Y5977_ARATH	26.9	301	181	11	42062	41202	627	902	1.31e-14	87.0
KK365189.1	sp|Q6FIF0|ZFAN6_HUMAN	47.4	78	38	2	42399	42626	131	207	3.23e-14	79.7
KK365189.1	sp|Q5R7S6|ZFAN6_PONAB	47.4	78	38	2	42399	42626	131	207	3.23e-14	79.7
KK365189.1	sp|Q9DCH6|ZFAN6_MOUSE	47.4	78	38	2	42399	42626	146	222	4.48e-14	79.7
KK365189.1	sp|Q6DGF4|ZFAN6_RAT	47.4	78	38	2	42399	42626	146	222	4.48e-14	79.7
KK365189.1	sp|Q3SZY7|ZFAN6_BOVIN	44.9	78	42	1	42393	42626	131	207	5.96e-14	79.0
KK365189.1	sp|O76080|ZFAN5_HUMAN	44.8	67	36	1	42420	42620	145	210	6.37e-12	73.2
KK365189.1	sp|O88878|ZFAN5_MOUSE	44.8	67	36	1	42420	42620	145	210	6.37e-12	73.2
KK365189.1	sp|B5DF11|ZFAN5_RAT	44.8	67	36	1	42420	42620	145	210	6.37e-12	73.2
KK365190.1	sp|Q9HGP4|YK82_SCHPO	40.4	109	60	3	18405	18091	385	492	8.47e-12	77.4
KK365190.1	sp|Q54UW4|Y0777_DICDI	53.3	60	28	0	18324	18145	329	388	3.42e-07	62.8
KK365190.1	sp|Q54BA2|Y3800_DICDI	37.3	102	61	2	18366	18070	524	625	3.55e-07	62.4
KK365190.1	sp|Q94C49|ZDH18_ARATH	31.8	129	70	4	27397	27744	116	239	7.29e-05	53.5
KK365191.1	sp|Q6P5F9|XPO1_MOUSE	29.4	1051	650	24	46412	43437	15	1032	1.35e-118	411
KK365191.1	sp|Q80U96|XPO1_RAT	29.4	1051	650	24	46412	43437	15	1032	2.47e-118	410
KK365191.1	sp|O14980|XPO1_HUMAN	29.5	1051	649	23	46412	43437	15	1032	4.49e-118	409
KK365191.1	sp|Q9TVM2|XPO1_DROME	29.4	1064	655	28	46412	43392	12	1036	2.65e-112	392
KK365191.1	sp|P14068|XPO1_SCHPO	28.2	1109	647	28	46418	43389	1	1059	2.91e-111	389
KK365191.1	sp|Q54EV7|XPO1_DICDI	28.3	1082	660	35	46418	43398	1	1041	1.19e-102	363
KK365191.1	sp|Q9SMV6|XPO1A_ARATH	26.8	1087	679	29	46403	43389	8	1059	1.02e-96	346
KK365191.1	sp|F4IZR5|XPO1B_ARATH	26.9	1087	679	30	46403	43389	8	1060	9.22e-94	337
KK365191.1	sp|P30822|XPO1_YEAST	26.0	1085	663	30	46418	43458	1	1043	1.49e-92	333
KK365191.1	sp|Q2YU20|Y1799_STAAB	38.1	202	122	3	13073	12471	356	555	1.78e-29	132
KK365191.1	sp|Q7A4T3|Y1683_STAAN	37.6	202	123	3	13073	12471	356	555	3.17e-29	132
KK365191.1	sp|Q6G868|Y1788_STAAS	37.6	202	123	3	13073	12471	356	555	3.17e-29	132
KK365191.1	sp|Q7A0J1|Y1806_STAAW	37.6	202	123	3	13073	12471	356	555	3.17e-29	132
KK365191.1	sp|Q2FFM9|Y1847_STAA3	37.6	202	123	3	13073	12471	356	555	3.17e-29	132
KK365191.1	sp|Q99T13|Y1866_STAAM	37.6	202	123	3	13073	12471	356	555	3.17e-29	132
KK365191.1	sp|Q5HEQ8|Y1924_STAAC	37.6	202	123	3	13073	12471	356	555	3.17e-29	132
KK365191.1	sp|Q6GFJ1|Y1956_STAAR	37.6	202	123	3	13073	12471	356	555	3.17e-29	132
KK365191.1	sp|Q2G2M9|Y2003_STAA8	37.6	202	123	3	13073	12471	356	555	3.17e-29	132
KK365191.1	sp|Q9WYC4|Y288_THEMA	29.0	365	218	11	9332	10351	212	560	2.15e-28	129
KK365191.1	sp|P71355|Y663_HAEIN	31.2	202	135	4	13070	12468	330	528	1.71e-16	92.0
KK365191.1	sp|Q57554|Y089_METJA	30.6	216	133	8	13100	12477	11	217	7.35e-15	82.8
KK365191.1	sp|O59479|Y1815_PYRHO	29.5	227	142	6	9740	10378	2	224	1.26e-14	82.8
KK365191.1	sp|Q97JB8|Y1368_CLOAB	30.0	223	135	10	9785	10414	18	232	2.11e-14	82.0
KK365191.1	sp|Q7N0N3|Y3849_PHOLL	29.1	220	138	8	9746	10384	2	210	4.53e-14	79.7
KK365191.1	sp|Q9V1Q4|Y373_PYRAB	26.6	237	144	7	9743	10396	5	230	2.34e-13	79.0
KK365192.1	sp|O13794|YSH1_SCHPO	35.8	285	173	5	22289	21465	186	470	2.78e-42	174
KK365192.1	sp|Q74ZC0|YSH1_ASHGO	33.4	287	171	6	22289	21489	185	471	1.30e-40	169
KK365192.1	sp|Q6FUA5|YSH1_CANGA	33.2	310	187	6	22289	21420	183	492	9.51e-40	167
KK365192.1	sp|Q6C2Z7|YSH1_YARLI	34.6	283	175	5	22289	21468	205	486	1.92e-39	166
KK365192.1	sp|Q4PEJ3|YSH1_USTMA	35.7	272	164	5	22289	21507	195	466	2.00e-39	167
KK365192.1	sp|Q06224|YSH1_YEAST	32.5	323	192	7	22289	21381	184	500	3.16e-39	165
KK365192.1	sp|Q6CUI5|YSH1_KLULA	32.4	287	174	6	22289	21489	188	474	3.60e-38	162
KK365192.1	sp|Q6BMW3|YSH1_DEBHA	33.0	282	168	6	22289	21507	197	478	9.10e-38	161
KK365192.1	sp|Q59P50|YSH1_CANAL	31.5	273	172	6	22289	21501	277	544	3.88e-34	150
KK365192.1	sp|Q4IPN9|YSH1_GIBZE	31.4	309	171	7	22289	21486	195	503	2.13e-32	144
KK365192.1	sp|Q58633|Y1236_METJA	33.6	265	157	9	22229	21489	370	633	1.32e-31	140
KK365192.1	sp|Q8WZS6|YSH1_NEUCR	29.9	318	182	7	22289	21459	194	511	3.26e-30	137
KK365192.1	sp|Q4WRC2|YSH1_ASPFU	26.5	321	192	7	22289	21459	196	516	2.51e-27	128
KK365192.1	sp|Q5BEP0|YSH1_EMENI	26.2	321	193	6	22289	21459	195	515	2.58e-27	128
KK365192.1	sp|Q6C922|YTH1_YARLI	47.6	105	54	1	18887	18576	58	162	2.14e-26	114
KK365192.1	sp|Q59T36|YTH1_CANAL	36.1	180	98	6	19019	18531	17	196	1.16e-24	110
KK365192.1	sp|Q758T3|YTH1_ASHGO	38.2	152	90	3	18968	18525	35	186	1.35e-24	109
KK365192.1	sp|Q6FTL0|YTH1_CANGA	39.7	136	78	3	18920	18525	53	188	6.27e-24	107
KK365192.1	sp|Q6BTT1|YTH1_DEBHA	34.3	181	109	6	19019	18504	17	196	3.09e-23	106
KK365192.1	sp|Q6CKU1|YTH1_KLULA	33.3	174	107	4	19019	18525	13	186	5.54e-23	105
KK365192.1	sp|Q4P384|YTH1_USTMA	32.6	144	77	4	19019	18648	45	188	1.23e-20	102
KK365192.1	sp|Q06102|YTH1_YEAST	33.7	175	106	4	19019	18525	13	187	1.32e-20	98.2
KK365192.1	sp|Q4IPA4|YTH1_GIBZE	38.6	140	72	5	19019	18639	22	160	2.23e-20	99.0
KK365192.1	sp|Q7SGR2|YTH1_NEUCR	33.5	176	97	6	19019	18549	36	210	3.19e-20	100
KK365192.1	sp|Q9UTD1|YTH1_SCHPO	47.6	82	42	1	18890	18648	51	132	7.71e-20	94.7
KK365193.1	sp|Q52JK6|VIP2_NICBE	39.3	89	51	2	8753	8493	508	595	2.93e-07	62.4
KK365194.1	sp|Q99315|YG31B_YEAST	31.6	452	290	7	4577	3270	560	1008	1.03e-56	225
KK365194.1	sp|Q7LHG5|YI31B_YEAST	31.4	452	291	7	4577	3270	586	1034	6.40e-56	223
KK365194.1	sp|Q8IZ13|ZBED8_HUMAN	26.5	377	253	9	44174	45277	225	586	2.32e-23	114
KK365194.1	sp|A4Z945|ZBED8_BOVIN	25.4	374	261	8	44174	45277	225	586	2.76e-21	107
KK365196.1	sp|Q7LHG5|YI31B_YEAST	29.0	768	470	18	13860	15989	627	1377	1.56e-75	286
KK365196.1	sp|Q99315|YG31B_YEAST	28.9	768	471	18	13860	15989	601	1351	9.89e-75	284
KK365196.1	sp|Q10354|YDB1_SCHPO	29.2	315	202	5	9854	10744	49	360	2.21e-25	116
KK365199.1	sp|G9N4A3|VIRJ_HYPVG	32.4	614	274	19	3036	4631	87	641	1.01e-74	269
KK365200.1	sp|Q6DDU7|YKT6A_XENLA	32.6	181	88	5	13801	13352	18	195	8.42e-09	63.5
KK365200.1	sp|Q6P816|YKT6_XENTR	32.6	181	88	5	13801	13352	18	195	8.42e-09	63.5
KK365200.1	sp|O60073|YKT6_SCHPO	54.2	59	27	0	13528	13352	136	194	1.12e-08	63.2
KK365200.1	sp|Q32N70|YKT6B_XENLA	31.5	181	90	5	13801	13352	18	195	1.54e-08	62.8
KK365200.1	sp|Q3T000|YKT6_BOVIN	30.9	181	91	4	13801	13352	18	195	2.83e-08	62.0
KK365200.1	sp|Q54UZ1|Y1639_DICDI	27.4	266	143	12	38567	39289	109	349	5.78e-08	63.9
KK365200.1	sp|O74304|WIN1_SCHPO	29.1	148	87	3	38711	39112	1205	1348	5.91e-08	65.1
KK365200.1	sp|Q7ZUN8|YKT6_DANRE	55.9	59	26	0	13528	13352	137	195	7.02e-08	60.8
KK365200.1	sp|O15498|YKT6_HUMAN	31.5	181	90	5	13801	13352	18	195	9.50e-08	60.5
KK365200.1	sp|Q9CQW1|YKT6_MOUSE	55.9	59	26	0	13528	13352	137	195	1.29e-07	60.1
KK365200.1	sp|Q5EGY4|YKT6_RAT	55.9	59	26	0	13528	13352	137	195	1.29e-07	60.1
KK365200.1	sp|Q757A4|YKT6_ASHGO	54.2	59	27	0	13528	13352	139	197	2.44e-07	59.3
KK365200.1	sp|Q6BSL0|YKT6_DEBHA	54.2	59	27	0	13528	13352	139	197	3.30e-07	58.9
KK365200.1	sp|P36015|YKT6_YEAST	52.5	59	28	0	13528	13352	139	197	4.46e-07	58.5
KK365200.1	sp|Q6FW27|YKT6_CANGA	52.5	59	28	0	13528	13352	144	202	6.56e-07	58.2
KK365200.1	sp|Q54QI2|Y9877_DICDI	30.6	216	95	10	38576	39139	44	232	1.01e-06	60.8
KK365200.1	sp|Q6CSA2|YKT6_KLULA	52.5	59	28	0	13528	13352	139	197	3.67e-06	55.8
KK365200.1	sp|Q9SZ67|WRK19_ARATH	29.6	169	90	8	42145	42630	1731	1877	3.91e-05	55.8
KK365200.1	sp|Q5UNT1|YL673_MIMIV	29.3	188	91	9	38600	39115	301	462	1.76e-04	53.1
KK365200.1	sp|Q66JT0|WEE2_MOUSE	29.6	135	60	4	42094	42426	296	419	2.33e-04	52.8
KK365200.1	sp|Q8L4H0|WEE1_ARATH	29.4	180	98	8	42088	42624	342	493	6.50e-04	51.2
KK365200.1	sp|Q54V35|Y9841_DICDI	21.7	258	152	11	38609	39286	159	398	7.80e-04	50.8
KK365202.1	sp|P12688|YPK1_YEAST	33.6	244	155	5	11597	10872	349	587	1.43e-27	127
KK365202.1	sp|P18961|YPK2_YEAST	32.8	244	157	5	11597	10872	346	584	1.75e-26	124
KK365202.1	sp|Q5UQ78|YR517_MIMIV	27.5	298	184	7	11591	10785	13	307	1.18e-25	119
KK365202.1	sp|Q6ICW6|WNK11_ARATH	32.3	260	159	10	11588	10839	36	288	5.25e-25	114
KK365202.1	sp|Q12152|YP150_YEAST	32.7	263	164	6	11618	10836	36	287	2.84e-24	118
KK365202.1	sp|Q54DC8|Y2350_DICDI	28.8	264	171	5	11594	10833	938	1194	1.13e-21	110
KK365202.1	sp|Q8MYQ1|Y31E_CAEEL	30.2	275	180	9	11654	10845	110	377	5.20e-21	104
KK365202.1	sp|Q54VU4|Y8013_DICDI	29.1	278	163	10	11603	10833	542	806	1.20e-17	97.1
KK365204.1	sp|Q12697|YPK9_YEAST	26.2	981	494	22	5718	8177	474	1385	2.65e-74	282
KK365206.1	sp|Q8SSK3|Y1A1_ENCCU	29.6	142	77	3	1148	771	52	186	5.40e-10	67.4
KK365206.1	sp|A6NLC8|YE016_HUMAN	35.9	103	66	0	6081	6389	91	193	4.33e-09	64.3
KK365207.1	sp|Q6C2Z7|YSH1_YARLI	51.5	439	182	6	6423	5143	42	461	1.20e-131	441
KK365207.1	sp|Q4PEJ3|YSH1_USTMA	50.0	446	194	6	6447	5143	21	448	9.27e-131	441
KK365207.1	sp|O13794|YSH1_SCHPO	41.4	592	302	9	6441	4747	18	591	2.20e-130	435
KK365207.1	sp|Q6FUA5|YSH1_CANGA	48.1	449	196	5	6423	5134	15	445	1.93e-125	421
KK365207.1	sp|Q6CUI5|YSH1_KLULA	47.3	450	199	6	6423	5134	19	450	8.33e-124	416
KK365207.1	sp|Q6BMW3|YSH1_DEBHA	46.8	457	195	5	6423	5143	19	457	1.84e-123	417
KK365207.1	sp|Q06224|YSH1_YEAST	46.8	451	201	5	6423	5134	14	446	2.66e-122	412
KK365207.1	sp|Q74ZC0|YSH1_ASHGO	46.2	450	204	5	6423	5134	16	447	2.89e-122	412
KK365207.1	sp|Q59P50|YSH1_CANAL	46.7	448	200	6	6423	5143	105	534	2.20e-116	398
KK365207.1	sp|Q4IPN9|YSH1_GIBZE	44.8	466	201	6	6423	5143	30	478	2.41e-115	394
KK365207.1	sp|Q8WZS6|YSH1_NEUCR	45.8	474	201	7	6423	5119	29	485	3.71e-115	394
KK365207.1	sp|Q4WRC2|YSH1_ASPFU	43.6	470	205	6	6423	5143	30	482	6.26e-110	379
KK365207.1	sp|Q5BEP0|YSH1_EMENI	43.5	476	209	6	6423	5125	29	487	2.07e-109	378
KK365207.1	sp|P0CM89|YSH1_CRYNB	43.0	446	222	7	6438	5143	29	456	2.13e-106	366
KK365207.1	sp|P0CM88|YSH1_CRYNJ	43.0	446	222	7	6438	5143	29	456	2.13e-106	366
KK365207.1	sp|Q57626|Y162_METJA	32.1	421	243	13	6420	5176	8	391	1.19e-54	203
KK365207.1	sp|Q58633|Y1236_METJA	34.0	447	252	18	6447	5176	177	603	8.95e-54	207
KK365207.1	sp|Q60355|Y047_METJA	30.6	434	268	12	6420	5137	7	413	7.31e-46	178
KK365208.1	sp|Q7LHG5|YI31B_YEAST	36.2	384	234	4	1226	99	654	1034	5.53e-54	216
KK365208.1	sp|Q99315|YG31B_YEAST	35.9	384	235	4	1226	99	628	1008	1.01e-53	215
KK365210.1	sp|P75093|Y020_MYCPN	29.8	493	236	14	33794	32460	578	1008	5.01e-44	182
KK365210.1	sp|P47264|Y018_MYCGE	27.0	541	294	14	33896	32406	544	1027	6.49e-41	172
KK365210.1	sp|Q10332|YBMA_SCHPO	31.1	183	107	4	32897	32406	639	821	2.64e-14	85.5
KK365210.1	sp|Q8SQU5|YBD4_ENCCU	27.5	236	157	5	38250	37585	18	253	3.24e-12	78.2
KK365210.1	sp|Q8L6Z8|XYLL1_ARATH	22.8	395	239	10	14681	13692	103	496	1.64e-10	72.4
KK365210.1	sp|Q6AWX0|XYLL2_ARATH	23.3	395	237	11	14681	13692	103	496	2.16e-10	72.0
KK365210.1	sp|Q6NZP1|ZRAB3_MOUSE	22.2	495	248	19	33806	32508	33	452	6.74e-10	71.2
KK365210.1	sp|Q58429|Y1023_METJA	26.3	224	137	7	38229	37588	18	223	1.52e-09	67.0
KK365210.1	sp|E1BB03|ZRAB3_BOVIN	21.1	497	251	19	33806	32508	33	452	2.94e-08	65.9
KK365210.1	sp|Q5FWF4|ZRAB3_HUMAN	21.9	497	247	18	33806	32508	33	452	2.94e-08	65.9
KK365210.1	sp|P34457|YMD3_CAEEL	28.8	111	76	2	30700	30371	30	138	9.57e-07	58.9
KK365210.1	sp|Q73P93|Y906_TREDE	23.9	218	156	4	38274	37645	2	217	7.40e-06	57.4
KK365212.1	sp|B3LLX6|YM084_YEAS1	41.5	720	389	9	25683	27758	1	716	9.79e-164	530
KK365212.1	sp|C7GL41|YM084_YEAS2	41.3	720	391	9	25683	27758	1	716	6.18e-163	528
KK365212.1	sp|A6ZME2|YM084_YEAS7	41.4	720	384	9	25683	27758	1	710	6.94e-163	528
KK365212.1	sp|P0CF18|YM085_YEAST	44.7	432	227	4	26487	27758	1	428	3.68e-111	367
KK365212.1	sp|C8ZET8|YM085_YEAS8	44.4	432	228	4	26487	27758	1	428	2.34e-110	365
KK365212.1	sp|A2P2R3|YM084_YEAST	40.9	225	127	2	25683	26339	1	225	2.36e-48	179
KK365212.1	sp|C8ZET7|YM084_YEAS8	40.4	225	128	2	25683	26339	1	225	5.31e-47	177
KK365215.1	sp|Q7LHG5|YI31B_YEAST	36.5	452	273	7	14596	15927	603	1048	4.38e-68	262
KK365215.1	sp|Q99315|YG31B_YEAST	37.1	439	262	7	14596	15888	577	1009	1.49e-67	260
KK365215.1	sp|P39102|XDJ1_YEAST	43.3	90	47	2	733	1002	11	96	4.97e-09	67.4
KK365215.1	sp|P40769|YHFN_BACSU	26.8	198	116	6	8851	9381	226	415	5.79e-09	67.0
KK365215.1	sp|Q10209|YAY1_SCHPO	41.9	74	39	1	727	948	8	77	6.18e-08	63.5
KK365215.1	sp|Q5UP23|YR260_MIMIV	42.5	73	37	1	727	945	7	74	1.04e-06	59.7
KK365216.1	sp|Q5UPX0|YR290_MIMIV	35.0	443	243	11	7873	9129	5	426	6.20e-63	231
KK365216.1	sp|Q19546|WRN_CAEEL	35.1	430	223	13	7918	9096	218	628	2.89e-54	215
KK365216.1	sp|Q14191|WRN_HUMAN	35.4	421	217	14	7918	9075	539	939	6.24e-50	202
KK365216.1	sp|O09053|WRN_MOUSE	34.0	420	225	15	7918	9075	503	904	6.85e-49	199
KK365216.1	sp|O93530|WRN_XENLA	33.9	416	232	14	7918	9075	480	882	6.28e-48	196
KK365218.1	sp|P87039|XYL2_CANTR	40.6	310	162	6	20224	21102	9	313	1.56e-58	211
KK365218.1	sp|O13283|XYL1_CANTR	41.0	310	161	6	20224	21102	9	313	2.89e-58	210
KK365218.1	sp|P49378|XYL1_KLULA	37.3	316	171	6	20221	21102	6	316	2.89e-53	196
KK365218.1	sp|O94735|XYL1_PICGU	38.0	308	173	7	20224	21102	2	306	1.75e-52	193
KK365218.1	sp|Q6Y0Z3|XYL1_CANPA	37.2	317	175	7	20206	21102	3	313	9.97e-52	191
KK365218.1	sp|Q9P430|XYL1_SCHSH	38.9	303	171	6	20233	21102	11	312	1.32e-51	191
KK365218.1	sp|P31867|XYL1_PICST	37.1	310	173	7	20224	21102	3	307	2.11e-51	190
KK365218.1	sp|O74237|XYL1_CANTE	38.0	305	175	6	20227	21102	8	311	4.37e-51	189
KK365218.1	sp|P78736|XYL1_PACTA	37.3	306	172	7	20230	21102	7	307	3.89e-49	184
KK365218.1	sp|Q8X195|XYL1_CANBO	36.2	315	187	6	20212	21117	1	314	1.06e-48	182
KK365218.1	sp|Q5BGA7|XYL1_EMENI	37.1	318	179	6	20212	21117	1	313	2.52e-48	181
KK365218.1	sp|B8N195|XYL1_ASPFN	35.7	314	189	6	20212	21117	1	313	3.98e-47	178
KK365218.1	sp|Q2UKD0|XYL1_ASPOR	35.7	314	189	6	20212	21117	1	313	3.98e-47	178
KK365218.1	sp|A2Q8B5|XYL1_ASPNC	35.8	316	186	7	20212	21117	1	313	1.00e-46	177
KK365218.1	sp|Q9P8R5|XYL1_ASPNG	35.8	316	186	7	20212	21117	1	313	1.00e-46	177
KK365218.1	sp|B0XNR0|XYL1_ASPFC	34.5	313	184	6	20212	21102	1	308	3.03e-44	169
KK365218.1	sp|Q4WJT9|XYL1_ASPFU	34.5	313	184	6	20212	21102	1	308	3.03e-44	169
KK365218.1	sp|Q876L8|XYL1_HYPJE	35.2	315	189	6	20212	21114	1	314	3.87e-44	169
KK365218.1	sp|A1CRI1|XYL1_ASPCL	34.2	313	185	6	20212	21102	1	308	8.40e-44	169
KK365218.1	sp|A1D4E3|XYL1_NEOFI	34.2	313	185	6	20212	21102	1	308	1.65e-43	167
KK365218.1	sp|Q12458|YPR1_YEAST	35.8	299	170	8	20215	21084	8	293	4.39e-43	166
KK365218.1	sp|Q0CUL0|XYL1_ASPTN	34.0	315	194	7	20212	21117	1	314	3.43e-42	164
KK365218.1	sp|C5FFQ7|XYL1_ARTOC	34.1	314	194	6	20212	21117	8	320	1.40e-41	162
KK365218.1	sp|Q10494|YDG7_SCHPO	34.6	312	181	8	20194	21099	5	303	3.00e-41	161
KK365218.1	sp|G4N708|XYL1_MAGO7	33.4	317	192	8	20212	21114	1	314	3.24e-41	161
KK365220.1	sp|Q58371|Y961_METJA	30.3	376	202	7	34304	35254	338	712	2.12e-33	146
KK365220.1	sp|P36862|YPTV3_VOLCA	31.9	166	109	4	28683	28192	9	172	1.36e-13	77.4
KK365223.1	sp|Q58884|Y1489_METJA	29.0	551	332	18	32800	34368	70	589	1.57e-50	198
KK365224.1	sp|Q5UP23|YR260_MIMIV	25.6	277	166	9	17241	16483	9	269	9.02e-12	75.5
KK365225.1	sp|Q46939|YQEF_ECOLI	34.9	393	239	6	23151	22021	1	392	4.80e-55	203
KK365225.1	sp|O53871|Y0859_MYCTU	35.2	409	222	11	23148	22024	3	402	1.42e-48	185
KK365225.1	sp|Q9KWK4|VRAB_STAA1	35.1	385	234	8	23151	22024	1	378	2.20e-47	181
KK365225.1	sp|Q7A2W9|VRAB_STAAM	35.1	385	234	8	23151	22024	1	378	2.20e-47	181
KK365225.1	sp|Q7A768|VRAB_STAAN	35.1	385	234	8	23151	22024	1	378	2.20e-47	181
KK365225.1	sp|Q7A1P9|VRAB_STAAW	35.1	385	234	8	23151	22024	1	378	2.20e-47	181
KK365225.1	sp|Q5HIA0|VRAB_STAAC	35.1	385	234	8	23151	22024	1	378	2.98e-47	180
KK365225.1	sp|Q6GBR1|VRAB_STAAS	35.1	385	234	8	23151	22024	1	378	2.98e-47	180
KK365225.1	sp|Q6GJ93|VRAB_STAAR	34.5	385	236	8	23151	22024	1	378	1.86e-46	178
KK365225.1	sp|O07618|YHFS_BACSU	34.4	375	225	11	23139	22027	4	361	1.18e-42	166
KK365226.1	sp|Q58105|Y694_METJA	30.7	352	207	8	13883	14935	44	359	2.74e-31	134
KK365227.1	sp|Q7LHG5|YI31B_YEAST	33.3	405	259	5	18722	17517	638	1034	6.87e-53	212
KK365227.1	sp|Q99315|YG31B_YEAST	33.3	405	259	5	18722	17517	612	1008	9.57e-53	212
KK365229.1	sp|Q9P3U2|YKX4_SCHPO	48.0	302	147	3	16806	15931	437	738	5.49e-75	272
KK365229.1	sp|P46467|VPS4B_MOUSE	52.3	243	114	2	16794	16069	116	357	1.02e-69	248
KK365229.1	sp|Q0VD48|VPS4B_BOVIN	52.3	243	114	2	16794	16069	116	357	1.88e-69	247
KK365229.1	sp|O75351|VPS4B_HUMAN	51.9	243	115	2	16794	16069	116	357	6.38e-69	245
KK365229.1	sp|D0FH76|VPS4_BOMMO	52.5	240	112	2	16785	16069	113	351	9.93e-69	244
KK365229.1	sp|Q5R658|VPS4B_PONAB	51.9	243	115	2	16794	16069	116	357	1.18e-68	244
KK365229.1	sp|Q8VEJ9|VPS4A_MOUSE	47.9	267	132	4	16794	16012	109	374	2.79e-67	240
KK365229.1	sp|Q793F9|VPS4A_RAT	47.9	267	132	4	16794	16012	109	374	2.79e-67	240
KK365229.1	sp|P52917|VPS4_YEAST	41.5	316	151	2	16782	15934	119	433	2.79e-67	240
KK365229.1	sp|Q5AG40|VPS4_CANAL	41.0	312	150	3	16770	15934	125	435	2.95e-67	240
KK365229.1	sp|Q9UN37|VPS4A_HUMAN	50.2	243	119	2	16794	16069	109	350	6.99e-67	239
KK365229.1	sp|Q09803|VPS4_SCHPO	40.3	315	154	3	16776	15931	117	430	2.39e-65	234
KK365229.1	sp|Q9ZNT0|VPS4_ARATH	51.3	240	115	2	16782	16066	118	356	3.52e-65	234
KK365229.1	sp|Q54PT2|VPS4_DICDI	39.0	323	158	3	16782	15928	121	442	1.53e-64	233
KK365229.1	sp|O05209|VAT_THEAC	39.7	282	153	7	16773	15943	456	725	1.65e-47	190
KK365229.1	sp|Q9P7J5|YJNA_SCHPO	38.5	275	157	5	16815	16000	71	336	2.82e-47	179
KK365229.1	sp|O28972|Y1297_ARCFU	36.8	288	161	8	16752	15934	178	459	1.49e-41	171
KK365229.1	sp|Q9C0W2|YHI5_SCHPO	35.9	281	162	6	16761	15964	365	642	2.72e-37	160
KK365229.1	sp|O14325|YB7A_SCHPO	36.4	247	145	6	16752	16042	170	414	5.27e-34	148
KK365229.1	sp|O59824|YME1_SCHPO	34.0	250	155	6	16752	16027	263	510	2.90e-31	139
KK365229.1	sp|P46508|YME1_SCHMA	33.3	225	142	6	16752	16090	162	382	2.55e-24	117
KK365229.1	sp|Q5UQE0|YR476_MIMIV	31.6	253	148	9	16665	15970	596	844	2.53e-17	95.1
KK365229.1	sp|O34703|YJOB_BACSU	28.9	187	109	6	16638	16087	221	386	7.35e-11	72.8
KK365229.1	sp|O78439|YCF46_GUITH	24.9	261	163	8	16746	15994	242	479	7.18e-10	70.1
KK365229.1	sp|P49541|YCF46_TRICV	24.0	221	147	6	16641	15994	259	463	2.53e-08	65.1
KK365230.1	sp|Q9CR50|ZN363_MOUSE	31.1	238	160	2	25005	25709	12	248	4.39e-37	147
KK365230.1	sp|Q96PM5|ZN363_HUMAN	31.1	235	150	3	25026	25709	19	248	1.50e-36	145
KK365231.1	sp|Q7LHG5|YI31B_YEAST	34.6	237	142	1	20805	21476	606	842	1.94e-31	142
KK365231.1	sp|Q99315|YG31B_YEAST	34.6	237	142	1	20805	21476	580	816	1.99e-31	142
KK365233.1	sp|Q99315|YG31B_YEAST	37.5	277	164	3	13404	14216	746	1019	1.22e-39	169
KK365233.1	sp|Q7LHG5|YI31B_YEAST	38.2	267	156	3	13404	14186	772	1035	1.54e-39	168
KK365234.1	sp|P26725|YUR1_YEAST	46.1	321	153	4	15590	14688	88	408	8.45e-90	305
KK365235.1	sp|Q39571|YPTC1_CHLRE	43.3	157	86	1	6384	5923	9	165	6.58e-37	144
KK365235.1	sp|P33723|YPT1_NEUCR	40.2	164	95	1	6384	5902	9	172	1.22e-36	143
KK365235.1	sp|P11620|YPT1_SCHPO	40.9	164	94	1	6384	5902	9	172	1.66e-36	143
KK365235.1	sp|P16976|YPTM1_MAIZE	40.5	163	94	1	6384	5905	9	171	3.58e-36	142
KK365235.1	sp|P31584|YPTV1_VOLCA	42.7	157	87	1	6384	5923	9	165	4.20e-36	142
KK365235.1	sp|Q05737|YPTM2_MAIZE	43.9	157	85	1	6384	5923	9	165	7.78e-36	141
KK365235.1	sp|Q01890|YPT1_PHYIN	40.9	164	94	1	6384	5902	9	172	9.98e-36	140
KK365235.1	sp|P36861|YPTV2_VOLCA	40.2	164	94	1	6381	5902	15	178	5.52e-35	139
KK365235.1	sp|P17609|YPT2_SCHPO	40.5	163	94	1	6381	5902	11	173	1.56e-34	137
KK365235.1	sp|P17610|YPT3_SCHPO	43.2	155	85	1	6384	5929	11	165	2.36e-34	137
KK365235.1	sp|P01123|YPT1_YEAST	38.5	161	96	1	6384	5911	9	169	1.91e-32	131
KK365235.1	sp|O34750|YFML_BACSU	24.6	463	220	10	8114	6735	21	357	5.35e-31	132
KK365235.1	sp|Q01111|YPT3_NICPL	41.6	154	87	1	6384	5932	14	167	1.09e-30	127
KK365235.1	sp|Q39572|YPTC6_CHLRE	39.5	157	92	1	6384	5923	13	169	4.81e-30	125
KK365235.1	sp|P38555|YPT31_YEAST	38.0	166	100	1	6390	5902	12	177	2.00e-29	123
KK365235.1	sp|P51996|YPT32_YEAST	37.6	157	95	1	6384	5923	14	170	1.23e-28	121
KK365235.1	sp|P32939|YPT7_YEAST	34.7	170	101	3	6381	5902	10	179	3.90e-28	119
KK365235.1	sp|P36862|YPTV3_VOLCA	41.6	166	87	5	6384	5905	10	171	2.53e-26	114
KK365235.1	sp|P36019|YPT53_YEAST	35.5	169	100	1	6396	5917	9	177	2.96e-26	114
KK365235.1	sp|Q39573|YPTC5_CHLRE	37.5	160	90	2	6381	5932	10	169	5.09e-26	113
KK365235.1	sp|P36586|YPT5_SCHPO	34.5	165	103	2	6390	5911	13	177	2.00e-25	111
KK365235.1	sp|G4MYS1|YPT7_MAGO7	34.4	160	96	2	6381	5929	10	169	2.31e-25	111
KK365235.1	sp|C8VQY7|YPT7_EMENI	33.5	167	102	2	6381	5908	10	176	3.14e-25	110
KK365235.1	sp|O94655|YPT7_SCHPO	35.1	168	100	3	6381	5905	10	177	5.82e-25	110
KK365235.1	sp|P36864|YPTV5_VOLCA	37.1	159	91	2	6381	5932	10	168	1.08e-24	109
KK365236.1	sp|Q8SRF5|Y823_ENCCU	46.9	256	131	3	3043	2291	1	256	2.74e-63	222
KK365236.1	sp|Q8SR90|Y8H9_ENCCU	34.6	266	154	6	3043	2264	1	252	3.82e-38	151
KK365236.1	sp|Q9ZVM9|Y1461_ARATH	36.6	254	139	8	3016	2300	124	370	1.35e-33	144
KK365236.1	sp|F4I114|Y1960_ARATH	39.0	213	120	4	3016	2408	169	381	1.07e-29	134
KK365236.1	sp|Q54D75|Y2550_DICDI	37.8	222	120	8	3022	2390	8	222	1.26e-27	129
KK365236.1	sp|Q556J6|Y4007_DICDI	37.8	222	125	7	3043	2408	1	219	2.40e-27	126
KK365236.1	sp|Q55FJ6|Y8078_DICDI	32.8	198	126	2	5845	6420	3	199	4.03e-27	124
KK365236.1	sp|Q8SQU8|YBC9_ENCCU	35.0	214	124	5	3016	2408	19	228	2.89e-25	114
KK365236.1	sp|Q54Y06|Y8487_DICDI	34.2	278	139	10	3016	2291	70	339	1.11e-23	114
KK365236.1	sp|Q12222|YGK3_YEAST	31.3	252	136	9	3073	2408	22	266	5.06e-21	103
KK365236.1	sp|Q9CAD5|YODA_ARATH	29.8	275	159	6	5845	6630	399	652	2.08e-20	105
KK365236.1	sp|Q54PX0|Y4251_DICDI	32.8	198	124	4	5866	6435	42	238	8.47e-19	98.2
KK365236.1	sp|Q54QI2|Y9877_DICDI	27.8	263	165	9	3040	2291	11	261	2.93e-18	98.2
KK365236.1	sp|Q54XJ4|Y8901_DICDI	27.3	289	175	9	13435	14256	6	274	5.05e-18	97.8
KK365236.1	sp|Q5UPU3|YL268_MIMIV	29.7	293	155	11	3022	2267	264	546	1.11e-17	95.1
KK365236.1	sp|Q55CA6|Y0146_DICDI	32.0	197	119	5	3016	2459	83	275	2.07e-17	94.7
KK365236.1	sp|P14680|YAK1_YEAST	27.3	271	175	9	3037	2267	368	630	1.13e-16	92.8
KK365236.1	sp|Q09595|YRL5_CAEEL	28.3	272	166	9	5914	6654	43	310	5.54e-16	87.8
KK365236.1	sp|Q54QV3|YAKA_DICDI	30.7	244	138	9	3070	2408	188	423	5.44e-15	87.8
KK365236.1	sp|Q7T6Y2|YR831_MIMIV	25.6	281	168	7	5866	6651	792	1050	2.83e-14	85.5
KK365236.1	sp|Q8RWH3|YAK1_ARATH	29.3	249	152	8	3040	2348	120	362	2.94e-14	85.1
KK365236.1	sp|Q12152|YP150_YEAST	31.2	202	126	5	13438	14019	26	222	3.71e-14	84.7
KK365236.1	sp|Q54WW7|Y0010_DICDI	30.8	198	112	7	5848	6381	201	393	2.62e-13	81.6
KK365236.1	sp|P28926|US03_EHV1B	28.1	203	131	4	3058	2468	85	278	9.56e-13	78.2
KK365236.1	sp|P84390|US03_EHV1V	28.1	203	131	4	3058	2468	85	278	9.56e-13	78.2
KK365239.1	sp|Q7LHG5|YI31B_YEAST	26.8	690	434	16	10976	9102	628	1311	1.78e-50	204
KK365239.1	sp|Q99315|YG31B_YEAST	26.4	727	461	17	10976	9000	602	1322	5.56e-50	202
KK365240.1	sp|O55174|ZNT4_RAT	30.2	321	196	6	9580	8693	98	415	1.24e-35	147
KK365240.1	sp|O35149|ZNT4_MOUSE	29.6	321	198	6	9580	8693	98	415	4.11e-35	146
KK365240.1	sp|O14863|ZNT4_HUMAN	30.3	320	196	7	9580	8693	98	414	5.43e-35	145
KK365240.1	sp|Q2HJ10|ZNT2_MOUSE	33.9	280	172	5	9505	8696	80	356	7.27e-35	144
KK365240.1	sp|Q8IWU4|ZNT8_HUMAN	34.1	273	173	5	9505	8699	84	353	7.82e-34	140
KK365240.1	sp|Q54QU8|Y3629_DICDI	30.3	323	172	4	9523	8702	191	509	2.14e-33	143
KK365240.1	sp|Q8BGG0|ZNT8_MOUSE	35.6	236	149	2	9505	8807	83	318	4.59e-33	138
KK365240.1	sp|Q5I020|ZNT8_XENLA	31.3	319	194	8	9592	8702	43	358	1.82e-32	137
KK365240.1	sp|Q62941|ZNT2_RAT	32.4	281	176	5	9505	8696	67	344	2.36e-32	136
KK365240.1	sp|Q5XHB4|ZNT8_XENTR	30.9	282	179	4	9505	8702	78	357	1.09e-31	134
KK365240.1	sp|Q8ZGY6|ZITB_YERPE	27.6	286	188	7	9538	8702	12	285	4.78e-25	113
KK365240.1	sp|Q66D85|ZITB_YERPS	27.6	286	188	7	9538	8702	12	285	6.47e-25	113
KK365240.1	sp|Q08E25|ZNT3_BOVIN	26.9	290	191	3	9505	8693	86	373	8.83e-24	111
KK365240.1	sp|Q6D7E5|ZITB_PECAS	27.9	283	191	6	9538	8702	12	285	1.15e-23	109
KK365240.1	sp|P97441|ZNT3_MOUSE	26.6	290	192	3	9505	8693	86	373	1.19e-23	111
KK365240.1	sp|Q6QIX3|ZNT3_RAT	27.1	291	191	5	9505	8690	86	374	1.19e-23	111
KK365240.1	sp|Q54UZ1|Y1639_DICDI	32.6	221	132	6	11646	12278	88	301	2.27e-23	110
KK365240.1	sp|Q5R617|ZNT3_PONAB	26.9	290	191	3	9505	8693	86	373	7.03e-23	108
KK365240.1	sp|Q99726|ZNT3_HUMAN	26.9	290	191	3	9505	8693	86	373	9.45e-23	108
KK365240.1	sp|Q8ZQT3|ZITB_SALTY	26.0	288	197	5	9553	8702	15	290	9.00e-22	103
KK365240.1	sp|Q9BRI3|ZNT2_HUMAN	32.7	220	140	3	9337	8696	91	308	1.50e-21	103
KK365240.1	sp|Q8Z8B6|ZITB_SALTI	25.7	288	198	5	9553	8702	15	290	3.00e-21	102
KK365240.1	sp|Q83SA2|ZITB_SHIFL	25.8	298	199	7	9538	8675	17	302	3.37e-20	99.4
KK365240.1	sp|Q8X400|ZITB_ECO57	25.9	286	193	6	9538	8702	15	288	4.39e-20	99.0
KK365240.1	sp|P75757|ZITB_ECOLI	25.9	286	193	6	9538	8702	17	290	4.55e-20	99.0
KK365242.1	sp|P15016|YAT3_RHORU	28.5	151	100	3	12362	12793	3	152	1.86e-11	70.1
KK365247.1	sp|P21576|VPS1_YEAST	40.0	700	339	6	3871	2015	5	704	1.60e-146	479
KK365247.1	sp|Q9URZ5|VPS1_SCHPO	40.3	678	342	8	3871	2015	5	678	9.65e-145	473
KK365248.1	sp|Q99315|YG31B_YEAST	26.8	867	555	20	25130	27529	585	1438	2.03e-68	263
KK365248.1	sp|Q7LHG5|YI31B_YEAST	26.8	867	555	20	25130	27529	611	1464	7.00e-68	261
KK365249.1	sp|Q99315|YG31B_YEAST	34.0	412	261	3	15584	14373	600	1008	7.67e-57	225
KK365249.1	sp|Q7LHG5|YI31B_YEAST	34.0	412	261	3	15584	14373	626	1034	2.11e-56	223
KK365250.1	sp|Q08234|YO075_YEAST	26.9	268	171	4	23855	23124	41	307	1.30e-14	86.3
KK365251.1	sp|Q8SS35|Y4A0_ENCCU	46.0	813	393	16	21192	18835	6	799	2.13e-193	648
KK365255.1	sp|Q80XC3|US6NL_MOUSE	37.3	185	109	3	21388	20849	143	325	3.94e-26	123
KK365255.1	sp|Q92738|US6NL_HUMAN	37.3	185	109	3	21388	20849	143	325	1.59e-25	121
KK365256.1	sp|Q8SR34|VATB_ENCCU	78.6	463	99	0	17836	16448	9	471	3.34e-240	739
KK365256.1	sp|P22550|VATB_CANTR	74.6	468	118	1	17836	16436	24	491	1.62e-228	707
KK365256.1	sp|Q59PT0|VATB_CANAL	74.8	468	117	1	17836	16436	24	491	3.11e-228	706
KK365256.1	sp|P16140|VATB_YEAST	73.7	472	123	1	17836	16424	24	495	1.75e-227	704
KK365256.1	sp|P31409|VATB_DROME	74.3	463	117	1	17836	16454	22	484	1.43e-226	701
KK365256.1	sp|P31410|VATB_HELVI	74.1	463	118	1	17836	16454	26	488	5.68e-226	699
KK365256.1	sp|P31401|VATB_MANSE	74.1	463	118	1	17836	16454	26	488	1.44e-225	698
KK365256.1	sp|P15313|VATB1_HUMAN	74.2	466	119	1	17836	16442	37	502	7.28e-225	697
KK365256.1	sp|P31407|VATB1_BOVIN	72.9	472	127	1	17836	16424	37	508	6.33e-224	694
KK365256.1	sp|P62814|VATB2_MOUSE	74.0	462	119	1	17836	16454	43	504	1.09e-223	693
KK365256.1	sp|P62815|VATB2_RAT	74.0	462	119	1	17836	16454	43	504	1.09e-223	693
KK365256.1	sp|P31408|VATB2_BOVIN	74.0	462	119	1	17836	16454	43	504	2.02e-223	692
KK365256.1	sp|P21281|VATB2_HUMAN	74.0	462	119	1	17836	16454	43	504	2.76e-223	692
KK365256.1	sp|Q5R5V5|VATB2_PONAB	74.0	462	119	1	17836	16454	43	504	2.76e-223	692
KK365256.1	sp|Q76NU1|VATB_DICDI	73.6	466	121	1	17842	16451	17	482	4.90e-223	691
KK365256.1	sp|P31411|VATB_SCHPO	72.4	464	126	1	17836	16451	20	483	1.14e-221	687
KK365256.1	sp|Q9SZN1|VATB2_ARATH	74.1	463	115	1	17824	16451	20	482	3.52e-220	682
KK365256.1	sp|Q40079|VATB2_HORVU	74.1	463	115	1	17824	16451	16	478	4.14e-220	682
KK365256.1	sp|P11574|VATB1_ARATH	74.1	463	115	1	17824	16451	19	481	4.62e-220	682
KK365256.1	sp|P11593|VATB_NEUCR	73.0	467	121	1	17836	16451	14	480	4.92e-220	683
KK365256.1	sp|Q8W4E2|VATB3_ARATH	73.9	464	115	1	17824	16451	19	482	1.21e-219	681
KK365256.1	sp|Q40078|VATB1_HORVU	74.1	463	115	1	17824	16451	21	483	2.33e-219	680
KK365256.1	sp|Q43432|VATB1_GOSHI	73.7	463	117	1	17824	16451	21	483	5.89e-219	679
KK365256.1	sp|Q38681|VATB1_ACEAT	72.3	466	124	2	17836	16454	22	487	9.29e-219	678
KK365256.1	sp|Q38680|VATB2_ACEAT	71.5	466	128	2	17836	16454	22	487	3.29e-216	671
KK365257.1	sp|Q8SQI8|Y121_ENCCU	33.5	164	105	1	6742	7233	15	174	1.24e-21	99.4
KK365259.1	sp|Q7LHG5|YI31B_YEAST	41.5	424	232	6	17958	19217	623	1034	2.37e-82	307
KK365259.1	sp|Q99315|YG31B_YEAST	41.3	424	233	6	17958	19217	597	1008	1.23e-81	305
KK365264.1	sp|Q7LHG5|YI31B_YEAST	38.9	414	242	6	2189	966	640	1048	2.10e-62	243
KK365264.1	sp|Q99315|YG31B_YEAST	38.6	414	243	6	2189	966	614	1022	5.24e-62	241
KK365264.1	sp|Q09575|YRD6_CAEEL	32.6	239	152	7	2228	1524	446	679	2.39e-23	114
KK365266.1	sp|Q7LHG5|YI31B_YEAST	27.5	408	287	4	14738	15943	631	1035	8.30e-29	132
KK365266.1	sp|Q99315|YG31B_YEAST	27.5	408	287	4	14738	15943	605	1009	8.48e-29	132
KK365272.1	sp|Q9Z0H1|WDR46_MOUSE	37.2	352	214	4	4055	3021	162	513	9.62e-66	241
KK365272.1	sp|P40055|UTP7_YEAST	36.8	361	206	7	4052	3033	79	438	2.26e-65	238
KK365272.1	sp|Q9P4X3|UTP7_SCHPO	34.2	386	246	6	4172	3036	28	412	5.75e-63	230
KK365274.1	sp|Q99315|YG31B_YEAST	27.5	801	496	18	11839	9659	650	1439	5.10e-65	251
KK365274.1	sp|Q7LHG5|YI31B_YEAST	27.3	801	497	18	11839	9659	676	1465	1.04e-64	250
KK365276.1	sp|Q10298|YD44_SCHPO	45.6	283	136	6	3343	2519	2	274	3.29e-69	240
KK365276.1	sp|O74789|YOU5_SCHPO	39.4	310	142	4	3262	2462	27	333	3.48e-67	236
KK365276.1	sp|Q7LHG5|YI31B_YEAST	32.6	436	282	5	10019	11293	600	1034	1.85e-56	223
KK365276.1	sp|Q99315|YG31B_YEAST	32.6	436	282	5	10019	11293	574	1008	3.41e-56	222
KK365276.1	sp|P48458|YT91_CAEEL	36.2	287	174	5	3328	2486	43	326	7.51e-55	201
KK365276.1	sp|P48460|YY06_CAEEL	39.5	276	155	6	3307	2504	24	295	1.65e-52	197
KK365276.1	sp|P48459|YSD1_CAEEL	36.6	268	161	5	3301	2519	55	320	4.73e-50	187
KK365276.1	sp|P34350|YK84_CAEEL	29.1	285	146	9	3277	2435	137	369	4.08e-26	117
KK365276.1	sp|P34430|YL39_CAEEL	24.6	301	129	8	3262	2429	12	237	1.80e-15	83.2
KK365278.1	sp|Q12697|YPK9_YEAST	27.4	1083	600	29	15903	12862	458	1423	3.45e-78	293
KK365278.1	sp|Q9C245|URM1_NEUCR	44.9	49	27	0	8249	8395	61	109	2.89e-04	47.0
KK365283.1	sp|Q99315|YG31B_YEAST	35.6	396	248	5	14009	15184	616	1008	1.98e-59	233
KK365283.1	sp|Q7LHG5|YI31B_YEAST	35.6	396	248	5	14009	15184	642	1034	3.14e-59	232
KK365286.1	sp|Q99315|YG31B_YEAST	27.2	890	573	22	14519	12039	585	1462	1.55e-66	256
KK365286.1	sp|Q7LHG5|YI31B_YEAST	27.4	868	559	21	14519	12105	611	1470	1.81e-66	255
KK365289.1	sp|Q7LHG5|YI31B_YEAST	34.5	412	255	5	9912	8707	636	1042	1.55e-54	216
KK365289.1	sp|Q99315|YG31B_YEAST	34.5	412	255	5	9912	8707	610	1016	1.65e-54	216
KK365290.1	sp|F1QXD3|ZH15B_DANRE	31.8	201	97	7	13672	13103	122	293	1.24e-18	94.4
KK365290.1	sp|Q93VV0|ZDHC6_ARATH	29.5	200	113	3	13687	13115	91	271	3.72e-17	89.0
KK365290.1	sp|Q94C49|ZDH18_ARATH	30.9	204	90	7	13702	13139	105	273	2.73e-13	77.8
KK365290.1	sp|Q8I0G4|ZDHC4_CAEEL	30.1	209	115	6	13678	13106	129	324	2.48e-12	76.3
KK365290.1	sp|Q5M757|ZDH15_ARATH	28.3	198	100	5	13675	13118	109	276	2.79e-10	68.6
KK365296.1	sp|P21576|VPS1_YEAST	33.0	327	166	6	8520	7696	27	352	3.71e-40	166
KK365296.1	sp|Q9URZ5|VPS1_SCHPO	40.7	243	116	4	8520	7867	25	264	3.76e-39	162
KK365297.1	sp|Q8SQU9|VATA_ENCCU	61.7	626	207	7	3237	1390	2	604	6.96e-241	746
KK365297.1	sp|P48602|VATA1_DROME	60.4	614	203	9	3180	1396	17	609	3.15e-225	702
KK365297.1	sp|P31400|VATA_MANSE	60.7	614	201	9	3180	1396	20	612	4.77e-225	701
KK365297.1	sp|Q5TTG1|VATA_ANOGA	59.5	630	212	10	3219	1396	1	609	5.84e-225	701
KK365297.1	sp|Q27331|VATA2_DROME	59.7	616	208	9	3186	1396	15	609	2.80e-222	693
KK365297.1	sp|Q9XW92|VATA_CAEEL	59.7	615	211	7	3180	1384	8	601	5.31e-222	692
KK365297.1	sp|O16109|VATA_AEDAE	58.4	630	219	10	3219	1396	1	609	1.31e-221	691
KK365297.1	sp|Q2TJ56|VATA_AEDAL	58.4	630	219	10	3219	1396	1	609	1.31e-221	691
KK365297.1	sp|Q61VZ4|VATA_CAEBR	59.3	615	213	7	3180	1384	8	601	4.60e-221	689
KK365297.1	sp|Q90647|VATA_CHICK	58.4	615	215	8	3180	1396	19	612	6.02e-218	681
KK365297.1	sp|P50516|VATA_MOUSE	58.7	615	213	8	3180	1396	19	612	6.02e-218	681
KK365297.1	sp|P38606|VATA_HUMAN	58.5	615	214	8	3180	1396	19	612	1.52e-217	680
KK365297.1	sp|Q5R5H2|VATA_PONAB	58.5	615	214	8	3180	1396	19	612	1.52e-217	680
KK365297.1	sp|P31404|VATA_BOVIN	58.4	615	215	8	3180	1396	19	612	5.22e-217	678
KK365297.1	sp|P31406|VATA_SCHPO	59.1	613	213	10	3195	1408	19	610	3.09e-215	673
KK365297.1	sp|P48414|VATA_CYACA	58.4	599	214	7	3207	1453	3	580	3.42e-215	672
KK365297.1	sp|Q29048|VATA_PIG	58.0	615	217	8	3180	1396	19	612	5.33e-215	672
KK365297.1	sp|O23654|VATA_ARATH	58.2	624	219	10	3213	1408	8	611	1.22e-214	672
KK365297.1	sp|P13548|VATA_VIGRR	57.8	625	222	10	3216	1408	7	611	1.66e-214	671
KK365297.1	sp|Q9SM09|VATA_CITUN	57.2	629	227	10	3216	1396	7	615	1.06e-213	669
KK365297.1	sp|Q5AJB1|VATA_CANAL	57.3	616	229	9	3195	1384	19	612	5.45e-213	667
KK365297.1	sp|P31405|VATA_GOSHI	57.4	629	226	10	3216	1396	7	615	6.72e-213	667
KK365297.1	sp|P11592|VATA_NEUCR	59.0	600	215	7	3180	1408	16	593	9.66e-213	665
KK365297.1	sp|P09469|VATA_DAUCA	57.0	628	228	10	3213	1396	8	615	1.25e-212	666
KK365297.1	sp|Q39291|VATA_BRANA	57.0	628	228	10	3213	1396	8	615	1.47e-211	663
KK365303.1	sp|Q54G06|XPP1_DICDI	34.8	607	328	16	11796	10099	33	612	1.16e-87	305
KK365303.1	sp|Q9VJG0|XPP_DROME	33.8	615	333	15	11784	10066	26	608	6.27e-78	276
KK365303.1	sp|Q09795|YAA1_SCHPO	34.3	618	318	19	11823	10111	7	583	2.23e-76	271
KK365303.1	sp|Q6P1B1|XPP1_MOUSE	33.1	632	325	16	11781	10063	27	619	1.86e-75	269
KK365303.1	sp|Q9NQW7|XPP1_HUMAN	33.9	632	320	19	11781	10063	27	619	2.52e-75	269
KK365303.1	sp|O54975|XPP1_RAT	33.4	632	323	16	11781	10063	27	619	3.41e-75	268
KK365303.1	sp|Q1JPJ2|XPP1_BOVIN	33.7	632	321	19	11781	10063	27	619	6.24e-75	268
KK365303.1	sp|O44750|XPP_CAEEL	32.2	603	324	16	11808	10147	19	585	1.77e-74	266
KK365303.1	sp|Q95333|XPP2_PIG	32.0	596	330	15	11787	10123	63	624	1.64e-70	256
KK365303.1	sp|B1AVD1|XPP2_MOUSE	31.6	592	330	15	11784	10132	65	622	3.37e-69	252
KK365303.1	sp|Q99MA2|XPP2_RAT	30.5	596	339	13	11796	10132	61	622	5.01e-68	249
KK365303.1	sp|O43895|XPP2_HUMAN	29.9	625	354	17	11796	10063	61	648	3.02e-67	246
KK365303.1	sp|Q58216|Y806_METJA	30.9	291	177	12	14618	13776	68	344	6.27e-18	92.4
KK365303.1	sp|Q5HNJ7|Y1271_STAEQ	31.9	229	136	7	10917	10255	124	340	3.19e-15	84.3
KK365303.1	sp|Q8CNW9|Y1383_STAES	31.9	229	136	7	10917	10255	124	340	3.19e-15	84.3
KK365303.1	sp|Q4L749|Y1217_STAHJ	31.0	229	138	7	10917	10255	124	340	2.53e-13	78.6
KK365303.1	sp|P54518|YQHT_BACSU	30.8	169	109	4	10737	10246	175	340	3.53e-10	68.9
KK365303.1	sp|O31689|YKVY_BACSU	25.1	227	156	7	14474	13809	131	348	4.11e-05	53.1
KK365303.1	sp|Q9UUD8|YOD1_SCHPO	23.8	261	170	10	10989	10258	186	434	6.88e-05	52.8
KK365304.1	sp|Q99315|YG31B_YEAST	34.1	452	285	8	8860	7529	562	1008	2.10e-63	245
KK365304.1	sp|Q7LHG5|YI31B_YEAST	34.1	452	285	8	8860	7529	588	1034	2.49e-63	245
KK365308.1	sp|Q99315|YG31B_YEAST	41.3	419	231	5	10661	9417	609	1016	3.96e-77	290
KK365308.1	sp|Q7LHG5|YI31B_YEAST	41.1	419	232	5	10661	9417	635	1042	9.80e-77	288
KK365312.1	sp|Q08234|YO075_YEAST	28.6	255	157	4	2324	3016	54	307	3.76e-15	87.0
KK365320.1	sp|Q09735|YA55_SCHPO	43.8	320	173	6	1277	336	194	512	7.54e-65	234
KK365320.1	sp|P54448|YQEC_BACSU	33.0	264	165	6	2541	3329	1	253	1.73e-33	136
KK365321.1	sp|Q54F46|WARA_DICDI	49.1	53	27	0	11178	11020	164	216	3.58e-05	53.9
KK365324.1	sp|Q7LHG5|YI31B_YEAST	36.1	374	233	4	2613	3728	608	977	4.08e-60	234
KK365324.1	sp|Q99315|YG31B_YEAST	35.8	374	234	4	2613	3728	582	951	1.00e-59	233
KK365327.1	sp|P54509|YQHH_BACSU	25.9	494	291	13	3099	1690	80	522	1.80e-30	133
KK365327.1	sp|O13762|YF2C_SCHPO	36.3	124	79	0	2202	1831	739	862	3.83e-18	96.3
KK365327.1	sp|Q10332|YBMA_SCHPO	26.3	407	223	16	3168	2131	232	622	1.87e-13	80.9
KK365327.1	sp|O60177|YG42_SCHPO	33.6	125	83	0	2205	1831	880	1004	1.09e-12	78.6
KK365329.1	sp|P25036|YSP3_YEAST	39.7	312	151	5	8439	7546	153	441	2.70e-58	214
KK365329.1	sp|P54423|WPRA_BACSU	30.6	245	125	5	8307	7600	458	666	4.26e-21	105
KK365330.1	sp|Q99315|YG31B_YEAST	28.9	698	431	13	1415	3361	601	1282	2.11e-66	254
KK365330.1	sp|Q7LHG5|YI31B_YEAST	28.8	698	432	13	1415	3361	627	1308	9.72e-66	252
KK365331.1	sp|Q7LHG5|YI31B_YEAST	40.6	438	242	8	9763	8465	610	1034	1.11e-78	294
KK365331.1	sp|Q99315|YG31B_YEAST	40.4	438	243	8	9763	8465	584	1008	1.37e-78	294
KK365331.1	sp|Q09575|YRD6_CAEEL	31.1	273	180	6	9811	9005	411	679	3.78e-30	135
KK365338.1	sp|Q8TGJ8|YJ026_YEAST	71.7	46	13	0	6893	7030	21	66	9.28e-11	63.5
KK365338.1	sp|P20560|YVFB_VACCC	71.7	46	13	0	6893	7030	32	77	3.73e-10	62.0
KK365341.1	sp|Q9HGP4|YK82_SCHPO	28.5	267	132	4	3329	2706	228	494	2.98e-25	118
KK365341.1	sp|Q54BA2|Y3800_DICDI	41.2	102	60	0	3320	3015	518	619	1.52e-15	87.4
KK365341.1	sp|Q55C84|Y0170_DICDI	38.1	97	60	0	3305	3015	742	838	1.03e-10	72.0
KK365341.1	sp|Q54UW4|Y0777_DICDI	37.3	83	47	3	2987	2748	315	395	1.91e-05	54.7
KK365352.1	sp|P40009|YND1_YEAST	25.1	219	105	9	923	1480	10	202	2.55e-04	50.4
KK365354.1	sp|Q55A09|Y9963_DICDI	35.2	71	43	1	8326	8123	757	827	3.12e-04	50.4
KK365365.1	sp|Q6C5V7|YNG2_YARLI	37.5	80	44	2	1781	1548	197	272	1.19e-09	65.5
KK365368.1	sp|Q99315|YG31B_YEAST	31.3	326	212	4	1788	2738	690	1012	6.44e-34	147
KK365368.1	sp|Q7LHG5|YI31B_YEAST	31.3	326	212	4	1788	2738	716	1038	8.23e-34	147
KK365371.1	sp|Q99315|YG31B_YEAST	35.5	440	268	9	2306	1017	579	1012	8.31e-61	235
KK365371.1	sp|Q7LHG5|YI31B_YEAST	35.2	440	269	9	2306	1017	605	1038	3.00e-60	233
KK365377.1	sp|Q58884|Y1489_METJA	29.5	509	276	16	5956	4592	110	589	3.35e-41	167
KK365377.1	sp|Q58371|Y961_METJA	31.4	433	235	11	5719	4586	244	669	9.74e-34	145
KK365379.1	sp|O60114|YG65_SCHPO	29.4	547	287	18	3348	4799	636	1146	7.52e-41	170
KK365379.1	sp|Q9HE06|YK99_SCHPO	27.0	571	300	19	3348	4913	30	532	4.12e-34	145
KK365379.1	sp|Q06698|YL419_YEAST	25.5	604	363	21	3351	5006	610	1178	1.29e-30	136
KK365379.1	sp|Q9HDY4|YK16_SCHPO	28.5	540	291	20	3351	4790	404	908	1.42e-30	136
KK365379.1	sp|Q5UQ96|YL540_MIMIV	25.6	527	277	23	3384	4832	60	515	1.63e-25	118
KK365379.1	sp|P0C7L7|YUM14_USTMA	25.0	528	307	16	3354	4733	743	1249	3.40e-25	119
KK365379.1	sp|Q9H6S0|YTDC2_HUMAN	34.4	227	121	8	4122	4733	625	846	4.61e-18	95.5
KK365379.1	sp|Q5R746|YTDC2_PONAB	34.4	227	121	8	4122	4733	625	846	4.61e-18	95.5
KK365379.1	sp|B2RR83|YTDC2_MOUSE	33.9	227	122	8	4122	4733	640	861	4.63e-18	95.5
KK365384.1	sp|Q6NZP1|ZRAB3_MOUSE	43.8	434	213	9	4696	3485	36	468	4.43e-85	307
KK365384.1	sp|E1BB03|ZRAB3_BOVIN	42.6	434	218	8	4696	3485	36	468	1.18e-83	303
KK365384.1	sp|Q5FWF4|ZRAB3_HUMAN	42.2	434	220	8	4696	3485	36	468	2.39e-81	296
KK365384.1	sp|P47264|Y018_MYCGE	29.0	452	256	18	4735	3524	562	996	2.37e-25	119
KK365386.1	sp|P40028|YEN1_YEAST	22.4	156	83	5	1335	973	152	304	9.54e-04	48.1
KK365396.1	sp|Q86JM5|Y2012_DICDI	31.1	151	101	3	905	1357	132	279	2.88e-11	70.1
KK365403.1	sp|Q8SSK3|Y1A1_ENCCU	29.6	142	77	3	3481	3858	52	186	6.66e-11	67.4
KK365403.1	sp|Q54RP7|Y0652_DICDI	23.4	128	56	2	4318	4058	459	585	9.76e-04	47.8
KK365412.1	sp|Q7LHG5|YI31B_YEAST	28.0	371	250	7	2405	1329	626	991	4.74e-40	166
KK365412.1	sp|Q99315|YG31B_YEAST	27.8	371	251	7	2405	1329	600	965	1.11e-39	165
KK365427.1	sp|Q8SRF5|Y823_ENCCU	31.6	95	63	1	916	638	49	143	4.51e-04	47.4
KK365428.1	sp|O86236|Y132A_HAEIN	32.5	114	61	4	9	332	13	116	5.13e-08	56.2
KK365437.1	sp|Q7LHG5|YI31B_YEAST	31.5	276	183	3	2322	1498	626	896	1.82e-31	138
KK365437.1	sp|Q99315|YG31B_YEAST	31.0	277	185	3	2322	1495	600	871	2.43e-31	137
KK365440.1	sp|Q52T38|ZDH22_ARATH	48.8	43	22	0	508	380	386	428	3.48e-06	55.1
KK365440.1	sp|A2CEX1|ZDH8B_DANRE	48.8	43	22	0	511	383	118	160	3.81e-06	55.1
KK365440.1	sp|Q9D6H5|ZDHC4_MOUSE	53.8	39	18	0	508	392	164	202	4.61e-06	53.9
KK365440.1	sp|Q5FVR1|ZDHC4_RAT	53.8	39	18	0	508	392	164	202	6.12e-06	53.5
KK365440.1	sp|E1BLT8|ZDHC5_BOVIN	52.5	40	19	0	511	392	118	157	8.45e-06	53.9
KK365440.1	sp|Q2THW9|ZDHC5_CANLF	52.5	40	19	0	511	392	118	157	8.45e-06	53.9
KK365440.1	sp|Q9C0B5|ZDHC5_HUMAN	52.5	40	19	0	511	392	118	157	8.45e-06	53.9
KK365440.1	sp|Q8VDZ4|ZDHC5_MOUSE	52.5	40	19	0	511	392	118	157	8.45e-06	53.9
KK365440.1	sp|Q2THX1|ZDHC5_PANTR	52.5	40	19	0	511	392	118	157	8.45e-06	53.9
KK365440.1	sp|Q5R838|ZDHC5_PONAB	52.5	40	19	0	511	392	118	157	8.45e-06	53.9
KK365440.1	sp|Q2THW7|ZDHC5_RAT	52.5	40	19	0	511	392	118	157	8.45e-06	53.9
KK365440.1	sp|Q5Y5T5|ZDHC8_MOUSE	48.8	43	22	0	511	383	118	160	1.14e-05	53.5
KK365440.1	sp|Q2THW8|ZDHC8_CANLF	48.8	43	22	0	511	383	118	160	1.14e-05	53.5
KK365440.1	sp|Q9ULC8|ZDHC8_HUMAN	48.8	43	22	0	511	383	118	160	1.14e-05	53.5
KK365440.1	sp|Q2THX0|ZDHC8_PANTR	48.8	43	22	0	511	383	118	160	1.14e-05	53.5
KK365440.1	sp|F1QAM1|ZDHC4_DANRE	51.4	37	18	0	508	398	166	202	1.91e-05	52.0
KK365440.1	sp|Q8T2Q0|ZDHC6_DICDI	37.3	83	33	3	598	404	363	444	2.49e-05	52.4
KK365440.1	sp|Q9NPG8|ZDHC4_HUMAN	43.4	53	30	0	508	350	164	216	3.33e-05	51.2
KK365440.1	sp|E7F021|ZD12B_DANRE	54.3	35	16	0	508	404	117	151	5.25e-05	50.1
KK365440.1	sp|Q9LIE4|ZDHC8_ARATH	46.5	43	22	1	538	413	176	218	7.44e-05	50.8
KK365440.1	sp|Q5FWL7|ZDH15_XENLA	28.2	85	57	1	628	374	108	188	1.00e-04	49.7
KK365440.1	sp|Q58DT3|ZDHC4_BOVIN	48.7	39	20	0	508	392	164	202	1.02e-04	49.7
KK365440.1	sp|Q500Z2|ZDH20_ARATH	29.8	94	51	2	613	377	40	133	1.11e-04	48.9
KK365440.1	sp|Q9NXF8|ZDHC7_HUMAN	48.6	37	19	0	511	401	144	180	1.55e-04	48.9
KK365440.1	sp|Q91WU6|ZDHC7_MOUSE	48.6	37	19	0	511	401	144	180	1.55e-04	48.9
KK365462.1	sp|Q99315|YG31B_YEAST	25.0	853	558	21	578	2917	602	1445	3.47e-58	223
KK365462.1	sp|Q7LHG5|YI31B_YEAST	24.7	849	559	19	578	2908	628	1468	2.42e-57	220
KK365465.1	sp|P53273|YG35_YEAST	20.1	497	356	12	586	1968	203	694	1.48e-06	56.2
KK365471.1	sp|Q7LHG5|YI31B_YEAST	36.5	408	241	7	308	1501	638	1037	5.42e-67	248
KK365471.1	sp|Q99315|YG31B_YEAST	36.0	403	250	6	308	1501	612	1011	1.01e-66	248
KK365482.1	sp|P94252|YHIT_BORBU	37.7	53	31	1	2272	2424	3	55	7.00e-05	47.0
KK365509.1	sp|Q08234|YO075_YEAST	30.8	211	117	4	458	1012	60	267	1.07e-15	84.7
KK365509.1	sp|Q8K9I3|UUP_BUCAP	27.4	157	88	3	458	907	34	171	2.06e-05	51.2
KK365509.1	sp|Q59056|Y1662_METJA	26.6	207	90	7	458	904	290	492	7.24e-04	46.2
KK365528.1	sp|Q8SVC0|Y667_ENCCU	36.3	113	61	3	436	119	162	270	7.98e-09	60.1
