JAMKHW010000001.1	sp|Q6P2Q9|PRP8_HUMAN	78.0	2472	353	7	3285273	3292679	52	2335	0.0	3965
JAMKHW010000001.1	sp|Q99PV0|PRP8_MOUSE	78.0	2472	354	7	3285273	3292679	52	2335	0.0	3965
JAMKHW010000001.1	sp|Q9SSD2|PRP8A_ARATH	74.9	2471	428	8	3285273	3292676	76	2358	0.0	3847
JAMKHW010000001.1	sp|P34369|PRP8_CAEEL	74.8	2475	430	8	3285273	3292679	42	2329	0.0	3827
JAMKHW010000001.1	sp|Q9T0I6|PRP8B_ARATH	73.4	2471	470	6	3285273	3292679	74	2359	0.0	3760
JAMKHW010000001.1	sp|Q8T295|PRP8_DICDI	71.1	2456	519	10	3285273	3292631	39	2306	0.0	3596
JAMKHW010000001.1	sp|O14187|SPP42_SCHPO	69.5	2481	554	14	3285273	3292679	73	2363	0.0	3501
JAMKHW010000001.1	sp|P33334|PRP8_YEAST	58.9	2469	789	19	3285291	3292631	131	2396	0.0	2915
JAMKHW010000001.1	sp|O75643|U520_HUMAN	58.2	2199	848	14	5422814	5416242	1	2136	0.0	2530
JAMKHW010000001.1	sp|Q6P4T2|U520_MOUSE	58.0	2199	852	14	5422814	5416242	1	2136	0.0	2526
JAMKHW010000001.1	sp|F1LNJ2|U520_RAT	58.0	2202	851	15	5422814	5416242	1	2139	0.0	2521
JAMKHW010000001.1	sp|Q9VUV9|U520_DROME	56.8	2199	879	14	5422814	5416248	1	2138	0.0	2461
JAMKHW010000001.1	sp|Q9SYP1|DEXHC_ARATH	55.7	2201	906	24	5422811	5416272	8	2160	0.0	2310
JAMKHW010000001.1	sp|O48534|DEXHD_ARATH	53.7	2208	954	26	5422811	5416251	9	2168	0.0	2228
JAMKHW010000001.1	sp|Q9UT24|BRR2_SCHPO	52.8	2196	974	21	5422790	5416242	28	2174	0.0	2204
JAMKHW010000001.1	sp|Q9U2G0|U520_CAEEL	51.1	2193	999	18	5422814	5416266	1	2130	0.0	2137
JAMKHW010000001.1	sp|Q55CI8|HELCL_DICDI	50.7	2241	1012	27	5422814	5416284	1	2213	0.0	2019
JAMKHW010000001.1	sp|Q869L3|MDN1_DICDI	45.5	2402	1025	41	6708465	6702004	235	2609	0.0	1957
JAMKHW010000001.1	sp|P38811|TRA1_YEAST	35.7	3276	1826	58	4213625	4204089	74	3165	0.0	1888
JAMKHW010000001.1	sp|Q12019|MDN1_YEAST	48.0	2085	953	28	6708489	6702442	259	2280	0.0	1827
JAMKHW010000001.1	sp|O94248|MDN1_SCHPO	47.1	2068	958	28	6708450	6702433	111	2105	0.0	1740
JAMKHW010000001.1	sp|Q9HFE8|TRA1_SCHPO	33.8	3245	1827	41	4213625	4204080	112	3098	0.0	1732
JAMKHW010000001.1	sp|Q9NU22|MDN1_HUMAN	42.6	2413	1180	50	6708585	6701761	243	2589	0.0	1700
JAMKHW010000001.1	sp|Q10064|YAMB_SCHPO	32.3	3227	1866	45	4213625	4204089	74	3033	0.0	1627
JAMKHW010000001.1	sp|Q54YZ9|DHKJ_DICDI	65.1	1354	461	4	4705767	4701742	178	1531	0.0	1604
JAMKHW010000010.1	sp|O75005|SYV_SCHPO	59.4	838	294	5	482579	485089	163	955	0.0	1005
JAMKHW010000010.1	sp|P07806|SYV_YEAST	56.2	860	331	5	482579	485155	214	1028	2.73e-318	996
JAMKHW010000010.1	sp|Q01877|HSP71_PUCGR	83.1	590	100	0	754799	753030	59	648	7.12e-297	914
JAMKHW010000010.1	sp|O59855|HSP72_SCHPO	81.9	590	106	1	754799	753030	59	647	4.63e-292	900
JAMKHW010000010.1	sp|Q10265|HSP71_SCHPO	82.5	590	99	2	754799	753030	59	644	2.64e-291	898
JAMKHW010000010.1	sp|O93866|HSP70_TRIRU	80.4	597	109	3	754799	753030	59	654	3.93e-289	892
JAMKHW010000010.1	sp|Q96W30|HSP72_PARBA	79.5	596	116	2	754799	753030	59	654	4.65e-288	889
JAMKHW010000010.1	sp|Q5B2V1|HSP70_EMENI	81.2	558	101	3	754799	753129	59	613	5.31e-285	880
JAMKHW010000010.1	sp|P48720|HSP70_BLAEM	78.6	593	117	4	754799	753030	64	649	2.60e-283	875
JAMKHW010000010.1	sp|Q01233|HSP70_NEUCR	78.2	596	116	4	754799	753030	59	646	5.88e-283	874
JAMKHW010000010.1	sp|J9VZ70|HSP71_CRYNH	77.3	590	129	2	754799	753030	59	643	7.56e-279	862
JAMKHW010000010.1	sp|F5HB71|HSP71_CRYNB	77.3	590	126	2	754799	753030	59	640	9.21e-279	862
JAMKHW010000010.1	sp|Q5KKP4|HSP71_CRYNJ	77.3	590	126	2	754799	753030	59	640	9.21e-279	862
JAMKHW010000010.1	sp|P53421|HSP71_PICAN	75.2	592	140	3	754799	753030	59	645	1.31e-277	859
JAMKHW010000010.1	sp|P46587|HSP72_CANAL	75.8	590	140	1	754799	753030	59	645	6.13e-277	857
JAMKHW010000010.1	sp|Q00043|HSP70_AJECA	78.1	602	112	6	754799	753030	59	652	6.35e-277	860
JAMKHW010000010.1	sp|P40918|HSP70_DAVTA	75.3	592	137	3	754799	753030	59	643	7.76e-277	857
JAMKHW010000010.1	sp|Q86KU2|SYVC_DICDI	52.5	844	348	9	482579	485083	175	974	1.16e-275	872
JAMKHW010000010.1	sp|P19120|HSP7C_BOVIN	75.3	590	146	0	754799	753030	61	650	4.08e-275	852
JAMKHW010000010.1	sp|P09446|HSP1_CAEEL	76.0	591	130	2	754799	753030	61	640	2.45e-274	849
JAMKHW010000010.1	sp|P10591|HSP71_YEAST	77.1	595	120	4	754799	753030	59	642	2.64e-274	849
JAMKHW010000010.1	sp|A2Q0Z1|HSP7C_HORSE	75.1	590	143	1	754799	753030	61	646	4.17e-274	849
JAMKHW010000010.1	sp|P11142|HSP7C_HUMAN	75.1	590	143	1	754799	753030	61	646	4.17e-274	849
JAMKHW010000010.1	sp|Q71U34|HSP7C_SAGOE	75.1	590	143	1	754799	753030	61	646	4.17e-274	849
JAMKHW010000010.1	sp|P63017|HSP7C_MOUSE	75.1	590	143	1	754799	753030	61	646	5.67e-274	848
JAMKHW010000011.1	sp|Q9UUE6|SYKC_SCHPO	66.7	507	164	1	32413	33918	74	580	3.98e-228	713
JAMKHW010000011.1	sp|Q99MN1|SYK_MOUSE	65.9	504	170	2	32413	33921	73	575	1.44e-222	697
JAMKHW010000011.1	sp|P37879|SYK_CRIGR	65.7	504	171	2	32413	33921	75	577	1.83e-221	694
JAMKHW010000011.1	sp|Q15046|SYK_HUMAN	65.7	504	171	2	32413	33921	75	577	3.38e-221	694
JAMKHW010000011.1	sp|P15180|SYKC_YEAST	65.9	510	164	5	32413	33918	72	579	5.06e-221	693
JAMKHW010000011.1	sp|Q5XIM7|SYK_RAT	65.9	504	170	2	32413	33921	104	606	9.54e-221	694
JAMKHW010000011.1	sp|A0A120HYZ1|CLA4_CLACD	63.8	508	176	3	32413	33921	68	572	2.51e-211	665
JAMKHW010000011.1	sp|Q22099|SYK_CAEEL	64.0	505	178	4	32413	33921	55	557	4.64e-210	660
JAMKHW010000011.1	sp|Q9URZ5|VPS1_SCHPO	66.2	455	138	3	99750	98431	66	519	9.91e-196	624
JAMKHW010000011.1	sp|Q6F2U9|SYK_ORYSJ	57.9	525	196	4	32413	33921	81	602	9.94e-195	618
JAMKHW010000011.1	sp|Q9ZPI1|SYKC_ARATH	55.9	526	206	5	32413	33921	89	611	1.58e-183	587
JAMKHW010000011.1	sp|P21576|VPS1_YEAST	63.9	441	157	2	99726	98407	113	552	1.02e-181	585
JAMKHW010000011.1	sp|Q43776|SYK_SOLLC	52.8	534	215	4	32413	33912	56	586	4.60e-176	563
JAMKHW010000011.1	sp|P0C1J0|CYP15_RHIO9	62.6	476	66	5	42581	41175	260	630	4.97e-171	551
JAMKHW010000011.1	sp|Q8SS56|SYKC_ENCCU	52.4	483	222	5	32476	33918	34	510	4.35e-158	508
JAMKHW010000011.1	sp|C4V8R9|SYKC_NOSCE	50.3	501	228	7	32446	33927	28	514	1.18e-148	481
JAMKHW010000011.1	sp|A9CS74|SYKC_ENTBH	47.0	517	253	7	32392	33921	15	517	1.24e-139	456
JAMKHW010000011.1	sp|P26197|ACT2_ABSGL	97.3	225	6	0	27337	28011	32	256	8.48e-139	447
JAMKHW010000011.1	sp|Q9UVX4|ACT_COPC7	93.3	225	15	0	27337	28011	30	254	3.91e-134	434
JAMKHW010000011.1	sp|Q75D00|ACT_ASHGO	92.4	225	17	0	27337	28011	31	255	4.06e-134	434
JAMKHW010000011.1	sp|P60009|ACT_CANGA	92.4	225	17	0	27337	28011	30	254	5.33e-134	433
JAMKHW010000011.1	sp|P60011|ACT_SACBA	92.4	225	17	0	27337	28011	30	254	5.33e-134	433
JAMKHW010000011.1	sp|P60010|ACT_YEAST	92.4	225	17	0	27337	28011	30	254	5.33e-134	433
JAMKHW010000011.1	sp|P48465|ACT_CRYNH	93.3	225	15	0	27337	28011	30	254	7.26e-134	433
JAMKHW010000011.1	sp|P30162|ACT1_ONCVO	93.8	225	14	0	27337	28011	31	255	7.52e-134	433
JAMKHW010000012.1	sp|Q10284|SSB1_SCHPO	64.2	433	152	2	42185	43480	182	612	8.20e-160	517
JAMKHW010000012.1	sp|P87222|SSB1_CANAW	62.7	432	157	3	42185	43474	182	611	4.61e-152	495
JAMKHW010000012.1	sp|Q6CQ83|SSB1_KLULA	61.1	432	164	3	42185	43474	182	611	2.16e-149	487
JAMKHW010000012.1	sp|P41770|SSB1_KLUMA	60.6	432	166	3	42185	43474	182	611	2.94e-149	487
JAMKHW010000012.1	sp|P11484|SSB1_YEAST	60.2	432	168	3	42185	43474	182	611	3.44e-148	484
JAMKHW010000012.1	sp|P40150|SSB2_YEAST	60.2	432	168	3	42185	43474	182	611	3.44e-148	484
JAMKHW010000012.1	sp|G4NAY4|SSB1_MAGO7	62.0	432	160	3	42185	43474	183	612	3.55e-148	484
JAMKHW010000012.1	sp|Q9LHA8|HS704_ARATH	63.1	406	146	3	42185	43393	184	588	6.14e-148	484
JAMKHW010000012.1	sp|P09189|HSP7C_PETHY	63.3	406	145	3	42185	43393	184	588	8.61e-148	484
JAMKHW010000012.1	sp|Q9S9N1|HSP7E_ARATH	63.5	406	144	3	42185	43393	183	587	9.98e-148	484
JAMKHW010000012.1	sp|Q876N3|SSB1_CANGA	60.2	432	168	3	42185	43474	182	611	1.18e-147	482
JAMKHW010000012.1	sp|Q75E44|SSB1_ASHGO	60.0	432	169	3	42185	43474	182	611	1.60e-147	482
JAMKHW010000012.1	sp|Q707X3|SSB1_ZYGRC	59.7	432	170	3	42185	43474	182	611	2.17e-147	481
JAMKHW010000012.1	sp|G0SCU5|SSB1_CHATD	61.3	432	163	3	42185	43474	183	612	1.42e-146	479
JAMKHW010000012.1	sp|Q557E0|HS7C2_DICDI	57.9	437	181	3	42185	43492	179	613	1.87e-146	479
JAMKHW010000012.1	sp|Q707W3|SSB1_KLUDE	59.7	432	170	3	42185	43474	182	611	1.87e-146	479
JAMKHW010000012.1	sp|P36415|HS7C1_DICDI	61.4	404	154	2	42185	43393	178	580	2.42e-146	479
JAMKHW010000012.1	sp|P18694|HSP72_USTMA	60.6	416	161	3	42185	43429	178	591	1.54e-144	474
JAMKHW010000012.1	sp|P27322|HSP72_SOLLC	62.1	406	150	3	42185	43393	184	588	2.75e-144	474
JAMKHW010000012.1	sp|P22954|HS702_ARATH	62.1	406	150	3	42185	43393	184	588	3.66e-144	474
JAMKHW010000012.1	sp|O59855|HSP72_SCHPO	58.1	434	179	3	42185	43483	178	609	5.59e-144	473
JAMKHW010000012.1	sp|O65719|HSP7C_ARATH	62.0	408	151	3	42185	43399	184	590	5.96e-144	473
JAMKHW010000012.1	sp|P26413|HSP70_SOYBN	61.8	406	151	3	42185	43393	183	587	9.70e-144	472
JAMKHW010000012.1	sp|Q10265|HSP71_SCHPO	58.5	434	177	3	42185	43483	178	609	3.21e-143	471
JAMKHW010000012.1	sp|Q01877|HSP71_PUCGR	60.8	411	159	2	42185	43414	178	587	1.24e-142	469
JAMKHW010000013.1	sp|O94609|UBA1_SCHPO	59.8	773	279	7	174580	172280	266	1012	6.26e-290	909
JAMKHW010000013.1	sp|Q29504|UBA1_RABIT	57.7	782	290	9	174580	172277	304	1058	1.23e-275	869
JAMKHW010000013.1	sp|A3KMV5|UBA1_BOVIN	57.7	782	290	9	174580	172277	304	1058	2.27e-275	868
JAMKHW010000013.1	sp|P22314|UBA1_HUMAN	57.9	782	288	9	174580	172277	304	1058	5.72e-275	867
JAMKHW010000013.1	sp|P52495|UBA1_CANAW	58.3	780	280	12	174568	172280	270	1021	1.43e-274	865
JAMKHW010000013.1	sp|Q02053|UBA1_MOUSE	57.7	782	290	9	174580	172277	304	1058	1.44e-274	866
JAMKHW010000013.1	sp|Q5U300|UBA1_RAT	57.5	782	291	9	174580	172277	304	1058	2.66e-274	865
JAMKHW010000013.1	sp|P22515|UBA1_YEAST	55.0	784	310	9	174580	172280	267	1024	2.56e-265	838
JAMKHW010000013.1	sp|P31254|UBA1Y_MOUSE	55.8	778	302	9	174565	172277	308	1058	1.07e-262	832
JAMKHW010000013.1	sp|Q55C16|UBA1_DICDI	55.6	768	295	13	174547	172283	281	1015	7.08e-253	802
JAMKHW010000013.1	sp|P92974|UBE12_ARATH	43.8	780	391	12	174580	172286	327	1074	7.82e-190	622
JAMKHW010000013.1	sp|P31252|UBE13_WHEAT	42.9	780	404	11	174580	172277	303	1053	1.74e-187	614
JAMKHW010000013.1	sp|P31251|UBE12_WHEAT	42.6	781	406	10	174580	172277	300	1051	1.18e-185	608
JAMKHW010000013.1	sp|P20973|UBE11_WHEAT	42.5	781	407	10	174580	172277	300	1051	3.99e-185	607
JAMKHW010000013.1	sp|P93028|UBE11_ARATH	42.3	781	408	13	174580	172277	330	1080	7.47e-182	598
JAMKHW010000013.1	sp|A0AVT1|UBA6_HUMAN	41.2	782	405	15	174580	172289	300	1044	1.28e-157	527
JAMKHW010000013.1	sp|Q8C7R4|UBA6_MOUSE	42.1	775	396	15	174562	172289	306	1044	2.73e-156	523
JAMKHW010000013.1	sp|Q9P784|RL4B_SCHPO	65.3	375	115	1	27144	26020	2	361	1.19e-150	479
JAMKHW010000013.1	sp|P35679|RL4A_SCHPO	66.5	376	109	3	27144	26020	2	361	1.04e-149	477
JAMKHW010000013.1	sp|P41226|UBA7_HUMAN	38.8	787	423	17	174580	172280	265	1012	1.47e-140	476
JAMKHW010000013.1	sp|Q09747|DBP5_SCHPO	50.1	499	173	2	8954	10450	79	501	1.31e-138	451
JAMKHW010000013.1	sp|P10664|RL4A_YEAST	62.6	366	130	2	27138	26041	2	360	1.99e-134	433
JAMKHW010000013.1	sp|P08429|RL4A_XENLA	63.7	342	122	1	27144	26119	6	345	3.55e-134	434
JAMKHW010000013.1	sp|P49626|RL4B_YEAST	64.0	353	120	2	27138	26080	2	347	3.69e-134	432
JAMKHW010000013.1	sp|P02385|RL4B_XENLA	63.5	342	123	1	27144	26119	6	345	5.75e-134	433
JAMKHW010000014.1	sp|Q09747|DBP5_SCHPO	61.3	320	123	1	24980	25939	153	471	8.38e-124	407
JAMKHW010000014.1	sp|Q5AJD0|DBP5_CANAL	59.1	318	129	1	24980	25933	189	505	2.81e-117	390
JAMKHW010000014.1	sp|A3GH91|DBP5_PICST	59.1	318	129	1	24980	25933	149	465	6.75e-117	387
JAMKHW010000014.1	sp|Q4P7Z8|DBP5_USTMA	58.4	317	131	1	24980	25930	103	418	7.70e-113	374
JAMKHW010000014.1	sp|A5DZX2|DBP5_LODEL	56.3	320	139	1	24980	25939	155	473	1.55e-111	372
JAMKHW010000014.1	sp|Q6BRE4|DBP5_DEBHA	56.6	320	138	1	24980	25939	142	460	5.52e-111	370
JAMKHW010000014.1	sp|A5DBI5|DBP5_PICGU	56.6	320	138	1	24980	25939	131	449	2.88e-109	365
JAMKHW010000014.1	sp|Q75C39|DBP5_ASHGO	54.2	321	146	1	24980	25942	116	435	9.40e-108	360
JAMKHW010000014.1	sp|Q6FKN8|DBP5_CANGA	53.8	318	146	1	24980	25933	153	469	5.82e-103	347
JAMKHW010000014.1	sp|Q6CJU1|DBP5_KLULA	52.3	321	152	1	24980	25942	118	437	5.72e-102	343
JAMKHW010000014.1	sp|A6ZNQ1|DBP5_YEAS7	53.0	317	148	1	24980	25930	131	446	6.33e-102	343
JAMKHW010000014.1	sp|P20449|DBP5_YEAST	53.0	317	148	1	24980	25930	131	446	6.33e-102	343
JAMKHW010000014.1	sp|Q6C3X7|DBP5_YARLI	51.9	318	151	2	24980	25933	138	453	1.04e-99	337
JAMKHW010000014.1	sp|Q8X0X2|DBP5_NEUCR	51.4	325	153	4	24980	25942	113	436	7.65e-99	335
JAMKHW010000014.1	sp|A4RIF1|DBP5_MAGO7	51.4	327	150	5	24980	25942	108	431	7.41e-98	332
JAMKHW010000014.1	sp|Q2U8K6|DBP5_ASPOR	52.9	329	141	5	24980	25930	117	443	1.37e-97	331
JAMKHW010000014.1	sp|A7EY76|DBP5_SCLS1	50.6	326	151	5	24980	25939	108	429	5.12e-97	329
JAMKHW010000014.1	sp|A6SBT4|DBP5_BOTFB	51.2	326	149	5	24980	25939	108	429	6.96e-97	328
JAMKHW010000014.1	sp|A6RC50|DBP5_AJECN	51.7	329	145	5	24980	25933	128	453	1.60e-96	328
JAMKHW010000014.1	sp|Q5AVM1|DBP5_EMENI	52.7	330	142	5	24980	25933	108	435	4.02e-96	327
JAMKHW010000014.1	sp|A2QUY7|DBP5_ASPNC	52.7	328	143	5	24983	25933	114	440	4.68e-96	327
JAMKHW010000014.1	sp|A1CFV3|DBP5_ASPCL	51.4	329	148	4	24980	25933	116	443	1.01e-95	326
JAMKHW010000014.1	sp|Q0CDT1|DBP5_ASPTN	52.1	328	145	4	24980	25930	117	443	1.01e-95	326
JAMKHW010000014.1	sp|A1CYG5|DBP5_NEOFI	52.7	334	136	6	24980	25933	116	443	1.98e-95	325
JAMKHW010000014.1	sp|Q2HGF7|DBP5_CHAGB	50.5	325	156	4	24980	25942	111	434	3.66e-95	324
JAMKHW010000015.1	sp|Q9V3H2|PSDE_DROME	75.7	206	50	0	28887	29504	102	307	1.37e-98	326
JAMKHW010000015.1	sp|Q9LT08|PSDE_ARATH	77.2	206	47	0	28887	29504	103	308	3.46e-98	325
JAMKHW010000015.1	sp|P47075|VTC4_YEAST	37.6	526	268	6	32082	30529	25	498	6.27e-97	337
JAMKHW010000015.1	sp|P78810|VTC4_SCHPO	36.7	526	273	5	32082	30520	25	495	1.56e-96	335
JAMKHW010000015.1	sp|O00487|PSDE_HUMAN	74.3	206	53	0	28887	29504	104	309	2.88e-94	313
JAMKHW010000015.1	sp|O35593|PSDE_MOUSE	74.3	206	53	0	28887	29504	104	309	2.88e-94	313
JAMKHW010000015.1	sp|P41878|RPN11_SCHPO	71.4	206	59	0	28887	29504	103	308	2.40e-91	305
JAMKHW010000015.1	sp|Q86IJ1|PSDE_DICDI	64.6	206	70	1	28887	29504	104	306	1.04e-79	271
JAMKHW010000015.1	sp|O76577|PSDE_CAEEL	63.9	205	74	0	28887	29501	106	310	1.26e-79	271
JAMKHW010000015.1	sp|Q750E9|RPN11_ASHGO	62.0	205	78	0	28887	29501	105	309	5.84e-77	264
JAMKHW010000015.1	sp|P43588|RPN11_YEAST	61.5	205	79	0	28887	29501	100	304	3.23e-74	256
JAMKHW010000015.1	sp|Q6FKS1|RPN11_CANGA	59.5	205	83	0	28887	29501	100	304	2.42e-72	250
JAMKHW010000015.1	sp|Q8SQY3|RPN11_ENCCU	54.9	206	86	1	28887	29504	94	292	4.10e-57	206
JAMKHW010000015.1	sp|P41883|YPT5_CAEEL	47.2	216	103	3	28887	29501	102	317	3.52e-51	190
JAMKHW010000015.1	sp|O13718|VTC2_SCHPO	26.0	535	314	11	32082	30547	25	500	1.11e-45	184
JAMKHW010000015.1	sp|K0E3U9|ECDD_ASPRU	28.8	410	269	9	3729	2527	93	488	1.68e-39	162
JAMKHW010000015.1	sp|P32465|HXT1_YEAST	27.0	407	275	10	3729	2527	138	528	3.20e-35	150
JAMKHW010000015.1	sp|Q92339|GHT3_SCHPO	27.0	404	275	8	3729	2527	81	467	3.48e-35	149
JAMKHW010000015.1	sp|O59932|GHT4_SCHPO	27.2	405	273	9	3723	2521	83	469	2.07e-34	147
JAMKHW010000015.1	sp|P78831|GHT5_SCHPO	26.5	404	277	9	3729	2527	81	467	4.28e-34	146
JAMKHW010000015.1	sp|P40441|HXT12_YEAST	26.5	407	279	8	3729	2527	24	416	4.52e-34	144
JAMKHW010000015.1	sp|P40885|HXT9_YEAST	27.0	407	277	8	3729	2527	134	526	5.69e-34	146
JAMKHW010000015.1	sp|P54862|HXT11_YEAST	26.8	407	278	8	3729	2527	134	526	1.36e-33	145
JAMKHW010000015.1	sp|B8MYS7|MF127_ASPFN	29.4	422	268	11	3732	2521	72	481	1.46e-33	144
JAMKHW010000015.1	sp|P49374|HGT1_KLULA	27.7	408	284	8	3732	2527	92	494	2.65e-33	144
JAMKHW010000016.1	sp|P42528|ARP3_DICDI	59.5	237	70	2	36721	36011	181	391	1.64e-77	270
JAMKHW010000016.1	sp|P53490|ARP3_ACACA	58.6	244	72	3	36721	35990	189	403	5.35e-75	263
JAMKHW010000016.1	sp|Q61WW9|ARP3_CAEBR	54.4	237	82	2	36721	36011	189	399	5.99e-72	254
JAMKHW010000016.1	sp|P32390|ARP3_SCHPO	57.6	236	67	4	36721	36014	197	399	1.14e-71	253
JAMKHW010000016.1	sp|P61157|ARP3_BOVIN	55.3	237	80	2	36721	36011	181	391	2.20e-71	252
JAMKHW010000016.1	sp|P61158|ARP3_HUMAN	55.3	237	80	2	36721	36011	181	391	2.20e-71	252
JAMKHW010000016.1	sp|Q5R8R1|ARP3_PONAB	55.3	237	80	2	36721	36011	181	391	2.20e-71	252
JAMKHW010000016.1	sp|Q99JY9|ARP3_MOUSE	54.9	237	81	2	36721	36011	181	391	2.99e-71	251
JAMKHW010000016.1	sp|Q4V7C7|ARP3_RAT	54.9	237	81	2	36721	36011	181	391	2.99e-71	251
JAMKHW010000016.1	sp|O73723|ARP3_TAKRU	55.3	237	80	2	36721	36011	181	391	2.99e-71	251
JAMKHW010000016.1	sp|A2X6S3|ARP3_ORYSI	54.9	237	81	2	36721	36011	191	401	3.99e-71	251
JAMKHW010000016.1	sp|Q6K908|ARP3_ORYSJ	54.9	237	81	2	36721	36011	191	401	3.99e-71	251
JAMKHW010000016.1	sp|P32392|ARP3_DROME	55.3	237	80	2	36721	36011	181	391	7.49e-71	250
JAMKHW010000016.1	sp|Q801P7|ARP3A_XENLA	54.4	237	82	2	36721	36011	181	391	1.38e-70	249
JAMKHW010000016.1	sp|Q90WD0|ARP3_CHICK	54.4	237	82	2	36721	36011	181	391	1.88e-70	249
JAMKHW010000016.1	sp|A0A1L8EV45|ARP3B_XENLA	54.4	237	82	2	36721	36011	181	391	3.47e-70	248
JAMKHW010000016.1	sp|Q9N4I0|ARP3_CAEEL	52.7	237	86	2	36721	36011	188	398	1.06e-69	247
JAMKHW010000016.1	sp|Q9P1U1|ARP3B_HUMAN	54.0	237	83	2	36721	36011	181	391	1.60e-69	246
JAMKHW010000016.1	sp|P78712|ARP3_NEUCR	57.2	236	69	4	36721	36014	206	409	3.97e-69	246
JAMKHW010000016.1	sp|Q641P0|ARP3B_MOUSE	53.2	237	85	2	36721	36011	181	391	7.43e-69	244
JAMKHW010000016.1	sp|P47117|ARP3_YEAST	57.4	237	67	4	36721	36014	219	422	3.29e-68	244
JAMKHW010000016.1	sp|Q9SAF1|ARP3_ARATH	51.5	237	89	2	36721	36011	190	400	3.78e-67	240
JAMKHW010000016.1	sp|A8PCG3|RL44_COPC7	71.4	126	15	1	33869	33492	2	106	3.01e-52	184
JAMKHW010000016.1	sp|Q9UWE4|RL44_COPCI	71.4	126	15	1	33869	33492	2	106	3.01e-52	184
JAMKHW010000016.1	sp|O59870|RL44_PHARH	69.8	126	17	1	33869	33492	2	106	1.42e-51	182
JAMKHW010000017.1	sp|O02640|MDHM_CAEEL	44.2	403	131	5	24749	23541	30	338	9.41e-84	284
JAMKHW010000017.1	sp|K0J107|MDHM_FELCA	42.4	406	140	5	24758	23541	23	334	1.42e-78	269
JAMKHW010000017.1	sp|Q4R568|MDHM_MACFA	42.6	406	139	5	24758	23541	23	334	6.63e-78	267
JAMKHW010000017.1	sp|P40926|MDHM_HUMAN	42.1	406	141	5	24758	23541	23	334	1.23e-77	266
JAMKHW010000017.1	sp|Q5NVR2|MDHM_PONAB	42.1	406	141	5	24758	23541	23	334	2.27e-77	266
JAMKHW010000017.1	sp|P00346|MDHM_PIG	41.9	406	142	5	24758	23541	23	334	1.96e-76	263
JAMKHW010000017.1	sp|P04636|MDHM_RAT	41.6	406	143	5	24758	23541	23	334	2.67e-76	263
JAMKHW010000017.1	sp|P08249|MDHM_MOUSE	41.6	406	143	5	24758	23541	23	334	4.95e-76	262
JAMKHW010000017.1	sp|Q32LG3|MDHM_BOVIN	41.6	406	143	5	24758	23541	23	334	9.17e-76	261
JAMKHW010000017.1	sp|P37228|MDHG_SOYBN	41.2	403	143	5	24749	23541	43	351	1.73e-74	258
JAMKHW010000017.1	sp|P83778|MDHC_CANAL	41.1	411	158	7	24755	23544	1	334	2.27e-73	254
JAMKHW010000017.1	sp|P46488|MDHG_CUCSA	40.7	403	145	5	24749	23541	46	354	4.83e-72	251
JAMKHW010000017.1	sp|Q42972|MDHG_ORYSJ	41.2	405	144	5	24749	23535	46	356	4.83e-72	251
JAMKHW010000017.1	sp|P19446|MDHG_CITLA	39.7	403	149	5	24749	23541	46	354	8.93e-72	250
JAMKHW010000017.1	sp|Q3ZC01|CNOT7_BOVIN	42.0	326	76	3	22025	23002	6	218	2.04e-71	246
JAMKHW010000017.1	sp|Q5ZJV9|CNOT7_CHICK	42.0	326	76	3	22025	23002	6	218	2.04e-71	246
JAMKHW010000017.1	sp|Q9UIV1|CNOT7_HUMAN	42.0	326	76	3	22025	23002	6	218	2.04e-71	246
JAMKHW010000017.1	sp|Q60809|CNOT7_MOUSE	42.0	326	76	3	22025	23002	6	218	2.04e-71	246
JAMKHW010000017.1	sp|Q9ZP05|MDHX2_ARATH	40.4	403	146	5	24749	23541	44	352	3.91e-71	248
JAMKHW010000017.1	sp|Q9UFF9|CNOT8_HUMAN	41.7	326	77	3	22025	23002	6	218	4.75e-71	246
JAMKHW010000017.1	sp|Q9D8X5|CNOT8_MOUSE	41.7	326	77	3	22025	23002	6	218	4.75e-71	246
JAMKHW010000017.1	sp|P17505|MDHM_YEAST	41.0	407	148	6	24758	23541	16	331	9.78e-71	246
JAMKHW010000017.1	sp|Q43743|MDHG1_BRANA	40.4	403	146	5	24749	23541	48	356	1.51e-70	247
JAMKHW010000017.1	sp|Q08BM8|CNOT7_DANRE	41.7	326	77	3	22025	23002	6	218	3.39e-70	243
JAMKHW010000017.1	sp|Q9XFW3|MDHG2_BRANA	40.2	403	147	5	24749	23541	48	356	3.81e-70	246
JAMKHW010000018.1	sp|Q8BM85|TBCK_MOUSE	45.3	148	63	1	25519	25076	505	634	8.27e-28	128
JAMKHW010000018.1	sp|Q5F361|TBCK_CHICK	45.3	148	63	1	25519	25076	505	634	1.21e-27	128
JAMKHW010000018.1	sp|Q8TEA7|TBCK_HUMAN	45.3	148	63	1	25519	25076	505	634	1.21e-27	128
JAMKHW010000018.1	sp|O74189|PMT1_CANAL	36.2	174	103	4	16463	16966	578	749	4.75e-25	120
JAMKHW010000018.1	sp|P33775|PMT1_YEAST	34.7	176	110	3	16466	16984	564	737	2.54e-23	114
JAMKHW010000018.1	sp|P52867|PMT5_YEAST	35.7	196	89	3	15636	16214	353	514	7.56e-22	109
JAMKHW010000018.1	sp|Q9W5D4|POMT2_DROME	31.3	195	88	6	15639	16214	354	505	1.54e-15	89.0
JAMKHW010000018.1	sp|P31382|PMT2_YEAST	32.0	200	86	8	15639	16211	374	532	2.00e-15	88.6
JAMKHW010000018.1	sp|Q29IL2|POMT2_DROPS	32.3	195	86	6	15639	16214	352	503	2.59e-15	88.2
JAMKHW010000018.1	sp|Q55G97|TBCK_DICDI	32.9	149	81	2	25516	25073	698	828	3.80e-14	84.7
JAMKHW010000018.1	sp|Q59X23|PMT4_CANAL	32.0	172	100	5	16463	16936	575	743	6.85e-14	83.6
JAMKHW010000018.1	sp|P47190|PMT3_YEAST	33.3	201	83	9	15639	16211	367	526	8.97e-14	83.2
JAMKHW010000018.1	sp|Q5ACU3|PMT5_CANAL	30.8	185	111	6	16463	16978	544	724	5.82e-13	80.5
JAMKHW010000018.1	sp|Q8BGQ4|POMT2_MOUSE	28.4	183	111	4	16466	16960	640	820	1.91e-10	72.4
JAMKHW010000018.1	sp|P46971|PMT4_YEAST	37.2	113	67	2	16466	16798	572	682	2.39e-10	72.0
JAMKHW010000018.1	sp|Q9UKY4|POMT2_HUMAN	27.9	183	112	4	16466	16960	570	750	2.07e-09	68.9
JAMKHW010000018.1	sp|Q4WPM6|SYF2_ASPFU	55.6	54	21	1	23859	24020	250	300	4.38e-08	62.8
JAMKHW010000018.1	sp|Q8AVQ6|SYF2_XENLA	60.0	55	21	1	23859	24020	186	240	6.94e-08	61.2
JAMKHW010000018.1	sp|Q5BC69|SYF2_EMENI	55.6	54	22	1	23859	24020	246	297	7.60e-08	62.0
JAMKHW010000018.1	sp|Q28G05|SYF2_XENTR	60.0	55	21	1	23859	24020	195	249	7.87e-08	61.2
JAMKHW010000018.1	sp|Q9D198|SYF2_MOUSE	58.2	55	22	1	23859	24020	188	242	1.74e-07	60.1
JAMKHW010000018.1	sp|Q4QRB2|SYF2_RAT	58.2	55	22	1	23859	24020	188	242	1.74e-07	60.1
JAMKHW010000018.1	sp|O95926|SYF2_HUMAN	58.2	55	22	1	23859	24020	189	243	1.76e-07	60.1
JAMKHW010000018.1	sp|Q6DV01|SYF2_GEKJA	58.2	55	22	1	23859	24020	195	249	1.91e-07	60.1
JAMKHW010000018.1	sp|Q6DGP2|SYF2_DANRE	58.2	55	22	1	23859	24020	184	238	4.01e-07	58.9
JAMKHW010000019.1	sp|O59712|YBH4_SCHPO	46.3	628	320	5	2580	739	243	867	2.13e-161	528
JAMKHW010000019.1	sp|P27514|PHO91_YEAST	36.3	901	426	18	3075	739	20	894	3.24e-139	464
JAMKHW010000019.1	sp|P25360|PHO87_YEAST	43.0	633	333	8	2565	745	288	918	3.71e-132	444
JAMKHW010000019.1	sp|P39535|PHO90_YEAST	39.6	634	354	8	2565	745	242	873	1.95e-116	397
JAMKHW010000019.1	sp|Q8R123|FAD1_MOUSE	68.1	47	15	0	5649	5509	402	448	4.54e-14	82.0
JAMKHW010000019.1	sp|O74841|FAD1_SCHPO	62.8	43	16	0	5637	5509	156	198	7.64e-12	72.4
JAMKHW010000019.1	sp|Q5RCH4|FAD1_PONAB	61.7	47	18	0	5649	5509	401	447	1.20e-11	74.3
JAMKHW010000019.1	sp|Q8NFF5|FAD1_HUMAN	61.7	47	18	0	5649	5509	497	543	1.54e-11	74.3
JAMKHW010000019.1	sp|Q68EH8|FAD1_DANRE	36.0	100	62	2	6026	5730	307	405	2.58e-10	70.1
JAMKHW010000019.1	sp|Q6ING7|FLAD1_XENLA	57.5	40	17	0	5628	5509	413	452	3.09e-09	66.6
JAMKHW010000019.1	sp|Q8CJ44|S13A5_RAT	25.2	254	129	7	2043	1429	38	279	1.27e-07	61.6
JAMKHW010000019.1	sp|Q22017|FAD1_CAEEL	47.5	40	21	0	5628	5509	434	473	1.38e-06	58.2
JAMKHW010000019.1	sp|Q626I0|FAD1_CAEBR	47.5	40	21	0	5628	5509	438	477	1.39e-06	58.2
JAMKHW010000019.1	sp|Q67BT3|S13A5_MOUSE	22.4	254	136	6	2043	1429	38	279	7.63e-06	55.8
JAMKHW010000002.1	sp|P78820|ACAC_SCHPO	52.2	1547	678	17	3494017	3489530	742	2278	0.0	1537
JAMKHW010000002.1	sp|Q02061|RPB2_SCHPO	71.0	1024	273	7	724308	721282	111	1125	0.0	1472
JAMKHW010000002.1	sp|B0D6H2|ARO1_LACBS	49.3	1680	720	26	3389835	3384892	5	1584	0.0	1466
JAMKHW010000002.1	sp|Q9P7R0|ARO1_SCHPO	46.8	1696	736	24	3389841	3384874	4	1573	0.0	1428
JAMKHW010000002.1	sp|P0CM23|ARO1_CRYNB	48.1	1696	747	26	3389835	3384868	7	1609	0.0	1418
JAMKHW010000002.1	sp|P0CM22|ARO1_CRYNJ	48.1	1696	747	26	3389835	3384868	7	1609	0.0	1418
JAMKHW010000002.1	sp|A5DHT2|RPB2_PICGU	68.2	1035	297	9	724308	721282	117	1145	0.0	1404
JAMKHW010000002.1	sp|A8NMB4|ARO1_COPC7	46.9	1749	752	31	3389835	3384868	10	1674	0.0	1398
JAMKHW010000002.1	sp|Q00955|ACAC_YEAST	50.2	1523	708	21	3494017	3489536	732	2232	0.0	1395
JAMKHW010000002.1	sp|Q8J294|ARO1_THACU	46.5	1707	779	27	3389859	3384865	1	1615	0.0	1384
JAMKHW010000002.1	sp|B6JVD0|ARO1_SCHJY	46.8	1678	754	25	3389841	3384892	4	1571	0.0	1384
JAMKHW010000002.1	sp|Q753Q4|RPB2_ASHGO	66.7	1028	310	9	724308	721282	120	1134	0.0	1368
JAMKHW010000002.1	sp|Q6FLD5|RPB2_CANGA	66.3	1026	317	6	724308	721282	122	1135	0.0	1367
JAMKHW010000002.1	sp|P08518|RPB2_YEAST	66.1	1026	318	6	724308	721282	124	1136	0.0	1361
JAMKHW010000002.1	sp|B8M0U4|ARO1_TALSN	46.8	1681	725	23	3389835	3384916	7	1559	0.0	1349
JAMKHW010000002.1	sp|B6QCA7|ARO12_TALMQ	47.0	1674	724	25	3389826	3384916	6	1552	0.0	1347
JAMKHW010000002.1	sp|B8N4Q9|ARO1_ASPFN	47.1	1673	734	23	3389826	3384916	6	1563	0.0	1346
JAMKHW010000002.1	sp|B6HAA7|ARO1_PENRW	46.9	1685	723	25	3389826	3384916	6	1566	0.0	1342
JAMKHW010000002.1	sp|Q4P8F6|ARO1_USTMA	45.9	1736	767	31	3389799	3384889	43	1704	0.0	1339
JAMKHW010000002.1	sp|Q42877|RPB2_SOLLC	65.5	1012	310	8	724308	721282	121	1096	0.0	1338
JAMKHW010000002.1	sp|Q2UCP6|ARO1_ASPOR	47.1	1664	730	23	3389826	3384943	6	1554	0.0	1335
JAMKHW010000002.1	sp|C0NL63|ARO1_AJECG	46.8	1683	735	29	3389826	3384916	6	1573	0.0	1334
JAMKHW010000002.1	sp|B6QWH9|ARO11_TALMQ	46.5	1677	729	23	3389826	3384916	6	1554	0.0	1334
JAMKHW010000002.1	sp|A7F7H0|ARO1_SCLS1	46.7	1683	737	24	3389859	3384916	1	1558	0.0	1333
JAMKHW010000002.1	sp|Q54J75|RPB2_DICDI	64.7	1010	315	9	724308	721282	119	1087	0.0	1332
JAMKHW010000020.1	sp|Q55DR1|ABCGE_DICDI	46.3	851	438	8	3744	6245	591	1439	2.83e-231	751
JAMKHW010000020.1	sp|Q55DQ2|ABCGB_DICDI	45.9	852	440	9	3744	6245	594	1442	1.01e-228	744
JAMKHW010000020.1	sp|Q8T673|ABCGL_DICDI	46.3	862	419	13	3744	6245	604	1449	6.44e-227	739
JAMKHW010000020.1	sp|Q8T675|ABCGJ_DICDI	45.8	862	423	13	3744	6245	604	1449	7.37e-226	736
JAMKHW010000020.1	sp|Q8T683|ABCG9_DICDI	45.6	850	439	8	3744	6245	606	1448	1.88e-220	720
JAMKHW010000020.1	sp|Q54CG0|ABCGA_DICDI	43.8	865	444	10	3744	6245	613	1466	4.15e-215	705
JAMKHW010000020.1	sp|Q55GB1|ABCGF_DICDI	44.1	857	452	12	3744	6245	623	1475	2.38e-214	703
JAMKHW010000020.1	sp|Q556W2|ABCGH_DICDI	44.0	856	455	7	3744	6245	623	1476	2.85e-205	676
JAMKHW010000020.1	sp|P41820|BFR1_SCHPO	40.4	872	475	13	3744	6242	651	1516	4.58e-184	615
JAMKHW010000020.1	sp|A0A1U8QKX8|ATRB_EMENI	40.2	841	470	16	3744	6191	571	1403	6.44e-175	585
JAMKHW010000020.1	sp|P33302|PDR5_YEAST	39.4	881	476	14	3744	6245	635	1504	2.07e-172	580
JAMKHW010000020.1	sp|O74208|PDH1_CANGA	39.0	877	470	15	3744	6197	634	1504	7.83e-171	577
JAMKHW010000020.1	sp|Q04182|PDR15_YEAST	38.6	881	488	12	3744	6245	645	1519	9.57e-169	570
JAMKHW010000020.1	sp|P32568|SNQ2_YEAST	38.6	858	495	13	3744	6242	630	1480	4.34e-168	567
JAMKHW010000020.1	sp|A0A1U8QT10|ATRA_EMENI	38.4	862	490	13	3744	6242	610	1459	7.53e-167	563
JAMKHW010000020.1	sp|Q2TXA7|ATRA_ASPOR	38.9	859	488	16	3744	6242	622	1469	3.87e-165	558
JAMKHW010000020.1	sp|Q6FQN3|SNQ2_CANGA	38.8	853	487	14	3744	6218	632	1477	1.15e-164	557
JAMKHW010000020.1	sp|P53756|PDR18_YEAST	38.0	840	485	14	3744	6176	501	1333	5.99e-164	550
JAMKHW010000020.1	sp|B8NDS8|ATRF_ASPFN	36.9	864	503	16	3744	6239	649	1502	1.20e-163	555
JAMKHW010000020.1	sp|Q02785|PDR12_YEAST	37.9	837	495	11	3744	6197	625	1455	1.82e-163	554
JAMKHW010000020.1	sp|F2SHL1|MDR1_TRIRC	38.3	870	490	11	3744	6242	654	1513	9.74e-163	553
JAMKHW010000020.1	sp|F2PLH2|MDR1_TRIEC	38.6	871	486	13	3744	6242	663	1522	1.34e-162	553
JAMKHW010000020.1	sp|A0A059J0G5|MDR1_TRIIM	38.4	870	489	11	3744	6242	663	1522	1.34e-162	553
JAMKHW010000020.1	sp|F2RSQ6|MDR1_TRIT1	38.6	871	486	13	3744	6242	663	1522	1.34e-162	553
JAMKHW010000020.1	sp|Q4WWW3|ATRI_ASPFU	38.4	862	492	14	3744	6242	607	1458	3.99e-162	549
JAMKHW010000003.1	sp|Q14204|DYHC1_HUMAN	57.8	4392	1695	34	3556463	3543405	372	4643	0.0	4988
JAMKHW010000003.1	sp|Q9JHU4|DYHC1_MOUSE	57.7	4394	1696	34	3556463	3543405	370	4641	0.0	4983
JAMKHW010000003.1	sp|P38650|DYHC1_RAT	57.5	4394	1703	34	3556463	3543405	370	4641	0.0	4967
JAMKHW010000003.1	sp|P37276|DYHC_DROME	56.4	4390	1748	35	3556463	3543402	372	4634	0.0	4828
JAMKHW010000003.1	sp|P45443|DYHC_NEUCR	58.0	4097	1560	33	3556466	3544236	404	4362	0.0	4630
JAMKHW010000003.1	sp|P45444|DYHC_EMENI	57.4	4085	1587	32	3556466	3544251	395	4339	0.0	4600
JAMKHW010000003.1	sp|P78716|DYHC_FUSVN	56.5	4084	1618	29	3556466	3544251	407	4343	0.0	4529
JAMKHW010000003.1	sp|P34036|DYHC_DICDI	52.9	4418	1897	40	3556463	3543408	424	4723	0.0	4515
JAMKHW010000003.1	sp|Q19020|DYHC_CAEEL	49.2	4362	1996	44	3556463	3543474	368	4542	0.0	4043
JAMKHW010000003.1	sp|Q27171|DYHC_PARTE	42.7	4364	2278	49	3556484	3543459	356	4519	0.0	3436
JAMKHW010000003.1	sp|Q8IBG1|DYHC1_PLAF7	38.1	4701	2360	63	3556463	3543609	416	4982	0.0	3054
JAMKHW010000003.1	sp|O93937|PYR1_EMENI	62.7	2242	727	17	837755	831189	89	2273	0.0	2713
JAMKHW010000003.1	sp|Q09794|PYR1_SCHPO	63.2	2214	729	19	837755	831183	88	2239	0.0	2699
JAMKHW010000003.1	sp|P07259|PYR1_YEAST	61.9	2216	765	17	837755	831183	51	2212	0.0	2661
JAMKHW010000003.1	sp|Q9C1M7|DYHC_ASHGO	35.4	3608	2054	45	3556463	3545724	335	3692	0.0	2196
JAMKHW010000003.1	sp|Q91437|PYR1_SQUAC	51.4	2288	935	33	837755	831186	31	2240	0.0	2115
JAMKHW010000003.1	sp|P20054|PYR1_DICDI	51.2	2272	948	30	837764	831183	34	2223	0.0	2112
JAMKHW010000003.1	sp|P08955|PYR1_MESAU	50.5	2276	958	30	837755	831186	31	2223	0.0	2066
JAMKHW010000003.1	sp|B2RQC6|PYR1_MOUSE	50.4	2281	952	32	837755	831186	31	2223	0.0	2066
JAMKHW010000003.1	sp|P27708|PYR1_HUMAN	49.9	2274	974	29	837755	831186	31	2223	0.0	2057
JAMKHW010000003.1	sp|P05990|PYR1_DROME	49.7	2260	984	31	837755	831186	42	2218	0.0	2019
JAMKHW010000003.1	sp|Q18990|PYR1_CAEEL	48.2	2268	992	39	837755	831186	32	2194	0.0	1905
JAMKHW010000003.1	sp|P38811|TRA1_YEAST	36.4	3185	1675	54	3632194	3641526	257	3177	0.0	1828
JAMKHW010000003.1	sp|Q9HFE8|TRA1_SCHPO	33.3	3393	1772	45	3632194	3642255	275	3216	0.0	1713
JAMKHW010000003.1	sp|P36022|DYHC_YEAST	33.7	2870	1738	28	3554402	3545868	927	3656	0.0	1689
JAMKHW010000004.1	sp|Q9C102|GLT1_SCHPO	56.8	2183	789	12	2439607	2433164	46	2108	0.0	2396
JAMKHW010000004.1	sp|P78820|ACAC_SCHPO	55.0	2138	889	24	97195	90944	161	2279	0.0	2265
JAMKHW010000004.1	sp|Q00955|ACAC_YEAST	54.4	2100	911	23	97195	90968	151	2227	0.0	2161
JAMKHW010000004.1	sp|Q12680|GLT1_YEAST	58.1	1887	700	21	2438677	2433167	288	2133	0.0	2110
JAMKHW010000004.1	sp|Q03460|GLSN_MEDSA	57.2	1875	717	22	2438680	2433197	331	2167	0.0	2077
JAMKHW010000004.1	sp|Q0JKD0|GLT1_ORYSJ	57.6	1862	701	24	2438680	2433212	332	2143	0.0	2052
JAMKHW010000004.1	sp|Q9LV03|GLUT1_ARATH	56.1	1874	732	23	2438680	2433212	349	2183	0.0	2041
JAMKHW010000004.1	sp|Q0DG35|GLT2_ORYSJ	56.6	1866	723	21	2438680	2433212	339	2161	0.0	2035
JAMKHW010000004.1	sp|P11029|ACAC_CHICK	48.4	2049	966	31	97195	91214	210	2222	0.0	1791
JAMKHW010000004.1	sp|E9Q4Z2|ACACB_MOUSE	47.3	2148	1020	36	97195	90947	342	2441	0.0	1788
JAMKHW010000004.1	sp|Q9TTS3|ACACA_BOVIN	47.9	2071	968	30	97195	91214	210	2245	0.0	1781
JAMKHW010000004.1	sp|Q28559|ACACA_SHEEP	47.9	2071	968	30	97195	91214	210	2245	0.0	1780
JAMKHW010000004.1	sp|O00763|ACACB_HUMAN	46.9	2152	1024	37	97195	90944	352	2452	0.0	1780
JAMKHW010000004.1	sp|Q5SWU9|ACACA_MOUSE	47.8	2072	968	32	97195	91214	209	2244	0.0	1779
JAMKHW010000004.1	sp|P11497|ACACA_RAT	47.7	2072	969	32	97195	91214	209	2244	0.0	1775
JAMKHW010000004.1	sp|Q13085|ACACA_HUMAN	47.6	2072	972	32	97195	91214	210	2245	0.0	1772
JAMKHW010000004.1	sp|P32874|HFA1_YEAST	45.9	2068	1050	27	97195	91055	227	2247	0.0	1720
JAMKHW010000004.1	sp|C8ZF72|HFA1_YEAS8	45.8	2068	1052	27	97195	91055	227	2247	0.0	1719
JAMKHW010000004.1	sp|A6ZMR9|HFA1_YEAS7	45.9	2068	1051	27	97195	91055	227	2247	0.0	1717
JAMKHW010000004.1	sp|C7GRE4|HFA1_YEAS2	45.6	2066	1059	26	97195	91055	227	2247	0.0	1715
JAMKHW010000004.1	sp|B3LM95|HFA1_YEAS1	45.5	2066	1062	26	97195	91055	227	2247	0.0	1709
JAMKHW010000004.1	sp|Q9Y7K2|TOR2_SCHPO	58.3	1402	560	6	411830	407661	787	2176	0.0	1637
JAMKHW010000004.1	sp|Q54J08|ACAC_DICDI	43.5	2204	1075	40	97195	90971	109	2270	0.0	1595
JAMKHW010000004.1	sp|Q86C65|TOR_DICDI	56.3	1431	549	13	411887	407691	787	2172	0.0	1519
JAMKHW010000004.1	sp|P32600|TOR2_YEAST	52.6	1438	619	10	411878	407694	886	2304	0.0	1448
JAMKHW010000005.1	sp|A5DI11|EF2_PICGU	76.9	841	192	2	232590	235112	4	842	0.0	1314
JAMKHW010000005.1	sp|Q5A0M4|EF2_CANAL	77.3	841	189	2	232590	235112	4	842	0.0	1308
JAMKHW010000005.1	sp|C4YJQ8|EF2_CANAW	77.2	841	190	2	232590	235112	4	842	0.0	1306
JAMKHW010000005.1	sp|P32324|EF2_YEAST	76.5	841	196	2	232590	235112	4	842	0.0	1306
JAMKHW010000005.1	sp|Q874B9|EF2_PICPA	75.4	842	205	2	232587	235112	3	842	0.0	1303
JAMKHW010000005.1	sp|Q875Z2|EF2_NAUCC	76.3	841	197	2	232590	235112	4	842	0.0	1300
JAMKHW010000005.1	sp|Q875S0|EF2_LACK1	75.3	841	206	2	232590	235112	4	842	0.0	1298
JAMKHW010000005.1	sp|Q6BJ25|EF2_DEBHA	76.1	841	199	2	232590	235112	4	842	0.0	1295
JAMKHW010000005.1	sp|Q6FYA7|EF2_CANGA	75.1	841	207	2	232590	235112	4	842	0.0	1294
JAMKHW010000005.1	sp|Q6CPQ9|EF2_KLULA	75.4	841	205	2	232590	235112	4	842	0.0	1292
JAMKHW010000005.1	sp|Q754C8|EF2_ASHGO	75.4	841	205	2	232590	235112	4	842	0.0	1290
JAMKHW010000005.1	sp|O14460|EF2_SCHPO	74.3	841	214	2	232590	235112	4	842	0.0	1279
JAMKHW010000005.1	sp|Q96X45|EF2_NEUCR	73.5	843	221	2	232587	235112	3	844	0.0	1268
JAMKHW010000005.1	sp|P29691|EF2_CAEEL	69.6	854	244	3	232587	235112	3	852	0.0	1199
JAMKHW010000005.1	sp|P40976|LYS2_SCHPO	50.0	1297	570	21	927150	923356	157	1406	0.0	1187
JAMKHW010000005.1	sp|P13060|EF2_DROME	69.2	853	241	4	232587	235112	3	844	0.0	1185
JAMKHW010000005.1	sp|P13639|EF2_HUMAN	67.9	858	257	4	232587	235112	3	858	0.0	1182
JAMKHW010000005.1	sp|Q5R8Z3|EF2_PONAB	67.9	858	257	4	232587	235112	3	858	0.0	1182
JAMKHW010000005.1	sp|A0SXL6|EF2_CALJA	67.9	858	257	4	232587	235112	3	858	0.0	1181
JAMKHW010000005.1	sp|P58252|EF2_MOUSE	67.7	858	259	4	232587	235112	3	858	0.0	1180
JAMKHW010000005.1	sp|P05197|EF2_RAT	67.7	858	259	4	232587	235112	3	858	0.0	1180
JAMKHW010000005.1	sp|Q3SYU2|EF2_BOVIN	67.8	858	258	4	232587	235112	3	858	0.0	1179
JAMKHW010000005.1	sp|Q1HPK6|EF2_BOMMO	68.8	846	256	3	232587	235112	3	844	0.0	1179
JAMKHW010000005.1	sp|P09445|EF2_CRIGR	67.7	858	259	4	232587	235112	3	858	0.0	1179
JAMKHW010000005.1	sp|Q90705|EF2_CHICK	67.8	858	258	4	232587	235112	3	858	0.0	1178
JAMKHW010000006.1	sp|P78615|FAS2_EMEND	51.3	2088	770	23	1462529	1468753	3	1857	0.0	1924
JAMKHW010000006.1	sp|Q10289|FAS2_SCHPO	50.7	2082	775	21	1462529	1468750	3	1840	0.0	1909
JAMKHW010000006.1	sp|P15368|FAS2_PENPA	50.2	2075	778	20	1462529	1468702	3	1839	0.0	1872
JAMKHW010000006.1	sp|G8BAW7|FAS2_CANPC	49.7	2114	791	24	1462529	1468753	3	1883	0.0	1850
JAMKHW010000006.1	sp|P43098|FAS2_CANAX	50.1	2116	780	26	1462529	1468753	3	1884	0.0	1844
JAMKHW010000006.1	sp|Q765N2|FAS2_LACKL	48.7	2110	821	22	1462529	1468753	5	1887	0.0	1792
JAMKHW010000006.1	sp|P19097|FAS2_YEAST	48.9	2118	802	21	1462529	1468750	3	1884	0.0	1788
JAMKHW010000006.1	sp|Q9UUG0|FAS1_SCHPO	53.1	1528	668	18	1301116	1296623	561	2069	0.0	1574
JAMKHW010000006.1	sp|P34731|FAS1_CANAX	54.4	1512	638	19	1301116	1296629	558	2033	0.0	1572
JAMKHW010000006.1	sp|P34229|FAS1_YARLI	53.2	1516	670	21	1301113	1296629	583	2079	0.0	1546
JAMKHW010000006.1	sp|P07149|FAS1_YEAST	51.2	1509	698	17	1301116	1296614	571	2048	0.0	1493
JAMKHW010000006.1	sp|O75533|SF3B1_HUMAN	63.6	1337	345	17	2517503	2521216	10	1304	0.0	1459
JAMKHW010000006.1	sp|Q99NB9|SF3B1_MOUSE	63.6	1337	346	17	2517503	2521216	10	1304	0.0	1457
JAMKHW010000006.1	sp|O57683|SF3B1_XENLA	78.2	981	176	6	2518286	2521216	361	1307	0.0	1434
JAMKHW010000006.1	sp|Q10178|SF3B1_SCHPO	56.8	1258	446	17	2517494	2521189	11	1196	0.0	1289
JAMKHW010000006.1	sp|Q92215|TOXC_COCCA	45.4	1515	784	15	1301125	1296629	569	2056	0.0	1285
JAMKHW010000006.1	sp|Q2TXF0|ORYA_ASPOR	43.5	1772	844	32	1463492	1468753	143	1774	0.0	1263
JAMKHW010000006.1	sp|Q5AV00|ATNF_EMENI	43.6	1603	765	22	1463498	1468246	154	1637	0.0	1188
JAMKHW010000006.1	sp|Q5AV07|ATNM_EMENI	42.8	1527	809	23	1458032	1462516	611	2104	0.0	1168
JAMKHW010000006.1	sp|Q2TXG3|ORYB_ASPOR	42.2	1487	817	14	1301107	1296659	569	2016	0.0	1135
JAMKHW010000006.1	sp|Q5B7V0|PKIB_EMENI	38.9	1752	923	23	1463531	1468750	151	1766	0.0	1123
JAMKHW010000006.1	sp|S0DL59|APF5_GIBF5	37.0	1925	874	24	1462529	1468252	3	1605	0.0	1099
JAMKHW010000006.1	sp|M2YJJ3|HEXA_DOTSN	38.4	1782	883	29	1463495	1468747	83	1680	0.0	1062
JAMKHW010000006.1	sp|M2XHU6|HEXB_DOTSN	38.8	1516	850	24	1301104	1296635	438	1901	2.55e-307	997
JAMKHW010000006.1	sp|Q8TGA2|AFLA_ASPPU	36.1	1772	930	26	1463501	1468747	73	1664	1.70e-304	980
JAMKHW010000007.1	sp|Q9P7X8|RPA2_SCHPO	58.7	1238	408	10	549548	545940	2	1171	0.0	1473
JAMKHW010000007.1	sp|P15398|RPA1_SCHPO	48.2	1789	750	25	1807417	1812573	1	1683	0.0	1468
JAMKHW010000007.1	sp|Q75DS1|RPA2_ASHGO	55.7	1243	440	14	549545	545946	15	1189	0.0	1346
JAMKHW010000007.1	sp|P22138|RPA2_YEAST	54.7	1245	455	14	549545	545946	16	1196	0.0	1321
JAMKHW010000007.1	sp|O74633|RPA2_NEUCR	53.3	1257	464	17	549545	545946	17	1207	0.0	1298
JAMKHW010000007.1	sp|P10964|RPA1_YEAST	42.9	1808	804	34	1807417	1812585	1	1664	0.0	1287
JAMKHW010000007.1	sp|Q92900|RENT1_HUMAN	63.7	956	244	8	1648063	1650891	116	981	0.0	1203
JAMKHW010000007.1	sp|Q9EPU0|RENT1_MOUSE	63.7	956	244	8	1648063	1650891	111	976	0.0	1202
JAMKHW010000007.1	sp|P55811|LEUC_RHINI	78.1	753	158	5	1041450	1039204	1	750	0.0	1185
JAMKHW010000007.1	sp|Q9HEH1|RENT1_NEUCR	62.4	964	261	10	1648039	1650918	89	955	0.0	1184
JAMKHW010000007.1	sp|Q9FJR0|RENT1_ARATH	65.4	913	221	9	1648060	1650783	132	954	0.0	1164
JAMKHW010000007.1	sp|P55251|LEUC_RHIPU	74.8	759	177	6	1041450	1039204	1	755	0.0	1158
JAMKHW010000007.1	sp|Q98TR3|RENT1_TAKRU	61.8	951	269	11	1648063	1650909	97	955	0.0	1135
JAMKHW010000007.1	sp|P18250|LEUC_PHYB8	73.0	759	180	7	1041450	1039204	1	744	0.0	1109
JAMKHW010000007.1	sp|Q9VYS3|RENT1_DROME	61.3	895	253	8	1648063	1650735	93	898	0.0	1094
JAMKHW010000007.1	sp|Q09820|RENT1_SCHPO	58.3	941	293	8	1647970	1650771	6	854	0.0	1073
JAMKHW010000007.1	sp|Q54BM1|RPA2_DICDI	44.9	1213	551	14	549479	545931	5	1130	0.0	1013
JAMKHW010000007.1	sp|P17279|LEUC_MUCCL	82.9	598	94	5	1041480	1039699	36	629	0.0	988
JAMKHW010000007.1	sp|O14289|LEUC_SCHPO	65.2	755	250	7	1041444	1039204	9	758	0.0	987
JAMKHW010000007.1	sp|Q86H36|RPA1_DICDI	36.8	1787	889	30	1807414	1812573	2	1614	5.44e-306	982
JAMKHW010000007.1	sp|P30771|NAM7_YEAST	52.2	928	347	10	1647970	1650738	22	857	2.05e-299	937
JAMKHW010000007.1	sp|Q74ZM9|LEUC_ASHGO	62.0	757	245	7	1041447	1039279	6	753	8.48e-297	921
JAMKHW010000007.1	sp|P07264|LEUC_YEAST	61.1	749	258	7	1041444	1039279	10	752	7.10e-295	915
JAMKHW010000007.1	sp|O95602|RPA1_HUMAN	38.6	1642	726	38	1808164	1812573	188	1719	2.74e-286	929
JAMKHW010000007.1	sp|O35134|RPA1_MOUSE	38.0	1609	779	29	1808164	1812573	188	1716	3.71e-283	919
JAMKHW010000008.1	sp|P36602|RIR1_SCHPO	73.9	771	176	2	1096768	1094528	42	811	0.0	1184
JAMKHW010000008.1	sp|P07742|RIR1_MOUSE	74.9	752	185	1	1096771	1094528	41	792	0.0	1172
JAMKHW010000008.1	sp|P23921|RIR1_HUMAN	75.0	752	184	1	1096771	1094528	41	792	0.0	1168
JAMKHW010000008.1	sp|Q5R919|RIR1_PONAB	74.7	752	186	1	1096771	1094528	41	792	0.0	1164
JAMKHW010000008.1	sp|P79732|RIR1_DANRE	73.6	754	193	1	1096771	1094528	41	794	0.0	1153
JAMKHW010000008.1	sp|Q9UW15|RIR1_NEUCR	75.1	718	178	1	1096768	1094618	42	759	0.0	1134
JAMKHW010000008.1	sp|P48591|RIR1_DROME	70.3	761	213	2	1096771	1094528	52	812	0.0	1115
JAMKHW010000008.1	sp|P21524|RIR1_YEAST	72.3	718	193	2	1096768	1094630	42	758	0.0	1111
JAMKHW010000008.1	sp|Q4WLN1|ACON_ASPFU	67.0	825	211	4	132250	129782	11	776	0.0	1104
JAMKHW010000008.1	sp|P19414|ACON_YEAST	73.6	715	187	2	131920	129782	54	768	0.0	1097
JAMKHW010000008.1	sp|P21672|RIR3_YEAST	71.0	718	202	2	1096768	1094630	42	758	0.0	1093
JAMKHW010000008.1	sp|O13966|ACON_SCHPO	67.7	810	201	4	132205	129782	28	778	0.0	1092
JAMKHW010000008.1	sp|C8VG90|ACON_EMENI	65.5	824	222	4	132250	129782	11	773	0.0	1085
JAMKHW010000008.1	sp|Q03604|RIR1_CAEEL	69.3	748	224	2	1096771	1094528	47	788	0.0	1077
JAMKHW010000008.1	sp|D4AT77|ACON_ARTBC	65.4	813	219	4	132217	129782	15	766	0.0	1074
JAMKHW010000008.1	sp|P20004|ACON_BOVIN	65.6	813	221	2	132217	129782	17	771	0.0	1066
JAMKHW010000008.1	sp|Q99KI0|ACON_MOUSE	65.5	812	221	2	132214	129782	18	771	0.0	1063
JAMKHW010000008.1	sp|Q9ER34|ACON_RAT	65.4	812	222	2	132214	129782	18	771	0.0	1061
JAMKHW010000008.1	sp|P16276|ACON_PIG	65.4	812	222	2	132214	129782	18	771	0.0	1061
JAMKHW010000008.1	sp|P49609|ACON_GRAGA	72.0	714	198	2	131920	129782	57	769	0.0	1060
JAMKHW010000008.1	sp|P82611|ACON_CANAL	71.0	715	205	2	131920	129782	55	769	0.0	1060
JAMKHW010000008.1	sp|Q99798|ACON_HUMAN	65.3	812	223	2	132214	129782	18	771	0.0	1058
JAMKHW010000008.1	sp|Q9SJ20|RIR1_ARATH	66.2	777	231	4	1096768	1094528	42	816	0.0	1055
JAMKHW010000008.1	sp|Q76RD8|RIR1_VACCA	68.2	748	221	4	1096771	1094528	41	771	0.0	1051
JAMKHW010000008.1	sp|P20503|RIR1_VACCC	68.2	748	221	4	1096771	1094528	41	771	0.0	1051
JAMKHW010000009.1	sp|P08096|TOP2_SCHPO	46.8	1138	510	6	666988	663641	142	1206	1.03e-307	982
JAMKHW010000009.1	sp|P30182|TOP2_ARATH	54.2	842	377	7	666985	664478	98	936	9.18e-287	920
JAMKHW010000009.1	sp|Q9Y8G8|TOP2_PENCH	55.0	852	370	8	666982	664451	134	980	1.26e-286	924
JAMKHW010000009.1	sp|O93794|TOP2_CANGA	54.0	843	375	5	666988	664490	75	914	1.60e-285	914
JAMKHW010000009.1	sp|P06786|TOP2_YEAST	53.9	851	380	4	666988	664466	76	924	4.17e-283	908
JAMKHW010000009.1	sp|Q01879|TOP2_PICGU	51.9	850	383	7	666988	664505	123	968	3.09e-277	890
JAMKHW010000009.1	sp|P87078|TOP2_CANAX	51.9	851	381	8	666988	664505	126	971	4.68e-274	883
JAMKHW010000009.1	sp|O24308|TOP2_PEA	53.3	850	370	8	666985	664445	86	911	1.88e-272	879
JAMKHW010000009.1	sp|Q23670|TOP2_CAEEL	52.1	866	388	11	666985	664445	133	990	1.02e-271	879
JAMKHW010000009.1	sp|Q01320|TOP2A_MOUSE	52.3	868	384	13	666985	664442	97	954	1.74e-271	878
JAMKHW010000009.1	sp|P41515|TOP2A_CRIGR	52.2	868	385	13	666985	664442	97	954	1.02e-270	876
JAMKHW010000009.1	sp|O42130|TOP2A_CHICK	52.4	866	386	12	666985	664442	99	956	4.09e-270	875
JAMKHW010000009.1	sp|O16140|TOP2_BOMMO	52.6	848	379	10	666985	664490	106	946	8.58e-270	874
JAMKHW010000009.1	sp|P11388|TOP2A_HUMAN	52.3	868	384	13	666985	664442	98	955	1.84e-269	872
JAMKHW010000009.1	sp|O46374|TOP2A_PIG	52.1	868	386	13	666985	664442	98	955	5.54e-268	868
JAMKHW010000009.1	sp|P41516|TOP2A_RAT	51.7	868	388	14	666985	664442	97	953	9.54e-267	864
JAMKHW010000009.1	sp|O42131|TOP2B_CHICK	52.0	858	387	11	666985	664466	124	974	1.43e-266	867
JAMKHW010000009.1	sp|Q64399|TOP2B_CRILO	52.2	858	385	11	666985	664466	107	957	2.36e-266	866
JAMKHW010000009.1	sp|Q64511|TOP2B_MOUSE	52.1	858	386	11	666985	664466	107	957	4.33e-266	865
JAMKHW010000009.1	sp|Q02880|TOP2B_HUMAN	52.1	858	386	11	666985	664466	119	969	1.17e-265	865
JAMKHW010000009.1	sp|P15348|TOP2_DROME	51.4	863	395	10	666985	664448	79	934	2.34e-265	857
JAMKHW010000009.1	sp|O94335|STT3_SCHPO	59.5	682	274	1	108475	106430	58	737	2.63e-265	829
JAMKHW010000009.1	sp|P39007|STT3_YEAST	60.5	678	237	5	108475	106448	50	698	8.13e-262	817
JAMKHW010000009.1	sp|E2RG47|STT3B_CANLF	60.0	672	262	2	108475	106481	106	777	1.31e-255	804
JAMKHW010000009.1	sp|Q8TCJ2|STT3B_HUMAN	60.0	672	262	2	108475	106481	106	777	2.43e-255	803
