BQFW01000001.1	sp|O75643|U520_HUMAN	57.5	2186	854	24	2465959	2472456	1	2130	0.0	2419
BQFW01000001.1	sp|Q6P4T2|U520_MOUSE	57.4	2186	856	24	2465959	2472456	1	2130	0.0	2416
BQFW01000001.1	sp|F1LNJ2|U520_RAT	57.3	2189	856	25	2465959	2472456	1	2133	0.0	2411
BQFW01000001.1	sp|Q9VUV9|U520_DROME	55.0	2191	899	23	2465959	2472450	1	2132	0.0	2338
BQFW01000001.1	sp|Q9SYP1|DEXHC_ARATH	52.5	2204	953	27	2465962	2472444	8	2160	0.0	2167
BQFW01000001.1	sp|Q9UT24|BRR2_SCHPO	51.8	2183	979	26	2465986	2472450	29	2166	0.0	2147
BQFW01000001.1	sp|Q9U2G0|U520_CAEEL	51.3	2184	989	22	2465959	2472450	1	2130	0.0	2125
BQFW01000001.1	sp|O48534|DEXHD_ARATH	51.8	2202	979	28	2465962	2472456	9	2165	0.0	2105
BQFW01000001.1	sp|Q55CI8|HELCL_DICDI	47.1	2244	1071	35	2465959	2472432	1	2213	0.0	1931
BQFW01000001.1	sp|P32639|BRR2_YEAST	40.5	2214	1205	38	2465965	2472444	8	2162	0.0	1552
BQFW01000001.1	sp|F1NTD6|ASCC3_CHICK	43.2	1940	988	27	2466928	2472444	262	2188	0.0	1505
BQFW01000001.1	sp|Q9FNQ1|DEXHE_ARATH	43.0	1897	1033	24	2466811	2472435	281	2151	0.0	1478
BQFW01000001.1	sp|E1BNG3|ASCC3_BOVIN	44.1	1785	925	21	2467273	2472444	407	2179	0.0	1469
BQFW01000001.1	sp|Q8N3C0|ASCC3_HUMAN	44.1	1791	921	24	2467273	2472450	407	2181	0.0	1457
BQFW01000001.1	sp|E9PZJ8|ASCC3_MOUSE	43.8	1787	928	23	2467273	2472444	408	2180	0.0	1456
BQFW01000001.1	sp|F1LPQ2|ASCC3_RAT	43.0	1789	945	21	2467273	2472456	408	2183	0.0	1433
BQFW01000001.1	sp|Q54G57|ASCC3_DICDI	42.5	1697	907	20	2467471	2472417	483	2158	0.0	1349
BQFW01000001.1	sp|E7F8F4|ASCC3_DANRE	43.5	1591	786	18	2467267	2471997	1	1492	0.0	1316
BQFW01000001.1	sp|O60072|MUG81_SCHPO	38.6	1898	1077	28	2466844	2472405	71	1923	0.0	1262
BQFW01000001.1	sp|P53327|SLH1_YEAST	41.6	1535	865	18	2467429	2471976	273	1794	0.0	1177
BQFW01000001.1	sp|P21448|MDR1_CRIGR	44.9	1102	564	11	1855736	1859017	205	1271	2.06e-263	846
BQFW01000001.1	sp|P08183|MDR1_HUMAN	44.3	1099	575	7	1855736	1859017	208	1274	1.69e-261	841
BQFW01000001.1	sp|P21447|MDR1A_MOUSE	44.0	1099	578	9	1855736	1859017	204	1270	2.31e-258	832
BQFW01000001.1	sp|P06795|MDR1B_MOUSE	43.5	1099	579	9	1855736	1859011	207	1270	7.71e-256	824
BQFW01000001.1	sp|P21440|MDR3_MOUSE	44.3	1103	566	12	1855736	1859017	207	1270	4.11e-254	819
BQFW01000002.1	sp|P29742|CLH_DROME	62.6	1146	384	5	3346041	3349469	550	1653	0.0	1456
BQFW01000002.1	sp|P53675|CLH2_HUMAN	63.5	1099	368	1	3346041	3349337	549	1614	0.0	1445
BQFW01000002.1	sp|P34574|CLH_CAEEL	59.3	1159	429	3	3346041	3349508	551	1669	0.0	1396
BQFW01000002.1	sp|Q10161|CLH_SCHPO	60.0	1137	416	4	3346041	3349451	546	1643	0.0	1381
BQFW01000002.1	sp|O93927|FKS1_CRYNH	62.7	1075	386	7	3360635	3357429	111	1176	0.0	1363
BQFW01000002.1	sp|P25870|CLH_DICDI	57.4	1122	442	3	3346041	3349397	549	1637	0.0	1316
BQFW01000002.1	sp|A2QLK4|FKS1_ASPNC	58.9	1166	420	19	3360821	3357429	96	1237	0.0	1304
BQFW01000002.1	sp|Q2RBN7|CLH1_ORYSJ	56.7	1100	443	1	3346041	3349340	563	1629	0.0	1275
BQFW01000002.1	sp|Q2QYW2|CLH2_ORYSJ	56.6	1100	444	1	3346041	3349340	563	1629	0.0	1274
BQFW01000002.1	sp|P40989|FKS2_YEAST	56.7	1140	447	16	3360752	3357429	104	1228	0.0	1263
BQFW01000002.1	sp|Q0WLB5|CLAH2_ARATH	54.6	1116	470	2	3346041	3349376	563	1645	0.0	1253
BQFW01000002.1	sp|P22137|CLH_YEAST	55.3	1122	466	2	3346041	3349406	555	1640	0.0	1251
BQFW01000002.1	sp|Q0WNJ6|CLAH1_ARATH	54.8	1116	467	2	3346041	3349376	563	1645	0.0	1249
BQFW01000002.1	sp|P38631|FKS1_YEAST	55.9	1134	459	12	3360752	3357429	91	1209	0.0	1247
BQFW01000002.1	sp|O74475|BGS4_SCHPO	54.8	1193	454	17	3360824	3357429	101	1269	0.0	1233
BQFW01000002.1	sp|O13967|BGS2_SCHPO	55.5	1069	448	8	3360563	3357429	181	1245	0.0	1140
BQFW01000002.1	sp|Q10287|BGS1_SCHPO	50.8	1109	495	13	3360716	3357429	17	1087	0.0	1073
BQFW01000002.1	sp|Q04952|FKS3_YEAST	52.0	1110	464	12	3360557	3357429	15	1122	0.0	1068
BQFW01000002.1	sp|B6HAA7|ARO1_PENRW	53.6	1074	463	15	2657141	2653932	236	1278	0.0	1048
BQFW01000002.1	sp|P0CM23|ARO1_CRYNB	51.6	1122	488	17	2657180	2653908	230	1327	0.0	1043
BQFW01000002.1	sp|P0CM22|ARO1_CRYNJ	51.6	1122	488	17	2657180	2653908	230	1327	0.0	1043
BQFW01000002.1	sp|Q8J294|ARO1_THACU	51.2	1113	481	16	2657171	2653932	236	1319	0.0	1038
BQFW01000002.1	sp|Q54CG0|ABCGA_DICDI	40.0	1489	744	20	3401253	3405629	87	1455	0.0	1030
BQFW01000002.1	sp|Q875Q8|MYO2_LACK1	47.2	1488	643	15	1836733	1832345	160	1529	0.0	1030
BQFW01000002.1	sp|Q9P7R0|ARO1_SCHPO	52.1	1081	484	14	2657135	2653908	238	1289	0.0	1023
BQFW01000003.1	sp|P36594|RPB1_SCHPO	62.9	1267	402	14	1649381	1653139	328	1540	0.0	1526
BQFW01000003.1	sp|Q4PFV5|DPOE_USTMA	47.3	1710	792	23	1661950	1666902	644	2303	0.0	1478
BQFW01000003.1	sp|P0CN27|DPOE_CRYNB	47.2	1660	792	22	1661950	1666866	641	2236	0.0	1475
BQFW01000003.1	sp|P0CN26|DPOE_CRYNJ	47.2	1660	792	22	1661950	1666866	641	2236	0.0	1475
BQFW01000003.1	sp|P35084|RPB1_DICDI	61.3	1181	406	8	1649381	1652887	327	1468	0.0	1428
BQFW01000003.1	sp|P18616|NRPB1_ARATH	59.1	1268	449	12	1649381	1653139	333	1545	0.0	1427
BQFW01000003.1	sp|O93845|DPOE_EMENI	44.5	1676	856	21	1661950	1666905	582	2206	0.0	1385
BQFW01000003.1	sp|Q4WXH8|DPOE_ASPFU	43.8	1678	860	19	1661950	1666905	609	2229	0.0	1379
BQFW01000003.1	sp|Q75A34|RPB1_ASHGO	59.1	1187	429	9	1649381	1652902	322	1465	0.0	1379
BQFW01000003.1	sp|P16356|RPB1_CAEEL	56.7	1276	487	13	1649381	1653130	330	1566	0.0	1379
BQFW01000003.1	sp|P04050|RPB1_YEAST	56.6	1272	474	14	1649381	1653136	322	1535	0.0	1374
BQFW01000003.1	sp|P35074|RPB1_CAEBR	57.2	1254	465	13	1649381	1653061	330	1538	0.0	1367
BQFW01000003.1	sp|P11414|RPB1_CRIGR	57.3	1250	466	11	1649381	1653067	336	1538	0.0	1365
BQFW01000003.1	sp|P24928|RPB1_HUMAN	57.3	1250	466	11	1649381	1653067	336	1538	0.0	1365
BQFW01000003.1	sp|P08775|RPB1_MOUSE	57.3	1250	466	11	1649381	1653067	336	1538	0.0	1365
BQFW01000003.1	sp|Q9WVF7|DPOE1_MOUSE	44.1	1725	838	29	1661962	1666905	603	2277	0.0	1360
BQFW01000003.1	sp|Q07864|DPOE1_HUMAN	43.9	1724	845	27	1661962	1666905	603	2280	0.0	1345
BQFW01000003.1	sp|P04052|RPB1_DROME	56.6	1257	478	15	1649381	1653073	328	1543	0.0	1337
BQFW01000003.1	sp|P87154|DPOE_SCHPO	43.5	1689	825	30	1661950	1666902	599	2196	0.0	1290
BQFW01000003.1	sp|Q6BNG2|DPOE_DEBHA	43.1	1664	847	31	1661974	1666887	632	2221	0.0	1280
BQFW01000003.1	sp|Q10105|GCN1_SCHPO	43.5	1645	877	15	1162562	1157676	702	2310	0.0	1226
BQFW01000003.1	sp|Q9VCN1|DPOE1_DROME	40.1	1700	909	26	1661950	1666905	597	2234	0.0	1194
BQFW01000003.1	sp|A5DCV3|RPB1_PICGU	52.3	1267	364	13	1649381	1653130	326	1369	0.0	1181
BQFW01000003.1	sp|Q6CUS7|DPOE_KLULA	40.8	1677	873	33	1661950	1666881	590	2179	0.0	1176
BQFW01000003.1	sp|Q6FNY7|DPOE_CANGA	40.9	1672	885	30	1661950	1666878	613	2210	0.0	1175
BQFW01000004.1	sp|Q9C102|GLT1_SCHPO	47.2	2339	899	24	1765223	1772212	97	2109	0.0	1936
BQFW01000004.1	sp|Q12680|GLT1_YEAST	42.0	2386	998	33	1765223	1772215	82	2136	0.0	1620
BQFW01000004.1	sp|Q9LV03|GLUT1_ARATH	41.7	2367	999	34	1765223	1772161	145	2183	0.0	1596
BQFW01000004.1	sp|Q03460|GLSN_MEDSA	40.9	2396	970	33	1765223	1772161	130	2162	0.0	1583
BQFW01000004.1	sp|Q0JKD0|GLT1_ORYSJ	47.0	1831	779	18	1766882	1772170	439	2146	0.0	1517
BQFW01000004.1	sp|Q0DG35|GLT2_ORYSJ	46.2	1829	802	22	1766882	1772161	446	2161	0.0	1490
BQFW01000004.1	sp|Q4WLN1|ACON_ASPFU	62.1	871	191	4	2844241	2841632	55	787	0.0	1053
BQFW01000004.1	sp|O13966|ACON_SCHPO	62.1	868	184	5	2844241	2841650	57	783	0.0	1047
BQFW01000004.1	sp|D4AT77|ACON_ARTBC	61.2	868	199	3	2844241	2841638	46	775	0.0	1045
BQFW01000004.1	sp|C8VG90|ACON_EMENI	61.4	867	197	3	2844241	2841641	53	781	0.0	1041
BQFW01000004.1	sp|P16276|ACON_PIG	61.4	854	197	1	2844214	2841653	55	775	0.0	1020
BQFW01000004.1	sp|Q01877|HSP71_PUCGR	84.0	613	98	0	1100410	1098572	4	616	0.0	1019
BQFW01000004.1	sp|Q9ER34|ACON_RAT	61.2	854	198	1	2844214	2841653	55	775	0.0	1018
BQFW01000004.1	sp|P19414|ACON_YEAST	60.6	857	204	2	2844214	2841647	51	774	0.0	1018
BQFW01000004.1	sp|Q99KI0|ACON_MOUSE	61.2	854	198	1	2844214	2841653	55	775	0.0	1017
BQFW01000004.1	sp|P20004|ACON_BOVIN	60.9	854	201	1	2844214	2841653	55	775	0.0	1016
BQFW01000004.1	sp|P49609|ACON_GRAGA	60.8	854	201	2	2844214	2841653	54	773	0.0	1015
BQFW01000004.1	sp|Q99798|ACON_HUMAN	60.9	854	201	1	2844214	2841653	55	775	0.0	1013
BQFW01000004.1	sp|P82611|ACON_CANAL	59.8	858	211	2	2844214	2841644	52	776	0.0	1011
BQFW01000004.1	sp|P34455|ACON_CAEEL	60.7	854	200	2	2844214	2841653	52	769	0.0	1010
BQFW01000004.1	sp|Q54XS2|ACON_DICDI	72.9	680	183	1	2843680	2841644	87	766	0.0	1009
BQFW01000004.1	sp|P48720|HSP70_BLAEM	81.9	645	110	4	1100413	1098491	8	649	0.0	1006
BQFW01000004.1	sp|O93866|HSP70_TRIRU	78.2	660	117	3	1100413	1098491	3	654	0.0	1006
BQFW01000004.1	sp|Q96W30|HSP72_PARBA	78.2	660	117	4	1100413	1098491	3	654	0.0	998
BQFW01000004.1	sp|P40918|HSP70_DAVTA	78.5	643	134	3	1100413	1098491	3	643	0.0	988
BQFW01000005.1	sp|P59769|BIP_ASPAW	75.8	623	146	2	422157	420292	54	672	1.17e-297	919
BQFW01000005.1	sp|P83617|BIP_ASPKA	75.8	623	146	2	422157	420292	54	672	1.17e-297	919
BQFW01000005.1	sp|P83616|BIP_ASPNG	75.8	623	146	2	422157	420292	54	672	1.17e-297	919
BQFW01000005.1	sp|P78695|BIP_NEUCR	74.9	622	152	1	422157	420292	44	661	3.43e-290	897
BQFW01000005.1	sp|Q99170|BIP_YARLI	74.7	629	152	2	422157	420292	42	670	2.24e-289	895
BQFW01000005.1	sp|P36604|BIP_SCHPO	73.5	622	161	3	422157	420295	40	658	3.09e-280	868
BQFW01000005.1	sp|Q9HG01|BIP_PICAN	71.4	622	177	1	422157	420292	45	665	1.05e-274	852
BQFW01000005.1	sp|Q6FW50|BIP_CANGA	72.2	615	167	2	422157	420313	41	651	5.40e-272	845
BQFW01000005.1	sp|P16474|BIP_YEAST	70.3	630	177	2	422157	420292	55	682	2.36e-271	843
BQFW01000005.1	sp|P19208|HSP7C_CAEBR	69.6	625	186	3	422157	420292	38	661	3.86e-269	836
BQFW01000005.1	sp|Q6BZH1|BIP_DEBHA	69.3	625	189	2	422157	420292	54	678	5.49e-268	834
BQFW01000005.1	sp|Q75C78|BIP_ASHGO	68.7	626	189	3	422157	420292	52	674	1.61e-266	829
BQFW01000005.1	sp|Q90593|BIP_CHICK	69.4	624	187	4	422157	420292	31	652	1.58e-265	825
BQFW01000005.1	sp|P11021|BIP_HUMAN	69.4	624	187	4	422157	420292	33	654	2.31e-265	825
BQFW01000005.1	sp|Q0VCX2|BIP_BOVIN	69.4	624	187	4	422157	420292	34	655	3.26e-265	825
BQFW01000005.1	sp|G3I8R9|BIP_CRIGR	69.4	624	187	4	422157	420292	33	654	5.83e-265	824
BQFW01000005.1	sp|P07823|BIP_MESAU	69.4	624	187	4	422157	420292	33	654	5.83e-265	824
BQFW01000005.1	sp|Q5R4P0|BIP_PONAB	69.2	624	188	4	422157	420292	33	654	2.00e-264	822
BQFW01000005.1	sp|P20029|BIP_MOUSE	69.2	624	188	4	422157	420292	34	655	2.08e-264	822
BQFW01000005.1	sp|Q3S4T7|BIP_ICTTR	69.2	624	188	4	422157	420292	33	654	2.73e-264	822
BQFW01000005.1	sp|P06761|BIP_RAT	69.2	624	188	4	422157	420292	33	654	3.72e-264	822
BQFW01000005.1	sp|Q91883|BIP_XENLA	69.7	607	182	2	422157	420340	35	640	6.00e-262	815
BQFW01000005.1	sp|P29844|BIP_DROME	67.9	626	194	4	422157	420292	34	656	1.03e-261	815
BQFW01000005.1	sp|Q6UR05|MRP1_CANLF	35.2	1639	863	29	765509	770242	29	1529	4.01e-261	848
BQFW01000005.1	sp|P33527|MRP1_HUMAN	34.5	1634	881	26	765509	770242	29	1529	5.44e-261	848
BQFW01000006.1	sp|Q10490|SYLC_SCHPO	44.5	1207	531	19	572302	568739	23	1109	1.01e-306	964
BQFW01000006.1	sp|P10857|SYLC_NEUCR	44.5	1208	540	22	572302	568739	27	1123	1.14e-298	942
BQFW01000006.1	sp|Q01576|ACSA_PHYB8	67.0	654	165	3	1363454	1365409	57	661	1.06e-288	893
BQFW01000006.1	sp|P26637|SYLC_YEAST	42.1	1222	532	20	572302	568739	10	1090	1.14e-287	909
BQFW01000006.1	sp|O13440|ACSA_COPCI	65.4	657	176	2	1363457	1365418	52	660	1.41e-282	875
BQFW01000006.1	sp|A8PDE3|ACSA_COPC7	65.3	657	177	2	1363457	1365418	52	660	2.62e-282	874
BQFW01000006.1	sp|Q5R614|SYLC_PONAB	42.6	1193	531	20	572302	568760	7	1057	1.94e-278	885
BQFW01000006.1	sp|Q8BMJ2|SYLC_MOUSE	43.3	1189	530	22	572302	568760	7	1059	1.30e-277	883
BQFW01000006.1	sp|Q9P2J5|SYLC_HUMAN	42.7	1193	530	21	572302	568760	7	1057	4.17e-277	882
BQFW01000006.1	sp|Q09996|SYLC_CAEEL	42.3	1172	534	20	572311	568835	5	1047	3.54e-268	856
BQFW01000006.1	sp|P36333|ACSA_PENCH	61.8	652	198	3	1363454	1365409	63	663	6.01e-264	822
BQFW01000006.1	sp|P16928|ACSA_EMENI	62.1	652	195	4	1363457	1365409	64	664	2.53e-262	817
BQFW01000006.1	sp|P16929|ACSA_NEUCR	61.9	649	195	4	1363457	1365400	62	659	1.71e-260	812
BQFW01000006.1	sp|Q9Y7B5|ACS2_KLULA	58.1	666	219	3	1363454	1365415	59	676	9.42e-259	808
BQFW01000006.1	sp|Q96VC7|ACS2_ZYGBA	58.3	655	221	3	1363457	1365409	59	665	2.45e-254	795
BQFW01000006.1	sp|Q750T7|ACS2_ASHGO	57.9	668	216	4	1363457	1365409	59	678	3.27e-253	792
BQFW01000006.1	sp|Q6FXI2|ACS2_CANGA	57.1	665	225	3	1363457	1365415	60	676	1.56e-251	787
BQFW01000006.1	sp|Q6BS00|ACS2_DEBHA	57.6	658	221	3	1363457	1365400	60	669	4.65e-251	785
BQFW01000006.1	sp|P52910|ACS2_YEAST	57.1	666	226	3	1363454	1365415	58	675	9.95e-251	785
BQFW01000006.1	sp|Q8NJN3|ACS2_CANAL	57.2	652	229	3	1363454	1365403	59	662	1.67e-248	778
BQFW01000006.1	sp|Q54N83|SYLC_DICDI	39.7	1191	572	25	572302	568754	3	1055	1.03e-245	786
BQFW01000006.1	sp|F4I116|SYLC_ARATH	39.0	1219	561	22	572299	568751	9	1080	1.60e-245	787
BQFW01000006.1	sp|O94489|EF3_SCHPO	50.1	871	403	11	1085228	1087789	191	1046	3.34e-245	784
BQFW01000006.1	sp|O94049|ACS1_CANAX	57.5	657	222	5	1363457	1365400	59	667	9.42e-244	764
BQFW01000006.1	sp|Q6BQF2|ACS1_DEBHA	57.4	655	224	4	1363457	1365400	57	663	2.80e-243	763
BQFW01000007.1	sp|Q70LM5|LGRC_BREPA	33.5	4732	2350	74	201324	213905	246	4703	0.0	2253
BQFW01000007.1	sp|Q70LM6|LGRB_BREPA	32.9	4518	2285	69	201840	213914	430	4695	0.0	2100
BQFW01000007.1	sp|Q70LM4|LGRD_BREPA	32.1	4614	2518	102	201324	213839	241	4666	0.0	1972
BQFW01000007.1	sp|Q4P9K9|CHS8_USTMA	45.7	1804	794	32	462935	457632	108	1761	0.0	1421
BQFW01000007.1	sp|P15398|RPA1_SCHPO	45.6	1806	741	33	386049	380773	1	1612	0.0	1332
BQFW01000007.1	sp|J9VNT4|CHS5_CRYNH	43.4	1840	818	35	462938	457554	121	1782	0.0	1314
BQFW01000007.1	sp|Q91V92|ACLY_MOUSE	58.3	1104	362	11	1485506	1482222	72	1086	0.0	1233
BQFW01000007.1	sp|P53396|ACLY_HUMAN	58.2	1104	374	11	1485506	1482222	72	1096	0.0	1233
BQFW01000007.1	sp|Q2TCH3|ACLY_SHEEP	58.2	1107	369	13	1485506	1482222	72	1096	0.0	1230
BQFW01000007.1	sp|Q32PF2|ACLY_BOVIN	58.3	1095	362	10	1485488	1482222	81	1086	0.0	1228
BQFW01000007.1	sp|P16638|ACLY_RAT	57.7	1107	373	11	1485506	1482222	72	1095	0.0	1224
BQFW01000007.1	sp|P10964|RPA1_YEAST	47.2	1461	638	22	385077	380767	240	1591	0.0	1202
BQFW01000007.1	sp|P53585|ACLY_CAEEL	55.3	1079	406	13	1485425	1482210	94	1103	0.0	1105
BQFW01000007.1	sp|O93988|ACL1_SORMK	74.7	605	152	1	1484036	1482222	53	656	2.51e-301	930
BQFW01000007.1	sp|Q8X097|ACL1_NEUCR	74.5	605	153	1	1484036	1482222	49	652	3.49e-300	926
BQFW01000007.1	sp|Q9P7W3|ACL1_SCHPO	72.2	604	167	1	1484036	1482225	13	615	3.90e-289	892
BQFW01000007.1	sp|O13395|CHS6_USTMA	52.6	916	375	17	460175	457503	64	945	3.15e-287	911
BQFW01000007.1	sp|Q86H36|RPA1_DICDI	41.5	1351	687	20	384759	380773	274	1543	9.17e-276	895
BQFW01000007.1	sp|P33527|MRP1_HUMAN	35.2	1549	783	19	1614525	1610134	118	1531	2.59e-263	855
BQFW01000007.1	sp|Q8CG09|MRP1_RAT	35.5	1540	793	20	1614525	1610134	118	1532	2.66e-263	855
BQFW01000007.1	sp|O35379|MRP1_MOUSE	35.8	1537	788	21	1614525	1610134	118	1528	9.16e-262	851
BQFW01000007.1	sp|Q864R9|MRP1_MACFA	35.1	1538	800	20	1614525	1610134	118	1531	4.57e-261	849
BQFW01000007.1	sp|Q8HXQ5|MRP1_BOVIN	35.1	1537	800	20	1614525	1610134	118	1530	1.11e-260	848
BQFW01000007.1	sp|P30594|CHS1_RHIOL	55.5	752	318	7	363511	365745	117	858	1.51e-260	821
BQFW01000007.1	sp|Q9USR3|STT4_SCHPO	39.5	1290	724	17	2114708	2118535	630	1877	1.73e-260	859
BQFW01000008.1	sp|O14228|PUR4_SCHPO	56.7	1363	497	17	1796917	1800987	48	1323	0.0	1458
BQFW01000008.1	sp|P38972|PUR4_YEAST	54.9	1356	514	18	1796950	1800987	91	1358	0.0	1377
BQFW01000008.1	sp|Q3KHL4|PUR4_PSEPF	54.6	1351	497	18	1796944	1800987	62	1298	0.0	1373
BQFW01000008.1	sp|Q4ZX02|PUR4_PSEU2	54.5	1351	498	18	1796944	1800987	62	1298	0.0	1368
BQFW01000008.1	sp|Q4KHS6|PUR4_PSEF5	54.1	1351	503	18	1796944	1800987	62	1298	0.0	1368
BQFW01000008.1	sp|Q48LX3|PUR4_PSE14	54.6	1351	497	19	1796944	1800987	62	1298	0.0	1366
BQFW01000008.1	sp|Q5QWY0|PUR4_IDILO	55.0	1353	494	19	1796923	1800978	54	1292	0.0	1366
BQFW01000008.1	sp|Q7MN70|PUR4_VIBVY	54.4	1332	495	16	1796983	1800978	75	1294	0.0	1365
BQFW01000008.1	sp|Q886W6|PUR4_PSESM	54.4	1351	499	19	1796944	1800987	62	1298	0.0	1365
BQFW01000008.1	sp|Q8DF81|PUR4_VIBVU	54.4	1332	495	16	1796983	1800978	75	1294	0.0	1365
BQFW01000008.1	sp|Q3IHZ2|PUR4_PSET1	54.6	1337	490	18	1796983	1800987	75	1296	0.0	1364
BQFW01000008.1	sp|Q9HXN2|PUR4_PSEAE	54.0	1366	506	20	1796911	1800987	48	1298	0.0	1360
BQFW01000008.1	sp|Q47XX7|PUR4_COLP3	52.5	1379	527	19	1796911	1800987	50	1320	0.0	1355
BQFW01000008.1	sp|Q9KTN2|PUR4_VIBCH	54.3	1335	498	15	1796983	1800987	75	1297	0.0	1355
BQFW01000008.1	sp|Q88P16|PUR4_PSEPK	54.2	1352	501	18	1796944	1800987	62	1299	0.0	1354
BQFW01000008.1	sp|Q87RW0|PUR4_VIBPA	54.6	1338	489	19	1796983	1800978	75	1299	0.0	1347
BQFW01000008.1	sp|Q2SK05|PUR4_HAHCH	54.1	1352	501	19	1796944	1800987	62	1298	0.0	1344
BQFW01000008.1	sp|Q15R69|PUR4_PSEA6	53.7	1335	504	16	1796983	1800987	75	1295	0.0	1344
BQFW01000008.1	sp|Q1D9V4|PUR4_MYXXD	53.5	1338	512	14	1796974	1800987	72	1299	0.0	1343
BQFW01000008.1	sp|Q0HKU9|PUR4_SHESM	53.5	1354	512	16	1796917	1800975	52	1289	0.0	1343
BQFW01000008.1	sp|Q7N1Z4|PUR4_PHOLL	53.9	1353	509	20	1796923	1800978	54	1292	0.0	1342
BQFW01000008.1	sp|Q8EC57|PUR4_SHEON	53.5	1354	513	16	1796917	1800975	52	1289	0.0	1342
BQFW01000008.1	sp|Q1H2I8|PUR4_METFK	53.1	1359	518	20	1796917	1800987	52	1293	0.0	1338
BQFW01000008.1	sp|Q5E749|PUR4_ALIF1	53.6	1337	504	17	1796983	1800978	75	1300	0.0	1338
BQFW01000008.1	sp|Q0HX47|PUR4_SHESR	53.9	1339	500	16	1796959	1800975	68	1289	0.0	1338
BQFW01000009.1	sp|Q12553|XDH_EMENI	51.0	1313	582	15	849837	845947	97	1363	0.0	1271
BQFW01000009.1	sp|P23921|RIR1_HUMAN	66.0	873	199	5	1349973	1352567	8	790	0.0	1156
BQFW01000009.1	sp|P07742|RIR1_MOUSE	65.5	873	203	4	1349973	1352567	8	790	0.0	1154
BQFW01000009.1	sp|R4ZGN4|XDH_BLAAD	47.8	1364	599	25	849828	845950	83	1404	0.0	1154
BQFW01000009.1	sp|Q5R919|RIR1_PONAB	65.8	873	201	5	1349973	1352567	8	790	0.0	1152
BQFW01000009.1	sp|P36602|RIR1_SCHPO	63.9	893	205	4	1349973	1352570	8	810	0.0	1149
BQFW01000009.1	sp|Q9UW15|RIR1_NEUCR	66.5	838	189	3	1349973	1352480	8	755	0.0	1128
BQFW01000009.1	sp|P79732|RIR1_DANRE	73.0	729	187	2	1350411	1352567	64	792	0.0	1112
BQFW01000009.1	sp|P47990|XDH_CHICK	45.3	1332	641	17	849873	845998	57	1341	0.0	1098
BQFW01000009.1	sp|Q00519|XDH_MOUSE	46.2	1296	626	18	849837	846010	70	1314	0.0	1083
BQFW01000009.1	sp|P80457|XDH_BOVIN	45.3	1317	650	17	849837	845947	67	1332	0.0	1077
BQFW01000009.1	sp|P48591|RIR1_DROME	61.3	882	234	5	1349973	1352567	19	810	0.0	1075
BQFW01000009.1	sp|A0A1U8QNG8|HXNS_EMENI	45.4	1360	602	29	849801	845947	56	1349	0.0	1074
BQFW01000009.1	sp|P47989|XDH_HUMAN	45.4	1320	645	19	849837	845947	67	1333	0.0	1072
BQFW01000009.1	sp|P21524|RIR1_YEAST	61.7	854	230	4	1349973	1352516	8	770	0.0	1072
BQFW01000009.1	sp|Q03604|RIR1_CAEEL	61.9	880	235	6	1349949	1352573	4	788	0.0	1071
BQFW01000009.1	sp|P22985|XDH_RAT	46.0	1292	634	18	849837	846010	67	1310	0.0	1067
BQFW01000009.1	sp|P08793|XDH_CALVI	45.2	1300	644	16	849840	846010	79	1332	0.0	1066
BQFW01000009.1	sp|Q9MYW6|XDH_FELCA	44.8	1321	649	20	849837	845947	67	1331	0.0	1060
BQFW01000009.1	sp|P21672|RIR3_YEAST	69.6	716	207	3	1350414	1352543	65	775	0.0	1059
BQFW01000009.1	sp|Q6AUV1|XDH_ORYSJ	45.4	1327	629	24	849843	845998	80	1356	0.0	1055
BQFW01000009.1	sp|P10351|XDH_DROME	44.7	1299	654	17	849840	845998	66	1318	0.0	1043
BQFW01000009.1	sp|P91711|XDH_DROSU	44.6	1297	655	16	849840	846010	71	1323	0.0	1043
BQFW01000009.1	sp|Q9SJ20|RIR1_ARATH	66.3	751	221	3	1350411	1352567	64	814	0.0	1040
BQFW01000009.1	sp|Q54FB7|XDH_DICDI	44.3	1309	654	18	849837	846010	83	1349	0.0	1036
BQFW01000010.1	sp|Q869L3|MDN1_DICDI	43.4	2514	1198	39	1190513	1197580	99	2539	0.0	1856
BQFW01000010.1	sp|Q12019|MDN1_YEAST	46.0	2121	1019	36	1191284	1197556	338	2361	0.0	1753
BQFW01000010.1	sp|O94248|MDN1_SCHPO	45.0	2161	1042	41	1191284	1197652	180	2231	0.0	1633
BQFW01000010.1	sp|Q9NU22|MDN1_HUMAN	42.2	2261	1090	43	1191284	1197823	354	2481	0.0	1603
BQFW01000010.1	sp|A0A1P8AUY4|MDN1_ARATH	42.9	2063	1041	39	1191284	1197343	381	2349	0.0	1437
BQFW01000010.1	sp|P32324|EF2_YEAST	74.2	749	190	2	1115257	1113017	95	842	0.0	1127
BQFW01000010.1	sp|O14460|EF2_SCHPO	72.8	749	201	2	1115257	1113017	95	842	0.0	1126
BQFW01000010.1	sp|Q6CPQ9|EF2_KLULA	73.7	749	194	2	1115257	1113017	95	842	0.0	1123
BQFW01000010.1	sp|Q5A0M4|EF2_CANAL	74.2	748	192	1	1115257	1113017	95	842	0.0	1123
BQFW01000010.1	sp|C4YJQ8|EF2_CANAW	74.2	748	192	1	1115257	1113017	95	842	0.0	1123
BQFW01000010.1	sp|Q874B9|EF2_PICPA	74.1	749	191	2	1115257	1113017	95	842	0.0	1123
BQFW01000010.1	sp|Q96X45|EF2_NEUCR	73.8	749	193	2	1115257	1113017	97	844	0.0	1119
BQFW01000010.1	sp|Q875Z2|EF2_NAUCC	74.5	749	188	2	1115257	1113017	95	842	0.0	1118
BQFW01000010.1	sp|Q875S0|EF2_LACK1	73.3	749	197	2	1115257	1113017	95	842	0.0	1116
BQFW01000010.1	sp|A5DI11|EF2_PICGU	72.9	750	198	2	1115257	1113017	95	842	0.0	1115
BQFW01000010.1	sp|Q754C8|EF2_ASHGO	73.3	749	197	2	1115257	1113017	95	842	0.0	1115
BQFW01000010.1	sp|Q6FYA7|EF2_CANGA	73.4	749	196	2	1115257	1113017	95	842	0.0	1112
BQFW01000010.1	sp|Q6BJ25|EF2_DEBHA	71.6	749	212	1	1115260	1113017	94	842	0.0	1092
BQFW01000010.1	sp|Q1LVE8|SF3B3_DANRE	43.6	1354	555	16	850645	854628	1	1171	0.0	1036
BQFW01000010.1	sp|A0JN52|SF3B3_BOVIN	44.2	1354	547	16	850645	854628	1	1171	0.0	1036
BQFW01000010.1	sp|Q15393|SF3B3_HUMAN	44.2	1354	547	16	850645	854628	1	1171	0.0	1036
BQFW01000010.1	sp|Q921M3|SF3B3_MOUSE	44.2	1354	547	16	850645	854628	1	1171	0.0	1036
BQFW01000010.1	sp|Q5RBI5|SF3B3_PONAB	44.1	1354	548	16	850645	854628	1	1171	0.0	1034
BQFW01000010.1	sp|A0SXL6|EF2_CALJA	66.2	764	241	4	1115257	1113017	95	858	0.0	1021
BQFW01000010.1	sp|Q3SYU2|EF2_BOVIN	66.1	764	242	4	1115257	1113017	95	858	0.0	1019
BQFW01000011.1	sp|Q14204|DYHC1_HUMAN	61.5	2263	786	17	1599026	1605754	2156	4352	0.0	2760
BQFW01000011.1	sp|Q9JHU4|DYHC1_MOUSE	61.4	2263	788	17	1599026	1605754	2154	4350	0.0	2757
BQFW01000011.1	sp|P38650|DYHC1_RAT	61.2	2264	790	17	1599026	1605754	2154	4350	0.0	2753
BQFW01000011.1	sp|P37276|DYHC_DROME	59.7	2262	830	13	1599026	1605754	2142	4340	0.0	2699
BQFW01000011.1	sp|P45443|DYHC_NEUCR	58.6	2250	834	14	1599053	1605754	2187	4355	0.0	2588
BQFW01000011.1	sp|P45444|DYHC_EMENI	58.3	2255	839	15	1599035	1605754	2170	4337	0.0	2565
BQFW01000011.1	sp|P78716|DYHC_FUSVN	58.1	2248	848	14	1599035	1605754	2180	4341	0.0	2557
BQFW01000011.1	sp|P34036|DYHC_DICDI	54.3	2282	941	13	1599026	1605742	2214	4435	0.0	2454
BQFW01000011.1	sp|Q19020|DYHC_CAEEL	52.6	2264	988	17	1599020	1605736	2092	4294	0.0	2331
BQFW01000011.1	sp|Q27171|DYHC_PARTE	45.5	2256	1138	22	1599026	1605739	2067	4248	0.0	1937
BQFW01000011.1	sp|Q8IBG1|DYHC1_PLAF7	40.4	2421	1219	33	1599020	1605724	2255	4637	0.0	1721
BQFW01000011.1	sp|Q54YZ9|DHKJ_DICDI	68.1	1118	349	2	1342224	1345553	206	1323	0.0	1417
BQFW01000011.1	sp|Q9C1M7|DYHC_ASHGO	36.4	2220	1224	28	1599041	1605667	2008	4051	0.0	1400
BQFW01000011.1	sp|P36022|DYHC_YEAST	36.8	1714	1006	17	1599020	1604137	2012	3656	0.0	1149
BQFW01000011.1	sp|Q9Y7K2|TOR2_SCHPO	51.0	1086	451	11	729147	725920	848	1862	0.0	1062
BQFW01000011.1	sp|P22180|PMA1_SOLLC	61.8	809	300	8	1948967	1951381	49	852	9.79e-298	932
BQFW01000011.1	sp|Q9SU58|PMA4_ARATH	61.2	809	305	8	1948967	1951381	53	856	2.83e-297	931
BQFW01000011.1	sp|Q08435|PMA1_NICPL	61.7	809	301	8	1948967	1951381	50	853	4.73e-297	930
BQFW01000011.1	sp|Q9LV11|PMA11_ARATH	61.2	809	305	8	1948967	1951381	49	852	1.15e-296	929
BQFW01000011.1	sp|Q08436|PMA3_NICPL	61.4	809	303	8	1948967	1951381	49	852	4.00e-294	921
BQFW01000011.1	sp|Q42556|PMA9_ARATH	60.1	804	312	7	1948967	1951372	50	846	1.76e-291	914
BQFW01000011.1	sp|Q9SH76|PMA6_ARATH	60.4	803	306	8	1948967	1951366	48	841	9.40e-291	911
BQFW01000011.1	sp|P83970|PMA1_WHEAT	60.6	802	307	7	1948967	1951366	45	839	1.37e-290	911
BQFW01000011.1	sp|Q9M2A0|PMA8_ARATH	60.0	807	314	7	1948967	1951381	48	847	2.29e-290	910
BQFW01000011.1	sp|Q7XPY2|PMA1_ORYSJ	60.3	802	309	7	1948967	1951366	45	839	4.05e-289	907
BQFW01000012.1	sp|Q10289|FAS2_SCHPO	60.7	1394	502	11	870968	875137	489	1840	0.0	1618
BQFW01000012.1	sp|P78615|FAS2_EMEND	59.4	1393	535	12	870968	875131	488	1854	0.0	1607
BQFW01000012.1	sp|P15368|FAS2_PENPA	59.2	1379	533	13	870968	875086	484	1838	0.0	1581
BQFW01000012.1	sp|P19097|FAS2_YEAST	56.7	1412	566	14	870968	875131	493	1882	0.0	1539
BQFW01000012.1	sp|Q765N2|FAS2_LACKL	56.8	1409	569	12	870968	875131	494	1884	0.0	1530
BQFW01000012.1	sp|P43098|FAS2_CANAX	56.7	1422	542	15	870980	875131	496	1881	0.0	1526
BQFW01000012.1	sp|G8BAW7|FAS2_CANPC	56.7	1412	558	15	870980	875131	495	1880	0.0	1516
BQFW01000012.1	sp|O93927|FKS1_CRYNH	61.3	1109	409	7	1929355	1926065	78	1178	0.0	1367
BQFW01000012.1	sp|A2QLK4|FKS1_ASPNC	56.7	1181	445	16	1929484	1926065	84	1239	0.0	1294
BQFW01000012.1	sp|P40989|FKS2_YEAST	57.4	1076	416	8	1929199	1926065	166	1230	0.0	1236
BQFW01000012.1	sp|O74475|BGS4_SCHPO	54.5	1170	467	12	1929412	1926065	113	1271	0.0	1221
BQFW01000012.1	sp|P38631|FKS1_YEAST	56.3	1071	436	7	1929199	1926065	147	1211	0.0	1216
BQFW01000012.1	sp|Q2TXF0|ORYA_ASPOR	48.5	1281	620	14	871331	875137	521	1773	0.0	1144
BQFW01000012.1	sp|O13967|BGS2_SCHPO	54.6	1078	444	11	1929199	1926065	182	1247	0.0	1125
BQFW01000012.1	sp|Q5AV00|ATNF_EMENI	52.5	1107	490	13	871349	874612	548	1637	0.0	1087
BQFW01000012.1	sp|Q04952|FKS3_YEAST	50.8	1119	482	11	1929202	1926047	13	1130	0.0	1073
BQFW01000012.1	sp|P08096|TOP2_SCHPO	53.5	987	398	4	1414957	1417911	141	1068	0.0	1070
BQFW01000012.1	sp|Q4P9K9|CHS8_USTMA	37.1	1896	909	44	39152	33585	107	1758	0.0	1055
BQFW01000012.1	sp|P30182|TOP2_ARATH	54.3	1003	381	12	1414963	1417932	98	1036	0.0	1054
BQFW01000012.1	sp|Q10287|BGS1_SCHPO	51.7	1056	473	7	1929202	1926065	61	1089	0.0	1052
BQFW01000012.1	sp|Q5B7V0|PKIB_EMENI	46.2	1283	628	22	871343	875146	534	1769	0.0	1050
BQFW01000012.1	sp|Q9P377|BGS3_SCHPO	49.8	1058	495	10	1929196	1926065	146	1181	0.0	1034
BQFW01000012.1	sp|P32386|YBT1_YEAST	40.1	1482	771	14	246564	250907	252	1651	0.0	1032
BQFW01000012.1	sp|Q9Y8G8|TOP2_PENCH	54.0	999	377	12	1414963	1417911	133	1064	6.34e-319	1020
BQFW01000012.1	sp|P87078|TOP2_CANAX	51.4	1005	402	11	1414957	1417896	125	1068	1.39e-315	1004
BQFW01000013.1	sp|F1NTD6|ASCC3_CHICK	42.0	1829	871	27	1755769	1761135	513	2191	0.0	1291
BQFW01000013.1	sp|E9PZJ8|ASCC3_MOUSE	42.0	1840	855	30	1755769	1761135	505	2183	0.0	1273
BQFW01000013.1	sp|E1BNG3|ASCC3_BOVIN	41.9	1832	868	30	1755769	1761135	504	2182	0.0	1270
BQFW01000013.1	sp|Q8N3C0|ASCC3_HUMAN	42.1	1836	859	31	1755769	1761135	504	2182	0.0	1268
BQFW01000013.1	sp|F1LPQ2|ASCC3_RAT	41.1	1839	872	30	1755769	1761135	505	2182	0.0	1239
BQFW01000013.1	sp|P32324|EF2_YEAST	70.2	862	224	2	414411	411829	13	842	0.0	1233
BQFW01000013.1	sp|Q6CPQ9|EF2_KLULA	70.5	862	221	2	414411	411829	13	842	0.0	1229
BQFW01000013.1	sp|Q754C8|EF2_ASHGO	70.6	862	220	2	414411	411829	13	842	0.0	1229
BQFW01000013.1	sp|Q5A0M4|EF2_CANAL	70.5	862	221	2	414411	411829	13	842	0.0	1229
BQFW01000013.1	sp|C4YJQ8|EF2_CANAW	70.5	862	221	2	414411	411829	13	842	0.0	1229
BQFW01000013.1	sp|Q875S0|EF2_LACK1	70.6	862	220	2	414411	411829	13	842	0.0	1228
BQFW01000013.1	sp|Q875Z2|EF2_NAUCC	70.9	862	218	2	414411	411829	13	842	0.0	1223
BQFW01000013.1	sp|Q874B9|EF2_PICPA	70.9	862	218	2	414411	411829	13	842	0.0	1222
BQFW01000013.1	sp|A5DI11|EF2_PICGU	70.1	862	225	2	414411	411829	13	842	0.0	1220
BQFW01000013.1	sp|Q6FYA7|EF2_CANGA	70.3	862	223	2	414411	411829	13	842	0.0	1218
BQFW01000013.1	sp|Q96X45|EF2_NEUCR	71.0	865	214	5	414411	411829	13	844	0.0	1217
BQFW01000013.1	sp|O14460|EF2_SCHPO	68.9	862	235	2	414411	411829	13	842	0.0	1214
BQFW01000013.1	sp|Q6BJ25|EF2_DEBHA	70.1	862	225	2	414411	411829	13	842	0.0	1213
BQFW01000013.1	sp|O60072|MUG81_SCHPO	41.4	1719	838	20	1755769	1760865	305	1874	0.0	1204
BQFW01000013.1	sp|A0SXL6|EF2_CALJA	64.9	878	259	5	414411	411829	13	858	0.0	1137
BQFW01000013.1	sp|Q3SYU2|EF2_BOVIN	64.9	878	259	5	414411	411829	13	858	0.0	1137
BQFW01000013.1	sp|P58252|EF2_MOUSE	64.8	878	260	5	414411	411829	13	858	0.0	1136
BQFW01000013.1	sp|P05197|EF2_RAT	64.8	878	260	5	414411	411829	13	858	0.0	1136
BQFW01000013.1	sp|P09445|EF2_CRIGR	64.8	878	260	5	414411	411829	13	858	0.0	1135
BQFW01000013.1	sp|P13639|EF2_HUMAN	64.8	878	260	5	414411	411829	13	858	0.0	1135
BQFW01000014.1	sp|Q14562|DHX8_HUMAN	60.6	1104	388	9	1498040	1501216	49	1150	0.0	1197
BQFW01000014.1	sp|A2A4P0|DHX8_MOUSE	59.2	1128	389	11	1498040	1501216	49	1174	0.0	1190
BQFW01000014.1	sp|Q54F05|DHX8_DICDI	65.1	899	302	4	1498556	1501216	195	1093	0.0	1164
BQFW01000014.1	sp|A1Z9L3|DHX8_DROME	66.3	900	288	7	1498550	1501216	276	1171	0.0	1161
BQFW01000014.1	sp|Q38953|DEAH5_ARATH	64.1	898	303	7	1498562	1501216	209	1100	0.0	1149
BQFW01000014.1	sp|O42643|PRP22_SCHPO	55.1	1088	440	13	1498037	1501216	30	1097	0.0	1087
BQFW01000014.1	sp|Q09530|MOG5_CAEEL	57.6	1120	410	18	1498013	1501216	19	1125	0.0	1077
BQFW01000014.1	sp|Q6GL04|TERA_XENTR	79.5	634	125	3	997849	999750	176	804	0.0	1009
BQFW01000014.1	sp|Q7KN62|TERA_DROME	79.1	636	125	4	997849	999753	173	801	0.0	989
BQFW01000014.1	sp|P54812|TERA2_CAEEL	78.2	638	128	4	997849	999753	181	810	2.48e-318	985
BQFW01000014.1	sp|P54811|TERA1_CAEEL	78.7	639	121	5	997849	999753	182	809	3.73e-318	984
BQFW01000014.1	sp|Q5AWS6|CDC48_EMENI	77.4	637	130	4	997849	999750	197	822	1.75e-314	974
BQFW01000014.1	sp|P54609|CD48A_ARATH	76.0	637	144	6	997849	999753	180	809	5.28e-308	955
BQFW01000014.1	sp|Q9LZF6|CD48E_ARATH	75.9	638	144	6	997849	999753	180	810	6.45e-307	952
BQFW01000014.1	sp|Q9P3A7|CDC48_SCHPO	76.7	636	131	6	997849	999753	196	815	1.69e-305	948
BQFW01000014.1	sp|P25694|CDC48_YEAST	73.0	651	159	5	997849	999753	186	835	4.36e-298	927
BQFW01000014.1	sp|P24384|PRP22_YEAST	51.7	938	394	14	1498553	1501258	170	1084	5.65e-280	889
BQFW01000014.1	sp|Q4P328|SWR1_USTMA	48.7	1062	450	23	597887	600973	827	1826	6.02e-268	879
BQFW01000014.1	sp|Q8SSJ5|CDC48_ENCCU	69.5	590	171	5	997849	999618	181	761	1.37e-263	826
BQFW01000014.1	sp|O13682|SWR1_SCHPO	52.9	899	354	17	598325	600970	436	1282	1.39e-258	832
BQFW01000014.1	sp|Q5ARK3|SWR1_EMENI	52.3	939	376	13	598205	600964	781	1666	2.86e-258	846
BQFW01000014.1	sp|Q59U81|SWR1_CANAL	51.4	918	342	20	598304	600985	804	1641	5.96e-252	826
BQFW01000014.1	sp|P0CO19|SWR1_CRYNB	50.1	919	367	20	598325	600982	382	1241	3.06e-250	806
BQFW01000014.1	sp|P0CO18|SWR1_CRYNJ	50.1	919	367	20	598325	600982	382	1241	3.06e-250	806
BQFW01000014.1	sp|O42644|PYRG_SCHPO	64.6	602	171	5	1745934	1747739	2	561	1.69e-245	766
BQFW01000015.1	sp|O93937|PYR1_EMENI	63.3	2092	689	14	1340428	1334252	228	2273	0.0	2549
BQFW01000015.1	sp|Q09794|PYR1_SCHPO	63.3	2025	678	16	1340290	1334243	273	2240	0.0	2467
BQFW01000015.1	sp|P07259|PYR1_YEAST	62.1	2033	694	18	1340290	1334249	237	2211	0.0	2414
BQFW01000015.1	sp|P20054|PYR1_DICDI	53.0	2077	855	28	1340290	1334249	205	2222	0.0	2036
BQFW01000015.1	sp|Q91437|PYR1_SQUAC	51.6	2097	891	24	1340290	1334246	186	2241	0.0	1989
BQFW01000015.1	sp|P27708|PYR1_HUMAN	51.0	2087	902	27	1340290	1334246	186	2224	0.0	1944
BQFW01000015.1	sp|P05990|PYR1_DROME	50.6	2065	920	24	1340290	1334249	204	2218	0.0	1935
BQFW01000015.1	sp|B2RQC6|PYR1_MOUSE	51.1	2090	897	27	1340290	1334246	186	2224	0.0	1927
BQFW01000015.1	sp|P08955|PYR1_MESAU	51.0	2091	896	31	1340290	1334246	186	2224	0.0	1923
BQFW01000015.1	sp|Q18990|PYR1_CAEEL	48.5	2076	942	26	1340290	1334243	189	2196	0.0	1806
BQFW01000015.1	sp|P78820|ACAC_SCHPO	49.1	2073	675	21	2177941	2184021	38	1776	0.0	1804
BQFW01000015.1	sp|Q6P2Q9|PRP8_HUMAN	41.6	2861	969	43	1763615	1771801	42	2334	0.0	1795
BQFW01000015.1	sp|Q99PV0|PRP8_MOUSE	41.5	2861	970	43	1763615	1771801	42	2334	0.0	1795
BQFW01000015.1	sp|P38811|TRA1_YEAST	39.1	2816	1532	48	2071686	2063515	458	3183	0.0	1788
BQFW01000015.1	sp|Q9SSD2|PRP8A_ARATH	40.4	2812	1075	40	1763612	1771801	65	2358	0.0	1724
BQFW01000015.1	sp|Q00955|ACAC_YEAST	47.4	2045	718	21	2177941	2184021	28	1735	0.0	1707
BQFW01000015.1	sp|P34369|PRP8_CAEEL	40.3	2803	1090	44	1763618	1771801	33	2328	0.0	1701
BQFW01000015.1	sp|Q9T0I6|PRP8B_ARATH	40.6	2784	1112	45	1763612	1771801	63	2358	0.0	1687
BQFW01000015.1	sp|Q9HFE8|TRA1_SCHPO	37.2	2664	1545	37	2071392	2063515	538	3113	0.0	1621
BQFW01000015.1	sp|Q10064|YAMB_SCHPO	36.2	2766	1577	45	2071689	2063509	433	3053	0.0	1575
BQFW01000015.1	sp|Q8T295|PRP8_DICDI	38.2	2812	1137	51	1763612	1771804	28	2327	0.0	1549
BQFW01000015.1	sp|O14187|SPP42_SCHPO	37.4	2810	1158	55	1763621	1771801	65	2362	0.0	1461
BQFW01000015.1	sp|P11029|ACAC_CHICK	40.6	2053	819	30	2178001	2184021	107	1804	0.0	1397
BQFW01000015.1	sp|P11497|ACACA_RAT	40.0	2076	823	32	2178001	2184021	106	1826	0.0	1378
BQFW01000015.1	sp|Q13085|ACACA_HUMAN	40.2	2076	818	33	2178001	2184021	107	1827	0.0	1377
BQFW01000016.1	sp|P48147|PPCE_HUMAN	48.0	448	195	5	105460	106785	293	708	3.62e-123	414
BQFW01000016.1	sp|Q9QUR6|PPCE_MOUSE	48.0	448	195	5	105460	106785	293	708	1.67e-122	412
BQFW01000016.1	sp|Q9XTA2|PPCE_BOVIN	47.3	448	198	5	105460	106785	293	708	7.69e-122	410
BQFW01000016.1	sp|O70196|PPCE_RAT	48.0	448	195	5	105460	106785	293	708	7.69e-122	410
BQFW01000016.1	sp|P23687|PPCE_PIG	47.5	448	197	5	105460	106785	293	708	1.04e-121	410
BQFW01000016.1	sp|H2E7Q7|POPA_GALM3	40.9	447	223	7	105460	106791	323	731	1.15e-96	338
BQFW01000016.1	sp|E2JFG1|POPA_AMABI	40.4	446	225	8	105466	106791	348	756	3.62e-91	322
BQFW01000016.1	sp|Q86AS5|PPCE_DICDI	39.4	434	232	7	105481	106773	349	754	1.37e-83	300
BQFW01000016.1	sp|H2E7Q8|POPB_GALM3	39.3	443	229	9	105460	106776	317	723	6.35e-82	294
BQFW01000016.1	sp|Q06903|PPCE_AERHY	39.7	448	225	10	105442	106776	277	682	4.24e-80	288
BQFW01000016.1	sp|E2JFG2|POPB_AMABI	39.2	446	233	8	105460	106788	317	727	1.06e-79	288
BQFW01000016.1	sp|P27028|PPCE_ELIME	37.8	444	233	10	105448	106776	299	700	1.83e-77	280
BQFW01000016.1	sp|P27195|PPCF_ELIMR	38.1	444	232	11	105451	106776	298	700	1.51e-76	278
BQFW01000016.1	sp|Q7LHG5|YI31B_YEAST	40.4	364	202	6	78043	79116	637	991	5.17e-61	241
BQFW01000016.1	sp|Q99315|YG31B_YEAST	40.4	364	202	6	78043	79116	611	965	9.79e-61	240
BQFW01000016.1	sp|P04323|POL3_DROME	37.6	364	216	5	78043	79116	222	580	2.52e-60	236
BQFW01000016.1	sp|P0CT41|TF212_SCHPO	33.9	442	264	10	77830	79116	360	786	1.54e-59	235
BQFW01000016.1	sp|P0CT34|TF21_SCHPO	33.9	442	264	10	77830	79116	360	786	1.54e-59	235
BQFW01000016.1	sp|P0CT35|TF22_SCHPO	33.9	442	264	10	77830	79116	360	786	1.54e-59	235
BQFW01000016.1	sp|P0CT36|TF23_SCHPO	33.9	442	264	10	77830	79116	360	786	1.54e-59	235
BQFW01000016.1	sp|P0CT37|TF24_SCHPO	33.9	442	264	10	77830	79116	360	786	1.54e-59	235
BQFW01000016.1	sp|P0CT38|TF25_SCHPO	33.9	442	264	10	77830	79116	360	786	1.54e-59	235
BQFW01000016.1	sp|P0CT39|TF26_SCHPO	33.9	442	264	10	77830	79116	360	786	1.54e-59	235
BQFW01000016.1	sp|P0CT40|TF29_SCHPO	33.9	442	264	10	77830	79116	360	786	1.54e-59	235
BQFW01000016.1	sp|Q9UR07|TF211_SCHPO	33.9	442	264	10	77830	79116	360	786	4.61e-59	234
BQFW01000017.1	sp|Q7LHG5|YI31B_YEAST	35.1	841	516	10	91626	94097	637	1464	2.26e-136	476
BQFW01000017.1	sp|Q99315|YG31B_YEAST	34.7	853	527	10	91626	94133	611	1450	5.09e-136	476
BQFW01000017.1	sp|P0CT41|TF212_SCHPO	32.3	924	577	17	91413	94115	360	1257	8.62e-133	461
BQFW01000017.1	sp|P0CT34|TF21_SCHPO	32.3	924	577	17	91413	94115	360	1257	8.62e-133	461
BQFW01000017.1	sp|P0CT35|TF22_SCHPO	32.3	924	577	17	91413	94115	360	1257	8.62e-133	461
BQFW01000017.1	sp|P0CT36|TF23_SCHPO	32.3	924	577	17	91413	94115	360	1257	8.62e-133	461
BQFW01000017.1	sp|P0CT37|TF24_SCHPO	32.3	924	577	17	91413	94115	360	1257	8.62e-133	461
BQFW01000017.1	sp|P0CT38|TF25_SCHPO	32.3	924	577	17	91413	94115	360	1257	8.62e-133	461
BQFW01000017.1	sp|P0CT39|TF26_SCHPO	32.3	924	577	17	91413	94115	360	1257	8.62e-133	461
BQFW01000017.1	sp|P0CT40|TF29_SCHPO	32.3	924	577	17	91413	94115	360	1257	8.62e-133	461
BQFW01000017.1	sp|Q9UR07|TF211_SCHPO	32.3	924	577	17	91413	94115	360	1257	2.83e-132	459
BQFW01000017.1	sp|P0CT42|TF27_SCHPO	32.3	924	577	17	91413	94115	360	1257	2.83e-132	459
BQFW01000017.1	sp|P0CT43|TF28_SCHPO	32.3	924	577	17	91413	94115	360	1257	2.83e-132	459
BQFW01000017.1	sp|F4JRJ6|DEAH9_ARATH	37.9	591	271	14	20230	18482	188	690	1.02e-105	362
BQFW01000017.1	sp|Q9H5Z1|DHX35_HUMAN	46.4	455	186	9	20230	18869	194	591	1.96e-104	359
BQFW01000017.1	sp|Q5RBD4|DHX35_PONAB	45.9	455	188	9	20230	18869	194	591	2.94e-102	353
BQFW01000017.1	sp|O60231|DHX16_HUMAN	36.3	582	271	12	20227	18482	539	1020	5.99e-98	350
BQFW01000017.1	sp|Q7YR39|DHX16_PANTR	36.3	582	271	12	20227	18482	542	1023	6.33e-98	350
BQFW01000017.1	sp|Q767K6|DHX16_PIG	36.3	582	271	12	20227	18482	543	1024	8.68e-98	349
BQFW01000017.1	sp|Q9BKQ8|DHX35_CAEEL	42.2	469	209	10	20230	18830	216	624	6.61e-93	326
BQFW01000017.1	sp|F4IJV4|DEAH6_ARATH	52.2	324	142	3	20227	19256	543	853	9.95e-85	310
BQFW01000017.1	sp|Q10752|CDC28_SCHPO	45.9	364	169	4	20227	19136	558	893	1.65e-83	306
BQFW01000017.1	sp|Q8VY00|ESP3_ARATH	40.9	460	205	7	20227	18851	543	936	4.49e-83	305
BQFW01000017.1	sp|Q09530|MOG5_CAEEL	52.3	323	141	4	20221	19253	681	990	3.62e-82	305
BQFW01000017.1	sp|F4JMJ3|DEAH8_ARATH	49.4	324	147	4	20227	19256	361	667	2.77e-80	293
BQFW01000018.1	sp|Q8TGM5|ART3_YEAST	93.0	43	3	0	52383	52511	4	46	1.42e-16	82.0
BQFW01000018.1	sp|Q8TGM6|TAR1_YEAST	74.5	51	13	0	51663	51815	13	63	7.91e-14	76.3
BQFW01000018.1	sp|Q6CQE5|TAR1_KLULA	85.7	42	6	0	51690	51815	7	48	1.31e-13	75.1
BQFW01000018.1	sp|Q3E811|RRT15_YEAST	88.9	27	3	0	49266	49346	9	35	9.94e-07	53.9
BQFW01000018.1	sp|Q9UUA2|PIF1_SCHPO	51.8	56	27	0	41519	41686	707	762	1.18e-05	57.8
BQFW01000018.1	sp|Q8TGM7|ART2_YEAST	81.5	27	5	0	49266	49346	9	35	4.16e-05	49.3
BQFW01000018.1	sp|P0C5Q0|YL54F_YEAST	95.7	23	1	0	52676	52744	18	40	5.28e-05	48.5
BQFW01000018.1	sp|P38766|RRM3_YEAST	48.3	58	30	0	41513	41686	643	700	6.55e-04	52.0
BQFW01000018.1	sp|Q38CE9|PIF6_TRYB2	52.8	53	24	1	41519	41674	598	650	8.90e-04	51.6
BQFW01000019.1	sp|P33540|RPOP_NEUCS	29.2	924	527	29	7166	4542	50	895	2.46e-91	323
BQFW01000019.1	sp|P22372|RPOP_CLAPU	28.0	919	530	29	7145	4551	84	924	1.80e-81	294
BQFW01000019.1	sp|Q01521|RPOP_PODAS	27.4	860	489	28	7145	4752	100	886	6.21e-78	284
BQFW01000019.1	sp|P33539|RPOP_AGABT	30.1	730	414	29	6848	4737	360	1019	4.78e-69	259
BQFW01000019.1	sp|P33541|RPOP_NEUIN	30.3	637	337	24	6371	4536	257	811	1.37e-59	226
BQFW01000019.1	sp|O03685|RPOP_GELSP	31.4	558	296	16	6158	4536	344	831	4.53e-57	218
BQFW01000019.1	sp|Q01529|DPOM_PODAS	28.7	581	341	18	734	2377	510	1050	6.12e-51	202
BQFW01000019.1	sp|P33537|DPOM_NEUCS	27.2	600	347	22	518	2164	362	922	1.09e-45	185
BQFW01000019.1	sp|P10582|DPOM_MAIZE	30.3	594	300	22	725	2419	358	866	2.81e-45	183
BQFW01000019.1	sp|O13993|RPOM_SCHPO	24.4	685	397	22	6464	4536	549	1154	2.68e-31	139
LC659289.1	sp|P50367|NU5M_RHIST	58.6	652	264	2	36209	38155	1	649	1.76e-250	778
LC659289.1	sp|Q85T01|NU5M_CRYNH	53.8	665	296	3	36209	38179	1	662	6.52e-227	711
LC659289.1	sp|Q8HHD2|NU5M_CRYPA	54.2	653	293	4	36209	38152	1	652	1.60e-223	701
LC659289.1	sp|Q6V9D9|NU5M_TALMA	53.0	658	306	3	36209	38173	1	658	1.09e-222	698
LC659289.1	sp|Q0H8X0|NU5M_USTMA	55.8	626	275	2	36209	38080	1	626	1.41e-222	699
LC659289.1	sp|P20679|NU5M_PODAN	55.6	624	273	3	36209	38068	1	624	1.06e-219	689
LC659289.1	sp|Q8SHP7|NU5M_HYPJE	52.8	642	295	3	36209	38128	1	636	2.37e-217	684
LC659289.1	sp|Q6QU67|NU5M_ASPNG	52.8	654	303	5	36209	38155	1	653	7.94e-217	681
LC659289.1	sp|Q01561|NU5M_TRIRU	53.7	648	296	4	36209	38143	1	647	4.55e-216	679
LC659289.1	sp|P05510|NU5M_NEUCR	52.4	668	274	5	36209	38098	1	662	8.52e-214	675
LC659289.1	sp|P11628|NU5M_EMEND	50.2	657	324	3	36209	38173	1	656	4.21e-206	650
LC659289.1	sp|P50368|NU5M_SCHCO	48.9	689	318	5	36209	38182	1	686	3.50e-200	635
LC659289.1	sp|P26849|NU5M_MARPO	48.3	671	321	7	36209	38152	1	668	9.79e-190	604
LC659289.1	sp|P10330|NU5M_OENBE	49.8	635	298	5	36209	38065	1	630	1.03e-187	598
LC659289.1	sp|Q3T4F1|CYB_RHIOR	71.8	386	109	0	39914	41071	1	386	1.20e-185	580
LC659289.1	sp|P29388|NU5M_ARATH	49.8	630	305	4	36209	38065	1	630	1.37e-185	592
LC659289.1	sp|Q37680|NU5M_WHEAT	49.4	635	300	6	36209	38065	1	630	1.66e-184	589
LC659289.1	sp|P50366|NU5M_PHYIN	48.3	634	315	6	36209	38074	2	634	3.41e-184	588
LC659289.1	sp|Q0H8X3|CYB_USTMA	70.9	388	113	0	39914	41077	1	388	2.97e-183	573
LC659289.1	sp|P48920|NU5M_CHOCR	49.1	647	311	6	36209	38098	1	646	4.28e-183	585
LC659289.1	sp|Q37395|CYB_ALLMA	70.3	377	112	0	39914	41044	1	377	1.18e-177	556
LC659289.1	sp|Q3T4C8|CYB_ZANCU	68.7	390	120	1	39914	41083	1	388	1.76e-174	548
LC659289.1	sp|Q37372|NU5M_ACACA	45.5	646	334	5	36209	38098	1	644	2.83e-172	554
LC659289.1	sp|Q35099|NU5M_METSE	47.9	620	301	6	36209	38062	1	600	2.01e-170	545
LC659289.1	sp|Q6V9D6|CYB_TALMA	68.2	384	121	1	39914	41062	1	384	6.10e-170	535
