AKIJ01000001.1	sp|Q8SR75|RPB2_ENCCU	61.7	1151	408	11	348381	344989	3	1140	0.0	1430
AKIJ01000001.1	sp|Q42877|RPB2_SOLLC	58.1	1159	452	11	348378	344998	19	1175	0.0	1364
AKIJ01000001.1	sp|P38420|NRPB2_ARATH	57.9	1159	454	10	348378	344998	20	1176	0.0	1356
AKIJ01000001.1	sp|Q02061|RPB2_SCHPO	56.2	1194	448	11	348375	345007	12	1201	0.0	1342
AKIJ01000001.1	sp|Q8CFI7|RPB2_MOUSE	58.5	1153	450	11	348375	344998	21	1171	0.0	1333
AKIJ01000001.1	sp|P30876|RPB2_HUMAN	58.4	1153	451	11	348375	344998	21	1171	0.0	1332
AKIJ01000001.1	sp|Q54J75|RPB2_DICDI	56.8	1161	463	13	348375	344986	18	1170	0.0	1326
AKIJ01000001.1	sp|P08266|RPB2_DROME	57.4	1153	459	12	348378	345007	21	1170	0.0	1321
AKIJ01000001.1	sp|A5DHT2|RPB2_PICGU	54.2	1221	461	14	348381	344989	16	1228	0.0	1306
AKIJ01000001.1	sp|Q6FLD5|RPB2_CANGA	53.7	1195	476	13	348375	345007	23	1212	0.0	1281
AKIJ01000001.1	sp|P08518|RPB2_YEAST	53.9	1194	475	12	348375	345007	25	1213	0.0	1279
AKIJ01000001.1	sp|Q10578|RPB2_CAEEL	55.9	1155	477	14	348369	344989	30	1180	0.0	1276
AKIJ01000001.1	sp|Q753Q4|RPB2_ASHGO	53.7	1197	474	12	348375	345007	21	1211	0.0	1274
AKIJ01000001.1	sp|P08096|TOP2_SCHPO	50.5	1122	503	10	505900	509112	78	1198	0.0	1094
AKIJ01000001.1	sp|Q9Y8G8|TOP2_PENCH	50.2	1139	504	14	505876	509115	60	1194	0.0	1090
AKIJ01000001.1	sp|Q64399|TOP2B_CRILO	51.0	1157	492	17	505870	509127	33	1185	0.0	1083
AKIJ01000001.1	sp|Q02880|TOP2B_HUMAN	50.9	1157	493	17	505870	509127	45	1197	0.0	1083
AKIJ01000001.1	sp|Q64511|TOP2B_MOUSE	51.0	1155	491	17	505876	509127	35	1185	0.0	1083
AKIJ01000001.1	sp|O42131|TOP2B_CHICK	51.0	1155	491	17	505876	509127	52	1202	0.0	1082
AKIJ01000001.1	sp|P30182|TOP2_ARATH	49.8	1150	507	13	505882	509130	29	1175	0.0	1070
AKIJ01000001.1	sp|Q01879|TOP2_PICGU	48.5	1162	507	14	505900	509115	59	1218	0.0	1064
AKIJ01000001.1	sp|P06786|TOP2_YEAST	47.7	1167	520	14	505867	509112	1	1162	0.0	1051
AKIJ01000001.1	sp|P87078|TOP2_CANAX	49.6	1112	510	13	505858	509049	48	1157	0.0	1050
AKIJ01000001.1	sp|O16140|TOP2_BOMMO	49.4	1173	496	17	505888	509127	32	1200	0.0	1050
AKIJ01000001.1	sp|O42130|TOP2A_CHICK	50.1	1150	507	15	505870	509127	25	1171	0.0	1047
AKIJ01000002.1	sp|Q8SSC4|RPB1_ENCCU	51.0	1476	621	19	680773	685092	8	1417	0.0	1380
AKIJ01000002.1	sp|P36594|RPB1_SCHPO	49.2	1491	659	24	680758	685071	9	1453	0.0	1300
AKIJ01000002.1	sp|Q75A34|RPB1_ASHGO	48.0	1489	683	23	680758	685080	7	1451	0.0	1261
AKIJ01000002.1	sp|P35084|RPB1_DICDI	46.4	1499	707	22	680758	685080	8	1468	0.0	1246
AKIJ01000002.1	sp|P04050|RPB1_YEAST	48.0	1502	690	25	680758	685122	7	1464	0.0	1243
AKIJ01000002.1	sp|P18616|NRPB1_ARATH	46.2	1516	696	26	680758	685092	8	1475	0.0	1212
AKIJ01000002.1	sp|P11414|RPB1_CRIGR	45.4	1519	703	26	680770	685092	15	1484	0.0	1187
AKIJ01000002.1	sp|P24928|RPB1_HUMAN	45.4	1519	703	26	680770	685092	15	1484	0.0	1187
AKIJ01000002.1	sp|P08775|RPB1_MOUSE	45.4	1519	703	26	680770	685092	15	1484	0.0	1187
AKIJ01000002.1	sp|P04052|RPB1_DROME	44.5	1525	711	28	680758	685092	7	1476	0.0	1181
AKIJ01000002.1	sp|P16356|RPB1_CAEEL	44.4	1511	724	25	680770	685092	12	1476	0.0	1171
AKIJ01000002.1	sp|P35074|RPB1_CAEBR	44.2	1512	727	24	680770	685092	12	1477	0.0	1171
AKIJ01000002.1	sp|A5DCV3|RPB1_PICGU	43.1	1495	580	25	680758	685083	8	1285	0.0	1066
AKIJ01000002.1	sp|Q7KN62|TERA_DROME	59.8	771	284	9	530878	533178	8	756	1.25e-281	877
AKIJ01000002.1	sp|Q8SQV6|SYIC_ENCCU	45.5	1052	460	17	60804	57727	7	971	6.63e-277	873
AKIJ01000002.1	sp|Q8SSJ5|CDC48_ENCCU	56.4	780	309	9	530872	533193	7	761	1.86e-274	856
AKIJ01000002.1	sp|P55072|TERA_HUMAN	58.2	771	295	10	530878	533178	11	758	6.39e-274	855
AKIJ01000002.1	sp|Q01853|TERA_MOUSE	58.2	771	295	10	530878	533178	11	758	6.39e-274	855
AKIJ01000002.1	sp|P46462|TERA_RAT	58.2	771	295	10	530878	533178	11	758	6.39e-274	855
AKIJ01000002.1	sp|Q6GL04|TERA_XENTR	58.2	771	295	10	530878	533178	11	758	8.40e-274	855
AKIJ01000002.1	sp|P54774|CDC48_SOYBN	57.5	769	304	8	530878	533178	16	763	1.23e-273	855
AKIJ01000002.1	sp|Q9SCN8|CD48D_ARATH	57.1	769	305	8	530878	533178	16	761	1.63e-273	855
AKIJ01000002.1	sp|Q7ZU99|TERA_DANRE	58.1	771	296	10	530878	533178	11	758	2.19e-273	854
AKIJ01000002.1	sp|Q3ZBT1|TERA_BOVIN	58.1	771	296	10	530878	533178	11	758	2.99e-273	853
AKIJ01000002.1	sp|P03974|TERA_PIG	58.0	771	297	10	530878	533178	11	758	7.53e-273	852
AKIJ01000003.1	sp|P07742|RIR1_MOUSE	60.6	791	299	6	393426	395762	3	792	6.23e-310	958
AKIJ01000003.1	sp|P23921|RIR1_HUMAN	60.3	791	301	6	393426	395762	3	792	1.36e-308	954
AKIJ01000003.1	sp|Q5R919|RIR1_PONAB	60.1	791	303	6	393426	395762	3	792	4.06e-307	950
AKIJ01000003.1	sp|P79732|RIR1_DANRE	60.5	778	293	4	393468	395762	18	794	7.17e-304	941
AKIJ01000003.1	sp|Q9SJ20|RIR1_ARATH	58.3	810	302	5	393438	395762	8	816	1.19e-301	936
AKIJ01000003.1	sp|Q03604|RIR1_CAEEL	59.8	774	309	2	393438	395756	14	786	1.29e-300	931
AKIJ01000003.1	sp|P36602|RIR1_SCHPO	60.1	746	297	1	393438	395675	8	752	3.57e-297	922
AKIJ01000003.1	sp|P0DSV1|RIR1_VAR67	58.9	764	308	3	393453	395732	9	770	1.04e-292	908
AKIJ01000003.1	sp|P0DSV2|RIR1_VARV	58.9	764	308	3	393453	395732	9	770	1.04e-292	908
AKIJ01000003.1	sp|P21524|RIR1_YEAST	58.6	761	307	2	393438	395702	8	766	4.22e-292	911
AKIJ01000003.1	sp|Q76RD8|RIR1_VACCA	58.8	764	309	3	393453	395732	9	770	7.79e-291	902
AKIJ01000003.1	sp|P20503|RIR1_VACCC	58.8	764	309	3	393453	395732	9	770	7.79e-291	902
AKIJ01000003.1	sp|P12848|RIR1_VACCW	58.5	772	305	5	393453	395756	9	769	7.79e-291	902
AKIJ01000003.1	sp|P50648|RIR1_PLAF4	58.4	767	307	6	393432	395714	6	766	3.82e-288	896
AKIJ01000003.1	sp|P48591|RIR1_DROME	56.0	800	330	6	393426	395762	14	812	7.59e-287	893
AKIJ01000003.1	sp|Q9UW15|RIR1_NEUCR	57.8	775	314	3	393438	395726	8	781	8.52e-287	898
AKIJ01000003.1	sp|P04051|RPC1_YEAST	40.8	1426	680	34	249240	253037	10	1431	4.11e-286	917
AKIJ01000003.1	sp|O94666|RPC1_SCHPO	40.5	1394	681	31	249231	253037	7	1377	4.12e-285	912
AKIJ01000003.1	sp|P21672|RIR3_YEAST	56.5	763	323	3	393426	395693	3	763	9.17e-285	889
AKIJ01000003.1	sp|Q54Q71|RIR1_DICDI	58.4	745	300	2	393471	395675	37	781	2.86e-281	879
AKIJ01000003.1	sp|Q6BI69|RPC1_DEBHA	40.3	1435	688	36	249240	253055	10	1438	2.58e-280	900
AKIJ01000003.1	sp|Q86AQ5|RPC1_DICDI	39.5	1449	680	32	249222	253037	5	1433	1.73e-277	892
AKIJ01000003.1	sp|O14802|RPC1_HUMAN	41.4	1383	672	35	249237	253049	11	1367	6.05e-277	888
AKIJ01000003.1	sp|Q5ZL98|RPC1_CHICK	41.2	1374	688	33	249237	253049	11	1367	1.09e-274	882
AKIJ01000003.1	sp|A4IF62|RPC1_BOVIN	41.2	1373	682	34	249237	253037	11	1363	6.83e-274	879
AKIJ01000004.1	sp|Q10233|RPC2_SCHPO	48.1	1128	496	17	733291	736476	57	1161	3.45e-318	998
AKIJ01000004.1	sp|Q9NW08|RPC2_HUMAN	46.9	1144	519	18	733231	736476	14	1130	9.10e-309	970
AKIJ01000004.1	sp|P59470|RPC2_MOUSE	46.9	1142	517	18	733231	736470	14	1128	1.45e-307	966
AKIJ01000004.1	sp|P22276|RPC2_YEAST	47.3	1120	507	16	733291	736476	51	1145	7.28e-306	962
AKIJ01000004.1	sp|P25167|RPC2_DROME	44.7	1143	543	16	733228	736473	21	1135	2.32e-293	926
AKIJ01000004.1	sp|F4KD38|NRPC2_ARATH	42.2	1167	564	22	733231	736476	20	1160	8.00e-270	858
AKIJ01000004.1	sp|Q54IZ9|RPC2_DICDI	32.2	1585	526	17	733291	736470	46	1605	1.12e-227	752
AKIJ01000004.1	sp|Q8SRI6|TBA_ENCCU	74.1	433	111	1	121271	119973	1	432	6.17e-220	684
AKIJ01000004.1	sp|Q8LPJ4|AB2E_ARATH	56.1	603	255	5	211296	209506	4	602	4.21e-210	663
AKIJ01000004.1	sp|Q28IX8|TBA_XENTR	69.1	437	128	3	121271	119976	1	435	1.22e-204	640
AKIJ01000004.1	sp|P61221|ABCE1_HUMAN	55.0	604	262	6	211311	209506	1	596	1.44e-204	647
AKIJ01000004.1	sp|P61222|ABCE1_MOUSE	55.0	604	262	6	211311	209506	1	596	1.44e-204	647
AKIJ01000004.1	sp|Q03195|RLI1_YEAST	54.1	608	267	5	211311	209506	1	602	2.70e-204	646
AKIJ01000004.1	sp|Q91060|TBA_NOTVI	68.9	437	129	3	121271	119976	1	435	4.35e-204	639
AKIJ01000004.1	sp|P91910|TBA3_CAEEL	69.7	435	129	2	121271	119976	1	435	8.07e-204	638
AKIJ01000004.1	sp|P50719|TBA_HAECO	68.3	442	133	3	121271	119961	1	440	2.04e-203	637
AKIJ01000004.1	sp|P34690|TBA2_CAEEL	67.9	436	139	1	121271	119967	1	436	3.52e-203	636
AKIJ01000004.1	sp|P36220|TBA_TORMA	67.8	444	136	3	121271	119955	1	442	7.29e-203	635
AKIJ01000004.1	sp|P81948|TBA4A_BOVIN	68.9	437	129	3	121271	119976	1	435	8.89e-203	635
AKIJ01000004.1	sp|P68366|TBA4A_HUMAN	68.9	437	129	3	121271	119976	1	435	8.89e-203	635
AKIJ01000004.1	sp|P68367|TBA4A_MACFA	68.9	437	129	3	121271	119976	1	435	8.89e-203	635
AKIJ01000004.1	sp|P68368|TBA4A_MOUSE	68.9	437	129	3	121271	119976	1	435	8.89e-203	635
AKIJ01000004.1	sp|Q5XIF6|TBA4A_RAT	68.9	437	129	3	121271	119976	1	435	8.89e-203	635
AKIJ01000004.1	sp|P81947|TBA1B_BOVIN	67.8	444	136	3	121271	119955	1	442	9.92e-203	635
AKIJ01000004.1	sp|P68361|TBA1B_CRIGR	67.8	444	136	3	121271	119955	1	442	9.92e-203	635
AKIJ01000005.1	sp|Q9GSR5|TBB_ENCIN	79.5	434	89	0	343757	345058	1	434	1.31e-237	734
AKIJ01000005.1	sp|Q8SS99|TBB_ENCCU	79.3	434	90	0	343757	345058	1	434	2.43e-237	733
AKIJ01000005.1	sp|Q91240|TBB_PSEAM	79.6	436	89	0	343757	345064	1	436	7.69e-237	732
AKIJ01000005.1	sp|Q24829|TBB_ENCHE	79.5	434	89	0	343757	345058	1	434	8.36e-237	732
AKIJ01000005.1	sp|Q2T9S0|TBB3_BOVIN	80.8	433	83	0	343757	345055	1	433	9.27e-237	732
AKIJ01000005.1	sp|Q13509|TBB3_HUMAN	80.8	433	83	0	343757	345055	1	433	9.27e-237	732
AKIJ01000005.1	sp|Q60HC2|TBB3_MACFA	80.8	433	83	0	343757	345055	1	433	9.27e-237	732
AKIJ01000005.1	sp|Q9ERD7|TBB3_MOUSE	80.8	433	83	0	343757	345055	1	433	9.27e-237	732
AKIJ01000005.1	sp|Q4QRB4|TBB3_RAT	80.8	433	83	0	343757	345055	1	433	9.27e-237	732
AKIJ01000005.1	sp|P08841|TBB3_DROME	79.5	439	84	1	343757	345055	1	439	1.47e-236	732
AKIJ01000005.1	sp|O44388|TBB_TRITR	79.5	435	89	0	343757	345061	1	435	1.87e-236	731
AKIJ01000005.1	sp|Q9YHC3|TBB1_GADMO	79.9	433	87	0	343757	345055	1	433	3.61e-236	730
AKIJ01000005.1	sp|P09652|TBB4_CHICK	80.6	433	84	0	343757	345055	1	433	4.19e-236	730
AKIJ01000005.1	sp|P30883|TBB4_XENLA	79.9	433	87	0	343757	345055	1	433	6.69e-236	729
AKIJ01000005.1	sp|Q9NFZ6|TBB2_ECHMU	79.2	433	90	0	343757	345055	1	433	9.12e-236	729
AKIJ01000005.1	sp|Q24560|TBB1_DROME	79.4	433	89	0	343757	345055	1	433	1.34e-235	729
AKIJ01000005.1	sp|Q27U48|TBB1_GLOMM	79.4	433	89	0	343757	345055	1	433	1.34e-235	729
AKIJ01000005.1	sp|O17449|TBB1_MANSE	79.4	433	89	0	343757	345055	1	433	1.34e-235	729
AKIJ01000005.1	sp|Q2KJD0|TBB5_BOVIN	78.6	440	93	1	343757	345073	1	440	1.63e-235	728
AKIJ01000005.1	sp|P69893|TBB5_CRIGR	78.6	440	93	1	343757	345073	1	440	1.63e-235	728
AKIJ01000005.1	sp|P07437|TBB5_HUMAN	78.6	440	93	1	343757	345073	1	440	1.63e-235	728
AKIJ01000005.1	sp|P69895|TBB5_MACMU	78.6	440	93	1	343757	345073	1	440	1.63e-235	728
AKIJ01000005.1	sp|P99024|TBB5_MOUSE	78.6	440	93	1	343757	345073	1	440	1.63e-235	728
AKIJ01000005.1	sp|Q7JJU6|TBB5_PANTR	78.6	440	93	1	343757	345073	1	440	1.63e-235	728
AKIJ01000005.1	sp|Q767L7|TBB5_PIG	78.6	440	93	1	343757	345073	1	440	1.63e-235	728
AKIJ01000006.1	sp|P35579|MYH9_HUMAN	42.6	870	445	15	46832	44364	27	889	3.09e-190	648
AKIJ01000006.1	sp|Q258K2|MYH9_CANLF	42.5	870	446	15	46832	44364	27	889	1.82e-189	646
AKIJ01000006.1	sp|P14105|MYH9_CHICK	43.0	854	436	14	46832	44403	27	873	5.81e-189	644
AKIJ01000006.1	sp|Q8VDD5|MYH9_MOUSE	43.0	854	436	14	46832	44403	27	873	1.07e-188	644
AKIJ01000006.1	sp|Q62812|MYH9_RAT	42.8	853	437	14	46829	44403	28	873	6.72e-187	638
AKIJ01000006.1	sp|P35749|MYH11_HUMAN	42.9	840	416	14	46832	44469	31	858	1.97e-186	637
AKIJ01000006.1	sp|P35748|MYH11_RABIT	42.7	839	417	14	46829	44469	32	858	6.39e-186	635
AKIJ01000006.1	sp|Q99323|MYSN_DROME	41.0	905	441	14	46841	44376	75	969	8.15e-186	637
AKIJ01000006.1	sp|P10587|MYH11_CHICK	42.1	843	435	13	46832	44454	30	869	1.30e-185	635
AKIJ01000006.1	sp|O08638|MYH11_MOUSE	43.4	828	419	14	46829	44481	32	854	1.54e-185	634
AKIJ01000006.1	sp|P35580|MYH10_HUMAN	41.4	876	441	16	46829	44382	32	895	2.33e-184	631
AKIJ01000006.1	sp|Q61879|MYH10_MOUSE	41.4	876	441	16	46829	44382	32	895	2.33e-184	631
AKIJ01000006.1	sp|Q27991|MYH10_BOVIN	41.4	876	441	16	46829	44382	32	895	4.20e-184	630
AKIJ01000006.1	sp|Q9JLT0|MYH10_RAT	41.3	876	442	16	46829	44382	32	895	4.20e-184	630
AKIJ01000006.1	sp|Q9USI6|MYO2_SCHPO	42.2	818	437	12	46847	44460	30	833	2.61e-183	616
AKIJ01000006.1	sp|P24733|MYS_ARGIR	41.7	825	433	17	46826	44475	31	848	4.61e-181	620
AKIJ01000006.1	sp|P05659|MYSN_ACACA	40.9	866	457	14	46826	44376	34	893	5.85e-180	606
AKIJ01000006.1	sp|Q8MJU9|MYH7_HORSE	42.8	790	405	12	46730	44481	67	849	4.83e-179	614
AKIJ01000006.1	sp|P05661|MYSA_DROME	41.8	820	435	13	46829	44481	34	848	5.65e-179	614
AKIJ01000006.1	sp|P49824|MYH7_CANLF	42.7	790	406	13	46730	44481	67	849	1.57e-178	612
AKIJ01000006.1	sp|F1PT61|MYH16_CANLF	40.8	843	452	14	46826	44409	37	869	3.48e-178	611
AKIJ01000006.1	sp|Q91Z83|MYH7_MOUSE	42.9	790	404	13	46730	44481	67	849	9.13e-178	610
AKIJ01000006.1	sp|P02564|MYH7_RAT	42.4	792	405	13	46730	44481	67	849	3.96e-177	608
AKIJ01000006.1	sp|P79293|MYH7_PIG	42.4	790	408	12	46730	44481	67	849	5.31e-177	608
AKIJ01000006.1	sp|P12883|MYH7_HUMAN	42.7	790	406	12	46730	44481	67	849	7.13e-177	607
AKIJ01000007.1	sp|Q8SQY7|STT4_ENCCU	32.7	1191	688	31	51131	47775	264	1412	2.82e-161	548
AKIJ01000007.1	sp|Q5NVE6|INT11_PONAB	54.4	447	198	3	59356	60690	4	446	3.74e-160	516
AKIJ01000007.1	sp|Q5TA45|INT11_HUMAN	54.4	447	198	3	59356	60690	4	446	5.09e-160	516
AKIJ01000007.1	sp|Q9CWS4|INT11_MOUSE	53.7	447	201	3	59356	60690	4	446	6.92e-160	515
AKIJ01000007.1	sp|Q3MHC2|INT11_RAT	53.7	447	201	3	59356	60690	4	446	6.92e-160	515
AKIJ01000007.1	sp|Q5ZIH0|INT11_CHICK	54.1	447	199	3	59356	60690	4	446	1.28e-159	514
AKIJ01000007.1	sp|Q2YDM2|INT11_BOVIN	54.4	447	198	3	59356	60690	4	446	2.29e-159	514
AKIJ01000007.1	sp|Q9VAH9|INT11_DROME	54.2	450	200	3	59356	60699	4	449	1.36e-158	511
AKIJ01000007.1	sp|Q503E1|INT11_DANRE	53.9	447	200	3	59356	60690	4	446	1.91e-158	511
AKIJ01000007.1	sp|Q54YL3|INT11_DICDI	51.0	490	217	6	59356	60768	3	488	3.89e-156	510
AKIJ01000007.1	sp|Q12019|MDN1_YEAST	28.2	1624	851	44	25538	29785	624	2138	1.02e-141	509
AKIJ01000007.1	sp|O94248|MDN1_SCHPO	28.9	1558	844	50	25544	29680	447	1919	1.68e-136	492
AKIJ01000007.1	sp|Q8GUU3|CPS3B_ARATH	46.2	468	245	4	59368	60762	7	470	9.87e-133	437
AKIJ01000007.1	sp|A0A1P8AUY4|MDN1_ARATH	27.9	1583	832	48	25532	29662	643	2132	6.13e-130	470
AKIJ01000007.1	sp|Q9NU22|MDN1_HUMAN	27.7	1554	877	43	25511	29680	639	2109	8.22e-130	470
AKIJ01000007.1	sp|Q869L3|MDN1_DICDI	28.1	1400	702	38	25577	29065	669	2002	1.44e-124	452
AKIJ01000007.1	sp|Q8T5T1|MDN1_GIAIN	27.5	1424	736	43	26066	29680	526	1882	2.67e-112	412
AKIJ01000007.1	sp|Q8SRE0|SYC_ENCCU	39.6	520	263	9	44755	43217	5	480	2.42e-109	365
AKIJ01000007.1	sp|Q54KR1|SYCC_DICDI	38.8	539	261	12	44764	43253	33	537	7.41e-98	338
AKIJ01000007.1	sp|Q09860|SYC_SCHPO	35.9	641	276	20	44776	43223	16	644	8.85e-94	329
AKIJ01000007.1	sp|P53852|SYC_YEAST	34.6	627	293	14	44764	43235	33	659	6.85e-91	321
AKIJ01000007.1	sp|Q291L4|SYCC_DROPS	34.1	624	280	17	44758	43244	19	630	1.28e-87	311
AKIJ01000007.1	sp|Q7KN90|SYCC_DROME	33.7	615	289	15	44758	43253	19	627	1.06e-86	308
AKIJ01000007.1	sp|O58370|SYC_PYRHO	36.5	512	264	12	44755	43253	3	464	7.37e-85	294
AKIJ01000007.1	sp|C5A739|SYC_THEGJ	36.5	513	263	12	44755	43253	3	464	2.51e-84	292
AKIJ01000020.1	sp|Q8SR49|SPB4_ENCCU	48.5	66	32	1	138	329	387	452	1.71e-09	63.5
