JOKQ01000001.1	sp|Q8SSJ5|CDC48_ENCCU	91.5	780	66	0	126189	123850	1	780	0.0	1420
JOKQ01000001.1	sp|Q8SSI7|CHS1_ENCCU	78.9	816	171	1	148931	146487	1	816	0.0	1347
JOKQ01000001.1	sp|Q8SSK1|RAD25_ENCCU	84.9	667	97	4	100575	98587	1	667	0.0	1120
JOKQ01000001.1	sp|C4V922|RAD25_NOSCE	75.0	664	160	4	100575	98587	1	659	0.0	991
JOKQ01000001.1	sp|Q6GL04|TERA_XENTR	59.8	769	293	9	126189	123910	1	762	1.41e-286	890
JOKQ01000001.1	sp|P23787|TERA_XENLA	59.7	769	294	9	126189	123910	1	762	1.22e-285	888
JOKQ01000001.1	sp|P55072|TERA_HUMAN	59.7	769	294	9	126189	123910	1	762	1.72e-285	887
JOKQ01000001.1	sp|Q01853|TERA_MOUSE	59.7	769	294	9	126189	123910	1	762	1.72e-285	887
JOKQ01000001.1	sp|P46462|TERA_RAT	59.7	769	294	9	126189	123910	1	762	1.72e-285	887
JOKQ01000001.1	sp|Q7ZU99|TERA_DANRE	59.4	769	296	9	126189	123910	1	762	5.89e-285	886
JOKQ01000001.1	sp|Q3ZBT1|TERA_BOVIN	59.6	769	295	9	126189	123910	1	762	8.02e-285	885
JOKQ01000001.1	sp|P03974|TERA_PIG	59.4	769	296	9	126189	123910	1	762	2.02e-284	884
JOKQ01000001.1	sp|Q7KN62|TERA_DROME	59.1	761	296	7	126168	123910	7	760	2.30e-284	884
JOKQ01000001.1	sp|P54609|CD48A_ARATH	59.4	762	293	7	126171	123910	13	766	3.07e-284	884
JOKQ01000001.1	sp|Q9SCN8|CD48D_ARATH	59.5	760	294	7	126171	123910	14	765	7.03e-284	883
JOKQ01000001.1	sp|Q9LZF6|CD48E_ARATH	59.6	762	292	8	126171	123910	13	766	2.02e-283	882
JOKQ01000001.1	sp|P54774|CDC48_SOYBN	59.6	763	290	9	126171	123910	14	767	1.85e-281	876
JOKQ01000001.1	sp|Q5AWS6|CDC48_EMENI	60.5	769	283	9	126174	123907	29	789	2.08e-280	874
JOKQ01000001.1	sp|P54811|TERA1_CAEEL	58.7	763	298	6	126165	123910	17	773	4.34e-280	872
JOKQ01000001.1	sp|P54812|TERA2_CAEEL	58.8	770	295	7	126174	123910	9	771	1.13e-279	871
JOKQ01000001.1	sp|Q9P3A7|CDC48_SCHPO	58.7	763	301	6	126177	123910	27	782	1.84e-279	870
JOKQ01000001.1	sp|Q6E6J3|RAD25_ANTLO	64.8	665	219	4	100575	98614	16	676	4.85e-277	858
JOKQ01000001.1	sp|Q96372|CDC48_CAPAN	59.1	760	297	7	126171	123910	14	765	2.49e-275	858
JOKQ01000001.1	sp|P25694|CDC48_YEAST	57.0	781	310	8	126174	123889	18	791	7.17e-275	858
JOKQ01000001.1	sp|Q8SWM6|CDC5_ENCCU	82.1	470	84	0	53922	55331	1	470	1.07e-266	818
JOKQ01000002.1	sp|Q8SSE7|ATR_ENCCU	51.4	1869	828	15	132761	138319	1	1805	0.0	1870
JOKQ01000002.1	sp|Q8SSH5|RPN2_ENCCU	73.5	786	207	1	55465	53108	1	785	0.0	1199
JOKQ01000002.1	sp|Q8SSE4|SYEC_ENCCU	66.6	637	213	0	146690	144780	4	640	1.18e-296	912
JOKQ01000002.1	sp|Q8SSE8|HSP82_ENCCU	67.7	662	206	3	127487	129451	15	675	8.17e-284	877
JOKQ01000002.1	sp|Q8SWH2|HSP7A_ENCCU	65.6	672	219	3	94803	96812	22	683	5.26e-274	848
JOKQ01000002.1	sp|Q8SSD7|SYP_ENCCU	75.1	502	124	1	165342	166847	1	501	1.49e-258	796
JOKQ01000002.1	sp|Q8SSH3|TCPD_ENCCU	79.8	485	97	1	48506	49960	1	484	2.97e-252	777
JOKQ01000002.1	sp|O75110|ATP9A_HUMAN	39.8	1090	532	10	219987	216805	51	1045	2.52e-227	729
JOKQ01000002.1	sp|O70228|ATP9A_MOUSE	39.8	1090	532	10	219987	216805	51	1045	2.16e-226	727
JOKQ01000002.1	sp|Q8SSH4|MPS1_ENCCU	64.1	602	190	8	51939	50164	1	586	5.48e-223	697
JOKQ01000002.1	sp|F1Q4S1|ATP9B_DANRE	38.5	1114	535	11	219999	216805	111	1123	1.70e-221	716
JOKQ01000002.1	sp|A1A4J6|ATP9B_BOVIN	38.5	1111	536	10	219999	216805	125	1134	1.75e-221	716
JOKQ01000002.1	sp|P98195|ATP9B_MOUSE	38.1	1120	540	12	219999	216805	123	1144	4.91e-218	706
JOKQ01000002.1	sp|O43861|ATP9B_HUMAN	37.9	1120	543	11	219999	216805	124	1145	9.32e-218	706
JOKQ01000002.1	sp|D4ABB8|ATP9B_RAT	37.9	1120	543	12	219999	216805	124	1145	1.72e-217	705
JOKQ01000002.1	sp|P40527|ATC7_YEAST	39.5	967	471	12	219984	217123	169	1034	6.99e-210	683
JOKQ01000002.1	sp|Q8SQM5|IF4A_ENCCU	84.0	388	62	0	194392	195555	38	425	2.58e-209	651
JOKQ01000002.1	sp|Q10309|YD56_SCHPO	38.0	1090	539	16	220041	216802	70	1032	1.45e-207	672
JOKQ01000002.1	sp|Q8STP2|RUVB1_ENCCU	74.1	425	110	0	214330	213056	1	425	4.47e-206	642
JOKQ01000002.1	sp|A9CSZ1|SYEC_ENTBH	47.4	643	307	10	146678	144783	7	629	7.48e-180	575
JOKQ01000002.1	sp|C4VBI7|SYEC_NOSCE	50.3	585	265	11	146504	144780	45	613	1.28e-174	560
JOKQ01000002.1	sp|Q8SSH1|Y255_ENCCU	53.0	513	235	3	44947	46479	1	509	7.57e-167	533
JOKQ01000002.1	sp|Q6GL41|MCM4_XENTR	44.0	655	325	10	139159	140997	151	805	4.30e-164	539
JOKQ01000002.1	sp|P38708|YHI0_YEAST	49.7	503	246	2	165360	166847	186	688	3.93e-163	530
JOKQ01000002.1	sp|Q5XK83|MCM4A_XENLA	43.8	655	326	10	139159	140997	146	800	4.28e-163	536
JOKQ01000003.1	sp|Q8SSC4|RPB1_ENCCU	80.7	1473	285	0	166397	170815	1	1473	0.0	2422
JOKQ01000003.1	sp|P36594|RPB1_SCHPO	48.3	1493	635	21	166418	170635	14	1456	0.0	1335
JOKQ01000003.1	sp|P35084|RPB1_DICDI	46.9	1524	672	19	166418	170707	13	1493	0.0	1300
JOKQ01000003.1	sp|P18616|NRPB1_ARATH	45.8	1507	688	18	166421	170668	14	1482	0.0	1260
JOKQ01000003.1	sp|Q75A34|RPB1_ASHGO	46.8	1497	659	22	166418	170650	12	1456	0.0	1256
JOKQ01000003.1	sp|P04050|RPB1_YEAST	47.6	1501	640	24	166418	170650	12	1455	0.0	1251
JOKQ01000003.1	sp|P11414|RPB1_CRIGR	45.7	1508	672	23	166418	170632	16	1479	0.0	1246
JOKQ01000003.1	sp|P24928|RPB1_HUMAN	45.7	1508	672	23	166418	170632	16	1479	0.0	1246
JOKQ01000003.1	sp|P08775|RPB1_MOUSE	45.7	1508	672	23	166418	170632	16	1479	0.0	1246
JOKQ01000003.1	sp|P04052|RPB1_DROME	45.4	1511	686	23	166418	170659	12	1480	0.0	1240
JOKQ01000003.1	sp|P16356|RPB1_CAEEL	44.9	1543	698	23	166424	170743	15	1508	0.0	1234
JOKQ01000003.1	sp|P35074|RPB1_CAEBR	45.8	1501	667	22	166433	170632	18	1472	0.0	1233
JOKQ01000003.1	sp|A5DCV3|RPB1_PICGU	42.4	1485	555	21	166418	170623	13	1280	0.0	1098
JOKQ01000003.1	sp|Q8SSB1|HSP7B_ENCCU	69.4	679	201	3	139930	137915	1	679	7.87e-298	917
JOKQ01000003.1	sp|Q8SS99|TBB_ENCCU	97.9	439	9	0	105310	103994	1	439	3.39e-287	875
JOKQ01000003.1	sp|Q24829|TBB_ENCHE	97.7	439	10	0	105310	103994	1	439	1.59e-286	873
JOKQ01000003.1	sp|Q9GSR5|TBB_ENCIN	96.8	439	14	0	105310	103994	1	439	2.24e-284	867
JOKQ01000003.1	sp|Q8SSC9|TCPA_ENCCU	75.9	540	130	0	4076	5695	1	540	2.15e-265	817
JOKQ01000003.1	sp|Q8SSC5|UGPA1_ENCCU	81.5	493	90	1	171372	172850	1	492	4.33e-263	808
JOKQ01000003.1	sp|P17545|RPB1B_TRYBB	36.6	1523	816	29	166421	170680	16	1492	2.63e-260	851
JOKQ01000003.1	sp|P17546|RPB1A_TRYBB	36.6	1523	816	29	166421	170680	16	1492	4.83e-260	850
JOKQ01000003.1	sp|P14248|RPB1_PLAFD	30.4	2073	754	29	166418	170644	15	2063	2.73e-255	856
JOKQ01000003.1	sp|Q8SW31|KIN1_ENCCU	67.2	570	182	3	85054	83348	1	566	4.16e-254	786
JOKQ01000003.1	sp|Q9NFZ6|TBB2_ECHMU	82.1	436	78	0	105310	104003	1	436	5.28e-246	757
JOKQ01000003.1	sp|Q3MHM5|TBB4B_BOVIN	82.3	436	77	0	105310	104003	1	436	8.53e-245	753
JOKQ01000004.1	sp|Q8SS35|Y4A0_ENCCU	58.1	1660	671	6	179660	184609	2	1647	0.0	1683
JOKQ01000004.1	sp|Q8SS27|SYVC_ENCCU	68.7	920	274	6	199525	202269	11	921	0.0	1315
JOKQ01000004.1	sp|P08096|TOP2_SCHPO	53.5	1141	470	8	93727	96969	73	1212	0.0	1192
JOKQ01000004.1	sp|Q8SS65|RPN1_ENCCU	71.6	789	224	0	90175	87809	5	793	0.0	1152
JOKQ01000004.1	sp|P30182|TOP2_ARATH	52.6	1149	467	13	93724	96948	29	1173	0.0	1142
JOKQ01000004.1	sp|O42131|TOP2B_CHICK	52.3	1163	470	17	93712	96960	51	1208	0.0	1115
JOKQ01000004.1	sp|Q02880|TOP2B_HUMAN	51.8	1158	474	16	93727	96960	50	1203	0.0	1102
JOKQ01000004.1	sp|P41515|TOP2A_CRIGR	50.5	1201	506	18	93646	97014	6	1196	0.0	1101
JOKQ01000004.1	sp|Q01879|TOP2_PICGU	50.9	1163	470	14	93736	96927	57	1217	0.0	1101
JOKQ01000004.1	sp|O42130|TOP2A_CHICK	52.3	1143	469	15	93727	96936	30	1169	0.0	1100
JOKQ01000004.1	sp|Q64399|TOP2B_CRILO	51.8	1158	474	16	93727	96960	38	1191	0.0	1100
JOKQ01000004.1	sp|Q64511|TOP2B_MOUSE	51.7	1158	475	16	93727	96960	38	1191	0.0	1099
JOKQ01000004.1	sp|P06786|TOP2_YEAST	50.2	1172	487	13	93727	96963	7	1174	0.0	1099
JOKQ01000004.1	sp|Q01320|TOP2A_MOUSE	51.7	1148	469	16	93727	96927	28	1171	0.0	1097
JOKQ01000004.1	sp|P11388|TOP2A_HUMAN	51.0	1176	487	16	93646	96927	6	1174	0.0	1093
JOKQ01000004.1	sp|O46374|TOP2A_PIG	50.9	1176	489	16	93646	96927	6	1174	0.0	1092
JOKQ01000004.1	sp|P87078|TOP2_CANAX	53.9	1068	438	15	93727	96777	57	1121	0.0	1091
JOKQ01000004.1	sp|P41516|TOP2A_RAT	51.3	1151	475	16	93727	96936	28	1174	0.0	1086
JOKQ01000004.1	sp|O16140|TOP2_BOMMO	50.5	1204	484	19	93709	97008	24	1219	0.0	1079
JOKQ01000004.1	sp|Q9Y8G8|TOP2_PENCH	49.7	1148	505	14	93727	96966	63	1206	0.0	1071
JOKQ01000004.1	sp|O24308|TOP2_PEA	50.4	1164	474	17	93667	96933	1	1136	0.0	1069
JOKQ01000004.1	sp|Q23670|TOP2_CAEEL	54.0	1057	434	17	93712	96738	58	1110	0.0	1062
JOKQ01000004.1	sp|O93794|TOP2_CANGA	51.2	1060	471	11	93724	96777	5	1060	0.0	1051
JOKQ01000004.1	sp|P15348|TOP2_DROME	52.6	1059	452	14	93727	96762	9	1064	0.0	1047
JOKQ01000004.1	sp|Q55BP5|TOP2_DICDI	49.5	1092	477	17	93703	96771	94	1180	0.0	1018
JOKQ01000005.1	sp|Q8SR75|RPB2_ENCCU	87.3	1141	145	0	14626	18048	1	1141	0.0	2035
JOKQ01000005.1	sp|Q02061|RPB2_SCHPO	57.1	1202	454	15	14614	18036	4	1204	0.0	1340
JOKQ01000005.1	sp|Q42877|RPB2_SOLLC	57.5	1160	464	12	14635	18036	19	1175	0.0	1338
JOKQ01000005.1	sp|P38420|NRPB2_ARATH	57.3	1160	466	12	14635	18036	20	1176	0.0	1332
JOKQ01000005.1	sp|Q54J75|RPB2_DICDI	56.9	1159	469	15	14629	18036	15	1166	0.0	1316
JOKQ01000005.1	sp|P08518|RPB2_YEAST	55.8	1223	472	15	14575	18048	2	1220	0.0	1308
JOKQ01000005.1	sp|P30876|RPB2_HUMAN	57.1	1163	461	17	14632	18036	19	1171	0.0	1308
JOKQ01000005.1	sp|Q8CFI7|RPB2_MOUSE	57.1	1163	461	17	14632	18036	19	1171	0.0	1308
JOKQ01000005.1	sp|Q6FLD5|RPB2_CANGA	55.3	1211	472	13	14614	18048	12	1219	0.0	1302
JOKQ01000005.1	sp|Q753Q4|RPB2_ASHGO	55.8	1200	463	15	14641	18048	22	1218	0.0	1299
JOKQ01000005.1	sp|P08266|RPB2_DROME	57.2	1158	467	16	14635	18036	21	1173	0.0	1296
JOKQ01000005.1	sp|A5DHT2|RPB2_PICGU	53.8	1228	485	15	14605	18048	4	1229	0.0	1284
JOKQ01000005.1	sp|Q10578|RPB2_CAEEL	57.0	1161	462	18	14635	18036	27	1177	0.0	1267
JOKQ01000005.1	sp|Q8SR37|RIR1_ENCCU	78.6	768	164	0	110969	113272	1	768	0.0	1258
JOKQ01000005.1	sp|Q8SR54|IMPO_ENCCU	59.6	946	370	5	62279	59457	1	939	0.0	1076
JOKQ01000005.1	sp|Q8SR10|SYQ_ENCCU	66.5	698	231	1	204246	202153	1	695	1.71e-311	957
JOKQ01000005.1	sp|Q8SR34|VATB_ENCCU	89.6	470	49	0	123631	125040	1	470	8.84e-278	850
JOKQ01000005.1	sp|Q8SQZ6|SYG_ENCCU	69.4	579	176	1	243946	245679	1	579	1.88e-277	854
JOKQ01000005.1	sp|Q8SR76|TCPG_ENCCU	81.7	519	94	1	14457	12901	1	518	5.14e-276	847
JOKQ01000005.1	sp|Q03604|RIR1_CAEEL	53.7	771	341	4	111005	113269	17	787	1.19e-268	838
JOKQ01000005.1	sp|P36602|RIR1_SCHPO	53.5	742	336	2	111005	113203	11	752	2.00e-266	833
JOKQ01000005.1	sp|P11513|RPOB_SULAC	41.6	1146	615	13	14647	18036	5	1112	5.08e-263	836
JOKQ01000005.1	sp|P21524|RIR1_YEAST	51.0	766	360	4	110990	113242	5	770	6.49e-260	817
JOKQ01000005.1	sp|Q8SR53|TCPH_ENCCU	76.3	511	121	0	63907	62375	1	511	1.99e-258	796
JOKQ01000005.1	sp|P07742|RIR1_MOUSE	51.0	777	355	6	111020	113272	16	792	3.77e-258	808
JOKQ01000006.1	sp|Q8SRS8|SYLC_ENCCU	67.6	885	275	2	35568	32917	1	874	0.0	1254
JOKQ01000006.1	sp|C4V8L1|SYLC_NOSCE	51.0	900	400	10	35562	32917	7	883	8.60e-291	905
JOKQ01000006.1	sp|Q8SRP9|TCPE_ENCCU	74.3	529	136	0	131370	129784	1	529	1.81e-257	793
JOKQ01000006.1	sp|Q8SRQ8|SYDC_ENCCU	73.1	479	123	1	98737	97301	1	473	5.19e-236	729
JOKQ01000006.1	sp|B7XHP6|SYLC_ENTBH	44.1	907	427	21	35571	32929	1	853	9.15e-216	688
JOKQ01000006.1	sp|P26659|RAD15_SCHPO	46.3	764	364	9	21839	24055	1	743	1.25e-212	675
JOKQ01000006.1	sp|P06839|RAD3_YEAST	45.8	749	358	9	21839	24010	1	726	1.82e-207	660
JOKQ01000006.1	sp|Q8W4M7|ERCC2_ARATH	43.6	777	372	12	21839	24061	1	747	9.68e-200	637
JOKQ01000006.1	sp|P18074|ERCC2_HUMAN	42.8	766	391	10	21839	24058	1	745	6.55e-199	635
JOKQ01000006.1	sp|O08811|ERCC2_MOUSE	42.9	767	389	11	21839	24058	1	745	8.91e-199	635
JOKQ01000006.1	sp|Q60452|ERCC2_CRIGR	42.6	765	394	9	21839	24058	1	745	1.21e-198	634
JOKQ01000006.1	sp|A6QLJ0|ERCC2_BOVIN	42.6	766	393	10	21839	24058	1	745	4.85e-197	630
JOKQ01000006.1	sp|Q55G81|ERCC2_DICDI	42.8	769	382	13	21839	24061	1	739	2.09e-192	617
JOKQ01000006.1	sp|Q8SRR3|SYHC_ENCCU	68.5	426	134	0	77760	76483	1	426	9.34e-186	583
JOKQ01000006.1	sp|Q8SRR2|RIR2_ENCCU	78.5	321	69	0	90719	89757	5	325	3.55e-168	528
JOKQ01000006.1	sp|P48643|TCPE_HUMAN	48.7	532	267	5	131373	129793	3	533	9.83e-160	513
JOKQ01000006.1	sp|Q4R6V2|TCPE_MACFA	48.7	532	267	5	131373	129793	3	533	9.83e-160	513
JOKQ01000006.1	sp|Q5RF02|TCPE_PONAB	48.5	532	268	5	131373	129793	3	533	6.25e-159	511
JOKQ01000006.1	sp|Q9UTM4|TCPE_SCHPO	49.3	531	263	4	131367	129790	7	536	8.72e-158	508
JOKQ01000006.1	sp|P80316|TCPE_MOUSE	47.7	532	272	5	131373	129793	3	533	2.97e-156	503
JOKQ01000006.1	sp|Q68FQ0|TCPE_RAT	48.1	532	270	5	131373	129793	3	533	4.04e-156	503
JOKQ01000006.1	sp|P41389|MCM5_SCHPO	42.9	715	340	15	43056	41038	29	717	4.79e-155	507
JOKQ01000006.1	sp|P47209|TCPE_CAEEL	48.9	528	266	4	131367	129793	6	532	9.10e-155	499
JOKQ01000006.1	sp|P40413|TCPE_YEAST	48.9	534	259	5	131352	129790	23	555	1.31e-154	499
JOKQ01000006.1	sp|Q54TD3|TCPE_DICDI	47.8	529	270	4	131361	129790	3	530	2.43e-149	483
JOKQ01000007.1	sp|Q8SRP3|TF2B_ENCCU	91.0	312	28	0	11129	12064	1	312	1.00e-187	582
JOKQ01000007.1	sp|Q8SV71|DOHH_ENCCU	64.9	285	97	1	57284	58138	1	282	1.13e-114	372
JOKQ01000007.1	sp|Q6Z1J6|OLA1_ORYSJ	48.5	375	171	6	19693	20757	22	394	1.69e-97	327
JOKQ01000007.1	sp|Q9SA73|OLA1_ARATH	48.5	375	171	6	19693	20757	22	394	2.30e-97	327
JOKQ01000007.1	sp|P15170|ERF3A_HUMAN	43.4	426	221	10	49546	50778	71	491	9.98e-97	329
JOKQ01000007.1	sp|B8BBN7|OLA1_ORYSI	48.3	375	172	6	19693	20757	22	394	1.07e-96	325
JOKQ01000007.1	sp|Q8R050|ERF3A_MOUSE	43.7	426	220	10	49546	50778	208	628	4.50e-96	332
JOKQ01000007.1	sp|O74718|ERF3_SCHPO	40.0	443	244	10	49513	50787	223	661	7.63e-95	329
JOKQ01000007.1	sp|Q8IYD1|ERF3B_HUMAN	43.2	426	222	9	49546	50778	200	620	1.60e-93	324
JOKQ01000007.1	sp|Q5R4B3|ERF3B_PONAB	43.0	426	223	9	49546	50778	200	620	2.17e-93	324
JOKQ01000007.1	sp|Q149F3|ERF3B_MOUSE	42.7	426	224	9	49546	50778	204	624	3.29e-93	323
JOKQ01000007.1	sp|Q8SWU7|OLA1_DROME	49.3	369	161	7	19699	20736	21	386	1.22e-92	313
JOKQ01000007.1	sp|Q5ZM25|OLA1_CHICK	47.4	382	166	8	19699	20760	22	396	1.60e-92	313
JOKQ01000007.1	sp|Q9NTK5|OLA1_HUMAN	47.9	382	164	8	19699	20760	22	396	3.49e-91	309
JOKQ01000007.1	sp|Q2HJ33|OLA1_BOVIN	47.6	382	165	8	19699	20760	22	396	6.45e-91	308
JOKQ01000007.1	sp|Q9CZ30|OLA1_MOUSE	47.6	382	165	8	19699	20760	22	396	8.78e-91	308
JOKQ01000007.1	sp|P05453|ERF3_YEAST	40.0	427	235	9	49549	50778	258	680	3.12e-90	317
JOKQ01000007.1	sp|A0JPJ7|OLA1_RAT	47.0	383	166	7	19699	20760	22	396	5.57e-90	305
JOKQ01000007.1	sp|Q5R821|OLA1_PONAB	47.4	382	166	8	19699	20760	22	396	1.40e-89	304
JOKQ01000007.1	sp|Q7ZWM6|OLA1_XENLA	46.2	379	175	7	19699	20760	22	396	1.40e-89	304
JOKQ01000007.1	sp|Q9HGI4|ERF3_ZYGRO	40.0	432	237	11	49549	50790	235	662	1.45e-89	314
JOKQ01000007.1	sp|Q66JG0|OLA1_XENTR	46.0	378	177	8	19699	20760	22	396	1.21e-88	301
JOKQ01000007.1	sp|Q9HGI7|ERF3_CANMA	41.5	426	229	9	49549	50778	287	708	1.26e-88	313
JOKQ01000007.1	sp|Q9HGI8|ERF3_KLULA	40.3	427	234	10	49549	50778	272	694	1.27e-88	312
JOKQ01000007.1	sp|Q7ZU42|OLA1_DANRE	46.0	378	177	5	19699	20760	22	396	4.14e-88	300
JOKQ01000008.1	sp|Q8SRK6|RAD50_ENCCU	53.9	1250	554	8	79569	75847	1	1237	0.0	1202
JOKQ01000008.1	sp|Q6BI69|RPC1_DEBHA	45.3	1432	631	30	4237	8118	13	1429	0.0	1090
JOKQ01000008.1	sp|O94666|RPC1_SCHPO	45.1	1400	653	25	4216	8136	6	1382	0.0	1080
JOKQ01000008.1	sp|Q86AQ5|RPC1_DICDI	41.8	1451	693	23	4198	8136	1	1438	0.0	1057
JOKQ01000008.1	sp|P04051|RPC1_YEAST	44.2	1433	641	25	4234	8109	12	1427	0.0	1056
JOKQ01000008.1	sp|Q5ZL98|RPC1_CHICK	44.0	1385	673	28	4216	8136	8	1368	0.0	1020
JOKQ01000008.1	sp|O14802|RPC1_HUMAN	44.1	1382	677	27	4216	8136	8	1368	0.0	1020
JOKQ01000008.1	sp|A4IF62|RPC1_BOVIN	43.8	1376	690	23	4216	8136	8	1368	7.24e-319	1009
JOKQ01000008.1	sp|Q8SRH2|SYTC_ENCCU	72.8	639	173	1	184198	182285	1	639	2.71e-314	962
JOKQ01000008.1	sp|F4JXF9|NRPC1_ARATH	42.0	1370	677	29	4234	8106	22	1353	6.39e-294	935
JOKQ01000008.1	sp|Q8SRI2|GFA1_ENCCU	63.1	699	222	3	150114	148126	1	699	1.21e-284	880
JOKQ01000008.1	sp|Q8SRI6|TBA_ENCCU	94.1	441	26	0	139530	140852	1	441	2.88e-282	861
JOKQ01000008.1	sp|P08968|RPC1_TRYBB	36.0	1493	720	36	4237	8118	27	1483	1.85e-245	800
JOKQ01000008.1	sp|P92120|TBA_ENCHE	95.0	380	19	0	139596	140735	1	380	4.06e-243	746
JOKQ01000008.1	sp|Q8SRH0|PRS4_ENCCU	92.5	415	31	0	192739	193983	10	424	3.48e-241	742
JOKQ01000008.1	sp|Q8SRG9|SYFA_ENCCU	74.4	472	120	1	194946	196358	4	475	2.36e-240	742
JOKQ01000008.1	sp|B7XIA1|SYTC_ENTBH	55.4	605	261	4	184111	182321	28	631	7.28e-220	691
JOKQ01000008.1	sp|P91910|TBA3_CAEEL	69.8	450	127	3	139530	140852	1	450	5.51e-215	668
JOKQ01000008.1	sp|P50719|TBA_HAECO	69.8	450	127	3	139530	140852	1	450	1.39e-214	667
JOKQ01000008.1	sp|Q8T6A5|TBA1_APLCA	70.2	447	126	3	139530	140849	1	447	1.97e-214	667
JOKQ01000008.1	sp|Q3ZCJ7|TBA1C_BOVIN	68.9	444	134	2	139530	140849	1	444	3.39e-214	666
JOKQ01000008.1	sp|P68365|TBA1C_CRIGR	69.1	444	133	2	139530	140849	1	444	4.62e-214	665
JOKQ01000008.1	sp|P68373|TBA1C_MOUSE	69.1	444	133	2	139530	140849	1	444	4.62e-214	665
JOKQ01000008.1	sp|Q25008|TBA1_HOMAM	69.4	451	128	3	139530	140852	1	451	4.97e-214	665
JOKQ01000008.1	sp|Q6AYZ1|TBA1C_RAT	69.1	444	133	2	139530	140849	1	444	6.29e-214	665
JOKQ01000009.1	sp|Q8SRD8|SYR_ENCCU	72.8	563	153	0	51522	49834	1	563	9.35e-266	819
JOKQ01000009.1	sp|Q8SRA2|NTT1_ENCCU	75.8	558	134	1	138153	139826	1	557	4.60e-262	808
JOKQ01000009.1	sp|Q6NVL5|ELP3_XENTR	67.0	543	160	2	111687	110062	22	546	4.59e-247	765
JOKQ01000009.1	sp|Q5RIC0|ELP3_DANRE	67.2	543	159	2	111687	110062	21	545	6.03e-247	764
JOKQ01000009.1	sp|Q9VQZ6|ELP3_DROME	66.5	552	166	2	111699	110047	18	551	2.40e-246	763
JOKQ01000009.1	sp|Q5HZM6|ELP3_XENLA	66.9	543	161	2	111687	110062	22	546	2.93e-246	763
JOKQ01000009.1	sp|Q8SRB2|DBP2_ENCCU	76.9	497	110	4	108437	109921	1	494	1.03e-244	756
JOKQ01000009.1	sp|Q5ZHS1|ELP3_CHICK	65.6	553	171	2	111717	110062	9	543	1.07e-244	758
JOKQ01000009.1	sp|Q9H9T3|ELP3_HUMAN	67.0	543	160	2	111687	110062	20	544	1.11e-244	758
JOKQ01000009.1	sp|Q2KJ61|ELP3_BOVIN	66.9	543	161	2	111687	110062	20	544	3.81e-244	756
JOKQ01000009.1	sp|O14023|ELP3_SCHPO	65.9	548	167	2	111696	110062	12	542	1.02e-242	752
JOKQ01000009.1	sp|Q9CZX0|ELP3_MOUSE	66.5	543	163	2	111687	110062	20	544	2.12e-242	751
JOKQ01000009.1	sp|Q1ZXC6|ELP3_DICDI	66.2	548	166	2	111702	110062	27	556	1.54e-241	749
JOKQ01000009.1	sp|Q23651|ELP3_CAEEL	65.1	547	172	2	111687	110050	16	544	5.81e-236	733
JOKQ01000009.1	sp|Q02908|ELP3_YEAST	64.2	551	176	4	111702	110062	22	555	5.35e-235	731
JOKQ01000009.1	sp|Q60LW7|ELP3_CAEBR	64.6	548	175	2	111687	110047	16	545	7.13e-235	730
JOKQ01000009.1	sp|Q7X7L3|ELP3_ORYSJ	64.8	551	168	4	111711	110062	45	570	1.83e-232	724
JOKQ01000009.1	sp|Q93ZR1|ELP3_ARATH	65.2	549	168	5	111699	110062	34	562	2.20e-231	721
JOKQ01000009.1	sp|Q8SRD2|TBG_ENCCU	78.0	431	95	0	65535	66827	1	431	2.32e-224	694
JOKQ01000009.1	sp|Q8SQI9|PRS6B_ENCCU	88.1	386	46	0	206148	207305	2	387	6.61e-213	659
JOKQ01000009.1	sp|Q8SRE0|SYC_ENCCU	65.4	480	166	0	45566	44127	1	480	4.45e-212	661
JOKQ01000009.1	sp|Q8SR89|G6PD_ENCCU	63.3	436	155	2	186110	184806	1	432	6.91e-183	575
JOKQ01000009.1	sp|Q8SR99|TRM1_ENCCU	62.6	423	155	2	150634	151896	11	432	7.00e-177	558
JOKQ01000009.1	sp|Q3T030|PRS6B_BOVIN	68.4	380	120	0	206163	207302	38	417	2.10e-172	545
JOKQ01000009.1	sp|P43686|PRS6B_HUMAN	68.4	380	120	0	206163	207302	38	417	2.10e-172	545
JOKQ01000010.1	sp|Q8SQI3|RL3_ENCCU	73.5	385	99	2	46877	45726	1	383	1.92e-181	567
JOKQ01000010.1	sp|Q8SQN2|DHYS_ENCCU	71.4	325	93	0	37878	38852	1	325	3.97e-159	501
JOKQ01000010.1	sp|Q8SQP0|KPYK_ENCCU	50.7	428	208	2	9931	8657	1	428	1.41e-130	423
JOKQ01000010.1	sp|Q8STS8|CDC11_ENCCU	71.8	266	75	0	28263	27466	1	266	1.87e-124	399
JOKQ01000010.1	sp|P35684|RL3_ORYSJ	52.3	390	172	5	46877	45747	1	389	3.76e-116	380
JOKQ01000010.1	sp|P22738|RL32_ARATH	52.2	387	169	5	46877	45759	1	385	2.92e-114	375
JOKQ01000010.1	sp|P50880|RL3_CAEEL	50.3	398	180	6	46877	45732	1	396	3.11e-114	375
JOKQ01000010.1	sp|P39872|RL3_BOVIN	49.4	399	181	5	46877	45738	1	397	3.33e-114	375
JOKQ01000010.1	sp|P27659|RL3_MOUSE	49.9	399	179	5	46877	45738	1	397	3.33e-114	375
JOKQ01000010.1	sp|Q9NBK4|RL3_CAEBR	49.7	398	182	6	46877	45732	1	396	1.46e-113	373
JOKQ01000010.1	sp|P21531|RL3_RAT	49.6	399	180	5	46877	45738	1	397	1.56e-113	373
JOKQ01000010.1	sp|P39023|RL3_HUMAN	50.1	399	178	6	46877	45738	1	397	2.12e-113	373
JOKQ01000010.1	sp|O16797|RL3_DROME	50.6	401	177	5	46877	45732	1	399	3.28e-113	373
JOKQ01000010.1	sp|P49149|RL3_TOXCA	49.0	398	185	6	46877	45732	1	396	4.48e-112	369
JOKQ01000010.1	sp|Q8SQN7|PSB2_ENCCU	76.7	227	53	0	16518	15838	1	227	6.56e-112	361
JOKQ01000010.1	sp|P17094|RL31_ARATH	52.6	386	167	6	46877	45762	1	384	7.28e-112	368
JOKQ01000010.1	sp|P34113|RL3_DICDI	50.4	395	176	7	46877	45747	1	393	1.34e-111	367
JOKQ01000010.1	sp|P56520|HDAC3_CHICK	49.6	363	157	4	11423	12436	5	366	9.21e-111	366
JOKQ01000010.1	sp|Q4R5Q0|RL3_MACFA	49.6	399	180	6	46877	45738	1	397	1.38e-110	365
JOKQ01000010.1	sp|Q6FTJ2|RL3_CANGA	50.4	389	181	6	46877	45741	1	387	3.75e-110	363
JOKQ01000010.1	sp|O15379|HDAC3_HUMAN	49.3	363	158	4	11423	12436	5	366	7.96e-110	363
JOKQ01000010.1	sp|Q5RB76|HDAC3_PONAB	49.3	363	158	4	11423	12436	5	366	7.96e-110	363
JOKQ01000010.1	sp|O88895|HDAC3_MOUSE	49.3	363	158	4	11423	12436	5	366	9.49e-110	363
JOKQ01000010.1	sp|Q6P6W3|HDAC3_RAT	49.3	363	158	4	11423	12436	5	366	1.08e-109	363
JOKQ01000010.1	sp|P14126|RL3_YEAST	50.3	390	180	6	46877	45741	1	387	1.76e-109	361
JOKQ01000011.1	sp|Q8SQK8|SYNC_ENCCU	74.3	451	116	0	2134	3486	1	451	6.60e-229	707
JOKQ01000011.1	sp|Q8SQK0|PRS8_ENCCU	91.5	389	33	0	38847	37681	4	392	2.31e-224	691
JOKQ01000011.1	sp|Q8SQK7|NUF2_ENCCU	71.0	441	126	1	1975	653	1	439	1.28e-196	613
JOKQ01000011.1	sp|P62194|PRS8_BOVIN	71.8	390	110	0	38850	37681	17	406	8.37e-176	552
JOKQ01000011.1	sp|P62195|PRS8_HUMAN	71.8	390	110	0	38850	37681	17	406	8.37e-176	552
JOKQ01000011.1	sp|P62196|PRS8_MOUSE	71.8	390	110	0	38850	37681	17	406	8.37e-176	552
JOKQ01000011.1	sp|P62197|PRS8_PIG	71.8	390	110	0	38850	37681	17	406	8.37e-176	552
JOKQ01000011.1	sp|P62198|PRS8_RAT	71.8	390	110	0	38850	37681	17	406	8.37e-176	552
JOKQ01000011.1	sp|O18413|PRS8_DROME	71.0	390	113	0	38850	37681	16	405	2.78e-175	551
JOKQ01000011.1	sp|Q25544|PRS8_NAEFO	71.6	387	109	1	38838	37681	28	414	5.25e-175	550
JOKQ01000011.1	sp|P54814|PRS8_MANSE	69.8	398	120	0	38874	37681	5	402	1.59e-174	548
JOKQ01000011.1	sp|Q94BQ2|PRS8B_ARATH	72.6	391	106	1	38850	37681	29	419	6.48e-173	545
JOKQ01000011.1	sp|P34124|PRS8_DICDI	71.1	387	111	1	38838	37681	17	403	1.70e-172	543
JOKQ01000011.1	sp|P41836|PRS8_SCHPO	71.8	386	108	1	38835	37681	18	403	3.16e-172	542
JOKQ01000011.1	sp|P46470|PRS8_XENLA	71.5	390	110	1	38850	37681	12	400	5.43e-172	544
JOKQ01000011.1	sp|Q9C5U3|PRS8A_ARATH	71.9	391	109	1	38850	37681	29	419	5.63e-172	542
JOKQ01000011.1	sp|A7TJI3|INO80_VANPO	40.3	955	397	18	46490	48841	579	1531	4.30e-171	580
JOKQ01000011.1	sp|C4V847|SYNC_NOSCE	59.5	440	177	1	2170	3486	8	447	2.48e-170	538
JOKQ01000011.1	sp|Q59KI4|INO80_CANAL	41.1	934	375	24	46538	48835	461	1387	4.24e-170	573
JOKQ01000011.1	sp|Q6BGY8|INO80_DEBHA	39.8	963	396	19	46475	48829	336	1292	1.51e-169	570
JOKQ01000011.1	sp|Q8SQK9|DHH1_ENCCU	68.4	383	120	1	10398	9250	96	477	1.91e-169	538
JOKQ01000011.1	sp|Q01939|PRS8_YEAST	68.9	386	120	0	38838	37681	20	405	1.08e-166	526
JOKQ01000011.1	sp|P53115|INO80_YEAST	40.2	876	337	17	46772	48841	579	1453	1.43e-164	559
JOKQ01000011.1	sp|O14148|INO80_SCHPO	38.7	976	421	18	46406	48829	613	1579	7.95e-164	560
JOKQ01000011.1	sp|A5E0W5|INO80_LODEL	41.7	859	323	15	46772	48829	608	1461	1.48e-163	558
JOKQ01000012.1	sp|Q8SQY7|STT4_ENCCU	58.8	1443	557	9	39002	34695	1	1412	0.0	1638
JOKQ01000012.1	sp|Q8SQV6|SYIC_ENCCU	72.3	1035	268	3	111742	114846	1	1016	0.0	1565
JOKQ01000012.1	sp|Q8SQT7|EF2_ENCCU	81.7	852	154	1	165008	167563	1	850	0.0	1420
JOKQ01000012.1	sp|Q10233|RPC2_SCHPO	52.4	1157	471	18	26888	23535	45	1160	0.0	1131
JOKQ01000012.1	sp|P22276|RPC2_YEAST	52.7	1146	467	14	26876	23535	42	1144	0.0	1124
JOKQ01000012.1	sp|C4V8Q1|SYIC_NOSCE	52.1	1031	460	9	111745	114786	3	1016	0.0	1108
JOKQ01000012.1	sp|Q9NW08|RPC2_HUMAN	52.3	1149	468	17	26876	23538	24	1128	0.0	1105
JOKQ01000012.1	sp|P59470|RPC2_MOUSE	52.2	1149	469	17	26876	23538	24	1128	0.0	1103
JOKQ01000012.1	sp|Q8SQX2|SEC23_ENCCU	74.3	711	179	1	79820	77688	1	707	0.0	1093
JOKQ01000012.1	sp|Q8SQU9|VATA_ENCCU	87.6	607	75	0	136047	134227	1	607	0.0	1083
JOKQ01000012.1	sp|P25167|RPC2_DROME	49.7	1148	498	17	26873	23535	33	1135	0.0	1048
JOKQ01000012.1	sp|B7XK16|SYIC_ENTBH	52.0	956	405	12	111742	114516	1	933	0.0	1016
JOKQ01000012.1	sp|F4KD38|NRPC2_ARATH	45.8	1167	536	17	26870	23538	32	1158	6.05e-314	984
JOKQ01000012.1	sp|Q54IZ9|RPC2_DICDI	36.2	1633	490	18	26930	23538	23	1605	1.28e-284	917
JOKQ01000012.1	sp|P41252|SYIC_HUMAN	45.6	1039	489	17	111736	114711	2	1011	1.85e-279	889
JOKQ01000012.1	sp|Q8BU30|SYIC_MOUSE	45.2	1034	491	16	111751	114711	7	1011	2.49e-277	883
JOKQ01000012.1	sp|Q21926|SYIC_CAEEL	44.6	1061	516	21	111730	114792	2	1030	1.76e-276	875
JOKQ01000012.1	sp|Q54YD4|SYIC_DICDI	44.7	1028	495	20	111760	114711	9	1007	1.15e-273	864
JOKQ01000012.1	sp|O13651|SYIC_SCHPO	44.6	1022	492	20	111775	114705	9	1001	8.96e-269	850
JOKQ01000012.1	sp|Q95YL7|HSP70_ENCHE	72.3	589	160	3	51244	53001	1	589	1.69e-265	820
JOKQ01000012.1	sp|F4JLM5|SYIC_ARATH	42.9	1082	507	21	111751	114765	8	1055	1.78e-264	843
JOKQ01000012.1	sp|Q8SQW5|SYMC_ENCCU	69.2	542	165	1	90487	92112	1	540	3.52e-264	814
JOKQ01000012.1	sp|O96772|HSP70_ENCCU	74.5	546	139	0	51244	52881	1	546	4.23e-263	813
JOKQ01000012.1	sp|P09436|SYIC_YEAST	43.6	1047	503	22	111763	114744	10	1021	3.99e-262	831
JOKQ01000012.1	sp|Q27707|SYI_ANTLO	56.5	671	248	5	111985	113994	1	628	2.56e-261	810
JOKQ01000013.1	sp|P07607|TYSY_MOUSE	54.9	173	77	1	4924	4406	136	307	1.72e-55	199
JOKQ01000013.1	sp|O76511|TYSY_DROME	50.5	202	95	4	4999	4406	121	321	3.52e-55	199
JOKQ01000013.1	sp|P04818|TYSY_HUMAN	54.9	173	77	1	4924	4406	142	313	9.54e-55	197
JOKQ01000013.1	sp|P45352|TYSY_RAT	56.1	164	71	1	4897	4406	145	307	1.09e-54	197
JOKQ01000013.1	sp|Q89940|TYSY_EHV2	57.3	164	69	1	4897	4406	127	289	1.39e-53	193
JOKQ01000013.1	sp|O62584|TYS1_ENCCU	57.0	165	70	1	4897	4406	130	294	1.02e-52	191
JOKQ01000013.1	sp|Q8SRG2|TYS3_ENCCU	57.0	165	70	1	4897	4406	130	294	1.39e-52	190
JOKQ01000013.1	sp|P06785|TYSY_YEAST	47.8	209	97	5	4999	4406	97	304	2.17e-51	187
JOKQ01000013.1	sp|Q9A6H0|TYSY_CAUVC	54.5	156	69	1	4873	4406	126	279	6.64e-51	185
JOKQ01000013.1	sp|A8FEB9|TYSY_BACP2	53.2	156	72	1	4873	4406	110	264	1.07e-50	184
JOKQ01000013.1	sp|Q27828|DRTS_PARTE	52.6	173	80	1	4924	4406	292	462	5.05e-50	188
JOKQ01000013.1	sp|P12462|TYSY_HSVAT	52.0	173	82	1	4924	4406	119	290	6.80e-49	179
JOKQ01000013.1	sp|Q07422|DRTS_TOXGO	55.1	167	73	2	4900	4406	444	610	9.16e-49	188
JOKQ01000013.1	sp|P90463|TYSY_HHV8P	52.4	164	77	1	4897	4406	175	337	1.00e-48	181
JOKQ01000013.1	sp|P20712|DRTS_PLACH	52.6	173	81	1	4924	4406	412	583	1.90e-48	187
JOKQ01000013.1	sp|P09249|TYSY_VZVD	48.8	172	87	1	4924	4409	130	300	2.34e-48	178
JOKQ01000013.1	sp|Q4JQW2|TYSY_VZVO	48.8	172	87	1	4924	4409	130	300	2.34e-48	178
JOKQ01000013.1	sp|Q9K7B5|TYSY_BACHD	52.6	156	73	1	4873	4406	110	264	6.91e-48	176
JOKQ01000013.1	sp|O02604|DRTS_PLAVI	52.6	173	81	1	4924	4406	452	623	1.21e-47	185
JOKQ01000013.1	sp|Q211X8|TYSY_RHOPB	50.0	156	77	1	4873	4406	110	264	2.37e-47	174
JOKQ01000013.1	sp|P06854|TYSY_SHV21	55.0	151	67	1	4858	4406	145	294	4.14e-47	174
JOKQ01000013.1	sp|Q9P4T7|TYSY_AGABI	49.2	179	85	1	4924	4406	118	296	4.38e-47	174
JOKQ01000013.1	sp|A5EPD3|TYSY_BRASB	51.3	156	75	1	4873	4406	110	264	8.12e-47	172
JOKQ01000013.1	sp|Q2QRX6|DRTS_ORYSJ	49.7	173	86	1	4924	4406	323	494	1.03e-46	179
JOKQ01000013.1	sp|P0CS13|TYSY_CRYNB	50.5	184	80	2	4924	4406	134	317	1.07e-46	174
JOKQ01000014.1	sp|Q8SQI6|AMP11_ENCCU	38.4	588	226	9	9641	7914	34	497	2.10e-112	385
JOKQ01000014.1	sp|Q8SRG3|AMP12_ENCCU	38.3	588	227	9	9641	7914	34	497	3.84e-112	384
JOKQ01000014.1	sp|Q8VZH2|APM1_ARATH	28.2	737	360	18	9638	7467	15	595	3.47e-68	254
JOKQ01000014.1	sp|P32454|APE2_YEAST	26.4	754	364	19	9662	7449	99	677	1.03e-62	239
JOKQ01000014.1	sp|Q9USX1|APE1_SCHPO	27.8	763	354	24	9662	7449	17	607	1.84e-62	237
JOKQ01000014.1	sp|Q6Z6L4|APM1A_ORYSJ	29.9	595	268	18	9635	7905	23	486	1.00e-61	234
JOKQ01000014.1	sp|Q0J5V5|APM1B_ORYSJ	28.0	585	284	13	9635	7908	20	476	7.36e-61	232
JOKQ01000014.1	sp|Q6K4E7|APM1D_ORYSJ	25.3	735	372	18	9635	7467	20	589	4.27e-57	220
JOKQ01000014.1	sp|P37898|AAP1_YEAST	28.1	595	295	16	9662	7905	3	473	6.21e-57	219
JOKQ01000014.1	sp|Q0J2B5|APM1C_ORYSJ	27.8	580	288	14	9635	7914	26	480	1.08e-56	219
JOKQ01000014.1	sp|P55786|PSA_HUMAN	25.7	756	369	22	9659	7464	52	638	7.02e-56	217
JOKQ01000014.1	sp|Q11011|PSA_MOUSE	25.8	759	364	23	9659	7464	53	639	5.26e-55	214
JOKQ01000014.1	sp|Q59KZ1|APE2_CANAL	25.5	757	368	22	9665	7449	69	647	9.67e-55	214
JOKQ01000014.1	sp|P97629|LCAP_RAT	25.8	739	366	23	9653	7491	168	742	1.06e-51	205
JOKQ01000014.1	sp|Q32LQ0|AMPE_BOVIN	24.9	740	359	20	9635	7494	101	669	1.16e-51	204
JOKQ01000014.1	sp|Q4TT88|PSA_CAEEL	24.4	745	364	22	9635	7479	86	657	3.39e-51	203
JOKQ01000014.1	sp|Q97AJ6|TRF3_THEVO	29.1	453	203	10	9239	7914	91	436	1.13e-50	199
JOKQ01000014.1	sp|Q96ZT9|APE1_SULTO	28.0	446	218	10	9215	7893	100	447	1.64e-50	199
JOKQ01000014.1	sp|Q07075|AMPE_HUMAN	25.7	740	358	27	9641	7494	97	668	1.42e-49	198
JOKQ01000014.1	sp|A6QPT7|ERAP2_BOVIN	24.8	753	386	21	9641	7479	67	671	1.84e-49	197
JOKQ01000014.1	sp|O93655|TRF3_THEAC	29.2	442	201	9	9215	7914	98	435	3.68e-49	194
JOKQ01000014.1	sp|Q978U3|TRF2_THEVO	29.6	439	203	11	9215	7914	104	441	6.79e-49	194
JOKQ01000014.1	sp|Q8C129|LCAP_MOUSE	24.7	737	377	21	9653	7491	168	742	1.14e-48	196
JOKQ01000014.1	sp|O93654|TRF2_THEAC	30.0	440	200	11	9215	7914	104	441	9.11e-48	190
JOKQ01000014.1	sp|Q10737|AMPN_HAECO	25.7	602	315	15	9656	7914	70	560	4.26e-47	190
