JAPEHQ010000001.1	sp|Q68FD5|CLH1_MOUSE	61.5	1451	490	6	3515532	3519881	227	1610	0.0	1772
JAPEHQ010000001.1	sp|P49951|CLH1_BOVIN	61.5	1451	491	6	3515532	3519881	227	1610	0.0	1771
JAPEHQ010000001.1	sp|Q00610|CLH1_HUMAN	61.5	1451	491	6	3515532	3519881	227	1610	0.0	1771
JAPEHQ010000001.1	sp|P11442|CLH1_RAT	61.5	1451	491	6	3515532	3519881	227	1610	0.0	1769
JAPEHQ010000001.1	sp|Q54YZ9|DHKJ_DICDI	57.9	1708	641	15	978798	973753	172	1827	0.0	1723
JAPEHQ010000001.1	sp|P29742|CLH_DROME	59.2	1451	525	5	3515532	3519881	227	1611	0.0	1708
JAPEHQ010000001.1	sp|P53675|CLH2_HUMAN	59.1	1451	526	6	3515532	3519881	227	1610	0.0	1694
JAPEHQ010000001.1	sp|Q02061|RPB2_SCHPO	65.9	1260	343	12	2832105	2828386	13	1205	0.0	1638
JAPEHQ010000001.1	sp|P34574|CLH_CAEEL	57.2	1454	552	8	3515532	3519881	225	1612	0.0	1637
JAPEHQ010000001.1	sp|O93937|PYR1_EMENI	58.6	1405	530	13	6323731	6319613	888	2273	0.0	1566
JAPEHQ010000001.1	sp|A5DHT2|RPB2_PICGU	63.2	1277	364	14	2832099	2828380	21	1228	0.0	1566
JAPEHQ010000001.1	sp|Q10161|CLH_SCHPO	54.2	1450	594	7	3515532	3519881	226	1605	0.0	1559
JAPEHQ010000001.1	sp|P25870|CLH_DICDI	53.6	1452	605	7	3515532	3519881	227	1611	0.0	1554
JAPEHQ010000001.1	sp|Q09794|PYR1_SCHPO	58.0	1396	534	12	6323740	6319607	879	2239	0.0	1548
JAPEHQ010000001.1	sp|P07259|PYR1_YEAST	58.1	1405	542	18	6323764	6319607	835	2212	0.0	1531
JAPEHQ010000001.1	sp|Q753Q4|RPB2_ASHGO	61.9	1265	386	15	2832099	2828380	24	1217	0.0	1514
JAPEHQ010000001.1	sp|Q2RBN7|CLH1_ORYSJ	53.0	1454	618	4	3515520	3519881	237	1624	0.0	1514
JAPEHQ010000001.1	sp|Q2QYW2|CLH2_ORYSJ	52.8	1454	620	4	3515520	3519881	237	1624	0.0	1511
JAPEHQ010000001.1	sp|Q54J75|RPB2_DICDI	60.8	1251	381	14	2832105	2828380	19	1169	0.0	1509
JAPEHQ010000001.1	sp|Q6FLD5|RPB2_CANGA	61.3	1263	396	13	2832099	2828380	26	1218	0.0	1508
JAPEHQ010000001.1	sp|Q42877|RPB2_SOLLC	61.4	1253	376	13	2832111	2828389	19	1175	0.0	1505
JAPEHQ010000001.1	sp|P08518|RPB2_YEAST	61.0	1263	398	13	2832099	2828380	28	1219	0.0	1502
JAPEHQ010000001.1	sp|P38420|NRPB2_ARATH	61.1	1253	380	13	2832111	2828389	20	1176	0.0	1499
JAPEHQ010000001.1	sp|Q0WNJ6|CLAH1_ARATH	51.8	1454	635	4	3515520	3519881	237	1624	0.0	1492
JAPEHQ010000001.1	sp|Q0WLB5|CLAH2_ARATH	51.7	1454	637	4	3515520	3519881	237	1624	0.0	1491
JAPEHQ010000002.1	sp|Q14204|DYHC1_HUMAN	57.5	4399	1697	38	722202	709156	370	4645	0.0	4975
JAPEHQ010000002.1	sp|Q9JHU4|DYHC1_MOUSE	57.4	4400	1700	35	722202	709156	368	4643	0.0	4973
JAPEHQ010000002.1	sp|P38650|DYHC1_RAT	57.2	4400	1707	35	722202	709156	368	4643	0.0	4959
JAPEHQ010000002.1	sp|P37276|DYHC_DROME	56.2	4391	1757	42	722202	709156	370	4635	0.0	4808
JAPEHQ010000002.1	sp|P45443|DYHC_NEUCR	58.5	4093	1553	32	722205	709981	402	4367	0.0	4672
JAPEHQ010000002.1	sp|P45444|DYHC_EMENI	57.3	4081	1594	31	722205	710011	393	4339	0.0	4607
JAPEHQ010000002.1	sp|P78716|DYHC_FUSVN	56.7	4082	1617	30	722205	709996	405	4348	0.0	4554
JAPEHQ010000002.1	sp|P34036|DYHC_DICDI	52.6	4417	1902	44	722196	709165	424	4723	0.0	4499
JAPEHQ010000002.1	sp|Q19020|DYHC_CAEEL	48.9	4387	2018	48	722202	709156	366	4565	0.0	4047
JAPEHQ010000002.1	sp|Q27171|DYHC_PARTE	42.8	4389	2265	49	722208	709159	359	4538	0.0	3459
JAPEHQ010000002.1	sp|Q8IBG1|DYHC1_PLAF7	37.8	4701	2373	62	722202	709366	414	4982	0.0	3013
JAPEHQ010000002.1	sp|Q9C1M7|DYHC_ASHGO	35.2	3597	2071	44	722205	711484	332	3692	0.0	2182
JAPEHQ010000002.1	sp|P36022|DYHC_YEAST	34.2	2872	1731	33	720159	711622	919	3658	0.0	1707
JAPEHQ010000002.1	sp|Q09794|PYR1_SCHPO	59.5	1382	515	14	771017	775090	879	2239	0.0	1568
JAPEHQ010000002.1	sp|O93937|PYR1_EMENI	58.9	1393	525	12	771026	775084	888	2273	0.0	1559
JAPEHQ010000002.1	sp|P07259|PYR1_YEAST	58.6	1395	530	17	770993	775090	837	2212	0.0	1521
JAPEHQ010000002.1	sp|O93927|FKS1_CRYNH	50.6	1597	663	23	3631824	3636443	147	1674	0.0	1508
JAPEHQ010000002.1	sp|Q9JJ79|DYHC2_RAT	29.6	3578	2133	77	719565	709156	1008	4304	0.0	1441
JAPEHQ010000002.1	sp|Q45VK7|DYHC2_MOUSE	29.4	3570	2145	75	719565	709156	1008	4304	0.0	1426
JAPEHQ010000002.1	sp|Q9SMH5|DYHC2_CHLRE	29.6	3541	2115	77	719571	709195	1067	4319	0.0	1417
JAPEHQ010000002.1	sp|Q8NCM8|DYHC2_HUMAN	29.4	3563	2158	77	719565	709156	1008	4305	0.0	1408
JAPEHQ010000002.1	sp|P0C6F1|DYH2_MOUSE	27.7	3773	2389	81	720225	709153	939	4454	0.0	1405
JAPEHQ010000002.1	sp|A2QLK4|FKS1_ASPNC	47.3	1621	708	24	3631818	3636443	189	1741	0.0	1402
JAPEHQ010000002.1	sp|Q9P225|DYH2_HUMAN	27.6	3769	2405	79	720225	709153	904	4425	0.0	1390
JAPEHQ010000002.1	sp|P40989|FKS2_YEAST	46.6	1617	730	25	3631818	3636443	175	1732	0.0	1373
JAPEHQ010000003.1	sp|Q4P9K9|CHS8_USTMA	46.0	1706	802	29	3323274	3328214	107	1752	0.0	1414
JAPEHQ010000003.1	sp|J9VNT4|CHS5_CRYNH	43.9	1729	849	26	3323262	3328304	117	1772	0.0	1339
JAPEHQ010000003.1	sp|P0CN33|EFGM_CRYNB	67.8	721	222	5	1001800	999659	94	811	7.12e-315	975
JAPEHQ010000003.1	sp|P0CN32|EFGM_CRYNJ	67.8	721	222	5	1001800	999659	94	811	7.12e-315	975
JAPEHQ010000003.1	sp|A8P1W0|EFGM_COPC7	65.4	740	213	5	1001803	999653	99	818	6.25e-308	956
JAPEHQ010000003.1	sp|Q4P257|EFGM_USTMA	63.6	770	205	4	1001800	999659	91	841	1.11e-305	950
JAPEHQ010000003.1	sp|B0DSK4|EFGM_LACBS	64.7	728	225	4	1001803	999659	29	737	8.95e-305	943
JAPEHQ010000003.1	sp|A8PXR7|EFGM_MALGO	63.7	766	208	6	1001803	999659	31	777	1.08e-304	944
JAPEHQ010000003.1	sp|B3LT39|EFGM_YEAS1	64.1	719	232	4	1001803	999659	65	761	6.65e-297	921
JAPEHQ010000003.1	sp|B5VN01|EFGM_YEAS6	64.1	719	232	4	1001803	999659	65	761	6.65e-297	921
JAPEHQ010000003.1	sp|A7A0X4|EFGM_YEAS7	64.1	719	232	4	1001803	999659	65	761	6.65e-297	921
JAPEHQ010000003.1	sp|Q6CRY5|EFGM_KLULA	64.1	716	230	3	1001794	999659	63	755	9.90e-297	920
JAPEHQ010000003.1	sp|P25039|EFGM_YEAST	64.1	718	232	4	1001800	999659	66	761	3.11e-296	919
JAPEHQ010000003.1	sp|B6K286|EFGM_SCHJY	63.8	724	230	6	1001803	999671	57	761	3.42e-294	914
JAPEHQ010000003.1	sp|A7TFN8|EFGM_VANPO	63.6	711	233	3	1001791	999671	85	773	1.02e-293	913
JAPEHQ010000003.1	sp|Q6FUQ6|EFGM_CANGA	64.0	712	230	4	1001794	999671	65	754	1.32e-291	906
JAPEHQ010000003.1	sp|Q9USZ1|EFGM_SCHPO	62.2	733	236	5	1001803	999671	54	767	1.87e-288	897
JAPEHQ010000003.1	sp|Q5AL45|EFGM_CANAL	62.9	719	234	5	1001791	999659	67	760	1.04e-284	886
JAPEHQ010000003.1	sp|B9W9T4|EFGM_CANDC	63.3	719	231	6	1001791	999659	67	760	3.56e-284	885
JAPEHQ010000003.1	sp|Q75CZ5|EFGM_ASHGO	62.8	710	236	4	1001788	999674	68	754	7.78e-284	884
JAPEHQ010000003.1	sp|O13395|CHS6_USTMA	52.1	883	386	11	3325620	3328220	37	898	1.52e-283	901
JAPEHQ010000003.1	sp|A1CXG4|EFGM_NEOFI	62.1	729	238	7	1001800	999653	98	801	5.33e-283	883
JAPEHQ010000003.1	sp|B2WBM8|EFGM_PYRTR	62.1	726	241	5	1001803	999659	97	799	3.27e-282	881
JAPEHQ010000003.1	sp|B0Y604|EFGM_ASPFC	61.9	729	240	7	1001800	999653	98	801	4.61e-282	880
JAPEHQ010000003.1	sp|Q4WP57|EFGM_ASPFU	61.9	729	240	7	1001800	999653	98	801	4.61e-282	880
JAPEHQ010000004.1	sp|P78820|ACAC_SCHPO	55.0	2156	881	20	3014099	3007785	161	2278	0.0	2306
JAPEHQ010000004.1	sp|Q00955|ACAC_YEAST	54.8	2126	893	23	3014099	3007791	151	2232	0.0	2180
JAPEHQ010000004.1	sp|P38811|TRA1_YEAST	36.8	3167	1672	41	2728516	2719253	257	3177	0.0	1886
JAPEHQ010000004.1	sp|P11029|ACAC_CHICK	46.7	2160	1042	32	3014099	3007788	210	2316	0.0	1825
JAPEHQ010000004.1	sp|Q5SWU9|ACACA_MOUSE	46.1	2184	1043	34	3014099	3007788	209	2338	0.0	1808
JAPEHQ010000004.1	sp|P11497|ACACA_RAT	46.1	2184	1044	34	3014099	3007788	209	2338	0.0	1807
JAPEHQ010000004.1	sp|Q28559|ACACA_SHEEP	46.2	2186	1038	35	3014099	3007788	210	2339	0.0	1806
JAPEHQ010000004.1	sp|Q9TTS3|ACACA_BOVIN	46.2	2183	1042	34	3014099	3007788	210	2339	0.0	1805
JAPEHQ010000004.1	sp|Q13085|ACACA_HUMAN	46.1	2186	1040	35	3014099	3007788	210	2339	0.0	1805
JAPEHQ010000004.1	sp|E9Q4Z2|ACACB_MOUSE	46.5	2155	1047	31	3014099	3007788	342	2440	0.0	1795
JAPEHQ010000004.1	sp|O00763|ACACB_HUMAN	46.2	2155	1052	30	3014099	3007788	352	2450	0.0	1789
JAPEHQ010000004.1	sp|P32874|HFA1_YEAST	45.8	2084	1035	29	3014099	3007917	227	2239	0.0	1715
JAPEHQ010000004.1	sp|A6ZMR9|HFA1_YEAS7	45.8	2084	1035	29	3014099	3007917	227	2239	0.0	1714
JAPEHQ010000004.1	sp|C8ZF72|HFA1_YEAS8	45.7	2084	1037	29	3014099	3007917	227	2239	0.0	1714
JAPEHQ010000004.1	sp|Q9HFE8|TRA1_SCHPO	33.1	3379	1785	42	2728516	2718494	275	3216	0.0	1710
JAPEHQ010000004.1	sp|C7GRE4|HFA1_YEAS2	45.6	2084	1039	29	3014099	3007917	227	2239	0.0	1709
JAPEHQ010000004.1	sp|B3LM95|HFA1_YEAS1	45.5	2084	1041	29	3014099	3007917	227	2239	0.0	1704
JAPEHQ010000004.1	sp|Q10064|YAMB_SCHPO	32.8	3388	1770	48	2728510	2718485	243	3171	0.0	1669
JAPEHQ010000004.1	sp|Q54J08|ACAC_DICDI	42.0	2216	1124	37	3014099	3007791	109	2276	0.0	1549
JAPEHQ010000004.1	sp|Q9Z2Q4|METH_RAT	58.9	1292	443	8	2468823	2472674	40	1251	0.0	1485
JAPEHQ010000004.1	sp|A6H5Y3|METH_MOUSE	58.7	1294	443	10	2468823	2472674	40	1251	0.0	1472
JAPEHQ010000004.1	sp|Q4JIJ3|METH_BOVIN	58.0	1292	453	9	2468823	2472674	53	1263	0.0	1456
JAPEHQ010000004.1	sp|Q99707|METH_HUMAN	57.7	1292	457	10	2468823	2472674	53	1263	0.0	1439
JAPEHQ010000004.1	sp|Q38970|ACC1_ARATH	39.7	2188	1162	43	3014099	3007800	129	2246	0.0	1397
JAPEHQ010000004.1	sp|Q9Y4A5|TRRAP_HUMAN	30.6	3286	1798	70	2728471	2719265	253	3271	0.0	1391
JAPEHQ010000005.1	sp|Q9Y7K2|TOR2_SCHPO	59.8	1459	565	5	1091954	1087608	787	2233	0.0	1758
JAPEHQ010000005.1	sp|Q86C65|TOR_DICDI	58.2	1501	549	15	1092011	1087605	787	2240	0.0	1652
JAPEHQ010000005.1	sp|P32600|TOR2_YEAST	53.4	1500	647	8	1092002	1087614	886	2370	0.0	1564
JAPEHQ010000005.1	sp|P35169|TOR1_YEAST	53.3	1502	640	10	1091993	1087614	884	2366	0.0	1543
JAPEHQ010000005.1	sp|O14356|TOR1_SCHPO	52.2	1480	672	10	1091993	1087605	770	2231	0.0	1507
JAPEHQ010000005.1	sp|Q9JLN9|MTOR_MOUSE	51.7	1553	645	15	1091996	1087572	918	2443	0.0	1493
JAPEHQ010000005.1	sp|P42346|MTOR_RAT	51.7	1553	645	15	1091996	1087572	918	2443	0.0	1493
JAPEHQ010000005.1	sp|P42345|MTOR_HUMAN	51.7	1553	645	15	1091996	1087572	918	2443	0.0	1491
JAPEHQ010000005.1	sp|Q9VK45|TOR_DROME	50.9	1476	665	13	1091942	1087602	909	2354	0.0	1393
JAPEHQ010000005.1	sp|Q0DJS1|TOR_ORYSJ	49.2	1509	676	18	1091921	1087602	842	2328	0.0	1324
JAPEHQ010000005.1	sp|Q9FR53|TOR_ARATH	49.5	1503	674	20	1091921	1087602	862	2342	0.0	1321
JAPEHQ010000005.1	sp|P30595|CHS2_RHIOL	79.1	779	123	2	2308021	2310357	120	858	0.0	1228
JAPEHQ010000005.1	sp|Q8T683|ABCG9_DICDI	45.2	1441	731	16	554154	549916	39	1448	0.0	1203
JAPEHQ010000005.1	sp|Q55GB1|ABCGF_DICDI	45.4	1413	705	19	554046	549916	94	1475	0.0	1190
JAPEHQ010000005.1	sp|P36602|RIR1_SCHPO	73.0	775	184	2	1757318	1755066	37	810	0.0	1176
JAPEHQ010000005.1	sp|Q556W2|ABCGH_DICDI	43.8	1452	741	13	554127	549916	52	1476	0.0	1170
JAPEHQ010000005.1	sp|Q9UW15|RIR1_NEUCR	74.0	719	186	1	1757306	1755153	41	759	0.0	1124
JAPEHQ010000005.1	sp|P87073|CHS1_PHYB8	71.9	786	173	5	2308012	2310357	100	841	0.0	1106
JAPEHQ010000005.1	sp|P48591|RIR1_DROME	69.9	758	215	2	1757303	1755069	53	810	0.0	1103
JAPEHQ010000005.1	sp|P21524|RIR1_YEAST	71.4	723	201	2	1757318	1755165	37	758	0.0	1103
JAPEHQ010000005.1	sp|P21672|RIR3_YEAST	70.1	723	210	2	1757318	1755165	37	758	0.0	1089
JAPEHQ010000005.1	sp|Q9SJ20|RIR1_ARATH	67.3	776	222	4	1757306	1755069	41	814	0.0	1071
JAPEHQ010000005.1	sp|Q03604|RIR1_CAEEL	68.7	747	228	1	1757303	1755063	48	788	0.0	1070
JAPEHQ010000005.1	sp|Q54Q71|RIR1_DICDI	66.3	735	238	3	1757336	1755162	49	783	0.0	1009
JAPEHQ010000005.1	sp|P50648|RIR1_PLAF4	62.8	766	264	5	1757300	1755063	42	806	0.0	994
JAPEHQ010000006.1	sp|Q10233|RPC2_SCHPO	70.6	959	274	4	307045	309903	100	1056	0.0	1383
JAPEHQ010000006.1	sp|P22276|RPC2_YEAST	65.4	956	319	6	307045	309903	94	1040	0.0	1262
JAPEHQ010000006.1	sp|B0XPE7|MOT1_ASPFC	38.4	2080	975	40	984720	990731	40	1889	0.0	1255
JAPEHQ010000006.1	sp|Q4WJI7|MOT1_ASPFU	38.4	2080	975	40	984720	990731	40	1889	0.0	1254
JAPEHQ010000006.1	sp|Q9NW08|RPC2_HUMAN	63.8	957	335	7	307045	309903	76	1025	0.0	1206
JAPEHQ010000006.1	sp|P59470|RPC2_MOUSE	63.8	957	335	7	307045	309903	76	1025	0.0	1206
JAPEHQ010000006.1	sp|O43065|MOT1_SCHPO	40.3	1811	826	40	985506	990731	324	1948	0.0	1184
JAPEHQ010000006.1	sp|O14981|BTAF1_HUMAN	36.8	2102	930	44	984720	990731	47	1848	0.0	1169
JAPEHQ010000006.1	sp|P25167|RPC2_DROME	58.5	955	387	7	307045	309903	84	1031	0.0	1115
JAPEHQ010000006.1	sp|P32333|MOT1_YEAST	39.7	1759	828	36	985611	990731	289	1866	0.0	1097
JAPEHQ010000006.1	sp|F4KD38|NRPC2_ARATH	56.2	977	393	13	307045	309900	82	1048	0.0	1040
JAPEHQ010000006.1	sp|O13395|CHS6_USTMA	55.7	853	366	7	1190699	1193242	51	896	2.22e-303	958
JAPEHQ010000006.1	sp|Q54IZ9|RPC2_DICDI	40.1	1420	377	7	307045	309903	89	1502	9.81e-303	973
JAPEHQ010000006.1	sp|J9VF17|CHS4_CRYNH	52.1	875	406	7	1190660	1193263	133	1001	8.91e-283	902
JAPEHQ010000006.1	sp|B5BT18|BTAF1_ARATH	33.5	1926	901	49	985593	990734	287	2044	4.91e-277	913
JAPEHQ010000006.1	sp|Q9HGM3|YTA12_SCHPO	66.0	611	198	4	1317203	1319020	132	737	8.57e-246	775
JAPEHQ010000006.1	sp|Q4P9K9|CHS8_USTMA	48.3	862	411	10	1190723	1193260	916	1758	2.02e-241	806
JAPEHQ010000006.1	sp|J9VNT4|CHS5_CRYNH	47.7	872	433	8	1190723	1193299	898	1759	9.19e-239	796
JAPEHQ010000006.1	sp|O93918|PYC_ASPTE	62.6	594	219	3	2033363	2031585	601	1192	7.67e-234	757
JAPEHQ010000006.1	sp|Q0CLK1|PYC_ASPTN	62.8	594	218	3	2033363	2031585	601	1192	1.04e-233	757
JAPEHQ010000006.1	sp|Q9UUE1|PYC_SCHPO	62.7	566	207	4	2033363	2031672	592	1155	3.81e-220	717
JAPEHQ010000006.1	sp|P11154|PYC1_YEAST	58.4	589	240	5	2033360	2031600	580	1165	4.59e-215	702
JAPEHQ010000006.1	sp|A8NR45|ACEA_COPC7	60.4	583	175	5	1689985	1688249	4	534	7.23e-215	675
JAPEHQ010000006.1	sp|Q8X1T3|PYC_PICAN	60.1	567	222	4	2033363	2031669	583	1147	4.84e-214	699
JAPEHQ010000006.1	sp|P40341|YTA12_YEAST	60.7	603	224	6	1317269	1319050	201	799	1.54e-212	681
JAPEHQ010000007.1	sp|Q10490|SYLC_SCHPO	52.7	1000	427	15	1133800	1130912	120	1110	0.0	1008
JAPEHQ010000007.1	sp|P26637|SYLC_YEAST	52.1	989	435	15	1133800	1130918	112	1089	4.75e-312	979
JAPEHQ010000007.1	sp|P10857|SYLC_NEUCR	51.5	1004	433	21	1133800	1130918	130	1122	1.11e-301	951
JAPEHQ010000007.1	sp|O94641|HS104_SCHPO	55.1	895	388	10	2429700	2427052	1	893	5.82e-290	907
JAPEHQ010000007.1	sp|Q10105|GCN1_SCHPO	35.8	1758	1044	27	70712	65514	311	2009	5.84e-289	966
JAPEHQ010000007.1	sp|P31540|HSP98_NEUCR	53.0	913	401	14	2429697	2427034	3	912	4.08e-274	863
JAPEHQ010000007.1	sp|Q8BMJ2|SYLC_MOUSE	47.8	981	478	15	1133800	1130915	101	1066	2.33e-272	868
JAPEHQ010000007.1	sp|Q5R614|SYLC_PONAB	47.6	981	480	15	1133800	1130915	99	1064	1.37e-271	866
JAPEHQ010000007.1	sp|Q9P2J5|SYLC_HUMAN	47.5	981	481	16	1133800	1130915	99	1064	1.18e-270	863
JAPEHQ010000007.1	sp|Q09996|SYLC_CAEEL	48.4	988	465	22	1133800	1130924	96	1067	3.42e-265	848
JAPEHQ010000007.1	sp|F4I116|SYLC_ARATH	47.6	966	457	16	1133800	1131002	99	1048	8.70e-265	843
JAPEHQ010000007.1	sp|Q92616|GCN1_HUMAN	34.8	1788	1033	40	70673	65517	303	2027	5.47e-263	888
JAPEHQ010000007.1	sp|Q9A9T4|CLPB_CAUVC	52.6	858	385	9	2429685	2427127	6	846	1.45e-262	827
JAPEHQ010000007.1	sp|Q74FF1|CLPB_GEOSL	51.7	861	400	7	2429682	2427115	8	857	1.78e-262	827
JAPEHQ010000007.1	sp|P42730|CLPB1_ARATH	52.6	869	386	11	2429700	2427121	1	852	8.74e-260	821
JAPEHQ010000007.1	sp|Q6F2Y7|CLPB1_ORYSJ	52.7	875	385	12	2429700	2427106	1	856	1.67e-259	820
JAPEHQ010000007.1	sp|E9PVA8|GCN1_MOUSE	34.7	1797	1023	40	70673	65517	303	2027	3.77e-259	877
JAPEHQ010000007.1	sp|Q7CU92|CLPB_AGRFC	51.8	857	393	8	2429685	2427133	6	848	3.93e-259	817
JAPEHQ010000007.1	sp|Q7V8B1|CLPB_PROMM	51.3	861	400	9	2429685	2427124	8	856	7.35e-257	810
JAPEHQ010000007.1	sp|Q7U637|CLPB1_SYNPX	50.8	858	404	8	2429685	2427130	8	853	9.02e-257	810
JAPEHQ010000007.1	sp|Q7NFE9|CLPB_GLOVI	51.9	864	391	11	2429685	2427124	9	857	3.21e-256	809
JAPEHQ010000007.1	sp|Q8YJ91|CLPB_BRUME	50.8	857	400	8	2429685	2427133	6	846	3.43e-256	809
JAPEHQ010000007.1	sp|O60155|PRS1_SCHPO	54.4	752	286	7	725007	727253	19	716	3.46e-256	802
JAPEHQ010000007.1	sp|Q92MK7|CLPB_RHIME	51.8	857	393	8	2429685	2427133	6	848	3.80e-256	808
JAPEHQ010000007.1	sp|Q7CEG6|CLPB_BRUSU	50.8	857	400	8	2429685	2427133	6	846	4.67e-256	808
JAPEHQ010000008.1	sp|P38811|TRA1_YEAST	37.8	3080	1673	54	437302	428300	257	3172	0.0	1886
JAPEHQ010000008.1	sp|Q9HFE8|TRA1_SCHPO	35.7	3050	1674	41	437302	428324	275	3095	0.0	1742
JAPEHQ010000008.1	sp|Q10064|YAMB_SCHPO	34.4	3012	1703	34	437218	428300	269	3040	0.0	1674
JAPEHQ010000008.1	sp|A0A0R4ITC5|TRRAP_DANRE	30.9	3185	1812	70	437305	428300	257	3234	0.0	1351
JAPEHQ010000008.1	sp|Q9Y4A5|TRRAP_HUMAN	30.7	3183	1834	71	437242	428300	258	3270	0.0	1346
JAPEHQ010000008.1	sp|Q8I8U7|TRA1_DROME	28.9	3123	1841	71	437209	428300	268	3168	0.0	1208
JAPEHQ010000008.1	sp|Q55DQ2|ABCGB_DICDI	47.0	1347	690	11	984873	988865	104	1442	0.0	1200
JAPEHQ010000008.1	sp|Q55DR1|ABCGE_DICDI	46.8	1347	692	11	984873	988865	101	1439	0.0	1196
JAPEHQ010000008.1	sp|Q8T683|ABCG9_DICDI	46.2	1349	693	14	984873	988865	115	1448	0.0	1148
JAPEHQ010000008.1	sp|Q8T673|ABCGL_DICDI	45.4	1347	709	14	984873	988865	114	1449	0.0	1139
JAPEHQ010000008.1	sp|Q55GB1|ABCGF_DICDI	44.4	1350	725	12	984873	988865	133	1475	0.0	1129
JAPEHQ010000008.1	sp|Q54CG0|ABCGA_DICDI	45.3	1359	701	15	984873	988865	122	1466	0.0	1127
JAPEHQ010000008.1	sp|Q8T675|ABCGJ_DICDI	44.9	1349	712	15	984873	988865	114	1449	0.0	1127
JAPEHQ010000008.1	sp|Q556W2|ABCGH_DICDI	44.7	1357	715	13	984873	988865	129	1476	0.0	1105
JAPEHQ010000008.1	sp|Q4WLN1|ACON_ASPFU	73.7	719	186	3	874233	872083	57	774	0.0	1097
JAPEHQ010000008.1	sp|C8VG90|ACON_EMENI	73.5	718	188	2	874233	872083	55	771	0.0	1094
JAPEHQ010000008.1	sp|O13966|ACON_SCHPO	73.6	719	187	3	874233	872083	59	776	0.0	1083
JAPEHQ010000008.1	sp|P19414|ACON_YEAST	71.8	719	201	2	874233	872083	48	766	0.0	1081
JAPEHQ010000008.1	sp|D4AT77|ACON_ARTBC	72.1	718	198	2	874233	872083	48	764	0.0	1081
JAPEHQ010000008.1	sp|P82611|ACON_CANAL	70.3	717	211	2	874227	872083	51	767	0.0	1067
JAPEHQ010000008.1	sp|P49609|ACON_GRAGA	69.4	726	218	3	874251	872083	43	767	0.0	1057
JAPEHQ010000008.1	sp|Q54XS2|ACON_DICDI	72.9	711	190	3	874209	872083	48	757	0.0	1054
JAPEHQ010000008.1	sp|P20004|ACON_BOVIN	70.7	716	209	1	874227	872083	54	769	0.0	1048
JAPEHQ010000008.1	sp|P34455|ACON_CAEEL	71.2	716	202	3	874227	872083	51	763	0.0	1048
JAPEHQ010000008.1	sp|Q99KI0|ACON_MOUSE	71.1	716	206	1	874227	872083	54	769	0.0	1048
JAPEHQ010000009.1	sp|Q14562|DHX8_HUMAN	66.5	684	174	4	920019	917995	581	1218	1.97e-275	879
JAPEHQ010000009.1	sp|A2A4P0|DHX8_MOUSE	66.5	684	174	4	920019	917995	605	1242	4.21e-275	879
JAPEHQ010000009.1	sp|Q54F05|DHX8_DICDI	66.6	674	188	2	920019	917998	524	1160	3.88e-274	872
JAPEHQ010000009.1	sp|A1Z9L3|DHX8_DROME	64.4	708	149	4	920019	917995	602	1239	1.55e-271	868
JAPEHQ010000009.1	sp|Q38953|DEAH5_ARATH	64.2	679	196	2	920019	917998	531	1167	1.96e-266	850
JAPEHQ010000009.1	sp|Q09530|MOG5_CAEEL	63.7	675	208	1	920019	917995	556	1193	5.34e-262	839
JAPEHQ010000009.1	sp|O42643|PRP22_SCHPO	61.8	684	214	3	920019	917986	526	1168	4.75e-256	820
JAPEHQ010000009.1	sp|Q9P7C7|PRP11_SCHPO	57.2	733	243	6	1386537	1388708	344	1014	5.25e-253	805
JAPEHQ010000009.1	sp|Q9HGM3|YTA12_SCHPO	66.4	616	197	5	516565	514730	128	737	2.44e-247	779
JAPEHQ010000009.1	sp|Q2HJ86|TBA1D_BOVIN	82.8	448	56	2	1753938	1752601	24	452	3.69e-243	752
JAPEHQ010000009.1	sp|P68362|TBA1A_CRIGR	83.0	448	54	3	1753938	1752601	24	451	8.99e-243	751
JAPEHQ010000009.1	sp|Q71U36|TBA1A_HUMAN	83.0	448	54	3	1753938	1752601	24	451	8.99e-243	751
JAPEHQ010000009.1	sp|P68369|TBA1A_MOUSE	83.0	448	54	3	1753938	1752601	24	451	8.99e-243	751
JAPEHQ010000009.1	sp|A5A6J1|TBA1A_PANTR	83.0	448	54	3	1753938	1752601	24	451	8.99e-243	751
JAPEHQ010000009.1	sp|P68370|TBA1A_RAT	83.0	448	54	3	1753938	1752601	24	451	8.99e-243	751
JAPEHQ010000009.1	sp|P68365|TBA1C_CRIGR	83.3	444	52	3	1753938	1752616	24	448	1.14e-242	751
JAPEHQ010000009.1	sp|P68373|TBA1C_MOUSE	83.3	444	52	3	1753938	1752616	24	448	1.14e-242	751
JAPEHQ010000009.1	sp|Q6AYZ1|TBA1C_RAT	83.3	444	52	3	1753938	1752616	24	448	1.14e-242	751
JAPEHQ010000009.1	sp|P18258|TBA1_PARLI	83.6	445	51	3	1753938	1752610	24	448	1.27e-242	751
JAPEHQ010000009.1	sp|P06603|TBA1_DROME	84.3	440	47	3	1753938	1752625	24	443	1.61e-242	750
JAPEHQ010000009.1	sp|Q1DHB2|PRP5_COCIM	57.3	731	267	7	1386567	1388708	495	1197	1.71e-242	782
JAPEHQ010000009.1	sp|P81947|TBA1B_BOVIN	82.8	448	55	3	1753938	1752601	24	451	2.27e-242	750
JAPEHQ010000009.1	sp|P68361|TBA1B_CRIGR	82.8	448	55	3	1753938	1752601	24	451	2.27e-242	750
JAPEHQ010000009.1	sp|P68363|TBA1B_HUMAN	82.8	448	55	3	1753938	1752601	24	451	2.27e-242	750
JAPEHQ010000009.1	sp|Q4R538|TBA1B_MACFA	82.8	448	55	3	1753938	1752601	24	451	2.27e-242	750
JAPEHQ010000010.1	sp|O75643|U520_HUMAN	57.7	2191	860	15	1661561	1655010	1	2131	0.0	2507
JAPEHQ010000010.1	sp|Q6P4T2|U520_MOUSE	57.6	2191	862	15	1661561	1655010	1	2131	0.0	2506
JAPEHQ010000010.1	sp|F1LNJ2|U520_RAT	57.6	2194	861	16	1661561	1655010	1	2134	0.0	2501
JAPEHQ010000010.1	sp|Q9VUV9|U520_DROME	56.0	2200	887	15	1661561	1655010	1	2135	0.0	2434
JAPEHQ010000010.1	sp|Q869L3|MDN1_DICDI	32.8	5847	2987	148	444705	429460	223	5898	0.0	2346
JAPEHQ010000010.1	sp|Q9SYP1|DEXHC_ARATH	55.6	2196	914	24	1661558	1655025	8	2160	0.0	2297
JAPEHQ010000010.1	sp|O48534|DEXHD_ARATH	53.4	2204	963	26	1661558	1655004	9	2168	0.0	2222
JAPEHQ010000010.1	sp|Q9UT24|BRR2_SCHPO	52.4	2195	966	21	1661537	1655019	28	2166	0.0	2186
JAPEHQ010000010.1	sp|Q12019|MDN1_YEAST	33.3	5214	2781	117	444705	429472	255	4905	0.0	2154
JAPEHQ010000010.1	sp|Q9U2G0|U520_CAEEL	51.7	2209	988	23	1661561	1654977	1	2145	0.0	2139
JAPEHQ010000010.1	sp|Q9NU22|MDN1_HUMAN	31.7	5609	3076	136	444768	429460	237	5592	0.0	2115
JAPEHQ010000010.1	sp|O94248|MDN1_SCHPO	32.9	5161	2772	133	444594	429463	132	4715	0.0	2059
JAPEHQ010000010.1	sp|Q55CI8|HELCL_DICDI	49.4	2243	1037	26	1661561	1655037	1	2213	0.0	2005
JAPEHQ010000010.1	sp|O93927|FKS1_CRYNH	50.1	1772	749	18	605370	600130	130	1790	0.0	1709
JAPEHQ010000010.1	sp|A2QLK4|FKS1_ASPNC	48.7	1831	786	17	605517	600163	124	1846	0.0	1657
JAPEHQ010000010.1	sp|O74475|BGS4_SCHPO	46.7	1880	817	21	605532	600136	129	1904	0.0	1611
JAPEHQ010000010.1	sp|O13967|BGS2_SCHPO	48.1	1782	790	15	605367	600142	176	1862	0.0	1610
JAPEHQ010000010.1	sp|A0A1P8AUY4|MDN1_ARATH	28.7	5415	3152	144	444618	429460	326	5397	0.0	1579
JAPEHQ010000010.1	sp|P40989|FKS2_YEAST	46.8	1827	826	17	605460	600118	133	1859	0.0	1578
JAPEHQ010000010.1	sp|P38631|FKS1_YEAST	46.5	1835	825	18	605460	600118	108	1840	0.0	1568
JAPEHQ010000010.1	sp|P32639|BRR2_YEAST	40.6	2220	1194	40	1661531	1655025	17	2162	0.0	1566
JAPEHQ010000010.1	sp|Q9FNQ1|DEXHE_ARATH	45.8	1724	908	15	1660184	1655046	440	2147	0.0	1530
JAPEHQ010000010.1	sp|F1NTD6|ASCC3_CHICK	44.9	1770	914	16	1660169	1655025	425	2188	0.0	1515
JAPEHQ010000010.1	sp|E1BNG3|ASCC3_BOVIN	44.3	1771	923	17	1660169	1655025	416	2179	0.0	1491
JAPEHQ010000010.1	sp|E9PZJ8|ASCC3_MOUSE	44.1	1771	927	17	1660169	1655025	417	2180	0.0	1473
JAPEHQ010000011.1	sp|P40976|LYS2_SCHPO	50.8	1064	487	14	1813795	1810661	364	1410	0.0	1035
JAPEHQ010000011.1	sp|O74298|LYS2_PENCH	47.4	1070	515	16	1813795	1810694	333	1390	2.57e-300	958
JAPEHQ010000011.1	sp|P07806|SYV_YEAST	59.5	738	289	4	515880	518090	300	1028	2.10e-293	926
JAPEHQ010000011.1	sp|O75005|SYV_SCHPO	60.4	742	283	5	515874	518096	247	978	1.48e-290	912
JAPEHQ010000011.1	sp|P87141|MIP1_SCHPO	48.9	1033	421	13	1130892	1127863	58	1006	1.37e-288	920
JAPEHQ010000011.1	sp|P07702|LYS2_YEAST	46.4	1078	530	17	1813795	1810661	321	1383	1.01e-286	918
JAPEHQ010000011.1	sp|O14134|ELF1_SCHPO	49.8	987	479	9	1726843	1723913	15	995	5.19e-285	899
JAPEHQ010000011.1	sp|Q12572|LYS2_CANAX	47.8	1075	515	18	1813795	1810673	315	1377	3.20e-282	905
JAPEHQ010000011.1	sp|Q6FMI5|LYS2_CANGA	46.4	1067	520	13	1813795	1810694	306	1353	8.78e-282	903
JAPEHQ010000011.1	sp|Q75BB3|LYS2_ASHGO	45.3	1058	541	13	1813798	1810697	319	1362	5.68e-281	901
JAPEHQ010000011.1	sp|Q08972|NEW1_YEAST	44.4	1082	535	19	1726864	1723757	134	1194	1.50e-248	800
JAPEHQ010000011.1	sp|Q86KU2|SYVC_DICDI	53.1	749	331	9	515874	518090	259	997	3.47e-245	785
JAPEHQ010000011.1	sp|P28350|SYV_NEUCR	52.8	743	337	9	515874	518093	287	1018	9.20e-245	785
JAPEHQ010000011.1	sp|O42893|TREA_SCHPO	55.3	684	273	6	1175559	1173526	73	729	6.81e-243	764
JAPEHQ010000011.1	sp|O42783|TREB_NEUCR	56.6	675	261	4	1175547	1173550	79	730	1.76e-240	758
JAPEHQ010000011.1	sp|O42777|TREB_EMENI	55.3	664	262	5	1175541	1173580	87	725	2.69e-237	749
JAPEHQ010000011.1	sp|O42622|TREB_MAGO7	55.5	678	271	4	1175559	1173550	68	722	3.48e-236	745
JAPEHQ010000011.1	sp|Q9Z1Q9|SYVC_MOUSE	55.4	684	288	8	515874	517901	451	1125	1.86e-235	764
JAPEHQ010000011.1	sp|Q04462|SYVC_RAT	55.1	684	290	8	515874	517901	452	1126	6.51e-235	763
JAPEHQ010000011.1	sp|P26640|SYVC_HUMAN	55.1	684	290	8	515874	517901	452	1126	1.63e-234	761
JAPEHQ010000011.1	sp|Q8N122|RPTOR_HUMAN	58.6	645	246	10	1130616	1128700	62	691	6.75e-232	756
JAPEHQ010000011.1	sp|P49696|SYVC_TAKRU	51.9	745	345	9	515874	518084	401	1140	8.34e-232	752
JAPEHQ010000011.1	sp|Q9U1Q4|SYV_CAEEL	54.2	692	287	12	515880	517910	237	913	7.65e-231	743
JAPEHQ010000011.1	sp|P32356|TREA_YEAST	54.4	664	277	5	1175535	1173553	98	738	1.80e-230	729
JAPEHQ010000011.1	sp|Q8K4Q0|RPTOR_MOUSE	55.8	701	279	13	1130616	1128553	62	744	2.61e-230	752
JAPEHQ010000012.1	sp|P78820|ACAC_SCHPO	55.1	2134	891	21	711352	717597	161	2279	0.0	2278
JAPEHQ010000012.1	sp|Q00955|ACAC_YEAST	54.1	2098	918	22	711352	717573	151	2227	0.0	2152
JAPEHQ010000012.1	sp|P11029|ACAC_CHICK	47.6	2059	984	31	711352	717363	210	2229	0.0	1785
JAPEHQ010000012.1	sp|E9Q4Z2|ACACB_MOUSE	47.3	2082	996	32	711352	717426	342	2378	0.0	1769
JAPEHQ010000012.1	sp|Q9TTS3|ACACA_BOVIN	47.0	2079	991	30	711352	717363	210	2252	0.0	1768
JAPEHQ010000012.1	sp|O00763|ACACB_HUMAN	47.0	2077	1009	30	711352	717426	352	2388	0.0	1768
JAPEHQ010000012.1	sp|Q5SWU9|ACACA_MOUSE	47.0	2080	989	32	711352	717363	209	2251	0.0	1767
JAPEHQ010000012.1	sp|Q28559|ACACA_SHEEP	46.9	2079	992	30	711352	717363	210	2252	0.0	1766
JAPEHQ010000012.1	sp|P11497|ACACA_RAT	46.9	2083	988	34	711352	717363	209	2251	0.0	1765
JAPEHQ010000012.1	sp|Q13085|ACACA_HUMAN	46.9	2080	992	32	711352	717363	210	2252	0.0	1764
JAPEHQ010000012.1	sp|P32874|HFA1_YEAST	45.9	2064	1047	26	711352	717474	227	2243	0.0	1718
JAPEHQ010000012.1	sp|A6ZMR9|HFA1_YEAS7	45.9	2064	1047	26	711352	717474	227	2243	0.0	1717
JAPEHQ010000012.1	sp|C8ZF72|HFA1_YEAS8	45.8	2064	1049	26	711352	717474	227	2243	0.0	1717
JAPEHQ010000012.1	sp|C7GRE4|HFA1_YEAS2	45.8	2064	1048	26	711352	717474	227	2243	0.0	1716
JAPEHQ010000012.1	sp|B3LM95|HFA1_YEAS1	45.6	2064	1052	26	711352	717474	227	2243	0.0	1709
JAPEHQ010000012.1	sp|Q54J08|ACAC_DICDI	42.7	2210	1093	38	711352	717588	109	2276	0.0	1579
JAPEHQ010000012.1	sp|B9FK36|ACC2_ORYSJ	39.9	2170	1147	41	711352	717600	227	2326	0.0	1406
JAPEHQ010000012.1	sp|Q38970|ACC1_ARATH	40.0	2172	1150	48	711352	717573	129	2244	0.0	1394
JAPEHQ010000012.1	sp|F4I1L3|ACC2_ARATH	39.5	2187	1157	48	711352	717600	231	2354	0.0	1389
JAPEHQ010000012.1	sp|Q8S6N5|ACC1_ORYSJ	39.0	2185	1182	43	711352	717600	131	2266	0.0	1367
JAPEHQ010000012.1	sp|O74378|ODO1_SCHPO	56.9	1054	369	15	650534	647406	30	1009	0.0	1175
JAPEHQ010000012.1	sp|O14228|PUR4_SCHPO	57.7	1033	418	11	1355082	1358144	298	1323	0.0	1157
JAPEHQ010000012.1	sp|Q5QWY0|PUR4_IDILO	58.6	1026	399	11	1355082	1358144	291	1295	0.0	1146
JAPEHQ010000012.1	sp|P38972|PUR4_YEAST	58.1	1039	406	13	1355082	1358144	331	1358	0.0	1141
JAPEHQ010000012.1	sp|Q9HXN2|PUR4_PSEAE	58.2	1027	402	11	1355082	1358141	291	1297	0.0	1139
JAPEHQ010000013.1	sp|P15398|RPA1_SCHPO	50.2	1623	671	24	1616999	1612359	122	1683	0.0	1424
JAPEHQ010000013.1	sp|Q55DR1|ABCGE_DICDI	46.5	1451	719	13	1606208	1601913	28	1439	0.0	1261
JAPEHQ010000013.1	sp|Q55DQ2|ABCGB_DICDI	47.5	1400	692	12	1606055	1601913	67	1442	0.0	1260
JAPEHQ010000013.1	sp|P10964|RPA1_YEAST	44.7	1637	734	29	1617011	1612347	117	1664	0.0	1258
JAPEHQ010000013.1	sp|Q8T673|ABCGL_DICDI	46.1	1461	722	18	1606223	1601913	31	1449	0.0	1241
JAPEHQ010000013.1	sp|Q8T683|ABCG9_DICDI	46.3	1399	705	11	1606055	1601913	78	1448	0.0	1221
JAPEHQ010000013.1	sp|Q8T675|ABCGJ_DICDI	45.5	1454	726	17	1606202	1601913	38	1449	0.0	1219
JAPEHQ010000013.1	sp|Q55GB1|ABCGF_DICDI	44.8	1468	748	19	1606211	1601913	36	1475	0.0	1219
JAPEHQ010000013.1	sp|Q54CG0|ABCGA_DICDI	46.1	1412	700	13	1606055	1601913	85	1466	0.0	1217
JAPEHQ010000013.1	sp|Q556W2|ABCGH_DICDI	43.7	1453	768	8	1606190	1601913	47	1476	0.0	1175
JAPEHQ010000013.1	sp|P39986|SPF1_YEAST	48.8	1302	525	21	509657	505878	4	1206	0.0	1124
JAPEHQ010000013.1	sp|O14072|ATC4_SCHPO	47.9	1309	537	21	509660	505869	3	1211	0.0	1105
JAPEHQ010000013.1	sp|Q01576|ACSA_PHYB8	78.7	607	129	0	447940	446120	57	663	0.0	998
JAPEHQ010000013.1	sp|A0A1U8QKX8|ATRB_EMENI	40.8	1384	761	21	1606040	1601967	52	1403	1.40e-313	997
JAPEHQ010000013.1	sp|B8NDS8|ATRF_ASPFN	38.3	1495	811	24	1606208	1601919	55	1502	2.82e-302	968
JAPEHQ010000013.1	sp|Q86H36|RPA1_DICDI	39.9	1522	754	29	1616765	1612359	201	1614	5.47e-299	962
JAPEHQ010000013.1	sp|P41820|BFR1_SCHPO	37.5	1438	811	17	1606052	1601916	108	1516	6.67e-297	952
JAPEHQ010000013.1	sp|Q4WDD4|ATRF_ASPFU	37.4	1509	831	23	1606229	1601919	49	1516	1.28e-295	949
JAPEHQ010000013.1	sp|Q6FQN3|SNQ2_CANGA	39.8	1337	748	17	1605845	1601919	176	1483	9.19e-292	937
JAPEHQ010000013.1	sp|P59769|BIP_ASPAW	72.7	627	168	3	753033	754910	48	672	2.71e-290	897
JAPEHQ010000013.1	sp|P83617|BIP_ASPKA	72.7	627	168	3	753033	754910	48	672	2.71e-290	897
JAPEHQ010000013.1	sp|P83616|BIP_ASPNG	72.7	627	168	3	753033	754910	48	672	2.71e-290	897
JAPEHQ010000013.1	sp|P78695|BIP_NEUCR	72.3	624	169	4	753042	754910	41	661	2.19e-287	889
JAPEHQ010000013.1	sp|P32568|SNQ2_YEAST	38.6	1391	791	19	1605995	1601916	122	1480	9.67e-286	919
JAPEHQ010000013.1	sp|O95602|RPA1_HUMAN	38.4	1619	752	32	1616741	1612359	188	1719	5.22e-283	919
JAPEHQ010000014.1	sp|P34731|FAS1_CANAX	48.3	1865	862	23	1064252	1058703	257	2033	0.0	1658
JAPEHQ010000014.1	sp|Q9UUG0|FAS1_SCHPO	47.1	1886	888	24	1064249	1058682	267	2072	0.0	1623
JAPEHQ010000014.1	sp|P34229|FAS1_YARLI	47.3	1879	883	24	1064255	1058703	281	2079	0.0	1615
JAPEHQ010000014.1	sp|P07149|FAS1_YEAST	46.2	1867	907	20	1064255	1058688	269	2048	0.0	1605
JAPEHQ010000014.1	sp|Q92215|TOXC_COCCA	40.4	1874	1010	18	1064261	1058703	269	2056	0.0	1321
JAPEHQ010000014.1	sp|A5DI11|EF2_PICGU	75.8	840	202	1	286325	283806	4	842	0.0	1301
JAPEHQ010000014.1	sp|Q874B9|EF2_PICPA	74.7	841	212	1	286328	283806	3	842	0.0	1299
JAPEHQ010000014.1	sp|Q5A0M4|EF2_CANAL	75.8	840	202	1	286325	283806	4	842	0.0	1294
JAPEHQ010000014.1	sp|P32324|EF2_YEAST	75.4	840	206	1	286325	283806	4	842	0.0	1293
JAPEHQ010000014.1	sp|C4YJQ8|EF2_CANAW	75.7	840	203	1	286325	283806	4	842	0.0	1292
JAPEHQ010000014.1	sp|Q875Z2|EF2_NAUCC	75.1	840	208	1	286325	283806	4	842	0.0	1291
JAPEHQ010000014.1	sp|Q875S0|EF2_LACK1	74.0	840	217	1	286325	283806	4	842	0.0	1288
JAPEHQ010000014.1	sp|Q6BJ25|EF2_DEBHA	74.9	840	210	1	286325	283806	4	842	0.0	1283
JAPEHQ010000014.1	sp|Q6FYA7|EF2_CANGA	74.2	840	216	1	286325	283806	4	842	0.0	1281
JAPEHQ010000014.1	sp|Q6CPQ9|EF2_KLULA	73.9	840	218	1	286325	283806	4	842	0.0	1279
JAPEHQ010000014.1	sp|Q754C8|EF2_ASHGO	73.9	840	218	1	286325	283806	4	842	0.0	1278
JAPEHQ010000014.1	sp|O14460|EF2_SCHPO	73.3	840	223	1	286325	283806	4	842	0.0	1271
JAPEHQ010000014.1	sp|Q96X45|EF2_NEUCR	73.4	843	221	3	286328	283806	3	844	0.0	1265
JAPEHQ010000014.1	sp|Q9C102|GLT1_SCHPO	67.1	898	290	2	1627595	1624914	304	1200	0.0	1260
JAPEHQ010000014.1	sp|Q55DQ2|ABCGB_DICDI	47.9	1344	679	12	408964	404981	104	1442	0.0	1225
JAPEHQ010000014.1	sp|Q55DR1|ABCGE_DICDI	47.6	1344	683	12	408964	404981	101	1439	0.0	1214
JAPEHQ010000014.1	sp|Q5AV07|ATNM_EMENI	38.9	1888	1032	34	1064255	1058685	311	2107	0.0	1201
JAPEHQ010000014.1	sp|Q8T683|ABCG9_DICDI	47.5	1346	677	13	408964	404981	115	1448	0.0	1196
JAPEHQ010000014.1	sp|Q8T673|ABCGL_DICDI	47.4	1346	680	14	408964	404981	114	1449	0.0	1190
JAPEHQ010000014.1	sp|P29691|EF2_CAEEL	68.6	854	251	3	286328	283806	3	852	0.0	1188
JAPEHQ010000015.1	sp|Q6P2Q9|PRP8_HUMAN	83.8	2266	349	5	1219054	1225821	24	2282	0.0	3975
JAPEHQ010000015.1	sp|Q99PV0|PRP8_MOUSE	83.8	2266	350	5	1219054	1225821	24	2282	0.0	3975
JAPEHQ010000015.1	sp|Q9SSD2|PRP8A_ARATH	81.4	2238	408	4	1219114	1225821	76	2306	0.0	3865
JAPEHQ010000015.1	sp|P34369|PRP8_CAEEL	81.7	2240	399	5	1219114	1225821	42	2275	0.0	3861
JAPEHQ010000015.1	sp|Q9T0I6|PRP8B_ARATH	79.7	2238	449	3	1219114	1225821	74	2308	0.0	3775
JAPEHQ010000015.1	sp|Q8T295|PRP8_DICDI	77.1	2239	502	8	1219114	1225821	39	2270	0.0	3619
JAPEHQ010000015.1	sp|O14187|SPP42_SCHPO	76.0	2247	520	11	1219114	1225821	73	2310	0.0	3537
JAPEHQ010000015.1	sp|P33334|PRP8_YEAST	63.9	2251	769	16	1219132	1225818	131	2359	0.0	2960
JAPEHQ010000015.1	sp|P36594|RPB1_SCHPO	58.5	1638	542	13	1386490	1391370	30	1540	0.0	1807
JAPEHQ010000015.1	sp|Q75A34|RPB1_ASHGO	53.8	1666	588	19	1386490	1391376	28	1548	0.0	1635
JAPEHQ010000015.1	sp|P35084|RPB1_DICDI	55.5	1549	569	12	1386496	1391109	31	1470	0.0	1613
JAPEHQ010000015.1	sp|P18616|NRPB1_ARATH	54.8	1544	595	9	1386490	1391109	29	1473	0.0	1607
JAPEHQ010000015.1	sp|P04050|RPB1_YEAST	54.1	1572	585	13	1386490	1391172	28	1474	0.0	1584
JAPEHQ010000015.1	sp|P35074|RPB1_CAEBR	50.6	1639	667	14	1386490	1391373	29	1535	0.0	1528
JAPEHQ010000015.1	sp|P16356|RPB1_CAEEL	52.3	1561	631	12	1386490	1391145	29	1485	0.0	1525
JAPEHQ010000015.1	sp|P11414|RPB1_CRIGR	50.8	1617	673	13	1386490	1391301	32	1538	0.0	1519
JAPEHQ010000015.1	sp|P24928|RPB1_HUMAN	50.8	1617	673	13	1386490	1391301	32	1538	0.0	1519
JAPEHQ010000015.1	sp|P08775|RPB1_MOUSE	50.8	1617	673	13	1386490	1391301	32	1538	0.0	1519
JAPEHQ010000015.1	sp|P04052|RPB1_DROME	50.3	1627	676	16	1386490	1391307	28	1543	0.0	1503
JAPEHQ010000015.1	sp|A5DCV3|RPB1_PICGU	51.2	1585	465	14	1386490	1391217	29	1313	0.0	1455
JAPEHQ010000015.1	sp|O94313|CARB_SCHPO	65.5	963	311	8	1366576	1369461	213	1155	0.0	1216
JAPEHQ010000015.1	sp|Q8SSC4|RPB1_ENCCU	44.6	1578	641	23	1386499	1391103	27	1413	0.0	1198
JAPEHQ010000015.1	sp|P46056|CARB_CUTCT	63.2	963	329	11	1366588	1369461	206	1148	0.0	1162
JAPEHQ010000015.1	sp|P03965|CARB_YEAST	61.6	976	336	12	1366588	1369461	159	1113	0.0	1130
JAPEHQ010000015.1	sp|O93927|FKS1_CRYNH	59.5	976	335	12	742327	745230	756	1679	0.0	1130
JAPEHQ010000016.1	sp|Q54YZ9|DHKJ_DICDI	63.9	1362	468	5	183571	187584	170	1531	0.0	1590
JAPEHQ010000016.1	sp|A5DI11|EF2_PICGU	76.3	840	198	1	246978	244459	4	842	0.0	1309
JAPEHQ010000016.1	sp|Q874B9|EF2_PICPA	74.9	841	210	1	246981	244459	3	842	0.0	1303
JAPEHQ010000016.1	sp|Q5A0M4|EF2_CANAL	76.4	840	197	1	246978	244459	4	842	0.0	1301
JAPEHQ010000016.1	sp|C4YJQ8|EF2_CANAW	76.3	840	198	1	246978	244459	4	842	0.0	1300
JAPEHQ010000016.1	sp|Q875Z2|EF2_NAUCC	75.7	840	203	1	246978	244459	4	842	0.0	1300
JAPEHQ010000016.1	sp|P32324|EF2_YEAST	75.8	840	202	1	246978	244459	4	842	0.0	1300
JAPEHQ010000016.1	sp|Q875S0|EF2_LACK1	74.8	840	211	1	246978	244459	4	842	0.0	1297
JAPEHQ010000016.1	sp|Q6BJ25|EF2_DEBHA	75.4	840	206	1	246978	244459	4	842	0.0	1293
JAPEHQ010000016.1	sp|Q6FYA7|EF2_CANGA	74.8	840	211	1	246978	244459	4	842	0.0	1292
JAPEHQ010000016.1	sp|Q6CPQ9|EF2_KLULA	74.6	840	212	1	246978	244459	4	842	0.0	1288
JAPEHQ010000016.1	sp|Q754C8|EF2_ASHGO	74.5	840	213	1	246978	244459	4	842	0.0	1285
JAPEHQ010000016.1	sp|O14460|EF2_SCHPO	73.9	840	218	1	246978	244459	4	842	0.0	1275
JAPEHQ010000016.1	sp|Q96X45|EF2_NEUCR	73.4	843	221	3	246981	244459	3	844	0.0	1264
JAPEHQ010000016.1	sp|P29691|EF2_CAEEL	68.7	854	250	3	246981	244459	3	852	0.0	1186
JAPEHQ010000016.1	sp|P13060|EF2_DROME	69.4	846	250	3	246981	244459	3	844	0.0	1184
JAPEHQ010000016.1	sp|P58252|EF2_MOUSE	67.8	857	259	4	246981	244459	3	858	0.0	1183
JAPEHQ010000016.1	sp|P05197|EF2_RAT	67.8	857	259	4	246981	244459	3	858	0.0	1183
JAPEHQ010000016.1	sp|Q3SYU2|EF2_BOVIN	67.9	857	258	4	246981	244459	3	858	0.0	1182
JAPEHQ010000016.1	sp|P13639|EF2_HUMAN	67.8	857	259	4	246981	244459	3	858	0.0	1182
JAPEHQ010000016.1	sp|Q5R8Z3|EF2_PONAB	67.8	857	259	4	246981	244459	3	858	0.0	1182
JAPEHQ010000016.1	sp|A0SXL6|EF2_CALJA	67.8	857	259	4	246981	244459	3	858	0.0	1182
JAPEHQ010000016.1	sp|P09445|EF2_CRIGR	67.8	857	259	4	246981	244459	3	858	0.0	1182
JAPEHQ010000016.1	sp|Q90705|EF2_CHICK	67.8	857	259	4	246981	244459	3	858	0.0	1179
JAPEHQ010000016.1	sp|Q1HPK6|EF2_BOMMO	68.2	850	253	4	246981	244459	3	844	0.0	1174
JAPEHQ010000017.1	sp|Q1K9C2|MET5_SCHPO	49.8	1103	492	16	564204	567452	398	1458	0.0	1028
JAPEHQ010000017.1	sp|O94489|EF3_SCHPO	51.5	1068	468	15	593966	590829	8	1047	1.21e-314	984
JAPEHQ010000017.1	sp|P47169|MET5_YEAST	46.7	1138	518	18	564189	567467	341	1435	4.67e-314	998
JAPEHQ010000017.1	sp|O93796|EF3_CANGA	51.6	1016	447	15	593936	590943	17	1005	1.44e-297	934
JAPEHQ010000017.1	sp|Q75EV6|EF3_ASHGO	52.3	976	428	12	593798	590925	56	1011	3.02e-296	931
JAPEHQ010000017.1	sp|P53978|EF3B_YEAST	50.5	1000	449	14	593834	590901	44	1019	1.22e-292	920
JAPEHQ010000017.1	sp|P16521|EF3A_YEAST	50.5	1013	456	16	593927	590943	20	1005	5.68e-292	918
JAPEHQ010000017.1	sp|P25997|EF3_CANAL	50.2	1030	466	16	593963	590943	6	1011	6.96e-292	918
JAPEHQ010000017.1	sp|P29551|EF3_PNECA	49.2	1007	474	11	593798	590832	56	1042	2.19e-282	890
JAPEHQ010000017.1	sp|Q4P9K9|CHS8_USTMA	58.3	768	305	6	230315	228024	924	1680	1.81e-275	906
JAPEHQ010000017.1	sp|Q4PE39|SEC23_USTMA	74.5	560	112	2	45425	47098	235	765	8.88e-269	840
JAPEHQ010000017.1	sp|J9VNT4|CHS5_CRYNH	57.3	770	310	7	230315	228033	906	1665	1.79e-264	871
JAPEHQ010000017.1	sp|Q9UUQ6|LCPS_MUCCL	80.5	502	90	3	526177	524693	114	614	7.79e-263	815
JAPEHQ010000017.1	sp|P0CR39|SEC23_CRYNB	71.1	560	131	2	45425	47098	225	755	6.17e-254	796
JAPEHQ010000017.1	sp|P0CR38|SEC23_CRYNJ	71.1	560	131	2	45425	47098	225	755	6.17e-254	796
JAPEHQ010000017.1	sp|O13395|CHS6_USTMA	53.2	775	329	10	230318	228033	66	819	1.89e-252	810
JAPEHQ010000017.1	sp|P54982|CRTI_PHYB8	74.9	494	101	2	527147	528628	7	477	5.89e-245	763
JAPEHQ010000017.1	sp|J9VF17|CHS4_CRYNH	50.7	777	357	11	230318	228024	159	921	1.61e-234	761
JAPEHQ010000017.1	sp|Q9C284|SEC23_NEUCR	66.8	566	151	6	45425	47098	232	768	5.98e-234	739
JAPEHQ010000017.1	sp|A4R1J7|SEC23_MAGO7	65.7	563	158	5	45425	47098	231	763	9.31e-234	739
JAPEHQ010000017.1	sp|Q2HB00|SEC23_CHAGB	66.0	564	157	5	45425	47098	232	766	2.60e-233	738
JAPEHQ010000017.1	sp|Q2URM9|SEC23_ASPOR	65.5	562	161	5	45425	47098	230	762	9.13e-232	733
JAPEHQ010000017.1	sp|Q0CUU1|SEC23_ASPTN	65.3	562	162	5	45425	47098	232	764	6.21e-231	731
JAPEHQ010000017.1	sp|Q5BGR9|SEC23_EMENI	65.3	562	162	5	45425	47098	232	764	8.45e-231	730
JAPEHQ010000017.1	sp|Q4WK80|SEC23_ASPFU	64.7	564	166	5	45425	47104	230	764	2.13e-230	729
JAPEHQ010000018.1	sp|Q9UUG0|FAS1_SCHPO	53.8	1536	661	18	814183	809663	553	2069	0.0	1589
JAPEHQ010000018.1	sp|P34229|FAS1_YARLI	42.6	2182	1076	36	816037	809669	16	2079	0.0	1568
JAPEHQ010000018.1	sp|P34731|FAS1_CANAX	53.8	1520	637	20	814162	809669	557	2033	0.0	1567
JAPEHQ010000018.1	sp|P07149|FAS1_YEAST	41.1	2160	1121	30	816034	809654	7	2048	0.0	1495
JAPEHQ010000018.1	sp|Q92215|TOXC_COCCA	44.9	1523	795	14	814189	809669	562	2056	0.0	1283
JAPEHQ010000018.1	sp|P78615|FAS2_EMEND	59.9	1099	404	11	809647	806399	3	1080	0.0	1255
JAPEHQ010000018.1	sp|P15368|FAS2_PENPA	60.1	1087	417	10	809647	806399	3	1076	0.0	1226
JAPEHQ010000018.1	sp|Q10289|FAS2_SCHPO	58.4	1088	421	8	809647	806399	3	1063	0.0	1214
JAPEHQ010000018.1	sp|Q2TXG3|ORYB_ASPOR	41.9	1506	833	15	814189	809681	556	2022	0.0	1157
JAPEHQ010000018.1	sp|Q5AV07|ATNM_EMENI	42.6	1520	820	21	814141	809660	611	2104	0.0	1156
JAPEHQ010000018.1	sp|G8BAW7|FAS2_CANPC	55.7	1115	449	12	809647	806399	3	1104	0.0	1154
JAPEHQ010000018.1	sp|P43098|FAS2_CANAX	56.1	1117	442	17	809647	806399	3	1105	0.0	1131
JAPEHQ010000018.1	sp|P19097|FAS2_YEAST	53.8	1110	480	12	809647	806399	3	1106	0.0	1089
JAPEHQ010000018.1	sp|Q765N2|FAS2_LACKL	53.6	1111	479	13	809647	806399	5	1106	0.0	1078
JAPEHQ010000018.1	sp|Q7Z8J6|MYO1_USTMA	55.1	987	321	9	19144	22086	109	979	0.0	1042
JAPEHQ010000018.1	sp|A8N2Y6|MYO1_COPC7	56.6	986	301	12	19144	22086	104	967	0.0	1026
JAPEHQ010000018.1	sp|B0CRJ3|MYO1_LACBS	54.8	986	311	14	19144	22086	100	955	2.09e-317	1000
JAPEHQ010000018.1	sp|A1C4A5|MYO1_ASPCL	53.4	981	341	9	19144	22086	115	979	1.39e-314	992
JAPEHQ010000018.1	sp|P0CP01|MYO1_CRYNB	54.3	988	323	10	19144	22086	106	971	5.10e-314	991
JAPEHQ010000018.1	sp|P0CP00|MYO1_CRYNJ	54.3	988	323	10	19144	22086	106	971	5.10e-314	991
JAPEHQ010000018.1	sp|A8PWF6|MYO1_MALGO	54.1	987	331	10	19144	22086	107	977	5.22e-312	988
JAPEHQ010000018.1	sp|A2R5J1|MYO1_ASPNC	53.1	985	341	11	19144	22086	115	982	3.83e-311	983
JAPEHQ010000018.1	sp|Q2US45|MYO1_ASPOR	53.3	982	341	11	19144	22086	114	978	2.10e-309	978
JAPEHQ010000018.1	sp|A1DBH2|MYO1_NEOFI	52.4	981	351	9	19144	22086	116	980	1.71e-308	974
JAPEHQ010000018.1	sp|M2XHU6|HEXB_DOTSN	38.8	1520	874	24	814189	809675	424	1901	6.44e-308	998
JAPEHQ010000019.1	sp|Q01373|FOX2_NEUCR	52.0	986	364	13	734687	737596	1	893	3.09e-301	938
JAPEHQ010000019.1	sp|Q02207|FOX2_YEAST	40.9	1007	446	22	734687	737599	1	894	2.75e-206	665
JAPEHQ010000019.1	sp|P22414|FOX2_CANTR	40.8	984	477	18	734699	737596	4	899	1.31e-200	649
JAPEHQ010000019.1	sp|A1CKI4|CLU_ASPCL	37.3	1157	594	24	671971	668648	169	1242	2.74e-197	652
JAPEHQ010000019.1	sp|Q1E101|CLU_COCIM	35.9	1182	623	24	672031	668648	161	1261	6.91e-197	652
JAPEHQ010000019.1	sp|B0XXS1|CLU_ASPFC	35.8	1162	608	23	671977	668648	218	1293	2.68e-196	651
JAPEHQ010000019.1	sp|Q4WXV2|CLU_ASPFU	35.8	1162	608	23	671977	668648	218	1293	2.68e-196	651
JAPEHQ010000019.1	sp|A1D6Y7|CLU_NEOFI	37.5	1156	597	24	671977	668648	225	1300	1.47e-195	649
JAPEHQ010000019.1	sp|A6R8I2|CLU_AJECN	35.5	1162	626	21	671977	668627	134	1216	1.94e-195	646
JAPEHQ010000019.1	sp|P51659|DHB4_HUMAN	53.7	622	256	10	735818	737623	5	614	8.34e-194	622
JAPEHQ010000019.1	sp|Q0CNX5|CLU_ASPTN	35.8	1166	596	24	671971	668648	187	1257	5.02e-193	640
JAPEHQ010000019.1	sp|Q2UKX8|CLU_ASPOR	37.5	1146	599	20	671971	668648	166	1232	6.38e-193	639
JAPEHQ010000019.1	sp|P51660|DHB4_MOUSE	54.1	612	256	9	735809	737596	2	604	4.40e-192	617
JAPEHQ010000019.1	sp|A2QDB9|CLU_ASPNC	37.4	1167	600	22	672025	668648	156	1232	1.80e-191	635
JAPEHQ010000019.1	sp|Q5B3H2|CLU_EMENI	37.4	1145	580	21	671971	668648	164	1208	6.61e-190	629
JAPEHQ010000019.1	sp|P97852|DHB4_RAT	53.6	610	262	8	735809	737596	2	604	2.06e-189	609
JAPEHQ010000019.1	sp|A5YKK6|CNOT1_HUMAN	32.3	1574	843	44	592688	597076	896	2358	5.34e-188	653
JAPEHQ010000019.1	sp|A1A5H6|CNOT1_DANRE	32.6	1563	859	46	592688	597076	888	2356	2.94e-187	651
JAPEHQ010000019.1	sp|Q6ZQ08|CNOT1_MOUSE	32.2	1566	856	42	592688	597076	895	2357	5.34e-186	647
JAPEHQ010000019.1	sp|A0JP85|CNOT1_XENTR	32.4	1560	879	42	592688	597076	890	2370	4.72e-185	644
JAPEHQ010000019.1	sp|Q9C1X1|PWP2_SCHPO	52.9	626	284	5	141082	139211	205	821	2.83e-184	599
JAPEHQ010000019.1	sp|Q9C270|PWP2_NEUCR	51.6	637	291	3	141082	139181	210	832	4.47e-180	589
JAPEHQ010000019.1	sp|Q8BU03|PWP2_MOUSE	51.7	596	285	2	140962	139181	268	862	3.79e-179	587
JAPEHQ010000019.1	sp|P25635|PWP2_YEAST	49.8	634	311	3	141082	139190	206	835	1.07e-178	586
JAPEHQ010000019.1	sp|Q15269|PWP2_HUMAN	53.0	593	276	2	140953	139181	271	862	1.29e-178	585
JAPEHQ010000020.1	sp|P09436|SYIC_YEAST	60.9	635	240	5	540560	542452	437	1067	9.24e-244	780
JAPEHQ010000020.1	sp|O13651|SYIC_SCHPO	59.8	629	250	3	540560	542446	432	1057	2.42e-239	767
JAPEHQ010000020.1	sp|P41252|SYIC_HUMAN	56.3	641	273	6	540554	542464	434	1071	5.21e-220	718
JAPEHQ010000020.1	sp|Q8BU30|SYIC_MOUSE	55.5	641	278	6	540554	542464	434	1071	9.26e-218	712
JAPEHQ010000020.1	sp|Q54YD4|SYIC_DICDI	56.2	623	262	7	540554	542419	438	1050	1.86e-206	672
JAPEHQ010000020.1	sp|Q21926|SYIC_CAEEL	49.1	639	315	6	540554	542464	435	1065	1.54e-183	608
JAPEHQ010000020.1	sp|F4JLM5|SYIC_ARATH	50.9	627	293	8	540560	542419	466	1084	5.58e-181	602
JAPEHQ010000020.1	sp|O00087|DLDH_SCHPO	58.6	493	158	2	366001	364523	45	491	1.81e-180	574
JAPEHQ010000020.1	sp|P09624|DLDH_YEAST	55.6	507	171	5	366019	364523	20	480	8.29e-172	548
JAPEHQ010000020.1	sp|P36422|SYI_TETTH	45.7	626	329	7	540554	542410	439	1060	1.99e-166	556
JAPEHQ010000020.1	sp|O17953|DLDH_CAEEL	55.8	500	172	5	366019	364523	23	474	6.70e-165	528
JAPEHQ010000020.1	sp|P09622|DLDH_HUMAN	55.9	497	167	7	366001	364523	41	489	6.03e-163	523
JAPEHQ010000020.1	sp|Q60HG3|DLDH_MACFA	55.7	497	168	7	366001	364523	41	489	6.03e-163	523
JAPEHQ010000020.1	sp|P09623|DLDH_PIG	55.9	497	167	7	366001	364523	41	489	9.67e-162	520
JAPEHQ010000020.1	sp|Q5R4B1|DLDH_PONAB	55.5	497	169	7	366001	364523	41	489	9.67e-162	520
JAPEHQ010000020.1	sp|Q6P6R2|DLDH_RAT	55.5	497	169	7	366001	364523	41	489	6.16e-161	518
JAPEHQ010000020.1	sp|P49819|DLDH_CANLF	55.3	497	170	7	366001	364523	41	489	8.38e-161	517
JAPEHQ010000020.1	sp|Q8CIZ7|DLDH_CRIGR	55.3	497	170	7	366001	364523	41	489	8.38e-161	517
JAPEHQ010000020.1	sp|O08749|DLDH_MOUSE	54.9	497	172	7	366001	364523	41	489	2.11e-160	516
JAPEHQ010000020.1	sp|Q811C4|DLDH_MESAU	55.3	497	170	7	366001	364523	25	473	3.47e-160	514
JAPEHQ010000020.1	sp|Q9M5K3|DLDH1_ARATH	53.3	495	184	3	366007	364523	41	488	9.41e-158	508
JAPEHQ010000020.1	sp|P31023|DLDH_PEA	52.5	495	188	4	366007	364523	35	482	1.67e-156	504
JAPEHQ010000020.1	sp|Q9M5K2|DLDH2_ARATH	53.1	495	185	3	366007	364523	41	488	2.80e-156	504
JAPEHQ010000020.1	sp|O18480|DLDH_MANSE	52.6	502	185	6	366016	364523	25	477	8.01e-155	499
JAPEHQ010000020.1	sp|Q9SPB1|LEGRE_VIGUN	52.5	495	188	4	366007	364523	34	481	1.06e-154	500
JAPEHQ010000021.1	sp|E1BNG3|ASCC3_BOVIN	58.2	934	380	7	382672	379886	1048	1976	0.0	1108
JAPEHQ010000021.1	sp|E9PZJ8|ASCC3_MOUSE	57.9	942	387	7	382672	379862	1049	1985	0.0	1102
JAPEHQ010000021.1	sp|Q8N3C0|ASCC3_HUMAN	58.3	939	379	9	382672	379874	1048	1979	0.0	1100
JAPEHQ010000021.1	sp|F1NTD6|ASCC3_CHICK	57.9	925	379	7	382672	379913	1057	1976	0.0	1095
JAPEHQ010000021.1	sp|F1LPQ2|ASCC3_RAT	56.7	938	394	9	382672	379874	1049	1979	0.0	1071
JAPEHQ010000021.1	sp|O60072|MUG81_SCHPO	57.2	916	387	4	382660	379919	861	1773	0.0	1068
JAPEHQ010000021.1	sp|E7F8F4|ASCC3_DANRE	55.7	899	335	7	382579	379898	641	1481	8.78e-315	1004
JAPEHQ010000021.1	sp|Q4P9K9|CHS8_USTMA	58.2	844	331	8	127873	130383	923	1751	8.03e-312	1012
JAPEHQ010000021.1	sp|J9VNT4|CHS5_CRYNH	57.9	864	342	8	127834	130392	890	1742	1.70e-306	994
JAPEHQ010000021.1	sp|P08096|TOP2_SCHPO	45.2	1121	548	10	191354	188028	142	1208	2.59e-296	948
JAPEHQ010000021.1	sp|Q54G57|ASCC3_DICDI	50.2	972	466	9	382660	379772	1052	2014	8.42e-296	971
JAPEHQ010000021.1	sp|Q9FNQ1|DEXHE_ARATH	51.0	956	456	8	382672	379817	1078	2025	1.67e-294	966
JAPEHQ010000021.1	sp|P53327|SLH1_YEAST	51.7	937	434	10	382672	379898	864	1793	1.49e-290	949
JAPEHQ010000021.1	sp|P30182|TOP2_ARATH	52.9	852	386	8	191351	188820	98	942	1.82e-283	910
JAPEHQ010000021.1	sp|O13395|CHS6_USTMA	51.3	864	374	11	127861	130392	62	898	4.11e-280	889
JAPEHQ010000021.1	sp|P06786|TOP2_YEAST	52.3	857	393	6	191354	188820	76	928	3.24e-278	894
JAPEHQ010000021.1	sp|O93794|TOP2_CANGA	52.1	845	388	6	191354	188856	75	914	8.87e-277	889
JAPEHQ010000021.1	sp|Q9Y8G8|TOP2_PENCH	53.3	840	379	9	191348	188853	134	968	6.62e-271	878
JAPEHQ010000021.1	sp|O24308|TOP2_PEA	52.1	851	379	8	191351	188811	86	911	1.75e-270	872
JAPEHQ010000021.1	sp|Q01879|TOP2_PICGU	50.6	854	398	9	191354	188856	123	973	3.50e-265	855
JAPEHQ010000021.1	sp|P87078|TOP2_CANAX	50.4	853	401	8	191354	188856	126	976	1.77e-263	852
JAPEHQ010000021.1	sp|Q23670|TOP2_CAEEL	51.4	867	392	14	191351	188811	133	990	2.11e-263	854
JAPEHQ010000021.1	sp|Q01320|TOP2A_MOUSE	52.1	848	380	11	191351	188862	97	936	1.17e-260	846
JAPEHQ010000021.1	sp|P11388|TOP2A_HUMAN	51.2	867	393	12	191351	188811	98	954	1.45e-259	843
JAPEHQ010000021.1	sp|P41515|TOP2A_CRIGR	51.0	865	398	11	191351	188811	97	953	3.14e-259	842
JAPEHQ010000022.1	sp|Q91ZW3|SMCA5_MOUSE	55.4	918	335	14	364945	362213	174	1024	1.59e-309	969
JAPEHQ010000022.1	sp|O60264|SMCA5_HUMAN	55.2	918	337	14	364945	362213	175	1025	1.42e-308	966
JAPEHQ010000022.1	sp|P28370|SMCA1_HUMAN	54.1	930	342	13	364945	362213	178	1041	8.32e-307	961
JAPEHQ010000022.1	sp|Q6PGB8|SMCA1_MOUSE	54.4	918	346	12	364945	362213	182	1033	2.17e-306	959
JAPEHQ010000022.1	sp|Q08773|ISW2_YEAST	52.6	946	357	14	364945	362216	179	1069	2.00e-301	948
JAPEHQ010000022.1	sp|Q5A310|ISW2_CANAL	53.8	920	347	11	364936	362258	137	1005	4.96e-301	944
JAPEHQ010000022.1	sp|Q24368|ISWI_DROME	52.7	912	359	12	364945	362240	123	972	7.68e-292	917
JAPEHQ010000022.1	sp|P38144|ISW1_YEAST	52.0	914	367	10	364936	362258	194	1056	1.10e-285	903
JAPEHQ010000022.1	sp|P41877|ISW1_CAEEL	52.3	915	355	13	364945	362240	127	973	3.69e-285	897
JAPEHQ010000022.1	sp|Q7G8Y3|ISW2_ORYSJ	51.2	914	358	14	364936	362213	229	1060	4.62e-269	854
JAPEHQ010000022.1	sp|F4JY24|CHR17_ARATH	51.0	922	358	13	364936	362207	192	1031	3.90e-268	850
JAPEHQ010000022.1	sp|Q8RWY3|ISW2_ARATH	50.1	921	366	13	364936	362210	187	1025	6.42e-264	837
JAPEHQ010000022.1	sp|O42938|PFKA_SCHPO	57.7	700	278	5	86188	84095	259	942	1.48e-255	808
JAPEHQ010000022.1	sp|P78985|PFKA_ASPNG	53.0	706	306	7	86188	84107	78	769	4.19e-230	728
JAPEHQ010000022.1	sp|C4QXA5|PFKA2_KOMPG	52.8	697	321	6	86188	84107	247	938	6.07e-230	734
JAPEHQ010000022.1	sp|Q9HGZ1|PFKA1_ASPOR	53.9	709	301	7	86188	84098	78	772	6.11e-230	728
JAPEHQ010000022.1	sp|Q4W9B8|PFKA_ASPFU	53.4	706	303	8	86188	84107	78	769	2.91e-228	724
JAPEHQ010000022.1	sp|Q8TGA0|PFKA2_PICPA	52.2	696	327	4	86188	84107	247	938	1.53e-227	728
JAPEHQ010000022.1	sp|Q03216|PFKA2_KLULA	51.4	696	335	3	86188	84107	241	935	4.73e-225	720
JAPEHQ010000022.1	sp|O94201|PFKA1_CANAX	53.2	695	316	5	86188	84107	292	978	1.96e-223	717
JAPEHQ010000022.1	sp|P16862|PFKA2_YEAST	51.3	700	337	4	86188	84095	262	959	5.04e-223	715
JAPEHQ010000022.1	sp|P59680|PFKA_YARLI	53.3	698	303	6	86188	84107	248	926	2.25e-221	710
JAPEHQ010000022.1	sp|O94200|PFKA2_CANAX	50.3	700	343	4	86188	84095	248	944	6.12e-221	709
JAPEHQ010000022.1	sp|Q92448|PFKA1_KOMPG	52.1	712	320	6	86188	84107	275	983	1.30e-218	704
JAPEHQ010000022.1	sp|Q8NJU8|PFKA1_PICPA	52.1	712	320	6	86188	84107	275	983	1.30e-218	704
JAPEHQ010000023.1	sp|J9VXM5|CHS3_CRYNH	43.0	1196	542	19	676966	673553	83	1196	5.69e-258	834
JAPEHQ010000023.1	sp|P78611|CHSD_EMENI	42.0	1203	553	18	676966	673520	69	1180	1.96e-256	821
JAPEHQ010000023.1	sp|O42938|PFKA_SCHPO	58.0	696	274	4	540720	538639	259	938	3.52e-251	796
JAPEHQ010000023.1	sp|P30573|CHS3_CANAX	42.3	1196	573	20	676960	673550	27	1164	7.35e-251	806
JAPEHQ010000023.1	sp|O13394|CHS5_USTMA	40.9	1298	565	26	677104	673502	126	1318	4.18e-247	809
JAPEHQ010000023.1	sp|O13353|CHS4_MAGO7	40.6	1225	554	21	677005	673538	72	1191	3.23e-241	778
JAPEHQ010000023.1	sp|Q01285|CHS4_NEUCR	40.2	1220	533	24	676960	673547	89	1193	4.27e-236	764
JAPEHQ010000023.1	sp|C4QXA5|PFKA2_KOMPG	53.9	698	312	5	540720	538639	247	938	2.24e-232	741
JAPEHQ010000023.1	sp|Q8TGA0|PFKA2_PICPA	53.0	698	318	5	540720	538639	247	938	4.84e-229	732
JAPEHQ010000023.1	sp|Q12649|HMDH_PHYB8	62.6	634	210	7	484393	486249	530	1151	4.18e-228	738
JAPEHQ010000023.1	sp|P78985|PFKA_ASPNG	53.1	706	305	8	540720	538639	78	769	2.94e-226	717
JAPEHQ010000023.1	sp|Q4W9B8|PFKA_ASPFU	52.8	710	301	9	540720	538639	78	769	2.76e-224	712
JAPEHQ010000023.1	sp|Q9HGZ1|PFKA1_ASPOR	53.3	709	305	7	540720	538630	78	772	8.01e-224	710
JAPEHQ010000023.1	sp|P08183|MDR1_HUMAN	35.7	1376	719	22	792510	788515	22	1275	7.08e-222	724
JAPEHQ010000023.1	sp|P21448|MDR1_CRIGR	35.0	1364	719	22	792474	788515	33	1272	1.57e-221	723
JAPEHQ010000023.1	sp|P16862|PFKA2_YEAST	51.6	696	333	4	540720	538639	262	955	1.59e-220	708
JAPEHQ010000023.1	sp|Q8NJU8|PFKA1_PICPA	52.9	717	307	6	540720	538639	275	983	1.65e-220	709
JAPEHQ010000023.1	sp|O94201|PFKA1_CANAX	52.3	702	324	5	540720	538621	292	984	1.14e-218	704
JAPEHQ010000023.1	sp|Q92448|PFKA1_KOMPG	52.6	717	309	6	540720	538639	275	983	1.64e-218	703
JAPEHQ010000023.1	sp|P06795|MDR1B_MOUSE	34.7	1353	720	20	792456	788524	39	1270	5.88e-218	712
JAPEHQ010000023.1	sp|P21449|MDR2_CRIGR	34.7	1365	717	22	792477	788524	33	1270	7.97e-218	712
JAPEHQ010000023.1	sp|Q03216|PFKA2_KLULA	50.6	696	341	3	540720	538639	241	935	1.49e-216	696
JAPEHQ010000023.1	sp|P29465|CHS3_YEAST	62.0	534	201	2	675118	673520	632	1164	2.63e-216	704
JAPEHQ010000023.1	sp|P21447|MDR1A_MOUSE	34.5	1372	716	23	792477	788515	32	1271	4.18e-216	707
JAPEHQ010000023.1	sp|P59680|PFKA_YARLI	51.9	698	313	6	540720	538639	248	926	4.46e-216	695
JAPEHQ010000024.1	sp|P24918|NDUS1_NEUCR	61.1	653	247	4	510413	512359	71	720	5.71e-262	818
JAPEHQ010000024.1	sp|Q7Z8J6|MYO1_USTMA	60.9	652	247	3	21200	23137	330	979	7.85e-245	791
JAPEHQ010000024.1	sp|A8N2Y6|MYO1_COPC7	62.4	647	238	5	21200	23137	325	967	4.13e-242	783
JAPEHQ010000024.1	sp|A1C4A5|MYO1_ASPCL	59.6	646	259	2	21200	23137	336	979	2.32e-241	780
JAPEHQ010000024.1	sp|A1DBH2|MYO1_NEOFI	59.3	646	261	2	21200	23137	337	980	4.50e-240	776
JAPEHQ010000024.1	sp|B0Y9Q4|MYO1_ASPFC	58.8	646	264	2	21200	23137	337	980	5.04e-239	773
JAPEHQ010000024.1	sp|Q4WC55|MYO1_ASPFU	58.8	646	264	2	21200	23137	337	980	5.04e-239	773
JAPEHQ010000024.1	sp|B0CRJ3|MYO1_LACBS	61.0	646	241	5	21200	23137	321	955	1.17e-237	769
JAPEHQ010000024.1	sp|P15690|NDUS1_BOVIN	58.4	656	261	7	510413	512359	67	717	3.41e-237	746
JAPEHQ010000024.1	sp|P28331|NDUS1_HUMAN	58.3	662	264	7	510413	512377	67	723	2.17e-236	744
JAPEHQ010000024.1	sp|A8PWF6|MYO1_MALGO	61.2	647	247	3	21200	23137	334	977	4.20e-236	767
JAPEHQ010000024.1	sp|Q4R6K9|NDUS1_MACFA	58.3	662	264	7	510413	512377	67	723	5.47e-236	743
JAPEHQ010000024.1	sp|Q0MQG2|NDUS1_PANTR	58.2	662	265	7	510413	512377	67	723	5.47e-236	743
JAPEHQ010000024.1	sp|P0CB68|NDUS1_PONPY	58.2	662	265	7	510413	512377	67	723	5.47e-236	743
JAPEHQ010000024.1	sp|Q0MQG1|NDUS1_GORGO	58.2	662	265	7	510413	512377	67	723	1.38e-235	741
JAPEHQ010000024.1	sp|Q2US45|MYO1_ASPOR	59.2	647	260	3	21200	23137	335	978	2.02e-235	763
JAPEHQ010000024.1	sp|Q91VD9|NDUS1_MOUSE	58.2	662	265	7	510413	512377	67	723	1.62e-234	738
JAPEHQ010000024.1	sp|P0CB67|NDUS1_PONAB	57.9	662	267	7	510413	512377	67	723	1.62e-234	738
JAPEHQ010000024.1	sp|A2R5J1|MYO1_ASPNC	58.5	650	263	3	21200	23137	336	982	3.03e-234	759
JAPEHQ010000024.1	sp|Q1DLP2|MYO1_COCIM	57.6	646	272	2	21200	23137	334	977	4.32e-234	758
JAPEHQ010000024.1	sp|Q66HF1|NDUS1_RAT	57.8	669	256	9	510413	512377	67	723	5.57e-234	737
JAPEHQ010000024.1	sp|Q0CEX5|MYO1_ASPTN	59.1	646	260	3	21200	23137	337	978	2.33e-233	756
JAPEHQ010000024.1	sp|P0CP01|MYO1_CRYNB	59.0	646	263	2	21200	23137	328	971	2.06e-231	751
JAPEHQ010000024.1	sp|P0CP00|MYO1_CRYNJ	59.0	646	263	2	21200	23137	328	971	2.06e-231	751
JAPEHQ010000024.1	sp|Q00647|MYO1_EMENI	58.0	646	266	3	21200	23137	336	976	7.11e-230	746
JAPEHQ010000025.1	sp|P41887|HSP90_SCHPO	70.9	701	174	3	23122	21035	29	704	4.85e-289	894
JAPEHQ010000025.1	sp|P46598|HSP90_CANAL	68.4	703	189	5	23122	21035	31	707	7.74e-285	882
JAPEHQ010000025.1	sp|P55737|HS902_ARATH	68.5	696	194	1	23122	21035	29	699	3.68e-284	880
JAPEHQ010000025.1	sp|P51818|HS903_ARATH	68.4	696	195	1	23122	21035	29	699	9.29e-284	879
JAPEHQ010000025.1	sp|O03986|HS904_ARATH	67.8	696	199	1	23122	21035	29	699	8.26e-281	870
JAPEHQ010000025.1	sp|A2YWQ1|HSP81_ORYSI	67.9	697	196	3	23122	21035	30	699	2.46e-279	866
JAPEHQ010000025.1	sp|Q0J4P2|HSP81_ORYSJ	67.9	697	196	3	23122	21035	30	699	2.46e-279	866
JAPEHQ010000025.1	sp|P36181|HSP80_SOLLC	68.4	697	193	3	23122	21035	29	699	6.22e-279	865
JAPEHQ010000025.1	sp|Q69QQ6|HSP82_ORYSJ	67.9	697	196	3	23122	21035	30	699	8.47e-279	864
JAPEHQ010000025.1	sp|Q07078|HSP83_ORYSJ	67.9	697	196	3	23122	21035	30	699	8.47e-279	864
JAPEHQ010000025.1	sp|Q8J2M3|HSP82_ASHGO	68.2	702	191	5	23122	21035	29	704	3.03e-277	860
JAPEHQ010000025.1	sp|P27323|HS901_ARATH	68.5	698	192	4	23122	21035	29	700	3.56e-277	860
JAPEHQ010000025.1	sp|P51819|HSP83_IPONI	67.6	698	196	4	23122	21035	34	703	2.53e-276	857
JAPEHQ010000025.1	sp|P15108|HSC82_YEAST	67.2	704	197	5	23122	21035	28	705	1.50e-274	852
JAPEHQ010000025.1	sp|O43109|HSP90_PODAS	66.2	702	204	6	23122	21035	27	701	8.29e-274	850
JAPEHQ010000025.1	sp|P02829|HSP82_YEAST	67.5	708	192	5	23122	21035	28	709	1.11e-273	850
JAPEHQ010000025.1	sp|Q9BLC5|HSP83_BOMMO	65.3	709	204	5	23122	21035	37	716	9.09e-273	848
JAPEHQ010000025.1	sp|Q76LV1|HS90B_BOVIN	63.7	716	212	6	23122	21035	37	724	2.71e-269	838
JAPEHQ010000025.1	sp|P04809|HSP83_DROPS	62.7	714	222	4	23122	21035	30	717	2.87e-269	838
JAPEHQ010000025.1	sp|Q08277|HSP82_MAIZE	65.5	704	208	6	23122	21035	39	715	6.74e-269	837
JAPEHQ010000025.1	sp|Q9GKX8|HS90B_HORSE	63.4	716	214	6	23122	21035	37	724	1.73e-268	836
JAPEHQ010000025.1	sp|Q4R4T5|HS90B_MACFA	63.4	716	214	6	23122	21035	37	724	1.73e-268	836
JAPEHQ010000025.1	sp|P08238|HS90B_HUMAN	63.4	716	214	6	23122	21035	37	724	4.36e-268	835
JAPEHQ010000025.1	sp|Q5R710|HS90B_PONAB	63.3	716	215	6	23122	21035	37	724	5.93e-268	834
JAPEHQ010000025.1	sp|O57521|HS90B_DANRE	63.0	716	219	4	23122	21035	36	725	1.14e-267	833
JAPEHQ010000026.1	sp|P56941|NPC1_PIG	43.1	643	333	10	118919	120817	608	1227	1.21e-133	464
JAPEHQ010000026.1	sp|O15118|NPC1_HUMAN	43.3	645	330	12	118919	120817	608	1228	9.98e-133	461
JAPEHQ010000026.1	sp|O35604|NPC1_MOUSE	42.8	643	335	10	118919	120817	608	1227	5.84e-132	459
JAPEHQ010000026.1	sp|Q12200|NPC1_YEAST	43.6	638	304	14	118919	120817	547	1133	2.00e-129	448
JAPEHQ010000026.1	sp|Q07538|PRP4_SCHPO	50.9	405	172	3	128050	129264	100	477	6.56e-124	408
JAPEHQ010000026.1	sp|Q08DZ2|PRP4B_BOVIN	50.7	460	185	6	127921	129267	580	1008	7.67e-124	427
JAPEHQ010000026.1	sp|Q13523|PRP4B_HUMAN	54.5	415	149	5	128050	129267	624	1007	2.50e-123	426
JAPEHQ010000026.1	sp|Q61136|PRP4B_MOUSE	54.5	415	149	5	128050	129267	624	1007	2.50e-123	426
JAPEHQ010000026.1	sp|Q5RKH1|PRP4B_RAT	54.5	415	149	5	128050	129267	624	1007	2.50e-123	426
JAPEHQ010000026.1	sp|Q5R814|PRP4B_PONAB	54.2	415	150	5	128050	129267	624	1007	2.78e-122	422
JAPEHQ010000026.1	sp|P87158|RS4A_SCHPO	66.9	275	49	1	251822	252646	25	257	3.93e-114	371
JAPEHQ010000026.1	sp|Q9USW5|RS4B_SCHPO	66.5	275	50	1	251822	252646	25	257	7.29e-114	370
JAPEHQ010000026.1	sp|Q9P4W9|RS4C_SCHPO	66.5	275	50	1	251822	252646	25	257	9.93e-114	370
JAPEHQ010000026.1	sp|O59950|RS4_YARLI	65.1	275	54	1	251822	252646	25	257	1.84e-109	357
JAPEHQ010000026.1	sp|P0CX35|RS4A_YEAST	62.9	275	60	1	251822	252646	25	257	9.28e-107	350
JAPEHQ010000026.1	sp|P0CX36|RS4B_YEAST	62.9	275	60	1	251822	252646	25	257	9.28e-107	350
JAPEHQ010000026.1	sp|Q6T3U3|NPCL1_RAT	37.7	645	369	12	118919	120817	620	1243	1.44e-106	384
JAPEHQ010000026.1	sp|Q6T3U4|NPCL1_MOUSE	38.0	645	367	12	118919	120817	620	1243	4.77e-106	382
JAPEHQ010000026.1	sp|Q90YS0|RS4_ICTPU	59.4	276	70	1	251822	252649	25	258	4.08e-105	345
JAPEHQ010000026.1	sp|Q642H9|RS4X_DANRE	58.0	276	74	1	251822	252649	25	258	1.91e-104	343
JAPEHQ010000026.1	sp|Q54WE5|PRP4B_DICDI	48.4	364	164	4	128170	129255	467	808	5.16e-104	363
JAPEHQ010000026.1	sp|P47961|RS4_CRIGR	58.7	276	72	1	251822	252649	25	258	2.27e-103	340
JAPEHQ010000026.1	sp|Q76N24|RS4X_CHLAE	58.7	276	72	1	251822	252649	25	258	3.10e-103	340
JAPEHQ010000026.1	sp|P62705|RS4X_FELCA	58.7	276	72	1	251822	252649	25	258	3.10e-103	340
JAPEHQ010000026.1	sp|P62701|RS4X_HUMAN	58.7	276	72	1	251822	252649	25	258	3.10e-103	340
JAPEHQ010000027.1	sp|O48844|PSD1A_ARATH	48.9	892	405	11	18205	15590	107	967	2.58e-230	736
JAPEHQ010000027.1	sp|O74762|RPN2_SCHPO	45.8	885	399	9	18205	15605	111	932	4.64e-230	733
JAPEHQ010000027.1	sp|Q5F418|PSMD1_CHICK	47.7	898	387	10	18205	15578	101	937	2.12e-227	725
JAPEHQ010000027.1	sp|Q99460|PSMD1_HUMAN	47.3	900	385	10	18205	15578	101	935	3.14e-226	722
JAPEHQ010000027.1	sp|O88761|PSMD1_RAT	47.3	903	381	11	18205	15578	101	935	3.14e-226	722
JAPEHQ010000027.1	sp|Q3TXS7|PSMD1_MOUSE	47.3	900	385	10	18205	15578	101	935	5.81e-226	721
JAPEHQ010000027.1	sp|Q5R5S4|PSMD1_PONAB	47.3	900	385	10	18205	15578	101	935	5.81e-226	721
JAPEHQ010000027.1	sp|Q9MAT0|PSD1B_ARATH	47.9	902	392	14	18205	15590	107	960	5.83e-226	723
JAPEHQ010000027.1	sp|Q9V3P6|PSMD1_DROME	46.9	922	408	14	18205	15602	102	995	3.60e-223	716
JAPEHQ010000027.1	sp|Q54JM5|PSMD1_DICDI	44.7	890	419	12	18211	15593	98	931	4.80e-195	632
JAPEHQ010000027.1	sp|Q75CF3|RPN2_ASHGO	40.0	908	401	12	18205	15605	102	906	1.72e-180	588
JAPEHQ010000027.1	sp|Q6FIP2|RPN2_CANGA	49.1	627	272	8	17428	15605	316	914	3.67e-164	541
JAPEHQ010000027.1	sp|P08183|MDR1_HUMAN	43.5	747	383	14	70023	67813	557	1274	1.77e-155	527
JAPEHQ010000027.1	sp|P21449|MDR2_CRIGR	41.8	744	395	11	70023	67819	556	1270	8.04e-154	522
JAPEHQ010000027.1	sp|P21448|MDR1_CRIGR	42.9	743	393	11	70023	67813	554	1271	2.67e-153	521
JAPEHQ010000027.1	sp|P21447|MDR1A_MOUSE	42.5	743	396	12	70023	67813	553	1270	8.85e-150	510
JAPEHQ010000027.1	sp|P32565|RPN2_YEAST	36.6	905	448	15	18205	15605	102	918	1.48e-149	499
JAPEHQ010000027.1	sp|P06795|MDR1B_MOUSE	40.7	749	396	10	70023	67819	556	1270	4.36e-148	505
JAPEHQ010000027.1	sp|P21440|MDR3_MOUSE	42.0	745	394	11	70023	67813	556	1270	2.90e-146	500
JAPEHQ010000027.1	sp|Q08201|MDR3_RAT	41.4	747	398	11	70023	67813	556	1272	3.32e-145	497
JAPEHQ010000027.1	sp|P21439|MDR3_HUMAN	41.5	754	392	12	70023	67813	559	1280	9.71e-145	496
JAPEHQ010000027.1	sp|P23174|MDR3_CRIGR	41.8	747	395	11	70023	67813	559	1275	1.17e-144	495
JAPEHQ010000027.1	sp|P43245|MDR1_RAT	39.8	746	408	13	70023	67819	556	1271	6.31e-141	484
JAPEHQ010000027.1	sp|Q9Y8G1|ATRD_EMEND	30.6	1328	800	21	71667	67804	100	1345	2.05e-136	473
JAPEHQ010000027.1	sp|A0A059JJ46|MDR2_TRIIM	39.9	747	428	8	70023	67804	596	1328	3.58e-136	471
JAPEHQ010000028.1	sp|Q9UTJ7|SDHA_SCHPO	80.5	594	116	0	71337	69556	48	641	0.0	991
JAPEHQ010000028.1	sp|Q00711|SDHA_YEAST	75.4	597	146	1	71343	69556	44	640	5.65e-303	929
JAPEHQ010000028.1	sp|P47052|SDHX_YEAST	75.4	598	146	1	71346	69556	37	634	8.61e-301	922
JAPEHQ010000028.1	sp|O82663|SDHA1_ARATH	76.2	601	137	4	71352	69556	38	634	2.30e-296	909
JAPEHQ010000028.1	sp|Q6ZDY8|SDHA_ORYSJ	75.4	597	143	3	71343	69556	37	630	6.10e-293	899
JAPEHQ010000028.1	sp|Q9ZPX5|SDHA2_ARATH	75.0	597	145	3	71343	69556	39	632	1.06e-291	896
JAPEHQ010000028.1	sp|Q94523|SDHA_DROME	70.7	615	162	2	71349	69556	48	661	8.26e-287	883
JAPEHQ010000028.1	sp|Q7ZVF3|SDHA_DANRE	70.2	615	165	2	71349	69556	48	661	9.76e-286	880
JAPEHQ010000028.1	sp|Q9YHT1|SDHA_CHICK	70.6	615	163	2	71349	69556	52	665	3.89e-285	879
JAPEHQ010000028.1	sp|Q5R616|SDHA_PONAB	69.8	615	168	2	71349	69556	51	664	3.85e-283	873
JAPEHQ010000028.1	sp|P31040|SDHA_HUMAN	69.8	615	168	2	71349	69556	51	664	7.14e-283	872
JAPEHQ010000028.1	sp|Q28ED0|SDHA_XENTR	69.9	615	165	4	71349	69556	54	665	8.75e-282	869
JAPEHQ010000028.1	sp|Q8K2B3|SDHA_MOUSE	69.6	615	169	2	71349	69556	51	664	1.15e-281	868
JAPEHQ010000028.1	sp|Q920L2|SDHA_RAT	68.9	615	173	2	71349	69556	43	656	1.59e-281	868
JAPEHQ010000028.1	sp|Q9U3X4|SDHA_DICDI	71.5	596	168	2	71340	69556	32	626	1.80e-281	866
JAPEHQ010000028.1	sp|Q8HXW3|SDHA_MACFA	69.4	615	170	2	71349	69556	51	664	2.13e-281	868
JAPEHQ010000028.1	sp|Q0QF01|SDHA_PIG	69.4	615	170	2	71349	69556	51	664	5.38e-281	867
JAPEHQ010000028.1	sp|Q801S2|SDHAB_XENLA	69.6	615	167	4	71349	69556	54	665	1.92e-280	865
JAPEHQ010000028.1	sp|Q6PA58|SDHAA_XENLA	69.8	615	166	4	71349	69556	54	665	4.84e-280	864
JAPEHQ010000028.1	sp|P31039|SDHA_BOVIN	69.1	615	172	2	71349	69556	52	665	5.72e-279	861
JAPEHQ010000028.1	sp|Q0QF17|SDHA_MESAU	73.0	545	146	1	71325	69691	1	544	4.29e-263	810
JAPEHQ010000028.1	sp|Q1RHB9|SDHA_RICBR	65.9	596	201	2	71343	69556	3	596	4.22e-262	809
JAPEHQ010000028.1	sp|Q92J97|SDHA_RICCN	66.7	594	196	2	71337	69556	5	596	1.45e-261	808
JAPEHQ010000028.1	sp|Q4UJM1|SDHA_RICFE	66.5	594	197	2	71337	69556	5	596	1.45e-261	808
JAPEHQ010000028.1	sp|Q09508|SDHA_CAEEL	66.2	613	190	1	71343	69556	34	646	3.59e-261	809
JAPEHQ010000029.1	sp|D4B1R0|GCP1_ARTBC	40.0	690	377	16	55770	57797	45	711	5.97e-144	474
JAPEHQ010000029.1	sp|Q7Y228|LAMP1_ARATH	38.0	693	366	16	55737	57779	15	655	3.73e-121	406
JAPEHQ010000029.1	sp|Q9Y3Q0|NALD2_HUMAN	35.9	699	396	19	55818	57812	58	738	2.57e-116	394
JAPEHQ010000029.1	sp|P70627|FOLH1_RAT	34.8	727	401	21	55761	57812	54	750	4.66e-114	388
JAPEHQ010000029.1	sp|Q9CZR2|NALD2_MOUSE	36.2	676	380	19	55788	57728	49	702	6.18e-114	387
JAPEHQ010000029.1	sp|O77564|FOLH1_PIG	35.8	674	387	18	55788	57728	59	713	5.90e-112	382
JAPEHQ010000029.1	sp|O35409|FOLH1_MOUSE	35.3	702	396	21	55818	57812	70	750	2.05e-111	380
JAPEHQ010000029.1	sp|Q04609|FOLH1_HUMAN	35.4	673	389	17	55791	57728	59	712	2.63e-111	380
JAPEHQ010000029.1	sp|Q9UTT1|UBP21_SCHPO	66.3	282	93	1	39990	40835	158	437	6.92e-110	387
JAPEHQ010000029.1	sp|Q9M1S8|GCP2_ARATH	36.2	687	381	16	55788	57818	65	704	1.01e-109	374
JAPEHQ010000029.1	sp|A0A1D6L709|VP8_MAIZE	35.7	694	376	18	55776	57803	49	690	2.31e-109	373
JAPEHQ010000029.1	sp|Q09879|UBP5_SCHPO	62.1	282	105	1	39990	40835	141	420	1.29e-103	368
JAPEHQ010000029.1	sp|Q852M4|PLAT3_ORYSJ	35.1	707	381	22	55770	57818	82	734	4.38e-102	353
JAPEHQ010000029.1	sp|P50101|UBP15_YEAST	61.9	281	105	1	39993	40835	134	412	7.94e-102	365
JAPEHQ010000029.1	sp|Q9UQQ1|NALDL_HUMAN	34.8	683	381	26	55824	57761	57	712	1.68e-93	328
JAPEHQ010000029.1	sp|Q7M758|NALDL_MOUSE	34.9	684	384	27	55782	57722	44	703	8.62e-93	326
JAPEHQ010000029.1	sp|Q9FPT1|UBP12_ARATH	59.9	282	100	3	39993	40835	138	407	1.13e-92	335
JAPEHQ010000029.1	sp|Q84WU2|UBP13_ARATH	59.9	282	100	3	39993	40835	137	406	1.49e-92	335
JAPEHQ010000029.1	sp|O54697|NALDL_RAT	33.1	713	394	26	55782	57782	44	719	4.38e-91	321
JAPEHQ010000029.1	sp|Q9VYQ8|UBP7_DROME	57.7	279	103	4	39999	40832	183	447	1.01e-84	311
JAPEHQ010000029.1	sp|Q6A4J8|UBP7_MOUSE	55.7	287	114	4	39975	40835	149	422	2.31e-83	306
JAPEHQ010000029.1	sp|Q6U7I1|UBP7_CHICK	55.4	287	115	4	39975	40835	148	421	4.02e-83	306
JAPEHQ010000029.1	sp|Q93009|UBP7_HUMAN	55.7	287	114	4	39975	40835	148	421	7.30e-83	305
JAPEHQ010000029.1	sp|Q4VSI4|UBP7_RAT	55.7	287	114	4	39975	40835	149	422	7.40e-83	305
JAPEHQ010000029.1	sp|Q5WN23|GCP2_CAEBR	32.4	692	398	21	55791	57728	66	733	7.36e-80	288
JAPEHQ010000030.1	sp|Q8TGM6|TAR1_YEAST	61.6	86	33	0	37341	37084	13	98	3.98e-24	105
JAPEHQ010000030.1	sp|Q6CQE5|TAR1_KLULA	64.9	77	27	0	37314	37084	7	83	6.76e-22	98.2
JAPEHQ010000030.1	sp|Q8TGM7|ART2_YEAST	84.9	53	8	0	2428	2270	1	53	7.71e-22	96.3
JAPEHQ010000030.1	sp|Q3E811|RRT15_YEAST	91.5	47	4	0	2428	2288	1	47	2.75e-21	94.7
JAPEHQ010000030.1	sp|P0C5Q0|YL54F_YEAST	82.1	28	5	0	8376	8293	17	44	9.83e-06	50.1
JAPEHQ010000031.1	sp|P50367|NU5M_RHIST	96.7	657	19	2	27251	29221	1	654	0.0	1231
JAPEHQ010000031.1	sp|P80440|COX1_ALLMA	80.6	532	101	1	23664	22075	5	536	2.22e-290	886
JAPEHQ010000031.1	sp|Q0H8Y4|COX1_USTMA	80.0	529	104	2	23658	22075	1	528	1.32e-284	869
JAPEHQ010000031.1	sp|Q3T4F3|NU2M_RHIOR	89.9	523	32	2	21493	19988	1	523	1.36e-270	829
JAPEHQ010000031.1	sp|Q0H8X0|NU5M_USTMA	66.5	624	208	1	27251	29119	1	624	4.88e-268	828
JAPEHQ010000031.1	sp|P24794|COX1_BETVU	73.7	528	126	2	23664	22084	2	517	1.60e-262	806
JAPEHQ010000031.1	sp|P60620|COX1_ARATH	74.7	526	122	3	23661	22084	3	517	1.78e-262	806
JAPEHQ010000031.1	sp|P60621|COX1_RAPSA	74.7	526	122	3	23661	22084	3	517	1.78e-262	806
JAPEHQ010000031.1	sp|Q85T01|NU5M_CRYNH	62.0	665	240	2	27251	29215	1	662	8.58e-262	810
JAPEHQ010000031.1	sp|P68540|COX1_AEGCO	73.9	528	125	2	23664	22084	2	517	1.39e-261	803
JAPEHQ010000031.1	sp|P68539|COX1_WHEAT	73.9	528	125	2	23664	22084	2	517	1.39e-261	803
JAPEHQ010000031.1	sp|P08742|COX1_MAIZE	73.5	529	127	2	23664	22081	2	518	1.61e-261	803
JAPEHQ010000031.1	sp|P05502|COX1_SORBI	73.5	529	127	2	23664	22081	2	518	1.74e-261	803
JAPEHQ010000031.1	sp|P26856|COX1_MARPO	74.4	523	121	2	23652	22084	7	516	6.04e-261	801
JAPEHQ010000031.1	sp|P14578|COX1_ORYSJ	73.5	528	127	2	23664	22084	2	517	6.51e-261	801
JAPEHQ010000031.1	sp|Q05143|COX1_PROWI	73.9	524	124	2	23658	22087	2	512	8.83e-257	789
JAPEHQ010000031.1	sp|P03945|COX1_NEUCR	72.5	527	141	3	23652	22075	10	533	2.42e-254	784
JAPEHQ010000031.1	sp|P48866|COX1_CHOCR	71.1	523	142	3	23652	22084	11	524	8.58e-252	775
JAPEHQ010000031.1	sp|P00402|COX1_EMEND	73.1	527	138	3	23652	22075	44	567	2.72e-250	773
JAPEHQ010000031.1	sp|P20681|COX1_PODAN	71.7	527	145	3	23652	22075	11	534	3.58e-250	771
JAPEHQ010000031.1	sp|P07506|COX1_SOYBN	71.8	529	134	3	23664	22084	2	517	1.85e-249	768
JAPEHQ010000031.1	sp|P12786|COX1_PEA	71.3	529	137	3	23664	22084	2	517	1.91e-247	763
JAPEHQ010000031.1	sp|Q35101|COX1_METSE	71.7	526	133	4	23658	22084	6	516	2.13e-247	763
JAPEHQ010000031.1	sp|Q02211|COX1_PHYME	76.3	472	112	0	23649	22234	13	484	6.16e-247	759
JAPEHQ010000031.1	sp|Q01555|COX1_TRIRU	70.7	526	152	2	23652	22075	5	528	4.48e-244	753
JAPEHQ010000033.1	sp|O74314|MET7_SCHPO	44.0	484	197	10	7957	6569	8	438	2.34e-101	345
JAPEHQ010000033.1	sp|P38675|MET7_NEUCR	41.5	484	214	14	7948	6569	2	440	3.70e-91	316
JAPEHQ010000033.1	sp|P47164|MET7_YEAST	34.8	500	231	12	7936	6569	6	454	1.63e-66	244
JAPEHQ010000033.1	sp|Q5A4Q1|KAD2_CANAL	60.6	193	54	3	21348	21920	3	175	1.24e-62	219
JAPEHQ010000033.1	sp|A3LV51|KAD2_PICST	61.7	193	52	3	21348	21920	3	175	1.24e-62	219
JAPEHQ010000033.1	sp|Q6BLN9|KAD2_DEBHA	60.6	193	54	3	21348	21920	3	175	3.12e-62	218
JAPEHQ010000033.1	sp|B2W0K4|KAD2_PYRTR	58.1	203	62	2	21324	21920	1	184	4.01e-62	219
JAPEHQ010000033.1	sp|Q04533|METX_YEAST	31.5	530	216	11	7942	6569	8	462	9.82e-62	230
JAPEHQ010000033.1	sp|B0D360|KAD2_LACBS	56.3	197	64	2	21339	21920	4	181	1.83e-61	216
JAPEHQ010000033.1	sp|Q0V3D5|KAD2_PHANO	57.8	204	62	2	21324	21920	1	185	1.94e-61	217
JAPEHQ010000033.1	sp|A8PAA1|KAD2_COPC7	56.9	197	63	2	21339	21920	4	181	8.59e-61	214
JAPEHQ010000033.1	sp|A6RPU0|KAD2_BOTFB	57.9	202	63	2	21324	21920	4	186	1.57e-60	214
JAPEHQ010000033.1	sp|A5DC72|KAD2_PICGU	59.4	192	56	3	21351	21920	3	174	1.62e-60	213
JAPEHQ010000033.1	sp|A5E598|KAD2_LODEL	56.9	197	59	3	21348	21920	3	179	4.81e-60	212
JAPEHQ010000033.1	sp|A1D3M8|KAD2_NEOFI	57.6	203	63	3	21324	21920	1	184	1.05e-59	211
JAPEHQ010000033.1	sp|Q6CG57|KAD2_YARLI	56.9	197	61	3	21342	21920	2	178	1.60e-59	211
JAPEHQ010000033.1	sp|B0XPW9|KAD2_ASPFC	57.1	203	64	3	21324	21920	1	184	3.60e-59	210
JAPEHQ010000033.1	sp|Q4WJ21|KAD2_ASPFU	57.1	203	64	3	21324	21920	1	184	3.60e-59	210
JAPEHQ010000033.1	sp|Q2UBH0|KAD2_ASPOR	58.9	192	56	3	21357	21920	12	184	6.90e-59	209
JAPEHQ010000033.1	sp|Q5B2V8|KAD2_EMENI	57.4	204	62	3	21324	21920	1	184	9.69e-59	209
JAPEHQ010000033.1	sp|A7E8H8|KAD2_SCLS1	60.0	190	51	3	21369	21920	16	186	1.61e-58	209
JAPEHQ010000033.1	sp|Q2GVK6|KAD2_CHAGB	60.4	187	52	2	21369	21920	15	182	2.19e-58	208
JAPEHQ010000033.1	sp|Q0C7Y1|KAD2_ASPTN	58.1	191	58	2	21357	21920	12	183	2.30e-58	207
JAPEHQ010000033.1	sp|A1CQR5|KAD2_ASPCL	57.8	192	58	3	21357	21920	12	184	4.26e-58	207
JAPEHQ010000033.1	sp|Q9UR24|RHP26_SCHPO	30.9	614	299	9	23705	25501	285	788	5.04e-58	225
JAPEHQ010000034.1	sp|P25737|LYSP_ECOLI	38.7	597	225	7	13942	15681	9	481	1.55e-108	361
JAPEHQ010000034.1	sp|A2RNZ6|LYSP_LACLM	36.4	566	253	9	14041	15702	38	508	9.02e-86	296
JAPEHQ010000034.1	sp|Q31PM2|HEM3_SYNE7	46.7	353	135	5	11503	10445	1	300	5.95e-83	281
JAPEHQ010000034.1	sp|P73660|HEM3_SYNY3	44.8	373	146	4	11503	10385	1	313	8.10e-83	280
JAPEHQ010000034.1	sp|A2RI97|HISP_LACLM	36.8	554	253	8	14041	15687	12	473	1.05e-82	286
JAPEHQ010000034.1	sp|Q8DIE4|HEM3_THEEB	45.7	370	141	4	11494	10385	3	312	5.16e-82	278
JAPEHQ010000034.1	sp|Q8YVU6|HEM3_NOSS1	42.4	370	153	5	11494	10385	6	315	4.36e-78	267
JAPEHQ010000034.1	sp|A5GSE0|HEM3_SYNR3	44.6	363	141	4	11473	10385	7	309	6.65e-78	266
JAPEHQ010000034.1	sp|Q3ALS9|HEM3_SYNSC	44.0	368	146	4	11488	10385	2	309	9.05e-78	266
JAPEHQ010000034.1	sp|Q7VD89|HEM3_PROMA	43.6	360	143	4	11473	10394	7	306	1.15e-77	265
JAPEHQ010000034.1	sp|Q7U5C2|HEM3_SYNPX	43.5	368	148	4	11488	10385	2	309	2.28e-77	265
JAPEHQ010000034.1	sp|A2C7L8|HEM3_PROM3	43.2	366	148	3	11482	10385	4	309	3.11e-77	264
JAPEHQ010000034.1	sp|Q7V697|HEM3_PROMM	43.2	366	148	3	11482	10385	4	309	5.76e-77	263
JAPEHQ010000034.1	sp|Q3AWQ4|HEM3_SYNS9	44.8	368	143	5	11488	10385	2	309	7.84e-77	263
JAPEHQ010000034.1	sp|A2BPX7|HEM3_PROMS	42.4	363	149	4	11473	10385	7	309	6.57e-76	260
JAPEHQ010000034.1	sp|A2C0V4|HEM3_PROM1	42.7	363	148	4	11473	10385	7	309	1.18e-75	259
JAPEHQ010000034.1	sp|A9BEB6|HEM3_PROM4	42.4	363	149	5	11473	10385	7	309	2.26e-75	259
JAPEHQ010000034.1	sp|A3PBM0|HEM3_PROM0	41.6	363	152	4	11473	10385	7	309	3.07e-75	258
JAPEHQ010000034.1	sp|Q0I8I3|HEM3_SYNS3	43.0	363	147	3	11473	10385	7	309	3.07e-75	258
JAPEHQ010000034.1	sp|A8G3L1|HEM3_PROM2	42.1	363	150	4	11473	10385	7	309	2.08e-74	256
JAPEHQ010000034.1	sp|Q31C38|HEM3_PROM9	45.1	319	125	2	11473	10517	7	275	4.93e-74	255
JAPEHQ010000034.1	sp|Q46GS7|HEM3_PROMT	41.9	363	151	4	11473	10385	7	309	6.49e-74	254
JAPEHQ010000034.1	sp|Q7NGF7|HEM3_GLOVI	44.9	363	140	6	11470	10385	7	310	1.82e-73	254
JAPEHQ010000034.1	sp|A2BVF7|HEM3_PROM5	40.6	347	156	2	11485	10445	3	299	9.30e-72	248
JAPEHQ010000034.1	sp|Q7V2I1|HEM3_PROMP	40.8	343	153	2	11473	10445	7	299	1.72e-71	248
JAPEHQ010000037.1	sp|Q08925|MRN1_YEAST	28.3	166	112	1	562	86	201	366	3.25e-07	61.2
JAPEHQ010000037.1	sp|Q09702|NRD1_SCHPO	27.8	151	107	1	565	119	114	264	1.76e-05	55.5
JAPEHQ010000039.1	sp|Q08745|RS10A_YEAST	67.9	53	17	0	19066	19224	18	70	1.91e-16	81.6
JAPEHQ010000039.1	sp|P46784|RS10B_YEAST	67.9	53	17	0	19066	19224	18	70	1.91e-16	81.6
JAPEHQ010000039.1	sp|O14112|RS10A_SCHPO	63.5	52	19	0	19069	19224	19	70	2.72e-15	79.7
JAPEHQ010000039.1	sp|O13614|RS10B_SCHPO	63.5	52	19	0	19069	19224	19	70	2.95e-15	79.7
JAPEHQ010000039.1	sp|O77302|RS10_LUMRU	60.4	53	21	0	19066	19224	18	70	2.83e-13	74.3
JAPEHQ010000039.1	sp|P0DKK8|RS10A_ORYSJ	58.9	56	22	1	19066	19230	18	73	1.86e-12	72.8
JAPEHQ010000039.1	sp|P0DKK9|RS10B_ORYSJ	58.9	56	22	1	19066	19230	18	73	1.86e-12	72.8
JAPEHQ010000039.1	sp|Q962R9|RS10_SPOFR	55.6	54	23	1	19066	19224	18	71	2.23e-11	68.9
JAPEHQ010000039.1	sp|Q9SW09|RS101_ARATH	49.2	65	32	1	19066	19257	18	82	4.72e-11	68.6
JAPEHQ010000039.1	sp|Q9VB14|RS10A_DROME	55.6	54	23	1	19066	19224	18	71	1.17e-10	67.0
JAPEHQ010000039.1	sp|Q3T0F4|RS10_BOVIN	53.6	56	23	1	19066	19224	18	73	4.18e-10	65.5
JAPEHQ010000039.1	sp|P46783|RS10_HUMAN	53.6	56	23	1	19066	19224	18	73	4.18e-10	65.5
JAPEHQ010000039.1	sp|P63325|RS10_MOUSE	53.6	56	23	1	19066	19224	18	73	4.18e-10	65.5
JAPEHQ010000039.1	sp|P63326|RS10_RAT	53.6	56	23	1	19066	19224	18	73	4.18e-10	65.5
JAPEHQ010000039.1	sp|Q07254|RS10_XENLA	53.6	56	23	1	19066	19224	18	73	4.18e-10	65.5
JAPEHQ010000039.1	sp|Q9LTF2|RS103_ARATH	47.7	65	33	1	19066	19257	18	82	5.71e-10	65.5
JAPEHQ010000039.1	sp|Q9VWG3|RS10B_DROME	55.6	54	23	1	19066	19224	18	71	6.89e-10	64.7
JAPEHQ010000039.1	sp|Q9NQ39|RS10L_HUMAN	53.6	56	23	1	19066	19224	18	73	2.47e-09	63.5
JAPEHQ010000039.1	sp|Q9FFS8|RS102_ARATH	53.7	54	24	1	19066	19224	18	71	6.71e-09	62.4
JAPEHQ010000039.1	sp|O77082|RS10_DICDI	50.0	54	26	1	19066	19224	19	72	7.02e-09	61.6
JAPEHQ010000039.1	sp|Q90YR4|RS10_ICTPU	53.6	56	23	1	19066	19224	18	73	1.25e-08	61.2
JAPEHQ010000039.1	sp|Q6BP03|TRM82_DEBHA	25.7	191	115	6	17429	16938	252	442	4.71e-04	50.4
JAPEHQ010000041.1	sp|P54872|HMCSA_DICDI	47.6	210	106	3	709	83	60	266	1.53e-45	177
JAPEHQ010000041.1	sp|Q8JZK9|HMCS1_MOUSE	46.7	214	107	4	727	101	66	277	2.46e-45	178
JAPEHQ010000041.1	sp|Q5R7Z9|HMCS1_PONAB	47.8	203	101	3	694	101	75	277	3.32e-45	177
JAPEHQ010000041.1	sp|Q01581|HMCS1_HUMAN	47.8	203	101	3	694	101	75	277	4.47e-45	177
JAPEHQ010000041.1	sp|P17425|HMCS1_RAT	46.7	214	107	4	727	101	66	277	6.03e-45	177
JAPEHQ010000041.1	sp|Q86HL5|HMCSB_DICDI	45.7	208	110	2	703	83	62	267	9.36e-45	175
JAPEHQ010000041.1	sp|P54961|HMCS1_BLAGE	45.8	216	103	4	727	95	55	261	1.24e-44	174
JAPEHQ010000041.1	sp|P23228|HMCS1_CHICK	46.3	214	108	4	727	101	66	277	2.07e-44	175
JAPEHQ010000041.1	sp|Q2KIE6|HMCS2_BOVIN	36.4	316	158	8	1033	101	37	314	2.13e-44	175
JAPEHQ010000041.1	sp|P13704|HMCS1_CRIGR	45.3	214	110	3	727	101	66	277	2.69e-44	175
JAPEHQ010000041.1	sp|P53974|ARK1_YEAST	46.7	169	88	1	5493	5999	144	310	1.44e-43	175
JAPEHQ010000041.1	sp|Q9UU85|PPK38_SCHPO	50.0	170	79	2	5493	5996	151	316	1.70e-43	175
JAPEHQ010000041.1	sp|P40494|PRK1_YEAST	50.3	167	81	1	5493	5993	143	307	1.78e-43	177
JAPEHQ010000041.1	sp|P54873|HMCS_ARATH	45.0	209	111	3	706	83	59	264	2.21e-43	171
JAPEHQ010000041.1	sp|Q9USS2|PPK29_SCHPO	50.6	168	80	2	5493	5996	148	312	2.85e-43	177
JAPEHQ010000041.1	sp|P54868|HMCS2_HUMAN	34.8	319	165	7	1042	101	34	314	3.14e-43	171
JAPEHQ010000041.1	sp|P54869|HMCS2_MOUSE	43.9	214	113	4	727	101	103	314	2.54e-42	169
JAPEHQ010000041.1	sp|P22791|HMCS2_RAT	43.9	214	113	4	727	101	103	314	2.54e-42	169
JAPEHQ010000041.1	sp|O43066|PPK30_SCHPO	50.3	169	80	2	5493	5996	172	337	5.54e-42	174
JAPEHQ010000041.1	sp|P54870|HMCS2_BLAGE	43.7	213	113	3	715	95	59	270	5.91e-41	163
JAPEHQ010000041.1	sp|O02734|HMCS2_PIG	41.1	214	119	3	727	101	103	314	3.25e-39	159
JAPEHQ010000041.1	sp|P54874|HMCS_SCHPO	45.4	205	100	3	697	101	65	263	4.54e-39	157
JAPEHQ010000041.1	sp|F9X3D9|HCS1_ZYMTI	41.3	223	117	3	715	83	59	279	1.07e-38	157
JAPEHQ010000041.1	sp|Q54VV7|Y0111_DICDI	51.6	161	75	2	5493	5972	132	290	2.01e-38	163
JAPEHQ010000041.1	sp|F1MH24|AAK1_BOVIN	46.5	172	88	2	5493	6008	161	328	5.19e-38	161
JAPEHQ010000042.1	sp|D4B1R0|GCP1_ARTBC	40.8	598	320	14	12869	11118	134	711	2.59e-125	418
JAPEHQ010000042.1	sp|Q7Y228|LAMP1_ARATH	39.4	589	299	13	12869	11136	114	655	7.95e-112	377
JAPEHQ010000042.1	sp|Q9Y3Q0|NALD2_HUMAN	36.9	609	338	16	12839	11103	146	738	2.27e-106	363
JAPEHQ010000042.1	sp|Q9CZR2|NALD2_MOUSE	37.6	574	318	14	12839	11187	146	702	2.58e-105	360
JAPEHQ010000042.1	sp|P70627|FOLH1_RAT	36.1	617	332	16	12839	11103	158	750	1.60e-104	358
JAPEHQ010000042.1	sp|O77564|FOLH1_PIG	37.1	574	321	15	12839	11187	157	713	9.12e-102	350
JAPEHQ010000042.1	sp|Q04609|FOLH1_HUMAN	36.8	574	323	14	12839	11187	156	712	1.20e-101	350
JAPEHQ010000042.1	sp|O35409|FOLH1_MOUSE	36.3	612	338	18	12839	11103	158	750	3.55e-100	346
JAPEHQ010000042.1	sp|Q9M1S8|GCP2_ARATH	37.0	600	329	14	12866	11097	144	704	1.86e-98	339
JAPEHQ010000042.1	sp|A0A1D6L709|VP8_MAIZE	35.6	598	325	15	12863	11112	139	690	2.60e-97	336
JAPEHQ010000042.1	sp|Q852M4|PLAT3_ORYSJ	35.7	602	317	19	12836	11097	181	734	1.87e-92	323
JAPEHQ010000042.1	sp|Q7M758|NALDL_MOUSE	37.0	576	316	21	12842	11193	149	703	1.97e-88	311
JAPEHQ010000042.1	sp|Q9UQQ1|NALDL_HUMAN	36.4	594	322	21	12842	11154	144	712	2.37e-88	311
JAPEHQ010000042.1	sp|O54697|NALDL_RAT	34.8	601	331	20	12842	11133	149	719	2.97e-87	308
JAPEHQ010000042.1	sp|Q9HBA9|FOH1B_HUMAN	36.5	405	227	10	12335	11187	8	404	5.09e-74	259
JAPEHQ010000042.1	sp|Q5WN23|GCP2_CAEBR	33.2	584	327	17	12815	11187	172	733	1.56e-71	262
JAPEHQ010000042.1	sp|O43023|YGV9_SCHPO	31.5	600	354	18	12833	11106	226	792	1.32e-67	251
JAPEHQ010000042.1	sp|P91406|GCP2_CAEEL	31.8	592	333	18	12815	11175	172	737	2.40e-65	243
JAPEHQ010000042.1	sp|Q9GLD3|TFR1_CANLF	26.8	590	361	16	12824	11100	229	762	3.42e-42	173
JAPEHQ010000042.1	sp|Q2V905|TFR1_HORSE	26.6	586	367	13	12824	11100	226	759	5.89e-42	172
JAPEHQ010000042.1	sp|Q90997|TFR1_CHICK	27.3	597	381	17	12863	11100	216	768	1.46e-40	168
JAPEHQ010000042.1	sp|Q9JKX3|TFR2_MOUSE	34.0	312	185	8	4403	3474	251	543	2.13e-38	161
JAPEHQ010000042.1	sp|Q08693|TRE2_YEAST	24.1	320	186	9	12824	11913	250	528	5.60e-14	83.2
JAPEHQ010000042.1	sp|A7UI09|LAP2_TRIEQ	28.0	143	84	5	12293	11871	220	345	6.56e-05	53.1
JAPEHQ010000042.1	sp|A7UI10|LAP2_TRITO	28.0	143	84	5	12293	11871	220	345	6.56e-05	53.1
JAPEHQ010000044.1	sp|D4ACP5|RECQ5_RAT	28.9	218	130	8	7404	6808	161	372	3.91e-13	80.5
JAPEHQ010000044.1	sp|Q8VID5|RECQ5_MOUSE	28.9	218	130	8	7404	6808	161	372	6.76e-13	79.7
JAPEHQ010000044.1	sp|O94762|RECQ5_HUMAN	29.0	214	134	8	7404	6808	161	371	2.62e-12	77.8
JAPEHQ010000044.1	sp|P35187|SGS1_YEAST	28.2	238	154	9	7404	6718	812	1041	3.98e-12	77.4
JAPEHQ010000044.1	sp|P71359|RECQ_HAEIN	31.0	226	144	8	7404	6745	153	372	5.46e-12	76.3
JAPEHQ010000044.1	sp|Q9CL21|RECQ_PASMU	33.3	201	122	8	7404	6820	163	357	2.88e-11	73.9
JAPEHQ010000044.1	sp|O34748|RECQ_BACSU	27.2	202	136	7	7404	6817	143	339	2.40e-10	70.9
JAPEHQ010000046.1	sp|P35072|TCB1_CAEBR	36.1	83	51	1	639	391	193	273	5.94e-06	55.1
JAPEHQ010000046.1	sp|Q04202|TCB2_CAEBR	34.5	84	51	3	639	391	193	273	2.53e-05	53.1
JAPEHQ010000047.1	sp|A7E8H8|KAD2_SCLS1	48.5	260	94	3	783	4	40	259	4.96e-66	229
JAPEHQ010000047.1	sp|Q0V3D5|KAD2_PHANO	50.8	252	84	3	762	7	46	257	9.81e-66	229
JAPEHQ010000047.1	sp|B0XPW9|KAD2_ASPFC	49.0	257	91	3	774	4	41	257	1.77e-65	227
JAPEHQ010000047.1	sp|Q4WJ21|KAD2_ASPFU	49.0	257	91	3	774	4	41	257	1.77e-65	227
JAPEHQ010000047.1	sp|B2W0K4|KAD2_PYRTR	50.8	252	84	3	762	7	45	256	2.40e-65	228
JAPEHQ010000047.1	sp|A1D3M8|KAD2_NEOFI	48.6	257	92	3	774	4	41	257	6.08e-65	226
JAPEHQ010000047.1	sp|Q5B2V8|KAD2_EMENI	49.6	252	87	3	762	7	45	256	6.49e-65	226
JAPEHQ010000047.1	sp|A6RHI1|KAD2_AJECN	49.2	252	88	3	762	7	48	259	8.51e-65	226
JAPEHQ010000047.1	sp|Q74ZL1|KAD2_ASHGO	49.8	247	84	3	762	22	65	271	8.51e-65	226
JAPEHQ010000047.1	sp|Q1E4I8|KAD2_COCIM	49.0	253	89	3	762	4	48	260	9.43e-65	225
JAPEHQ010000047.1	sp|Q0C7Y1|KAD2_ASPTN	48.2	257	93	3	774	4	40	256	1.54e-64	224
JAPEHQ010000047.1	sp|A1CQR5|KAD2_ASPCL	47.3	260	97	3	783	4	38	257	2.85e-64	224
JAPEHQ010000047.1	sp|A2QPN9|KAD2_ASPNC	47.8	255	93	3	774	10	41	255	2.94e-64	224
JAPEHQ010000047.1	sp|A6RPU0|KAD2_BOTFB	49.0	253	89	4	762	4	47	259	3.73e-64	224
JAPEHQ010000047.1	sp|A3LV51|KAD2_PICST	49.4	251	87	3	774	22	32	242	4.08e-64	223
JAPEHQ010000047.1	sp|Q6FM32|KAD2_CANGA	47.5	255	94	3	786	22	1	215	4.25e-64	222
JAPEHQ010000047.1	sp|Q2UBH0|KAD2_ASPOR	49.0	253	89	3	762	4	45	257	5.46e-64	223
JAPEHQ010000047.1	sp|Q5A4Q1|KAD2_CANAL	49.4	251	87	3	774	22	32	242	5.55e-64	223
JAPEHQ010000047.1	sp|Q2GVK6|KAD2_CHAGB	48.0	256	93	3	774	7	39	254	1.28e-63	223
JAPEHQ010000047.1	sp|B3LG61|KAD2_YEAS1	48.2	255	92	3	786	22	1	215	1.46e-63	220
JAPEHQ010000047.1	sp|A6ZYI0|KAD2_YEAS7	48.2	255	92	3	786	22	1	215	1.46e-63	220
JAPEHQ010000047.1	sp|P07170|KAD2_YEAST	48.2	255	92	3	786	22	1	215	1.46e-63	220
JAPEHQ010000047.1	sp|B2CNY4|KAD2_TALMA	47.1	255	95	3	774	10	44	258	2.94e-63	221
JAPEHQ010000047.1	sp|A5DC72|KAD2_PICGU	48.2	251	90	3	774	22	31	241	3.32e-63	220
JAPEHQ010000047.1	sp|A4RD93|KAD2_MAGO7	47.9	259	95	3	783	7	36	254	6.19e-63	221
JAPEHQ010000050.1	sp|Q9XFH4|DDM1_ARATH	65.6	96	33	0	13039	13326	196	291	4.02e-33	144
JAPEHQ010000050.1	sp|Q9NRZ9|HELLS_HUMAN	58.4	113	46	1	13027	13362	213	325	8.90e-29	130
JAPEHQ010000050.1	sp|Q60848|HELLS_MOUSE	57.0	114	46	2	13027	13362	196	308	2.55e-28	129
JAPEHQ010000050.1	sp|P32597|STH1_YEAST	49.1	114	56	2	13027	13365	460	572	7.49e-27	125
JAPEHQ010000050.1	sp|P28370|SMCA1_HUMAN	54.6	108	48	1	13033	13353	175	282	7.79e-27	125
JAPEHQ010000050.1	sp|Q6PGB8|SMCA1_MOUSE	54.6	108	48	1	13033	13353	179	286	1.01e-26	124
JAPEHQ010000050.1	sp|F4JY24|CHR17_ARATH	55.4	112	48	2	13030	13362	186	296	1.79e-26	124
JAPEHQ010000050.1	sp|P43610|IRC5_YEAST	52.3	111	51	1	13027	13359	212	320	8.77e-26	121
JAPEHQ010000050.1	sp|Q8RWY3|ISW2_ARATH	53.6	112	50	2	13030	13362	181	291	8.97e-26	121
JAPEHQ010000050.1	sp|Q08773|ISW2_YEAST	49.6	117	58	1	13018	13365	171	287	1.25e-25	121
JAPEHQ010000050.1	sp|F4J9M5|CHR12_ARATH	54.9	113	50	1	13030	13365	394	506	1.61e-25	120
JAPEHQ010000050.1	sp|P22082|SNF2_YEAST	53.5	99	45	1	13027	13320	757	855	1.65e-25	121
JAPEHQ010000050.1	sp|Q7G8Y3|ISW2_ORYSJ	52.3	109	50	2	13030	13353	223	330	2.12e-25	120
JAPEHQ010000050.1	sp|Q24368|ISWI_DROME	49.2	120	59	2	13000	13353	108	227	2.57e-25	120
JAPEHQ010000050.1	sp|Q5A310|ISW2_CANAL	48.2	112	57	1	13033	13365	131	242	1.03e-24	118
JAPEHQ010000050.1	sp|F4K128|CHR23_ARATH	50.9	114	54	2	13027	13365	376	488	1.36e-24	117
JAPEHQ010000050.1	sp|Q6DIC0|SMCA2_MOUSE	52.6	114	52	2	13027	13365	719	831	2.35e-24	117
JAPEHQ010000050.1	sp|P51531|SMCA2_HUMAN	52.6	114	52	2	13027	13365	714	826	2.36e-24	117
JAPEHQ010000050.1	sp|O94421|SNF22_SCHPO	56.1	98	42	1	13030	13320	860	957	3.17e-24	117
JAPEHQ010000050.1	sp|A7Z019|SMCA4_BOVIN	50.9	114	54	2	13027	13365	736	848	5.32e-24	116
JAPEHQ010000050.1	sp|Q3TKT4|SMCA4_MOUSE	50.9	114	54	2	13027	13365	744	856	5.34e-24	116
JAPEHQ010000050.1	sp|Q8K1P7|SMCA4_RAT	50.9	114	54	2	13027	13365	744	856	5.34e-24	116
JAPEHQ010000050.1	sp|P25439|BRM_DROME	52.0	102	48	1	13030	13332	764	865	5.37e-24	116
JAPEHQ010000050.1	sp|P51532|SMCA4_HUMAN	50.9	114	54	2	13027	13365	744	856	5.39e-24	116
JAPEHQ010000050.1	sp|Q9UTN6|SNF21_SCHPO	49.6	113	55	2	13030	13365	408	519	7.65e-24	115
JAPEHQ010000051.1	sp|O74455|6PGL_SCHPO	49.0	194	93	2	11489	12052	3	196	4.01e-50	183
JAPEHQ010000051.1	sp|A2YXS5|6PGL3_ORYSI	45.5	202	94	4	11498	12070	81	277	8.84e-44	167
JAPEHQ010000051.1	sp|Q6Z9C3|6PGL3_ORYSJ	45.5	202	94	4	11498	12070	81	277	8.84e-44	167
JAPEHQ010000051.1	sp|A2Z3C4|6PGL4_ORYSI	43.9	205	99	4	11489	12070	75	274	2.36e-42	163
JAPEHQ010000051.1	sp|Q69NG5|6PGL4_ORYSJ	43.9	205	99	4	11489	12070	75	274	2.36e-42	163
JAPEHQ010000051.1	sp|Q8LEV7|6PGL5_ARATH	43.1	204	102	4	11498	12076	9	209	2.71e-42	160
JAPEHQ010000051.1	sp|A2YNH4|6PGL2_ORYSI	42.1	195	97	4	11498	12049	20	209	4.47e-40	155
JAPEHQ010000051.1	sp|Q6Z4H0|6PGL2_ORYSJ	42.1	195	97	4	11498	12049	20	209	4.47e-40	155
JAPEHQ010000051.1	sp|A2XI04|6PGL1_ORYSI	42.1	195	97	4	11498	12049	37	226	1.09e-38	151
JAPEHQ010000051.1	sp|Q75IV7|6PGL1_ORYSJ	42.1	195	97	4	11498	12049	37	226	1.09e-38	151
JAPEHQ010000051.1	sp|Q9FIN1|6PGL4_ARATH	43.5	193	97	3	11498	12043	15	206	6.62e-38	148
JAPEHQ010000051.1	sp|Q84WW2|6PGL3_ARATH	42.4	205	100	5	11489	12070	85	282	7.85e-38	150
JAPEHQ010000051.1	sp|Q8LG70|6PGL2_ARATH	42.5	193	99	3	11498	12043	9	200	8.51e-38	147
JAPEHQ010000051.1	sp|Q9LMX8|6PGL1_ARATH	43.8	194	93	4	11501	12049	17	205	2.75e-37	146
JAPEHQ010000051.1	sp|P85971|6PGL_RAT	39.5	195	107	5	11486	12052	8	197	3.75e-33	134
JAPEHQ010000051.1	sp|Q9CQ60|6PGL_MOUSE	39.0	195	108	5	11486	12052	8	197	2.36e-32	132
JAPEHQ010000051.1	sp|B3LSS7|SOL3_YEAS1	39.4	203	105	5	11480	12058	1	195	1.20e-31	129
JAPEHQ010000051.1	sp|B5VK90|SOL3_YEAS6	39.4	203	105	5	11480	12058	1	195	1.20e-31	129
JAPEHQ010000051.1	sp|A6ZT71|SOL3_YEAS7	39.4	203	105	5	11480	12058	1	195	1.20e-31	129
JAPEHQ010000051.1	sp|P38858|SOL3_YEAST	39.4	203	105	5	11480	12058	1	195	1.20e-31	129
JAPEHQ010000051.1	sp|O95336|6PGL_HUMAN	39.1	192	106	5	11486	12043	8	194	1.53e-31	129
JAPEHQ010000051.1	sp|Q9VZ64|6PGL_DROME	40.1	182	99	4	11510	12052	17	189	4.75e-31	127
JAPEHQ010000051.1	sp|Q2TBQ8|6PGL_BOVIN	39.1	192	106	5	11486	12043	8	194	6.04e-30	125
JAPEHQ010000051.1	sp|Q49700|6PGL_MYCLE	34.0	200	127	4	11498	12085	8	206	1.12e-25	112
JAPEHQ010000051.1	sp|P74618|6PGL_SYNY3	41.9	172	89	5	11564	12070	30	193	1.27e-25	112
JAPEHQ010000052.1	sp|P25737|LYSP_ECOLI	37.4	447	163	6	930	2219	18	364	1.49e-63	230
JAPEHQ010000052.1	sp|A2RNZ6|LYSP_LACLM	34.0	441	189	6	930	2219	38	387	2.62e-52	197
JAPEHQ010000052.1	sp|A2RI97|HISP_LACLM	34.9	435	189	6	930	2219	12	357	6.62e-51	192
JAPEHQ010000052.1	sp|P19145|GAP1_YEAST	44.7	215	110	2	1599	2216	227	441	1.02e-41	168
JAPEHQ010000052.1	sp|A0A1D8PK89|GAP2_CANAL	44.1	213	110	2	1599	2216	217	427	1.56e-40	164
JAPEHQ010000052.1	sp|O60170|MEU22_SCHPO	42.7	218	115	2	1587	2216	194	409	1.79e-39	161
JAPEHQ010000052.1	sp|A0A1D8PMB1|GAP5_CANAL	43.9	212	109	3	1599	2216	250	457	3.31e-39	161
JAPEHQ010000052.1	sp|Q59WB3|GAP4_CANAL	44.9	207	109	3	1599	2210	239	443	6.86e-39	160
JAPEHQ010000052.1	sp|P04817|CAN1_YEAST	43.4	219	110	3	1599	2216	224	441	3.15e-38	157
JAPEHQ010000052.1	sp|Q9C0V0|YQD2_SCHPO	44.1	213	106	4	1599	2216	171	377	5.35e-37	152
JAPEHQ010000052.1	sp|Q5AG77|GAP1_CANAL	43.4	212	112	2	1599	2216	211	420	1.69e-36	152
JAPEHQ010000052.1	sp|P32487|LYP1_YEAST	41.5	217	113	3	1599	2210	246	461	2.44e-36	152
JAPEHQ010000052.1	sp|A0A1D8PN88|GAP3_CANAL	40.1	212	117	3	1599	2216	229	436	2.88e-35	149
JAPEHQ010000052.1	sp|P34054|INDA1_HYPAT	44.2	217	106	5	1599	2213	201	414	4.99e-35	147
JAPEHQ010000052.1	sp|P39137|ROCE_BACSU	39.2	227	103	4	1587	2216	147	355	5.85e-35	145
JAPEHQ010000052.1	sp|Q47689|MMUP_ECOLI	41.4	220	108	4	1587	2216	146	354	1.06e-34	144
JAPEHQ010000052.1	sp|P42087|HUTM_BACSU	27.3	447	203	7	930	2219	16	357	1.64e-34	144
JAPEHQ010000052.1	sp|P38971|ALP1_YEAST	40.4	218	115	3	1599	2210	206	422	9.18e-34	144
JAPEHQ010000052.1	sp|Q9P5N4|YH81_SCHPO	38.5	218	113	3	1599	2216	212	420	4.38e-32	139
JAPEHQ010000052.1	sp|P39636|ROCC_BACSU	37.4	227	110	4	1590	2222	145	355	7.62e-32	136
JAPEHQ010000052.1	sp|B5BP45|YP51_SCHPO	39.4	218	111	3	1599	2216	205	413	9.42e-32	137
JAPEHQ010000052.1	sp|O31462|YBGF_BACSU	40.7	214	111	4	1599	2216	152	357	4.49e-31	134
JAPEHQ010000052.1	sp|Q9P5N2|AAT1_SCHPO	38.1	218	114	3	1599	2216	212	420	7.70e-31	135
JAPEHQ010000052.1	sp|A0A1D8PNP3|GAP6_CANAL	37.3	212	130	3	1587	2216	197	407	9.12e-31	134
JAPEHQ010000052.1	sp|P54425|YBXG_BACSU	37.1	221	104	6	1590	2198	142	345	3.14e-30	131
JAPEHQ010000053.1	sp|Q8TGM7|ART2_YEAST	84.9	53	8	0	8815	8657	1	53	2.36e-22	96.3
JAPEHQ010000053.1	sp|Q3E811|RRT15_YEAST	91.5	47	4	0	8815	8675	1	47	8.43e-22	94.7
JAPEHQ010000053.1	sp|Q8TGM6|TAR1_YEAST	71.2	52	15	0	6438	6283	13	64	2.13e-14	75.9
JAPEHQ010000053.1	sp|Q6CQE5|TAR1_KLULA	81.4	43	8	0	6411	6283	7	49	1.23e-13	73.2
JAPEHQ010000053.1	sp|P0C5Q0|YL54F_YEAST	82.1	28	5	0	5440	5357	17	44	3.01e-06	50.1
JAPEHQ010000053.1	sp|P0C5P9|YL54B_YEAST	67.9	28	9	0	6809	6726	25	52	7.68e-04	43.5
JAPEHQ010000054.1	sp|Q9JHD1|KAT2B_MOUSE	43.3	60	31	1	6168	5989	704	760	5.84e-05	53.1
JAPEHQ010000054.1	sp|Q1LUC3|KAT2B_DANRE	36.7	79	47	1	6228	5992	667	742	1.71e-04	51.6
JAPEHQ010000054.1	sp|Q8R3B7|BRD8_MOUSE	50.0	46	23	0	5926	5789	839	884	6.97e-04	49.7
JAPEHQ010000054.1	sp|Q9H0E9|BRD8_HUMAN	50.0	46	23	0	5926	5789	766	811	7.39e-04	49.7
JAPEHQ010000055.1	sp|Q9UTH8|SFP1_SCHPO	83.3	30	5	0	300	389	347	376	3.10e-08	61.2
JAPEHQ010000055.1	sp|P32432|SFP1_YEAST	71.0	31	9	0	303	395	596	626	1.05e-05	53.5
