CP002713.1	sp|Q8SSI7|CHS1_ENCCU	88.8	816	91	0	147530	145083	1	816	0.0	1518
CP002713.1	sp|Q8SSJ5|CDC48_ENCCU	96.3	780	29	0	123283	120944	1	780	0.0	1479
CP002713.1	sp|Q8SSK1|RAD25_ENCCU	92.7	672	49	0	98699	96684	1	672	0.0	1244
CP002713.1	sp|Q8SRG3|AMP12_ENCCU	69.8	861	257	3	153047	155629	1	858	0.0	1231
CP002713.1	sp|Q8SQI6|AMP11_ENCCU	69.6	861	259	3	153047	155629	1	858	0.0	1228
CP002713.1	sp|Q8SSL0|TPP_ENCCU	70.6	718	209	2	77625	79772	1	718	0.0	1028
CP002713.1	sp|C4V922|RAD25_NOSCE	76.8	650	144	3	98699	96753	1	644	0.0	1003
CP002713.1	sp|Q8SSL7|AGM1_ENCCU	83.6	530	87	0	57164	58753	1	530	9.07e-299	912
CP002713.1	sp|Q8SWM6|CDC5_ENCCU	92.1	471	37	0	53978	55390	1	471	9.53e-293	892
CP002713.1	sp|Q9LZF6|CD48E_ARATH	59.1	770	301	6	123292	121004	4	766	2.18e-290	901
CP002713.1	sp|P54609|CD48A_ARATH	59.7	762	293	5	123268	121004	12	766	3.90e-290	900
CP002713.1	sp|Q9SCN8|CD48D_ARATH	59.5	760	294	7	123265	121004	14	765	2.66e-288	895
CP002713.1	sp|Q6GL04|TERA_XENTR	59.3	759	295	7	123259	121004	11	762	2.20e-287	892
CP002713.1	sp|P23787|TERA_XENLA	59.2	759	296	7	123259	121004	11	762	7.54e-287	890
CP002713.1	sp|P55072|TERA_HUMAN	59.3	759	295	7	123259	121004	11	762	1.06e-286	890
CP002713.1	sp|Q01853|TERA_MOUSE	59.3	759	295	7	123259	121004	11	762	1.06e-286	890
CP002713.1	sp|P46462|TERA_RAT	59.3	759	295	7	123259	121004	11	762	1.06e-286	890
CP002713.1	sp|Q7ZU99|TERA_DANRE	58.7	765	302	7	123277	121004	5	762	1.97e-286	889
CP002713.1	sp|P54774|CDC48_SOYBN	59.7	761	293	6	123265	121004	14	767	2.78e-286	889
CP002713.1	sp|Q7KN62|TERA_DROME	59.4	769	294	9	123283	121004	1	760	4.16e-286	888
CP002713.1	sp|Q3ZBT1|TERA_BOVIN	59.2	759	296	7	123259	121004	11	762	4.97e-286	888
CP002713.1	sp|P03974|TERA_PIG	59.0	759	297	7	123259	121004	11	762	1.25e-285	887
CP002713.1	sp|P54811|TERA1_CAEEL	60.1	764	286	7	123259	121004	17	773	3.52e-285	886
CP002713.1	sp|Q9P3A7|CDC48_SCHPO	59.7	765	292	7	123274	121004	26	782	5.93e-285	885
CP002713.1	sp|Q5AWS6|CDC48_EMENI	60.8	768	280	9	123265	121001	30	789	1.07e-284	885
CP002714.1	sp|Q8SSE7|ATR_ENCCU	75.2	1810	442	5	121571	126994	1	1805	0.0	2756
CP002714.1	sp|Q8SSH5|RPN2_ENCCU	85.9	785	111	0	47529	49883	1	785	0.0	1347
CP002714.1	sp|Q8SWH2|HSP7A_ENCCU	90.5	683	65	0	7397	5349	1	683	0.0	1217
CP002714.1	sp|Q8SSE8|HSP82_ENCCU	87.0	690	88	1	115006	117069	1	690	0.0	1138
CP002714.1	sp|Q8SSE4|SYEC_ENCCU	81.3	642	120	0	135185	133260	1	642	0.0	1087
CP002714.1	sp|Q8SSD7|SYP_ENCCU	84.0	501	80	0	153281	154783	1	501	2.28e-294	898
CP002714.1	sp|Q8SSH4|MPS1_ENCCU	77.4	583	128	4	50957	52699	1	581	8.72e-285	875
CP002714.1	sp|Q8SSH3|TCPD_ENCCU	87.6	484	60	0	54238	52787	1	484	1.02e-275	844
CP002714.1	sp|Q8SSH1|Y255_ENCCU	71.7	512	145	0	57529	55994	1	512	6.40e-244	754
CP002714.1	sp|Q8SW92|KIN28_ENCCU	87.7	308	38	0	166048	166971	1	308	2.02e-180	562
CP002714.1	sp|A9CSZ1|SYEC_ENTBH	48.3	638	309	8	135164	133269	7	629	2.37e-178	571
CP002714.1	sp|C4VBI7|SYEC_NOSCE	51.2	580	261	8	134975	133266	46	613	6.38e-174	557
CP002714.1	sp|P40825|SYA_YEAST	44.8	784	334	22	173255	171138	34	796	1.29e-172	568
CP002714.1	sp|Q6GL41|MCM4_XENTR	46.2	662	314	10	127773	129632	151	812	3.59e-172	562
CP002714.1	sp|Q5XK83|MCM4A_XENLA	46.1	662	315	10	127773	129632	146	807	1.93e-171	560
CP002714.1	sp|P30664|MCM4B_XENLA	45.8	662	317	10	127773	129632	151	812	3.54e-170	556
CP002714.1	sp|P33991|MCM4_HUMAN	45.9	662	316	10	127773	129632	151	812	2.22e-169	554
CP002714.1	sp|P49717|MCM4_MOUSE	45.8	662	317	10	127773	129632	150	811	2.49e-168	551
CP002714.1	sp|Q5A8K2|SYA_CANAL	44.1	775	353	22	173255	171138	24	787	4.29e-167	551
CP002714.1	sp|P30665|MCM4_YEAST	42.3	757	341	13	127731	129725	165	917	5.91e-166	547
CP002714.1	sp|P38708|YHI0_YEAST	49.5	503	246	3	153299	154783	186	688	9.00e-166	537
CP002714.1	sp|P36428|SYA_ARATH	43.4	761	362	17	173255	171156	59	811	1.29e-165	548
CP002714.1	sp|Q0WVF5|MCM4_ARATH	46.0	696	313	13	127776	129704	123	808	2.84e-164	539
CP002714.1	sp|P29458|MCM4_SCHPO	44.5	712	308	12	127647	129554	127	827	2.95e-164	542
CP002714.1	sp|Q5AQL1|SYA_EMENI	39.5	877	446	23	173255	170841	11	874	7.74e-161	533
CP002715.1	sp|Q8SSC4|RPB1_ENCCU	90.0	1473	148	0	26389	21971	1	1473	0.0	2661
CP002715.1	sp|P36594|RPB1_SCHPO	50.5	1490	598	26	26368	22163	14	1452	0.0	1349
CP002715.1	sp|P35084|RPB1_DICDI	46.7	1526	674	18	26368	22076	13	1494	0.0	1276
CP002715.1	sp|Q75A34|RPB1_ASHGO	47.4	1509	648	26	26392	22136	4	1456	0.0	1266
CP002715.1	sp|P04050|RPB1_YEAST	47.6	1497	645	25	26368	22136	12	1455	0.0	1250
CP002715.1	sp|P11414|RPB1_CRIGR	46.6	1510	655	24	26368	22154	16	1479	0.0	1247
CP002715.1	sp|P24928|RPB1_HUMAN	46.6	1510	655	24	26368	22154	16	1479	0.0	1247
CP002715.1	sp|P08775|RPB1_MOUSE	46.6	1510	655	24	26368	22154	16	1479	0.0	1247
CP002715.1	sp|P18616|NRPB1_ARATH	46.0	1522	685	22	26398	22118	3	1482	0.0	1234
CP002715.1	sp|P04052|RPB1_DROME	45.6	1516	675	27	26368	22127	12	1480	0.0	1224
CP002715.1	sp|P16356|RPB1_CAEEL	44.0	1609	704	29	26362	21971	15	1571	0.0	1222
CP002715.1	sp|P35074|RPB1_CAEBR	44.7	1553	700	25	26353	22034	18	1524	0.0	1208
CP002715.1	sp|Q8SSB1|HSP7B_ENCCU	90.8	683	62	1	53129	55174	1	683	0.0	1193
CP002715.1	sp|A5DCV3|RPB1_PICGU	43.6	1492	541	21	26368	22142	13	1287	0.0	1106
CP002715.1	sp|Q8SW31|KIN1_ENCCU	85.9	566	79	1	106390	108084	1	566	0.0	978
CP002715.1	sp|Q8SSC9|TCPA_ENCCU	88.5	540	62	0	13397	11778	1	540	3.84e-307	937
CP002715.1	sp|Q8SSC5|UGPA1_ENCCU	89.6	492	51	0	21453	19978	1	492	3.05e-294	897
CP002715.1	sp|Q24829|TBB_ENCHE	99.8	439	1	0	88030	89346	1	439	3.14e-291	886
CP002715.1	sp|Q8SS99|TBB_ENCCU	98.2	439	8	0	88030	89346	1	439	3.25e-289	880
CP002715.1	sp|Q9GSR5|TBB_ENCIN	97.5	439	11	0	88030	89346	1	439	1.16e-286	873
CP002715.1	sp|Q8SS97|SLY1_ENCCU	82.5	520	91	0	96990	95431	1	520	5.54e-277	849
CP002715.1	sp|P14248|RPB1_PLAFD	31.3	2074	734	31	26368	22142	15	2063	2.36e-257	862
CP002715.1	sp|P17545|RPB1B_TRYBB	35.8	1527	823	32	26365	22106	16	1492	2.91e-246	810
CP002715.1	sp|P17546|RPB1A_TRYBB	35.8	1527	823	32	26365	22106	16	1492	7.19e-246	809
CP002715.1	sp|Q9NFZ6|TBB2_ECHMU	81.4	436	81	0	88030	89337	1	436	3.34e-245	754
CP002716.1	sp|Q8SS35|Y4A0_ENCCU	76.6	1648	385	1	112543	117483	2	1649	0.0	2332
CP002716.1	sp|Q8SS27|SYVC_ENCCU	78.5	921	198	0	131243	134005	1	921	0.0	1523
CP002716.1	sp|Q8SS65|RPN1_ENCCU	88.3	795	93	0	25438	23054	1	795	0.0	1404
CP002716.1	sp|P08096|TOP2_SCHPO	54.4	1136	457	10	28452	31679	74	1208	0.0	1207
CP002716.1	sp|O42131|TOP2B_CHICK	53.9	1171	455	17	28449	31724	55	1219	0.0	1159
CP002716.1	sp|P30182|TOP2_ARATH	53.5	1150	455	14	28446	31670	29	1173	0.0	1155
CP002716.1	sp|Q64511|TOP2B_MOUSE	53.1	1178	469	17	28449	31742	38	1212	0.0	1150
CP002716.1	sp|Q64399|TOP2B_CRILO	53.1	1178	469	17	28449	31742	38	1212	0.0	1149
CP002716.1	sp|Q02880|TOP2B_HUMAN	53.2	1178	468	18	28449	31742	50	1224	0.0	1148
CP002716.1	sp|P41515|TOP2A_CRIGR	52.6	1178	473	19	28449	31748	28	1198	0.0	1135
CP002716.1	sp|O42130|TOP2A_CHICK	52.9	1161	468	16	28449	31712	30	1184	0.0	1134
CP002716.1	sp|Q01879|TOP2_PICGU	52.1	1167	450	17	28458	31649	57	1217	0.0	1134
CP002716.1	sp|Q01320|TOP2A_MOUSE	52.5	1168	469	18	28449	31712	28	1189	0.0	1130
CP002716.1	sp|O46374|TOP2A_PIG	52.5	1182	473	19	28449	31748	29	1203	0.0	1127
CP002716.1	sp|P11388|TOP2A_HUMAN	52.4	1182	474	19	28449	31748	29	1203	0.0	1122
CP002716.1	sp|P41516|TOP2A_RAT	51.8	1169	475	18	28449	31712	28	1189	0.0	1116
CP002716.1	sp|O16140|TOP2_BOMMO	52.1	1188	460	19	28452	31709	32	1212	0.0	1111
CP002716.1	sp|P87078|TOP2_CANAX	54.2	1060	436	12	28458	31490	60	1118	0.0	1093
CP002716.1	sp|P06786|TOP2_YEAST	53.6	1053	444	10	28458	31490	10	1059	0.0	1090
CP002716.1	sp|Q23670|TOP2_CAEEL	50.9	1187	485	17	28452	31724	63	1247	0.0	1082
CP002716.1	sp|O24308|TOP2_PEA	51.6	1144	456	15	28446	31655	17	1136	0.0	1082
CP002716.1	sp|Q9Y8G8|TOP2_PENCH	50.6	1138	490	14	28452	31661	64	1197	0.0	1082
CP002716.1	sp|O93794|TOP2_CANGA	52.1	1059	457	12	28446	31490	5	1057	0.0	1077
CP002716.1	sp|P15348|TOP2_DROME	53.7	1059	440	14	28449	31484	9	1064	0.0	1075
CP002716.1	sp|Q55BP5|TOP2_DICDI	49.8	1079	466	18	28446	31472	101	1173	0.0	1020
CP002717.1	sp|Q8SVN8|NTE1_ENCCU	79.7	905	183	1	15276	17987	1	905	0.0	1450
CP002717.1	sp|Q8SVJ8|NOG1_ENCCU	85.0	528	79	0	112981	114564	1	528	1.75e-295	903
CP002717.1	sp|Q8SRY1|G6PI_ENCCU	81.7	508	93	0	96352	97875	1	508	3.41e-283	867
CP002717.1	sp|Q8SRV5|ABCF3_ENCCU	78.6	555	118	1	162813	161149	1	554	2.18e-274	843
CP002717.1	sp|Q8SRV0|MRE11_ENCCU	67.3	568	185	1	173051	174754	1	567	9.52e-248	768
CP002717.1	sp|Q8SRT7|RPN3_ENCCU	80.9	376	72	0	200468	199341	1	376	2.17e-195	608
CP002717.1	sp|Q8SRV7|SYYC_ENCCU	85.5	337	49	0	150349	151359	1	337	4.11e-190	592
CP002717.1	sp|Q95ZE3|CDS1_ENCCU	77.3	392	89	0	169251	170426	1	392	1.64e-184	578
CP002717.1	sp|Q8SRU0|CSK2A_ENCCU	84.3	319	50	0	196548	195592	1	319	1.39e-178	558
CP002717.1	sp|Q8SRZ0|PP1L_ENCCU	65.8	409	140	0	64687	65913	49	457	2.97e-176	557
CP002717.1	sp|Q8SVJ2|NAR1_ENCCU	67.2	357	117	0	132146	131076	1	357	1.63e-160	508
CP002717.1	sp|Q8SRU2|SFR_ENCCU	82.1	301	52	2	189592	190488	1	301	1.82e-160	505
CP002717.1	sp|P49731|MCM6_SCHPO	43.0	696	324	10	111490	109616	188	881	2.14e-159	526
CP002717.1	sp|Q8SVI7|RIO1_ENCCU	70.0	387	113	2	142118	143272	1	386	1.71e-157	500
CP002717.1	sp|A1SZA2|ACSA_PSYIN	42.4	634	343	11	46430	48298	19	641	8.52e-157	509
CP002717.1	sp|A4SJM6|ACSA_AERS4	41.8	637	342	11	46430	48298	19	640	3.30e-155	505
CP002717.1	sp|Q3MHP5|DRG1_BOVIN	66.7	366	117	2	60820	59738	1	366	1.02e-154	491
CP002717.1	sp|Q9Y295|DRG1_HUMAN	66.7	366	117	2	60820	59738	1	366	1.02e-154	491
CP002717.1	sp|P32233|DRG1_MOUSE	66.7	366	117	2	60820	59738	1	366	1.38e-154	491
CP002717.1	sp|P43690|DRG1_XENLA	66.1	366	119	2	60820	59738	1	366	1.38e-154	491
CP002717.1	sp|A0LG91|ACSA_SYNFM	42.3	645	341	12	46433	48325	19	646	1.03e-153	501
CP002717.1	sp|Q7MBA6|ACSA_PHOLL	42.2	640	340	12	46430	48304	19	643	1.07e-153	501
CP002717.1	sp|Q6BS00|ACS2_DEBHA	44.2	633	323	11	46439	48277	39	661	2.62e-153	501
CP002717.1	sp|Q1AXQ5|ACSA_RUBXD	43.8	628	325	11	46454	48304	28	638	5.38e-153	498
CP002717.1	sp|A0KNI2|ACSA_AERHH	41.1	637	346	11	46430	48298	19	640	8.33e-153	498
CP002718.1	sp|Q8SRS8|SYLC_ENCCU	80.1	874	173	1	30562	27944	1	874	0.0	1472
CP002718.1	sp|Q8SRP9|TCPE_ENCCU	89.3	532	57	0	131115	129520	1	532	3.31e-303	925
CP002718.1	sp|C4V8L1|SYLC_NOSCE	50.5	895	397	7	30550	27944	9	883	1.69e-292	910
CP002718.1	sp|Q8SRQ8|SYDC_ENCCU	84.8	473	72	0	99074	97656	1	473	2.39e-270	828
CP002718.1	sp|Q8SRR3|SYHC_ENCCU	82.6	430	75	0	75706	74417	1	430	9.76e-228	704
CP002718.1	sp|B7XHP6|SYLC_ENTBH	44.1	897	426	18	30559	27956	3	853	3.85e-224	712
CP002718.1	sp|P06839|RAD3_YEAST	47.3	754	336	12	17398	19560	1	726	4.82e-213	677
CP002718.1	sp|P26659|RAD15_SCHPO	46.6	757	358	10	17398	19593	1	736	1.16e-211	673
CP002718.1	sp|Q8SRP3|TF2B_ENCCU	98.4	312	5	0	137762	138697	1	312	1.30e-202	626
CP002718.1	sp|Q8W4M7|ERCC2_ARATH	45.0	773	362	14	17398	19608	1	746	6.55e-201	641
CP002718.1	sp|P18074|ERCC2_HUMAN	44.1	769	376	12	17398	19611	1	746	3.85e-197	630
CP002718.1	sp|Q60452|ERCC2_CRIGR	44.1	749	368	11	17398	19560	1	726	2.10e-195	625
CP002718.1	sp|A6QLJ0|ERCC2_BOVIN	44.2	769	375	13	17398	19611	1	746	2.85e-195	625
CP002718.1	sp|O08811|ERCC2_MOUSE	44.6	749	364	13	17398	19560	1	726	5.27e-195	624
CP002718.1	sp|Q55G81|ERCC2_DICDI	42.4	764	387	10	17398	19608	1	738	3.59e-191	614
CP002718.1	sp|O76273|PTP1_ENCHE	91.2	453	0	1	26506	25268	1	453	1.63e-186	587
CP002718.1	sp|Q8SVA6|THIK_ENCCU	74.7	379	96	0	123981	122845	1	379	2.37e-185	580
CP002718.1	sp|Q8SRR2|RIR2_ENCCU	85.3	326	45	2	88254	87283	1	325	3.56e-181	565
CP002718.1	sp|P0CAT5|PTP2_ENCHE	99.3	272	2	0	24454	23639	1	272	7.28e-169	528
CP002718.1	sp|P48643|TCPE_HUMAN	50.6	532	257	5	131118	129538	3	533	5.41e-166	531
CP002718.1	sp|Q4R6V2|TCPE_MACFA	50.6	532	257	5	131118	129538	3	533	5.41e-166	531
CP002718.1	sp|Q5RF02|TCPE_PONAB	50.4	532	258	5	131118	129538	3	533	3.44e-165	529
CP002718.1	sp|Q68FQ0|TCPE_RAT	50.2	532	259	5	131118	129538	3	533	1.02e-163	525
CP002718.1	sp|Q9UTM4|TCPE_SCHPO	51.4	529	251	4	131106	129535	9	536	1.21e-163	525
CP002718.1	sp|P80316|TCPE_MOUSE	49.6	532	262	5	131118	129538	3	533	2.57e-163	524
CP002719.1	sp|Q8SRK6|RAD50_ENCCU	69.6	1249	378	1	77825	74079	1	1247	0.0	1603
CP002719.1	sp|Q8SRH2|SYTC_ENCCU	87.1	643	77	1	179184	177256	3	639	0.0	1157
CP002719.1	sp|Q8SRI2|GFA1_ENCCU	81.5	699	128	1	146228	144135	1	699	0.0	1156
CP002719.1	sp|Q6BI69|RPC1_DEBHA	47.0	1435	627	28	5593	9513	1	1429	0.0	1130
CP002719.1	sp|O94666|RPC1_SCHPO	45.9	1391	644	27	5608	9513	6	1376	0.0	1111
CP002719.1	sp|P04051|RPC1_YEAST	46.6	1431	633	32	5593	9504	1	1427	0.0	1102
CP002719.1	sp|Q86AQ5|RPC1_DICDI	43.3	1449	674	26	5590	9528	1	1437	0.0	1094
CP002719.1	sp|O14802|RPC1_HUMAN	45.5	1367	676	23	5596	9513	4	1362	0.0	1051
CP002719.1	sp|Q5ZL98|RPC1_CHICK	45.1	1367	681	23	5596	9513	4	1362	0.0	1042
CP002719.1	sp|A4IF62|RPC1_BOVIN	45.1	1367	681	23	5596	9513	4	1362	0.0	1038
CP002719.1	sp|F4JXF9|NRPC1_ARATH	43.9	1365	672	27	5608	9501	16	1353	1.69e-301	957
CP002719.1	sp|Q8SRI6|TBA_ENCCU	97.1	441	13	0	136149	137471	1	441	2.62e-288	878
CP002719.1	sp|Q8SRG9|SYFA_ENCCU	81.4	473	88	0	189774	191192	3	475	6.25e-267	818
CP002719.1	sp|Q8SRH0|PRS4_ENCCU	95.5	424	19	0	187350	188621	1	424	1.97e-257	789
CP002719.1	sp|P92120|TBA_ENCHE	100	380	0	0	136215	137354	1	380	4.69e-253	774
CP002719.1	sp|P08968|RPC1_TRYBB	35.7	1485	741	31	5623	9513	25	1483	1.37e-245	800
CP002719.1	sp|Q8SRK0|MAS5_ENCCU	85.2	398	59	0	93094	91901	1	398	2.51e-230	710
CP002719.1	sp|B7XIA1|SYTC_ENTBH	56.0	607	256	5	179181	177388	1	605	3.87e-222	697
CP002719.1	sp|P82808|GFPT1_RAT	52.3	706	304	9	146228	144135	1	681	6.03e-220	693
CP002719.1	sp|Q06210|GFPT1_HUMAN	52.1	707	322	8	146228	144135	1	699	3.88e-219	691
CP002719.1	sp|P47856|GFPT1_MOUSE	51.9	707	321	8	146228	144135	1	697	6.70e-219	691
CP002719.1	sp|P53704|GFA1_CANAL	51.7	722	316	9	146228	144135	1	713	8.57e-219	691
CP002719.1	sp|Q4KMC4|GFPT2_RAT	51.6	708	307	8	146228	144135	1	682	1.02e-216	684
CP002719.1	sp|Q9Z2Z9|GFPT2_MOUSE	51.6	708	307	8	146228	144135	1	682	1.39e-216	683
CP002719.1	sp|Q3ZCJ7|TBA1C_BOVIN	70.6	439	125	2	136149	137453	1	439	6.14e-216	671
CP002720.1	sp|Q8SRA2|NTT1_ENCCU	92.1	559	44	0	131928	133604	1	559	0.0	975
CP002720.1	sp|Q8SRD8|SYR_ENCCU	82.6	563	98	0	48968	47280	1	563	4.19e-305	932
CP002720.1	sp|Q8SRB2|DBP2_ENCCU	86.9	495	63	1	103430	104908	1	495	9.87e-283	865
CP002720.1	sp|Q8SRE0|SYC_ENCCU	82.9	479	82	0	41420	39984	1	479	2.77e-269	825
CP002720.1	sp|Q8SRD2|TBG_ENCCU	87.1	434	56	0	62089	63390	1	434	4.61e-254	780
CP002720.1	sp|Q5RIC0|ELP3_DANRE	66.4	563	164	2	106741	105056	9	547	3.92e-251	776
CP002720.1	sp|Q5HZM6|ELP3_XENLA	67.6	550	153	2	106702	105056	23	548	7.77e-249	770
CP002720.1	sp|Q9VQZ6|ELP3_DROME	67.8	552	153	2	106702	105050	23	550	1.18e-248	769
CP002720.1	sp|Q9H9T3|ELP3_HUMAN	67.5	550	154	2	106702	105056	21	546	2.48e-248	768
CP002720.1	sp|Q2KJ61|ELP3_BOVIN	67.5	550	154	2	106702	105056	21	546	3.38e-248	768
CP002720.1	sp|Q6NVL5|ELP3_XENTR	67.1	550	156	2	106702	105056	23	548	5.87e-247	764
CP002720.1	sp|Q9CZX0|ELP3_MOUSE	67.1	550	156	2	106702	105056	21	546	2.55e-246	763
CP002720.1	sp|Q5ZHS1|ELP3_CHICK	66.5	550	159	2	106702	105056	20	545	6.22e-246	761
CP002720.1	sp|O14023|ELP3_SCHPO	65.1	556	168	2	106714	105056	12	544	5.16e-243	753
CP002720.1	sp|Q1ZXC6|ELP3_DICDI	65.5	557	167	2	106720	105053	27	559	7.79e-242	750
CP002720.1	sp|Q7X7L3|ELP3_ORYSJ	65.8	556	165	4	106717	105053	42	573	3.89e-240	746
CP002720.1	sp|Q93ZR1|ELP3_ARATH	65.0	555	169	4	106717	105056	34	564	1.40e-237	738
CP002720.1	sp|Q02908|ELP3_YEAST	62.8	565	183	4	106738	105056	16	557	1.42e-237	738
CP002720.1	sp|Q60LW7|ELP3_CAEBR	64.0	556	175	2	106714	105050	13	544	1.24e-234	729
CP002720.1	sp|Q23651|ELP3_CAEEL	64.2	556	174	2	106714	105050	13	544	3.02e-234	728
CP002720.1	sp|Q8SR99|TRM1_ENCCU	77.5	432	97	0	145205	146500	1	432	1.05e-226	701
CP002720.1	sp|Q8SQI9|PRS6B_ENCCU	93.8	387	24	0	197896	199056	1	387	5.08e-225	694
CP002720.1	sp|Q8SR89|G6PD_ENCCU	76.7	434	100	1	179464	178166	1	434	6.05e-218	676
CP002720.1	sp|Q8SR83|CDC72_ENCCU	84.0	349	56	0	197779	196733	1	349	1.35e-196	611
CP002720.1	sp|Q8SR85|CDC71_ENCCU	83.7	349	57	0	197779	196733	1	349	1.84e-196	610
CP002721.1	sp|Q8SQP2|TCPB_ENCCU	83.3	508	85	0	61374	59851	1	508	1.19e-279	856
CP002721.1	sp|P46588|DPOD_CANAX	45.1	1003	505	19	54274	57201	55	1038	3.14e-254	806
CP002721.1	sp|Q9LRE6|DPOD1_ORYSJ	43.5	1003	529	13	54259	57156	92	1093	1.26e-250	799
CP002721.1	sp|Q9LVN7|DPOD1_ARATH	44.0	1004	520	14	54286	57183	93	1092	4.92e-249	794
CP002721.1	sp|Q54N97|DPOD1_DICDI	44.2	975	509	13	54355	57183	128	1099	2.60e-247	789
CP002721.1	sp|Q8SQM5|IF4A_ENCCU	94.4	425	24	0	158348	157074	1	425	3.53e-247	759
CP002721.1	sp|P30315|DPOD1_PLAFK	43.3	982	517	16	54349	57189	115	1091	4.68e-243	776
CP002721.1	sp|P30316|DPOD_SCHPO	42.7	1009	542	16	54259	57201	86	1086	1.95e-241	771
CP002721.1	sp|P54358|DPOD1_DROME	44.2	982	493	17	54355	57156	103	1077	6.87e-240	767
CP002721.1	sp|Q8STP2|RUVB1_ENCCU	86.8	425	56	0	138847	140121	1	425	8.28e-235	724
CP002721.1	sp|P52431|DPOD1_MOUSE	42.4	1001	530	13	54286	57156	90	1087	1.85e-233	749
CP002721.1	sp|O54747|DPOD1_RAT	42.4	1010	534	14	54259	57156	80	1085	3.20e-233	748
CP002721.1	sp|P97283|DPOD1_MESAU	42.3	1012	534	16	54259	57156	78	1085	1.48e-232	746
CP002721.1	sp|P28340|DPOD1_HUMAN	42.4	1001	530	14	54286	57156	92	1089	2.64e-231	743
CP002721.1	sp|O70228|ATP9A_MOUSE	40.4	1109	521	12	132462	135698	47	1045	3.46e-231	740
CP002721.1	sp|O75110|ATP9A_HUMAN	40.3	1109	522	12	132462	135698	47	1045	1.18e-230	739
CP002721.1	sp|P28339|DPOD1_BOVIN	42.3	1005	532	15	54274	57156	88	1088	1.61e-230	741
CP002721.1	sp|O48901|DPOD1_SOYBN	44.8	902	467	10	54280	56910	65	960	6.61e-227	729
CP002721.1	sp|F1Q4S1|ATP9B_DANRE	39.4	1124	518	12	132474	135701	116	1124	1.51e-226	730
CP002721.1	sp|P90829|DPOD1_CAEEL	41.4	1016	542	16	54265	57156	47	1061	6.16e-226	726
CP002721.1	sp|A1A4J6|ATP9B_BOVIN	39.3	1122	519	11	132474	135701	130	1135	9.76e-226	728
CP002721.1	sp|P98195|ATP9B_MOUSE	39.3	1131	519	13	132474	135701	128	1145	2.81e-224	724
CP002721.1	sp|P15436|DPOD_YEAST	41.1	964	533	16	54373	57183	141	1096	2.92e-224	722
CP002721.1	sp|D4ABB8|ATP9B_RAT	38.8	1131	524	12	132474	135701	129	1146	9.84e-224	723
CP002721.1	sp|O43861|ATP9B_HUMAN	38.5	1130	527	13	132474	135698	129	1145	6.03e-221	714
CP002722.1	sp|Q8SQK8|SYNC_ENCCU	88.9	451	50	0	18733	17381	1	451	1.14e-272	832
CP002722.1	sp|Q8SQK0|PRS8_ENCCU	96.4	392	14	0	42498	41323	1	392	6.21e-240	736
CP002722.1	sp|Q8SQK9|DHH1_ENCCU	74.8	493	112	4	10560	12023	1	486	4.75e-228	706
CP002722.1	sp|Q8SQK7|NUF2_ENCCU	81.1	438	80	1	18890	20194	1	438	1.93e-221	685
CP002722.1	sp|C4V847|SYNC_NOSCE	61.2	433	168	0	18679	17381	15	447	3.65e-177	558
CP002722.1	sp|Q8STL0|Y9I8_ENCCU	74.0	415	106	2	49445	48204	1	414	1.35e-174	549
CP002722.1	sp|Q25544|PRS8_NAEFO	72.1	387	107	1	42480	41323	28	414	6.34e-174	547
CP002722.1	sp|P41836|PRS8_SCHPO	71.5	397	111	2	42510	41323	8	403	7.89e-174	546
CP002722.1	sp|P62198|PRS8_RAT	72.3	386	107	0	42480	41323	21	406	3.03e-173	545
CP002722.1	sp|P46470|PRS8_XENLA	72.0	386	107	1	42480	41323	16	400	1.95e-169	536
CP002722.1	sp|Q01939|PRS8_YEAST	68.8	394	123	0	42504	41323	12	405	2.69e-168	531
CP002722.1	sp|Q6BGY8|INO80_DEBHA	40.3	958	390	21	49849	52197	342	1292	1.55e-166	561
CP002722.1	sp|Q59KI4|INO80_CANAL	39.2	930	403	21	49894	52203	460	1387	1.29e-164	556
CP002722.1	sp|A5E0W5|INO80_LODEL	41.5	869	317	18	50125	52197	606	1461	7.74e-161	550
CP002722.1	sp|O14148|INO80_SCHPO	39.4	951	408	20	49843	52197	631	1579	1.94e-159	547
CP002722.1	sp|A7TJI3|INO80_VANPO	38.9	958	413	22	49843	52209	577	1531	3.42e-159	545
CP002722.1	sp|A6ZU34|INO80_YEAS7	40.1	878	342	18	50125	52209	583	1459	2.70e-158	541
CP002722.1	sp|P53115|INO80_YEAST	43.3	766	287	16	50341	52209	692	1453	4.33e-158	540
CP002722.1	sp|Q6CNY4|INO80_KLULA	39.9	864	341	18	50131	52215	621	1475	7.86e-158	539
CP002722.1	sp|Q5BAZ5|INO80_EMENI	41.9	818	347	15	50125	52221	671	1479	6.20e-157	540
CP002722.1	sp|Q4PGL2|INO80_USTMA	37.6	1024	391	21	49813	52191	721	1727	1.25e-156	545
CP002722.1	sp|Q74Z27|INO80_ASHGO	39.8	865	351	16	50125	52209	530	1394	8.81e-156	531
CP002722.1	sp|Q2UTQ9|INO80_ASPOR	39.7	877	350	18	50125	52221	499	1374	1.64e-155	531
CP002722.1	sp|Q6FV37|INO80_CANGA	40.7	858	336	20	50125	52197	594	1445	4.96e-155	531
CP002722.1	sp|A7EQA8|INO80_SCLS1	40.3	880	341	21	50125	52221	704	1580	8.32e-155	535
CP002723.1	sp|Q8SR75|RPB2_ENCCU	94.1	1141	67	0	20256	23678	1	1141	0.0	2146
CP002723.1	sp|Q8SR54|IMPO_ENCCU	75.1	940	232	2	67702	64886	1	939	0.0	1422
CP002723.1	sp|Q02061|RPB2_SCHPO	58.4	1193	434	13	20271	23666	13	1204	0.0	1364
CP002723.1	sp|Q8SR37|RIR1_ENCCU	85.2	769	113	1	116000	118306	1	768	0.0	1363
CP002723.1	sp|Q42877|RPB2_SOLLC	58.1	1162	458	12	20259	23666	17	1175	0.0	1349
CP002723.1	sp|P38420|NRPB2_ARATH	58.4	1158	453	12	20271	23666	22	1176	0.0	1345
CP002723.1	sp|Q54J75|RPB2_DICDI	57.7	1155	459	15	20271	23666	19	1166	0.0	1319
CP002723.1	sp|P30876|RPB2_HUMAN	57.8	1154	459	14	20274	23666	23	1171	0.0	1314
CP002723.1	sp|Q8CFI7|RPB2_MOUSE	57.8	1154	459	14	20274	23666	23	1171	0.0	1314
CP002723.1	sp|P08518|RPB2_YEAST	57.0	1192	452	13	20271	23666	26	1216	0.0	1311
CP002723.1	sp|Q753Q4|RPB2_ASHGO	56.3	1195	457	13	20271	23666	22	1214	0.0	1311
CP002723.1	sp|Q6FLD5|RPB2_CANGA	56.5	1193	457	14	20271	23666	24	1215	0.0	1305
CP002723.1	sp|A5DHT2|RPB2_PICGU	54.5	1227	475	14	20238	23675	4	1228	0.0	1303
CP002723.1	sp|P08266|RPB2_DROME	57.6	1155	461	16	20274	23666	24	1173	0.0	1303
CP002723.1	sp|Q10578|RPB2_CAEEL	56.9	1157	464	17	20274	23666	30	1177	0.0	1273
CP002723.1	sp|Q8SR10|SYQ_ENCCU	79.2	697	142	2	197254	195170	1	696	0.0	1133
CP002723.1	sp|Q8SQZ6|SYG_ENCCU	82.7	579	100	0	237306	239042	1	579	0.0	1003
CP002723.1	sp|Q8SUF9|NTT2_ENCCU	90.1	553	54	1	57253	55598	1	553	1.46e-317	967
CP002723.1	sp|Q8SR40|GPDH_ENCCU	78.8	604	128	0	108638	106827	1	604	1.58e-314	962
CP002723.1	sp|Q8SR76|TCPG_ENCCU	87.7	519	64	0	20066	18510	1	519	1.96e-297	908
CP002723.1	sp|Q8SR34|VATB_ENCCU	94.8	477	25	0	129591	131021	1	477	2.61e-295	900
CP002723.1	sp|Q8SR53|TCPH_ENCCU	84.3	511	80	0	69329	67797	1	511	3.85e-284	870
CP002723.1	sp|Q8SUG0|NTT3_ENCCU	79.7	543	110	0	54262	52634	1	543	1.29e-283	870
CP002723.1	sp|Q8SR30|PABP_ENCCU	83.7	502	80	2	136437	137936	1	502	4.37e-274	840
CP002723.1	sp|Q03604|RIR1_CAEEL	52.7	773	351	4	116030	118303	15	787	5.40e-269	839
CP002724.1	sp|Q8SQY7|STT4_ENCCU	79.0	1421	289	2	38828	34566	1	1412	0.0	2225
CP002724.1	sp|Q8SQV6|SYIC_ENCCU	84.0	1017	162	1	110505	113555	1	1016	0.0	1800
CP002724.1	sp|Q8MTP3|PTP3_ENCCU	71.6	1301	307	10	160196	156345	1	1256	0.0	1700
CP002724.1	sp|Q8SQT7|EF2_ENCCU	93.8	850	53	0	161431	163980	1	850	0.0	1606
CP002724.1	sp|Q8SQX2|SEC23_ENCCU	87.1	707	91	0	78073	75953	1	707	0.0	1281
CP002724.1	sp|C4V8Q1|SYIC_NOSCE	53.5	1014	454	5	110508	113495	3	1016	0.0	1151
CP002724.1	sp|Q10233|RPC2_SCHPO	52.9	1149	463	17	26728	23408	48	1160	0.0	1147
CP002724.1	sp|Q8SQU9|VATA_ENCCU	92.8	607	44	0	137185	135365	1	607	0.0	1138
CP002724.1	sp|P22276|RPC2_YEAST	54.1	1134	453	15	26713	23408	47	1144	0.0	1137
CP002724.1	sp|Q95YL7|HSP70_ENCHE	99.8	593	1	0	50048	51826	1	593	0.0	1136
CP002724.1	sp|P59470|RPC2_MOUSE	52.5	1142	470	17	26728	23411	24	1128	0.0	1121
CP002724.1	sp|Q9NW08|RPC2_HUMAN	52.5	1142	470	17	26728	23411	24	1128	0.0	1120
CP002724.1	sp|P25167|RPC2_DROME	49.7	1139	504	16	26725	23408	33	1135	0.0	1062
CP002724.1	sp|B7XK16|SYIC_ENTBH	52.3	940	408	11	110505	113225	1	933	0.0	1021
CP002724.1	sp|F4KD38|NRPC2_ARATH	47.3	1165	515	20	26722	23411	32	1158	0.0	1003
CP002724.1	sp|Q8SQR8|HSP7F_ENCCU	79.1	613	128	0	203427	205265	1	613	0.0	977
CP002724.1	sp|Q8SQW5|SYMC_ENCCU	80.0	544	109	0	90796	92427	1	544	8.16e-310	945
CP002724.1	sp|O96772|HSP70_ENCCU	80.7	592	114	0	50048	51823	1	592	7.44e-309	944
CP002724.1	sp|Q54IZ9|RPC2_DICDI	36.7	1604	482	15	26728	23411	37	1605	1.27e-284	917
CP002724.1	sp|Q21926|SYIC_CAEEL	46.8	1019	470	20	110517	113426	10	1005	2.05e-281	890
CP002724.1	sp|P41252|SYIC_HUMAN	45.0	1027	485	17	110514	113420	7	1011	5.36e-278	885
CP002724.1	sp|Q8BU30|SYIC_MOUSE	44.8	1042	497	18	110514	113468	7	1027	1.83e-277	883
CP002724.1	sp|Q54YD4|SYIC_DICDI	44.1	1024	491	18	110514	113414	6	1005	7.22e-271	856
CP002724.1	sp|O13651|SYIC_SCHPO	43.8	1026	487	20	110523	113414	4	1001	2.24e-268	849
CP002724.1	sp|P09436|SYIC_YEAST	44.3	1055	500	24	110505	113471	1	1033	1.35e-267	847
