JAAECE010000001.1	sp|P15398|RPA1_SCHPO	50.8	1633	656	26	4961821	4957163	122	1686	0.0	1444
JAAECE010000001.1	sp|O93918|PYC_ASPTE	65.6	1089	337	6	4682802	4686032	45	1107	0.0	1423
JAAECE010000001.1	sp|Q9HES8|PYC_ASPNG	67.5	1050	314	4	4682886	4686032	83	1106	0.0	1423
JAAECE010000001.1	sp|Q0CLK1|PYC_ASPTN	65.6	1089	337	6	4682802	4686032	45	1107	0.0	1419
JAAECE010000001.1	sp|Q9UUE1|PYC_SCHPO	64.6	1051	344	5	4682886	4686032	75	1099	0.0	1379
JAAECE010000001.1	sp|Q8X1T3|PYC_PICAN	63.8	1049	351	6	4682886	4686023	65	1087	0.0	1352
JAAECE010000001.1	sp|P11154|PYC1_YEAST	64.2	1049	346	7	4682886	4686023	61	1082	0.0	1338
JAAECE010000001.1	sp|P32327|PYC2_YEAST	63.8	1049	350	7	4682886	4686023	62	1083	0.0	1333
JAAECE010000001.1	sp|P78992|PYC_PICPA	63.0	1053	358	7	4682886	4686029	64	1089	0.0	1320
JAAECE010000001.1	sp|O75533|SF3B1_HUMAN	81.4	871	152	5	45371	47971	358	1222	0.0	1320
JAAECE010000001.1	sp|Q99NB9|SF3B1_MOUSE	81.4	871	152	5	45371	47971	358	1222	0.0	1320
JAAECE010000001.1	sp|O57683|SF3B1_XENLA	81.4	871	152	5	45371	47971	361	1225	0.0	1319
JAAECE010000001.1	sp|Q4P9K9|CHS8_USTMA	42.4	1839	873	45	1168178	1173403	2	1750	0.0	1279
JAAECE010000001.1	sp|P10964|RPA1_YEAST	45.1	1628	743	28	4961833	4957160	117	1664	0.0	1272
JAAECE010000001.1	sp|B0D6H2|ARO1_LACBS	50.5	1399	614	24	5228593	5224499	230	1584	0.0	1266
JAAECE010000001.1	sp|J9VNT4|CHS5_CRYNH	39.7	2038	1014	44	1168193	1174024	13	1929	0.0	1243
JAAECE010000001.1	sp|Q9P7R0|ARO1_SCHPO	48.8	1380	639	19	5228551	5224481	238	1573	0.0	1235
JAAECE010000001.1	sp|P0CM23|ARO1_CRYNB	49.6	1408	641	22	5228587	5224475	233	1609	0.0	1234
JAAECE010000001.1	sp|P0CM22|ARO1_CRYNJ	49.6	1408	641	22	5228587	5224475	233	1609	0.0	1234
JAAECE010000001.1	sp|A8NMB4|ARO1_COPC7	48.6	1470	637	32	5228602	5224475	230	1674	0.0	1226
JAAECE010000001.1	sp|B6JVD0|ARO1_SCHJY	48.9	1382	631	23	5228557	5224499	236	1571	0.0	1218
JAAECE010000001.1	sp|Q29RK2|PYC_BOVIN	58.1	1053	404	4	4682886	4686038	79	1096	0.0	1212
JAAECE010000001.1	sp|P11498|PYC_HUMAN	58.1	1059	395	6	4682886	4686038	79	1096	0.0	1211
JAAECE010000001.1	sp|Q05920|PYC_MOUSE	57.6	1059	400	6	4682886	4686038	79	1096	0.0	1208
JAAECE010000001.1	sp|P52873|PYC_RAT	57.6	1059	400	6	4682886	4686038	79	1096	0.0	1208
JAAECE010000010.1	sp|Q10105|GCN1_SCHPO	38.0	2123	1227	33	441331	447621	311	2370	0.0	1241
JAAECE010000010.1	sp|P33892|GCN1_YEAST	39.7	1760	986	25	442453	447621	616	2337	0.0	1140
JAAECE010000010.1	sp|Q92616|GCN1_HUMAN	36.2	2176	1228	48	441340	447621	293	2389	0.0	1113
JAAECE010000010.1	sp|E9PVA8|GCN1_MOUSE	35.7	2174	1241	43	441340	447621	293	2389	0.0	1098
JAAECE010000010.1	sp|P40976|LYS2_SCHPO	51.2	1064	474	19	146581	149700	368	1410	0.0	1030
JAAECE010000010.1	sp|O74298|LYS2_PENCH	47.8	1071	494	19	146581	149658	337	1387	4.91e-301	959
JAAECE010000010.1	sp|Q54WR2|GCN1_DICDI	35.8	1828	1077	33	442231	447621	633	2394	5.20e-288	962
JAAECE010000010.1	sp|P07702|LYS2_YEAST	46.9	1048	515	13	146581	149637	325	1359	8.88e-287	917
JAAECE010000010.1	sp|Q6FMI5|LYS2_CANGA	46.8	1063	512	16	146581	149667	310	1353	1.19e-278	893
JAAECE010000010.1	sp|Q75BB3|LYS2_ASHGO	45.5	1056	531	16	146581	149664	324	1362	1.42e-277	890
JAAECE010000010.1	sp|Q12572|LYS2_CANAX	47.2	1079	507	20	146581	149688	319	1377	1.67e-275	884
JAAECE010000010.1	sp|F4I893|ILA_ARATH	33.8	1921	1089	39	442057	447621	619	2423	2.09e-253	858
JAAECE010000010.1	sp|O42644|PYRG_SCHPO	64.1	580	185	3	502962	504701	2	558	2.29e-242	756
JAAECE010000010.1	sp|Q751L7|PYRG_ASHGO	63.4	585	190	3	502962	504710	2	564	2.54e-238	743
JAAECE010000010.1	sp|Q6FUD0|PYRG_CANGA	62.2	582	196	3	502962	504701	2	561	7.09e-236	736
JAAECE010000010.1	sp|P28274|URA7_YEAST	62.1	581	196	3	502962	504698	2	560	1.86e-235	735
JAAECE010000010.1	sp|A6ZQ59|URA8_YEAS7	61.4	583	199	3	502962	504698	2	562	4.13e-230	719
JAAECE010000010.1	sp|P38627|URA8_YEAST	61.4	583	199	3	502962	504698	2	562	4.13e-230	719
JAAECE010000010.1	sp|Q5XHA8|PYG1A_XENLA	62.3	579	189	4	502962	504698	2	551	4.86e-230	720
JAAECE010000010.1	sp|Q7ZXP9|PYG1B_XENLA	62.0	579	191	4	502962	504698	2	551	5.75e-229	717
JAAECE010000010.1	sp|P70698|PYRG1_MOUSE	62.3	579	189	4	502962	504698	2	551	7.82e-229	716
JAAECE010000010.1	sp|Q6FUF3|GUAA_CANGA	64.2	558	165	2	374835	376508	3	525	1.55e-228	712
JAAECE010000010.1	sp|P17812|PYRG1_HUMAN	61.6	583	195	4	502962	504710	2	555	2.02e-226	709
JAAECE010000010.1	sp|Q4P358|EIF3A_USTMA	52.2	803	343	7	865465	867822	1	779	4.63e-226	727
JAAECE010000010.1	sp|Q6PEI7|PYRG1_DANRE	60.5	583	201	4	502962	504710	2	555	2.39e-225	706
JAAECE010000011.1	sp|Q02061|RPB2_SCHPO	70.7	1024	276	7	823350	826376	111	1125	0.0	1476
JAAECE010000011.1	sp|A5DHT2|RPB2_PICGU	67.6	1035	303	8	823350	826376	117	1145	0.0	1407
JAAECE010000011.1	sp|Q6FLD5|RPB2_CANGA	66.4	1026	316	7	823350	826376	122	1135	0.0	1375
JAAECE010000011.1	sp|Q753Q4|RPB2_ASHGO	66.1	1029	315	8	823350	826376	120	1134	0.0	1374
JAAECE010000011.1	sp|P08518|RPB2_YEAST	65.3	1026	326	5	823350	826376	124	1136	0.0	1367
JAAECE010000011.1	sp|Q54J75|RPB2_DICDI	64.5	1010	317	10	823350	826376	119	1087	0.0	1336
JAAECE010000011.1	sp|Q42877|RPB2_SOLLC	64.8	1012	317	8	823350	826376	121	1096	0.0	1335
JAAECE010000011.1	sp|P38420|NRPB2_ARATH	64.5	1012	320	8	823350	826376	122	1097	0.0	1328
JAAECE010000011.1	sp|Q8CFI7|RPB2_MOUSE	63.7	1015	320	7	823350	826376	120	1092	0.0	1303
JAAECE010000011.1	sp|P30876|RPB2_HUMAN	63.6	1015	321	7	823350	826376	120	1092	0.0	1301
JAAECE010000011.1	sp|P08266|RPB2_DROME	63.5	1015	323	8	823350	826376	121	1094	0.0	1280
JAAECE010000011.1	sp|Q10578|RPB2_CAEEL	62.7	1017	326	9	823350	826376	127	1098	0.0	1256
JAAECE010000011.1	sp|Q8SR75|RPB2_ENCCU	60.4	1009	350	9	823350	826376	102	1060	0.0	1230
JAAECE010000011.1	sp|Q92442|AGLU_MUCJA	86.4	616	84	0	788030	786183	198	813	0.0	1153
JAAECE010000011.1	sp|Q3M9G1|GCSP_TRIV2	55.6	1025	374	8	805839	808901	26	973	0.0	1110
JAAECE010000011.1	sp|Q8YNF9|GCSP_NOSS1	55.5	1022	379	10	805854	808901	31	982	0.0	1107
JAAECE010000011.1	sp|O80988|GCSP2_ARATH	55.2	1042	385	11	805809	808898	65	1036	0.0	1106
JAAECE010000011.1	sp|O49850|GCSP_FLAAN	54.6	1032	388	8	805845	808910	69	1029	0.0	1102
JAAECE010000011.1	sp|Q94B78|GCSP1_ARATH	54.3	1046	399	8	805794	808904	56	1031	0.0	1100
JAAECE010000011.1	sp|P49361|GCSPA_FLAPR	54.4	1031	391	8	805845	808910	72	1032	0.0	1100
JAAECE010000011.1	sp|O49954|GCSP_SOLTU	54.6	1032	388	9	805845	808910	70	1030	0.0	1100
JAAECE010000011.1	sp|P49362|GCSPB_FLAPR	54.4	1031	391	8	805845	808910	69	1029	0.0	1100
JAAECE010000011.1	sp|O49852|GCSP_FLATR	54.4	1031	391	8	805845	808910	69	1029	0.0	1098
JAAECE010000011.1	sp|P26969|GCSP_PEA	54.9	1031	385	9	805845	808910	92	1051	0.0	1096
JAAECE010000011.1	sp|B2J427|GCSP_NOSP7	54.2	1028	394	8	805842	808901	19	977	0.0	1092
JAAECE010000012.1	sp|O93927|FKS1_CRYNH	50.3	1606	681	22	443801	448441	137	1684	0.0	1523
JAAECE010000012.1	sp|A2QLK4|FKS1_ASPNC	47.7	1611	718	22	443801	448411	181	1741	0.0	1416
JAAECE010000012.1	sp|O13967|BGS2_SCHPO	48.0	1618	709	25	443801	448411	183	1748	0.0	1392
JAAECE010000012.1	sp|P40989|FKS2_YEAST	46.8	1613	735	23	443801	448411	167	1732	0.0	1385
JAAECE010000012.1	sp|P38631|FKS1_YEAST	47.3	1620	720	26	443801	448417	148	1715	0.0	1371
JAAECE010000012.1	sp|O74475|BGS4_SCHPO	45.7	1652	730	25	443801	448417	193	1790	0.0	1362
JAAECE010000012.1	sp|Q10287|BGS1_SCHPO	47.0	1590	732	25	443801	448417	63	1592	0.0	1347
JAAECE010000012.1	sp|Q9P377|BGS3_SCHPO	45.3	1601	764	23	443786	448417	139	1684	0.0	1299
JAAECE010000012.1	sp|J9VNT4|CHS5_CRYNH	41.5	1769	875	37	152739	157817	117	1802	0.0	1263
JAAECE010000012.1	sp|Q04952|FKS3_YEAST	42.9	1670	779	27	443774	448411	6	1624	0.0	1258
JAAECE010000012.1	sp|Q4P9K9|CHS8_USTMA	40.6	1807	916	38	152670	157823	83	1821	0.0	1233
JAAECE010000012.1	sp|P19414|ACON_YEAST	72.5	728	198	2	294858	297035	51	778	0.0	1099
JAAECE010000012.1	sp|P82611|ACON_CANAL	72.1	723	200	2	294858	297020	52	774	0.0	1091
JAAECE010000012.1	sp|Q4WLN1|ACON_ASPFU	72.4	729	197	4	294858	297035	60	787	0.0	1090
JAAECE010000012.1	sp|P49609|ACON_GRAGA	72.9	723	194	2	294855	297020	53	774	0.0	1086
JAAECE010000012.1	sp|C8VG90|ACON_EMENI	72.0	721	200	2	294858	297017	58	777	0.0	1083
JAAECE010000012.1	sp|O13966|ACON_SCHPO	72.6	725	190	4	294858	297017	62	782	0.0	1077
JAAECE010000012.1	sp|D4AT77|ACON_ARTBC	70.3	725	213	2	294858	297029	51	774	0.0	1070
JAAECE010000012.1	sp|Q54XS2|ACON_DICDI	72.5	723	196	3	294873	297035	48	769	0.0	1068
JAAECE010000012.1	sp|P34455|ACON_CAEEL	70.7	727	209	2	294858	297035	52	775	0.0	1060
JAAECE010000012.1	sp|Q99KI0|ACON_MOUSE	71.1	731	209	2	294837	297023	47	777	0.0	1059
JAAECE010000012.1	sp|Q9ER34|ACON_RAT	71.0	731	210	2	294837	297023	47	777	0.0	1058
JAAECE010000012.1	sp|P20004|ACON_BOVIN	71.0	731	210	2	294837	297023	47	777	0.0	1057
JAAECE010000012.1	sp|Q99798|ACON_HUMAN	71.1	731	209	2	294837	297023	47	777	0.0	1056
JAAECE010000012.1	sp|P16276|ACON_PIG	70.7	735	213	2	294837	297035	47	781	0.0	1055
JAAECE010000013.1	sp|P36594|RPB1_SCHPO	61.2	1500	487	13	234611	239062	120	1540	0.0	1771
JAAECE010000013.1	sp|P18616|NRPB1_ARATH	58.7	1399	528	7	234620	238801	120	1473	0.0	1608
JAAECE010000013.1	sp|Q75A34|RPB1_ASHGO	56.8	1513	542	16	234614	239068	119	1548	0.0	1601
JAAECE010000013.1	sp|P35084|RPB1_DICDI	59.2	1409	500	12	234623	238801	121	1470	0.0	1588
JAAECE010000013.1	sp|P04050|RPB1_YEAST	57.8	1422	529	11	234614	238864	119	1474	0.0	1560
JAAECE010000013.1	sp|P11414|RPB1_CRIGR	54.0	1475	604	11	234614	238993	123	1538	0.0	1516
JAAECE010000013.1	sp|P24928|RPB1_HUMAN	54.0	1475	604	11	234614	238993	123	1538	0.0	1516
JAAECE010000013.1	sp|P08775|RPB1_MOUSE	54.0	1475	604	11	234614	238993	123	1538	0.0	1516
JAAECE010000013.1	sp|P35074|RPB1_CAEBR	53.3	1498	607	12	234611	239065	117	1535	0.0	1510
JAAECE010000013.1	sp|P16356|RPB1_CAEEL	54.1	1487	589	14	234644	239065	130	1536	0.0	1509
JAAECE010000013.1	sp|P04052|RPB1_DROME	54.0	1466	598	13	234659	238999	136	1543	0.0	1500
JAAECE010000013.1	sp|A5DCV3|RPB1_PICGU	54.1	1439	411	13	234611	238909	119	1313	0.0	1427
JAAECE010000013.1	sp|Q4P9K9|CHS8_USTMA	43.8	1748	839	33	300857	295764	107	1761	0.0	1338
JAAECE010000013.1	sp|J9VNT4|CHS5_CRYNH	42.3	1730	847	26	300857	295797	121	1742	0.0	1248
JAAECE010000013.1	sp|Q8SSC4|RPB1_ENCCU	47.5	1424	580	22	234653	238795	115	1413	0.0	1182
JAAECE010000013.1	sp|P14248|RPB1_PLAFD	35.7	1934	616	19	234785	238870	203	2081	0.0	1050
JAAECE010000013.1	sp|P17546|RPB1A_TRYBB	42.6	1317	674	23	234965	238810	214	1483	6.34e-294	951
JAAECE010000013.1	sp|P17545|RPB1B_TRYBB	42.5	1317	675	23	234965	238810	214	1483	1.58e-293	950
JAAECE010000013.1	sp|O13395|CHS6_USTMA	52.1	864	367	12	298328	295797	62	898	3.81e-283	898
JAAECE010000013.1	sp|P40377|MCM2_SCHPO	66.6	656	210	2	624609	626549	173	828	5.46e-272	851
JAAECE010000013.1	sp|P29469|MCM2_YEAST	61.7	686	225	3	624609	626552	180	865	4.16e-259	815
JAAECE010000013.1	sp|J9VF17|CHS4_CRYNH	50.0	844	396	10	298313	295818	160	989	2.40e-258	830
JAAECE010000013.1	sp|Q6DIH3|MCM2_XENTR	62.9	641	236	1	624633	626549	161	801	1.57e-257	811
JAAECE010000013.1	sp|P55861|MCM2_XENLA	62.8	643	235	1	624633	626549	161	803	2.28e-257	811
JAAECE010000013.1	sp|P97310|MCM2_MOUSE	61.6	645	241	1	624636	626549	177	821	7.96e-253	799
JAAECE010000014.1	sp|Q5AZT7|LONM_EMENI	61.0	823	266	6	132467	134902	319	1097	5.46e-279	881
JAAECE010000014.1	sp|A2QCJ2|LONM_ASPNC	60.4	826	270	5	132467	134905	324	1105	2.92e-277	877
JAAECE010000014.1	sp|Q4X0Z7|LONM_ASPFU	59.1	829	263	7	132467	134884	320	1095	8.48e-269	852
JAAECE010000014.1	sp|Q7S8C4|LONM_NEUCR	59.1	798	257	6	132530	134854	330	1081	2.79e-262	833
JAAECE010000014.1	sp|Q6CNR9|LONM_KLULA	55.1	829	304	10	132500	134917	327	1110	2.27e-250	799
JAAECE010000014.1	sp|Q09769|LONM_SCHPO	54.9	789	309	6	132527	134887	312	1055	1.60e-243	777
JAAECE010000014.1	sp|Q6FPE6|LONM_CANGA	52.5	836	308	9	132530	134905	232	1022	6.74e-237	756
JAAECE010000014.1	sp|P36775|LONM_YEAST	53.2	824	296	10	132530	134908	367	1131	1.24e-236	760
JAAECE010000014.1	sp|P0CQ17|LONM_CRYNB	53.5	802	308	8	132557	134899	341	1098	4.25e-234	751
JAAECE010000014.1	sp|P0CQ16|LONM_CRYNJ	53.5	802	308	8	132557	134899	341	1098	7.85e-234	751
JAAECE010000014.1	sp|Q754Q9|LONM_ASHGO	50.4	807	339	11	132530	134917	299	1055	3.16e-218	704
JAAECE010000014.1	sp|Q6FIL3|HAS1_CANGA	69.5	476	125	3	159320	160741	22	479	1.76e-214	669
JAAECE010000014.1	sp|Q6BH93|HAS1_DEBHA	70.5	481	117	4	159305	160741	97	554	2.98e-214	672
JAAECE010000014.1	sp|Q6CXB7|HAS1_KLULA	69.9	475	123	3	159323	160741	28	484	4.98e-214	668
JAAECE010000014.1	sp|Q03532|HAS1_YEAST	70.9	467	116	3	159347	160741	44	492	2.29e-213	666
JAAECE010000014.1	sp|A3LNR6|HAS1_PICST	69.9	485	126	3	159293	160741	87	553	2.50e-213	669
JAAECE010000014.1	sp|Q74Z73|HAS1_ASHGO	71.3	467	114	3	159347	160741	41	489	3.01e-213	666
JAAECE010000014.1	sp|Q4WQM4|HAS1_ASPFU	69.5	479	126	3	159311	160741	130	590	6.09e-212	667
JAAECE010000014.1	sp|Q6C7D2|HAS1_YARLI	69.2	474	128	1	159320	160741	124	579	6.18e-212	667
JAAECE010000014.1	sp|A1CW14|HAS1_NEOFI	69.3	479	127	3	159311	160741	130	590	1.13e-211	667
JAAECE010000014.1	sp|A5DID7|HAS1_PICGU	70.4	467	118	3	159347	160741	107	555	2.02e-211	664
JAAECE010000014.1	sp|Q09916|HAS1_SCHPO	71.3	467	114	3	159347	160741	91	539	1.77e-210	661
JAAECE010000014.1	sp|Q5BBY1|HAS1_EMENI	70.2	467	119	3	159347	160741	130	578	5.34e-210	661
JAAECE010000014.1	sp|A1CIQ5|HAS1_ASPCL	69.8	467	121	3	159347	160741	145	593	1.74e-209	660
JAAECE010000014.1	sp|A2Q9T6|HAS1_ASPNC	69.4	467	123	3	159347	160741	127	575	5.67e-209	658
JAAECE010000015.1	sp|Q04217|DHR1_YEAST	46.9	909	419	12	75041	77677	372	1246	1.48e-222	723
JAAECE010000015.1	sp|Q4PE39|SEC23_USTMA	78.8	429	89	1	20387	19107	337	765	1.25e-218	692
JAAECE010000015.1	sp|Q9HDY4|YK16_SCHPO	44.2	899	386	14	75041	77677	379	1181	1.00e-216	703
JAAECE010000015.1	sp|Q8IY37|DHX37_HUMAN	46.8	901	381	18	75023	77650	226	1053	2.09e-214	696
JAAECE010000015.1	sp|P0CR39|SEC23_CRYNB	75.1	429	105	1	20387	19107	327	755	2.07e-205	654
JAAECE010000015.1	sp|P0CR38|SEC23_CRYNJ	75.1	429	105	1	20387	19107	327	755	2.07e-205	654
JAAECE010000015.1	sp|Q9C284|SEC23_NEUCR	70.6	435	120	5	20387	19107	334	768	1.10e-190	612
JAAECE010000015.1	sp|Q2HB00|SEC23_CHAGB	69.5	433	126	4	20387	19107	334	766	3.03e-189	608
JAAECE010000015.1	sp|O74873|SC231_SCHPO	67.5	428	138	1	20387	19107	326	753	5.64e-188	603
JAAECE010000015.1	sp|Q2URM9|SEC23_ASPOR	69.4	431	128	4	20387	19107	332	762	1.45e-187	603
JAAECE010000015.1	sp|A4R1J7|SEC23_MAGO7	69.0	432	128	4	20387	19107	333	763	2.03e-187	602
JAAECE010000015.1	sp|Q5BGR9|SEC23_EMENI	68.9	431	130	4	20387	19107	334	764	2.45e-186	599
JAAECE010000015.1	sp|A1CRW7|SEC23_ASPCL	68.7	431	131	4	20387	19107	332	762	2.90e-185	596
JAAECE010000015.1	sp|A2Q8L1|SEC23_ASPNC	68.4	431	132	4	20387	19107	331	761	4.80e-185	595
JAAECE010000015.1	sp|Q4WK80|SEC23_ASPFU	68.2	431	133	4	20387	19107	332	762	7.08e-185	595
JAAECE010000015.1	sp|A1D4S4|SEC23_NEOFI	68.2	431	133	4	20387	19107	332	762	1.31e-184	595
JAAECE010000015.1	sp|Q0CUU1|SEC23_ASPTN	68.4	431	132	4	20387	19107	334	764	1.81e-184	594
JAAECE010000015.1	sp|Q0US25|SEC23_PHANO	67.9	433	132	5	20387	19107	338	769	2.48e-183	591
JAAECE010000015.1	sp|Q6C5L5|SEC23_YARLI	67.1	428	140	1	20387	19107	324	751	3.49e-181	584
JAAECE010000015.1	sp|Q1DY01|SEC23_COCIM	66.9	432	137	5	20387	19107	335	765	2.18e-179	579
JAAECE010000015.1	sp|O46072|KZ_DROME	41.4	894	453	15	75035	77650	239	1083	1.51e-178	592
JAAECE010000015.1	sp|Q15436|SC23A_HUMAN	63.3	428	155	1	20384	19107	331	758	1.10e-172	560
JAAECE010000015.1	sp|Q5R9P3|SC23A_PONAB	63.3	428	155	1	20384	19107	331	758	1.10e-172	560
JAAECE010000015.1	sp|A5DA00|SEC23_PICGU	63.9	427	150	3	20387	19107	319	741	1.18e-172	559
JAAECE010000015.1	sp|Q01405|SC23A_MOUSE	63.1	428	156	1	20384	19107	331	758	1.50e-172	559
JAAECE010000016.1	sp|P87048|RPN1_SCHPO	42.1	923	385	12	13579	10913	59	866	1.64e-191	618
JAAECE010000016.1	sp|Q7S8R8|RPN1_NEUCR	40.6	940	386	17	13579	10910	61	878	1.24e-189	613
JAAECE010000016.1	sp|P56701|PSMD2_BOVIN	39.7	950	392	17	13579	10910	58	886	4.13e-180	585
JAAECE010000016.1	sp|Q13200|PSMD2_HUMAN	39.5	949	395	16	13579	10910	58	886	1.41e-179	584
JAAECE010000016.1	sp|Q5R9I6|PSMD2_PONAB	39.4	949	396	16	13579	10910	58	886	1.91e-179	583
JAAECE010000016.1	sp|Q4FZT9|PSMD2_RAT	39.5	949	395	16	13579	10910	58	886	2.59e-179	583
JAAECE010000016.1	sp|Q8VDM4|PSMD2_MOUSE	39.5	949	395	16	13579	10910	58	886	3.52e-179	583
JAAECE010000016.1	sp|Q54BC6|PSMD2_DICDI	38.2	913	411	15	13561	10910	74	862	1.80e-157	519
JAAECE010000016.1	sp|O74976|FAT2_SCHPO	51.0	518	215	9	41310	39799	13	505	5.87e-151	485
JAAECE010000016.1	sp|Q9SIV2|PSD2A_ARATH	35.0	963	397	14	13564	10910	57	868	1.28e-148	493
JAAECE010000016.1	sp|Q6XJG8|PSD2B_ARATH	35.6	922	447	11	13564	10910	57	868	1.04e-145	485
JAAECE010000016.1	sp|P38137|FAT2_YEAST	51.1	522	225	10	41295	39796	22	535	1.12e-141	460
JAAECE010000016.1	sp|Q9SMT7|4CLLA_ARATH	47.7	501	233	10	41256	39790	31	514	2.08e-135	441
JAAECE010000016.1	sp|P38764|RPN1_YEAST	31.1	1025	455	15	13564	10910	56	969	6.45e-130	442
JAAECE010000016.1	sp|Q6FPV6|RPN1_CANGA	30.2	1039	446	14	13579	10910	51	959	2.31e-118	408
JAAECE010000016.1	sp|P27810|KTR1_YEAST	49.8	249	98	2	15601	14855	63	284	6.76e-78	270
JAAECE010000016.1	sp|A0A3G9H9I5|ALT10_ALTAL	34.7	551	303	13	41295	39793	21	564	6.69e-76	270
JAAECE010000016.1	sp|P27809|KRE2_YEAST	49.6	240	93	3	15574	14855	122	333	1.57e-73	259
JAAECE010000016.1	sp|Q8J2R0|FUM10_GIBM7	33.3	550	299	16	41298	39793	20	549	2.03e-73	263
JAAECE010000016.1	sp|P46592|MNT2_CANAL	47.9	242	99	2	15580	14855	139	353	4.98e-73	258
JAAECE010000016.1	sp|Q00310|MNT1_CANAL	48.1	243	99	2	15580	14852	108	323	1.31e-70	250
JAAECE010000016.1	sp|O60160|OMH1_SCHPO	44.8	239	105	2	15580	14864	69	280	1.13e-61	223
JAAECE010000016.1	sp|P38130|KTR3_YEAST	40.4	240	116	2	15574	14855	87	299	3.09e-61	222
JAAECE010000016.1	sp|Q4P5N0|STE20_USTMA	59.4	197	56	1	4218	4808	447	619	2.52e-57	220
JAAECE010000016.1	sp|O07610|LCFB_BACSU	31.0	503	311	13	41256	39802	27	511	6.30e-56	210
JAAECE010000017.1	sp|P03934|TC1A_CAEEL	33.3	246	154	5	16889	17623	37	273	2.58e-33	136
JAAECE010000017.1	sp|P35072|TCB1_CAEBR	32.7	248	153	6	16889	17623	37	273	4.06e-32	133
JAAECE010000017.1	sp|Q04202|TCB2_CAEBR	29.3	256	165	5	16868	17623	30	273	7.36e-30	126
JAAECE010000017.1	sp|O00370|LORF2_HUMAN	29.6	186	125	4	7478	6927	379	560	8.74e-14	84.0
JAAECE010000017.1	sp|P11369|LORF2_MOUSE	26.5	279	192	8	7742	6924	297	568	1.15e-13	83.6
JAAECE010000017.1	sp|P08548|LIN1_NYCCO	27.1	192	120	6	7475	6927	379	559	9.54e-11	73.9
JAAECE010000017.1	sp|P80895|PIMT_PIG	45.6	57	28	1	26172	26011	100	156	1.70e-07	60.1
JAAECE010000017.1	sp|P23506|PIMT_MOUSE	45.6	57	28	1	26172	26011	100	156	2.28e-07	59.7
JAAECE010000017.1	sp|P15246|PIMT_BOVIN	45.6	57	28	1	26172	26011	100	156	3.08e-07	59.3
JAAECE010000017.1	sp|P22061|PIMT_HUMAN	43.9	57	29	1	26172	26011	100	156	3.08e-07	59.3
JAAECE010000017.1	sp|Q4R5H0|PIMT_MACFA	43.9	57	29	1	26172	26011	100	156	4.15e-07	58.9
JAAECE010000017.1	sp|Q5RA89|PIMT_PONAB	43.9	57	29	1	26172	26011	100	156	4.15e-07	58.9
JAAECE010000017.1	sp|P22062|PIMT_RAT	43.9	57	29	1	26172	26011	100	156	1.37e-06	57.4
JAAECE010000017.1	sp|Q27873|PIMT_CAEEL	33.0	109	24	2	26566	26252	37	100	2.41e-06	56.6
JAAECE010000017.1	sp|Q5F3N1|PIMT_CHICK	42.1	57	30	1	26172	26011	100	156	2.51e-06	56.6
JAAECE010000017.1	sp|Q92047|PIMT_DANRE	38.6	57	32	1	26172	26011	100	156	6.12e-06	55.5
JAAECE010000017.1	sp|A0B9U1|PIMT_METTP	48.1	52	25	1	26172	26017	92	141	6.38e-06	55.1
JAAECE010000017.1	sp|P16423|POLR_DROME	41.3	63	37	0	6757	6569	499	561	4.87e-05	55.1
JAAECE010000017.1	sp|Q27869|PIMT_DROME	34.0	100	25	2	26566	26267	37	95	2.07e-04	50.8
JAAECE010000017.1	sp|Q9URZ1|PIMT_SCHPO	36.8	106	26	3	26566	26249	37	101	2.91e-04	50.4
JAAECE010000017.1	sp|Q64J17|PIMT2_ARATH	43.1	58	29	1	26172	26011	184	241	3.10e-04	51.2
JAAECE010000018.1	sp|O00087|DLDH_SCHPO	63.5	425	155	0	21603	20329	71	495	5.74e-176	556
JAAECE010000018.1	sp|P09624|DLDH_YEAST	61.0	433	161	3	21603	20329	52	484	1.68e-166	529
JAAECE010000018.1	sp|O17953|DLDH_CAEEL	61.5	426	161	3	21603	20329	55	478	4.53e-161	513
JAAECE010000018.1	sp|P09622|DLDH_HUMAN	60.0	428	167	4	21603	20329	67	493	1.61e-159	509
JAAECE010000018.1	sp|Q60HG3|DLDH_MACFA	59.8	428	168	4	21603	20329	67	493	1.61e-159	509
JAAECE010000018.1	sp|P09623|DLDH_PIG	60.3	428	166	4	21603	20329	67	493	1.39e-158	506
JAAECE010000018.1	sp|Q5R4B1|DLDH_PONAB	59.6	428	169	4	21603	20329	67	493	2.58e-158	506
JAAECE010000018.1	sp|Q8CIZ7|DLDH_CRIGR	59.8	428	168	4	21603	20329	67	493	3.51e-158	505
JAAECE010000018.1	sp|Q6P6R2|DLDH_RAT	59.8	428	168	4	21603	20329	67	493	4.78e-158	505
JAAECE010000018.1	sp|P49819|DLDH_CANLF	59.6	428	169	4	21603	20329	67	493	6.51e-158	504
JAAECE010000018.1	sp|Q811C4|DLDH_MESAU	59.8	428	168	4	21603	20329	51	477	1.08e-157	503
JAAECE010000018.1	sp|O08749|DLDH_MOUSE	59.1	428	171	4	21603	20329	67	493	1.64e-157	503
JAAECE010000018.1	sp|Q9M5K3|DLDH1_ARATH	57.7	426	179	1	21603	20326	69	493	4.64e-154	493
JAAECE010000018.1	sp|Q9M5K2|DLDH2_ARATH	57.5	426	180	1	21603	20326	69	493	7.45e-153	490
JAAECE010000018.1	sp|P31023|DLDH_PEA	56.3	426	185	1	21603	20326	63	487	1.12e-152	489
JAAECE010000018.1	sp|O18480|DLDH_MANSE	57.6	427	174	4	21594	20326	59	482	3.96e-151	484
JAAECE010000018.1	sp|Q9SPB1|LEGRE_VIGUN	56.3	426	185	1	21603	20326	62	486	1.54e-149	481
JAAECE010000018.1	sp|Q54EW8|DLDH_DICDI	57.2	425	179	2	21594	20326	51	474	4.04e-149	478
JAAECE010000018.1	sp|Q41219|LEGRE_SOYBN	55.6	426	188	1	21603	20326	62	486	5.28e-149	479
JAAECE010000018.1	sp|P31046|DLDH3_PSEPU	55.9	426	184	4	21600	20326	30	452	1.16e-137	444
JAAECE010000018.1	sp|P90597|DLDH_TRYCR	56.2	429	183	5	21603	20326	37	463	2.33e-135	438
JAAECE010000018.1	sp|Q04933|DLDH_TRYBB	55.0	431	187	5	21603	20326	37	465	1.90e-131	427
JAAECE010000018.1	sp|P95596|DLDH_RHOCA	53.8	426	183	3	21603	20326	29	440	8.33e-130	421
JAAECE010000018.1	sp|Q9HUY1|DLDH3_PSEAE	49.3	426	212	4	21600	20326	31	453	2.55e-121	397
JAAECE010000018.1	sp|P52992|DLDH_CUPNH	51.4	418	192	4	21576	20335	47	457	3.25e-119	392
JAAECE010000019.1	sp|P46295|RS14_CHLRE	89.6	144	13	1	5481	5050	12	153	4.67e-73	245
JAAECE010000019.1	sp|Q9CAX6|RS142_ARATH	81.2	149	28	0	5496	5050	2	150	6.85e-72	241
JAAECE010000019.1	sp|P42036|RS143_ARATH	80.5	149	29	0	5496	5050	2	150	9.34e-72	241
JAAECE010000019.1	sp|Q9SIH0|RS141_ARATH	80.5	149	29	0	5496	5050	2	150	2.37e-71	240
JAAECE010000019.1	sp|P0CT56|RS14A_SCHPO	88.1	135	16	0	5454	5050	5	139	3.02e-71	239
JAAECE010000019.1	sp|P0CT57|RS14B_SCHPO	88.1	135	16	0	5454	5050	5	139	3.02e-71	239
JAAECE010000019.1	sp|P19115|RS14_NEUCR	81.6	147	27	0	5490	5050	4	150	4.40e-71	239
JAAECE010000019.1	sp|P48150|RS14_CAEEL	86.9	137	18	0	5460	5050	16	152	4.71e-71	239
JAAECE010000019.1	sp|Q1HR24|RS14_AEDAE	83.1	148	23	1	5493	5050	6	151	8.46e-71	238
JAAECE010000019.1	sp|Q08699|RS14_PODCA	81.0	147	28	0	5490	5050	5	151	2.14e-70	237
JAAECE010000019.1	sp|Q7QBX2|RS14B_ANOGA	81.2	149	28	0	5496	5050	4	152	2.22e-70	237
JAAECE010000019.1	sp|Q7QEH1|RS14A_ANOGA	81.2	149	28	0	5496	5050	4	152	3.03e-70	237
JAAECE010000019.1	sp|P19950|RS141_MAIZE	84.9	139	21	0	5466	5050	11	149	3.72e-70	236
JAAECE010000019.1	sp|P19951|RS142_MAIZE	79.9	149	30	0	5496	5050	2	150	7.16e-70	236
JAAECE010000019.1	sp|C0HKA0|RS14A_DROME	85.5	138	20	0	5463	5050	14	151	1.88e-69	234
JAAECE010000019.1	sp|Q6XI08|RS14A_DROYA	85.5	138	20	0	5463	5050	14	151	1.88e-69	234
JAAECE010000019.1	sp|C0HKA1|RS14B_DROME	85.5	138	20	0	5463	5050	14	151	1.88e-69	234
JAAECE010000019.1	sp|P62265|RS14_CRIGR	83.8	142	23	0	5475	5050	10	151	2.56e-69	234
JAAECE010000019.1	sp|P62263|RS14_HUMAN	83.8	142	23	0	5475	5050	10	151	2.56e-69	234
JAAECE010000019.1	sp|P62264|RS14_MOUSE	83.8	142	23	0	5475	5050	10	151	2.56e-69	234
JAAECE010000019.1	sp|P13471|RS14_RAT	83.8	142	23	0	5475	5050	10	151	2.56e-69	234
JAAECE010000019.1	sp|Q5UAM9|RS14_BOMMO	82.9	146	24	1	5487	5050	7	151	3.05e-68	231
JAAECE010000019.1	sp|O22584|RS14_LUPLU	79.2	149	31	0	5496	5050	2	150	1.39e-67	229
JAAECE010000019.1	sp|P48855|RS14_PROCL	82.6	138	24	0	5463	5050	14	151	1.96e-67	229
JAAECE010000019.1	sp|P06367|RS14A_YEAST	83.3	132	22	0	5445	5050	6	137	1.27e-65	223
JAAECE010000002.1	sp|P78615|FAS2_EMEND	58.2	1907	727	21	2949499	2955165	3	1857	0.0	2088
JAAECE010000002.1	sp|Q10289|FAS2_SCHPO	56.9	1897	750	17	2949499	2955162	3	1840	0.0	2049
JAAECE010000002.1	sp|P15368|FAS2_PENPA	58.1	1881	736	18	2949499	2955114	3	1839	0.0	2032
JAAECE010000002.1	sp|G8BAW7|FAS2_CANPC	55.7	1933	760	22	2949499	2955165	3	1883	0.0	2001
JAAECE010000002.1	sp|P43098|FAS2_CANAX	55.9	1933	757	25	2949499	2955165	3	1884	0.0	1982
JAAECE010000002.1	sp|P19097|FAS2_YEAST	55.1	1920	793	19	2949499	2955162	3	1884	0.0	1947
JAAECE010000002.1	sp|Q765N2|FAS2_LACKL	54.7	1920	801	21	2949499	2955165	5	1887	0.0	1926
JAAECE010000002.1	sp|Q9C102|GLT1_SCHPO	65.0	1410	479	6	1971877	1976079	304	1708	0.0	1862
JAAECE010000002.1	sp|P34731|FAS1_CANAX	48.9	1872	843	27	4231433	4225872	257	2033	0.0	1681
JAAECE010000002.1	sp|P34229|FAS1_YARLI	47.7	1916	841	26	4231460	4225872	273	2079	0.0	1666
JAAECE010000002.1	sp|Q9UUG0|FAS1_SCHPO	47.9	1896	861	28	4231430	4225851	267	2072	0.0	1664
JAAECE010000002.1	sp|Q12680|GLT1_YEAST	58.1	1448	556	14	1971877	1976079	292	1735	0.0	1623
JAAECE010000002.1	sp|P07149|FAS1_YEAST	45.7	1880	901	27	4231436	4225857	269	2048	0.0	1606
JAAECE010000002.1	sp|Q0JKD0|GLT1_ORYSJ	57.4	1438	561	14	1971877	1976079	337	1759	0.0	1576
JAAECE010000002.1	sp|Q03460|GLSN_MEDSA	56.7	1446	577	15	1971877	1976079	336	1777	0.0	1566
JAAECE010000002.1	sp|Q9LV03|GLUT1_ARATH	56.1	1450	583	14	1971877	1976079	354	1798	0.0	1555
JAAECE010000002.1	sp|Q0DG35|GLT2_ORYSJ	56.5	1438	585	13	1971877	1976079	344	1777	0.0	1552
JAAECE010000002.1	sp|Q92215|TOXC_COCCA	41.5	1879	983	21	4231436	4225872	271	2056	0.0	1387
JAAECE010000002.1	sp|Q10233|RPC2_SCHPO	70.4	959	276	4	383111	380253	100	1056	0.0	1380
JAAECE010000002.1	sp|Q2TXF0|ORYA_ASPOR	42.8	1917	920	30	2949499	2955165	7	1774	0.0	1347
JAAECE010000002.1	sp|A5DI11|EF2_PICGU	76.2	840	199	1	3000231	2997712	4	842	0.0	1310
JAAECE010000002.1	sp|P32324|EF2_YEAST	76.2	840	199	1	3000231	2997712	4	842	0.0	1307
JAAECE010000002.1	sp|Q874B9|EF2_PICPA	75.1	841	208	1	3000234	2997712	3	842	0.0	1306
JAAECE010000002.1	sp|Q6FYA7|EF2_CANGA	75.6	840	204	1	3000231	2997712	4	842	0.0	1304
JAAECE010000002.1	sp|Q875Z2|EF2_NAUCC	75.8	840	202	1	3000231	2997712	4	842	0.0	1301
JAAECE010000020.1	sp|O48844|PSD1A_ARATH	43.5	953	460	12	12313	9515	73	967	7.42e-205	659
JAAECE010000020.1	sp|Q5F418|PSMD1_CHICK	43.2	952	443	11	12313	9506	67	936	2.59e-204	656
JAAECE010000020.1	sp|O88761|PSMD1_RAT	43.3	937	461	9	12313	9506	67	934	1.13e-203	654
JAAECE010000020.1	sp|Q3TXS7|PSMD1_MOUSE	43.2	937	462	9	12313	9506	67	934	5.21e-203	652
JAAECE010000020.1	sp|Q99460|PSMD1_HUMAN	43.2	937	462	9	12313	9506	67	934	9.62e-203	651
JAAECE010000020.1	sp|Q5R5S4|PSMD1_PONAB	43.2	937	462	9	12313	9506	67	934	9.62e-203	651
JAAECE010000020.1	sp|Q9V3P6|PSMD1_DROME	40.9	982	473	11	12313	9527	68	995	4.65e-201	649
JAAECE010000020.1	sp|Q9MAT0|PSD1B_ARATH	43.1	946	467	12	12313	9515	73	960	1.65e-200	647
JAAECE010000020.1	sp|O74762|RPN2_SCHPO	39.8	944	464	8	12313	9530	77	932	3.41e-198	639
JAAECE010000020.1	sp|Q54JM5|PSMD1_DICDI	40.0	940	478	10	12313	9518	70	931	6.67e-174	568
JAAECE010000020.1	sp|Q6FIP2|RPN2_CANGA	37.5	949	470	12	12313	9530	68	914	1.19e-164	540
JAAECE010000020.1	sp|Q75CF3|RPN2_ASHGO	36.1	961	459	13	12313	9530	68	906	8.78e-156	514
JAAECE010000020.1	sp|P32565|RPN2_YEAST	34.0	961	491	12	12313	9530	68	918	3.50e-143	478
JAAECE010000020.1	sp|P25737|LYSP_ECOLI	46.1	425	174	5	5923	4673	104	481	4.94e-106	353
JAAECE010000020.1	sp|Q18115|PSMD1_CAEEL	37.2	559	305	6	11116	9533	391	934	5.84e-102	357
JAAECE010000020.1	sp|A2RNZ6|LYSP_LACLM	41.6	430	188	9	5920	4667	125	503	1.31e-84	292
JAAECE010000020.1	sp|A2RI97|HISP_LACLM	47.7	331	164	5	5644	4667	147	473	8.42e-84	289
JAAECE010000020.1	sp|P19145|GAP1_YEAST	39.5	347	197	4	5644	4643	227	573	2.19e-63	233
JAAECE010000020.1	sp|P04817|CAN1_YEAST	34.5	441	229	9	5923	4643	175	569	1.38e-62	231
JAAECE010000020.1	sp|P38971|ALP1_YEAST	38.4	349	198	5	5644	4643	206	552	2.90e-60	223
JAAECE010000020.1	sp|P32487|LYP1_YEAST	34.0	441	230	10	5923	4643	197	590	1.19e-59	223
JAAECE010000020.1	sp|O60170|MEU22_SCHPO	37.1	342	197	4	5644	4658	198	534	2.70e-58	218
JAAECE010000020.1	sp|A0A1D8PK89|GAP2_CANAL	39.0	346	196	6	5644	4643	217	559	6.64e-58	217
JAAECE010000020.1	sp|A0A1D8PMB1|GAP5_CANAL	38.6	342	196	5	5644	4649	250	587	6.74e-58	218
JAAECE010000020.1	sp|Q59WB3|GAP4_CANAL	36.8	342	206	6	5644	4643	239	578	3.89e-55	209
JAAECE010000022.1	sp|Q01397|DYNA_NEUCR	32.4	581	359	6	2841	1117	329	881	4.39e-64	245
JAAECE010000022.1	sp|P0C1H7|PPIA1_RHIO9	81.7	109	20	0	6149	5823	42	150	1.06e-54	191
JAAECE010000022.1	sp|P10111|PPIA_RAT	73.6	110	29	0	6149	5820	42	151	1.96e-47	171
JAAECE010000022.1	sp|P54985|PPIA_BLAGE	72.7	110	30	0	6149	5820	42	151	3.64e-47	170
JAAECE010000022.1	sp|Q6DTV9|PPIA_AOTTR	84.0	94	15	0	6149	5868	42	135	4.96e-47	169
JAAECE010000022.1	sp|Q0ZQK3|PPIA_SAGOE	84.0	94	15	0	6149	5868	42	135	4.96e-47	169
JAAECE010000022.1	sp|P14851|PPIA_CRIGR	84.0	94	15	0	6149	5868	42	135	6.77e-47	169
JAAECE010000022.1	sp|P17742|PPIA_MOUSE	84.0	94	15	0	6149	5868	42	135	6.77e-47	169
JAAECE010000022.1	sp|P30405|PPIF_HUMAN	74.5	110	28	0	6149	5820	84	193	1.05e-46	170
JAAECE010000022.1	sp|P62938|PPIA_CHLAE	84.0	94	15	0	6149	5868	42	135	1.30e-46	168
JAAECE010000022.1	sp|Q0ZQL0|PPIA_GORGO	84.0	94	15	0	6149	5868	42	135	1.30e-46	168
JAAECE010000022.1	sp|P62937|PPIA_HUMAN	84.0	94	15	0	6149	5868	42	135	1.30e-46	168
JAAECE010000022.1	sp|Q0ZQK8|PPIA_HYLLA	84.0	94	15	0	6149	5868	42	135	1.30e-46	168
JAAECE010000022.1	sp|P62940|PPIA_MACMU	84.0	94	15	0	6149	5868	42	135	1.30e-46	168
JAAECE010000022.1	sp|Q0ZQK7|PPIA_NOMLE	84.0	94	15	0	6149	5868	42	135	1.30e-46	168
JAAECE010000022.1	sp|Q0ZQL2|PPIA_PANPA	84.0	94	15	0	6149	5868	42	135	1.30e-46	168
JAAECE010000022.1	sp|Q0ZQL1|PPIA_PANTR	84.0	94	15	0	6149	5868	42	135	1.30e-46	168
JAAECE010000022.1	sp|P62941|PPIA_PAPAN	84.0	94	15	0	6149	5868	42	135	1.30e-46	168
JAAECE010000022.1	sp|Q5R8S7|PPIA_PONPY	84.0	94	15	0	6149	5868	42	135	1.30e-46	168
JAAECE010000022.1	sp|Q0ZQK6|PPIA_SYMSY	84.0	94	15	0	6149	5868	42	135	1.30e-46	168
JAAECE010000022.1	sp|P25007|PPIA_DROME	68.3	123	36	1	6149	5790	105	227	1.43e-46	171
JAAECE010000022.1	sp|P62935|PPIA_BOVIN	84.0	94	15	0	6149	5868	42	135	1.71e-46	168
JAAECE010000022.1	sp|P62936|PPIA_PIG	84.0	94	15	0	6149	5868	42	135	1.71e-46	168
JAAECE010000022.1	sp|P29117|PPIF_RAT	68.3	123	36	1	6149	5790	83	205	1.88e-46	169
JAAECE010000022.1	sp|Q9TTC6|PPIA_RABIT	71.8	110	31	0	6149	5820	42	151	2.34e-46	167
JAAECE010000023.1	sp|Q58623|Y1226_METJA	43.3	644	308	12	4051	5949	43	640	2.00e-139	458
JAAECE010000023.1	sp|P28876|PMA2_SCHPO	43.0	621	317	11	4051	5868	194	792	1.99e-133	448
JAAECE010000023.1	sp|P07038|PMA1_NEUCR	42.5	619	323	11	4051	5868	108	706	1.13e-131	440
JAAECE010000023.1	sp|P05030|PMA1_YEAST	43.3	623	316	11	4045	5868	106	706	3.74e-131	439
JAAECE010000023.1	sp|P28877|PMA1_CANAX	42.6	625	318	12	4045	5868	83	683	4.74e-130	435
JAAECE010000023.1	sp|P09627|PMA1_SCHPO	43.6	621	313	12	4051	5868	106	704	1.19e-129	434
JAAECE010000023.1	sp|P19657|PMA2_YEAST	42.9	622	320	11	4045	5868	135	735	2.37e-129	434
JAAECE010000023.1	sp|Q08435|PMA1_NICPL	43.2	657	323	14	4051	5943	58	690	4.12e-129	434
JAAECE010000023.1	sp|P54679|PMA1_DICDI	42.7	635	333	9	4072	5943	211	825	6.74e-129	436
JAAECE010000023.1	sp|Q9LY32|PMA7_ARATH	42.3	652	333	13	4051	5943	56	685	4.00e-128	431
JAAECE010000023.1	sp|P49380|PMA1_KLULA	42.0	622	326	9	4045	5868	87	687	4.11e-128	429
JAAECE010000023.1	sp|Q08436|PMA3_NICPL	42.9	657	325	14	4051	5943	57	689	4.83e-128	431
JAAECE010000023.1	sp|Q9SU58|PMA4_ARATH	43.7	657	320	15	4051	5943	61	693	5.32e-128	431
JAAECE010000023.1	sp|Q43128|PMA10_ARATH	43.4	656	323	13	4051	5943	60	692	9.87e-128	430
JAAECE010000023.1	sp|P19456|PMA2_ARATH	41.8	655	335	11	4051	5943	53	685	1.38e-127	429
JAAECE010000023.1	sp|P22180|PMA1_SOLLC	42.6	657	327	14	4051	5943	57	689	1.67e-127	429
JAAECE010000023.1	sp|Q7XPY2|PMA1_ORYSJ	42.8	656	327	13	4051	5943	53	685	6.99e-127	427
JAAECE010000023.1	sp|Q9LV11|PMA11_ARATH	42.9	657	325	15	4051	5943	57	689	2.72e-126	426
JAAECE010000023.1	sp|P24545|PMA1_ZYGRO	42.7	625	316	14	4048	5868	108	708	3.93e-126	424
JAAECE010000023.1	sp|P83970|PMA1_WHEAT	41.7	655	336	11	4051	5943	53	685	4.49e-126	425
JAAECE010000023.1	sp|P20649|PMA1_ARATH	41.9	657	332	13	4051	5943	53	685	7.95e-126	424
JAAECE010000023.1	sp|Q42556|PMA9_ARATH	41.4	655	338	10	4051	5943	58	690	8.96e-126	424
JAAECE010000023.1	sp|Q9SH76|PMA6_ARATH	42.9	650	320	14	4072	5943	63	687	2.74e-125	423
JAAECE010000023.1	sp|P20431|PMA3_ARATH	41.5	655	337	12	4051	5943	54	686	6.94e-125	422
JAAECE010000023.1	sp|Q03194|PMA4_NICPL	42.2	658	329	15	4051	5943	55	688	6.48e-124	419
JAAECE010000003.1	sp|Q6P2Q9|PRP8_HUMAN	84.7	1460	216	3	2438005	2433629	48	1500	0.0	2605
JAAECE010000003.1	sp|Q99PV0|PRP8_MOUSE	84.7	1460	216	3	2438005	2433629	48	1500	0.0	2605
JAAECE010000003.1	sp|Q9SSD2|PRP8A_ARATH	81.5	1461	263	3	2438008	2433629	71	1524	0.0	2530
JAAECE010000003.1	sp|P34369|PRP8_CAEEL	81.4	1464	263	4	2438011	2433629	36	1493	0.0	2521
JAAECE010000003.1	sp|Q9T0I6|PRP8B_ARATH	79.7	1461	292	2	2438008	2433629	69	1526	0.0	2472
JAAECE010000003.1	sp|Q8T295|PRP8_DICDI	77.1	1461	330	2	2438011	2433629	33	1489	0.0	2395
JAAECE010000003.1	sp|O14187|SPP42_SCHPO	76.3	1463	335	6	2438005	2433629	69	1524	0.0	2350
JAAECE010000003.1	sp|P33334|PRP8_YEAST	65.2	1459	481	9	2437975	2433629	131	1572	0.0	1981
JAAECE010000003.1	sp|P38811|TRA1_YEAST	36.4	2914	1641	47	2987550	2996063	388	3165	0.0	1720
JAAECE010000003.1	sp|Q9HFE8|TRA1_SCHPO	35.0	2884	1638	37	2987550	2996063	404	3095	0.0	1617
JAAECE010000003.1	sp|Q54YZ9|DHKJ_DICDI	64.0	1363	473	5	3166552	3170595	172	1531	0.0	1592
JAAECE010000003.1	sp|Q10064|YAMB_SCHPO	33.7	2877	1662	33	2987550	2996063	369	3033	0.0	1560
JAAECE010000003.1	sp|A5DI11|EF2_PICGU	76.2	840	199	1	4282281	4279762	4	842	0.0	1310
JAAECE010000003.1	sp|P32324|EF2_YEAST	76.2	840	199	1	4282281	4279762	4	842	0.0	1307
JAAECE010000003.1	sp|Q6FYA7|EF2_CANGA	75.6	840	204	1	4282281	4279762	4	842	0.0	1304
JAAECE010000003.1	sp|Q875Z2|EF2_NAUCC	75.8	840	202	1	4282281	4279762	4	842	0.0	1301
JAAECE010000003.1	sp|Q875S0|EF2_LACK1	74.9	840	210	1	4282281	4279762	4	842	0.0	1300
JAAECE010000003.1	sp|Q6BJ25|EF2_DEBHA	75.8	840	202	1	4282281	4279762	4	842	0.0	1300
JAAECE010000003.1	sp|O14460|EF2_SCHPO	73.6	840	221	1	4282281	4279762	4	842	0.0	1274
JAAECE010000003.1	sp|Q96X45|EF2_NEUCR	73.9	843	217	3	4282284	4279762	3	844	0.0	1271
JAAECE010000003.1	sp|O94313|CARB_SCHPO	65.7	959	308	7	1401885	1399012	217	1155	0.0	1209
JAAECE010000003.1	sp|P13060|EF2_DROME	69.4	846	250	3	4282284	4279762	3	844	0.0	1184
JAAECE010000003.1	sp|Q1HPK6|EF2_BOMMO	68.9	846	254	3	4282284	4279762	3	844	0.0	1182
JAAECE010000003.1	sp|P46056|CARB_CUTCT	63.6	963	326	11	1401885	1399012	206	1148	0.0	1176
JAAECE010000003.1	sp|Q55GB1|ABCGF_DICDI	43.1	1450	740	15	2663532	2667824	92	1475	0.0	1143
JAAECE010000004.1	sp|P38811|TRA1_YEAST	35.9	3612	1838	57	482421	471853	257	3484	0.0	2028
JAAECE010000004.1	sp|Q9HFE8|TRA1_SCHPO	34.0	3573	1941	44	482421	471790	275	3464	0.0	1897
JAAECE010000004.1	sp|Q10064|YAMB_SCHPO	33.9	3567	1937	48	482415	471793	243	3414	0.0	1878
JAAECE010000004.1	sp|P78820|ACAC_SCHPO	51.8	1556	678	19	1989497	1994008	743	2278	0.0	1514
JAAECE010000004.1	sp|Q9Y4A5|TRRAP_HUMAN	29.4	3747	2030	81	482376	471829	253	3618	0.0	1450
JAAECE010000004.1	sp|A0A0R4ITC5|TRRAP_DANRE	29.5	3726	2035	81	482376	471829	253	3600	0.0	1442
JAAECE010000004.1	sp|Q00955|ACAC_YEAST	49.9	1522	720	21	1989497	1994002	733	2232	0.0	1386
JAAECE010000004.1	sp|Q9Z2Q4|METH_RAT	64.0	996	330	6	2088605	2085642	277	1251	0.0	1284
JAAECE010000004.1	sp|A6H5Y3|METH_MOUSE	63.4	996	336	6	2088605	2085642	277	1251	0.0	1268
JAAECE010000004.1	sp|Q12632|CHS1_MUCCL	72.1	957	158	6	4359221	4356363	1	852	0.0	1268
JAAECE010000004.1	sp|Q4JIJ3|METH_BOVIN	63.2	996	338	6	2088605	2085642	289	1263	0.0	1267
JAAECE010000004.1	sp|Q8I8U7|TRA1_DROME	28.1	3703	2042	95	482331	471829	267	3547	0.0	1265
JAAECE010000004.1	sp|Q99707|METH_HUMAN	62.7	996	343	6	2088605	2085642	289	1263	0.0	1248
JAAECE010000004.1	sp|Q54P92|METH_DICDI	58.2	996	383	6	2088605	2085642	284	1254	0.0	1146
JAAECE010000004.1	sp|Q09582|METH_CAEEL	58.8	992	383	8	2088605	2085642	278	1247	0.0	1142
JAAECE010000004.1	sp|P11029|ACAC_CHICK	41.9	1557	829	26	1989497	1994008	784	2317	0.0	1129
JAAECE010000004.1	sp|A8XY95|METH_CAEBR	57.3	1017	382	10	2088605	2085642	278	1271	0.0	1122
JAAECE010000004.1	sp|Q10490|SYLC_SCHPO	52.2	1118	466	16	4514358	4517603	23	1108	0.0	1110
JAAECE010000004.1	sp|P11497|ACACA_RAT	41.0	1580	833	28	1989497	1994008	783	2339	0.0	1108
JAAECE010000004.1	sp|Q28559|ACACA_SHEEP	41.2	1582	827	29	1989497	1994008	784	2340	0.0	1107
JAAECE010000004.1	sp|Q9TTS3|ACACA_BOVIN	41.2	1579	831	28	1989497	1994008	784	2340	0.0	1107
JAAECE010000004.1	sp|Q5SWU9|ACACA_MOUSE	41.1	1580	832	28	1989497	1994008	783	2339	0.0	1106
JAAECE010000004.1	sp|Q13085|ACACA_HUMAN	41.0	1582	831	29	1989497	1994008	784	2340	0.0	1100
JAAECE010000004.1	sp|O00763|ACACB_HUMAN	41.3	1551	837	24	1989497	1994008	927	2451	0.0	1098
JAAECE010000004.1	sp|E9Q4Z2|ACACB_MOUSE	41.6	1551	833	25	1989497	1994008	917	2441	0.0	1092
JAAECE010000005.1	sp|O93937|PYR1_EMENI	61.8	2300	747	18	1488287	1481517	62	2273	0.0	2736
JAAECE010000005.1	sp|Q09794|PYR1_SCHPO	61.7	2287	759	21	1488314	1481511	52	2239	0.0	2716
JAAECE010000005.1	sp|P07259|PYR1_YEAST	60.7	2300	789	25	1488341	1481511	5	2212	0.0	2658
JAAECE010000005.1	sp|Q91437|PYR1_SQUAC	51.2	2341	960	35	1488293	1481514	2	2240	0.0	2155
JAAECE010000005.1	sp|P20054|PYR1_DICDI	50.8	2324	967	31	1488287	1481511	11	2223	0.0	2143
JAAECE010000005.1	sp|P08955|PYR1_MESAU	50.5	2323	987	32	1488293	1481514	2	2223	0.0	2086
JAAECE010000005.1	sp|P27708|PYR1_HUMAN	50.0	2349	958	36	1488293	1481514	2	2223	0.0	2086
JAAECE010000005.1	sp|B2RQC6|PYR1_MOUSE	50.4	2327	983	33	1488293	1481514	2	2223	0.0	2083
JAAECE010000005.1	sp|P05990|PYR1_DROME	49.1	2322	1015	35	1488299	1481514	4	2218	0.0	2030
JAAECE010000005.1	sp|Q18990|PYR1_CAEEL	47.9	2328	1010	41	1488293	1481514	3	2194	0.0	1922
JAAECE010000005.1	sp|O94666|RPC1_SCHPO	55.1	1471	560	13	2603981	2599599	14	1394	0.0	1570
JAAECE010000005.1	sp|Q6BI69|RPC1_DEBHA	52.4	1514	585	21	2603975	2599599	16	1448	0.0	1499
JAAECE010000005.1	sp|P04051|RPC1_YEAST	52.7	1502	565	20	2603975	2599650	16	1431	0.0	1494
JAAECE010000005.1	sp|P31327|CPSM_HUMAN	50.4	1553	647	21	1488296	1483677	45	1487	0.0	1469
JAAECE010000005.1	sp|Q8C196|CPSM_MOUSE	50.7	1553	643	21	1488296	1483677	45	1487	0.0	1469
JAAECE010000005.1	sp|P07756|CPSM_RAT	50.9	1547	644	21	1488296	1483695	45	1488	0.0	1464
JAAECE010000005.1	sp|Q4PFV5|DPOE_USTMA	38.4	2290	1120	39	2611146	2604670	169	2299	0.0	1440
JAAECE010000005.1	sp|P0CN27|DPOE_CRYNB	38.7	2237	1107	40	2611146	2604694	179	2236	0.0	1434
JAAECE010000005.1	sp|P0CN26|DPOE_CRYNJ	38.7	2237	1107	40	2611146	2604694	179	2236	0.0	1434
JAAECE010000005.1	sp|Q91293|CPSM_LITCT	49.8	1548	662	20	1488296	1483689	40	1484	0.0	1429
JAAECE010000005.1	sp|Q5ZL98|RPC1_CHICK	51.0	1472	601	18	2603978	2599599	17	1380	0.0	1399
JAAECE010000005.1	sp|O14802|RPC1_HUMAN	51.1	1472	600	18	2603978	2599599	17	1380	0.0	1398
JAAECE010000005.1	sp|A4IF62|RPC1_BOVIN	51.0	1472	601	17	2603978	2599599	17	1380	0.0	1390
JAAECE010000005.1	sp|Q86AQ5|RPC1_DICDI	48.7	1526	626	15	2603978	2599599	16	1450	0.0	1379
JAAECE010000005.1	sp|Q54YZ9|DHKJ_DICDI	67.9	1098	344	2	222891	226160	219	1316	0.0	1377
JAAECE010000006.1	sp|Q9Y7K2|TOR2_SCHPO	59.2	1479	580	6	2772895	2768495	787	2253	0.0	1753
JAAECE010000006.1	sp|Q86C65|TOR_DICDI	57.8	1516	560	16	2772952	2768501	787	2254	0.0	1652
JAAECE010000006.1	sp|P32600|TOR2_YEAST	53.3	1500	648	8	2772943	2768555	886	2370	0.0	1562
JAAECE010000006.1	sp|P35169|TOR1_YEAST	53.3	1502	641	10	2772934	2768555	884	2366	0.0	1545
JAAECE010000006.1	sp|O14356|TOR1_SCHPO	52.2	1480	673	10	2772934	2768546	770	2231	0.0	1505
JAAECE010000006.1	sp|Q9JLN9|MTOR_MOUSE	51.6	1553	646	15	2772937	2768513	918	2443	0.0	1491
JAAECE010000006.1	sp|P42346|MTOR_RAT	51.6	1553	646	15	2772937	2768513	918	2443	0.0	1491
JAAECE010000006.1	sp|P42345|MTOR_HUMAN	51.6	1553	646	15	2772937	2768513	918	2443	0.0	1489
JAAECE010000006.1	sp|Q9VK45|TOR_DROME	51.0	1476	664	13	2772883	2768543	909	2354	0.0	1394
JAAECE010000006.1	sp|Q0DJS1|TOR_ORYSJ	48.9	1522	686	19	2772862	2768504	842	2340	0.0	1323
JAAECE010000006.1	sp|Q9FR53|TOR_ARATH	49.1	1503	680	18	2772862	2768543	862	2342	0.0	1318
JAAECE010000006.1	sp|P55811|LEUC_RHINI	81.6	751	133	2	2918310	2916070	1	750	0.0	1239
JAAECE010000006.1	sp|P30595|CHS2_RHIOL	68.9	951	179	10	212637	209857	1	858	0.0	1218
JAAECE010000006.1	sp|P17279|LEUC_MUCCL	97.5	630	15	1	2918454	2916565	1	629	0.0	1213
JAAECE010000006.1	sp|P55251|LEUC_RHIPU	76.9	757	163	4	2918310	2916070	1	755	0.0	1193
JAAECE010000006.1	sp|P36602|RIR1_SCHPO	73.4	770	180	2	536837	534600	42	810	0.0	1173
JAAECE010000006.1	sp|Q9UW15|RIR1_NEUCR	74.9	718	179	1	536837	534687	42	759	0.0	1134
JAAECE010000006.1	sp|P18250|LEUC_PHYB8	73.5	758	176	5	2918310	2916070	1	744	0.0	1132
JAAECE010000006.1	sp|P21524|RIR1_YEAST	72.8	718	189	2	536837	534699	42	758	0.0	1112
JAAECE010000006.1	sp|P48591|RIR1_DROME	69.8	758	216	2	536837	534603	53	810	0.0	1101
JAAECE010000006.1	sp|P87073|CHS1_PHYB8	64.6	930	232	11	212628	209857	3	841	0.0	1098
JAAECE010000006.1	sp|O94609|UBA1_SCHPO	57.0	984	368	7	2849990	2847054	79	1012	0.0	1094
JAAECE010000006.1	sp|P21672|RIR3_YEAST	71.0	718	202	2	536837	534699	42	758	0.0	1093
JAAECE010000006.1	sp|Q9SJ20|RIR1_ARATH	67.6	775	219	4	536837	534603	42	814	0.0	1076
JAAECE010000006.1	sp|Q03604|RIR1_CAEEL	68.8	747	227	1	536837	534597	48	788	0.0	1075
JAAECE010000007.1	sp|O75643|U520_HUMAN	57.7	2185	851	15	2019524	2026057	1	2119	0.0	2502
JAAECE010000007.1	sp|Q6P4T2|U520_MOUSE	57.6	2185	854	15	2019524	2026057	1	2119	0.0	2499
JAAECE010000007.1	sp|F1LNJ2|U520_RAT	57.5	2188	853	16	2019524	2026057	1	2122	0.0	2494
JAAECE010000007.1	sp|Q9VUV9|U520_DROME	55.9	2194	880	14	2019524	2026057	1	2123	0.0	2425
JAAECE010000007.1	sp|Q9SYP1|DEXHC_ARATH	55.5	2194	911	22	2019527	2026057	8	2153	0.0	2290
JAAECE010000007.1	sp|O48534|DEXHD_ARATH	53.5	2195	953	25	2019527	2026057	9	2154	0.0	2213
JAAECE010000007.1	sp|Q9UT24|BRR2_SCHPO	52.5	2181	973	21	2019548	2026057	28	2157	0.0	2182
JAAECE010000007.1	sp|Q9U2G0|U520_CAEEL	51.8	2195	972	24	2019524	2026066	1	2124	0.0	2140
JAAECE010000007.1	sp|Q55CI8|HELCL_DICDI	49.8	2245	1030	29	2019524	2026066	1	2213	0.0	2015
JAAECE010000007.1	sp|Q869L3|MDN1_DICDI	42.6	2627	1211	42	1858154	1865272	108	2694	0.0	1966
JAAECE010000007.1	sp|Q12019|MDN1_YEAST	47.2	2121	979	25	1858538	1864684	250	2302	0.0	1820
JAAECE010000007.1	sp|Q9NU22|MDN1_HUMAN	42.0	2536	1218	53	1858127	1865275	144	2579	0.0	1729
JAAECE010000007.1	sp|O94248|MDN1_SCHPO	47.3	2050	942	30	1858664	1864627	132	2105	0.0	1726
JAAECE010000007.1	sp|P32639|BRR2_YEAST	40.1	2240	1171	41	2019554	2026060	17	2156	0.0	1561
JAAECE010000007.1	sp|Q9FNQ1|DEXHE_ARATH	45.6	1725	909	16	2020919	2026057	440	2147	0.0	1529
JAAECE010000007.1	sp|F1NTD6|ASCC3_CHICK	42.2	1956	1019	23	2020478	2026066	247	2184	0.0	1512
JAAECE010000007.1	sp|E1BNG3|ASCC3_BOVIN	44.1	1767	925	18	2020934	2026066	416	2175	0.0	1483
JAAECE010000007.1	sp|E9PZJ8|ASCC3_MOUSE	44.0	1767	927	17	2020934	2026066	417	2176	0.0	1468
JAAECE010000007.1	sp|Q8N3C0|ASCC3_HUMAN	43.9	1767	928	18	2020934	2026066	416	2175	0.0	1466
JAAECE010000007.1	sp|A0A1P8AUY4|MDN1_ARATH	42.1	2100	1017	34	1858688	1864648	341	2352	0.0	1459
JAAECE010000007.1	sp|F1LPQ2|ASCC3_RAT	43.3	1772	940	17	2020919	2026066	412	2175	0.0	1450
JAAECE010000007.1	sp|Q54G57|ASCC3_DICDI	42.7	1749	934	21	2020955	2026051	428	2158	0.0	1412
JAAECE010000007.1	sp|Q4P9K9|CHS8_USTMA	45.9	1705	816	27	192234	187270	104	1752	0.0	1407
JAAECE010000007.1	sp|E7F8F4|ASCC3_DANRE	44.0	1577	783	12	2020898	2025607	1	1484	0.0	1337
JAAECE010000007.1	sp|J9VNT4|CHS5_CRYNH	44.7	1699	822	28	192237	187270	117	1740	0.0	1334
JAAECE010000008.1	sp|P45443|DYHC_NEUCR	56.7	3448	1282	34	1705621	1695362	13	3278	0.0	3737
JAAECE010000008.1	sp|P45444|DYHC_EMENI	56.2	3447	1306	32	1705636	1695356	4	3267	0.0	3734
JAAECE010000008.1	sp|Q14204|DYHC1_HUMAN	56.2	3444	1268	33	1705567	1695353	30	3270	0.0	3715
JAAECE010000008.1	sp|Q9JHU4|DYHC1_MOUSE	56.1	3446	1266	33	1705567	1695353	28	3268	0.0	3713
JAAECE010000008.1	sp|P38650|DYHC1_RAT	55.9	3446	1273	33	1705567	1695353	28	3268	0.0	3699
JAAECE010000008.1	sp|P78716|DYHC_FUSVN	55.2	3406	1325	28	1705639	1695494	4	3232	0.0	3637
JAAECE010000008.1	sp|P37276|DYHC_DROME	55.3	3414	1294	37	1705552	1695383	41	3245	0.0	3613
JAAECE010000008.1	sp|P34036|DYHC_DICDI	54.7	3090	1261	34	1704454	1695356	347	3353	0.0	3271
JAAECE010000008.1	sp|Q19020|DYHC_CAEEL	47.5	3332	1350	31	1704454	1695371	292	3207	0.0	2941
JAAECE010000008.1	sp|Q27171|DYHC_PARTE	44.0	3042	1505	32	1704454	1695383	286	3148	0.0	2523
JAAECE010000008.1	sp|Q8IBG1|DYHC1_PLAF7	39.9	3250	1603	40	1704454	1695371	339	3463	0.0	2293
JAAECE010000008.1	sp|Q9C102|GLT1_SCHPO	65.2	1432	461	7	393425	397687	304	1708	0.0	1881
JAAECE010000008.1	sp|Q9C1M7|DYHC_ASHGO	34.9	3061	1722	42	1704454	1695356	259	3079	0.0	1835
JAAECE010000008.1	sp|Q12680|GLT1_YEAST	58.3	1469	539	12	393425	397687	292	1735	0.0	1652
JAAECE010000008.1	sp|Q09794|PYR1_SCHPO	59.6	1382	513	14	1742456	1746529	879	2239	0.0	1569
JAAECE010000008.1	sp|O93937|PYR1_EMENI	59.2	1393	522	12	1742465	1746523	888	2273	0.0	1569
JAAECE010000008.1	sp|Q0JKD0|GLT1_ORYSJ	55.7	1459	573	15	393425	397687	337	1759	0.0	1559
JAAECE010000008.1	sp|Q9LV03|GLUT1_ARATH	54.9	1471	587	18	393425	397687	354	1798	0.0	1533
JAAECE010000008.1	sp|Q03460|GLSN_MEDSA	54.9	1470	586	18	393425	397687	336	1777	0.0	1529
JAAECE010000008.1	sp|Q0DG35|GLT2_ORYSJ	55.4	1460	586	17	393425	397687	344	1777	0.0	1526
JAAECE010000008.1	sp|P07259|PYR1_YEAST	58.6	1391	528	18	1742447	1746529	840	2212	0.0	1520
JAAECE010000008.1	sp|P36022|DYHC_YEAST	33.9	2271	1379	25	1702126	1695362	919	3083	0.0	1327
JAAECE010000008.1	sp|Q91437|PYR1_SQUAC	49.0	1442	645	20	1742459	1746526	803	2240	0.0	1270
JAAECE010000008.1	sp|P20054|PYR1_DICDI	48.3	1422	660	15	1742459	1746529	812	2223	0.0	1260
JAAECE010000008.1	sp|P08955|PYR1_MESAU	48.6	1431	655	18	1742459	1746526	799	2223	0.0	1248
JAAECE010000009.1	sp|P78820|ACAC_SCHPO	54.5	2139	909	22	929353	935634	161	2279	0.0	2267
JAAECE010000009.1	sp|Q00955|ACAC_YEAST	53.8	2115	921	25	929353	935625	151	2232	0.0	2142
JAAECE010000009.1	sp|O00763|ACACB_HUMAN	46.5	2161	1055	35	929314	935634	339	2452	0.0	1812
JAAECE010000009.1	sp|E9Q4Z2|ACACB_MOUSE	47.0	2164	1039	37	929314	935631	329	2441	0.0	1812
JAAECE010000009.1	sp|P11029|ACAC_CHICK	46.9	2168	1045	40	929314	935634	197	2318	0.0	1811
JAAECE010000009.1	sp|Q9TTS3|ACACA_BOVIN	46.1	2190	1053	38	929314	935634	197	2341	0.0	1793
JAAECE010000009.1	sp|Q5SWU9|ACACA_MOUSE	46.1	2191	1050	40	929314	935634	196	2340	0.0	1792
JAAECE010000009.1	sp|Q28559|ACACA_SHEEP	46.1	2177	1045	38	929353	935634	210	2341	0.0	1791
JAAECE010000009.1	sp|Q13085|ACACA_HUMAN	46.1	2191	1051	41	929314	935634	197	2341	0.0	1789
JAAECE010000009.1	sp|P11497|ACACA_RAT	46.1	2191	1052	40	929314	935634	196	2340	0.0	1787
JAAECE010000009.1	sp|P32874|HFA1_YEAST	45.5	2076	1058	29	929353	935523	227	2247	0.0	1721
JAAECE010000009.1	sp|C8ZF72|HFA1_YEAS8	45.4	2076	1060	29	929353	935523	227	2247	0.0	1719
JAAECE010000009.1	sp|A6ZMR9|HFA1_YEAS7	45.4	2076	1059	29	929353	935523	227	2247	0.0	1717
JAAECE010000009.1	sp|C7GRE4|HFA1_YEAS2	45.4	2073	1064	28	929353	935523	227	2247	0.0	1716
JAAECE010000009.1	sp|B3LM95|HFA1_YEAS1	45.2	2073	1069	28	929353	935523	227	2247	0.0	1709
JAAECE010000009.1	sp|Q54J08|ACAC_DICDI	42.7	2208	1109	39	929353	935625	109	2276	0.0	1590
JAAECE010000009.1	sp|Q38970|ACC1_ARATH	39.5	2170	1175	46	929353	935610	129	2244	0.0	1386
JAAECE010000009.1	sp|B9FK36|ACC2_ORYSJ	39.5	2162	1170	39	929353	935625	227	2322	0.0	1379
JAAECE010000009.1	sp|F4I1L3|ACC2_ARATH	39.5	2190	1155	51	929353	935625	231	2350	0.0	1378
JAAECE010000009.1	sp|Q8S6N5|ACC1_ORYSJ	39.1	2194	1178	47	929353	935634	131	2265	0.0	1361
JAAECE010000009.1	sp|A2QLK4|FKS1_ASPNC	57.2	1114	388	8	494969	491643	817	1846	0.0	1243
JAAECE010000009.1	sp|O93927|FKS1_CRYNH	56.1	1132	397	14	494966	491595	755	1794	0.0	1231
JAAECE010000009.1	sp|O13967|BGS2_SCHPO	54.7	1126	428	7	494984	491622	814	1862	0.0	1210
JAAECE010000009.1	sp|O74475|BGS4_SCHPO	54.2	1141	425	12	494984	491616	844	1904	0.0	1197
JAAECE010000009.1	sp|P40989|FKS2_YEAST	54.2	1132	424	9	494972	491616	803	1852	0.0	1173
