JANHCV010000001.1	sp|P32386|YBT1_YEAST	34.7	1145	607	15	3013943	3010767	507	1596	1.09e-181	620
JANHCV010000001.1	sp|Q6FWS5|YBT1_CANGA	34.4	1143	597	20	3013958	3010767	514	1582	3.36e-171	589
JANHCV010000001.1	sp|O42943|YBP8_SCHPO	50.1	555	223	4	3523858	3525513	109	612	5.65e-162	527
JANHCV010000001.1	sp|O59712|YBH4_SCHPO	41.1	857	445	13	3563693	3566215	1	813	2.25e-157	524
JANHCV010000001.1	sp|P39109|YCFI_YEAST	33.1	1091	649	20	3013955	3010767	430	1467	7.15e-145	507
JANHCV010000001.1	sp|Q9HE06|YK99_SCHPO	38.2	638	369	11	596324	598210	25	646	1.74e-124	420
JANHCV010000001.1	sp|Q8R151|ZNFX1_MOUSE	27.8	1554	794	47	1155996	1151644	326	1654	9.16e-114	418
JANHCV010000001.1	sp|Q9P2E3|ZNFX1_HUMAN	27.4	1577	797	47	1156038	1151644	322	1662	2.11e-112	414
JANHCV010000001.1	sp|O74789|YOU5_SCHPO	52.1	340	121	2	896412	895519	5	344	5.38e-110	366
JANHCV010000001.1	sp|Q10298|YD44_SCHPO	58.8	272	111	1	896412	895600	3	274	1.67e-103	346
JANHCV010000001.1	sp|Q7LHG5|YI31B_YEAST	34.2	713	432	10	838100	840217	614	1296	2.74e-102	377
JANHCV010000001.1	sp|Q9HDY4|YK16_SCHPO	33.0	731	388	12	596300	598189	390	1119	1.18e-101	369
JANHCV010000001.1	sp|Q99315|YG31B_YEAST	34.1	713	433	10	838100	840217	588	1270	1.43e-101	375
JANHCV010000001.1	sp|O60146|YNSG_SCHPO	34.2	765	434	15	2729325	2731469	76	821	2.36e-99	359
JANHCV010000001.1	sp|Q9USH9|YJQ1_SCHPO	36.4	555	287	7	3523861	3525498	310	807	2.85e-99	353
JANHCV010000001.1	sp|P53049|YOR1_YEAST	26.8	1185	651	28	3013955	3010767	334	1424	4.72e-96	357
JANHCV010000001.1	sp|O07576|YHDG_BACSU	36.2	530	267	10	4657586	4656003	4	464	2.10e-90	315
JANHCV010000001.1	sp|P34280|YKK3_CAEEL	41.0	473	156	8	1697386	1698798	15	366	3.24e-85	296
JANHCV010000001.1	sp|Q9P7J5|YJNA_SCHPO	53.7	285	125	4	3653248	3652400	62	341	1.96e-84	293
JANHCV010000001.1	sp|O14078|YEAD_SCHPO	42.4	408	192	7	1338661	1337441	39	404	3.02e-84	295
JANHCV010000001.1	sp|O60121|YH77_SCHPO	54.2	325	135	3	1744059	1745033	27	337	7.92e-79	277
JANHCV010000001.1	sp|P18961|YPK2_YEAST	46.4	293	152	2	3984218	3983349	341	631	4.33e-78	286
JANHCV010000001.1	sp|P12688|YPK1_YEAST	46.1	293	153	2	3984218	3983349	344	634	4.65e-78	286
JANHCV010000001.1	sp|E9P860|ZNFX1_CAEEL	28.1	1042	558	35	1155048	1152232	1040	1993	2.33e-77	301
JANHCV010000001.1	sp|Q10040|YQA4_CAEEL	39.7	395	225	5	156008	154833	15	399	1.44e-76	286
JANHCV010000010.1	sp|Q7LHG5|YI31B_YEAST	33.8	881	548	13	1220090	1222690	609	1468	3.99e-123	439
JANHCV010000010.1	sp|Q99315|YG31B_YEAST	33.9	881	547	13	1220090	1222690	583	1442	4.56e-123	440
JANHCV010000010.1	sp|O36021|YEK9_SCHPO	34.9	744	330	20	1329655	1331631	59	733	2.11e-100	356
JANHCV010000010.1	sp|P12688|YPK1_YEAST	44.0	332	180	3	424915	425907	340	666	4.26e-85	305
JANHCV010000010.1	sp|J9W0G9|YPK1_CRYNH	42.0	345	184	6	424906	425919	235	570	2.45e-80	288
JANHCV010000010.1	sp|O42965|YGMH_SCHPO	33.5	471	308	3	876831	878231	5	474	7.97e-80	283
JANHCV010000010.1	sp|P18961|YPK2_YEAST	41.9	332	187	3	424915	425907	337	663	1.30e-79	289
JANHCV010000010.1	sp|Q10494|YDG7_SCHPO	49.1	291	132	5	814173	815021	15	297	3.78e-76	266
JANHCV010000010.1	sp|Q12458|YPR1_YEAST	46.4	306	143	9	814176	815063	12	306	6.55e-69	245
JANHCV010000010.1	sp|O42888|YBN4_SCHPO	43.5	292	151	5	814173	815027	14	298	1.63e-63	230
JANHCV010000010.1	sp|O32115|YUTK_BACSU	36.0	414	241	6	1550145	1548922	7	402	4.96e-61	226
JANHCV010000010.1	sp|P38716|YHR2_YEAST	39.9	291	165	4	1585411	1584539	91	371	7.68e-53	201
JANHCV010000010.1	sp|P39109|YCFI_YEAST	31.9	458	274	11	660759	659431	754	1188	1.02e-49	207
JANHCV010000010.1	sp|P43590|YFH6_YEAST	46.2	210	107	3	270479	269862	313	520	6.66e-48	192
JANHCV010000010.1	sp|O34678|YTBE_BACSU	35.7	305	164	7	814155	815057	2	278	1.84e-44	174
JANHCV010000010.1	sp|P38070|YPK3_YEAST	32.2	369	182	9	1512674	1513588	132	496	8.64e-43	176
JANHCV010000010.1	sp|O13844|YFG5_SCHPO	39.8	266	136	7	154531	155286	34	289	1.01e-40	163
JANHCV010000010.1	sp|Q6C537|YKT6_YARLI	52.7	146	68	1	1557982	1558419	56	200	3.21e-39	155
JANHCV010000010.1	sp|Q5UQG2|YL498_MIMIV	29.3	379	212	9	1578310	1579386	73	415	6.86e-39	162
JANHCV010000010.1	sp|Q6BSL0|YKT6_DEBHA	52.7	146	68	1	1557982	1558419	56	200	1.14e-36	148
JANHCV010000010.1	sp|O42851|YFHE_SCHPO	36.2	293	180	4	1585408	1584545	102	392	1.04e-35	152
JANHCV010000010.1	sp|O60073|YKT6_SCHPO	38.7	243	98	5	1557688	1558410	1	194	1.23e-35	145
JANHCV010000010.1	sp|Q757A4|YKT6_ASHGO	37.3	244	109	3	1557688	1558419	1	200	4.65e-35	144
JANHCV010000010.1	sp|O14088|YER5_SCHPO	31.6	288	165	6	814164	815018	2	260	8.76e-35	145
JANHCV010000010.1	sp|Q6FW27|YKT6_CANGA	47.9	146	75	1	1557982	1558419	61	205	1.00e-34	143
JANHCV010000011.1	sp|Q4PEJ3|YSH1_USTMA	52.3	585	254	8	1451661	1449922	52	616	1.03e-188	613
JANHCV010000011.1	sp|O13794|YSH1_SCHPO	51.1	581	263	6	1451664	1449922	46	605	4.30e-187	604
JANHCV010000011.1	sp|Q9P7S1|YIFC_SCHPO	40.2	893	470	14	210620	207966	130	966	8.56e-183	601
JANHCV010000011.1	sp|Q6C2Z7|YSH1_YARLI	47.1	641	262	9	1451664	1449928	64	689	2.16e-172	564
JANHCV010000011.1	sp|Q74ZC0|YSH1_ASHGO	45.3	640	284	12	1451664	1449928	38	672	3.69e-169	553
JANHCV010000011.1	sp|Q6FUA5|YSH1_CANGA	45.2	628	296	11	1451664	1449922	37	663	6.80e-167	546
JANHCV010000011.1	sp|Q6CUI5|YSH1_KLULA	46.6	631	284	12	1451664	1449928	41	670	7.41e-167	546
JANHCV010000011.1	sp|Q06224|YSH1_YEAST	45.5	638	288	14	1451664	1449928	36	672	2.52e-161	530
JANHCV010000011.1	sp|Q4IPN9|YSH1_GIBZE	45.4	641	281	9	1451664	1449928	52	685	2.35e-156	518
JANHCV010000011.1	sp|Q8WZS6|YSH1_NEUCR	46.2	641	278	12	1451664	1449928	51	686	4.49e-155	515
JANHCV010000011.1	sp|Q5BEP0|YSH1_EMENI	44.2	647	282	12	1451664	1449922	51	684	3.39e-151	505
JANHCV010000011.1	sp|P0CM89|YSH1_CRYNB	46.2	591	283	11	1451661	1449922	57	623	9.22e-151	499
JANHCV010000011.1	sp|P0CM88|YSH1_CRYNJ	46.2	591	283	11	1451661	1449922	57	623	9.22e-151	499
JANHCV010000011.1	sp|Q6BMW3|YSH1_DEBHA	41.8	663	299	11	1451664	1449922	41	698	9.58e-151	501
JANHCV010000011.1	sp|Q4WRC2|YSH1_ASPFU	43.8	648	283	12	1451664	1449922	52	685	1.97e-148	496
JANHCV010000011.1	sp|Q59P50|YSH1_CANAL	42.1	636	308	9	1451664	1449928	127	759	1.58e-147	494
JANHCV010000011.1	sp|Q7LHG5|YI31B_YEAST	33.7	881	549	13	40928	43528	609	1468	8.29e-123	438
JANHCV010000011.1	sp|Q99315|YG31B_YEAST	33.8	881	548	13	40928	43528	583	1442	9.44e-123	439
JANHCV010000011.1	sp|O94387|YGSA_SCHPO	33.0	808	440	19	597655	595310	1050	1782	1.10e-98	368
JANHCV010000011.1	sp|Q10298|YD44_SCHPO	43.1	429	112	7	1305534	1306790	1	307	1.89e-95	321
JANHCV010000011.1	sp|O74325|YH05_SCHPO	30.8	893	532	23	210620	208020	145	977	2.49e-92	335
JANHCV010000011.1	sp|O14301|YE85_SCHPO	31.0	670	370	15	1447183	1449159	5	593	2.41e-76	277
JANHCV010000011.1	sp|Q9UT21|YFY7_SCHPO	73.1	156	42	0	554762	555229	80	235	8.94e-69	247
JANHCV010000011.1	sp|O74789|YOU5_SCHPO	33.6	443	171	9	1305537	1306790	4	348	3.31e-64	233
JANHCV010000011.1	sp|P39109|YCFI_YEAST	30.8	516	316	13	362946	361501	245	753	5.77e-59	238
JANHCV010000012.1	sp|Q9HE06|YK99_SCHPO	35.4	639	382	9	882608	884494	22	639	7.10e-112	382
JANHCV010000012.1	sp|O60159|YHYB_SCHPO	35.2	571	326	8	943584	941881	206	735	1.38e-93	333
JANHCV010000012.1	sp|P39109|YCFI_YEAST	27.5	1143	701	29	757416	754213	218	1307	1.04e-88	333
JANHCV010000012.1	sp|O94296|YOOC_SCHPO	32.4	792	433	21	1226406	1228700	480	1196	4.70e-85	318
JANHCV010000012.1	sp|P18961|YPK2_YEAST	42.2	348	185	4	692525	693568	329	660	6.20e-77	281
JANHCV010000012.1	sp|P12688|YPK1_YEAST	42.1	356	190	4	692525	693592	332	671	7.42e-76	278
JANHCV010000012.1	sp|Q1RMM1|ZC3HF_BOVIN	50.9	342	138	11	1365812	1366759	1	338	9.75e-76	269
JANHCV010000012.1	sp|Q9P7G0|YKY4_SCHPO	30.7	589	377	7	382413	384164	122	684	1.01e-75	278
JANHCV010000012.1	sp|Q8WU90|ZC3HF_HUMAN	50.7	341	140	11	1365812	1366759	1	338	3.33e-75	268
JANHCV010000012.1	sp|Q3TIV5|ZC3HF_MOUSE	50.9	328	138	10	1365812	1366762	1	316	4.52e-75	267
JANHCV010000012.1	sp|Q6U6G5|ZC3HF_RAT	50.9	328	138	10	1365812	1366762	1	316	4.52e-75	267
JANHCV010000012.1	sp|Q803J8|ZC3HF_DANRE	50.6	330	140	10	1365812	1366765	1	319	5.57e-75	267
JANHCV010000012.1	sp|J9W0G9|YPK1_CRYNH	42.3	359	186	8	692522	693589	229	569	3.31e-74	270
JANHCV010000012.1	sp|A4IGY3|ZC3HF_XENTR	49.4	336	146	10	1365812	1366783	1	324	9.71e-74	263
JANHCV010000012.1	sp|Q5H7N8|ZC3HF_CHICK	51.4	313	134	9	1365860	1366780	23	323	1.05e-71	258
JANHCV010000012.1	sp|Q6DD06|ZC3HF_XENLA	48.4	343	146	10	1365812	1366759	1	339	1.31e-71	257
JANHCV010000012.1	sp|Q9HDY4|YK16_SCHPO	29.4	739	390	19	882608	884488	395	1113	1.34e-71	276
JANHCV010000012.1	sp|Q28Y69|ZC3HF_DROPS	50.9	316	131	12	1365812	1366726	1	303	3.92e-70	252
JANHCV010000012.1	sp|P32386|YBT1_YEAST	25.9	979	619	18	756936	754213	473	1416	3.96e-69	271
JANHCV010000012.1	sp|Q6FWS5|YBT1_CANGA	26.4	968	601	21	756927	754213	488	1407	1.74e-67	266
JANHCV010000012.1	sp|Q7JWR9|ZC3HF_DROME	49.2	315	137	11	1365812	1366726	1	302	3.15e-67	244
JANHCV010000012.1	sp|Q93618|ZC3HF_CAEEL	48.0	298	139	9	1365812	1366684	1	289	3.25e-65	237
JANHCV010000012.1	sp|P53049|YOR1_YEAST	26.1	1031	621	19	757032	754213	268	1248	2.40e-64	255
JANHCV010000012.1	sp|A8WMM4|ZC3HF_CAEBR	47.8	297	139	10	1365812	1366684	1	287	2.39e-63	231
JANHCV010000012.1	sp|Q54DA5|ZC3HF_DICDI	43.4	302	161	7	1365812	1366702	1	297	3.11e-57	214
JANHCV010000013.1	sp|Q7LHG5|YI31B_YEAST	33.7	882	548	15	957363	954763	609	1468	1.94e-120	431
JANHCV010000013.1	sp|Q99315|YG31B_YEAST	33.8	882	547	15	957363	954763	583	1442	2.16e-120	432
JANHCV010000013.1	sp|Q8TFH0|YIKE_SCHPO	38.3	559	265	8	1361320	1362987	183	664	5.23e-105	363
JANHCV010000013.1	sp|Q9UTE1|YFMD_SCHPO	31.8	544	258	7	1361332	1362960	143	574	2.63e-74	271
JANHCV010000013.1	sp|C0SPB2|YWTG_BACSU	31.1	486	269	13	1360479	1359031	14	436	1.05e-52	203
JANHCV010000013.1	sp|Q9URZ7|YK72_SCHPO	27.1	535	234	12	1361335	1362936	10	389	2.92e-44	177
JANHCV010000013.1	sp|Q94BZ1|ZIFL1_ARATH	28.8	437	243	8	603899	602610	63	438	1.83e-34	150
JANHCV010000013.1	sp|Q8RWN2|ZIF1_ARATH	27.1	472	286	11	603899	602505	64	484	2.83e-34	150
JANHCV010000013.1	sp|P25600|YCH4_YEAST	28.8	344	205	7	1053436	1054455	1	308	6.61e-26	120
JANHCV010000013.1	sp|J9W0G9|YPK1_CRYNH	44.4	133	48	2	725818	725429	339	448	2.88e-25	124
JANHCV010000013.1	sp|P12688|YPK1_YEAST	45.8	131	45	2	725818	725435	441	548	1.40e-24	123
JANHCV010000013.1	sp|P18961|YPK2_YEAST	45.0	131	46	2	725818	725435	438	545	5.58e-24	121
JANHCV010000013.1	sp|Q06137|YL345_YEAST	29.1	275	163	7	1361332	1362147	83	328	1.11e-23	118
JANHCV010000013.1	sp|G5EEM5|ZYG9_CAEEL	32.0	228	144	4	475403	474750	659	885	1.44e-20	111
JANHCV010000013.1	sp|F3YDF1|YMEL1_DROME	36.7	245	142	7	847698	846985	303	541	6.46e-20	108
JANHCV010000013.1	sp|Q03855|YD11B_YEAST	22.7	538	356	19	1053151	1054704	1249	1746	6.82e-19	106
JANHCV010000013.1	sp|P32795|YME1_YEAST	36.9	222	126	6	847698	847054	280	494	1.02e-18	104
JANHCV010000013.1	sp|Q04162|YD387_YEAST	26.2	401	201	12	1311955	1312962	46	416	1.49e-18	103
JANHCV010000013.1	sp|Q12316|YG13B_YEAST	21.5	526	377	15	1053151	1054704	1249	1746	1.53e-18	105
JANHCV010000013.1	sp|O88967|YMEL1_MOUSE	36.7	248	139	8	847698	846985	280	519	1.63e-18	103
JANHCV010000013.1	sp|Q96TA2|YMEL1_HUMAN	36.7	248	139	8	847698	846985	338	577	1.86e-18	103
JANHCV010000013.1	sp|Q99231|YD12B_YEAST	22.5	538	357	19	1053151	1054704	1249	1746	2.61e-18	104
JANHCV010000013.1	sp|Q92393|YO12B_YEAST	21.5	526	377	15	1053151	1054704	1249	1746	2.61e-18	104
JANHCV010000013.1	sp|Q99337|YN12B_YEAST	22.7	538	356	19	1053151	1054704	1243	1740	7.63e-18	102
JANHCV010000013.1	sp|P0C2I2|YD14B_YEAST	21.4	527	376	15	1053151	1054704	1249	1746	7.64e-18	102
JANHCV010000014.1	sp|Q7LHG5|YI31B_YEAST	33.7	881	549	13	839894	842494	609	1468	6.93e-123	438
JANHCV010000014.1	sp|Q99315|YG31B_YEAST	33.8	881	548	13	839894	842494	583	1442	7.89e-123	439
JANHCV010000014.1	sp|O14073|YEA8_SCHPO	34.5	788	427	22	31424	33715	52	774	6.70e-119	407
JANHCV010000014.1	sp|Q10040|YQA4_CAEEL	42.5	407	212	7	434096	435295	15	406	1.42e-81	300
JANHCV010000014.1	sp|Q9P6J9|YHD1_SCHPO	36.8	394	226	9	162579	163718	171	555	1.94e-59	226
JANHCV010000014.1	sp|O42885|YBN1_SCHPO	36.3	399	228	9	162579	163730	171	558	8.55e-59	224
JANHCV010000014.1	sp|Q9Y7Q9|YCX2_SCHPO	36.8	400	215	9	162579	163688	161	552	4.91e-58	223
JANHCV010000014.1	sp|P40556|YIA6_YEAST	40.3	305	153	5	1067108	1066224	81	366	1.21e-52	200
JANHCV010000014.1	sp|Q54QY3|YIPF5_DICDI	49.5	216	82	2	247265	246618	24	212	4.39e-52	192
JANHCV010000014.1	sp|Q9USK3|YJ2D_SCHPO	35.5	335	214	2	494864	495868	200	532	7.85e-50	197
JANHCV010000014.1	sp|P39953|YEA6_YEAST	38.6	303	151	8	1067108	1066245	42	324	1.63e-49	190
JANHCV010000014.1	sp|Q66KA5|YIPF5_XENTR	48.2	191	80	1	247190	246618	85	256	8.71e-47	179
JANHCV010000014.1	sp|Q7SXS2|YIPF5_XENLA	47.6	191	81	1	247190	246618	85	256	4.07e-46	177
JANHCV010000014.1	sp|Q9EQQ2|YIPF5_MOUSE	47.4	192	82	1	247193	246618	85	257	7.77e-46	176
JANHCV010000014.1	sp|Q5XID0|YIPF5_RAT	47.4	192	82	1	247193	246618	85	257	1.06e-45	176
JANHCV010000014.1	sp|Q6P5I8|YIPF5_DANRE	46.9	194	84	1	247199	246618	83	257	1.44e-45	176
JANHCV010000014.1	sp|Q4R5M4|YIPF5_MACFA	46.9	192	83	1	247193	246618	85	257	1.44e-45	176
JANHCV010000014.1	sp|Q5E9E8|YIPF5_BOVIN	47.1	191	82	1	247190	246618	86	257	1.96e-45	175
JANHCV010000014.1	sp|Q969M3|YIPF5_HUMAN	47.1	191	82	1	247190	246618	86	257	1.96e-45	175
JANHCV010000014.1	sp|Q5R6W5|YIPF5_PONAB	47.1	191	82	1	247190	246618	86	257	1.96e-45	175
JANHCV010000014.1	sp|Q9HGM3|YTA12_SCHPO	41.4	256	146	3	59907	60665	293	547	6.97e-45	187
JANHCV010000014.1	sp|Q9JIM5|YIPF7_MOUSE	48.2	191	80	1	247190	246618	83	254	8.35e-45	173
JANHCV010000014.1	sp|P78920|YGNB_SCHPO	37.8	304	170	5	440561	441466	84	370	1.29e-44	177
JANHCV010000014.1	sp|Q8N8F6|YIPF7_HUMAN	48.4	192	80	1	247193	246618	108	280	1.81e-44	173
JANHCV010000014.1	sp|A5D7K7|YIPF7_BOVIN	47.4	192	82	1	247193	246618	83	255	7.44e-44	171
JANHCV010000015.1	sp|O59824|YME1_SCHPO	56.7	536	194	7	946736	948322	195	699	3.06e-173	561
JANHCV010000015.1	sp|P32795|YME1_YEAST	47.8	673	283	11	946337	948325	96	710	1.66e-163	535
JANHCV010000015.1	sp|O88967|YMEL1_MOUSE	53.2	466	194	3	946931	948325	268	710	7.88e-144	477
JANHCV010000015.1	sp|Q96TA2|YMEL1_HUMAN	53.2	466	194	3	946931	948325	326	768	1.14e-142	476
JANHCV010000015.1	sp|Q925S8|YMEL1_RAT	52.8	466	196	3	946931	948325	268	710	1.96e-141	470
JANHCV010000015.1	sp|F3YDF1|YMEL1_DROME	50.8	465	201	5	946925	948304	290	731	7.98e-128	431
JANHCV010000015.1	sp|P54813|YME1_CAEEL	47.8	479	219	6	946925	948334	234	690	1.37e-124	421
JANHCV010000015.1	sp|P46508|YME1_SCHMA	43.7	460	236	3	946961	948337	163	600	1.75e-112	384
JANHCV010000015.1	sp|O14209|YDT4_SCHPO	46.5	398	193	6	216826	217986	32	420	1.16e-106	358
JANHCV010000015.1	sp|O60114|YG65_SCHPO	35.2	684	375	11	107570	105630	628	1280	4.41e-105	382
JANHCV010000015.1	sp|P0C7L7|YUM14_USTMA	38.6	645	348	15	107582	105723	729	1350	2.09e-103	379
JANHCV010000015.1	sp|P40341|YTA12_YEAST	42.4	493	243	10	946901	948328	319	787	6.85e-102	358
JANHCV010000015.1	sp|Q9HGM3|YTA12_SCHPO	42.1	468	235	6	946961	948328	293	736	3.67e-99	349
JANHCV010000015.1	sp|Q06698|YL419_YEAST	33.1	676	378	18	107585	105627	596	1220	4.31e-84	317
JANHCV010000015.1	sp|Q9P7U2|YI7E_SCHPO	46.9	354	164	8	244719	245747	9	349	1.06e-83	289
JANHCV010000015.1	sp|Q86YA3|ZGRF1_HUMAN	37.8	619	306	21	565204	566913	1468	2056	2.23e-82	315
JANHCV010000015.1	sp|Q0VGT4|ZGRF1_MOUSE	36.7	627	322	21	565174	566913	1219	1817	5.17e-81	310
JANHCV010000015.1	sp|Q9H6S0|YTDC2_HUMAN	30.4	807	389	17	107570	105633	190	984	1.91e-80	306
JANHCV010000015.1	sp|B2RR83|YTDC2_MOUSE	30.2	807	390	16	107570	105633	205	999	4.89e-80	305
JANHCV010000015.1	sp|Q46939|YQEF_ECOLI	42.1	397	221	3	778885	777698	3	391	1.21e-79	279
JANHCV010000015.1	sp|Q5R746|YTDC2_PONAB	30.0	807	392	17	107570	105633	190	984	1.80e-79	303
JANHCV010000015.1	sp|G2TRN6|YLZ1_SCHPO	45.8	336	158	8	244773	245747	1	323	3.61e-76	266
JANHCV010000015.1	sp|Q9HE06|YK99_SCHPO	29.6	631	335	13	107582	105723	18	550	1.95e-58	225
JANHCV010000015.1	sp|O05408|YRPG_BACSU	37.2	347	178	7	627246	628265	1	314	3.67e-53	200
JANHCV010000015.1	sp|Q9HDY4|YK16_SCHPO	31.1	570	331	14	107594	105948	387	915	4.23e-53	217
JANHCV010000016.1	sp|Q9HGM3|YTA12_SCHPO	55.9	671	247	8	371687	369684	129	753	1.30e-217	691
JANHCV010000016.1	sp|P40341|YTA12_YEAST	54.0	682	266	9	371711	369693	164	806	1.41e-210	673
JANHCV010000016.1	sp|Q7LHG5|YI31B_YEAST	33.5	881	551	13	205783	208383	609	1468	6.05e-120	428
JANHCV010000016.1	sp|Q99315|YG31B_YEAST	33.6	881	550	13	205783	208383	583	1442	6.69e-120	429
JANHCV010000016.1	sp|O88967|YMEL1_MOUSE	39.7	479	240	8	371162	369738	278	711	5.05e-94	331
JANHCV010000016.1	sp|O59824|YME1_SCHPO	39.7	481	238	8	371180	369759	258	693	7.95e-94	330
JANHCV010000016.1	sp|Q96TA2|YMEL1_HUMAN	39.9	479	239	8	371162	369738	336	769	8.52e-94	332
JANHCV010000016.1	sp|Q04013|YHM2_YEAST	53.9	304	128	4	311734	310856	1	303	3.17e-93	314
JANHCV010000016.1	sp|Q925S8|YMEL1_RAT	39.5	479	241	8	371162	369738	278	711	7.72e-93	328
JANHCV010000016.1	sp|P32795|YME1_YEAST	39.0	498	251	9	371171	369696	275	725	1.78e-89	319
JANHCV010000016.1	sp|P54813|YME1_CAEEL	39.9	501	248	10	371201	369729	233	690	6.11e-89	317
JANHCV010000016.1	sp|Q27533|YH2M_CAEEL	28.6	982	618	24	547247	550015	154	1111	2.36e-86	321
JANHCV010000016.1	sp|P78763|YG1D_SCHPO	53.4	292	129	4	311713	310853	4	293	5.97e-85	289
JANHCV010000016.1	sp|Q12697|YPK9_YEAST	27.6	952	547	23	547136	549709	430	1333	3.47e-82	311
JANHCV010000016.1	sp|P46508|YME1_SCHMA	37.3	488	255	11	371162	369717	163	605	8.74e-81	291
JANHCV010000016.1	sp|Q46939|YQEF_ECOLI	38.3	394	228	4	309052	307904	3	392	7.53e-67	241
JANHCV010000016.1	sp|O13901|YF3A_SCHPO	37.3	327	192	8	54299	53334	3	321	1.93e-52	199
JANHCV010000016.1	sp|Q9UUF1|YNF8_SCHPO	40.0	290	107	7	538525	539382	80	306	4.38e-51	192
JANHCV010000016.1	sp|P41883|YPT5_CAEEL	48.3	211	98	3	310109	310708	104	314	3.96e-49	187
JANHCV010000016.1	sp|O34750|YFML_BACSU	34.2	342	210	6	55506	56531	23	349	1.20e-47	185
JANHCV010000016.1	sp|P54073|YUY1_CAEEL	57.4	141	58	2	534375	534791	244	384	2.53e-43	172
JANHCV010000016.1	sp|P41920|YRB1_YEAST	48.3	172	55	1	4056	3541	61	198	4.24e-40	157
JANHCV010000016.1	sp|O07618|YHFS_BACSU	33.3	381	225	10	309052	307922	2	357	1.42e-39	161
JANHCV010000016.1	sp|O14306|YE8A_SCHPO	37.8	278	127	7	92790	92014	879	1129	4.87e-36	160
JANHCV010000016.1	sp|J9W0G9|YPK1_CRYNH	40.3	238	104	6	470934	470221	301	500	4.39e-35	153
JANHCV010000017.1	sp|P39109|YCFI_YEAST	35.6	483	288	6	55409	54030	761	1243	3.38e-72	279
JANHCV010000017.1	sp|O13779|YF2E_SCHPO	38.4	362	149	8	137302	138348	305	605	2.18e-63	238
JANHCV010000017.1	sp|Q6FWS5|YBT1_CANGA	31.1	515	280	11	55421	54030	851	1341	3.38e-49	204
JANHCV010000017.1	sp|P32386|YBT1_YEAST	29.5	539	316	12	55421	53973	839	1369	1.49e-47	199
JANHCV010000017.1	sp|Q12222|YGK3_YEAST	35.2	293	180	4	84135	83278	83	372	1.95e-46	181
JANHCV010000017.1	sp|O74789|YOU5_SCHPO	28.3	508	148	15	81660	80287	7	348	6.09e-37	152
JANHCV010000017.1	sp|P53049|YOR1_YEAST	27.2	470	328	8	55409	54030	718	1183	2.27e-36	162
JANHCV010000017.1	sp|Q9CAD5|YODA_ARATH	33.0	279	176	6	21810	20992	396	669	4.78e-35	156
JANHCV010000017.1	sp|Q9C0W2|YHI5_SCHPO	38.0	279	130	7	43634	42879	376	638	2.57e-29	138
JANHCV010000017.1	sp|Q9UT92|YL47_SCHPO	37.2	196	122	1	62191	62778	336	530	1.03e-28	132
JANHCV010000017.1	sp|O14114|YEJJ_SCHPO	41.2	233	121	5	43652	42972	264	486	1.29e-28	136
JANHCV010000017.1	sp|Q05497|YD338_YEAST	35.2	219	137	4	62191	62844	473	687	6.89e-26	125
JANHCV010000017.1	sp|Q12152|YP150_YEAST	29.9	278	184	8	21858	21034	19	288	3.98e-25	124
JANHCV010000017.1	sp|O06986|YVDD_BACSU	39.7	141	79	2	75130	74720	24	162	4.86e-25	113
JANHCV010000017.1	sp|O59824|YME1_SCHPO	38.4	190	113	3	42710	42147	279	466	6.85e-25	122
JANHCV010000017.1	sp|P40341|YTA12_YEAST	37.3	177	107	2	42689	42165	367	541	1.75e-24	122
JANHCV010000017.1	sp|P47044|YJF5_YEAST	34.7	199	91	3	75130	74618	41	228	1.31e-23	110
JANHCV010000017.1	sp|Q9USK3|YJ2D_SCHPO	33.7	202	132	2	61529	62134	145	344	4.73e-22	112
JANHCV010000017.1	sp|Q9P7J5|YJNA_SCHPO	33.7	187	117	4	42716	42162	100	281	2.78e-21	107
JANHCV010000017.1	sp|Q54R58|YTYK2_DICDI	27.3	286	175	10	21846	21052	160	433	8.43e-20	107
JANHCV010000017.1	sp|Q10298|YD44_SCHPO	35.8	162	62	3	81663	81178	5	124	6.88e-18	95.9
JANHCV010000017.1	sp|Q7T6Y2|YR831_MIMIV	29.1	213	144	4	21780	21160	792	1003	7.84e-17	97.8
JANHCV010000017.1	sp|Q5UQG7|YR818_MIMIV	30.4	227	147	6	21789	21136	796	1020	3.95e-16	95.5
JANHCV010000017.1	sp|P32795|YME1_YEAST	32.6	215	131	4	43616	42972	294	494	9.04e-16	93.6
JANHCV010000017.1	sp|O88967|YMEL1_MOUSE	29.4	248	160	7	43634	42897	285	519	4.65e-11	78.2
JANHCV010000018.1	sp|Q18347|YBWL_CAEEL	41.6	373	206	6	56018	57130	1	363	6.04e-82	282
JANHCV010000018.1	sp|Q9UUA1|YJX1_SCHPO	36.7	335	155	3	7249	6278	71	359	1.11e-53	204
JANHCV010000018.1	sp|O14186|YDSB_SCHPO	33.3	153	93	2	50943	51389	227	374	8.52e-16	92.8
JANHCV010000018.1	sp|Q9CAD5|YODA_ARATH	26.6	379	213	14	151871	152986	346	666	2.00e-13	85.1
JANHCV010000018.1	sp|A0A098D8A0|ZEA2_GIBZE	25.7	249	175	5	57801	58532	1736	1979	1.11e-12	83.2
JANHCV010000018.1	sp|Q9P785|YNY5_SCHPO	56.3	71	30	1	62023	62232	381	451	4.23e-10	73.2
JANHCV010000018.1	sp|Q75JK0|ZAK1_DICDI	30.1	156	92	4	152060	152506	7	152	1.83e-07	65.5
JANHCV010000018.1	sp|Q7T6Y2|YR831_MIMIV	31.3	217	118	12	152093	152716	795	989	6.87e-07	63.9
JANHCV010000002.1	sp|Q99315|YG31B_YEAST	33.2	921	579	14	2045169	2042449	583	1481	4.18e-123	441
JANHCV010000002.1	sp|Q7LHG5|YI31B_YEAST	33.8	881	548	13	2045169	2042569	609	1468	4.89e-123	440
JANHCV010000002.1	sp|Q9P7P0|YOL4_SCHPO	41.2	602	330	8	301349	303136	4	587	2.93e-120	408
JANHCV010000002.1	sp|P32386|YBT1_YEAST	33.5	940	495	17	1848602	1851187	529	1416	1.27e-110	404
JANHCV010000002.1	sp|Q6FWS5|YBT1_CANGA	32.2	945	480	20	1848602	1851187	541	1407	4.30e-107	393
JANHCV010000002.1	sp|O07576|YHDG_BACSU	41.4	486	238	7	2106489	2105038	24	464	4.45e-105	356
JANHCV010000002.1	sp|O36033|YLM1_SCHPO	35.5	657	359	12	383594	385414	176	817	3.55e-104	366
JANHCV010000002.1	sp|O74439|YJE9_SCHPO	57.3	293	116	1	28909	28031	9	292	4.15e-100	335
JANHCV010000002.1	sp|P39109|YCFI_YEAST	31.3	911	518	23	1848602	1851187	456	1307	7.26e-91	341
JANHCV010000002.1	sp|Q39572|YPTC6_CHLRE	77.1	201	44	1	2004745	2004149	15	215	9.66e-87	293
JANHCV010000002.1	sp|P17610|YPT3_SCHPO	71.8	202	54	2	2004745	2004149	13	214	2.71e-85	289
JANHCV010000002.1	sp|Q01111|YPT3_NICPL	71.4	203	52	4	2004745	2004149	16	216	1.16e-80	276
JANHCV010000002.1	sp|P38555|YPT31_YEAST	64.3	207	66	2	2004745	2004149	16	222	9.14e-78	268
JANHCV010000002.1	sp|P51996|YPT32_YEAST	63.8	207	67	2	2004745	2004149	16	222	1.95e-76	264
JANHCV010000002.1	sp|Q9USS7|YNB3_SCHPO	28.4	754	496	17	1934201	1931991	159	885	1.60e-75	283
JANHCV010000002.1	sp|Q9P7U2|YI7E_SCHPO	45.4	366	164	9	1445012	1443948	9	349	5.57e-75	265
JANHCV010000002.1	sp|P17609|YPT2_SCHPO	75.8	161	39	0	961113	960631	18	178	2.40e-74	257
JANHCV010000002.1	sp|O13794|YSH1_SCHPO	32.2	547	259	13	767568	769166	11	459	1.39e-71	268
JANHCV010000002.1	sp|Q6C2Z7|YSH1_YARLI	32.3	514	258	10	767583	769118	36	461	9.58e-71	268
JANHCV010000002.1	sp|Q4PEJ3|YSH1_USTMA	32.6	549	269	11	767568	769184	18	475	5.78e-70	266
JANHCV010000002.1	sp|Q6FUA5|YSH1_CANGA	31.9	514	256	10	767601	769118	15	442	1.19e-69	263
JANHCV010000002.1	sp|Q74ZC0|YSH1_ASHGO	31.1	515	260	10	767601	769118	16	444	2.16e-69	262
JANHCV010000002.1	sp|P36861|YPTV2_VOLCA	62.8	196	63	3	961113	960553	22	216	4.80e-68	239
JANHCV010000002.1	sp|Q6CUI5|YSH1_KLULA	30.9	515	261	11	767601	769118	19	447	2.97e-67	256
JANHCV010000002.1	sp|Q06224|YSH1_YEAST	31.3	521	252	11	767601	769118	14	443	5.29e-67	255
JANHCV010000020.1	sp|P40009|YND1_YEAST	27.6	344	180	12	17173	18072	10	328	1.63e-17	95.1
JANHCV010000003.1	sp|O13799|YE02_SCHPO	45.0	1028	470	15	26247	29324	96	1030	9.64e-261	828
JANHCV010000003.1	sp|P39109|YCFI_YEAST	31.4	1403	796	32	2409788	2405784	211	1515	4.79e-158	545
JANHCV010000003.1	sp|J9W0G9|YPK1_CRYNH	50.7	560	199	10	425206	426807	55	563	1.18e-149	489
JANHCV010000003.1	sp|P32386|YBT1_YEAST	30.1	1195	696	22	643907	640653	474	1639	2.18e-140	496
JANHCV010000003.1	sp|O74789|YOU5_SCHPO	62.6	340	85	1	1988980	1989873	9	348	1.60e-137	444
JANHCV010000003.1	sp|P53049|YOR1_YEAST	27.8	1387	865	24	644513	640653	117	1467	2.25e-137	483
JANHCV010000003.1	sp|Q6FWS5|YBT1_CANGA	29.9	1174	700	26	643907	640653	486	1625	2.11e-135	480
JANHCV010000003.1	sp|P12688|YPK1_YEAST	49.9	513	210	11	425311	426837	203	672	1.59e-131	441
JANHCV010000003.1	sp|P18961|YPK2_YEAST	49.3	503	209	10	425329	426825	206	666	1.22e-128	432
JANHCV010000003.1	sp|Q10298|YD44_SCHPO	56.3	300	128	3	1988983	1989873	8	307	7.60e-112	369
JANHCV010000003.1	sp|Q9USS7|YNB3_SCHPO	38.1	540	315	3	243614	242052	349	888	7.86e-104	367
JANHCV010000003.1	sp|O43048|YH51_SCHPO	33.6	712	363	12	154277	156361	55	673	1.88e-102	362
JANHCV010000003.1	sp|Q9P2E3|ZNFX1_HUMAN	28.7	1149	634	39	2095162	2098425	328	1352	3.38e-89	338
JANHCV010000003.1	sp|Q8R151|ZNFX1_MOUSE	29.0	1141	606	40	2095174	2098386	326	1332	2.03e-85	326
JANHCV010000003.1	sp|O62518|YHPK_CAEEL	61.9	218	82	1	271180	271830	67	284	2.43e-81	281
JANHCV010000003.1	sp|O60162|YG23_SCHPO	44.7	320	170	3	1974129	1973170	182	494	1.26e-79	287
JANHCV010000003.1	sp|Q99260|YPT6_YEAST	62.5	208	68	3	2049334	2048741	8	215	1.34e-71	249
JANHCV010000003.1	sp|O60177|YG42_SCHPO	28.5	678	355	16	103293	101470	383	1000	1.23e-65	256
JANHCV010000003.1	sp|O13762|YF2C_SCHPO	30.1	692	352	19	103296	101431	242	871	8.68e-65	251
JANHCV010000003.1	sp|Q10332|YBMA_SCHPO	31.4	586	308	18	103098	101464	257	789	5.02e-61	238
JANHCV010000003.1	sp|P48458|YT91_CAEEL	40.7	290	164	4	1989001	1989861	56	340	5.97e-61	225
JANHCV010000003.1	sp|P33324|YKJ1_YEAST	43.0	270	143	3	2005551	2006333	20	287	6.43e-58	214
JANHCV010000003.1	sp|O14127|YF51_SCHPO	38.4	331	181	5	1974141	1973170	188	502	4.62e-57	221
JANHCV010000003.1	sp|E9P860|ZNFX1_CAEEL	28.1	859	474	23	2096068	2098434	1040	1824	8.75e-55	226
JANHCV010000003.1	sp|P48459|YSD1_CAEEL	39.5	266	155	3	1989049	1989834	73	336	5.14e-54	204
JANHCV010000004.1	sp|Q9HDY4|YK16_SCHPO	39.6	950	421	16	1343848	1341062	354	1171	4.52e-181	603
JANHCV010000004.1	sp|B3LLX6|YM084_YEAS1	41.3	779	321	8	1593002	1590774	38	716	1.64e-171	558
JANHCV010000004.1	sp|C7GL41|YM084_YEAS2	41.2	779	322	8	1593002	1590774	38	716	1.04e-170	556
JANHCV010000004.1	sp|A6ZME2|YM084_YEAS7	40.9	779	318	9	1593002	1590774	38	710	6.32e-167	545
JANHCV010000004.1	sp|Q10309|YD56_SCHPO	46.3	676	288	13	1024251	1026275	89	690	6.49e-163	545
JANHCV010000004.1	sp|Q9C1X2|YN53_SCHPO	52.3	486	222	4	185685	184258	41	526	3.87e-154	500
JANHCV010000004.1	sp|P0CF18|YM085_YEAST	51.6	428	203	1	1592045	1590774	1	428	3.55e-133	436
JANHCV010000004.1	sp|C8ZET8|YM085_YEAS8	51.4	428	204	1	1592045	1590774	1	428	2.26e-132	433
JANHCV010000004.1	sp|Q10301|YD48_SCHPO	44.6	464	249	6	461119	462504	35	492	1.62e-118	396
JANHCV010000004.1	sp|Q9USN2|YCL3_SCHPO	43.2	472	243	12	461113	462501	10	465	4.02e-107	362
JANHCV010000004.1	sp|Q9P2E3|ZNFX1_HUMAN	29.7	1148	583	36	1143153	1146269	331	1363	2.64e-92	348
JANHCV010000004.1	sp|P53273|YG35_YEAST	33.2	644	360	14	66838	68745	205	786	1.22e-90	332
JANHCV010000004.1	sp|Q8R151|ZNFX1_MOUSE	28.5	1143	611	34	1143141	1146269	320	1356	1.66e-86	329
JANHCV010000004.1	sp|O31825|YNGE_BACSU	34.7	521	314	7	285594	287108	1	511	9.54e-80	285
JANHCV010000004.1	sp|O94296|YOOC_SCHPO	31.6	705	407	14	1024260	1026281	160	820	1.37e-79	302
JANHCV010000004.1	sp|Q9P7S1|YIFC_SCHPO	35.1	519	265	6	78437	79963	47	503	4.72e-72	275
JANHCV010000004.1	sp|Q46939|YQEF_ECOLI	44.2	387	208	6	1212676	1211522	11	391	2.49e-70	253
JANHCV010000004.1	sp|O74325|YH05_SCHPO	37.3	499	247	7	78452	79930	67	505	8.97e-70	268
JANHCV010000004.1	sp|Q10250|YD22_SCHPO	26.3	1173	703	35	616008	612787	382	1492	9.10e-70	273
JANHCV010000004.1	sp|Q10248|YD1K_SCHPO	48.4	254	123	6	2024714	2025466	40	288	1.38e-63	230
JANHCV010000004.1	sp|Q9HE06|YK99_SCHPO	24.6	840	405	14	1343716	1341206	25	639	3.50e-61	234
JANHCV010000004.1	sp|P53326|YG5L_YEAST	30.3	610	309	22	1614195	1612600	31	602	2.49e-60	233
JANHCV010000004.1	sp|E9P860|ZNFX1_CAEEL	27.4	873	467	25	1144893	1147358	1412	2168	4.72e-60	243
JANHCV010000004.1	sp|O59731|YHXB_SCHPO	41.6	332	180	6	2306025	2306984	6	335	3.20e-57	214
JANHCV010000004.1	sp|Q9UT06|YLWB_SCHPO	36.3	422	220	14	2417700	2416468	31	414	5.53e-55	209
JANHCV010000005.1	sp|O94296|YOOC_SCHPO	44.9	1197	561	15	436859	440416	142	1251	3.90e-282	899
JANHCV010000005.1	sp|J9W0G9|YPK1_CRYNH	59.4	330	129	4	708088	709071	237	563	3.18e-116	392
JANHCV010000005.1	sp|P12688|YPK1_YEAST	57.1	343	142	3	708091	709116	340	678	2.48e-114	391
JANHCV010000005.1	sp|P18961|YPK2_YEAST	58.1	334	135	3	708091	709089	337	666	6.56e-113	387
JANHCV010000005.1	sp|P39109|YCFI_YEAST	27.6	1217	788	29	84329	87847	341	1508	4.49e-103	379
JANHCV010000005.1	sp|Q6FWS5|YBT1_CANGA	34.1	731	402	11	896103	898175	717	1407	1.93e-100	372
JANHCV010000005.1	sp|P32386|YBT1_YEAST	31.9	745	410	8	896118	898175	710	1416	2.00e-94	353
JANHCV010000005.1	sp|Q9UT43|YFRD_SCHPO	32.1	682	305	12	437219	438814	426	1099	5.73e-82	313
JANHCV010000005.1	sp|O17606|YK4P_CAEEL	41.6	346	169	8	247838	246822	5	324	6.54e-76	267
JANHCV010000005.1	sp|Q9P7U2|YI7E_SCHPO	43.9	380	165	10	1162639	1161530	9	350	1.26e-75	266
JANHCV010000005.1	sp|Q9HDY3|YK17_SCHPO	36.0	453	225	7	808008	809354	47	438	5.80e-75	268
JANHCV010000005.1	sp|Q46939|YQEF_ECOLI	41.3	363	207	3	1196569	1197639	29	391	2.18e-72	259
JANHCV010000005.1	sp|P53740|YN8S_YEAST	37.9	385	202	9	716891	718033	27	378	4.04e-72	258
JANHCV010000005.1	sp|Q9P7T6|YIW4_SCHPO	40.8	346	164	7	247838	246822	7	318	1.39e-71	254
JANHCV010000005.1	sp|P40093|YEY6_YEAST	39.4	348	178	6	247838	246816	17	338	6.42e-70	249
JANHCV010000005.1	sp|P53049|YOR1_YEAST	23.3	1315	846	25	84215	87838	203	1462	4.30e-68	268
JANHCV010000005.1	sp|G2TRN6|YLZ1_SCHPO	42.8	362	159	10	1162585	1161530	1	324	2.02e-67	242
JANHCV010000005.1	sp|Q10309|YD56_SCHPO	29.3	679	399	18	436802	438814	54	659	1.13e-58	234
JANHCV010000005.1	sp|P54719|YFIC_BACSU	30.6	507	308	8	354330	355820	93	565	1.83e-57	222
JANHCV010000005.1	sp|O31708|YKNV_BACSU	27.0	481	323	5	354384	355820	108	562	1.97e-53	210
JANHCV010000005.1	sp|A4R1D5|YME2_MAGO7	26.4	736	388	23	1507203	1509212	250	897	4.97e-52	212
JANHCV010000005.1	sp|Q06493|YLH47_YEAST	41.1	265	150	1	314195	313401	89	347	2.01e-50	197
JANHCV010000005.1	sp|P38070|YPK3_YEAST	34.1	390	188	8	708106	709071	126	514	1.87e-49	196
JANHCV010000005.1	sp|O05408|YRPG_BACSU	36.2	356	171	8	1076799	1077854	1	304	2.22e-49	190
JANHCV010000005.1	sp|P25036|YSP3_YEAST	39.6	374	194	8	637398	636346	103	467	2.96e-49	194
JANHCV010000006.1	sp|P38708|YHI0_YEAST	59.8	513	193	6	530292	528766	185	688	9.11e-191	612
JANHCV010000006.1	sp|O13819|YMR1_SCHPO	42.5	560	283	8	1621446	1623050	1	546	7.68e-140	460
JANHCV010000006.1	sp|Q9HE06|YK99_SCHPO	38.1	637	380	9	1343478	1341598	7	639	8.05e-128	429
JANHCV010000006.1	sp|Q7LHG5|YI31B_YEAST	33.8	881	548	13	1860848	1863448	609	1468	2.68e-122	437
JANHCV010000006.1	sp|Q99315|YG31B_YEAST	33.9	881	547	13	1860848	1863448	583	1442	3.04e-122	438
JANHCV010000006.1	sp|Q9HDY4|YK16_SCHPO	33.6	732	375	13	1343445	1341580	391	1121	1.71e-104	377
JANHCV010000006.1	sp|P39109|YCFI_YEAST	34.0	755	453	15	1969973	1967766	579	1307	2.58e-95	354
JANHCV010000006.1	sp|P53049|YOR1_YEAST	24.9	1244	756	19	927614	924087	115	1248	1.17e-90	339
JANHCV010000006.1	sp|P47147|YMR1_YEAST	34.5	615	289	14	1621446	1622975	1	606	6.04e-90	320
JANHCV010000006.1	sp|P32386|YBT1_YEAST	28.3	1042	585	23	927029	924087	476	1416	5.69e-87	329
JANHCV010000006.1	sp|P25036|YSP3_YEAST	43.7	414	177	8	36054	34852	84	454	1.41e-85	300
JANHCV010000006.1	sp|O07576|YHDG_BACSU	42.2	396	206	6	958960	960138	8	383	2.39e-83	293
JANHCV010000006.1	sp|Q6FWS5|YBT1_CANGA	27.4	1031	587	26	927029	924087	488	1407	3.39e-82	314
JANHCV010000006.1	sp|P38690|YHJ3_YEAST	38.8	420	213	7	1917252	1918403	6	417	1.24e-75	269
JANHCV010000006.1	sp|Q9USK3|YJ2D_SCHPO	36.8	394	244	4	1237693	1236515	143	532	4.31e-72	263
JANHCV010000006.1	sp|P0C7L7|YUM14_USTMA	28.4	715	375	16	1343439	1341688	731	1439	6.02e-67	264
JANHCV010000006.1	sp|O94296|YOOC_SCHPO	36.2	503	251	9	1788543	1787131	447	911	1.43e-65	258
JANHCV010000006.1	sp|Q06698|YL419_YEAST	30.0	653	377	16	1343433	1341676	601	1240	4.30e-65	258
JANHCV010000006.1	sp|O60114|YG65_SCHPO	30.6	566	311	11	1343433	1341958	628	1185	1.66e-64	256
JANHCV010000006.1	sp|B2RR83|YTDC2_MOUSE	26.0	853	369	17	1343433	1341655	205	1055	4.71e-63	251
JANHCV010000006.1	sp|Q9H6S0|YTDC2_HUMAN	25.9	853	370	17	1343433	1341655	190	1040	1.35e-62	249
JANHCV010000006.1	sp|Q5R746|YTDC2_PONAB	25.3	853	375	15	1343433	1341655	190	1040	2.33e-62	249
JANHCV010000006.1	sp|Q9URZ7|YK72_SCHPO	57.9	195	81	1	1998613	1999197	212	405	5.51e-60	223
JANHCV010000006.1	sp|Q5UQ96|YL540_MIMIV	30.4	530	322	16	1343421	1341934	44	560	6.83e-58	226
JANHCV010000006.1	sp|Q9UUB8|YH9J_SCHPO	49.3	221	104	4	1244170	1243508	41	253	4.35e-53	198
JANHCV010000007.1	sp|P39109|YCFI_YEAST	32.3	1395	794	38	1984110	1988162	223	1510	9.99e-164	562
JANHCV010000007.1	sp|P53049|YOR1_YEAST	29.8	1410	876	30	1984098	1988162	117	1467	2.15e-155	536
JANHCV010000007.1	sp|Q6FWS5|YBT1_CANGA	29.5	1259	705	23	1984704	1988228	486	1645	2.78e-144	507
JANHCV010000007.1	sp|P32386|YBT1_YEAST	29.0	1266	720	24	1984704	1988216	474	1655	2.07e-142	501
JANHCV010000007.1	sp|Q99315|YG31B_YEAST	33.2	921	579	14	350018	352738	583	1481	3.97e-123	441
JANHCV010000007.1	sp|Q7LHG5|YI31B_YEAST	33.8	881	548	13	350018	352618	609	1468	4.64e-123	439
JANHCV010000007.1	sp|O14281|YETC_SCHPO	50.7	290	135	3	489888	490757	7	288	4.31e-80	277
JANHCV010000007.1	sp|O31825|YNGE_BACSU	37.1	442	262	4	677583	676273	57	487	7.11e-74	267
JANHCV010000007.1	sp|O13726|YDO6_SCHPO	40.2	405	169	7	769773	770963	116	455	1.46e-67	251
JANHCV010000007.1	sp|O34862|YTCA_BACSU	33.7	481	262	12	376678	375245	1	427	1.61e-53	205
JANHCV010000007.1	sp|P38716|YHR2_YEAST	39.8	299	168	3	907671	906775	92	378	4.65e-49	191
JANHCV010000007.1	sp|P0CE69|YK104_YEAST	36.3	289	161	5	1987413	1988219	21	306	1.14e-47	184
JANHCV010000007.1	sp|Q9USY1|YOW5_SCHPO	29.6	611	361	13	1750666	1752363	160	746	1.08e-46	193
JANHCV010000007.1	sp|P25036|YSP3_YEAST	39.1	327	161	10	1470293	1469391	159	473	1.14e-46	187
JANHCV010000007.1	sp|P51281|YCF45_PORPU	35.1	345	192	10	1628675	1627647	6	320	5.94e-44	181
JANHCV010000007.1	sp|P94593|YWQA_BACSU	27.7	523	322	13	1979909	1978371	443	919	1.68e-43	185
JANHCV010000007.1	sp|P49540|YCF45_TRICV	36.9	331	180	10	1628675	1627686	6	308	4.29e-43	176
JANHCV010000007.1	sp|Q08234|YO075_YEAST	28.0	472	325	10	787427	786027	122	583	1.75e-40	177
JANHCV010000007.1	sp|O42851|YFHE_SCHPO	36.3	292	181	3	907668	906802	103	392	2.52e-39	163
JANHCV010000007.1	sp|O13962|YE42_SCHPO	42.4	184	93	5	1821751	1822278	38	216	1.03e-33	140
JANHCV010000007.1	sp|O19920|YCF45_CYACA	34.7	294	180	7	1628558	1627683	26	309	2.21e-33	144
JANHCV010000007.1	sp|O74959|YJCD_SCHPO	35.4	302	147	9	1799743	1798883	32	300	6.51e-30	134
JANHCV010000007.1	sp|O31707|YKNU_BACSU	25.8	504	336	13	1986645	1988123	84	560	2.00e-27	131
JANHCV010000007.1	sp|Q795M6|YUGH_BACSU	27.0	367	250	8	1564537	1563446	30	381	7.20e-27	126
JANHCV010000007.1	sp|A8WMY3|ZPT71_CAEBR	27.0	385	193	11	1040374	1041429	63	392	1.98e-26	125
JANHCV010000008.1	sp|Q7LHG5|YI31B_YEAST	33.8	881	548	13	1453713	1456313	609	1468	3.10e-123	440
JANHCV010000008.1	sp|Q99315|YG31B_YEAST	33.9	881	547	13	1453713	1456313	583	1442	3.54e-123	441
JANHCV010000008.1	sp|Q9USJ3|YJ23_SCHPO	50.4	355	155	6	1587386	1588447	62	396	1.72e-90	321
JANHCV010000008.1	sp|P25036|YSP3_YEAST	39.9	373	179	9	812884	813897	103	465	6.81e-53	205
JANHCV010000008.1	sp|Q9Y7I8|ZUO1_SCHPO	48.7	234	108	5	368894	368193	85	306	7.92e-52	201
JANHCV010000008.1	sp|P54718|YFIB_BACSU	42.6	249	130	5	1347904	1347161	328	564	1.28e-45	186
JANHCV010000008.1	sp|O31707|YKNU_BACSU	27.4	603	396	13	1348957	1347170	1	568	1.72e-44	183
JANHCV010000008.1	sp|Q9P787|YNY3_SCHPO	45.7	221	88	4	847852	848502	4	196	2.51e-44	172
JANHCV010000008.1	sp|Q1K9C4|YFK7_SCHPO	32.7	358	222	5	656170	655136	676	1027	2.87e-44	188
JANHCV010000008.1	sp|Q9Y7L1|YGI9_SCHPO	41.9	258	118	6	1477165	1477929	5	233	3.01e-42	166
JANHCV010000008.1	sp|P32527|ZUO1_YEAST	44.0	252	127	5	368981	368232	55	294	6.48e-42	171
JANHCV010000008.1	sp|P54719|YFIC_BACSU	31.4	315	206	3	1348105	1347161	297	601	4.38e-38	164
JANHCV010000008.1	sp|O07550|YHEI_BACSU	31.6	313	202	5	1348093	1347158	273	574	2.23e-33	149
JANHCV010000008.1	sp|P39109|YCFI_YEAST	29.0	656	393	18	380104	381957	632	1252	3.55e-33	153
JANHCV010000008.1	sp|P41920|YRB1_YEAST	44.7	161	56	1	1374487	1374005	71	198	9.49e-33	137
JANHCV010000008.1	sp|Q09504|YQI2_CAEEL	39.9	203	117	4	463898	463296	81	280	2.12e-32	139
JANHCV010000008.1	sp|O34750|YFML_BACSU	29.8	302	203	4	1230736	1231641	13	305	7.72e-32	140
JANHCV010000008.1	sp|P34447|ZFP1_CAEEL	38.7	181	86	5	1777393	1776926	6	186	4.84e-27	132
JANHCV010000008.1	sp|Q6FWS5|YBT1_CANGA	25.1	704	434	21	380080	382023	703	1369	7.71e-27	132
JANHCV010000008.1	sp|P32386|YBT1_YEAST	25.3	692	434	13	380086	381957	686	1362	2.19e-24	124
JANHCV010000008.1	sp|Q6CKU1|YTH1_KLULA	52.7	93	38	3	1767712	1767975	11	102	3.96e-21	104
JANHCV010000008.1	sp|P53049|YOR1_YEAST	24.6	639	416	12	380167	382017	614	1208	1.92e-20	111
JANHCV010000008.1	sp|Q4IPA4|YTH1_GIBZE	46.4	110	48	3	1767673	1767975	7	114	1.39e-19	101
JANHCV010000008.1	sp|Q99231|YD12B_YEAST	24.7	445	289	14	1484615	1483320	1248	1659	2.33e-19	108
JANHCV010000008.1	sp|Q12316|YG13B_YEAST	24.0	463	313	17	1484615	1483260	1248	1682	2.33e-19	108
JANHCV010000009.1	sp|Q12697|YPK9_YEAST	37.6	1267	580	25	1626383	1622703	289	1385	4.67e-230	756
JANHCV010000009.1	sp|P39109|YCFI_YEAST	28.4	1666	941	39	443655	438865	27	1509	1.63e-155	537
JANHCV010000009.1	sp|Q27533|YH2M_CAEEL	35.5	1017	538	20	1625657	1622685	163	1087	8.95e-151	516
JANHCV010000009.1	sp|P32386|YBT1_YEAST	31.4	1069	591	15	1631035	1634109	375	1345	4.62e-140	494
JANHCV010000009.1	sp|Q6FWS5|YBT1_CANGA	29.5	1076	589	16	1631035	1634109	377	1333	5.38e-126	451
JANHCV010000009.1	sp|Q7LHG5|YI31B_YEAST	33.8	881	548	13	1510894	1508294	609	1468	4.01e-123	439
JANHCV010000009.1	sp|Q99315|YG31B_YEAST	33.9	881	547	13	1510894	1508294	583	1442	4.58e-123	440
JANHCV010000009.1	sp|O07576|YHDG_BACSU	40.2	478	264	8	1396202	1397629	4	461	4.26e-108	364
JANHCV010000009.1	sp|Q12496|YO098_YEAST	28.6	1082	683	26	1068103	1064951	2	1024	4.17e-105	375
JANHCV010000009.1	sp|P48053|YPD1_CAEEL	28.8	1032	648	21	1068049	1064993	23	980	4.67e-104	370
JANHCV010000009.1	sp|P53049|YOR1_YEAST	25.2	1493	892	30	443073	438865	109	1466	1.52e-94	351
JANHCV010000009.1	sp|Q04585|YDR09_YEAST	35.7	568	285	13	992164	990530	40	550	5.48e-85	306
JANHCV010000009.1	sp|O14244|YELD_SCHPO	47.6	288	144	4	72993	73850	419	701	1.31e-67	256
JANHCV010000009.1	sp|P32622|YEF1_YEAST	34.5	452	176	7	514753	516108	100	431	2.58e-66	244
JANHCV010000009.1	sp|Q6LA56|YF4B_SCHPO	33.0	436	170	7	514780	516087	79	392	1.08e-63	233
JANHCV010000009.1	sp|O13863|YDU2_SCHPO	34.4	395	135	5	514924	516105	249	520	1.04e-60	229
JANHCV010000009.1	sp|O14293|YF19_SCHPO	38.9	319	186	3	837079	836132	185	497	9.38e-60	226
JANHCV010000009.1	sp|Q9URW9|YLX7_SCHPO	37.8	315	192	2	837079	836138	179	490	2.37e-55	213
JANHCV010000009.1	sp|P18961|YPK2_YEAST	36.1	346	166	7	1377030	1376002	339	632	9.54e-55	216
JANHCV010000009.1	sp|P87142|YDMC_SCHPO	29.2	480	305	9	192202	193584	29	492	2.36e-53	209
JANHCV010000009.1	sp|P0CE69|YK104_YEAST	34.7	343	178	3	1634190	1635215	1	298	4.50e-53	199
JANHCV010000009.1	sp|Q0WW55|ZEUS1_ARATH	40.8	265	96	5	1568982	1568188	58	261	6.99e-46	177
JANHCV010000009.1	sp|Q9CAD5|YODA_ARATH	36.3	320	145	7	954614	953661	399	661	1.59e-45	191
JANHCV010000009.1	sp|Q9P7K3|YJN2_SCHPO	28.6	461	201	7	514774	516153	97	430	4.71e-45	181
JANHCV010000009.1	sp|O34750|YFML_BACSU	28.9	346	242	4	1278417	1277380	24	365	1.60e-42	171
