CH476758.1	sp|Q04202|TCB2_CAEBR	36.5	241	145	4	32420	31698	41	273	2.81e-36	146
CH476758.1	sp|P03934|TC1A_CAEEL	36.4	242	144	5	32420	31698	41	273	7.05e-36	145
CH476758.1	sp|P35072|TCB1_CAEBR	38.1	194	116	4	37306	36725	33	222	1.76e-33	138
CH476758.1	sp|P14381|YTX2_XENLA	34.3	143	85	3	21484	21062	407	542	1.36e-12	81.3
CH476758.1	sp|P16423|POLR_DROME	23.9	351	236	6	21023	19980	444	766	2.08e-10	73.9
CH476758.1	sp|Q0WVL7|GOGC5_ARATH	37.3	102	64	0	5347	5042	854	955	2.57e-08	67.0
CH476758.1	sp|P82094|TMF1_HUMAN	34.3	102	67	0	5350	5045	989	1090	1.36e-07	64.7
CH476758.1	sp|Q03274|PO22_POPJA	26.8	220	136	7	21074	20418	90	285	1.13e-05	58.2
CH476758.1	sp|Q05118|PO23_POPJA	30.8	120	71	3	20912	20553	28	135	1.35e-05	57.8
CH476758.1	sp|Q03278|PO21_NASVI	25.3	178	115	3	21032	20511	415	578	1.12e-04	55.1
CH476757.1	sp|P03934|TC1A_CAEEL	37.2	266	158	6	66491	67282	15	273	2.14e-46	175
CH476757.1	sp|P35072|TCB1_CAEBR	36.1	266	161	6	66491	67282	15	273	3.41e-45	172
CH476757.1	sp|Q04202|TCB2_CAEBR	34.1	267	165	6	66491	67282	15	273	7.44e-42	162
CH476757.1	sp|P34257|TC3A_CAEEL	36.2	213	122	8	25091	25726	70	269	2.16e-26	119
CH476757.1	sp|Q6CR76|HOT1_KLULA	34.6	104	64	2	56832	57143	571	670	1.74e-06	60.8
CH476757.1	sp|P22148|MSN1_YEAST	39.1	92	52	4	56853	57125	278	366	5.90e-04	52.0
CH476756.1	sp|Q09130|IF2G_SCHPO	65.6	424	106	2	101862	103133	48	431	1.30e-173	548
CH476756.1	sp|P32481|IF2G_YEAST	63.7	424	116	1	101862	103133	125	510	3.75e-169	539
CH476756.1	sp|C9WPN6|IF2H_RAT	64.0	425	114	2	101862	103133	66	452	1.66e-166	529
CH476756.1	sp|F1QGW6|IF2G_DANRE	63.8	425	115	2	101862	103133	66	452	3.08e-166	528
CH476756.1	sp|Q9Z0N2|IF2H_MOUSE	64.0	425	114	2	101862	103133	66	452	3.08e-166	528
CH476756.1	sp|Q2KHU8|IF2G_BOVIN	64.0	425	114	2	101862	103133	66	452	5.70e-166	528
CH476756.1	sp|P41091|IF2G_HUMAN	64.0	425	114	2	101862	103133	66	452	5.70e-166	528
CH476756.1	sp|Q9Z0N1|IF2G_MOUSE	64.0	425	114	2	101862	103133	66	452	5.70e-166	528
CH476756.1	sp|P81795|IF2G_RAT	64.0	425	114	2	101862	103133	66	452	5.70e-166	528
CH476756.1	sp|Q5R797|IF2G_PONAB	63.8	425	115	2	101862	103133	66	452	2.67e-165	526
CH476756.1	sp|Q5ZMS3|IF2G_CHICK	63.5	425	116	2	101862	103133	66	452	1.25e-164	524
CH476756.1	sp|Q2VIR3|IF2GL_HUMAN	63.1	425	118	2	101862	103133	66	452	2.01e-163	520
CH476756.1	sp|Q24208|IF2G_DROME	63.3	425	117	2	101862	103133	65	451	3.04e-163	520
CH476756.1	sp|Q54XD8|IF2G_DICDI	59.2	424	135	1	101862	103133	60	445	1.49e-153	491
CH476756.1	sp|J9VR81|IF2G_CRYNH	56.3	426	145	3	101862	103133	67	453	3.62e-141	456
CH476756.1	sp|Q54PJ1|PRS10_DICDI	83.5	242	40	0	72899	73624	152	393	4.86e-130	421
CH476756.1	sp|Q9MAK9|PS10B_ARATH	85.7	238	34	0	72902	73615	155	392	2.80e-129	419
CH476756.1	sp|Q9SEI3|PS10A_ARATH	85.3	238	35	0	72902	73615	155	392	7.07e-129	418
CH476756.1	sp|O74445|PRS10_SCHPO	83.9	242	39	0	72899	73624	147	388	7.77e-128	414
CH476756.1	sp|P62333|PRS10_HUMAN	83.9	242	39	0	72899	73624	148	389	9.51e-127	411
CH476756.1	sp|P62335|PRS10_ICTTR	83.9	242	39	0	72899	73624	148	389	9.51e-127	411
CH476756.1	sp|P62334|PRS10_MOUSE	83.9	242	39	0	72899	73624	148	389	9.51e-127	411
CH476756.1	sp|Q2KIW6|PRS10_BOVIN	83.5	242	40	0	72899	73624	148	389	8.25e-126	409
CH476756.1	sp|O17071|PRS10_CAEEL	81.8	242	44	0	72899	73624	165	406	3.74e-125	407
CH476756.1	sp|P53549|PRS10_YEAST	76.9	242	56	0	72899	73624	196	437	6.26e-117	385
CH476755.1	sp|P55811|LEUC_RHINI	83.5	751	122	2	97591	99840	1	750	0.0	1276
CH476755.1	sp|P55251|LEUC_RHIPU	76.0	758	171	4	97591	99840	1	755	0.0	1171
CH476755.1	sp|P18250|LEUC_PHYB8	73.4	756	183	5	97591	99840	1	744	0.0	1114
CH476755.1	sp|P17279|LEUC_MUCCL	82.1	586	95	3	97600	99348	51	629	2.97e-317	971
CH476755.1	sp|O14289|LEUC_SCHPO	63.9	758	256	7	97597	99840	9	758	6.42e-312	961
CH476755.1	sp|P49601|LEUC_USTMA	62.9	757	257	4	97597	99804	4	757	1.87e-306	946
CH476755.1	sp|P07264|LEUC_YEAST	62.7	748	250	7	97597	99768	10	752	3.01e-297	919
CH476755.1	sp|Q74ZM9|LEUC_ASHGO	62.5	752	251	7	97594	99768	6	753	1.12e-293	909
CH476755.1	sp|Q00464|LEUC_CANMA	59.1	776	274	11	97597	99825	4	769	9.10e-279	866
CH476755.1	sp|Q0BRH4|LEUC_GRABC	66.9	475	151	1	97591	99015	1	469	9.81e-208	648
CH476755.1	sp|Q92L76|LEUC_RHIME	67.3	468	148	1	97597	99000	5	467	1.08e-206	645
CH476755.1	sp|C3M9V0|LEUC_SINFN	66.5	468	152	1	97597	99000	5	467	1.11e-204	639
CH476755.1	sp|B2S860|LEUC_BRUA1	66.8	467	150	1	97597	98997	5	466	2.81e-204	638
CH476755.1	sp|Q2YLP7|LEUC_BRUA2	66.8	467	150	1	97597	98997	5	466	2.81e-204	638
CH476755.1	sp|Q57AZ0|LEUC_BRUAB	66.8	467	150	1	97597	98997	5	466	2.81e-204	638
CH476755.1	sp|A9M8P2|LEUC_BRUC2	66.8	467	150	1	97597	98997	5	466	2.81e-204	638
CH476755.1	sp|A5VSN3|LEUC_BRUO2	66.8	467	150	1	97597	98997	5	466	2.81e-204	638
CH476755.1	sp|B0CIF7|LEUC_BRUSI	66.8	467	150	1	97597	98997	5	466	2.81e-204	638
CH476755.1	sp|Q8FYG9|LEUC_BRUSU	66.8	467	150	1	97597	98997	5	466	2.81e-204	638
CH476755.1	sp|A6UE05|LEUC_SINMW	67.1	468	149	1	97597	99000	5	467	3.82e-204	638
CH476755.1	sp|Q11CQ6|LEUC_CHESB	66.0	471	155	1	97588	99000	2	467	5.21e-204	637
CH476755.1	sp|B3PR22|LEUC_RHIE6	66.9	468	150	1	97597	99000	5	467	5.21e-204	637
CH476755.1	sp|Q8UBY9|LEUC_AGRFC	66.8	470	151	1	97597	99006	5	469	1.32e-203	636
CH476755.1	sp|C0RFF1|LEUC_BRUMB	66.6	467	151	1	97597	98997	5	466	1.32e-203	636
CH476755.1	sp|Q8YJC9|LEUC_BRUME	66.6	467	151	1	97597	98997	5	466	1.32e-203	636
CH476754.1	sp|P0C1J3|FKBP1_RHIO9	99.0	105	1	0	38114	37800	4	108	1.05e-63	219
CH476754.1	sp|O59763|OCA2_SCHPO	61.9	160	61	0	154652	154173	304	463	5.06e-55	213
CH476754.1	sp|Q8I7P9|POL5_DROME	30.8	442	285	11	241570	242850	125	560	1.83e-52	211
CH476754.1	sp|P35072|TCB1_CAEBR	40.1	242	136	3	8440	9165	36	268	3.33e-52	193
CH476754.1	sp|Q08732|HRK1_YEAST	58.6	162	65	1	154652	154173	217	378	3.54e-50	201
CH476754.1	sp|P03934|TC1A_CAEEL	38.2	251	138	4	8440	9180	36	273	1.16e-49	186
CH476754.1	sp|Q9CS74|ECD_MOUSE	34.1	372	222	7	50751	49648	75	427	2.01e-49	196
CH476754.1	sp|Q6KBA8|FKB1A_EMENI	81.7	104	19	0	38111	37800	5	108	5.08e-49	177
CH476754.1	sp|Q9LSM5|ECD_ARATH	40.5	301	163	4	50778	49885	73	360	6.78e-49	195
CH476754.1	sp|Q9BXW9|FACD2_HUMAN	30.9	517	263	10	130323	131837	231	665	2.36e-48	200
CH476754.1	sp|O95905|ECD_HUMAN	35.5	386	216	12	50751	49621	75	436	7.32e-48	192
CH476754.1	sp|Q04202|TCB2_CAEBR	36.8	250	149	3	8431	9180	33	273	1.60e-47	180
CH476754.1	sp|P22211|NPR1_YEAST	53.5	159	74	0	154649	154173	441	599	1.28e-46	191
CH476754.1	sp|P0CP95|FKBP_CRYNB	74.3	105	27	0	38114	37800	4	108	7.67e-45	166
CH476754.1	sp|P0CP94|FKBP_CRYNJ	74.3	105	27	0	38114	37800	4	108	7.67e-45	166
CH476754.1	sp|O94746|FKBP_CRYNH	73.3	105	28	0	38114	37800	4	108	1.95e-44	164
CH476754.1	sp|Q80V62|FACD2_MOUSE	28.6	514	279	10	130323	131837	229	663	3.04e-44	187
CH476754.1	sp|Q6IV68|FACD2_RAT	28.4	514	280	10	130323	131837	231	665	8.99e-44	185
CH476754.1	sp|P48009|SPN4_SCHPO	47.7	172	72	1	56678	56163	152	305	1.35e-41	166
CH476754.1	sp|Q4WLV6|FKB1A_ASPFU	73.8	103	27	0	38108	37800	6	108	5.19e-41	155
CH476754.1	sp|Q12100|RTK1_YEAST	50.3	167	72	3	154649	154173	305	468	1.29e-40	169
CH476754.1	sp|Q54JR9|ECD_DICDI	33.9	307	186	6	50748	49876	120	425	1.07e-39	169
CH476754.1	sp|Q12310|PRR2_YEAST	48.1	156	81	0	154640	154173	367	522	3.56e-39	166
CH476754.1	sp|Q6FMA3|FKBP_CANGA	65.4	104	36	0	38111	37800	11	114	4.27e-39	149
CH476754.1	sp|O42993|FKBP_SCHPO	66.0	103	35	0	38108	37800	6	108	7.46e-39	149
CH476753.1	sp|B2KWH6|MFS2_AJECA	55.2	562	233	1	139209	137524	45	587	1.46e-196	622
CH476753.1	sp|P78810|VTC4_SCHPO	50.1	519	213	8	203892	202462	201	715	2.33e-143	474
CH476753.1	sp|P47075|VTC4_YEAST	51.4	516	200	8	203892	202474	203	710	1.08e-142	472
CH476753.1	sp|Q4WGE2|SIT2_ASPFU	41.4	553	303	3	139191	137539	70	603	1.91e-123	412
CH476753.1	sp|Q91ZA3|PCCA_MOUSE	47.7	518	238	10	206243	204720	230	724	3.98e-123	416
CH476753.1	sp|P05165|PCCA_HUMAN	48.4	517	236	9	206243	204720	234	728	5.13e-122	412
CH476753.1	sp|P0DTA4|PCCA_PIG	46.8	517	246	8	206243	204720	234	730	1.15e-120	409
CH476753.1	sp|P14882|PCCA_RAT	46.9	518	242	10	206243	204720	243	737	1.18e-119	406
CH476753.1	sp|Q19842|PCCA_CAEEL	45.8	504	230	10	206243	204792	220	700	1.99e-117	399
CH476753.1	sp|Q870L2|MIRB_EMENI	37.2	597	352	4	139305	137524	27	603	3.16e-117	394
CH476753.1	sp|Q612F5|PCCA_CAEBR	45.8	504	230	9	206243	204792	234	714	1.35e-116	397
CH476753.1	sp|Q5LUF3|PCCA_RUEPO	43.4	535	250	10	206243	204720	173	681	6.40e-113	384
CH476753.1	sp|Q4WF31|MIRB_ASPFU	40.1	514	306	2	139068	137530	97	609	2.11e-111	377
CH476753.1	sp|O94296|YOOC_SCHPO	27.2	1389	710	27	230213	226161	126	1251	1.80e-101	367
CH476753.1	sp|B2KWH5|MFS1_AJECA	32.5	560	340	4	139209	137530	31	552	1.57e-92	321
CH476753.1	sp|Q99MR8|MCCA_MOUSE	35.6	519	302	12	206246	204720	215	711	5.38e-78	283
CH476753.1	sp|Q96RQ3|MCCA_HUMAN	35.4	522	299	10	206246	204720	219	715	1.17e-77	283
CH476753.1	sp|Q5I0C3|MCCA_RAT	35.2	520	303	12	206246	204720	215	711	1.41e-76	279
CH476753.1	sp|Q4WHE1|MIRC_ASPFU	33.1	556	342	8	139254	137611	31	564	3.37e-76	275
CH476753.1	sp|Q54KE6|MCCA_DICDI	34.3	528	288	13	206240	204732	202	695	9.93e-74	270
CH476753.1	sp|Q58626|PYCA_METJA	49.8	269	132	3	206234	205431	176	442	8.93e-70	253
CH476753.1	sp|Q42523|MCCA_ARATH	33.1	529	315	12	206234	204732	212	729	9.12e-70	259
CH476753.1	sp|Q870L3|MIRC_EMENI	30.2	533	348	5	139197	137611	49	561	1.94e-67	249
CH476753.1	sp|Q42777|MCCA_SOYBN	31.9	542	305	12	206234	204732	207	725	2.17e-65	246
CH476753.1	sp|Q2QMG2|MCCA_ORYSJ	33.3	534	299	13	206225	204732	216	728	6.40e-64	242
CH476752.1	sp|O94641|HS104_SCHPO	54.6	896	392	10	263058	265709	1	893	1.64e-292	912
CH476752.1	sp|P38795|NADE_YEAST	59.2	773	226	7	256103	258403	5	694	1.19e-288	893
CH476752.1	sp|P31540|HSP98_NEUCR	52.8	916	399	15	263061	265727	3	912	4.05e-272	855
CH476752.1	sp|O74940|NADE_SCHPO	54.7	777	267	10	256097	258424	3	695	1.04e-269	838
CH476752.1	sp|Q54ML1|NADE_DICDI	54.7	771	263	6	256097	258406	2	687	1.58e-260	812
CH476752.1	sp|Q5ZMA6|NADE_CHICK	54.0	781	272	9	256097	258433	3	698	9.59e-259	806
CH476752.1	sp|Q3ZBF0|NADE_BOVIN	54.0	779	269	10	256097	258424	3	695	8.02e-258	804
CH476752.1	sp|Q711T7|NADE_MOUSE	53.5	779	275	9	256097	258427	3	696	6.41e-256	799
CH476752.1	sp|Q6IA69|NADE_HUMAN	53.3	782	276	10	256097	258433	3	698	5.22e-255	796
CH476752.1	sp|Q4R5Y2|NADE_MACFA	53.1	780	277	10	256097	258427	3	696	2.44e-254	794
CH476752.1	sp|Q812E8|NADE_RAT	53.5	779	275	9	256097	258427	3	696	2.24e-253	792
CH476752.1	sp|P31539|HS104_YEAST	47.3	915	439	14	263073	265727	7	908	8.54e-236	749
CH476752.1	sp|Q9C723|NADE_ARATH	49.2	778	294	9	256097	258403	2	687	1.29e-230	726
CH476752.1	sp|A2YII8|NADE_ORYSI	50.0	782	298	6	256097	258427	2	695	5.42e-229	722
CH476752.1	sp|Q0D8D4|NADE_ORYSJ	50.0	782	298	6	256097	258427	2	695	5.42e-229	722
CH476752.1	sp|Q9VYA0|NADE_DROME	49.2	776	304	10	256097	258412	3	692	6.17e-224	710
CH476752.1	sp|O74402|HSP78_SCHPO	50.7	748	346	7	263406	265613	40	776	9.34e-219	696
CH476752.1	sp|P33416|HSP78_YEAST	51.1	726	333	10	263541	265700	98	807	4.94e-215	685
CH476752.1	sp|Q96UX5|HSP78_CANAL	51.0	730	337	9	263541	265709	88	803	6.06e-210	671
CH476752.1	sp|O23482|OPT3_ARATH	41.8	716	389	10	62841	60754	29	736	3.49e-184	593
CH476752.1	sp|O82485|OPT7_ARATH	43.1	698	370	9	62838	60787	64	748	1.22e-183	593
CH476752.1	sp|Q54316|HLYB_BRAHO	39.5	896	426	16	263058	265652	1	811	6.51e-179	582
CH476752.1	sp|Q9FJD1|OPT8_ARATH	42.0	707	377	10	62850	60787	24	716	3.63e-177	573
CH476752.1	sp|Q9FME8|OPT4_ARATH	43.1	689	364	9	62838	60841	22	705	5.07e-176	569
CH476752.1	sp|Q9T095|OPT6_ARATH	41.4	707	383	10	62850	60787	25	719	6.36e-176	569
CH476751.1	sp|P15398|RPA1_SCHPO	50.0	1519	635	27	380771	376431	63	1528	0.0	1328
CH476751.1	sp|P10964|RPA1_YEAST	45.1	1520	690	21	380777	376434	60	1507	0.0	1221
CH476751.1	sp|Q86H36|RPA1_DICDI	41.0	1318	667	24	380771	376899	65	1298	1.51e-283	915
CH476751.1	sp|O95602|RPA1_HUMAN	41.0	1378	622	28	380771	376956	64	1356	7.98e-274	890
CH476751.1	sp|O54889|RPA1_RAT	40.2	1385	630	26	380771	376956	64	1363	1.78e-273	889
CH476751.1	sp|O35134|RPA1_MOUSE	40.7	1377	634	29	380771	376956	64	1363	3.35e-273	889
CH476751.1	sp|Q9SVY0|NRPA1_ARATH	38.1	1366	640	32	380783	376923	75	1313	6.08e-243	798
CH476751.1	sp|P91875|RPA1_DROME	36.7	1375	641	28	380780	376974	63	1313	1.03e-226	750
CH476751.1	sp|Q09915|SPT6_SCHPO	35.8	1097	667	15	262941	259717	244	1325	2.17e-203	672
CH476751.1	sp|Q8NIV6|SPT6_NEUCR	34.4	1141	684	23	262974	259717	230	1360	6.89e-191	637
CH476751.1	sp|Q4HYQ4|SPT6_GIBZE	35.1	1127	653	25	262944	259747	249	1358	4.05e-189	632
CH476751.1	sp|Q4WWH6|SPT6_ASPFU	34.4	1141	671	23	262941	259717	253	1382	1.02e-185	622
CH476751.1	sp|Q2U561|SPT6_ASPOR	33.7	1127	678	24	262941	259747	254	1373	2.95e-184	618
CH476751.1	sp|Q5B7Q7|SPT6_EMENI	34.4	1141	672	25	262941	259717	248	1378	3.94e-183	615
CH476751.1	sp|P16355|RPA1_TRYBB	33.0	1317	656	40	380774	377148	52	1250	2.00e-155	541
CH476751.1	sp|Q4R591|G6PI_MACFA	45.8	592	269	4	109010	110770	10	554	5.14e-147	479
CH476751.1	sp|Q3ZBD7|G6PI_BOVIN	46.3	596	262	5	108998	110770	12	554	2.32e-146	477
CH476751.1	sp|P08059|G6PI_PIG	46.5	592	265	4	109010	110770	10	554	4.43e-146	476
CH476751.1	sp|Q9N1E2|G6PI_RABIT	46.3	592	266	4	109010	110770	10	554	6.03e-146	476
CH476751.1	sp|P52031|G6PI_DROYA	46.8	598	264	6	108995	110770	9	558	1.12e-145	475
CH476751.1	sp|P52029|G6PI_DROME	46.8	598	264	6	108995	110770	9	558	2.07e-145	474
CH476751.1	sp|P06745|G6PI_MOUSE	46.5	591	264	4	109010	110767	10	553	2.81e-145	474
CH476751.1	sp|P78917|G6PI_SCHPO	46.1	590	271	3	108989	110758	5	547	1.00e-144	472
CH476751.1	sp|P52030|G6PI_DROSI	46.7	598	265	6	108995	110770	9	558	1.31e-144	472
CH476751.1	sp|P06744|G6PI_HUMAN	45.4	592	271	4	109010	110770	10	554	1.31e-144	472
CH476750.1	sp|Q9C102|GLT1_SCHPO	63.9	2104	699	10	316168	322425	46	2107	0.0	2732
CH476750.1	sp|Q12680|GLT1_YEAST	57.8	2146	802	22	316168	322425	31	2133	0.0	2407
CH476750.1	sp|Q03460|GLSN_MEDSA	55.0	2137	850	22	316171	322395	80	2167	0.0	2301
CH476750.1	sp|Q0JKD0|GLT1_ORYSJ	56.0	2112	825	25	316204	322389	89	2146	0.0	2284
CH476750.1	sp|Q9LV03|GLUT1_ARATH	54.7	2138	852	24	316162	322371	92	2180	0.0	2280
CH476750.1	sp|Q0DG35|GLT2_ORYSJ	56.1	2110	825	26	316204	322371	96	2158	0.0	2264
CH476750.1	sp|P34731|FAS1_CANAX	54.8	1507	633	20	127378	122903	560	2033	0.0	1588
CH476750.1	sp|Q9UUG0|FAS1_SCHPO	53.4	1522	658	21	127372	122903	565	2067	0.0	1563
CH476750.1	sp|P34229|FAS1_YARLI	53.5	1517	660	22	127378	122903	584	2079	0.0	1558
CH476750.1	sp|P07149|FAS1_YEAST	51.6	1507	686	19	127375	122888	574	2048	0.0	1505
CH476750.1	sp|P55037|GLTB_SYNY3	49.8	1543	713	18	316192	320796	28	1517	0.0	1436
CH476750.1	sp|P96218|GLTB_MYCTU	47.5	1563	732	16	316192	320796	3	1505	0.0	1342
CH476750.1	sp|P39812|GLTA_BACSU	47.0	1554	741	22	316189	320820	6	1487	0.0	1342
CH476750.1	sp|Q92215|TOXC_COCCA	45.9	1511	771	16	127378	122903	574	2056	0.0	1290
CH476750.1	sp|P78615|FAS2_EMEND	57.5	1091	381	10	122881	119819	3	1080	0.0	1179
CH476750.1	sp|P15368|FAS2_PENPA	58.8	1090	364	9	122881	119819	3	1076	0.0	1167
CH476750.1	sp|Q10289|FAS2_SCHPO	57.4	1072	395	9	122881	119819	3	1063	0.0	1159
CH476750.1	sp|P51375|GLTB_PORPU	41.8	1569	807	22	316183	320772	16	1517	0.0	1146
CH476750.1	sp|Q43155|GLTB_SPIOL	43.0	1550	787	23	316237	320772	1	1491	0.0	1140
CH476750.1	sp|P55038|GLTS_SYNY3	42.4	1565	787	27	316225	320772	33	1532	0.0	1137
CH476750.1	sp|Q9T0P4|GLTB2_ARATH	42.2	1577	805	25	316168	320772	85	1597	0.0	1135
CH476750.1	sp|Q9ZNZ7|GLTB1_ARATH	42.0	1565	810	22	316192	320772	91	1596	0.0	1132
CH476750.1	sp|P09831|GLTB_ECOLI	43.0	1531	794	24	316207	320772	2	1462	0.0	1132
CH476750.1	sp|Q06434|GLTB_ANTSP	41.6	1564	796	25	316225	320772	23	1517	0.0	1130
CH476750.1	sp|G8BAW7|FAS2_CANPC	55.8	1113	389	10	122881	119819	3	1104	0.0	1124
CH476749.1	sp|P07742|RIR1_MOUSE	56.0	807	292	5	464600	462189	6	752	2.46e-281	876
CH476749.1	sp|Q9UW15|RIR1_NEUCR	55.9	814	303	3	464600	462159	6	763	6.50e-280	878
CH476749.1	sp|P23921|RIR1_HUMAN	55.8	807	294	5	464600	462189	6	752	6.33e-279	869
CH476749.1	sp|Q5R919|RIR1_PONAB	55.6	807	295	5	464600	462189	6	752	4.02e-278	867
CH476749.1	sp|P36602|RIR1_SCHPO	55.4	814	305	5	464600	462159	6	761	4.27e-278	867
CH476749.1	sp|P21524|RIR1_YEAST	55.8	808	296	5	464600	462189	6	756	1.01e-277	870
CH476749.1	sp|F2SHL1|MDR1_TRIRC	38.9	1330	762	16	250815	254693	194	1510	1.53e-277	896
CH476749.1	sp|P32568|SNQ2_YEAST	39.6	1327	765	17	250788	254690	161	1476	6.63e-277	892
CH476749.1	sp|P79732|RIR1_DANRE	55.6	807	295	5	464600	462189	6	752	1.11e-275	860
CH476749.1	sp|F2RSQ6|MDR1_TRIT1	38.7	1339	762	17	250815	254693	194	1519	5.14e-275	889
CH476749.1	sp|F2SG60|MDR3_TRIRC	38.4	1332	781	17	250797	254705	163	1484	9.26e-275	886
CH476749.1	sp|F2PLH2|MDR1_TRIEC	38.7	1339	762	17	250815	254693	194	1519	9.46e-275	888
CH476749.1	sp|Q6FQN3|SNQ2_CANGA	39.2	1317	764	19	250818	254690	175	1480	3.52e-274	884
CH476749.1	sp|A0A059J0G5|MDR1_TRIIM	38.5	1339	764	17	250815	254693	194	1519	1.08e-273	885
CH476749.1	sp|Q03604|RIR1_CAEEL	55.7	806	296	5	464600	462189	12	758	3.14e-273	852
CH476749.1	sp|Q9SJ20|RIR1_ARATH	54.1	822	303	5	464600	462189	6	771	2.52e-271	848
CH476749.1	sp|P53756|PDR18_YEAST	38.1	1313	770	18	250794	254636	32	1333	7.27e-271	868
CH476749.1	sp|O74208|PDH1_CANGA	38.1	1361	759	20	250824	254702	174	1519	1.97e-270	875
CH476749.1	sp|Q04182|PDR15_YEAST	38.1	1356	757	20	250824	254705	185	1519	2.41e-268	868
CH476749.1	sp|P21672|RIR3_YEAST	53.8	808	312	5	464600	462189	6	756	4.12e-268	841
CH476749.1	sp|Q54Q71|RIR1_DICDI	55.3	815	298	6	464600	462189	21	780	5.88e-266	835
CH476749.1	sp|P33302|PDR5_YEAST	37.2	1385	803	22	250713	254705	133	1504	1.34e-264	857
CH476749.1	sp|P48591|RIR1_DROME	53.0	807	316	5	464600	462189	17	763	8.17e-261	818
CH476749.1	sp|P50648|RIR1_PLAF4	53.3	805	317	7	464600	462189	6	752	2.67e-259	813
CH476749.1	sp|Q76RD8|RIR1_VACCA	52.7	805	320	6	464600	462189	6	750	4.45e-254	796
CH476748.1	sp|A5DI11|EF2_PICGU	75.4	857	193	2	558940	561510	4	842	0.0	1313
CH476748.1	sp|Q5A0M4|EF2_CANAL	75.1	857	195	2	558940	561510	4	842	0.0	1305
CH476748.1	sp|C4YJQ8|EF2_CANAW	75.0	857	196	2	558940	561510	4	842	0.0	1303
CH476748.1	sp|Q874B9|EF2_PICPA	73.4	858	210	2	558937	561510	3	842	0.0	1298
CH476748.1	sp|P32324|EF2_YEAST	74.3	857	202	2	558940	561510	4	842	0.0	1296
CH476748.1	sp|Q6BJ25|EF2_DEBHA	74.2	857	203	2	558940	561510	4	842	0.0	1294
CH476748.1	sp|Q6FYA7|EF2_CANGA	73.7	857	207	2	558940	561510	4	842	0.0	1290
CH476748.1	sp|Q875S0|EF2_LACK1	73.0	857	213	2	558940	561510	4	842	0.0	1287
CH476748.1	sp|Q6CPQ9|EF2_KLULA	73.4	857	210	2	558940	561510	4	842	0.0	1285
CH476748.1	sp|Q875Z2|EF2_NAUCC	74.1	857	204	2	558940	561510	4	842	0.0	1283
CH476748.1	sp|Q754C8|EF2_ASHGO	73.5	857	209	2	558940	561510	4	842	0.0	1283
CH476748.1	sp|O14460|EF2_SCHPO	72.1	857	221	2	558940	561510	4	842	0.0	1261
CH476748.1	sp|Q96X45|EF2_NEUCR	71.4	860	226	4	558937	561510	3	844	0.0	1247
CH476748.1	sp|P29691|EF2_CAEEL	67.0	871	253	5	558937	561510	3	852	0.0	1175
CH476748.1	sp|P13060|EF2_DROME	67.6	863	254	5	558937	561510	3	844	0.0	1174
CH476748.1	sp|Q3SYU2|EF2_BOVIN	66.7	874	257	4	558937	561510	3	858	0.0	1173
CH476748.1	sp|A0SXL6|EF2_CALJA	66.7	874	257	4	558937	561510	3	858	0.0	1173
CH476748.1	sp|P58252|EF2_MOUSE	66.5	874	259	4	558937	561510	3	858	0.0	1172
CH476748.1	sp|P05197|EF2_RAT	66.5	874	259	4	558937	561510	3	858	0.0	1172
CH476748.1	sp|P09445|EF2_CRIGR	66.5	874	259	4	558937	561510	3	858	0.0	1171
CH476748.1	sp|P13639|EF2_HUMAN	66.5	874	259	4	558937	561510	3	858	0.0	1170
CH476748.1	sp|Q5R8Z3|EF2_PONAB	66.5	874	259	4	558937	561510	3	858	0.0	1170
CH476748.1	sp|Q90705|EF2_CHICK	66.6	874	258	4	558937	561510	3	858	0.0	1170
CH476748.1	sp|Q1HPK6|EF2_BOMMO	67.3	863	256	5	558937	561510	3	844	0.0	1170
CH476748.1	sp|P15112|EF2_DICDI	65.0	859	278	5	558937	561510	3	839	0.0	1107
CH476747.1	sp|O94641|HS104_SCHPO	54.8	887	386	10	734916	732292	1	884	1.73e-290	907
CH476747.1	sp|P28295|EF1A_ABSGL	93.9	458	28	0	191939	193312	1	458	5.10e-285	871
CH476747.1	sp|P14864|EF1A2_MUCCL	92.4	458	35	0	191939	193312	1	458	6.26e-282	862
CH476747.1	sp|P06805|EF1A1_MUCCL	92.1	458	36	0	191939	193312	1	458	2.16e-281	861
CH476747.1	sp|P14865|EF1A3_MUCCL	92.4	458	34	1	191939	193312	1	457	6.23e-280	857
CH476747.1	sp|P31540|HSP98_NEUCR	53.2	897	387	17	734913	732304	3	893	3.62e-271	853
CH476747.1	sp|O42820|EF1A_SCHCO	88.9	459	50	1	191939	193312	1	459	3.74e-271	832
CH476747.1	sp|P0CY35|EF1A1_CANAL	86.2	458	63	0	191939	193312	1	458	5.97e-266	816
CH476747.1	sp|Q59QD6|EF1A2_CANAL	86.2	458	63	0	191939	193312	1	458	5.97e-266	816
CH476747.1	sp|A5DPE3|EF1A_PICGU	86.5	458	62	0	191939	193312	1	458	5.97e-266	816
CH476747.1	sp|P0CN31|EF1A_CRYNB	86.7	458	61	0	191939	193312	1	458	1.15e-265	816
CH476747.1	sp|P0CN30|EF1A_CRYNJ	86.7	458	61	0	191939	193312	1	458	1.15e-265	816
CH476747.1	sp|Q9HDF6|EF1A_SERIN	87.0	461	57	2	191939	193312	1	461	4.45e-265	814
CH476747.1	sp|Q00251|EF1A_AURPU	86.7	460	58	2	191939	193312	1	459	1.19e-263	810
CH476747.1	sp|P41752|EF1A_ASHGO	85.2	458	68	0	191939	193312	1	458	1.61e-261	804
CH476747.1	sp|P41745|EF1A_BLAAD	86.1	459	63	1	191939	193312	1	459	1.07e-260	801
CH476747.1	sp|P0CT54|EF1A2_SCHPO	85.6	459	65	1	191939	193312	1	459	3.83e-260	800
CH476747.1	sp|P0CT55|EF1A3_SCHPO	85.6	459	65	1	191939	193312	1	459	3.83e-260	800
CH476747.1	sp|P0CT53|EF1A1_SCHPO	85.4	459	66	1	191939	193312	1	459	5.22e-260	800
CH476747.1	sp|Q01520|EF1A_PODAS	84.8	460	68	2	191939	193312	1	460	9.68e-260	799
CH476747.1	sp|P02994|EF1A_YEAST	84.7	458	70	0	191939	193312	1	458	1.22e-259	798
CH476747.1	sp|Q01765|EF1A_PODCU	85.2	460	66	2	191939	193312	1	460	1.37e-259	798
CH476747.1	sp|Q01372|EF1A_NEUCR	85.2	460	66	2	191939	193312	1	460	2.45e-259	798
CH476747.1	sp|P32186|EF1A_PUCGR	86.4	455	60	2	191939	193300	1	454	6.93e-259	796
CH476747.1	sp|Q96WZ1|EF1A_COCIM	85.2	460	66	2	191939	193312	1	460	2.90e-258	795
CH476746.1	sp|O93937|PYR1_EMENI	58.7	1405	540	11	704208	708326	877	2273	0.0	1573
CH476746.1	sp|Q09794|PYR1_SCHPO	59.2	1378	532	12	704232	708329	879	2238	0.0	1567
CH476746.1	sp|P07259|PYR1_YEAST	58.0	1394	548	13	704208	708329	835	2211	0.0	1521
CH476746.1	sp|P20054|PYR1_DICDI	48.7	1420	664	17	704235	708329	812	2222	0.0	1280
CH476746.1	sp|Q91437|PYR1_SQUAC	47.9	1439	675	17	704235	708329	803	2240	0.0	1258
CH476746.1	sp|B2RQC6|PYR1_MOUSE	47.5	1432	678	15	704235	708329	799	2223	0.0	1217
CH476746.1	sp|P08955|PYR1_MESAU	47.3	1432	681	15	704235	708329	799	2223	0.0	1215
CH476746.1	sp|P27708|PYR1_HUMAN	47.2	1432	682	16	704235	708329	799	2223	0.0	1213
CH476746.1	sp|P05990|PYR1_DROME	46.8	1417	686	20	704241	708329	816	2218	0.0	1184
CH476746.1	sp|Q18990|PYR1_CAEEL	43.4	1439	719	24	704196	708329	791	2194	0.0	1082
CH476746.1	sp|P32386|YBT1_YEAST	39.3	1389	752	18	48948	45004	279	1650	6.13e-296	954
CH476746.1	sp|Q6FWS5|YBT1_CANGA	39.2	1386	749	20	48957	45004	277	1636	2.21e-294	949
CH476746.1	sp|P28295|EF1A_ABSGL	93.9	458	28	0	658598	659971	1	458	4.11e-285	872
CH476746.1	sp|P14864|EF1A2_MUCCL	92.4	458	35	0	658598	659971	1	458	5.05e-282	863
CH476746.1	sp|P06805|EF1A1_MUCCL	92.1	458	36	0	658598	659971	1	458	1.74e-281	862
CH476746.1	sp|P14865|EF1A3_MUCCL	92.4	458	34	1	658598	659971	1	457	5.02e-280	857
CH476746.1	sp|O42820|EF1A_SCHCO	88.9	459	50	1	658598	659971	1	459	3.01e-271	832
CH476746.1	sp|P38735|VMR1_YEAST	37.4	1357	771	16	48948	45004	267	1586	4.23e-268	870
CH476746.1	sp|P0CY35|EF1A1_CANAL	86.2	458	63	0	658598	659971	1	458	4.82e-266	817
CH476746.1	sp|Q59QD6|EF1A2_CANAL	86.2	458	63	0	658598	659971	1	458	4.82e-266	817
CH476746.1	sp|A5DPE3|EF1A_PICGU	86.5	458	62	0	658598	659971	1	458	4.82e-266	817
CH476746.1	sp|P0CN31|EF1A_CRYNB	86.7	458	61	0	658598	659971	1	458	9.29e-266	816
CH476746.1	sp|P0CN30|EF1A_CRYNJ	86.7	458	61	0	658598	659971	1	458	9.29e-266	816
CH476746.1	sp|Q9P7X8|RPA2_SCHPO	66.2	610	190	5	1056462	1058249	421	1028	1.92e-265	847
CH476746.1	sp|Q9HDF6|EF1A_SERIN	87.0	461	57	2	658598	659971	1	461	3.58e-265	815
CH476745.1	sp|Q9UTN6|SNF21_SCHPO	53.1	1086	408	14	423328	426534	18	1019	0.0	1018
CH476745.1	sp|O94421|SNF22_SCHPO	55.9	945	358	14	423715	426504	563	1463	6.64e-295	952
CH476745.1	sp|P32597|STH1_YEAST	54.7	921	348	11	423853	426525	192	1073	8.23e-282	902
CH476745.1	sp|P22082|SNF2_YEAST	51.5	951	390	11	423760	426528	467	1374	1.39e-265	867
CH476745.1	sp|Q3TKT4|SMCA4_MOUSE	46.5	1062	373	16	423781	426525	347	1360	2.00e-245	805
CH476745.1	sp|Q8K1P7|SMCA4_RAT	46.5	1062	373	16	423781	426525	347	1360	4.96e-245	804
CH476745.1	sp|A7Z019|SMCA4_BOVIN	46.4	1062	374	16	423781	426525	339	1352	1.02e-244	803
CH476745.1	sp|P51531|SMCA2_HUMAN	46.7	1056	374	15	423781	426525	323	1330	1.39e-243	799
CH476745.1	sp|Q6DIC0|SMCA2_MOUSE	45.0	1127	420	18	423595	426525	259	1335	2.43e-243	798
CH476745.1	sp|P51532|SMCA4_HUMAN	45.2	1093	375	16	423781	426525	347	1393	1.29e-241	795
CH476745.1	sp|Q9UTM4|TCPE_SCHPO	70.5	542	117	2	330730	329105	38	536	3.61e-238	741
CH476745.1	sp|P48643|TCPE_HUMAN	65.4	547	146	2	330730	329090	36	539	3.97e-229	715
CH476745.1	sp|Q4R6V2|TCPE_MACFA	65.4	547	146	2	330730	329090	36	539	3.97e-229	715
CH476745.1	sp|Q68FQ0|TCPE_RAT	66.0	547	143	2	330730	329090	36	539	3.97e-229	715
CH476745.1	sp|P80316|TCPE_MOUSE	65.4	547	146	2	330730	329090	36	539	3.45e-228	712
CH476745.1	sp|Q5RF02|TCPE_PONAB	65.1	547	148	2	330730	329090	36	539	6.39e-228	712
CH476745.1	sp|P47209|TCPE_CAEEL	62.1	541	160	3	330730	329108	37	532	3.25e-212	667
CH476745.1	sp|Q54TD3|TCPE_DICDI	62.0	542	163	2	330730	329105	32	530	6.16e-211	663
CH476745.1	sp|P40412|TCPE1_AVESA	60.6	546	172	2	330730	329093	32	534	6.70e-208	654
CH476745.1	sp|P54411|TCPE2_AVESA	60.6	546	172	2	330730	329093	32	534	1.69e-207	653
CH476745.1	sp|O60055|UTP20_SCHPO	29.1	1613	1045	23	246836	251662	824	2341	9.51e-207	713
CH476745.1	sp|O04450|TCPE_ARATH	59.7	546	177	2	330730	329093	32	534	3.81e-204	643
CH476745.1	sp|P40413|TCPE_YEAST	59.3	550	173	4	330730	329105	49	555	4.46e-194	615
CH476745.1	sp|Q9Y823|HOSM_SCHPO	77.3	344	78	0	366302	365271	60	403	3.91e-175	555
CH476745.1	sp|Q12122|HOSM_YEAST	76.5	344	81	0	366302	365271	62	405	8.67e-175	555
CH476744.1	sp|Q54YZ9|DHKJ_DICDI	67.2	1042	333	3	1228414	1225307	493	1531	0.0	1301
CH476744.1	sp|Q12649|HMDH_PHYB8	54.9	1265	356	23	830068	833490	3	1176	0.0	1176
CH476744.1	sp|O74378|ODO1_SCHPO	64.2	726	251	6	558795	560957	287	1008	1.42e-305	956
CH476744.1	sp|P20967|ODO1_YEAST	61.3	721	274	5	558795	560945	288	1007	2.22e-282	889
CH476744.1	sp|O14023|ELP3_SCHPO	82.8	454	78	0	81014	82375	84	537	1.18e-259	803
CH476744.1	sp|Q6NVL5|ELP3_XENTR	85.0	454	67	1	81014	82375	89	541	2.65e-259	802
CH476744.1	sp|Q5RIC0|ELP3_DANRE	84.1	454	71	1	81014	82375	88	540	6.44e-259	801
CH476744.1	sp|Q9VQZ6|ELP3_DROME	83.7	454	73	1	81014	82375	89	541	9.11e-256	792
CH476744.1	sp|Q5HZM6|ELP3_XENLA	83.3	454	75	1	81014	82375	89	541	1.11e-255	792
CH476744.1	sp|Q5ZHS1|ELP3_CHICK	83.0	454	76	1	81014	82375	86	538	4.65e-255	790
CH476744.1	sp|Q1ZXC6|ELP3_DICDI	81.3	455	84	1	81014	82378	99	552	4.81e-254	788
CH476744.1	sp|Q2KJ61|ELP3_BOVIN	81.9	454	81	1	81014	82375	87	539	1.71e-252	783
CH476744.1	sp|Q9H9T3|ELP3_HUMAN	82.2	454	80	1	81014	82375	87	539	2.33e-252	782
CH476744.1	sp|Q02908|ELP3_YEAST	81.5	455	83	1	81014	82375	96	550	1.58e-251	780
CH476744.1	sp|Q9CZX0|ELP3_MOUSE	80.4	454	88	1	81014	82375	87	539	1.53e-249	774
CH476744.1	sp|Q54JE4|ODO1_DICDI	55.2	730	311	6	558795	560957	284	1006	6.82e-249	793
CH476744.1	sp|Q23651|ELP3_CAEEL	78.9	454	95	1	81014	82375	83	535	6.98e-240	746
CH476744.1	sp|Q7X7L3|ELP3_ORYSJ	78.6	454	96	1	81014	82375	113	565	1.81e-239	746
CH476744.1	sp|Q93ZR1|ELP3_ARATH	79.1	454	94	1	81014	82375	105	557	2.51e-239	746
CH476744.1	sp|Q60LW7|ELP3_CAEBR	78.4	454	97	1	81014	82375	83	535	1.38e-237	740
CH476744.1	sp|Q9ULD0|OGDHL_HUMAN	53.2	728	324	11	558795	560954	281	999	1.14e-234	751
CH476744.1	sp|Q60HE2|ODO1_MACFA	52.2	736	324	13	558795	560960	294	1015	2.01e-233	748
CH476744.1	sp|Q5R9L8|OGDHL_PONAB	53.2	728	324	11	558795	560954	281	999	2.44e-233	748
CH476744.1	sp|Q6P6Z8|ODO1_XENLA	53.0	728	325	11	558795	560954	293	1011	8.72e-233	746
CH476744.1	sp|Q02218|ODO1_HUMAN	52.0	736	325	13	558795	560960	294	1015	1.26e-232	746
CH476743.1	sp|G0SEV9|RLI1_CHATD	71.4	573	161	1	221648	223357	35	607	4.49e-271	839
CH476743.1	sp|Q03195|RLI1_YEAST	73.0	570	148	3	221648	223339	35	604	5.47e-271	839
CH476743.1	sp|P24918|NDUS1_NEUCR	62.0	647	239	4	241932	240004	71	714	3.28e-263	823
CH476743.1	sp|O60102|RLI1_SCHPO	70.9	567	153	3	221648	223339	35	592	9.11e-261	809
CH476743.1	sp|Q9UTJ7|SDHA_SCHPO	65.4	648	167	5	80107	78176	47	641	3.38e-259	806
CH476743.1	sp|Q00711|SDHA_YEAST	62.8	658	169	9	80107	78176	45	640	1.57e-243	761
CH476743.1	sp|P47052|SDHX_YEAST	62.4	652	183	8	80110	78176	38	634	4.46e-241	754
CH476743.1	sp|P15690|NDUS1_BOVIN	59.0	651	255	7	241932	240001	67	712	5.73e-239	752
CH476743.1	sp|P28331|NDUS1_HUMAN	59.4	651	252	7	241932	240001	67	712	2.68e-238	750
CH476743.1	sp|Q0MQG2|NDUS1_PANTR	59.4	651	252	7	241932	240001	67	712	3.64e-238	750
CH476743.1	sp|P0CB68|NDUS1_PONPY	59.4	651	252	7	241932	240001	67	712	3.64e-238	750
CH476743.1	sp|Q4R6K9|NDUS1_MACFA	59.1	651	254	7	241932	240001	67	712	1.25e-237	748
CH476743.1	sp|Q0MQG1|NDUS1_GORGO	59.3	651	253	7	241932	240001	67	712	1.70e-237	748
CH476743.1	sp|P0CB67|NDUS1_PONAB	59.1	651	254	7	241932	240001	67	712	1.08e-236	746
CH476743.1	sp|Q91VD9|NDUS1_MOUSE	59.1	651	254	7	241932	240001	67	712	6.87e-236	743
CH476743.1	sp|Q66HF1|NDUS1_RAT	58.5	653	255	8	241932	240001	67	712	3.78e-234	738
CH476743.1	sp|O82663|SDHA1_ARATH	61.9	654	180	11	80110	78176	41	634	6.82e-231	725
CH476743.1	sp|Q6ZDY8|SDHA_ORYSJ	61.2	654	187	10	80113	78176	36	630	1.29e-229	721
CH476743.1	sp|Q9ZPX5|SDHA2_ARATH	60.9	649	195	8	80110	78176	39	632	1.04e-227	716
CH476743.1	sp|Q7ZVF3|SDHA_DANRE	58.5	670	199	10	80116	78176	48	661	2.99e-225	710
CH476743.1	sp|Q9YHT1|SDHA_CHICK	58.0	669	204	9	80116	78176	52	665	1.93e-221	699
CH476743.1	sp|Q9U3X4|SDHA_DICDI	58.8	650	205	9	80104	78176	33	626	4.21e-221	696
CH476743.1	sp|Q920L2|SDHA_RAT	57.3	670	207	9	80116	78176	43	656	6.58e-221	697
CH476743.1	sp|Q8K2B3|SDHA_MOUSE	57.8	670	204	9	80116	78176	51	664	1.62e-220	696
CH476743.1	sp|Q5R616|SDHA_PONAB	57.5	670	206	10	80116	78176	51	664	1.90e-219	693
CH476742.1	sp|Q02061|RPB2_SCHPO	69.1	1040	281	8	1504110	1507184	111	1125	0.0	1459
CH476742.1	sp|A5DHT2|RPB2_PICGU	65.6	1051	314	8	1504110	1507184	117	1145	0.0	1379
CH476742.1	sp|Q753Q4|RPB2_ASHGO	64.5	1044	323	8	1504110	1507184	120	1134	0.0	1348
CH476742.1	sp|Q6FLD5|RPB2_CANGA	64.3	1042	327	9	1504110	1507184	122	1135	0.0	1344
CH476742.1	sp|P08518|RPB2_YEAST	63.2	1042	337	8	1504110	1507184	124	1136	0.0	1337
CH476742.1	sp|Q42877|RPB2_SOLLC	64.1	1028	314	9	1504110	1507184	121	1096	0.0	1336
CH476742.1	sp|Q54J75|RPB2_DICDI	63.1	1026	321	10	1504110	1507184	119	1087	0.0	1325
CH476742.1	sp|P38420|NRPB2_ARATH	63.3	1028	322	9	1504110	1507184	122	1097	0.0	1319
CH476742.1	sp|Q8CFI7|RPB2_MOUSE	62.2	1033	322	9	1504110	1507184	120	1092	0.0	1291
CH476742.1	sp|P30876|RPB2_HUMAN	62.1	1033	323	9	1504110	1507184	120	1092	0.0	1290
CH476742.1	sp|P08266|RPB2_DROME	61.9	1031	330	10	1504110	1507184	121	1094	0.0	1265
CH476742.1	sp|Q10578|RPB2_CAEEL	62.1	1033	322	9	1504110	1507184	127	1098	0.0	1254
CH476742.1	sp|Q8SR75|RPB2_ENCCU	59.8	1030	359	12	1504119	1507184	78	1060	0.0	1229
CH476742.1	sp|Q01877|HSP71_PUCGR	82.2	597	90	2	549215	547452	59	648	6.57e-301	927
CH476742.1	sp|Q96W30|HSP72_PARBA	79.2	596	116	3	549215	547452	59	654	1.70e-292	903
CH476742.1	sp|O93866|HSP70_TRIRU	80.2	596	110	4	549215	547452	59	654	1.48e-291	900
CH476742.1	sp|Q10265|HSP71_SCHPO	80.4	588	113	1	549215	547452	59	644	6.50e-291	898
CH476742.1	sp|Q01233|HSP70_NEUCR	78.5	596	112	3	549215	547452	59	646	2.41e-290	896
CH476742.1	sp|O59855|HSP72_SCHPO	79.2	597	107	2	549215	547452	59	647	4.64e-290	895
CH476742.1	sp|Q5B2V1|HSP70_EMENI	82.2	567	95	5	549215	547518	59	620	7.70e-290	895
CH476742.1	sp|P53421|HSP71_PICAN	76.6	590	133	3	549215	547452	59	645	6.19e-286	884
CH476742.1	sp|J9VZ70|HSP71_CRYNH	76.9	598	115	3	549215	547452	59	643	1.45e-285	882
CH476742.1	sp|F5HB71|HSP71_CRYNB	77.1	595	116	3	549215	547452	59	640	4.47e-285	881
CH476742.1	sp|Q5KKP4|HSP71_CRYNJ	77.1	595	116	3	549215	547452	59	640	4.47e-285	881
CH476742.1	sp|Q00043|HSP70_AJECA	80.2	595	110	6	549215	547452	59	652	7.67e-285	883
CH476741.1	sp|P38811|TRA1_YEAST	34.2	3720	2064	65	455916	466757	256	3696	0.0	1979
CH476741.1	sp|Q9HFE8|TRA1_SCHPO	33.2	3661	2095	46	455919	466733	275	3641	0.0	1885
CH476741.1	sp|Q10064|YAMB_SCHPO	32.0	3656	2098	46	456003	466757	269	3607	0.0	1816
CH476741.1	sp|Q02061|RPB2_SCHPO	62.6	1188	358	6	1173324	1176830	5	1125	0.0	1454
CH476741.1	sp|Q10233|RPC2_SCHPO	60.6	1232	385	9	923511	919834	25	1161	0.0	1406
CH476741.1	sp|A0A0R4ITC5|TRRAP_DANRE	28.3	3799	2212	91	455979	466709	258	3768	0.0	1375
CH476741.1	sp|A5DHT2|RPB2_PICGU	68.6	985	281	6	1173954	1176830	163	1145	0.0	1367
CH476741.1	sp|Q9Y4A5|TRRAP_HUMAN	27.6	3795	2246	82	456000	466709	270	3786	0.0	1356
CH476741.1	sp|Q753Q4|RPB2_ASHGO	67.5	978	291	7	1173954	1176830	165	1134	0.0	1340
CH476741.1	sp|Q6FLD5|RPB2_CANGA	67.1	979	291	8	1173954	1176830	168	1135	0.0	1334
CH476741.1	sp|P08518|RPB2_YEAST	66.2	976	304	6	1173954	1176830	170	1136	0.0	1327
CH476741.1	sp|Q42877|RPB2_SOLLC	66.7	962	295	6	1173954	1176830	157	1096	0.0	1325
CH476741.1	sp|Q54J75|RPB2_DICDI	57.6	1166	392	9	1173348	1176830	19	1087	0.0	1323
CH476741.1	sp|P38420|NRPB2_ARATH	66.0	962	302	6	1173954	1176830	158	1097	0.0	1311
CH476741.1	sp|A5DI11|EF2_PICGU	75.3	857	194	2	492985	495555	4	842	0.0	1310
CH476741.1	sp|P22276|RPC2_YEAST	58.6	1187	404	10	923382	919834	42	1145	0.0	1303
CH476741.1	sp|Q5A0M4|EF2_CANAL	74.7	857	199	2	492985	495555	4	842	0.0	1297
CH476741.1	sp|Q874B9|EF2_PICPA	73.5	858	209	2	492982	495555	3	842	0.0	1296
CH476741.1	sp|C4YJQ8|EF2_CANAW	74.6	857	200	2	492985	495555	4	842	0.0	1295
CH476741.1	sp|Q6BJ25|EF2_DEBHA	74.1	857	204	2	492985	495555	4	842	0.0	1290
CH476741.1	sp|P32324|EF2_YEAST	73.9	857	206	2	492985	495555	4	842	0.0	1288
CH476741.1	sp|Q8CFI7|RPB2_MOUSE	65.3	965	305	6	1173954	1176830	152	1092	0.0	1287
CH476741.1	sp|P30876|RPB2_HUMAN	65.2	965	306	6	1173954	1176830	152	1092	0.0	1286
CH476741.1	sp|Q875S0|EF2_LACK1	72.9	857	214	2	492985	495555	4	842	0.0	1284
CH476741.1	sp|Q6FYA7|EF2_CANGA	73.3	857	211	2	492985	495555	4	842	0.0	1282
CH476740.1	sp|Q9Y7K2|TOR2_SCHPO	38.9	2587	1273	29	2095320	2087692	10	2333	0.0	1530
CH476740.1	sp|Q86C65|TOR_DICDI	41.2	2216	1090	23	2095203	2088664	42	2079	0.0	1418
CH476740.1	sp|Q54YZ9|DHKJ_DICDI	61.6	1267	437	11	276689	280417	172	1413	0.0	1392
CH476740.1	sp|O14356|TOR1_SCHPO	36.8	2260	1191	18	2095323	2088664	9	2070	0.0	1291
CH476740.1	sp|P32600|TOR2_YEAST	37.0	2239	1212	17	2095203	2088664	114	2212	0.0	1274
CH476740.1	sp|P35169|TOR1_YEAST	36.1	2262	1208	20	2095203	2088664	102	2208	0.0	1259
CH476740.1	sp|P42346|MTOR_RAT	35.7	2345	1277	28	2095320	2088664	32	2271	0.0	1177
CH476740.1	sp|Q9JLN9|MTOR_MOUSE	35.7	2345	1277	28	2095320	2088664	32	2271	0.0	1177
CH476740.1	sp|P42345|MTOR_HUMAN	35.7	2345	1277	28	2095320	2088664	32	2271	0.0	1176
CH476740.1	sp|Q9VK45|TOR_DROME	38.9	1767	930	22	2093790	2088670	514	2190	0.0	1062
CH476740.1	sp|Q0DJS1|TOR_ORYSJ	33.1	2282	1260	32	2095206	2088670	46	2164	1.35e-302	1001
CH476740.1	sp|Q9FR53|TOR_ARATH	33.2	2284	1248	33	2095206	2088670	67	2178	2.33e-300	994
CH476740.1	sp|P28295|EF1A_ABSGL	93.9	458	28	0	122994	121621	1	458	2.64e-284	870
CH476740.1	sp|P14864|EF1A2_MUCCL	92.4	458	35	0	122994	121621	1	458	3.24e-281	862
CH476740.1	sp|P06805|EF1A1_MUCCL	92.1	458	36	0	122994	121621	1	458	1.12e-280	860
CH476740.1	sp|P14865|EF1A3_MUCCL	92.4	458	34	1	122994	121621	1	457	3.22e-279	856
CH476740.1	sp|O42820|EF1A_SCHCO	88.9	459	50	1	122994	121621	1	459	1.93e-270	831
CH476740.1	sp|P0CY35|EF1A1_CANAL	86.2	458	63	0	122994	121621	1	458	3.09e-265	816
CH476740.1	sp|Q59QD6|EF1A2_CANAL	86.2	458	63	0	122994	121621	1	458	3.09e-265	816
CH476740.1	sp|A5DPE3|EF1A_PICGU	86.5	458	62	0	122994	121621	1	458	3.09e-265	816
CH476740.1	sp|P0CN31|EF1A_CRYNB	86.7	458	61	0	122994	121621	1	458	5.96e-265	815
CH476740.1	sp|P0CN30|EF1A_CRYNJ	86.7	458	61	0	122994	121621	1	458	5.96e-265	815
CH476740.1	sp|Q9HDF6|EF1A_SERIN	87.0	461	57	2	122994	121621	1	461	2.30e-264	813
CH476740.1	sp|Q00251|EF1A_AURPU	86.7	460	58	2	122994	121621	1	459	6.16e-263	809
CH476740.1	sp|P41752|EF1A_ASHGO	85.2	458	68	0	122994	121621	1	458	8.34e-261	803
CH476739.1	sp|O93927|FKS1_CRYNH	50.8	1773	738	17	305259	300001	136	1794	0.0	1733
CH476739.1	sp|A2QLK4|FKS1_ASPNC	48.4	1840	781	24	305412	300046	124	1846	0.0	1651
CH476739.1	sp|P40989|FKS2_YEAST	47.2	1796	792	20	305259	300004	166	1848	0.0	1568
CH476739.1	sp|P38631|FKS1_YEAST	47.1	1795	790	22	305259	300010	147	1827	0.0	1550
CH476739.1	sp|Q04952|FKS3_YEAST	43.5	1841	842	29	305277	300025	8	1739	0.0	1413
CH476739.1	sp|Q01877|HSP71_PUCGR	83.1	590	92	1	459161	460906	59	648	6.64e-301	927
CH476739.1	sp|Q10265|HSP71_SCHPO	82.7	554	96	0	459161	460822	59	612	3.54e-291	899
CH476739.1	sp|Q01233|HSP70_NEUCR	80.1	589	109	3	459161	460906	59	646	5.20e-291	899
CH476739.1	sp|Q96W30|HSP72_PARBA	78.8	598	109	3	459161	460906	59	654	6.99e-291	899
CH476739.1	sp|O59855|HSP72_SCHPO	81.9	554	100	0	459161	460822	59	612	1.85e-290	897
CH476739.1	sp|O93866|HSP70_TRIRU	79.5	596	108	3	459161	460906	59	654	4.46e-290	896
CH476739.1	sp|J9VZ70|HSP71_CRYNH	79.2	595	101	4	459161	460906	59	643	3.51e-289	893
CH476739.1	sp|F5HB71|HSP71_CRYNB	80.3	584	111	2	459161	460906	59	640	4.27e-289	893
CH476739.1	sp|Q5KKP4|HSP71_CRYNJ	80.3	584	111	2	459161	460906	59	640	4.27e-289	893
CH476739.1	sp|Q5B2V1|HSP70_EMENI	82.1	565	96	4	459161	460849	59	620	1.25e-288	892
CH476739.1	sp|Q00043|HSP70_AJECA	79.5	595	108	4	459161	460906	59	652	7.74e-285	884
CH476739.1	sp|P46587|HSP72_CANAL	78.4	587	122	2	459161	460906	59	645	1.01e-284	880
CH476739.1	sp|P48720|HSP70_BLAEM	77.7	593	114	4	459161	460906	64	649	1.01e-283	878
CH476739.1	sp|P53421|HSP71_PICAN	77.0	587	130	2	459161	460906	59	645	1.62e-283	877
CH476739.1	sp|P40918|HSP70_DAVTA	77.4	585	129	2	459161	460906	59	643	6.13e-282	872
CH476739.1	sp|P10592|HSP72_YEAST	78.6	584	120	3	459161	460906	59	639	1.16e-280	868
CH476739.1	sp|P10591|HSP71_YEAST	78.9	588	114	4	459161	460906	59	642	6.07e-280	867
CH476739.1	sp|P53623|HSP72_PICAN	76.7	592	121	3	459161	460906	59	643	8.57e-280	866
CH476739.1	sp|P41797|HSP71_CANAL	78.1	598	115	3	459161	460906	59	656	8.83e-279	864
CH476739.1	sp|P09446|HSP1_CAEEL	77.4	583	128	2	459161	460906	61	640	1.68e-278	862
CH476738.1	sp|O14228|PUR4_SCHPO	54.1	1400	555	19	2306269	2302103	1	1323	0.0	1417
CH476738.1	sp|P38972|PUR4_YEAST	54.2	1416	558	26	2306263	2302103	5	1358	0.0	1387
CH476738.1	sp|Q8DF81|PUR4_VIBVU	53.1	1396	549	22	2306269	2302103	1	1297	0.0	1353
CH476738.1	sp|Q3IHZ2|PUR4_PSET1	52.6	1397	553	21	2306269	2302103	1	1296	0.0	1350
CH476738.1	sp|Q15R69|PUR4_PSEA6	52.2	1393	564	21	2306269	2302103	1	1295	0.0	1349
CH476738.1	sp|Q7MN70|PUR4_VIBVY	52.9	1392	549	22	2306269	2302115	1	1293	0.0	1348
CH476738.1	sp|Q87RW0|PUR4_VIBPA	52.9	1402	548	23	2306269	2302103	1	1302	0.0	1345
CH476738.1	sp|Q5QWY0|PUR4_IDILO	52.7	1393	557	22	2306269	2302103	1	1295	0.0	1340
CH476738.1	sp|Q47XX7|PUR4_COLP3	51.6	1408	567	20	2306260	2302103	5	1320	0.0	1335
CH476738.1	sp|Q6D238|PUR4_PECAS	52.1	1396	560	22	2306269	2302103	1	1294	0.0	1331
CH476738.1	sp|Q3KHL4|PUR4_PSEPF	51.6	1398	565	25	2306269	2302106	1	1297	0.0	1329
CH476738.1	sp|Q2SK05|PUR4_HAHCH	52.9	1394	556	24	2306269	2302103	1	1298	0.0	1328
CH476738.1	sp|Q7N1Z4|PUR4_PHOLL	52.0	1397	560	24	2306269	2302103	1	1295	0.0	1328
CH476738.1	sp|Q9HXN2|PUR4_PSEAE	52.8	1394	555	23	2306269	2302106	1	1297	0.0	1327
CH476738.1	sp|Q5E749|PUR4_ALIF1	51.4	1398	575	21	2306269	2302103	1	1303	0.0	1325
CH476738.1	sp|Q4KHS6|PUR4_PSEF5	51.3	1397	571	22	2306269	2302106	1	1297	0.0	1324
CH476738.1	sp|Q9KTN2|PUR4_VIBCH	52.2	1397	560	23	2306269	2302103	1	1297	0.0	1323
CH476738.1	sp|Q4ZX02|PUR4_PSEU2	51.7	1394	570	23	2306269	2302106	1	1297	0.0	1318
CH476738.1	sp|Q6LU24|PUR4_PHOPR	51.8	1417	560	24	2306269	2302103	1	1322	0.0	1318
CH476738.1	sp|Q88P16|PUR4_PSEPK	51.9	1394	569	21	2306269	2302106	1	1298	0.0	1317
CH476738.1	sp|Q886W6|PUR4_PSESM	51.6	1397	567	23	2306269	2302106	1	1297	0.0	1316
CH476738.1	sp|Q0HKU9|PUR4_SHESM	52.0	1395	562	23	2306269	2302103	1	1293	0.0	1314
CH476738.1	sp|Q5PIG8|PUR4_SALPA	51.8	1393	569	25	2306269	2302103	2	1295	0.0	1313
CH476738.1	sp|Q48LX3|PUR4_PSE14	51.6	1394	571	22	2306269	2302106	1	1297	0.0	1313
CH476738.1	sp|P74881|PUR4_SALTY	51.8	1393	568	25	2306269	2302103	2	1295	0.0	1313
CH476737.1	sp|A5DI11|EF2_PICGU	75.4	857	193	2	2025997	2023427	4	842	0.0	1313
CH476737.1	sp|Q5A0M4|EF2_CANAL	75.1	857	195	2	2025997	2023427	4	842	0.0	1304
CH476737.1	sp|C4YJQ8|EF2_CANAW	75.0	857	196	2	2025997	2023427	4	842	0.0	1303
CH476737.1	sp|Q874B9|EF2_PICPA	73.4	858	210	2	2026000	2023427	3	842	0.0	1298
CH476737.1	sp|P32324|EF2_YEAST	74.3	857	202	2	2025997	2023427	4	842	0.0	1295
CH476737.1	sp|Q6BJ25|EF2_DEBHA	74.2	857	203	2	2025997	2023427	4	842	0.0	1293
CH476737.1	sp|Q6FYA7|EF2_CANGA	73.7	857	207	2	2025997	2023427	4	842	0.0	1289
CH476737.1	sp|Q875S0|EF2_LACK1	73.0	857	213	2	2025997	2023427	4	842	0.0	1287
CH476737.1	sp|Q6CPQ9|EF2_KLULA	73.4	857	210	2	2025997	2023427	4	842	0.0	1285
CH476737.1	sp|Q875Z2|EF2_NAUCC	74.1	857	204	2	2025997	2023427	4	842	0.0	1283
CH476737.1	sp|Q754C8|EF2_ASHGO	73.5	857	209	2	2025997	2023427	4	842	0.0	1282
CH476737.1	sp|O14460|EF2_SCHPO	72.1	857	221	2	2025997	2023427	4	842	0.0	1261
CH476737.1	sp|P15398|RPA1_SCHPO	49.4	1456	607	28	551847	547732	119	1528	0.0	1251
CH476737.1	sp|Q96X45|EF2_NEUCR	71.4	860	226	4	2026000	2023427	3	844	0.0	1246
CH476737.1	sp|P29691|EF2_CAEEL	67.0	871	253	5	2026000	2023427	3	852	0.0	1174
CH476737.1	sp|P13060|EF2_DROME	67.6	863	254	5	2026000	2023427	3	844	0.0	1174
CH476737.1	sp|Q3SYU2|EF2_BOVIN	66.7	874	257	4	2026000	2023427	3	858	0.0	1173
CH476737.1	sp|A0SXL6|EF2_CALJA	66.7	874	257	4	2026000	2023427	3	858	0.0	1173
CH476737.1	sp|P58252|EF2_MOUSE	66.5	874	259	4	2026000	2023427	3	858	0.0	1172
CH476737.1	sp|P05197|EF2_RAT	66.5	874	259	4	2026000	2023427	3	858	0.0	1172
CH476737.1	sp|P09445|EF2_CRIGR	66.5	874	259	4	2026000	2023427	3	858	0.0	1170
CH476737.1	sp|P13639|EF2_HUMAN	66.5	874	259	4	2026000	2023427	3	858	0.0	1170
CH476737.1	sp|Q5R8Z3|EF2_PONAB	66.5	874	259	4	2026000	2023427	3	858	0.0	1170
CH476737.1	sp|Q90705|EF2_CHICK	66.6	874	258	4	2026000	2023427	3	858	0.0	1170
CH476737.1	sp|Q1HPK6|EF2_BOMMO	67.3	863	256	5	2026000	2023427	3	844	0.0	1169
CH476736.1	sp|O75533|SF3B1_HUMAN	77.3	948	183	10	2224388	2227162	284	1222	0.0	1321
CH476736.1	sp|Q99NB9|SF3B1_MOUSE	77.3	948	183	10	2224388	2227162	284	1222	0.0	1321
CH476736.1	sp|O57683|SF3B1_XENLA	76.8	953	189	10	2224373	2227162	282	1225	0.0	1315
CH476736.1	sp|Q10178|SF3B1_SCHPO	59.0	1095	397	12	2223905	2227159	70	1122	0.0	1204
CH476736.1	sp|Q6GL04|TERA_XENTR	81.0	652	89	2	3076429	3078384	87	703	0.0	1055
CH476736.1	sp|P55072|TERA_HUMAN	81.0	652	89	2	3076429	3078384	87	703	0.0	1054
CH476736.1	sp|Q01853|TERA_MOUSE	81.0	652	89	2	3076429	3078384	87	703	0.0	1054
CH476736.1	sp|P46462|TERA_RAT	81.0	652	89	2	3076429	3078384	87	703	0.0	1054
CH476736.1	sp|P23787|TERA_XENLA	80.7	652	91	2	3076429	3078384	87	703	0.0	1053
CH476736.1	sp|Q3ZBT1|TERA_BOVIN	80.8	652	90	2	3076429	3078384	87	703	0.0	1052
CH476736.1	sp|O93927|FKS1_CRYNH	56.2	990	366	12	2169544	2166587	756	1681	0.0	1051
CH476736.1	sp|Q7ZU99|TERA_DANRE	80.5	652	92	2	3076429	3078384	87	703	0.0	1051
CH476736.1	sp|P03974|TERA_PIG	80.7	652	91	2	3076429	3078384	87	703	0.0	1051
CH476736.1	sp|A2QLK4|FKS1_ASPNC	55.6	992	376	9	2169568	2166605	811	1742	0.0	1048
CH476736.1	sp|O94489|EF3_SCHPO	53.9	1032	439	15	1884530	1881510	27	1046	0.0	1013
CH476736.1	sp|Q7KN62|TERA_DROME	77.3	652	113	2	3076429	3078384	84	700	0.0	1008
CH476736.1	sp|P54811|TERA1_CAEEL	77.5	653	111	3	3076429	3078384	93	710	0.0	1005
CH476736.1	sp|P54812|TERA2_CAEEL	77.5	652	111	3	3076429	3078384	93	708	0.0	1003
CH476736.1	sp|P0CN33|EFGM_CRYNB	66.7	724	232	4	2014082	2011920	94	811	2.34e-310	962
CH476736.1	sp|P0CN32|EFGM_CRYNJ	66.7	724	232	4	2014082	2011920	94	811	2.34e-310	962
CH476736.1	sp|Q4P257|EFGM_USTMA	65.6	754	223	5	2014082	2011920	91	841	2.13e-308	958
CH476736.1	sp|P38631|FKS1_YEAST	52.8	998	407	8	2169568	2166593	779	1718	1.12e-307	997
CH476736.1	sp|A8PXR7|EFGM_MALGO	63.9	773	202	6	2014085	2011920	31	777	7.10e-307	951
CH476736.1	sp|A8P1W0|EFGM_COPC7	65.5	739	207	5	2014085	2011935	99	811	3.71e-305	947
CH476736.1	sp|P40989|FKS2_YEAST	52.9	998	406	9	2169568	2166593	798	1737	6.86e-304	987
CH476735.1	sp|Q9JHU4|DYHC1_MOUSE	63.5	2425	823	16	1995466	2002677	883	3268	0.0	3117
CH476735.1	sp|Q14204|DYHC1_HUMAN	63.5	2425	824	16	1995466	2002677	885	3270	0.0	3117
CH476735.1	sp|P38650|DYHC1_RAT	63.3	2425	829	16	1995466	2002677	883	3268	0.0	3106
CH476735.1	sp|P37276|DYHC_DROME	63.2	2418	830	18	1995466	2002671	879	3253	0.0	3058
CH476735.1	sp|P45444|DYHC_EMENI	61.8	2407	852	13	1995466	2002674	927	3267	0.0	3006
CH476735.1	sp|P45443|DYHC_NEUCR	61.8	2402	858	13	1995466	2002668	935	3278	0.0	2983
CH476735.1	sp|P78716|DYHC_FUSVN	61.3	2357	848	12	1995466	2002536	941	3232	0.0	2942
CH476735.1	sp|P34036|DYHC_DICDI	57.4	2465	959	22	1995466	2002674	919	3353	0.0	2818
CH476735.1	sp|O93937|PYR1_EMENI	62.6	2289	745	17	1619522	1612761	61	2274	0.0	2761
CH476735.1	sp|Q09794|PYR1_SCHPO	61.4	2303	775	19	1619606	1612758	30	2239	0.0	2734
CH476735.1	sp|P07259|PYR1_YEAST	61.8	2300	755	23	1619564	1612758	6	2212	0.0	2699
CH476735.1	sp|Q19020|DYHC_CAEEL	54.6	2421	1010	21	1995466	2002674	864	3212	0.0	2589
CH476735.1	sp|Q27171|DYHC_PARTE	47.5	2412	1160	20	1995466	2002674	844	3157	0.0	2250
CH476735.1	sp|P20054|PYR1_DICDI	51.0	2315	972	30	1619519	1612758	11	2223	0.0	2171
CH476735.1	sp|Q91437|PYR1_SQUAC	50.7	2338	971	31	1619525	1612761	2	2240	0.0	2148
CH476735.1	sp|P08955|PYR1_MESAU	49.9	2323	994	31	1619525	1612761	2	2223	0.0	2088
CH476735.1	sp|P27708|PYR1_HUMAN	49.7	2323	999	30	1619525	1612761	2	2223	0.0	2086
CH476735.1	sp|B2RQC6|PYR1_MOUSE	49.9	2327	988	30	1619525	1612761	2	2223	0.0	2083
CH476735.1	sp|P05990|PYR1_DROME	48.9	2324	1011	35	1619531	1612761	4	2218	0.0	2039
CH476735.1	sp|Q8IBG1|DYHC1_PLAF7	41.5	2610	1261	28	1995469	2002668	910	3466	0.0	1975
CH476735.1	sp|Q18990|PYR1_CAEEL	47.4	2324	1021	36	1619525	1612761	3	2194	0.0	1939
CH476735.1	sp|Q9C1M7|DYHC_ASHGO	37.5	2320	1337	25	1995748	2002674	862	3079	0.0	1568
CH476735.1	sp|P55811|LEUC_RHINI	96.3	750	28	0	402301	400052	1	750	0.0	1444
CH476735.1	sp|P36022|DYHC_YEAST	33.2	2260	1394	26	1995925	2002668	927	3083	0.0	1316
CH476735.1	sp|P55251|LEUC_RHIPU	76.0	757	173	4	402301	400052	1	755	0.0	1181
CH476734.1	sp|O93927|FKS1_CRYNH	50.4	1595	675	27	467279	462672	137	1674	0.0	1491
CH476734.1	sp|A2QLK4|FKS1_ASPNC	48.0	1612	712	24	467279	462672	181	1741	0.0	1383
CH476734.1	sp|P40989|FKS2_YEAST	47.2	1619	725	28	467279	462663	167	1735	0.0	1357
CH476734.1	sp|P38631|FKS1_YEAST	46.9	1617	727	28	467279	462672	148	1713	0.0	1333
CH476734.1	sp|Q04952|FKS3_YEAST	43.4	1687	749	34	467279	462639	15	1635	0.0	1238
CH476734.1	sp|A6ZMR9|HFA1_YEAS7	41.0	1475	817	27	2033513	2037889	802	2239	2.77e-316	1036
CH476734.1	sp|P32874|HFA1_YEAST	41.1	1474	817	26	2033513	2037889	802	2239	3.74e-316	1035
CH476734.1	sp|C8ZF72|HFA1_YEAS8	41.0	1474	819	26	2033513	2037889	802	2239	1.69e-315	1033
CH476734.1	sp|C7GRE4|HFA1_YEAS2	41.3	1440	797	25	2033513	2037784	802	2209	1.40e-314	1031
CH476734.1	sp|B3LM95|HFA1_YEAS1	40.7	1475	821	27	2033513	2037889	802	2239	3.45e-314	1030
CH476734.1	sp|Q8J0I4|MET3_MUCCL	89.2	528	40	1	225140	226723	64	574	5.95e-302	927
CH476734.1	sp|P06738|PHSG_YEAST	53.0	908	374	15	1383950	1381320	17	902	1.29e-298	932
CH476734.1	sp|Q00766|PHS1_DICDI	54.7	814	363	6	1383755	1381314	39	846	9.72e-292	910
CH476734.1	sp|O94335|STT3_SCHPO	59.3	696	281	1	2581165	2579084	52	747	1.54e-270	845
CH476734.1	sp|Q5F3X4|U5S1_CHICK	46.4	1031	421	10	396735	399779	53	967	5.99e-269	850
CH476734.1	sp|O08810|U5S1_MOUSE	46.2	1031	423	10	396735	399779	52	966	1.98e-268	848
CH476734.1	sp|Q15029|U5S1_HUMAN	46.2	1031	423	10	396735	399779	53	967	2.79e-268	848
CH476734.1	sp|P34114|PHS2_DICDI	51.7	812	377	7	1383752	1381326	110	909	1.94e-267	847
CH476734.1	sp|Q5R6E0|U5S1_PONAB	46.1	1031	424	10	396735	399779	53	967	2.40e-267	845
CH476734.1	sp|A4FUD3|U5S1_BOVIN	46.1	1031	424	10	396735	399779	53	967	3.26e-267	845
CH476734.1	sp|P39007|STT3_YEAST	60.2	678	239	4	2581165	2579144	44	694	5.84e-262	819
CH476734.1	sp|Q9UT19|METE_SCHPO	53.2	771	351	6	1884852	1882546	1	763	3.62e-258	810
CH476734.1	sp|E2RG47|STT3B_CANLF	59.4	677	264	3	2581165	2579168	100	776	3.81e-254	801
CH476734.1	sp|Q8TCJ2|STT3B_HUMAN	59.4	677	264	3	2581165	2579168	100	776	5.18e-254	801
CH476734.1	sp|P13228|TRP_NEUCR	62.0	640	232	5	2315466	2317358	71	708	3.85e-253	793
CH476733.1	sp|P38811|TRA1_YEAST	36.7	2964	1613	46	1704219	1695589	388	3177	0.0	1719
CH476733.1	sp|Q54YZ9|DHKJ_DICDI	60.1	1594	560	13	196816	192098	309	1847	0.0	1697
CH476733.1	sp|Q9HFE8|TRA1_SCHPO	34.0	3146	1709	50	1704228	1694944	399	3216	0.0	1586
CH476733.1	sp|Q10064|YAMB_SCHPO	33.6	3138	1700	49	1704219	1694944	369	3168	0.0	1579
CH476733.1	sp|Q9Y4A5|TRRAP_HUMAN	30.2	3085	1757	72	1704219	1695601	372	3271	0.0	1249
CH476733.1	sp|A0A0R4ITC5|TRRAP_DANRE	30.5	3052	1755	70	1704219	1695601	372	3235	0.0	1245
CH476733.1	sp|Q8I8U7|TRA1_DROME	29.8	3037	1737	80	1704219	1695601	365	3169	0.0	1161
CH476733.1	sp|Q5A599|NIK1_CANAL	55.5	997	367	13	194989	192047	72	1007	3.44e-314	986
CH476733.1	sp|O94489|EF3_SCHPO	51.6	1069	465	15	2722181	2719044	8	1047	6.93e-310	972
CH476733.1	sp|Q9HEH1|RENT1_NEUCR	55.4	905	309	4	2763389	2766094	94	906	9.95e-306	962
CH476733.1	sp|Q9EPU0|RENT1_MOUSE	47.9	1111	410	14	2763155	2766358	7	991	2.12e-299	945
CH476733.1	sp|Q92900|RENT1_HUMAN	47.8	1116	408	14	2763155	2766358	7	996	2.51e-299	945
CH476733.1	sp|O93796|EF3_CANGA	51.3	1007	443	14	2722118	2719158	26	1005	2.38e-295	930
CH476733.1	sp|Q75EV6|EF3_ASHGO	50.4	1033	452	16	2722160	2719140	13	1011	7.94e-293	922
CH476733.1	sp|P53978|EF3B_YEAST	49.3	1060	488	16	2722160	2719044	13	1044	8.00e-291	917
CH476733.1	sp|Q9FJR0|RENT1_ARATH	51.3	1040	347	15	2763137	2766091	5	940	2.39e-290	924
CH476733.1	sp|P16521|EF3A_YEAST	50.0	1020	464	15	2722160	2719158	13	1005	6.89e-290	914
CH476733.1	sp|P25997|EF3_CANAL	49.5	1028	476	13	2722178	2719158	6	1011	7.27e-289	911
CH476733.1	sp|O14134|ELF1_SCHPO	49.8	998	483	10	2850939	2847979	5	995	1.47e-285	902
CH476733.1	sp|Q09820|RENT1_SCHPO	51.1	942	356	6	2763392	2766193	36	880	1.92e-284	893
CH476733.1	sp|Q98TR3|RENT1_TAKRU	47.5	1086	424	17	2763155	2766358	7	964	4.16e-281	891
CH476733.1	sp|P29551|EF3_PNECA	49.5	1008	469	12	2722013	2719047	56	1042	7.86e-277	876
CH476733.1	sp|Q9VYS3|RENT1_DROME	49.8	973	379	11	2763194	2766085	26	898	2.50e-276	880
CH476733.1	sp|O14139|HRP3_SCHPO	42.0	1331	639	24	424740	420886	145	1388	6.75e-276	887
CH476733.1	sp|P32568|SNQ2_YEAST	37.8	1364	796	19	1963609	1959596	139	1475	1.07e-265	862
CH476732.1	sp|Q6P2Q9|PRP8_HUMAN	85.3	2238	319	4	2695772	2702479	52	2282	0.0	4010
CH476732.1	sp|Q99PV0|PRP8_MOUSE	85.3	2238	320	4	2695772	2702479	52	2282	0.0	4010
CH476732.1	sp|Q9SSD2|PRP8A_ARATH	82.0	2238	394	4	2695772	2702479	76	2306	0.0	3892
CH476732.1	sp|P34369|PRP8_CAEEL	82.1	2240	392	5	2695772	2702479	42	2275	0.0	3877
CH476732.1	sp|Q9T0I6|PRP8B_ARATH	80.4	2238	433	3	2695772	2702479	74	2308	0.0	3803
CH476732.1	sp|Q8T295|PRP8_DICDI	77.9	2239	485	8	2695772	2702479	39	2270	0.0	3655
CH476732.1	sp|O14187|SPP42_SCHPO	76.1	2246	518	11	2695772	2702479	73	2310	0.0	3548
CH476732.1	sp|P33334|PRP8_YEAST	64.0	2250	770	16	2695790	2702479	131	2360	0.0	2970
CH476732.1	sp|O75643|U520_HUMAN	57.2	2202	868	16	5666116	5659535	1	2136	0.0	2500
CH476732.1	sp|Q6P4T2|U520_MOUSE	57.2	2202	869	16	5666116	5659535	1	2136	0.0	2498
CH476732.1	sp|F1LNJ2|U520_RAT	57.1	2205	870	17	5666116	5659535	1	2139	0.0	2492
CH476732.1	sp|Q9C102|GLT1_SCHPO	65.2	1827	601	8	2737873	2743314	304	2109	0.0	2427
CH476732.1	sp|Q9VUV9|U520_DROME	55.6	2210	898	18	5666116	5659529	1	2141	0.0	2417
CH476732.1	sp|O48534|DEXHD_ARATH	53.5	2209	961	26	5666113	5659541	9	2168	0.0	2223
CH476732.1	sp|Q12680|GLT1_YEAST	58.6	1870	688	18	2737873	2743308	292	2133	0.0	2123
CH476732.1	sp|Q9U2G0|U520_CAEEL	50.8	2214	1008	21	5666116	5659511	1	2145	0.0	2122
CH476732.1	sp|Q9LV03|GLUT1_ARATH	57.2	1849	714	20	2737873	2743254	354	2180	0.0	2078
CH476732.1	sp|Q0JKD0|GLT1_ORYSJ	57.9	1839	707	19	2737873	2743272	337	2146	0.0	2068
CH476732.1	sp|Q03460|GLSN_MEDSA	56.7	1854	728	17	2737873	2743278	336	2167	0.0	2068
CH476732.1	sp|Q0DG35|GLT2_ORYSJ	56.9	1871	732	20	2737873	2743341	344	2187	0.0	2051
CH476732.1	sp|Q55CI8|HELCL_DICDI	50.2	2247	1020	28	5666116	5659574	1	2213	0.0	2013
CH476732.1	sp|Q869L3|MDN1_DICDI	43.4	2550	1145	43	4664920	4671780	223	2737	0.0	1949
CH476732.1	sp|Q12019|MDN1_YEAST	47.2	2127	988	27	4664815	4670973	215	2280	0.0	1827
CH476732.1	sp|O94248|MDN1_SCHPO	47.5	2054	931	33	4665022	4670982	132	2105	0.0	1729
CH476732.1	sp|Q9NU22|MDN1_HUMAN	43.6	2326	1124	49	4664812	4671426	211	2470	0.0	1716
GG669563.1	sp|P03934|TC1A_CAEEL	37.2	226	134	5	1029	1703	53	271	6.25e-41	155
GG669563.1	sp|P35072|TCB1_CAEBR	37.2	226	134	5	1029	1703	53	271	2.90e-40	154
GG669563.1	sp|Q04202|TCB2_CAEBR	34.2	231	134	5	1029	1703	53	271	7.29e-38	147
GG669561.1	sp|P35072|TCB1_CAEBR	39.3	163	91	5	2715	2230	118	273	5.57e-27	115
GG669561.1	sp|P03934|TC1A_CAEEL	37.8	164	92	5	2715	2230	118	273	8.65e-26	112
GG669561.1	sp|Q04202|TCB2_CAEBR	36.1	166	94	6	2718	2230	117	273	4.30e-22	101
GG669560.1	sp|Q04202|TCB2_CAEBR	27.6	203	139	3	1994	1386	79	273	5.55e-20	95.5
GG669560.1	sp|P35072|TCB1_CAEBR	40.2	92	52	1	51	326	180	268	5.67e-14	77.8
GG669560.1	sp|P03934|TC1A_CAEEL	38.6	101	51	2	51	341	180	273	1.03e-13	77.0
GG669558.1	sp|P0CT41|TF212_SCHPO	25.6	870	552	25	3526	1124	393	1236	6.85e-69	260
GG669558.1	sp|P0CT34|TF21_SCHPO	25.6	870	552	25	3526	1124	393	1236	6.85e-69	260
GG669558.1	sp|P0CT35|TF22_SCHPO	25.6	870	552	25	3526	1124	393	1236	6.85e-69	260
GG669558.1	sp|P0CT36|TF23_SCHPO	25.6	870	552	25	3526	1124	393	1236	6.85e-69	260
GG669558.1	sp|P0CT37|TF24_SCHPO	25.6	870	552	25	3526	1124	393	1236	6.85e-69	260
GG669558.1	sp|P0CT38|TF25_SCHPO	25.6	870	552	25	3526	1124	393	1236	6.85e-69	260
GG669558.1	sp|P0CT39|TF26_SCHPO	25.6	870	552	25	3526	1124	393	1236	6.85e-69	260
GG669558.1	sp|P0CT40|TF29_SCHPO	25.6	870	552	25	3526	1124	393	1236	6.85e-69	260
GG669558.1	sp|Q9UR07|TF211_SCHPO	25.5	870	553	25	3526	1124	393	1236	2.09e-68	258
GG669558.1	sp|P0CT42|TF27_SCHPO	25.5	870	553	25	3526	1124	393	1236	2.09e-68	258
GG669558.1	sp|P0CT43|TF28_SCHPO	25.5	870	553	25	3526	1124	393	1236	2.09e-68	258
GG669558.1	sp|P04323|POL3_DROME	32.4	490	314	9	3508	2063	200	680	5.49e-68	254
GG669558.1	sp|Q89703|POL_CSVMV	25.2	424	286	15	3424	2219	223	637	4.11e-20	100
GG669558.1	sp|Q6DGD3|SV91A_DANRE	39.6	53	30	1	1075	923	27	79	4.77e-04	48.5
GG669556.1	sp|P35072|TCB1_CAEBR	36.8	228	136	5	727	1407	53	273	8.50e-39	150
GG669556.1	sp|P03934|TC1A_CAEEL	37.7	228	134	5	727	1407	53	273	1.16e-38	149
GG669556.1	sp|Q04202|TCB2_CAEBR	35.5	231	135	5	727	1407	53	273	1.57e-38	149
GG669554.1	sp|P04323|POL3_DROME	33.8	447	284	7	3944	2610	201	637	8.42e-70	260
GG669554.1	sp|P0CT41|TF212_SCHPO	29.8	638	384	20	3968	2211	392	1017	5.59e-68	257
GG669554.1	sp|P0CT34|TF21_SCHPO	29.8	638	384	20	3968	2211	392	1017	5.59e-68	257
GG669554.1	sp|P0CT35|TF22_SCHPO	29.8	638	384	20	3968	2211	392	1017	5.59e-68	257
GG669554.1	sp|P0CT36|TF23_SCHPO	29.8	638	384	20	3968	2211	392	1017	5.59e-68	257
GG669554.1	sp|P0CT37|TF24_SCHPO	29.8	638	384	20	3968	2211	392	1017	5.59e-68	257
GG669554.1	sp|P0CT38|TF25_SCHPO	29.8	638	384	20	3968	2211	392	1017	5.59e-68	257
GG669554.1	sp|P0CT39|TF26_SCHPO	29.8	638	384	20	3968	2211	392	1017	5.59e-68	257
GG669554.1	sp|P0CT40|TF29_SCHPO	29.8	638	384	20	3968	2211	392	1017	5.59e-68	257
GG669554.1	sp|Q9UR07|TF211_SCHPO	29.8	638	384	20	3968	2211	392	1017	9.74e-68	256
GG669554.1	sp|P0CT42|TF27_SCHPO	29.8	638	384	20	3968	2211	392	1017	9.74e-68	256
GG669554.1	sp|P0CT43|TF28_SCHPO	29.8	638	384	20	3968	2211	392	1017	9.74e-68	256
GG669554.1	sp|Q7LHG5|YI31B_YEAST	29.2	590	354	13	3908	2286	627	1201	3.80e-62	239
GG669554.1	sp|Q99315|YG31B_YEAST	29.2	590	354	13	3908	2286	601	1175	4.14e-62	239
GG669554.1	sp|P10394|POL4_DROME	30.4	471	313	6	4034	2652	270	735	2.63e-54	213
GG669554.1	sp|P03934|TC1A_CAEEL	37.6	242	141	5	1564	842	41	273	1.43e-45	169
GG669554.1	sp|Q04202|TCB2_CAEBR	36.4	242	144	5	1564	842	41	273	1.07e-41	158
GG669554.1	sp|Q91DM0|POLG_PVCV1	28.9	502	323	14	4019	2568	1345	1830	1.43e-41	172
GG669554.1	sp|Q6XKE6|POLG_PVCV2	29.9	452	292	12	3896	2568	1396	1831	1.88e-41	172
GG669554.1	sp|P35072|TCB1_CAEBR	35.7	241	147	4	1564	842	41	273	9.17e-41	155
GG669554.1	sp|P27502|POL_RTBVP	28.6	357	240	7	3689	2655	1259	1612	2.18e-28	129
GG669554.1	sp|Q89703|POL_CSVMV	24.0	454	313	16	3932	2640	198	642	2.48e-23	111
GG669554.1	sp|O93209|POL_FFV	22.7	419	305	7	3926	2691	158	564	1.12e-17	94.0
GG669554.1	sp|P19199|POL_COYMV	23.4	381	271	10	3749	2652	1464	1838	3.44e-16	89.4
GG669553.1	sp|P20825|POL2_DROME	41.3	448	249	6	1334	12	144	584	6.66e-96	340
GG669553.1	sp|P04323|POL3_DROME	40.4	426	241	4	1277	18	165	583	1.65e-89	320
GG669553.1	sp|P10394|POL4_DROME	38.0	424	255	3	1256	3	278	699	1.77e-83	305
GG669553.1	sp|Q8I7P9|POL5_DROME	39.5	435	242	8	1253	3	88	519	2.41e-82	298
GG669553.1	sp|P10401|POLY_DROME	38.0	432	243	7	1265	27	142	567	1.28e-80	293
GG669553.1	sp|Q7LHG5|YI31B_YEAST	38.1	391	237	3	1181	12	610	996	1.74e-73	276
GG669553.1	sp|Q99315|YG31B_YEAST	37.9	391	238	3	1181	12	584	970	4.62e-73	275
GG669553.1	sp|P92523|M860_ARATH	36.7	147	88	3	638	204	3	146	4.96e-23	100
GG669551.1	sp|Q7LHG5|YI31B_YEAST	27.7	758	485	18	1609	3750	614	1352	1.46e-70	266
GG669551.1	sp|P0CT41|TF212_SCHPO	24.8	1042	675	37	1147	4110	269	1255	4.14e-70	264
GG669551.1	sp|P0CT34|TF21_SCHPO	24.8	1042	675	37	1147	4110	269	1255	4.14e-70	264
GG669551.1	sp|P0CT35|TF22_SCHPO	24.8	1042	675	37	1147	4110	269	1255	4.14e-70	264
GG669551.1	sp|P0CT36|TF23_SCHPO	24.8	1042	675	37	1147	4110	269	1255	4.14e-70	264
GG669551.1	sp|P0CT37|TF24_SCHPO	24.8	1042	675	37	1147	4110	269	1255	4.14e-70	264
GG669551.1	sp|P0CT38|TF25_SCHPO	24.8	1042	675	37	1147	4110	269	1255	4.14e-70	264
GG669551.1	sp|P0CT39|TF26_SCHPO	24.8	1042	675	37	1147	4110	269	1255	4.14e-70	264
GG669551.1	sp|P0CT40|TF29_SCHPO	24.8	1042	675	37	1147	4110	269	1255	4.14e-70	264
GG669551.1	sp|Q99315|YG31B_YEAST	27.7	758	485	18	1609	3750	588	1326	6.59e-70	265
GG669551.1	sp|P0CT42|TF27_SCHPO	24.7	1042	676	37	1147	4110	269	1255	1.67e-69	262
GG669551.1	sp|P0CT43|TF28_SCHPO	24.7	1042	676	37	1147	4110	269	1255	1.67e-69	262
GG669551.1	sp|Q9UR07|TF211_SCHPO	24.7	1042	676	37	1147	4110	269	1255	2.20e-69	262
GG669551.1	sp|Q8I7P9|POL5_DROME	31.0	464	298	10	1609	2958	116	571	4.81e-60	229
GG669551.1	sp|P23074|POL_SFV1	26.9	360	234	9	1639	2694	165	503	3.07e-26	122
GG669551.1	sp|P27401|POL_SFV3L	27.3	363	235	9	1639	2703	165	506	3.51e-25	118
GG669551.1	sp|O93209|POL_FFV	26.0	377	244	11	1606	2703	151	503	1.05e-22	110
GG669551.1	sp|Q09575|YRD6_CAEEL	27.5	269	178	9	1582	2379	425	679	6.34e-17	91.7
GG669551.1	sp|Q7SQ98|POL_ALV	26.7	337	208	14	1645	2604	23	337	1.57e-06	57.4
GG669551.1	sp|P03354|POL_RSVP	26.7	337	208	14	1645	2604	731	1045	1.81e-06	57.4
GG669551.1	sp|Q04095|POL_RSVSA	26.7	337	208	14	1645	2604	731	1045	1.81e-06	57.4
GG669551.1	sp|O92956|POL_RSVSB	26.5	336	210	14	1645	2604	731	1045	2.37e-06	57.0
GG669550.1	sp|P03934|TC1A_CAEEL	36.3	215	128	5	4773	5411	15	222	3.79e-31	128
GG669550.1	sp|Q04202|TCB2_CAEBR	33.2	238	129	6	4770	5453	24	241	1.75e-30	126
GG669550.1	sp|P35072|TCB1_CAEBR	38.1	176	103	3	4884	5411	53	222	7.86e-28	118
GG669547.1	sp|Q91DM0|POLG_PVCV1	28.1	384	253	10	1830	2963	1438	1804	2.02e-33	146
GG669547.1	sp|Q6XKE6|POLG_PVCV2	28.1	384	253	10	1830	2963	1439	1805	2.02e-33	146
GG669547.1	sp|Q6DGD3|SV91A_DANRE	33.3	63	40	1	4352	4170	27	89	7.63e-04	48.1
GG669545.1	sp|Q7LHG5|YI31B_YEAST	28.0	820	487	20	2354	4558	551	1352	3.58e-80	298
GG669545.1	sp|Q99315|YG31B_YEAST	27.9	820	488	20	2354	4558	525	1326	2.33e-79	295
GG669545.1	sp|P0CT41|TF212_SCHPO	26.3	901	566	29	2495	4987	411	1283	9.13e-79	292
GG669545.1	sp|P0CT34|TF21_SCHPO	26.3	901	566	29	2495	4987	411	1283	9.13e-79	292
GG669545.1	sp|P0CT35|TF22_SCHPO	26.3	901	566	29	2495	4987	411	1283	9.13e-79	292
GG669545.1	sp|P0CT36|TF23_SCHPO	26.3	901	566	29	2495	4987	411	1283	9.13e-79	292
GG669545.1	sp|P0CT37|TF24_SCHPO	26.3	901	566	29	2495	4987	411	1283	9.13e-79	292
GG669545.1	sp|P0CT38|TF25_SCHPO	26.3	901	566	29	2495	4987	411	1283	9.13e-79	292
GG669545.1	sp|P0CT39|TF26_SCHPO	26.3	901	566	29	2495	4987	411	1283	9.13e-79	292
GG669545.1	sp|P0CT40|TF29_SCHPO	26.3	901	566	29	2495	4987	411	1283	9.13e-79	292
GG669545.1	sp|Q9UR07|TF211_SCHPO	26.2	901	567	29	2495	4987	411	1283	2.82e-78	290
GG669545.1	sp|P0CT42|TF27_SCHPO	26.2	901	567	29	2495	4987	411	1283	2.82e-78	290
GG669545.1	sp|P0CT43|TF28_SCHPO	26.2	901	567	29	2495	4987	411	1283	2.82e-78	290
GG669545.1	sp|P04323|POL3_DROME	34.9	433	263	8	2582	3844	240	665	1.15e-68	257
GG669545.1	sp|P03934|TC1A_CAEEL	39.5	233	123	6	6172	5492	53	273	1.10e-46	173
GG669545.1	sp|P35072|TCB1_CAEBR	37.9	227	135	5	6172	5492	53	273	1.52e-44	167
GG669545.1	sp|Q04202|TCB2_CAEBR	34.8	273	155	6	6298	5492	20	273	3.28e-43	163
GG669545.1	sp|Q91DM0|POLG_PVCV1	29.7	374	249	7	2690	3787	1452	1819	6.35e-40	167
GG669545.1	sp|Q6XKE6|POLG_PVCV2	29.7	374	249	7	2690	3787	1453	1820	6.36e-40	167
GG669545.1	sp|P34257|TC3A_CAEEL	31.6	266	166	9	6283	5492	78	329	1.85e-29	125
GG669545.1	sp|Q89703|POL_CSVMV	25.1	363	253	10	2702	3742	278	637	8.82e-26	119
GG669545.1	sp|P19199|POL_COYMV	25.0	372	263	10	2669	3745	1470	1838	1.34e-19	100
GG669545.1	sp|O93209|POL_FFV	22.7	427	308	8	2453	3706	151	564	4.19e-19	99.0
GG669545.1	sp|P31843|RRPO_OENBE	34.4	125	76	3	2651	3010	7	130	3.78e-16	80.9
GG669542.1	sp|P03934|TC1A_CAEEL	37.2	266	158	6	6239	7030	15	273	1.31e-47	176
GG669542.1	sp|P35072|TCB1_CAEBR	35.6	278	166	7	6215	7030	3	273	8.30e-47	173
GG669542.1	sp|Q04202|TCB2_CAEBR	37.6	229	133	5	6350	7030	53	273	4.56e-43	162
GG669542.1	sp|Q7LHG5|YI31B_YEAST	41.4	157	92	0	5116	5586	610	766	4.70e-30	135
GG669542.1	sp|Q99315|YG31B_YEAST	41.4	157	92	0	5116	5586	584	740	4.80e-30	135
GG669542.1	sp|P10394|POL4_DROME	38.0	187	109	3	5035	5577	276	461	6.91e-30	134
GG669542.1	sp|Q8I7P9|POL5_DROME	45.8	142	72	2	5200	5610	139	280	5.51e-28	127
GG669542.1	sp|P10401|POLY_DROME	34.8	201	124	2	5026	5610	140	339	2.98e-25	119
GG669542.1	sp|P92523|M860_ARATH	42.9	126	69	2	7290	7661	1	125	3.81e-24	104
GG669542.1	sp|P04323|POL3_DROME	42.4	144	79	2	7242	7661	360	503	6.03e-24	114
GG669542.1	sp|P20825|POL2_DROME	43.4	145	76	3	7242	7661	359	502	6.03e-24	114
GG669542.1	sp|P19199|POL_COYMV	31.5	178	104	3	5083	5580	1384	1555	3.49e-18	96.3
GG669540.1	sp|P35072|TCB1_CAEBR	38.9	229	132	5	5257	5940	52	273	7.54e-46	171
GG669540.1	sp|P03934|TC1A_CAEEL	39.0	228	133	5	5257	5940	52	273	1.41e-43	164
GG669540.1	sp|Q04202|TCB2_CAEBR	35.9	248	151	5	5200	5940	33	273	1.21e-42	161
GG669540.1	sp|P34257|TC3A_CAEEL	32.6	273	170	8	5125	5940	70	329	7.13e-31	129
GG669539.1	sp|P0CT41|TF212_SCHPO	25.7	801	512	21	12	2222	455	1236	4.29e-65	249
GG669539.1	sp|P0CT34|TF21_SCHPO	25.7	801	512	21	12	2222	455	1236	4.29e-65	249
GG669539.1	sp|P0CT35|TF22_SCHPO	25.7	801	512	21	12	2222	455	1236	4.29e-65	249
GG669539.1	sp|P0CT36|TF23_SCHPO	25.7	801	512	21	12	2222	455	1236	4.29e-65	249
GG669539.1	sp|P0CT37|TF24_SCHPO	25.7	801	512	21	12	2222	455	1236	4.29e-65	249
GG669539.1	sp|P0CT38|TF25_SCHPO	25.7	801	512	21	12	2222	455	1236	4.29e-65	249
GG669539.1	sp|P0CT39|TF26_SCHPO	25.7	801	512	21	12	2222	455	1236	4.29e-65	249
GG669539.1	sp|P0CT40|TF29_SCHPO	25.7	801	512	21	12	2222	455	1236	4.29e-65	249
GG669539.1	sp|Q9UR07|TF211_SCHPO	25.6	801	513	21	12	2222	455	1236	1.30e-64	247
GG669539.1	sp|P0CT42|TF27_SCHPO	25.6	801	513	21	12	2222	455	1236	1.30e-64	247
GG669539.1	sp|P0CT43|TF28_SCHPO	25.6	801	513	21	12	2222	455	1236	1.30e-64	247
GG669539.1	sp|P04323|POL3_DROME	32.1	427	278	5	24	1283	259	680	2.01e-60	232
GG669539.1	sp|Q04202|TCB2_CAEBR	36.7	177	104	4	4232	4762	105	273	2.46e-25	111
GG669539.1	sp|Q89703|POL_CSVMV	26.0	389	260	13	21	1127	257	637	4.87e-20	101
GG669539.1	sp|P03934|TC1A_CAEEL	50.0	46	23	0	3413	3550	53	98	1.30e-06	56.2
GG669539.1	sp|P35072|TCB1_CAEBR	40.8	49	29	0	3413	3559	53	101	7.48e-05	50.8
GG669539.1	sp|Q6DGD3|SV91A_DANRE	39.6	53	30	1	2271	2423	27	79	7.11e-04	48.5
GG669538.1	sp|Q8J0Q0|MNS1_CANAX	45.0	449	174	12	2021	3337	39	424	1.46e-95	325
GG669538.1	sp|Q9P7C3|MNS1_SCHPO	40.7	481	199	14	1958	3337	17	432	1.16e-90	309
GG669538.1	sp|B2GUY0|MA1B1_RAT	41.2	444	184	9	2015	3337	206	575	1.29e-87	305
GG669538.1	sp|Q9UKM7|MA1B1_HUMAN	41.1	445	181	10	2018	3337	249	617	1.96e-87	306
GG669538.1	sp|A2AJ15|MA1B1_MOUSE	40.8	444	186	9	2015	3337	207	576	2.74e-86	301
GG669538.1	sp|P32906|MNS1_YEAST	40.0	477	190	16	2015	3337	37	453	5.20e-85	294
GG669538.1	sp|Q93Y37|MNS3_ARATH	39.3	483	198	13	1997	3337	121	544	8.31e-80	281
GG669538.1	sp|Q8H116|MNS2_ARATH	37.9	451	197	13	2000	3337	92	464	3.38e-72	257
GG669538.1	sp|Q9C512|MNS1_ARATH	37.0	454	201	12	1994	3337	89	463	2.85e-71	254
GG669538.1	sp|P38702|LEU5_YEAST	39.3	328	130	7	4013	4927	71	352	1.66e-60	216
GG669538.1	sp|P53624|MA1A1_DROME	32.8	454	222	12	2000	3337	194	572	2.01e-55	210
GG669538.1	sp|O18498|MA1A1_SPOFR	31.6	443	222	11	2030	3337	201	569	2.02e-51	198
GG669538.1	sp|O13805|YE08_SCHPO	36.5	315	135	7	4031	4936	61	323	1.97e-49	183
GG669538.1	sp|O60476|MA1A2_HUMAN	32.4	367	175	8	1994	3073	172	472	1.26e-46	183
GG669538.1	sp|P33908|MA1A1_HUMAN	32.7	422	189	13	1886	3073	134	486	2.70e-46	182
GG669538.1	sp|Q18788|MAN12_CAEEL	31.0	406	203	9	2018	3211	139	475	1.44e-45	179
GG669538.1	sp|P39098|MA1A2_MOUSE	32.2	367	176	8	1994	3073	172	472	3.18e-45	179
GG669538.1	sp|O02773|MA1A1_PIG	31.3	415	196	12	1886	3079	152	494	9.86e-45	178
GG669538.1	sp|Q01888|GDC_BOVIN	33.3	309	155	6	4022	4942	70	329	6.13e-42	161
GG669538.1	sp|P16260|GDC_HUMAN	32.0	309	159	5	4022	4942	72	331	7.43e-41	158
GG669538.1	sp|Q8C0K5|GDC_MOUSE	32.0	309	159	6	4022	4942	72	331	4.64e-40	156
GG669538.1	sp|B8N417|MNS1B_ASPFN	29.5	465	226	15	2018	3337	40	427	1.99e-38	156
GG669538.1	sp|Q2ULB2|MNS1B_ASPOR	29.5	465	226	15	2018	3337	40	427	1.99e-38	156
GG669538.1	sp|Q9NR34|MA1C1_HUMAN	31.2	372	181	11	1982	3079	163	465	3.51e-37	154
GG669538.1	sp|P16261|GDC_RAT	31.0	297	157	6	4022	4906	72	322	1.32e-34	140
GG669537.1	sp|P04323|POL3_DROME	32.9	490	312	9	3463	2018	200	680	2.54e-69	259
GG669537.1	sp|P0CT41|TF212_SCHPO	26.1	872	545	27	3481	1079	393	1236	3.60e-69	262
GG669537.1	sp|P0CT34|TF21_SCHPO	26.1	872	545	27	3481	1079	393	1236	3.60e-69	262
GG669537.1	sp|P0CT35|TF22_SCHPO	26.1	872	545	27	3481	1079	393	1236	3.60e-69	262
GG669537.1	sp|P0CT36|TF23_SCHPO	26.1	872	545	27	3481	1079	393	1236	3.60e-69	262
GG669537.1	sp|P0CT37|TF24_SCHPO	26.1	872	545	27	3481	1079	393	1236	3.60e-69	262
GG669537.1	sp|P0CT38|TF25_SCHPO	26.1	872	545	27	3481	1079	393	1236	3.60e-69	262
GG669537.1	sp|P0CT39|TF26_SCHPO	26.1	872	545	27	3481	1079	393	1236	3.60e-69	262
GG669537.1	sp|P0CT40|TF29_SCHPO	26.1	872	545	27	3481	1079	393	1236	3.60e-69	262
GG669537.1	sp|Q9UR07|TF211_SCHPO	26.0	872	546	27	3481	1079	393	1236	1.10e-68	260
GG669537.1	sp|P0CT42|TF27_SCHPO	26.0	872	546	27	3481	1079	393	1236	1.10e-68	260
GG669537.1	sp|P0CT43|TF28_SCHPO	26.0	872	546	27	3481	1079	393	1236	1.10e-68	260
GG669537.1	sp|Q8I7P9|POL5_DROME	32.4	448	282	9	3433	2132	125	565	4.29e-62	236
GG669537.1	sp|P10394|POL4_DROME	31.4	424	284	5	3433	2171	316	735	6.01e-57	222
GG669537.1	sp|P35072|TCB1_CAEBR	40.0	245	138	3	8470	7736	33	268	1.95e-53	192
GG669537.1	sp|P03934|TC1A_CAEEL	38.2	254	140	4	8470	7721	33	273	4.98e-51	186
GG669537.1	sp|Q04202|TCB2_CAEBR	36.8	250	149	3	8470	7721	33	273	6.87e-49	179
GG669537.1	sp|Q89703|POL_CSVMV	25.1	419	293	12	3379	2174	223	637	3.43e-22	108
GG669537.1	sp|Q6DGD3|SV91A_DANRE	33.3	63	40	1	1030	848	27	89	9.69e-04	48.1
GG669536.1	sp|P19541|RDS2_YEAST	38.1	194	73	2	6054	5473	288	434	4.65e-29	127
GG669536.1	sp|Q95SX7|RTBS_DROME	29.0	283	183	7	8544	9353	383	660	2.23e-22	109
GG669536.1	sp|A0A291PQF1|UGT5_DACCO	28.5	179	117	4	2933	2403	333	502	3.85e-11	72.4
GG669536.1	sp|P16166|UFOG1_MAIZE	33.5	176	92	7	3128	2622	290	447	4.27e-11	72.0
GG669536.1	sp|P16167|UFOG3_MAIZE	34.3	175	92	8	3128	2622	290	447	3.96e-10	68.9
GG669536.1	sp|P16165|UFOG2_MAIZE	33.1	175	94	7	3128	2622	290	447	6.90e-10	68.2
GG669536.1	sp|Q9LFJ8|U78D2_ARATH	34.4	125	64	5	3140	2766	275	381	1.86e-08	63.5
GG669536.1	sp|C5E2K7|ERT1_LACTC	36.5	74	47	0	6054	5833	294	367	3.20e-08	62.8
GG669536.1	sp|Q6VAB2|U71E1_STERE	24.6	183	98	5	3245	2748	231	390	3.06e-07	59.7
GG669536.1	sp|Q9LXV0|U92A1_ARATH	28.6	252	136	11	3236	2553	249	480	4.15e-07	59.3
GG669536.1	sp|C5E1J9|ERT1_ZYGRC	34.5	84	55	0	6054	5803	352	435	4.34e-07	59.3
GG669536.1	sp|Q66PF3|UFOG3_FRAAN	27.9	172	94	6	3236	2766	241	397	2.80e-06	56.6
GG669536.1	sp|B3LMS3|ERT1_YEAS1	36.6	71	45	0	6015	5803	382	452	4.00e-06	56.2
GG669536.1	sp|C7GMR4|ERT1_YEAS2	36.6	71	45	0	6015	5803	382	452	4.00e-06	56.2
GG669536.1	sp|A6ZLH8|ERT1_YEAS7	36.6	71	45	0	6015	5803	382	452	4.00e-06	56.2
GG669536.1	sp|D3UEY7|ERT1_YEAS8	36.6	71	45	0	6015	5803	382	452	4.00e-06	56.2
GG669536.1	sp|P38140|ERT1_YEAST	36.6	71	45	0	6015	5803	382	452	4.00e-06	56.2
GG669536.1	sp|Q6FML7|ERT1_CANGA	37.7	61	38	0	6024	5842	447	507	3.40e-04	50.1
GG669535.1	sp|P0CT41|TF212_SCHPO	25.6	870	552	25	1471	3873	393	1236	6.75e-68	258
GG669535.1	sp|P0CT34|TF21_SCHPO	25.6	870	552	25	1471	3873	393	1236	6.75e-68	258
GG669535.1	sp|P0CT35|TF22_SCHPO	25.6	870	552	25	1471	3873	393	1236	6.75e-68	258
GG669535.1	sp|P0CT36|TF23_SCHPO	25.6	870	552	25	1471	3873	393	1236	6.75e-68	258
GG669535.1	sp|P0CT37|TF24_SCHPO	25.6	870	552	25	1471	3873	393	1236	6.75e-68	258
GG669535.1	sp|P0CT38|TF25_SCHPO	25.6	870	552	25	1471	3873	393	1236	6.75e-68	258
GG669535.1	sp|P0CT39|TF26_SCHPO	25.6	870	552	25	1471	3873	393	1236	6.75e-68	258
GG669535.1	sp|P0CT40|TF29_SCHPO	25.6	870	552	25	1471	3873	393	1236	6.75e-68	258
GG669535.1	sp|Q9UR07|TF211_SCHPO	25.5	870	553	25	1471	3873	393	1236	2.05e-67	256
GG669535.1	sp|P0CT42|TF27_SCHPO	25.5	870	553	25	1471	3873	393	1236	2.05e-67	256
GG669535.1	sp|P0CT43|TF28_SCHPO	25.5	870	553	25	1471	3873	393	1236	2.05e-67	256
GG669535.1	sp|P04323|POL3_DROME	32.2	490	315	9	1489	2934	200	680	2.15e-67	254
GG669535.1	sp|Q89703|POL_CSVMV	25.5	424	285	15	1573	2778	223	637	7.46e-20	100
GG669535.1	sp|Q6DGD3|SV91A_DANRE	39.6	53	30	1	3922	4074	27	79	8.16e-04	48.5
GG669534.1	sp|A7XRY8|TDID_EMENI	44.1	311	159	4	8396	7488	128	431	1.14e-75	263
GG669534.1	sp|Q9CSH3|RRP44_MOUSE	28.2	674	328	12	1995	1	1	527	1.95e-61	234
GG669534.1	sp|Q9Y2L1|RRP44_HUMAN	27.4	674	333	12	1995	1	1	527	8.16e-60	229
GG669534.1	sp|P37202|DIS3_SCHPO	58.7	179	72	1	531	1	378	556	3.96e-51	202
GG669534.1	sp|Q08162|RRP44_YEAST	46.0	215	98	4	612	1	384	591	2.13e-47	191
GG669534.1	sp|Q9SHL7|RP44A_ARATH	51.9	183	84	2	549	1	351	529	1.37e-46	187
GG669534.1	sp|D4AU29|SWNA_ARTBC	37.6	258	134	5	8387	7677	158	409	3.27e-45	176
GG669534.1	sp|E9F8L8|SWNA_METRA	39.3	242	135	5	8387	7683	167	403	2.40e-43	171
GG669534.1	sp|Q17632|RRP44_CAEEL	48.6	183	85	3	546	1	365	539	4.83e-42	173
GG669534.1	sp|P95957|Y104_SACS2	31.8	314	198	5	8414	7485	97	398	1.33e-38	154
GG669534.1	sp|P96681|YDFD_BACSU	29.7	300	190	6	8378	7482	201	480	1.29e-32	138
GG669534.1	sp|A2RV18|DI3L1_DANRE	45.1	173	89	4	510	4	350	520	4.24e-31	138
GG669534.1	sp|Q5U2P0|DI3L1_RAT	43.5	170	95	1	510	4	356	525	3.72e-30	135
GG669534.1	sp|Q72LL6|LYSN_THET2	27.7	300	196	5	8384	7494	109	390	5.13e-30	129
GG669534.1	sp|Q796Q6|YISV_BACSU	29.7	296	181	6	8378	7503	203	475	8.71e-30	130
GG669534.1	sp|O14040|DI3L2_SCHPO	39.9	178	91	3	501	4	327	500	9.91e-24	114
GG669534.1	sp|Q09568|DI3L2_CAEEL	39.0	177	91	4	486	1	225	399	3.05e-22	109
GG669534.1	sp|Q0V9R3|DI3L2_XENTR	34.2	187	110	4	540	4	220	401	8.90e-22	107
GG669534.1	sp|Q8IYB7|DI3L2_HUMAN	36.5	167	95	3	480	4	267	430	1.26e-21	107
GG669534.1	sp|Q8CI75|DI3L2_MOUSE	35.3	167	97	3	480	4	265	428	3.75e-19	99.4
GG669534.1	sp|Q0WPN0|DI32L_ARATH	38.1	139	82	2	420	4	401	535	8.66e-18	95.1
GG669534.1	sp|P0DM58|DI3L2_ARATH	38.1	139	82	2	420	4	401	535	8.66e-18	95.1
GG669534.1	sp|Q9WZI1|RNR_THEMA	34.6	136	84	2	405	1	175	306	5.52e-15	85.5
GG669534.1	sp|P21499|RNR_ECOLI	29.1	158	91	3	456	1	178	320	3.74e-11	73.2
GG669534.1	sp|Q5AK62|SSD1_CANAL	27.7	177	102	5	483	4	562	729	4.57e-11	73.2
GG669533.1	sp|P03934|TC1A_CAEEL	35.2	264	162	6	9822	9037	15	271	4.14e-42	160
GG669533.1	sp|P35072|TCB1_CAEBR	34.1	276	169	7	9846	9037	3	271	8.95e-41	156
GG669533.1	sp|Q04202|TCB2_CAEBR	34.6	231	133	5	9711	9037	53	271	6.58e-37	145
GG669532.1	sp|P35072|TCB1_CAEBR	37.6	274	162	3	1286	465	4	268	1.81e-53	193
GG669532.1	sp|P03934|TC1A_CAEEL	38.2	254	140	4	1199	450	33	273	6.30e-51	186
GG669532.1	sp|Q04202|TCB2_CAEBR	36.8	250	149	3	1199	450	33	273	8.69e-49	179
GG669532.1	sp|Q91DM0|POLG_PVCV1	26.5	358	238	11	7922	6870	1438	1777	7.00e-25	119
GG669532.1	sp|Q6XKE6|POLG_PVCV2	26.5	358	238	11	7922	6870	1439	1778	7.01e-25	119
GG669532.1	sp|Q09575|YRD6_CAEEL	29.3	239	156	7	4784	4074	771	998	5.05e-17	92.8
GG669529.1	sp|Q99315|YG31B_YEAST	26.8	877	547	22	6961	9438	592	1424	3.00e-82	306
GG669529.1	sp|Q7LHG5|YI31B_YEAST	26.7	877	548	22	6961	9438	618	1450	7.12e-82	304
GG669529.1	sp|P0CT41|TF212_SCHPO	26.2	1023	642	30	6493	9414	269	1227	2.86e-80	298
GG669529.1	sp|P0CT34|TF21_SCHPO	26.2	1023	642	30	6493	9414	269	1227	2.86e-80	298
GG669529.1	sp|P0CT35|TF22_SCHPO	26.2	1023	642	30	6493	9414	269	1227	2.86e-80	298
GG669529.1	sp|P0CT36|TF23_SCHPO	26.2	1023	642	30	6493	9414	269	1227	2.86e-80	298
GG669529.1	sp|P0CT37|TF24_SCHPO	26.2	1023	642	30	6493	9414	269	1227	2.86e-80	298
GG669529.1	sp|P0CT38|TF25_SCHPO	26.2	1023	642	30	6493	9414	269	1227	2.86e-80	298
GG669529.1	sp|P0CT39|TF26_SCHPO	26.2	1023	642	30	6493	9414	269	1227	2.86e-80	298
GG669529.1	sp|P0CT40|TF29_SCHPO	26.2	1023	642	30	6493	9414	269	1227	2.86e-80	298
GG669529.1	sp|P0CT42|TF27_SCHPO	26.1	1023	643	30	6493	9414	269	1227	8.85e-80	296
GG669529.1	sp|P0CT43|TF28_SCHPO	26.1	1023	643	30	6493	9414	269	1227	8.85e-80	296
GG669529.1	sp|Q9UR07|TF211_SCHPO	26.0	1023	644	30	6493	9414	269	1227	2.74e-79	295
GG669529.1	sp|P10394|POL4_DROME	32.4	420	263	7	7060	8301	342	746	1.84e-49	199
GG669529.1	sp|Q91DM0|POLG_PVCV1	27.2	338	234	8	11042	12037	1473	1804	7.25e-26	122
GG669529.1	sp|Q6XKE6|POLG_PVCV2	27.2	338	234	8	11042	12037	1474	1805	7.26e-26	122
GG669529.1	sp|Q09575|YRD6_CAEEL	29.1	234	152	6	7027	7710	454	679	4.54e-19	99.8
GG669528.1	sp|Q04202|TCB2_CAEBR	37.4	278	162	4	11278	12096	3	273	3.45e-50	184
GG669528.1	sp|P03934|TC1A_CAEEL	37.1	264	157	3	11311	12096	17	273	1.03e-46	174
GG669528.1	sp|P35072|TCB1_CAEBR	39.2	250	139	5	11359	12096	33	273	2.63e-44	167
GG669527.1	sp|P03934|TC1A_CAEEL	36.7	207	121	5	6792	6175	41	238	2.64e-34	138
GG669527.1	sp|Q04202|TCB2_CAEBR	35.1	211	124	5	6792	6178	41	244	4.81e-32	131
GG669527.1	sp|P35072|TCB1_CAEBR	36.6	194	115	4	6774	6193	47	232	1.61e-29	124
GG669527.1	sp|P34257|TC3A_CAEEL	37.1	143	81	5	4109	3681	136	269	8.92e-19	94.4
GG669525.1	sp|P03934|TC1A_CAEEL	37.2	266	158	6	10283	9492	15	273	2.42e-47	176
GG669525.1	sp|P35072|TCB1_CAEBR	36.1	266	161	6	10283	9492	15	273	2.84e-46	172
GG669525.1	sp|Q04202|TCB2_CAEBR	34.1	267	165	6	10283	9492	15	273	8.44e-43	162
GG669525.1	sp|Q09575|YRD6_CAEEL	30.2	116	78	2	384	37	567	679	2.66e-09	67.8
GG669524.1	sp|Q6CR76|HOT1_KLULA	34.6	104	64	2	1840	1529	571	670	2.69e-07	60.8
GG669524.1	sp|P22148|MSN1_YEAST	39.1	92	52	4	1819	1547	278	366	9.18e-05	52.0
GG669523.1	sp|P03934|TC1A_CAEEL	37.6	226	133	5	894	1568	53	271	6.39e-41	157
GG669523.1	sp|P35072|TCB1_CAEBR	37.6	226	133	5	894	1568	53	271	2.97e-40	155
GG669523.1	sp|Q04202|TCB2_CAEBR	34.6	231	133	5	894	1568	53	271	7.46e-38	148
GG669522.1	sp|P10394|POL4_DROME	29.1	1001	638	21	12018	9118	273	1235	1.30e-113	399
GG669522.1	sp|Q7LHG5|YI31B_YEAST	30.7	820	480	14	11928	9508	610	1354	2.48e-102	369
GG669522.1	sp|Q99315|YG31B_YEAST	30.6	820	481	14	11928	9508	584	1328	3.00e-102	369
GG669522.1	sp|P20825|POL2_DROME	39.9	486	278	5	12078	10642	145	623	3.02e-101	357
GG669522.1	sp|P04323|POL3_DROME	41.1	460	258	4	12003	10642	172	624	4.58e-99	351
GG669522.1	sp|P10401|POLY_DROME	27.5	868	531	18	12024	9544	138	948	7.18e-90	323
GG669522.1	sp|Q8I7P9|POL5_DROME	29.0	817	531	17	12012	9628	84	873	2.05e-87	315
GG669522.1	sp|P03554|POL_CAMVS	35.5	296	182	5	3954	3082	238	529	1.06e-44	179
GG669522.1	sp|P03555|POL_CAMVC	35.5	296	182	5	3954	3082	238	529	1.42e-44	179
GG669522.1	sp|Q02964|POL_CAMVE	35.5	296	182	5	3954	3082	238	529	1.42e-44	179
GG669522.1	sp|P03556|POL_CAMVD	35.1	296	183	5	3954	3082	233	524	7.66e-44	176
GG669522.1	sp|Q00962|POL_CAMVN	34.8	296	184	5	3954	3082	239	530	1.98e-43	175
GG669522.1	sp|P19199|POL_COYMV	29.0	442	282	10	11895	10642	1405	1838	5.62e-39	166
GG669522.1	sp|P92523|M860_ARATH	37.4	147	87	3	11385	10951	3	146	1.98e-23	103
GG669522.1	sp|P19560|POL_BIV29	26.2	267	165	12	11793	11053	628	882	3.78e-12	77.4
GG669522.1	sp|P11204|POL_EIAV9	24.6	224	137	6	2177	1512	877	1070	7.27e-06	56.6
GG669522.1	sp|P32542|POL_EIAVC	24.6	224	137	6	2177	1512	877	1070	7.27e-06	56.6
GG669522.1	sp|P03371|POL_EIAVY	24.6	224	137	6	2177	1512	876	1069	1.25e-05	55.8
GG669521.1	sp|P10394|POL4_DROME	30.2	844	527	15	622	3087	276	1079	1.07e-102	366
GG669521.1	sp|P20825|POL2_DROME	41.4	473	263	5	592	1989	158	623	4.34e-102	360
GG669521.1	sp|P04323|POL3_DROME	40.7	474	268	6	586	1989	158	624	5.25e-99	351
GG669521.1	sp|Q8I7P9|POL5_DROME	39.1	470	267	7	631	1989	88	555	2.80e-89	320
GG669521.1	sp|P10401|POLY_DROME	28.9	856	492	21	613	3078	140	912	7.17e-87	314
GG669521.1	sp|Q7LHG5|YI31B_YEAST	38.2	432	262	3	703	1995	610	1037	2.41e-80	300
GG669521.1	sp|Q99315|YG31B_YEAST	38.0	432	263	3	703	1995	584	1011	5.29e-80	299
GG669521.1	sp|P35072|TCB1_CAEBR	36.8	239	141	6	12265	12963	10	244	5.03e-38	149
GG669521.1	sp|P03934|TC1A_CAEEL	37.3	236	134	6	12280	12963	15	244	6.83e-38	149
GG669521.1	sp|P19199|POL_COYMV	28.6	472	288	15	670	1989	1384	1838	1.62e-37	161
GG669521.1	sp|Q04202|TCB2_CAEBR	35.5	242	140	7	12265	12963	10	244	9.19e-34	137
GG669521.1	sp|P92523|M860_ARATH	40.9	149	83	3	1240	1680	1	146	9.65e-27	112
GG669521.1	sp|P11204|POL_EIAV9	22.7	335	227	9	712	1653	195	518	3.82e-10	70.9
GG669521.1	sp|P32542|POL_EIAVC	22.7	335	227	9	712	1653	195	518	3.82e-10	70.9
GG669521.1	sp|P19560|POL_BIV29	24.6	260	169	10	838	1569	628	876	9.23e-10	69.7
GG669521.1	sp|P03371|POL_EIAVY	22.3	336	226	11	712	1653	195	517	1.92e-09	68.6
GG669520.1	sp|Q99315|YG31B_YEAST	26.9	881	541	23	3565	1088	592	1424	6.54e-82	305
GG669520.1	sp|Q7LHG5|YI31B_YEAST	26.8	881	542	23	3565	1088	618	1450	1.55e-81	304
GG669520.1	sp|P0CT41|TF212_SCHPO	26.1	1100	686	35	4033	911	269	1300	1.91e-79	296
GG669520.1	sp|P0CT34|TF21_SCHPO	26.1	1100	686	35	4033	911	269	1300	1.91e-79	296
GG669520.1	sp|P0CT35|TF22_SCHPO	26.1	1100	686	35	4033	911	269	1300	1.91e-79	296
GG669520.1	sp|P0CT36|TF23_SCHPO	26.1	1100	686	35	4033	911	269	1300	1.91e-79	296
GG669520.1	sp|P0CT37|TF24_SCHPO	26.1	1100	686	35	4033	911	269	1300	1.91e-79	296
GG669520.1	sp|P0CT38|TF25_SCHPO	26.1	1100	686	35	4033	911	269	1300	1.91e-79	296
GG669520.1	sp|P0CT39|TF26_SCHPO	26.1	1100	686	35	4033	911	269	1300	1.91e-79	296
GG669520.1	sp|P0CT40|TF29_SCHPO	26.1	1100	686	35	4033	911	269	1300	1.91e-79	296
GG669520.1	sp|P0CT42|TF27_SCHPO	26.0	1100	687	35	4033	911	269	1300	5.89e-79	294
GG669520.1	sp|P0CT43|TF28_SCHPO	26.0	1100	687	35	4033	911	269	1300	5.89e-79	294
GG669520.1	sp|Q9UR07|TF211_SCHPO	25.9	1100	688	35	4033	911	269	1300	1.82e-78	293
GG669520.1	sp|P10394|POL4_DROME	33.3	421	258	8	3466	2225	342	746	1.87e-50	202
GG669520.1	sp|P03934|TC1A_CAEEL	39.5	233	123	6	10768	10088	53	273	5.09e-46	172
GG669520.1	sp|P35072|TCB1_CAEBR	37.9	227	135	5	10768	10088	53	273	9.50e-44	166
GG669520.1	sp|Q04202|TCB2_CAEBR	34.2	275	154	6	10894	10088	20	273	1.51e-42	162
GG669520.1	sp|Q91DM0|POLG_PVCV1	27.3	407	267	11	15240	14038	1438	1821	5.55e-32	143
GG669520.1	sp|Q6XKE6|POLG_PVCV2	27.3	407	267	11	15240	14038	1439	1822	5.55e-32	143
GG669520.1	sp|P34257|TC3A_CAEEL	31.2	266	167	9	10879	10088	78	329	3.88e-28	122
GG669520.1	sp|Q09575|YRD6_CAEEL	29.9	234	150	6	3499	2816	454	679	6.03e-20	103
GG669519.1	sp|P03934|TC1A_CAEEL	43.0	86	49	0	17884	18141	53	138	3.96e-15	82.8
GG669519.1	sp|Q04202|TCB2_CAEBR	44.4	81	45	0	17884	18126	53	133	1.77e-14	80.9
GG669519.1	sp|P35072|TCB1_CAEBR	42.0	81	47	0	17884	18126	53	133	4.35e-14	79.7
GG669519.1	sp|Q6CR76|HOT1_KLULA	34.6	104	64	2	11849	12160	571	670	3.60e-07	60.8
GG669519.1	sp|P22148|MSN1_YEAST	39.1	92	52	4	11870	12142	278	366	1.23e-04	52.0
GG669518.1	sp|P03934|TC1A_CAEEL	37.2	242	142	5	9421	10143	41	273	1.54e-44	168
GG669518.1	sp|Q04202|TCB2_CAEBR	36.0	242	145	5	9421	10143	41	273	1.15e-40	157
GG669518.1	sp|P35072|TCB1_CAEBR	36.2	235	142	4	9439	10143	47	273	9.87e-40	154
GG669518.1	sp|Q91DM0|POLG_PVCV1	27.3	407	267	11	13627	12425	1438	1821	4.37e-32	143
GG669518.1	sp|Q6XKE6|POLG_PVCV2	27.3	407	267	11	13627	12425	1439	1822	4.37e-32	143
GG669518.1	sp|Q09575|YRD6_CAEEL	29.3	239	156	7	12130	11420	771	998	9.00e-17	92.8
GG669518.1	sp|P34257|TC3A_CAEEL	26.9	134	91	2	16418	16819	203	329	1.98e-09	66.6
GG669517.1	sp|P03934|TC1A_CAEEL	41.7	199	106	5	6415	5822	84	273	3.97e-36	144
GG669517.1	sp|P35072|TCB1_CAEBR	38.9	198	113	4	6415	5822	84	273	2.11e-32	133
GG669517.1	sp|Q04202|TCB2_CAEBR	37.7	199	114	5	6415	5822	84	273	3.32e-31	129
GG669516.1	sp|O29753|DPOL_ARCFU	30.6	350	183	10	13147	12155	353	661	3.20e-26	123
GG669516.1	sp|O50607|DPOL1_SULOH	24.1	580	354	23	13798	12185	223	758	2.95e-17	94.4
GG669516.1	sp|O93746|DPOL2_AERPE	26.2	309	178	8	13030	12155	420	695	1.83e-16	91.7
GG669516.1	sp|P61875|DPOL_PYRFU	24.0	521	296	20	13636	12218	178	646	6.88e-16	89.7
GG669516.1	sp|P61876|DPOL_PYRWO	24.0	521	296	20	13636	12218	178	646	6.88e-16	89.7
GG669516.1	sp|P26811|DPOL1_SACS2	25.0	460	300	17	13807	12509	220	661	5.91e-14	83.6
GG669516.1	sp|P52342|DPOL_HHV7J	27.2	309	161	10	13036	12242	547	835	5.59e-13	80.5
GG669516.1	sp|Q196X0|RPB1_IIV3	33.0	97	54	2	4617	4892	426	516	4.81e-04	51.2
GG669515.1	sp|P20825|POL2_DROME	37.5	550	307	7	14526	16157	105	623	1.43e-102	362
GG669515.1	sp|P04323|POL3_DROME	37.5	589	326	13	14484	16157	47	624	3.41e-102	361
GG669515.1	sp|P10394|POL4_DROME	32.9	756	440	19	14778	16955	272	990	1.10e-95	345
GG669515.1	sp|Q8I7P9|POL5_DROME	39.3	481	271	9	14769	16157	78	555	3.13e-93	333
GG669515.1	sp|P10401|POLY_DROME	38.4	479	270	8	14775	16154	138	610	1.43e-91	328
GG669515.1	sp|Q7LHG5|YI31B_YEAST	37.3	437	267	4	14871	16178	610	1040	2.11e-77	291
GG669515.1	sp|Q99315|YG31B_YEAST	37.1	437	268	4	14871	16178	584	1014	4.51e-77	290
GG669515.1	sp|P0CT41|TF212_SCHPO	25.3	882	582	25	4991	7531	396	1235	1.38e-72	275
GG669515.1	sp|P0CT34|TF21_SCHPO	25.3	882	582	25	4991	7531	396	1235	1.38e-72	275
GG669515.1	sp|P0CT35|TF22_SCHPO	25.3	882	582	25	4991	7531	396	1235	1.38e-72	275
GG669515.1	sp|P0CT36|TF23_SCHPO	25.3	882	582	25	4991	7531	396	1235	1.38e-72	275
GG669515.1	sp|P0CT37|TF24_SCHPO	25.3	882	582	25	4991	7531	396	1235	1.38e-72	275
GG669515.1	sp|P0CT38|TF25_SCHPO	25.3	882	582	25	4991	7531	396	1235	1.38e-72	275
GG669515.1	sp|P0CT39|TF26_SCHPO	25.3	882	582	25	4991	7531	396	1235	1.38e-72	275
GG669515.1	sp|P0CT40|TF29_SCHPO	25.3	882	582	25	4991	7531	396	1235	1.38e-72	275
GG669515.1	sp|Q9UR07|TF211_SCHPO	25.1	882	584	25	4991	7531	396	1235	1.71e-71	271
GG669515.1	sp|P0CT42|TF27_SCHPO	25.1	882	584	25	4991	7531	396	1235	1.71e-71	271
GG669515.1	sp|P0CT43|TF28_SCHPO	25.1	882	584	25	4991	7531	396	1235	1.71e-71	271
GG669515.1	sp|P03554|POL_CAMVS	34.9	438	268	8	14883	16154	238	672	1.93e-62	233
GG669515.1	sp|P03555|POL_CAMVC	34.9	438	268	8	14883	16154	238	672	2.60e-62	233
GG669515.1	sp|Q02964|POL_CAMVE	34.9	438	268	8	14883	16154	238	672	2.60e-62	233
GG669515.1	sp|P03556|POL_CAMVD	34.7	438	269	8	14883	16154	233	667	1.41e-61	230
GG669515.1	sp|Q00962|POL_CAMVN	34.2	438	271	8	14883	16154	239	673	1.72e-60	227
GG669515.1	sp|P03934|TC1A_CAEEL	37.2	266	158	6	13448	12657	15	273	5.85e-47	175
GG669515.1	sp|P35072|TCB1_CAEBR	35.6	278	166	7	13472	12657	3	273	5.04e-46	172
GG669514.1	sp|P10394|POL4_DROME	30.3	1040	599	24	535	3504	272	1235	2.33e-119	417
GG669514.1	sp|P04323|POL3_DROME	30.9	890	523	21	490	3105	154	969	3.12e-105	370
GG669514.1	sp|P20825|POL2_DROME	40.6	475	270	4	508	1914	155	623	2.96e-102	361
GG669514.1	sp|P10401|POLY_DROME	29.5	874	528	21	532	3078	138	948	4.89e-97	345
GG669514.1	sp|Q8I7P9|POL5_DROME	30.3	839	512	20	526	2973	78	866	1.60e-96	343
GG669514.1	sp|P0CT41|TF212_SCHPO	27.0	860	547	24	22969	25377	400	1235	1.05e-80	300
GG669514.1	sp|P0CT34|TF21_SCHPO	27.0	860	547	24	22969	25377	400	1235	1.05e-80	300
GG669514.1	sp|P0CT35|TF22_SCHPO	27.0	860	547	24	22969	25377	400	1235	1.05e-80	300
GG669514.1	sp|P0CT36|TF23_SCHPO	27.0	860	547	24	22969	25377	400	1235	1.05e-80	300
GG669514.1	sp|P0CT37|TF24_SCHPO	27.0	860	547	24	22969	25377	400	1235	1.05e-80	300
GG669514.1	sp|P0CT38|TF25_SCHPO	27.0	860	547	24	22969	25377	400	1235	1.05e-80	300
GG669514.1	sp|P0CT39|TF26_SCHPO	27.0	860	547	24	22969	25377	400	1235	1.05e-80	300
GG669514.1	sp|P0CT40|TF29_SCHPO	27.0	860	547	24	22969	25377	400	1235	1.05e-80	300
GG669514.1	sp|Q9UR07|TF211_SCHPO	27.0	860	547	24	22969	25377	400	1235	1.84e-80	300
GG669514.1	sp|P0CT42|TF27_SCHPO	27.0	860	547	24	22969	25377	400	1235	1.84e-80	300
GG669514.1	sp|P0CT43|TF28_SCHPO	27.0	860	547	24	22969	25377	400	1235	1.84e-80	300
GG669514.1	sp|Q7LHG5|YI31B_YEAST	27.3	846	536	19	23011	25377	627	1450	6.61e-79	296
GG669514.1	sp|Q99315|YG31B_YEAST	27.3	846	536	19	23011	25377	601	1424	1.44e-78	295
GG669514.1	sp|P03554|POL_CAMVS	34.7	438	269	8	640	1911	238	672	3.99e-62	232
GG669514.1	sp|P03555|POL_CAMVC	34.7	438	269	8	640	1911	238	672	5.38e-62	232
GG669514.1	sp|Q02964|POL_CAMVE	34.7	438	269	8	640	1911	238	672	5.38e-62	232
GG669514.1	sp|P03556|POL_CAMVD	34.5	438	270	8	640	1911	233	667	2.92e-61	229
GG669514.1	sp|Q00962|POL_CAMVN	34.0	438	272	8	640	1911	239	673	3.55e-60	226
GG669514.1	sp|P35072|TCB1_CAEBR	38.0	279	164	4	15940	16776	4	273	7.34e-54	195
GG669514.1	sp|P03934|TC1A_CAEEL	39.0	254	138	5	16027	16776	33	273	8.77e-51	186
GG669513.1	sp|P20825|POL2_DROME	39.3	529	295	9	12168	10627	106	623	1.91e-102	362
GG669513.1	sp|P04323|POL3_DROME	40.5	481	270	7	12051	10627	154	624	6.59e-101	357
GG669513.1	sp|P10394|POL4_DROME	36.0	564	337	7	12267	10627	179	735	6.57e-93	337
GG669513.1	sp|Q8I7P9|POL5_DROME	39.6	475	266	9	11997	10627	84	555	5.08e-90	323
GG669513.1	sp|P10401|POLY_DROME	38.6	438	245	6	11886	10630	178	610	6.31e-85	309
GG669513.1	sp|Q7LHG5|YI31B_YEAST	38.4	432	261	3	11913	10621	610	1037	1.20e-80	302
GG669513.1	sp|Q99315|YG31B_YEAST	38.2	432	262	3	11913	10621	584	1011	3.51e-80	301
GG669513.1	sp|P0CT41|TF212_SCHPO	29.9	405	261	10	3808	4986	393	786	2.95e-45	187
GG669513.1	sp|P0CT34|TF21_SCHPO	29.9	405	261	10	3808	4986	393	786	2.95e-45	187
GG669513.1	sp|P0CT35|TF22_SCHPO	29.9	405	261	10	3808	4986	393	786	2.95e-45	187
GG669513.1	sp|P0CT36|TF23_SCHPO	29.9	405	261	10	3808	4986	393	786	2.95e-45	187
GG669513.1	sp|P0CT37|TF24_SCHPO	29.9	405	261	10	3808	4986	393	786	2.95e-45	187
GG669513.1	sp|P0CT38|TF25_SCHPO	29.9	405	261	10	3808	4986	393	786	2.95e-45	187
GG669513.1	sp|P0CT39|TF26_SCHPO	29.9	405	261	10	3808	4986	393	786	2.95e-45	187
GG669513.1	sp|P0CT40|TF29_SCHPO	29.9	405	261	10	3808	4986	393	786	2.95e-45	187
GG669513.1	sp|Q9UR07|TF211_SCHPO	29.4	405	263	10	3808	4986	393	786	3.39e-44	183
GG669513.1	sp|P0CT42|TF27_SCHPO	29.4	405	263	10	3808	4986	393	786	3.39e-44	183
GG669513.1	sp|P0CT43|TF28_SCHPO	29.4	405	263	10	3808	4986	393	786	3.39e-44	183
GG669513.1	sp|P19199|POL_COYMV	29.8	496	301	14	12009	10627	1355	1838	8.56e-42	176
GG669513.1	sp|P35072|TCB1_CAEBR	33.3	249	151	8	14139	14870	35	273	4.89e-34	138
GG669513.1	sp|P03934|TC1A_CAEEL	32.0	278	179	7	14046	14870	3	273	1.23e-33	137
GG669513.1	sp|Q04202|TCB2_CAEBR	31.6	244	162	4	14139	14870	35	273	1.23e-33	137
GG669513.1	sp|Q91DM0|POLG_PVCV1	27.0	407	268	11	19335	18133	1438	1821	2.26e-31	142
GG669513.1	sp|Q6XKE6|POLG_PVCV2	27.0	407	268	11	19335	18133	1439	1822	2.26e-31	142
GG669513.1	sp|P34257|TC3A_CAEEL	31.9	339	210	11	13869	14870	7	329	9.87e-30	127
GG669512.1	sp|Q75AP7|RL2_ASHGO	74.3	187	47	1	86949	87506	68	254	6.71e-91	303
GG669512.1	sp|P0CX45|RL2A_YEAST	75.4	187	45	1	86949	87506	68	254	1.70e-90	302
GG669512.1	sp|P0CX46|RL2B_YEAST	75.4	187	45	1	86949	87506	68	254	1.70e-90	302
GG669512.1	sp|Q6FPN7|RL2_CANGA	74.9	187	46	1	86949	87506	68	254	7.96e-90	300
GG669512.1	sp|Q9V3G1|RL8_DROME	76.5	183	42	1	86949	87494	68	250	7.44e-89	297
GG669512.1	sp|P0CT70|RL2A_SCHPO	72.6	186	50	1	86952	87506	68	253	9.44e-87	291
GG669512.1	sp|P0CT71|RL2B_SCHPO	72.6	186	50	1	86952	87506	68	253	9.44e-87	291
GG669512.1	sp|P0CT72|RL2C_SCHPO	72.6	186	50	1	86952	87506	68	253	9.44e-87	291
GG669512.1	sp|Q6P0V6|RL8_DANRE	73.3	187	49	1	86949	87506	68	254	3.73e-86	290
GG669512.1	sp|P41116|RL8_XENLA	72.2	187	51	1	86949	87506	68	254	3.73e-86	290
GG669512.1	sp|Q6PBF0|RL8_XENTR	72.2	187	51	1	86949	87506	68	254	3.73e-86	290
GG669512.1	sp|Q3T0S6|RL8_BOVIN	72.7	187	50	1	86949	87506	68	254	5.09e-86	289
GG669512.1	sp|P62917|RL8_HUMAN	72.7	187	50	1	86949	87506	68	254	5.09e-86	289
GG669512.1	sp|P62918|RL8_MOUSE	72.7	187	50	1	86949	87506	68	254	5.09e-86	289
GG669512.1	sp|P62919|RL8_RAT	72.7	187	50	1	86949	87506	68	254	5.09e-86	289
GG669512.1	sp|Q5R7Y8|RL8_PONAB	72.2	187	51	1	86949	87506	68	254	1.75e-85	288
GG669512.1	sp|P13023|RL8_DICDI	70.6	187	54	1	86949	87506	69	255	2.23e-85	287
GG669512.1	sp|Q6RYS3|RL8_MAMBR	72.1	183	50	1	86949	87494	68	250	3.25e-85	287
GG669512.1	sp|Q95V39|RL8_SPOFR	72.1	183	50	1	86949	87494	68	250	3.25e-85	287
GG669512.1	sp|Q90YW1|RL8_ICTPU	72.7	187	50	1	86949	87506	68	254	4.43e-85	286
GG669512.1	sp|Q9U9L2|RL8_ANOGA	71.6	183	51	1	86949	87494	68	250	9.43e-85	286
GG669512.1	sp|P41569|RL8_AEDAL	71.6	183	51	1	86949	87494	68	250	6.03e-84	283
GG669512.1	sp|P29766|RL8_SOLLC	69.7	188	56	1	86949	87509	68	255	9.41e-83	280
GG669512.1	sp|P46286|RL81_ARATH	69.7	188	56	1	86949	87509	68	255	1.42e-81	276
GG669512.1	sp|P25998|RL8_TOBAC	69.7	188	56	1	86949	87509	68	255	2.82e-81	276
GG669511.1	sp|Q91ZW3|SMCA5_MOUSE	51.2	1028	400	18	172535	169485	87	1023	1.15e-301	944
GG669511.1	sp|O60264|SMCA5_HUMAN	51.0	1028	402	18	172535	169485	88	1024	2.99e-301	943
GG669511.1	sp|Q5A310|ISW2_CANAL	55.7	862	333	9	172025	169518	167	1005	3.49e-297	932
GG669511.1	sp|Q6PGB8|SMCA1_MOUSE	49.9	1030	417	16	172535	169476	95	1035	2.14e-296	929
GG669511.1	sp|P28370|SMCA1_HUMAN	49.4	1042	416	17	172535	169476	91	1043	1.31e-295	927
GG669511.1	sp|Q08773|ISW2_YEAST	54.3	888	343	14	172025	169473	212	1073	1.03e-293	924
GG669511.1	sp|Q24368|ISWI_DROME	53.9	852	348	11	172025	169500	156	972	5.54e-282	887
GG669511.1	sp|P38144|ISW1_YEAST	55.0	857	341	13	172025	169518	224	1056	5.62e-282	891
GG669511.1	sp|P41877|ISW1_CAEEL	53.4	857	345	13	172025	169494	160	975	2.25e-278	875
GG669511.1	sp|Q9UT19|METE_SCHPO	53.6	772	346	7	46532	48838	1	763	7.45e-260	811
GG669511.1	sp|Q7G8Y3|ISW2_ORYSJ	52.2	851	348	14	172025	169488	259	1055	2.32e-259	825
GG669511.1	sp|Q8RWY3|ISW2_ARATH	51.9	864	351	14	172025	169473	217	1028	1.11e-253	806
GG669511.1	sp|B2I621|METE_XYLF2	52.1	770	353	6	46532	48832	1	757	9.16e-248	776
GG669511.1	sp|Q9PB72|METE_XYLFA	52.1	770	353	6	46532	48832	1	757	9.16e-248	776
GG669511.1	sp|Q87BY8|METE_XYLFT	52.1	770	353	6	46532	48832	1	757	9.16e-248	776
GG669511.1	sp|B0U3F5|METE_XYLFM	51.9	770	354	6	46532	48832	1	757	7.93e-247	774
GG669511.1	sp|A7HQP6|METE_PARL1	51.7	770	356	7	46532	48829	1	758	2.42e-244	767
GG669511.1	sp|Q6N765|METE_RHOPA	50.9	774	361	6	46550	48829	15	783	5.78e-244	767
GG669511.1	sp|B3QGC4|METE_RHOPT	50.9	774	361	6	46550	48829	15	783	1.46e-243	766
GG669511.1	sp|Q98A73|METE_RHILO	51.8	772	355	6	46550	48829	4	770	3.29e-243	764
GG669511.1	sp|Q9JZQ2|METE_NEIMB	52.6	766	338	9	46553	48832	8	754	8.21e-243	762
GG669511.1	sp|B6J6H8|METE_COXB1	50.9	772	362	9	46532	48838	1	758	1.09e-242	763
GG669511.1	sp|A9KDA0|METE_COXBN	50.9	772	362	9	46532	48838	1	758	1.48e-242	762
GG669511.1	sp|Q83A62|METE_COXBU	50.9	772	362	9	46532	48838	1	758	1.48e-242	762
GG669511.1	sp|Q9JUT6|METE_NEIMA	52.5	766	339	9	46553	48832	8	754	3.83e-242	760
GG669565.1	sp|Q0H8X6|NU4M_USTMA	59.6	480	188	4	12722	11301	1	480	3.67e-174	550
GG669565.1	sp|P48915|NU4M_CHOCR	57.1	473	198	3	12704	11301	14	486	3.64e-159	507
GG669565.1	sp|P26848|NU4M_MARPO	56.0	477	203	4	12713	11301	14	489	5.49e-159	506
GG669565.1	sp|P93313|NU4M_ARATH	56.6	477	200	4	12713	11301	14	489	6.48e-158	503
GG669565.1	sp|Q37617|NU4M_PROWI	53.5	497	211	4	12731	11301	24	520	5.92e-155	496
GG669565.1	sp|P27572|NU4M_WHEAT	54.0	476	214	3	12713	11301	14	489	5.26e-148	475
GG669565.1	sp|O47497|NU4M_METSE	52.5	469	213	3	12692	11313	17	484	1.04e-142	459
GG669565.1	sp|Q04050|NU4M_BRACM	52.7	476	220	3	12713	11301	14	489	6.66e-139	449
GG669565.1	sp|Q37375|NU4M_ACACA	49.5	455	217	5	12683	11352	25	477	6.86e-122	400
GG669565.1	sp|P50974|NUOM_RHOCA	45.8	463	234	5	12644	11301	35	495	6.20e-114	377
GG669565.1	sp|Q35127|MBI1_NEUCR	43.4	477	193	8	5414	6715	1	443	1.26e-113	374
GG669565.1	sp|P03913|NU4M_ASPAM	44.5	485	257	7	12722	11301	1	484	8.50e-113	373
GG669565.1	sp|P15582|NU4M_PODAN	44.4	462	251	6	12674	11301	57	516	4.90e-109	363
GG669565.1	sp|P29925|NQO13_PARDE	45.0	462	238	5	12644	11301	35	494	1.39e-108	362
GG669565.1	sp|P0CY44|NU4M_NEUCR	45.0	458	247	5	12662	11301	77	533	2.56e-106	357
GG669565.1	sp|Q68VV6|NUOM_RICTY	44.2	453	246	4	12638	11298	41	492	9.00e-106	353
GG669565.1	sp|Q9ZCG0|NUOM_RICPR	43.3	457	252	4	12650	11298	34	489	9.57e-105	350
GG669565.1	sp|Q1RKE5|NUOM_RICBR	43.7	458	241	5	12638	11298	40	491	1.94e-104	349
GG669565.1	sp|Q92G96|NUOM_RICCN	43.3	453	250	4	12638	11298	40	491	1.89e-102	343
GG669565.1	sp|Q36834|NU4M_TRIRU	43.0	488	266	7	12731	11301	6	492	6.65e-102	342
GG669565.1	sp|Q4UK26|NUOM_RICFE	41.3	462	264	4	12665	11298	31	491	2.20e-101	340
GG669565.1	sp|O21047|NU4M_DICDI	42.2	427	234	5	12692	11451	15	441	3.01e-94	322
GG669565.1	sp|Q2LCP7|NU4M_DICCI	47.6	317	164	1	12395	11451	3	319	1.42e-90	306
GG669565.1	sp|Q9B8C8|NU4M_CANAL	44.6	404	216	4	12539	11343	37	437	1.95e-90	308
GG669565.1	sp|P48917|NU4M_WICCA	35.6	503	293	6	12728	11301	9	507	4.23e-88	303
GG669564.1	sp|P50367|NU5M_RHIST	64.4	1015	0	2	2781	5825	1	654	0.0	1123
GG669564.1	sp|Q3T4F3|NU2M_RHIOR	99.8	523	1	0	9881	8313	1	523	4.41e-308	937
GG669564.1	sp|Q0H8X0|NU5M_USTMA	42.3	979	204	2	2781	5714	1	619	1.24e-216	681
GG669564.1	sp|Q85T01|NU5M_CRYNH	40.7	1022	233	3	2781	5816	1	659	7.18e-214	672
GG669564.1	sp|Q6V9D9|NU5M_TALMA	37.2	1016	270	6	2781	5813	1	653	4.06e-192	610
GG669564.1	sp|Q6QU67|NU5M_ASPNG	36.2	1017	285	5	2781	5822	1	656	1.15e-186	594
GG669564.1	sp|Q35136|IEND4_NEUCR	55.0	573	223	5	2781	4493	1	540	2.54e-186	588
GG669564.1	sp|Q8HHD2|NU5M_CRYPA	35.8	1017	284	6	2781	5813	1	654	1.37e-183	585
GG669564.1	sp|Q01561|NU5M_TRIRU	35.9	1014	285	4	2781	5813	1	652	1.07e-182	582
GG669564.1	sp|P20679|NU5M_PODAN	36.4	981	261	3	2781	5714	1	621	1.05e-180	577
GG669564.1	sp|P11628|NU5M_EMEND	35.6	1013	288	5	2781	5813	1	651	1.08e-177	568
GG669564.1	sp|Q8SHP7|NU5M_HYPJE	35.0	997	281	5	2781	5759	1	634	2.54e-177	568
GG669564.1	sp|P26849|NU5M_MARPO	35.5	1002	273	3	2781	5747	1	642	1.03e-174	560
GG669564.1	sp|P05510|NU5M_NEUCR	34.7	1026	267	7	2781	5738	1	663	4.70e-172	554
GG669564.1	sp|P50368|NU5M_SCHCO	35.9	1017	269	3	2781	5771	1	654	3.97e-169	545
GG669564.1	sp|P10330|NU5M_OENBE	35.0	997	278	3	2781	5741	1	637	2.75e-168	541
GG669564.1	sp|P29388|NU5M_ARATH	35.0	997	278	4	2781	5741	1	637	2.29e-167	539
GG669564.1	sp|Q37680|NU5M_WHEAT	34.4	997	284	4	2781	5741	1	637	6.03e-163	526
GG669564.1	sp|Q0H8Y9|NU2M_USTMA	52.9	560	204	9	9884	8313	3	538	1.45e-156	502
GG669564.1	sp|P50365|NU5M_ALLMA	34.2	992	275	9	2781	5714	1	628	2.44e-149	486
GG669564.1	sp|P48920|NU5M_CHOCR	33.3	1031	284	11	2781	5756	1	666	3.41e-146	478
GG669564.1	sp|P50366|NU5M_PHYIN	32.2	989	297	6	2778	5708	1	627	2.33e-138	455
GG669564.1	sp|Q35099|NU5M_METSE	32.1	979	284	6	2781	5714	1	599	1.70e-131	432
GG669564.1	sp|Q37372|NU5M_ACACA	31.4	1001	311	7	2781	5744	1	638	4.24e-128	426
GG669564.1	sp|Q2LCP6|NU5M_DICCI	30.3	1001	319	7	2781	5738	1	637	1.57e-125	418
