JAHLJY010000001.1	sp|Q8IVF4|DYH10_HUMAN	62.5	1782	657	6	1342021	1336694	1835	3610	0.0	2217
JAHLJY010000001.1	sp|Q9SMH3|DYH1A_CHLRE	56.8	1798	750	16	1342021	1336694	1961	3754	0.0	1972
JAHLJY010000001.1	sp|P34229|FAS1_YARLI	40.0	2145	1100	44	651164	657274	14	2079	0.0	1394
JAHLJY010000001.1	sp|Q9UUG0|FAS1_SCHPO	40.9	2072	1102	41	651236	657274	59	2067	0.0	1373
JAHLJY010000001.1	sp|P34731|FAS1_CANAX	45.9	1618	826	27	652484	657274	444	2033	0.0	1354
JAHLJY010000001.1	sp|P07149|FAS1_YEAST	39.4	2105	1138	39	651173	657274	7	2045	0.0	1334
JAHLJY010000001.1	sp|Q9C0G6|DYH6_HUMAN	39.6	1802	1039	21	1342021	1336694	1475	3253	0.0	1268
JAHLJY010000001.1	sp|P0C6F1|DYH2_MOUSE	39.6	1798	1028	18	1342021	1336697	1835	3597	0.0	1258
JAHLJY010000001.1	sp|Q9P225|DYH2_HUMAN	39.5	1796	1033	16	1342021	1336697	1806	3568	0.0	1246
JAHLJY010000001.1	sp|P23098|DYHC_TRIGR	39.9	1792	1022	21	1342021	1336709	1855	3612	0.0	1233
JAHLJY010000001.1	sp|Q9UFH2|DYH17_HUMAN	39.8	1788	1030	20	1342021	1336709	1850	3608	0.0	1227
JAHLJY010000001.1	sp|O75643|U520_HUMAN	55.5	1148	472	11	1075805	1072431	83	1214	0.0	1226
JAHLJY010000001.1	sp|Q6P4T2|U520_MOUSE	55.3	1151	470	12	1075805	1072431	83	1214	0.0	1226
JAHLJY010000001.1	sp|P39057|DYHC_HELCR	39.7	1792	1026	21	1342021	1336709	1855	3612	0.0	1226
JAHLJY010000001.1	sp|F1LNJ2|U520_RAT	55.4	1147	472	11	1075805	1072434	83	1213	0.0	1226
JAHLJY010000001.1	sp|Q9VUV9|U520_DROME	55.7	1130	474	8	1075769	1072431	95	1214	0.0	1224
JAHLJY010000001.1	sp|Q9NYC9|DYH9_HUMAN	39.5	1787	1039	17	1342021	1336709	1873	3632	0.0	1217
JAHLJY010000001.1	sp|Q69Z23|DYH17_MOUSE	40.0	1787	1029	19	1342021	1336709	1834	3592	0.0	1216
JAHLJY010000001.1	sp|Q9UT24|BRR2_SCHPO	54.3	1146	488	9	1075790	1072431	117	1252	0.0	1204
JAHLJY010000001.1	sp|Q8WXX0|DYH7_HUMAN	38.1	1854	1048	24	1342021	1336697	1331	3164	0.0	1204
JAHLJY010000001.1	sp|Q63170|DYH7_RAT	38.1	1854	1049	25	1342021	1336697	1364	3197	0.0	1202
JAHLJY010000001.1	sp|Q9MBF8|DYH1B_CHLRE	37.8	1829	1063	17	1342021	1336694	1848	3655	0.0	1170
JAHLJY010000001.1	sp|Q96DT5|DYH11_HUMAN	38.0	1799	1063	22	1342021	1336697	1896	3666	0.0	1156
JAHLJY010000001.1	sp|Q5AV07|ATNM_EMENI	35.9	2068	1161	43	651305	657274	121	2101	0.0	1155
JAHLJY010000001.1	sp|Q8TD57|DYH3_HUMAN	36.6	1843	1081	22	1342021	1336697	1432	3255	0.0	1149
JAHLJY010000002.1	sp|P23098|DYHC_TRIGR	65.5	1700	583	2	395989	390896	1957	3654	0.0	2225
JAHLJY010000002.1	sp|P39057|DYHC_HELCR	64.9	1700	592	2	395989	390896	1957	3654	0.0	2205
JAHLJY010000002.1	sp|Q69Z23|DYH17_MOUSE	63.7	1699	612	3	395989	390902	1936	3632	0.0	2158
JAHLJY010000002.1	sp|Q9UFH2|DYH17_HUMAN	63.6	1685	608	3	395989	390944	1952	3634	0.0	2146
JAHLJY010000002.1	sp|Q9NYC9|DYH9_HUMAN	62.7	1700	628	4	395989	390902	1975	3672	0.0	2117
JAHLJY010000002.1	sp|Q96DT5|DYH11_HUMAN	59.1	1708	684	4	395989	390902	1998	3702	0.0	2021
JAHLJY010000002.1	sp|Q39565|DYHB_CHLRE	46.7	1713	887	14	395989	390902	2024	3727	0.0	1511
JAHLJY010000002.1	sp|Q39610|DYHA_CHLRE	46.9	1733	874	15	395989	390902	1843	3566	0.0	1501
JAHLJY010000002.1	sp|P08096|TOP2_SCHPO	62.4	992	364	5	683278	686244	78	1063	0.0	1238
JAHLJY010000002.1	sp|P30182|TOP2_ARATH	61.2	1004	373	12	683260	686244	29	1024	0.0	1189
JAHLJY010000002.1	sp|O42131|TOP2B_CHICK	59.5	1021	382	8	683251	686244	49	1060	0.0	1172
JAHLJY010000002.1	sp|Q01320|TOP2A_MOUSE	59.1	1011	392	7	683263	686244	28	1033	0.0	1168
JAHLJY010000002.1	sp|Q02880|TOP2B_HUMAN	59.4	1015	382	7	683263	686244	50	1055	0.0	1166
JAHLJY010000002.1	sp|Q64511|TOP2B_MOUSE	59.3	1015	383	7	683263	686244	38	1043	0.0	1166
JAHLJY010000002.1	sp|Q64399|TOP2B_CRILO	59.3	1015	383	7	683263	686244	38	1043	0.0	1165
JAHLJY010000002.1	sp|O46374|TOP2A_PIG	59.1	1011	391	7	683263	686244	29	1034	0.0	1162
JAHLJY010000002.1	sp|P41515|TOP2A_CRIGR	58.7	1011	396	7	683263	686244	28	1033	0.0	1162
JAHLJY010000002.1	sp|P11388|TOP2A_HUMAN	58.9	1011	394	7	683263	686244	29	1034	0.0	1161
JAHLJY010000002.1	sp|Q9Y8G8|TOP2_PENCH	58.5	1008	405	8	683245	686244	57	1059	0.0	1161
JAHLJY010000002.1	sp|O42130|TOP2A_CHICK	58.7	1011	396	7	683263	686244	30	1035	0.0	1153
JAHLJY010000002.1	sp|P41516|TOP2A_RAT	58.7	1011	395	8	683263	686244	28	1032	0.0	1152
JAHLJY010000002.1	sp|O24308|TOP2_PEA	59.0	1002	376	13	683260	686244	17	990	0.0	1143
JAHLJY010000002.1	sp|P06786|TOP2_YEAST	57.3	1003	409	8	683278	686244	12	1009	0.0	1139
JAHLJY010000002.1	sp|B0D6H2|ARO1_LACBS	48.5	1362	604	30	467278	471123	241	1584	0.0	1137
JAHLJY010000002.1	sp|O93794|TOP2_CANGA	56.8	1001	412	8	683260	686220	5	999	0.0	1133
JAHLJY010000003.1	sp|O94609|UBA1_SCHPO	58.6	862	350	3	728416	725846	14	873	0.0	1001
JAHLJY010000003.1	sp|P22515|UBA1_YEAST	57.9	875	343	10	728410	725846	15	884	1.63e-309	967
JAHLJY010000003.1	sp|P52495|UBA1_CANAW	56.7	862	352	9	728383	725846	25	881	7.11e-303	948
JAHLJY010000003.1	sp|A3KMV5|UBA1_BOVIN	54.5	874	387	6	728434	725840	43	914	4.72e-300	942
JAHLJY010000003.1	sp|P22314|UBA1_HUMAN	55.7	857	369	7	728383	725840	60	914	6.47e-298	936
JAHLJY010000003.1	sp|Q29504|UBA1_RABIT	55.2	857	373	6	728383	725840	60	914	2.21e-297	934
JAHLJY010000003.1	sp|Q5U300|UBA1_RAT	54.6	866	382	6	728410	725840	51	914	3.01e-297	934
JAHLJY010000003.1	sp|Q02053|UBA1_MOUSE	54.4	866	384	6	728410	725840	51	914	7.58e-297	932
JAHLJY010000003.1	sp|P31254|UBA1Y_MOUSE	54.0	872	389	6	728425	725840	45	914	3.06e-293	922
JAHLJY010000003.1	sp|Q55C16|UBA1_DICDI	52.3	878	395	12	728410	725825	14	883	1.52e-275	869
JAHLJY010000003.1	sp|P87144|SYTC_SCHPO	65.7	612	198	4	283769	285568	88	699	1.09e-272	847
JAHLJY010000003.1	sp|P04801|SYTC_YEAST	63.1	615	211	4	283769	285565	114	728	1.67e-265	828
JAHLJY010000003.1	sp|Q9CSH3|RRP44_MOUSE	50.2	877	391	15	848623	851145	1	867	5.59e-258	816
JAHLJY010000003.1	sp|Q9Y2L1|RRP44_HUMAN	49.7	878	394	16	848623	851145	1	867	1.65e-256	812
JAHLJY010000003.1	sp|Q5XHY5|SYTC_RAT	64.3	599	211	3	283769	285562	94	690	1.00e-254	795
JAHLJY010000003.1	sp|Q9D0R2|SYTC_MOUSE	64.6	599	206	5	283769	285562	121	714	1.05e-254	796
JAHLJY010000003.1	sp|Q3ZBV8|SYTC_BOVIN	64.6	599	206	5	283769	285562	122	715	2.37e-253	793
JAHLJY010000003.1	sp|P26639|SYTC_HUMAN	64.7	597	205	5	283769	285556	122	713	8.13e-253	791
JAHLJY010000003.1	sp|Q8BLY2|SYTC2_MOUSE	61.6	602	225	5	283769	285571	189	785	1.68e-245	773
JAHLJY010000003.1	sp|A2RTX5|SYTC2_HUMAN	63.9	574	204	3	283769	285487	201	772	2.99e-244	770
JAHLJY010000003.1	sp|Q0V9S0|SYTC2_XENTR	62.4	601	217	5	283769	285568	213	805	5.32e-243	767
JAHLJY010000003.1	sp|P39533|ACON2_YEAST	61.1	604	225	4	567743	569527	32	634	5.03e-238	751
JAHLJY010000003.1	sp|P37202|DIS3_SCHPO	48.0	873	409	13	848659	851145	27	898	1.61e-237	758
JAHLJY010000003.1	sp|P93028|UBE11_ARATH	47.4	878	431	14	728410	725846	74	943	2.96e-236	758
JAHLJY010000003.1	sp|P92974|UBE12_ARATH	47.1	873	441	11	728410	725846	71	940	6.76e-236	757
JAHLJY010000004.1	sp|Q9C102|GLT1_SCHPO	66.7	1117	357	5	364701	361384	551	1663	0.0	1496
JAHLJY010000004.1	sp|P36594|RPB1_SCHPO	60.0	1207	449	10	401991	405575	328	1512	0.0	1385
JAHLJY010000004.1	sp|Q75A34|RPB1_ASHGO	53.6	1364	599	12	401337	405401	115	1453	0.0	1353
JAHLJY010000004.1	sp|P18616|NRPB1_ARATH	58.7	1220	482	12	401991	405608	333	1544	0.0	1341
JAHLJY010000004.1	sp|P35084|RPB1_DICDI	59.9	1152	441	8	401991	405404	327	1471	0.0	1337
JAHLJY010000004.1	sp|P04050|RPB1_YEAST	59.4	1141	449	7	401991	405401	322	1452	0.0	1314
JAHLJY010000004.1	sp|Q0JKD0|GLT1_ORYSJ	59.3	1129	426	12	364704	361384	595	1711	0.0	1270
JAHLJY010000004.1	sp|Q03460|GLSN_MEDSA	58.9	1150	416	15	364704	361384	596	1731	0.0	1261
JAHLJY010000004.1	sp|Q12680|GLT1_YEAST	56.7	1155	450	9	364701	361384	537	1690	0.0	1258
JAHLJY010000004.1	sp|Q0DG35|GLT2_ORYSJ	58.7	1132	438	12	364704	361384	602	1729	0.0	1255
JAHLJY010000004.1	sp|Q9LV03|GLUT1_ARATH	57.9	1143	441	13	364704	361384	614	1752	0.0	1248
JAHLJY010000004.1	sp|Q02061|RPB2_SCHPO	70.1	849	233	7	85900	83402	184	1027	0.0	1193
JAHLJY010000004.1	sp|P08518|RPB2_YEAST	67.2	848	257	4	85897	83396	200	1040	0.0	1148
JAHLJY010000004.1	sp|Q6FLD5|RPB2_CANGA	66.2	850	263	5	85897	83396	198	1039	0.0	1136
JAHLJY010000004.1	sp|A5DCV3|RPB1_PICGU	47.2	1434	546	14	401337	405596	116	1352	0.0	1133
JAHLJY010000004.1	sp|Q753Q4|RPB2_ASHGO	66.4	850	264	5	85897	83396	195	1038	0.0	1129
JAHLJY010000004.1	sp|P38420|NRPB2_ARATH	66.5	829	258	4	85900	83414	187	995	0.0	1119
JAHLJY010000004.1	sp|Q42877|RPB2_SOLLC	66.1	829	261	5	85900	83414	186	994	0.0	1115
JAHLJY010000004.1	sp|Q54J75|RPB2_DICDI	63.7	830	271	8	85900	83414	185	985	0.0	1076
JAHLJY010000004.1	sp|P55037|GLTB_SYNY3	56.1	1018	436	9	364704	361660	512	1521	0.0	1068
JAHLJY010000004.1	sp|Q10578|RPB2_CAEEL	63.0	832	280	6	85897	83414	188	995	0.0	1036
JAHLJY010000004.1	sp|P23921|RIR1_HUMAN	77.3	648	141	2	530197	532140	69	710	0.0	1027
JAHLJY010000004.1	sp|Q5R919|RIR1_PONAB	77.0	648	143	2	530197	532140	69	710	0.0	1023
JAHLJY010000004.1	sp|P79732|RIR1_DANRE	76.9	648	144	2	530197	532140	69	710	0.0	1012
JAHLJY010000004.1	sp|Q9UW15|RIR1_NEUCR	74.0	646	163	2	530203	532140	71	711	0.0	994
JAHLJY010000005.1	sp|P45444|DYHC_EMENI	43.4	2553	1273	40	774021	781193	869	3412	0.0	1936
JAHLJY010000005.1	sp|P45443|DYHC_NEUCR	42.5	2558	1290	43	774024	781193	878	3425	0.0	1907
JAHLJY010000005.1	sp|Q14204|DYHC1_HUMAN	41.4	2590	1322	36	774015	781193	825	3413	0.0	1876
JAHLJY010000005.1	sp|Q9JHU4|DYHC1_MOUSE	41.4	2593	1318	37	774015	781193	823	3411	0.0	1875
JAHLJY010000005.1	sp|P37276|DYHC_DROME	41.4	2572	1300	42	774069	781193	837	3399	0.0	1870
JAHLJY010000005.1	sp|P38650|DYHC1_RAT	41.3	2593	1319	37	774015	781193	823	3411	0.0	1870
JAHLJY010000005.1	sp|P78716|DYHC_FUSVN	41.3	2552	1330	41	774021	781196	883	3424	0.0	1832
JAHLJY010000005.1	sp|P34036|DYHC_DICDI	41.2	2481	1254	41	774339	781193	1026	3498	0.0	1762
JAHLJY010000005.1	sp|Q19020|DYHC_CAEEL	40.2	2567	1351	47	774015	781193	804	3356	0.0	1738
JAHLJY010000005.1	sp|Q27171|DYHC_PARTE	37.4	2531	1427	43	774030	781193	791	3303	0.0	1601
JAHLJY010000005.1	sp|Q8IBG1|DYHC1_PLAF7	34.8	2549	1335	47	774480	781181	1072	3610	0.0	1420
JAHLJY010000005.1	sp|Q9C1M7|DYHC_ASHGO	34.3	2481	1492	47	774057	781193	781	3224	0.0	1354
JAHLJY010000005.1	sp|O94666|RPC1_SCHPO	53.5	1255	509	14	618272	614622	1	1219	0.0	1278
JAHLJY010000005.1	sp|Q6BI69|RPC1_DEBHA	52.3	1303	506	18	618272	614619	1	1272	0.0	1259
JAHLJY010000005.1	sp|P04051|RPC1_YEAST	51.8	1306	508	21	618272	614619	1	1273	0.0	1236
JAHLJY010000005.1	sp|P36022|DYHC_YEAST	32.4	2453	1508	47	774159	781193	820	3230	0.0	1201
JAHLJY010000005.1	sp|Q86AQ5|RPC1_DICDI	47.8	1309	543	15	618254	614619	8	1273	0.0	1161
JAHLJY010000005.1	sp|Q5ZL98|RPC1_CHICK	50.2	1234	545	13	618242	614619	13	1202	0.0	1155
JAHLJY010000005.1	sp|O14802|RPC1_HUMAN	49.8	1237	545	15	618242	614619	13	1202	0.0	1146
JAHLJY010000005.1	sp|A4IF62|RPC1_BOVIN	49.6	1235	550	14	618242	614619	13	1202	0.0	1137
JAHLJY010000005.1	sp|F4JXF9|NRPC1_ARATH	45.6	1242	601	19	618287	614622	5	1191	1.07e-313	994
JAHLJY010000005.1	sp|P23098|DYHC_TRIGR	30.0	2021	1272	46	775380	781160	1284	3255	3.10e-251	873
JAHLJY010000005.1	sp|Q9JJ79|DYHC2_RAT	29.7	2173	1326	46	775044	781181	1008	3105	7.40e-251	871
JAHLJY010000005.1	sp|P39057|DYHC_HELCR	29.5	2055	1306	45	775278	781160	1250	3255	2.75e-250	870
JAHLJY010000005.1	sp|Q45VK7|DYHC2_MOUSE	29.7	2173	1325	46	775044	781181	1008	3105	1.98e-249	867
JAHLJY010000006.1	sp|Q8WXX0|DYH7_HUMAN	48.4	2777	1263	27	103137	95050	1331	4019	0.0	2413
JAHLJY010000006.1	sp|Q63170|DYH7_RAT	48.4	2794	1239	30	103137	95050	1364	4052	0.0	2409
JAHLJY010000006.1	sp|Q8BW94|DYH3_MOUSE	48.0	2751	1304	30	103137	95050	1399	4078	0.0	2296
JAHLJY010000006.1	sp|Q8TD57|DYH3_HUMAN	46.3	2749	1353	27	103137	95050	1432	4111	0.0	2265
JAHLJY010000006.1	sp|Q9P2D7|DYH1_HUMAN	55.8	1734	720	10	166166	171250	1584	3309	0.0	1939
JAHLJY010000006.1	sp|E9Q8T7|DYH1_MOUSE	55.4	1737	721	12	166166	171250	1569	3294	0.0	1914
JAHLJY010000006.1	sp|Q63164|DYH1_RAT	52.2	1798	729	15	166166	171250	1790	3560	0.0	1813
JAHLJY010000006.1	sp|Q8VHE6|DYH5_MOUSE	60.1	1467	572	6	620065	624432	1982	3446	0.0	1772
JAHLJY010000006.1	sp|Q8TE73|DYH5_HUMAN	60.7	1436	559	4	620065	624360	1985	3419	0.0	1763
JAHLJY010000006.1	sp|Q91XQ0|DYH8_MOUSE	60.0	1464	577	4	620065	624432	2092	3554	0.0	1745
JAHLJY010000006.1	sp|M0R8U1|DYH5_RAT	59.5	1437	575	5	620065	624360	1982	3416	0.0	1725
JAHLJY010000006.1	sp|Q96JB1|DYH8_HUMAN	60.1	1431	566	4	620065	624348	1851	3279	0.0	1722
JAHLJY010000006.1	sp|Q9C0G6|DYH6_HUMAN	41.4	2129	1168	19	103137	96847	1475	3556	0.0	1597
JAHLJY010000006.1	sp|P0C6F1|DYH2_MOUSE	42.5	2113	1128	25	103137	96853	1835	3878	0.0	1576
JAHLJY010000006.1	sp|Q9P225|DYH2_HUMAN	42.2	2119	1126	25	103137	96853	1806	3849	0.0	1550
JAHLJY010000006.1	sp|Q9MBF8|DYH1B_CHLRE	40.9	2138	1166	27	103137	96859	1848	3933	0.0	1449
JAHLJY010000006.1	sp|Q8IVF4|DYH10_HUMAN	37.0	2123	1242	28	103137	96853	1835	3890	0.0	1330
JAHLJY010000006.1	sp|Q9SMH3|DYH1A_CHLRE	36.0	2140	1263	27	103137	96859	1961	4041	0.0	1302
JAHLJY010000006.1	sp|Q39575|DYHG_CHLRE	47.2	1450	725	16	620065	624342	1824	3257	0.0	1263
JAHLJY010000006.1	sp|Q69Z23|DYH17_MOUSE	37.0	2108	1242	31	103137	96856	1834	3870	0.0	1257
JAHLJY010000006.1	sp|P23098|DYHC_TRIGR	37.3	2116	1224	30	103137	96856	1855	3890	0.0	1254
JAHLJY010000006.1	sp|P39057|DYHC_HELCR	37.5	2116	1221	30	103137	96856	1855	3890	0.0	1250
JAHLJY010000006.1	sp|Q9UFH2|DYH17_HUMAN	36.2	2111	1255	31	103137	96856	1850	3886	0.0	1235
JAHLJY010000006.1	sp|Q9NYC9|DYH9_HUMAN	35.9	2113	1260	28	103137	96856	1873	3910	0.0	1216
JAHLJY010000006.1	sp|Q39565|DYHB_CHLRE	34.3	2119	1304	25	103137	96862	1922	3979	0.0	1208
JAHLJY010000007.1	sp|A2YWQ1|HSP81_ORYSI	72.9	690	185	1	325100	327163	10	699	1.63e-306	944
JAHLJY010000007.1	sp|Q0J4P2|HSP81_ORYSJ	72.9	690	185	1	325100	327163	10	699	1.63e-306	944
JAHLJY010000007.1	sp|Q07078|HSP83_ORYSJ	72.8	690	186	1	325100	327163	10	699	4.12e-306	943
JAHLJY010000007.1	sp|Q69QQ6|HSP82_ORYSJ	72.6	690	187	1	325100	327163	10	699	1.04e-305	942
JAHLJY010000007.1	sp|P55737|HS902_ARATH	72.4	691	188	2	325100	327163	9	699	2.34e-302	932
JAHLJY010000007.1	sp|P51818|HS903_ARATH	72.1	691	190	2	325100	327163	9	699	2.77e-301	929
JAHLJY010000007.1	sp|O03986|HS904_ARATH	71.3	691	195	2	325100	327163	9	699	7.17e-299	922
JAHLJY010000007.1	sp|P36181|HSP80_SOLLC	71.5	692	192	3	325100	327163	9	699	1.15e-297	919
JAHLJY010000007.1	sp|P27323|HS901_ARATH	71.4	692	194	3	325100	327163	9	700	3.18e-293	906
JAHLJY010000007.1	sp|P51819|HSP83_IPONI	70.8	691	198	4	325100	327163	14	703	3.73e-289	894
JAHLJY010000007.1	sp|Q08277|HSP82_MAIZE	70.4	699	194	6	325100	327163	19	715	1.46e-288	893
JAHLJY010000007.1	sp|P41887|HSP90_SCHPO	70.8	696	195	3	325100	327163	9	704	2.14e-287	889
JAHLJY010000007.1	sp|P07900|HS90A_HUMAN	68.8	712	197	4	325100	327163	22	732	4.37e-287	890
JAHLJY010000007.1	sp|P30946|HS90A_RABIT	67.1	694	201	5	325100	327163	22	694	6.95e-287	887
JAHLJY010000007.1	sp|P82995|HS90A_RAT	68.7	713	197	4	325100	327163	22	733	8.40e-287	889
JAHLJY010000007.1	sp|Q76LV2|HS90A_BOVIN	68.6	713	198	4	325100	327163	22	733	1.14e-286	889
JAHLJY010000007.1	sp|Q9GKX7|HS90A_HORSE	68.6	713	198	4	325100	327163	22	733	1.14e-286	889
JAHLJY010000007.1	sp|P07901|HS90A_MOUSE	68.7	713	197	4	325100	327163	22	733	1.14e-286	889
JAHLJY010000007.1	sp|P46598|HSP90_CANAL	69.1	698	205	5	325100	327163	11	707	1.52e-286	887
JAHLJY010000007.1	sp|Q76LV1|HS90B_BOVIN	68.3	709	203	4	325100	327163	17	724	2.83e-286	887
JAHLJY010000007.1	sp|Q9GKX8|HS90B_HORSE	68.1	709	204	4	325100	327163	17	724	3.85e-286	887
JAHLJY010000007.1	sp|Q4R4T5|HS90B_MACFA	68.1	709	204	4	325100	327163	17	724	3.85e-286	887
JAHLJY010000007.1	sp|P08238|HS90B_HUMAN	68.4	709	202	5	325100	327163	17	724	5.25e-286	886
JAHLJY010000007.1	sp|Q4R4P1|HS90A_MACFA	68.6	713	198	4	325100	327163	22	733	5.35e-286	887
JAHLJY010000007.1	sp|O02705|HS90A_PIG	68.4	713	199	4	325100	327163	22	733	9.91e-286	886
JAHLJY010000008.1	sp|Q9C0G6|DYH6_HUMAN	50.8	1996	866	16	543481	549294	2216	4153	0.0	1890
JAHLJY010000008.1	sp|Q63170|DYH7_RAT	41.1	1979	1069	22	543481	549294	2129	4052	0.0	1402
JAHLJY010000008.1	sp|Q8WXX0|DYH7_HUMAN	41.0	1982	1067	23	543481	549294	2096	4019	0.0	1396
JAHLJY010000008.1	sp|E9Q8T7|DYH1_MOUSE	40.1	1993	1060	28	543481	549294	2332	4245	0.0	1379
JAHLJY010000008.1	sp|Q9P2D7|DYH1_HUMAN	39.8	1991	1069	25	543481	549294	2347	4260	0.0	1375
JAHLJY010000008.1	sp|Q63164|DYH1_RAT	39.8	2019	1047	31	543481	549294	2580	4511	0.0	1367
JAHLJY010000008.1	sp|Q8TD57|DYH3_HUMAN	40.1	2001	1053	25	543481	549294	2193	4111	0.0	1362
JAHLJY010000008.1	sp|Q80W93|HYDIN_MOUSE	34.9	2154	1253	32	349172	343104	2780	4916	0.0	1338
JAHLJY010000008.1	sp|P0C6F1|DYH2_MOUSE	43.1	1734	948	14	543481	548661	2564	4265	0.0	1333
JAHLJY010000008.1	sp|Q8BW94|DYH3_MOUSE	40.2	2001	1052	26	543481	549294	2160	4078	0.0	1330
JAHLJY010000008.1	sp|Q4G0P3|HYDIN_HUMAN	35.4	2150	1237	35	349172	343128	2742	4875	0.0	1329
JAHLJY010000008.1	sp|Q9P225|DYH2_HUMAN	42.9	1734	951	14	543481	548661	2535	4236	0.0	1322
JAHLJY010000008.1	sp|Q9MBF8|DYH1B_CHLRE	43.4	1733	940	16	543481	548646	2616	4318	0.0	1296
JAHLJY010000008.1	sp|Q8IVF4|DYH10_HUMAN	36.6	1745	1042	19	543481	548646	2575	4277	0.0	1075
JAHLJY010000008.1	sp|P23098|DYHC_TRIGR	36.4	1748	1044	26	543487	548661	2579	4282	3.46e-299	1027
JAHLJY010000008.1	sp|Q8TE73|DYH5_HUMAN	35.2	1755	1062	23	543481	548625	2710	4428	7.18e-299	1027
JAHLJY010000008.1	sp|Q8VHE6|DYH5_MOUSE	35.0	1757	1062	22	543481	548625	2707	4425	1.23e-298	1026
JAHLJY010000008.1	sp|P39057|DYHC_HELCR	36.1	1749	1048	27	543487	548661	2579	4282	1.86e-294	1012
JAHLJY010000008.1	sp|Q96DT5|DYH11_HUMAN	36.2	1738	1040	27	543487	548628	2629	4321	8.78e-292	1004
JAHLJY010000008.1	sp|Q9NYC9|DYH9_HUMAN	35.0	1738	1061	24	543487	548628	2598	4291	3.90e-291	1001
JAHLJY010000008.1	sp|Q69Z23|DYH17_MOUSE	35.8	1756	1058	29	543487	548628	2559	4286	2.99e-288	992
JAHLJY010000008.1	sp|Q9UFH2|DYH17_HUMAN	35.2	1740	1054	25	543487	548628	2575	4267	2.56e-284	979
JAHLJY010000008.1	sp|Q9SMH3|DYH1A_CHLRE	33.6	1762	1101	20	543481	548661	2708	4435	1.75e-283	978
JAHLJY010000008.1	sp|Q96JB1|DYH8_HUMAN	34.5	1752	1077	21	543481	548625	2576	4293	2.73e-283	976
JAHLJY010000008.1	sp|Q91XQ0|DYH8_MOUSE	34.2	1754	1080	22	543481	548625	2817	4534	5.57e-282	974
JAHLJY010000009.1	sp|P11586|C1TC_HUMAN	68.1	769	230	5	385359	383065	178	935	0.0	1038
JAHLJY010000009.1	sp|Q5R8P0|C1TC_PONAB	67.9	769	232	5	385359	383065	178	935	0.0	1034
JAHLJY010000009.1	sp|Q922D8|C1TC_MOUSE	68.0	769	231	5	385359	383065	178	935	0.0	1028
JAHLJY010000009.1	sp|P27653|C1TC_RAT	67.9	769	232	5	385359	383065	178	935	0.0	1025
JAHLJY010000009.1	sp|Q8WZJ7|C1TC_SCHPO	64.1	766	270	5	385359	383068	174	936	5.70e-314	976
JAHLJY010000009.1	sp|Q27772|C1TC_SPOFR	61.2	768	285	3	385359	383065	176	933	2.67e-295	922
JAHLJY010000009.1	sp|P07245|C1TC_YEAST	59.6	799	308	6	385428	383065	152	946	6.71e-294	919
JAHLJY010000009.1	sp|P09440|C1TM_YEAST	59.4	793	310	8	385416	383065	186	975	1.02e-289	908
JAHLJY010000009.1	sp|O96553|C1TC_DROME	60.7	768	289	3	385359	383065	211	968	6.88e-289	905
JAHLJY010000009.1	sp|Q0VCR7|C1TM_BOVIN	61.5	748	262	5	385299	383065	251	975	5.80e-280	880
JAHLJY010000009.1	sp|Q6UB35|C1TM_HUMAN	61.1	753	258	6	385299	383065	253	978	7.53e-279	877
JAHLJY010000009.1	sp|O43007|C1TM_SCHPO	57.5	769	317	6	385359	383068	208	971	7.19e-278	874
JAHLJY010000009.1	sp|Q3V3R1|C1TM_MOUSE	59.7	762	282	6	385341	383065	238	977	1.16e-277	873
JAHLJY010000009.1	sp|P28723|FTHS_SPIOL	67.2	635	197	4	384969	383068	12	636	1.59e-273	846
JAHLJY010000009.1	sp|Q9SPK5|FTHS_ARATH	65.6	631	206	4	384957	383068	13	633	4.24e-272	842
JAHLJY010000009.1	sp|O13966|ACON_SCHPO	79.6	437	89	0	447254	448564	66	502	2.94e-229	726
JAHLJY010000009.1	sp|Q4WLN1|ACON_ASPFU	78.5	437	94	0	447254	448564	64	500	1.56e-221	703
JAHLJY010000009.1	sp|C8VG90|ACON_EMENI	77.8	437	97	0	447254	448564	62	498	8.62e-221	701
JAHLJY010000009.1	sp|Q54XS2|ACON_DICDI	78.3	434	93	1	447263	448564	50	482	5.80e-219	695
JAHLJY010000009.1	sp|P82611|ACON_CANAL	75.6	438	106	1	447254	448564	56	493	2.10e-217	691
JAHLJY010000009.1	sp|P20004|ACON_BOVIN	76.2	437	104	0	447254	448564	59	495	3.16e-217	691
JAHLJY010000009.1	sp|D4AT77|ACON_ARTBC	76.4	437	103	0	447254	448564	55	491	3.63e-217	690
JAHLJY010000009.1	sp|Q9ER34|ACON_RAT	76.4	437	103	0	447254	448564	59	495	4.30e-217	690
JAHLJY010000009.1	sp|P16276|ACON_PIG	76.2	437	104	0	447254	448564	59	495	6.05e-217	690
JAHLJY010000009.1	sp|Q99KI0|ACON_MOUSE	76.2	437	104	0	447254	448564	59	495	1.08e-216	689
JAHLJY010000010.1	sp|Q8NCM8|DYHC2_HUMAN	48.9	2000	968	11	307561	301721	1691	3689	0.0	1805
JAHLJY010000010.1	sp|Q9JJ79|DYHC2_RAT	48.1	1999	985	11	307561	301721	1691	3688	0.0	1794
JAHLJY010000010.1	sp|Q45VK7|DYHC2_MOUSE	48.2	1999	983	11	307561	301721	1691	3688	0.0	1788
JAHLJY010000010.1	sp|Q27802|DYHC2_TRIGR	45.5	2001	1036	15	307561	301721	1699	3698	0.0	1691
JAHLJY010000010.1	sp|Q9SMH5|DYHC2_CHLRE	44.9	1978	1036	23	307561	301721	1745	3700	0.0	1601
JAHLJY010000010.1	sp|Q19542|DYHC2_CAEEL	40.5	1976	1113	20	307561	301712	1639	3577	0.0	1372
JAHLJY010000010.1	sp|O60072|MUG81_SCHPO	50.4	963	452	10	282964	280133	74	1029	7.62e-277	907
JAHLJY010000010.1	sp|Q14204|DYHC1_HUMAN	30.4	2115	1281	42	307561	301727	1908	4002	1.01e-263	914
JAHLJY010000010.1	sp|Q9JHU4|DYHC1_MOUSE	30.7	2115	1276	43	307561	301727	1906	4000	2.27e-263	913
JAHLJY010000010.1	sp|P38650|DYHC1_RAT	30.7	2116	1275	44	307561	301727	1906	4000	1.53e-262	910
JAHLJY010000010.1	sp|P34036|DYHC_DICDI	30.2	2160	1273	40	307561	301694	1976	4106	7.39e-262	908
JAHLJY010000010.1	sp|P45443|DYHC_NEUCR	31.3	2091	1261	38	307561	301718	1945	4003	6.35e-261	904
JAHLJY010000010.1	sp|P53327|SLH1_YEAST	50.9	897	414	13	282853	280199	132	1014	8.84e-261	860
JAHLJY010000010.1	sp|P45444|DYHC_EMENI	32.4	2103	1224	37	307561	301718	1936	3995	1.86e-258	895
JAHLJY010000010.1	sp|Q27171|DYHC_PARTE	31.8	1968	1200	27	307561	302021	1837	3782	4.20e-257	892
JAHLJY010000010.1	sp|P37276|DYHC_DROME	31.4	2126	1263	47	307561	301697	1897	3996	1.08e-255	888
JAHLJY010000010.1	sp|F1LPQ2|ASCC3_RAT	49.6	963	423	11	282904	280187	246	1203	1.10e-253	846
JAHLJY010000010.1	sp|Q19020|DYHC_CAEEL	30.3	2105	1293	40	307561	301718	1867	3954	8.15e-253	878
JAHLJY010000010.1	sp|E1BNG3|ASCC3_BOVIN	49.1	963	429	10	282904	280184	246	1203	1.76e-252	843
JAHLJY010000010.1	sp|E9PZJ8|ASCC3_MOUSE	49.1	962	430	9	282904	280187	246	1203	2.99e-252	842
JAHLJY010000010.1	sp|F1NTD6|ASCC3_CHICK	49.0	963	431	10	282904	280184	254	1212	1.24e-248	832
JAHLJY010000010.1	sp|Q8N3C0|ASCC3_HUMAN	48.5	964	435	10	282904	280181	246	1204	3.38e-248	830
JAHLJY010000010.1	sp|P78716|DYHC_FUSVN	30.1	2086	1288	38	307561	301718	1948	4001	1.99e-244	850
JAHLJY010000010.1	sp|Q9FNQ1|DEXHE_ARATH	45.5	962	495	10	282979	280157	290	1243	2.81e-235	790
JAHLJY010000010.1	sp|E7F8F4|ASCC3_DANRE	52.0	786	335	8	282535	280184	20	765	4.21e-235	771
JAHLJY010000011.1	sp|Q91V92|ACLY_MOUSE	61.4	945	327	11	350761	347963	95	1013	0.0	1134
JAHLJY010000011.1	sp|P53396|ACLY_HUMAN	60.8	955	326	12	350761	347963	95	1023	0.0	1132
JAHLJY010000011.1	sp|P16638|ACLY_RAT	60.6	954	329	11	350761	347963	95	1022	0.0	1132
JAHLJY010000011.1	sp|Q2TCH3|ACLY_SHEEP	60.4	955	330	11	350761	347963	95	1023	0.0	1130
JAHLJY010000011.1	sp|Q32PF2|ACLY_BOVIN	61.0	945	331	11	350761	347963	95	1013	0.0	1126
JAHLJY010000011.1	sp|P53585|ACLY_CAEEL	55.1	957	384	10	350764	347963	93	1026	0.0	1008
JAHLJY010000011.1	sp|P14864|EF1A2_MUCCL	87.8	458	56	0	461170	462543	1	458	8.52e-272	833
JAHLJY010000011.1	sp|P06805|EF1A1_MUCCL	87.6	458	57	0	461170	462543	1	458	2.93e-271	831
JAHLJY010000011.1	sp|P28295|EF1A_ABSGL	87.8	458	56	0	461170	462543	1	458	1.38e-270	829
JAHLJY010000011.1	sp|P14865|EF1A3_MUCCL	87.8	458	55	1	461170	462543	1	457	6.22e-270	827
JAHLJY010000011.1	sp|O42820|EF1A_SCHCO	88.0	459	54	1	461170	462543	1	459	3.27e-269	825
JAHLJY010000011.1	sp|Q9HDF6|EF1A_SERIN	87.4	461	55	2	461170	462543	1	461	2.33e-266	817
JAHLJY010000011.1	sp|P0CY35|EF1A1_CANAL	86.2	458	63	0	461170	462543	1	458	2.73e-266	817
JAHLJY010000011.1	sp|Q59QD6|EF1A2_CANAL	86.2	458	63	0	461170	462543	1	458	2.73e-266	817
JAHLJY010000011.1	sp|P0CN31|EF1A_CRYNB	86.5	458	62	0	461170	462543	1	458	9.76e-266	815
JAHLJY010000011.1	sp|P0CN30|EF1A_CRYNJ	86.5	458	62	0	461170	462543	1	458	9.76e-266	815
JAHLJY010000011.1	sp|Q8X097|ACL1_NEUCR	73.4	546	145	0	349600	347963	34	579	5.19e-265	823
JAHLJY010000011.1	sp|A5DPE3|EF1A_PICGU	86.0	458	64	0	461170	462543	1	458	8.18e-265	813
JAHLJY010000011.1	sp|P41752|EF1A_ASHGO	86.7	458	61	0	461170	462543	1	458	2.07e-264	811
JAHLJY010000011.1	sp|O93988|ACL1_SORMK	73.1	546	147	0	349600	347963	38	583	2.81e-264	821
JAHLJY010000011.1	sp|P02994|EF1A_YEAST	86.7	458	61	0	461170	462543	1	458	7.12e-264	810
JAHLJY010000011.1	sp|Q01372|EF1A_NEUCR	85.2	460	66	2	461170	462543	1	460	6.02e-260	799
JAHLJY010000011.1	sp|P41745|EF1A_BLAAD	85.4	459	66	1	461170	462543	1	459	1.08e-259	798
JAHLJY010000011.1	sp|O59949|EF1A_YARLI	85.0	460	67	2	461170	462543	1	460	2.07e-259	797
JAHLJY010000011.1	sp|Q09069|EF1A_SORMA	84.8	460	68	2	461170	462543	1	460	3.35e-258	794
JAHLJY010000012.1	sp|Q9Y7K2|TOR2_SCHPO	54.1	1474	652	8	69802	65435	69	1535	0.0	1563
JAHLJY010000012.1	sp|Q86C65|TOR_DICDI	54.2	1499	640	14	69802	65417	84	1573	0.0	1535
JAHLJY010000012.1	sp|O14356|TOR1_SCHPO	47.8	1472	752	10	69799	65423	70	1537	0.0	1331
JAHLJY010000012.1	sp|P32600|TOR2_YEAST	44.8	1528	780	14	69802	65378	155	1672	0.0	1259
JAHLJY010000012.1	sp|P42346|MTOR_RAT	44.2	1599	728	20	69796	65450	93	1677	0.0	1241
JAHLJY010000012.1	sp|P42345|MTOR_HUMAN	44.3	1599	727	21	69796	65450	93	1677	0.0	1239
JAHLJY010000012.1	sp|Q9JLN9|MTOR_MOUSE	44.2	1599	729	20	69796	65450	93	1677	0.0	1239
JAHLJY010000012.1	sp|P35169|TOR1_YEAST	45.3	1494	766	16	69802	65450	143	1628	0.0	1228
JAHLJY010000012.1	sp|A5DI11|EF2_PICGU	73.9	804	208	2	207249	204841	37	839	0.0	1204
JAHLJY010000012.1	sp|O14460|EF2_SCHPO	72.9	804	216	2	207249	204841	37	839	0.0	1200
JAHLJY010000012.1	sp|Q5A0M4|EF2_CANAL	74.3	804	205	2	207249	204841	37	839	0.0	1200
JAHLJY010000012.1	sp|C4YJQ8|EF2_CANAW	74.3	804	205	2	207249	204841	37	839	0.0	1200
JAHLJY010000012.1	sp|Q875S0|EF2_LACK1	72.6	804	218	2	207249	204841	37	839	0.0	1192
JAHLJY010000012.1	sp|Q6FYA7|EF2_CANGA	73.0	804	215	2	207249	204841	37	839	0.0	1190
JAHLJY010000012.1	sp|P32324|EF2_YEAST	73.1	804	214	2	207249	204841	37	839	0.0	1187
JAHLJY010000012.1	sp|Q875Z2|EF2_NAUCC	73.4	804	212	2	207249	204841	37	839	0.0	1186
JAHLJY010000012.1	sp|Q96X45|EF2_NEUCR	72.6	806	217	4	207249	204841	37	841	0.0	1179
JAHLJY010000012.1	sp|Q754C8|EF2_ASHGO	72.5	804	219	2	207249	204841	37	839	0.0	1178
JAHLJY010000012.1	sp|Q6CPQ9|EF2_KLULA	72.3	804	221	2	207249	204841	37	839	0.0	1176
JAHLJY010000012.1	sp|Q874B9|EF2_PICPA	72.1	804	222	2	207249	204841	37	839	0.0	1175
JAHLJY010000012.1	sp|Q6BJ25|EF2_DEBHA	72.0	804	223	2	207249	204841	37	839	0.0	1168
JAHLJY010000012.1	sp|P29691|EF2_CAEEL	68.6	816	238	4	207249	204844	37	848	0.0	1123
JAHLJY010000012.1	sp|Q1HPK6|EF2_BOMMO	68.4	810	242	6	207249	204844	37	840	0.0	1106
JAHLJY010000012.1	sp|Q3SYU2|EF2_BOVIN	66.4	819	257	4	207249	204844	37	854	0.0	1104
JAHLJY010000012.1	sp|A0SXL6|EF2_CALJA	66.4	819	257	4	207249	204844	37	854	0.0	1104
JAHLJY010000013.1	sp|Q54KM7|GCSP_DICDI	57.7	970	384	8	230655	233519	26	984	0.0	1129
JAHLJY010000013.1	sp|Q8YNF9|GCSP_NOSS1	57.4	958	385	8	230670	233519	31	973	0.0	1123
JAHLJY010000013.1	sp|B2J427|GCSP_NOSP7	56.9	957	394	6	230670	233519	23	968	0.0	1120
JAHLJY010000013.1	sp|Q3M9G1|GCSP_TRIV2	57.5	955	380	7	230670	233519	31	964	0.0	1120
JAHLJY010000013.1	sp|Q04PM7|GCSP_LEPBJ	57.7	955	380	5	230667	233519	20	954	0.0	1120
JAHLJY010000013.1	sp|Q055P8|GCSP_LEPBL	57.7	955	380	5	230667	233519	20	954	0.0	1120
JAHLJY010000013.1	sp|Q91W43|GCSP_MOUSE	57.6	956	381	6	230673	233519	66	1004	0.0	1117
JAHLJY010000013.1	sp|P23378|GCSP_HUMAN	57.5	956	382	8	230673	233519	61	999	0.0	1113
JAHLJY010000013.1	sp|P15505|GCSP_CHICK	57.6	957	374	8	230673	233519	51	983	0.0	1112
JAHLJY010000013.1	sp|Q72VI8|GCSP_LEPIC	57.4	955	383	5	230667	233519	20	954	0.0	1111
JAHLJY010000013.1	sp|Q8F937|GCSP_LEPIN	57.2	955	385	5	230667	233519	20	954	0.0	1110
JAHLJY010000013.1	sp|O80988|GCSP2_ARATH	57.0	1004	388	13	230589	233519	41	1027	0.0	1107
JAHLJY010000013.1	sp|O49954|GCSP_SOLTU	56.5	990	401	9	230589	233519	46	1018	0.0	1102
JAHLJY010000013.1	sp|P26969|GCSP_PEA	57.3	973	384	8	230646	233519	83	1039	0.0	1101
JAHLJY010000013.1	sp|Q09785|GCSP_SCHPO	55.5	970	411	8	230661	233516	57	1023	0.0	1099
JAHLJY010000013.1	sp|Q2SFI6|GCSP_HAHCH	57.8	954	379	7	230673	233519	15	949	0.0	1098
JAHLJY010000013.1	sp|O49850|GCSP_FLAAN	57.0	966	387	9	230658	233519	68	1017	0.0	1096
JAHLJY010000013.1	sp|P49361|GCSPA_FLAPR	57.0	966	387	9	230658	233519	71	1020	0.0	1095
JAHLJY010000013.1	sp|P49362|GCSPB_FLAPR	56.9	966	388	9	230658	233519	68	1017	0.0	1094
JAHLJY010000013.1	sp|O49852|GCSP_FLATR	56.9	966	388	9	230658	233519	68	1017	0.0	1093
JAHLJY010000013.1	sp|Q94B78|GCSP1_ARATH	56.9	967	387	10	230658	233519	72	1021	0.0	1085
JAHLJY010000013.1	sp|Q7MEH9|GCSP_VIBVY	56.6	950	389	6	230679	233519	14	943	0.0	1085
JAHLJY010000013.1	sp|A7N5C4|GCSP_VIBCB	57.1	950	385	6	230679	233519	14	943	0.0	1084
JAHLJY010000013.1	sp|Q8D7G7|GCSP_VIBVU	56.6	950	389	6	230679	233519	14	943	0.0	1083
JAHLJY010000013.1	sp|Q87I05|GCSP_VIBPA	56.6	950	389	6	230679	233519	14	943	0.0	1082
JAHLJY010000014.1	sp|O93845|DPOE_EMENI	37.9	2192	1158	38	326670	320473	83	2196	0.0	1348
JAHLJY010000014.1	sp|P0CN27|DPOE_CRYNB	38.8	2198	1150	40	326682	320479	105	2237	0.0	1345
JAHLJY010000014.1	sp|P0CN26|DPOE_CRYNJ	38.8	2198	1150	40	326682	320479	105	2237	0.0	1345
JAHLJY010000014.1	sp|P87154|DPOE_SCHPO	39.7	2028	1068	35	326235	320461	216	2191	0.0	1331
JAHLJY010000014.1	sp|Q4PFV5|DPOE_USTMA	38.0	2238	1168	39	326682	320494	95	2287	0.0	1329
JAHLJY010000014.1	sp|Q4WXH8|DPOE_ASPFU	37.2	2211	1170	39	326670	320473	83	2219	0.0	1318
JAHLJY010000014.1	sp|Q6BNG2|DPOE_DEBHA	36.3	2188	1195	42	326652	320473	101	2217	0.0	1258
JAHLJY010000014.1	sp|Q6CUS7|DPOE_KLULA	36.0	2171	1205	45	326652	320458	91	2182	0.0	1202
JAHLJY010000014.1	sp|Q9VCN1|DPOE1_DROME	36.4	2122	1084	43	326289	320458	196	2229	0.0	1199
JAHLJY010000014.1	sp|Q6FNY7|DPOE_CANGA	36.0	2062	1139	37	326283	320452	218	2216	0.0	1191
JAHLJY010000014.1	sp|Q07864|DPOE1_HUMAN	38.0	1994	1037	36	326676	321136	71	2012	0.0	1179
JAHLJY010000014.1	sp|P21951|DPOE_YEAST	34.7	2189	1220	43	326664	320473	109	2213	0.0	1174
JAHLJY010000014.1	sp|Q9WVF7|DPOE1_MOUSE	39.4	1872	953	33	326310	321133	175	2010	0.0	1174
JAHLJY010000014.1	sp|Q752B8|DPOE_ASHGO	35.7	2057	1130	40	326301	320473	195	2172	0.0	1128
JAHLJY010000014.1	sp|F4HW04|DPOE1_ARATH	35.5	2024	1159	31	326256	320467	180	2150	0.0	1112
JAHLJY010000014.1	sp|F4IFN6|DPOE2_ARATH	35.4	2028	1164	33	326289	320467	160	2127	0.0	1085
JAHLJY010000014.1	sp|P40976|LYS2_SCHPO	50.6	1158	484	21	175951	172670	131	1264	0.0	1055
JAHLJY010000014.1	sp|Q54RD4|DPOE1_DICDI	34.7	1878	1007	33	326244	321133	210	2042	1.97e-316	1037
JAHLJY010000014.1	sp|O74298|LYS2_PENCH	48.1	1167	519	25	175957	172643	117	1258	4.15e-307	976
JAHLJY010000014.1	sp|Q6FMI5|LYS2_CANGA	50.0	1080	460	23	175729	172670	157	1216	8.58e-305	967
JAHLJY010000014.1	sp|P07702|LYS2_YEAST	48.8	1080	473	20	175726	172670	173	1233	3.23e-303	964
JAHLJY010000014.1	sp|Q6C4J0|DPOE_YARLI	30.9	2248	1247	49	326682	320452	69	2180	1.31e-292	961
JAHLJY010000014.1	sp|Q75BB3|LYS2_ASHGO	46.0	1130	522	19	175915	172700	121	1220	4.96e-286	914
JAHLJY010000014.1	sp|Q12572|LYS2_CANAX	45.7	1166	518	25	175909	172643	116	1243	5.43e-276	885
JAHLJY010000014.1	sp|O13639|SAHH_SCHPO	80.1	433	86	0	343800	342502	1	433	2.25e-230	712
JAHLJY010000015.1	sp|Q8DF81|PUR4_VIBVU	59.2	883	339	13	337734	335125	177	1051	2.17e-312	986
JAHLJY010000015.1	sp|Q7MN70|PUR4_VIBVY	59.1	883	340	13	337734	335125	177	1051	7.39e-312	985
JAHLJY010000015.1	sp|Q9HXN2|PUR4_PSEAE	58.7	882	344	12	337728	335125	177	1052	3.54e-311	983
JAHLJY010000015.1	sp|Q88P16|PUR4_PSEPK	59.6	883	336	13	337728	335125	177	1053	3.66e-311	983
JAHLJY010000015.1	sp|Q3KHL4|PUR4_PSEPF	58.4	882	347	12	337728	335125	177	1052	4.81e-311	983
JAHLJY010000015.1	sp|Q4KHS6|PUR4_PSEF5	58.8	882	343	12	337728	335125	177	1052	3.03e-310	980
JAHLJY010000015.1	sp|Q1D9V4|PUR4_MYXXD	60.5	880	328	12	337728	335125	182	1053	1.97e-309	978
JAHLJY010000015.1	sp|O14228|PUR4_SCHPO	58.1	896	339	14	337728	335125	182	1069	5.81e-309	978
JAHLJY010000015.1	sp|Q87RW0|PUR4_VIBPA	58.4	887	345	13	337734	335125	177	1056	8.63e-308	973
JAHLJY010000015.1	sp|Q48LX3|PUR4_PSE14	57.9	882	351	12	337728	335125	177	1052	1.03e-307	973
JAHLJY010000015.1	sp|Q4ZX02|PUR4_PSEU2	57.8	882	352	12	337728	335125	177	1052	6.49e-307	971
JAHLJY010000015.1	sp|Q6LU24|PUR4_PHOPR	59.9	858	328	11	337728	335185	179	1030	7.61e-307	971
JAHLJY010000015.1	sp|Q886W6|PUR4_PSESM	57.7	882	353	12	337728	335125	177	1052	7.55e-306	967
JAHLJY010000015.1	sp|Q0HKU9|PUR4_SHESM	58.4	882	341	14	337728	335125	178	1047	1.61e-303	961
JAHLJY010000015.1	sp|Q9KTN2|PUR4_VIBCH	58.3	882	349	12	337734	335125	177	1051	4.58e-303	959
JAHLJY010000015.1	sp|Q7N1Z4|PUR4_PHOLL	58.2	879	349	12	337728	335125	178	1049	7.93e-303	959
JAHLJY010000015.1	sp|Q5E749|PUR4_ALIF1	57.5	891	344	14	337728	335125	179	1057	1.89e-302	958
JAHLJY010000015.1	sp|Q2SK05|PUR4_HAHCH	57.4	887	351	13	337734	335125	177	1053	4.05e-302	957
JAHLJY010000015.1	sp|Q0HX47|PUR4_SHESR	58.2	882	343	14	337728	335125	178	1047	4.68e-302	956
JAHLJY010000015.1	sp|Q5QWY0|PUR4_IDILO	57.7	882	354	12	337734	335125	175	1049	4.99e-302	956
JAHLJY010000015.1	sp|Q3IHZ2|PUR4_PSET1	57.8	883	351	14	337731	335125	176	1050	7.01e-302	956
JAHLJY010000015.1	sp|Q085S1|PUR4_SHEFN	57.9	882	345	14	337728	335125	178	1047	7.40e-301	953
JAHLJY010000015.1	sp|Q8EC57|PUR4_SHEON	58.0	886	338	17	337728	335125	178	1047	1.37e-300	952
JAHLJY010000015.1	sp|Q8XA46|PUR4_ECO57	57.1	878	360	11	337728	335125	179	1049	6.75e-300	950
JAHLJY010000015.1	sp|Q1R8H7|PUR4_ECOUT	57.1	878	360	11	337728	335125	179	1049	6.75e-300	950
JAHLJY010000016.1	sp|P39986|SPF1_YEAST	45.8	1123	530	19	103577	100434	4	1122	5.44e-272	866
JAHLJY010000016.1	sp|O14072|ATC4_SCHPO	44.0	1132	541	19	103580	100434	3	1124	5.52e-269	857
JAHLJY010000016.1	sp|Q9HD20|AT131_HUMAN	44.5	1045	528	22	103451	100434	89	1120	3.37e-248	797
JAHLJY010000016.1	sp|Q9EPE9|AT131_MOUSE	44.2	1045	530	23	103451	100434	86	1116	1.59e-246	792
JAHLJY010000016.1	sp|Q9LT02|PDR2_ARATH	43.1	1096	556	19	103568	100428	6	1082	3.56e-236	761
JAHLJY010000016.1	sp|P90747|AT131_CAEEL	40.6	1104	569	24	103535	100434	13	1099	2.04e-229	741
JAHLJY010000016.1	sp|Q64541|AT1A4_RAT	45.4	813	421	10	57923	60331	48	847	2.18e-197	643
JAHLJY010000016.1	sp|P18907|AT1A1_HORSE	45.1	813	423	9	57923	60331	41	840	4.42e-197	642
JAHLJY010000016.1	sp|P09572|AT1A1_CHICK	42.9	892	449	11	57923	60568	41	882	1.11e-196	640
JAHLJY010000016.1	sp|Q9N0Z6|AT1A1_RABIT	45.1	813	423	9	57923	60331	43	842	2.94e-196	639
JAHLJY010000016.1	sp|Q9WV27|AT1A4_MOUSE	45.6	813	419	10	57923	60331	52	851	5.23e-196	639
JAHLJY010000016.1	sp|Q08DA1|AT1A1_BOVIN	43.0	880	443	10	57923	60532	41	871	9.41e-196	638
JAHLJY010000016.1	sp|P20967|ODO1_YEAST	59.0	512	208	2	326957	328489	180	690	1.91e-195	637
JAHLJY010000016.1	sp|P04074|AT1A1_SHEEP	42.8	880	444	10	57923	60532	41	871	2.35e-195	637
JAHLJY010000016.1	sp|Q92123|AT1A1_XENLA	45.4	813	421	9	57923	60331	45	844	3.60e-195	636
JAHLJY010000016.1	sp|P13607|ATNA_DROME	43.8	816	432	11	57935	60322	49	857	5.80e-195	636
JAHLJY010000016.1	sp|P05024|AT1A1_PIG	42.9	877	442	10	57923	60523	41	868	8.00e-195	635
JAHLJY010000016.1	sp|P28774|AT1B_ARTSF	44.3	813	429	10	57926	60331	24	823	8.85e-195	634
JAHLJY010000016.1	sp|Q6RWA9|AT1A_TAESO	45.1	811	419	9	57923	60322	34	829	1.19e-194	634
JAHLJY010000016.1	sp|P05023|AT1A1_HUMAN	45.0	813	424	9	57923	60331	43	842	1.56e-194	634
JAHLJY010000016.1	sp|Q5RDR3|AT1A1_PONAB	45.0	813	424	9	57923	60331	43	842	1.56e-194	634
JAHLJY010000016.1	sp|O74378|ODO1_SCHPO	58.9	516	211	1	326942	328489	174	688	1.90e-194	634
JAHLJY010000016.1	sp|Q8VDN2|AT1A1_MOUSE	44.9	813	425	9	57923	60331	43	842	2.88e-194	634
JAHLJY010000016.1	sp|P06685|AT1A1_RAT	44.9	813	425	9	57923	60331	43	842	2.88e-194	634
JAHLJY010000016.1	sp|P05025|AT1A_TETCF	42.0	891	458	11	57923	60568	43	883	5.16e-194	633
JAHLJY010000017.1	sp|Q99PV0|PRP8_MOUSE	69.2	2311	663	11	107088	114002	67	2335	0.0	3255
JAHLJY010000017.1	sp|Q6P2Q9|PRP8_HUMAN	69.2	2311	663	11	107088	114002	67	2335	0.0	3255
JAHLJY010000017.1	sp|P34369|PRP8_CAEEL	67.6	2311	705	11	107088	114002	57	2329	0.0	3193
JAHLJY010000017.1	sp|Q9SSD2|PRP8A_ARATH	67.6	2310	703	10	107088	114002	91	2359	0.0	3186
JAHLJY010000017.1	sp|Q9T0I6|PRP8B_ARATH	66.5	2292	736	10	107088	113948	89	2354	0.0	3108
JAHLJY010000017.1	sp|Q8T295|PRP8_DICDI	64.2	2309	785	14	107088	113999	54	2326	0.0	2986
JAHLJY010000017.1	sp|O14187|SPP42_SCHPO	62.4	2337	832	18	106962	113948	59	2356	0.0	2887
JAHLJY010000017.1	sp|P33334|PRP8_YEAST	54.1	2304	1013	18	107088	113963	140	2411	0.0	2453
JAHLJY010000017.1	sp|Q875Q8|MYO2_LACK1	45.3	1220	584	19	361244	357705	213	1389	3.14e-222	734
JAHLJY010000017.1	sp|Q876G9|MYO2_SACU7	38.3	1233	670	26	361244	357705	213	1407	7.65e-220	727
JAHLJY010000017.1	sp|P19524|MYO2_YEAST	44.3	1243	624	23	361244	357663	213	1436	2.04e-217	720
JAHLJY010000017.1	sp|Q875X3|MYO2A_NAUCC	40.0	1225	664	20	361244	357705	216	1414	2.69e-213	708
JAHLJY010000017.1	sp|Q10251|IF2P_SCHPO	66.1	507	169	2	295390	296910	478	981	8.13e-207	672
JAHLJY010000017.1	sp|P39730|IF2P_YEAST	65.9	508	170	2	295390	296913	399	903	3.52e-203	659
JAHLJY010000017.1	sp|G0S8G9|IF2P_CHATD	65.8	506	170	2	295390	296907	517	1019	4.26e-202	660
JAHLJY010000017.1	sp|A0JN52|SF3B3_BOVIN	52.7	613	264	6	420474	422258	1	605	7.91e-189	625
JAHLJY010000017.1	sp|Q15393|SF3B3_HUMAN	52.7	613	264	6	420474	422258	1	605	7.91e-189	625
JAHLJY010000017.1	sp|Q921M3|SF3B3_MOUSE	52.7	613	264	6	420474	422258	1	605	7.91e-189	625
JAHLJY010000017.1	sp|Q5RBI5|SF3B3_PONAB	52.7	613	264	6	420474	422258	1	605	1.45e-188	624
JAHLJY010000017.1	sp|Q9W0M7|SF3B3_DROME	51.9	613	269	6	420474	422258	1	605	1.90e-188	624
JAHLJY010000017.1	sp|Q1LVE8|SF3B3_DANRE	51.9	613	269	6	420474	422258	1	605	2.53e-186	617
JAHLJY010000017.1	sp|Q875X4|MYO2B_NAUCC	54.5	609	257	5	361244	359460	221	823	8.62e-186	622
JAHLJY010000017.1	sp|Q5B1X8|RSE1_EMENI	50.2	625	283	5	420474	422282	7	625	1.26e-185	615
JAHLJY010000017.1	sp|Q4WLI5|RSE1_ASPFU	50.1	625	284	5	420474	422282	7	625	1.62e-184	612
JAHLJY010000017.1	sp|Q7RYR4|RSE1_NEUCR	49.8	626	286	6	420474	422282	7	627	1.84e-182	606
JAHLJY010000018.1	sp|Q7PPA5|ATC1_ANOGA	58.1	904	335	15	339097	336428	40	913	3.73e-292	916
JAHLJY010000018.1	sp|P22700|ATC1_DROME	58.1	905	334	16	339097	336428	40	914	5.43e-292	916
JAHLJY010000018.1	sp|P13585|AT2A1_CHICK	56.8	905	346	15	339097	336428	40	914	3.07e-290	910
JAHLJY010000018.1	sp|Q92105|AT2A1_PELES	57.3	909	335	18	339097	336428	40	914	4.17e-290	909
JAHLJY010000018.1	sp|Q292Q0|ATC1_DROPS	57.5	905	340	16	339097	336428	40	914	1.90e-287	902
JAHLJY010000018.1	sp|O55143|AT2A2_MOUSE	56.0	903	355	14	339097	336428	40	913	1.26e-285	899
JAHLJY010000018.1	sp|Q00779|AT2A2_FELCA	55.9	903	356	14	339097	336428	40	913	1.62e-285	896
JAHLJY010000018.1	sp|O46674|AT2A2_CANLF	55.8	903	357	14	339097	336428	40	913	2.20e-285	896
JAHLJY010000018.1	sp|P11507|AT2A2_RAT	56.0	903	355	14	339097	336428	40	913	2.25e-285	898
JAHLJY010000018.1	sp|Q9YGL9|AT2A3_CHICK	55.5	905	358	14	339097	336428	40	914	3.20e-285	895
JAHLJY010000018.1	sp|P11607|AT2A2_PIG	55.9	903	356	14	339097	336428	40	913	7.43e-285	896
JAHLJY010000018.1	sp|P70083|AT2A1_MAKNI	55.5	905	355	14	339097	336428	40	911	3.39e-284	892
JAHLJY010000018.1	sp|P20647|AT2A2_RABIT	55.8	903	357	14	339097	336428	40	913	8.69e-284	893
JAHLJY010000018.1	sp|P16615|AT2A2_HUMAN	55.8	903	357	14	339097	336428	40	913	1.61e-283	892
JAHLJY010000018.1	sp|P35316|ATC_ARTSF	56.8	912	339	17	339097	336428	40	918	6.85e-283	889
JAHLJY010000018.1	sp|P04191|AT2A1_RABIT	55.8	905	355	15	339097	336428	40	914	5.51e-282	886
JAHLJY010000018.1	sp|Q8R429|AT2A1_MOUSE	56.1	903	355	15	339097	336428	40	914	8.04e-282	885
JAHLJY010000018.1	sp|Q64578|AT2A1_RAT	56.1	903	355	15	339097	336428	40	914	8.04e-282	885
JAHLJY010000018.1	sp|O14983|AT2A1_HUMAN	55.8	905	355	15	339097	336428	40	914	3.49e-281	884
JAHLJY010000018.1	sp|Q0VCY0|AT2A1_BOVIN	55.9	905	353	15	339097	336428	40	913	4.92e-281	883
JAHLJY010000018.1	sp|Q03669|AT2A2_CHICK	55.7	903	358	15	339097	336428	40	913	9.90e-281	884
JAHLJY010000018.1	sp|O77696|AT2A3_PIG	55.0	905	362	14	339097	336428	40	914	5.20e-280	880
JAHLJY010000018.1	sp|Q93084|AT2A3_HUMAN	54.7	905	365	14	339097	336428	40	914	4.47e-279	878
JAHLJY010000018.1	sp|P18596|AT2A3_RAT	54.6	908	361	15	339097	336428	40	914	1.53e-278	876
JAHLJY010000018.1	sp|Q64518|AT2A3_MOUSE	54.5	908	362	15	339097	336428	40	914	1.79e-277	873
JAHLJY010000019.1	sp|P0C6F1|DYH2_MOUSE	41.5	2613	1351	31	49031	41436	1937	4454	0.0	1813
JAHLJY010000019.1	sp|Q9P225|DYH2_HUMAN	40.7	2666	1311	37	49031	41436	1908	4425	0.0	1798
JAHLJY010000019.1	sp|Q9MBF8|DYH1B_CHLRE	36.9	2650	1466	33	49031	41436	1950	4511	0.0	1465
JAHLJY010000019.1	sp|P09436|SYIC_YEAST	61.4	871	328	3	63497	66091	8	876	0.0	1152
JAHLJY010000019.1	sp|Q8BU30|SYIC_MOUSE	60.3	878	340	6	63473	66091	1	874	0.0	1115
JAHLJY010000019.1	sp|P41252|SYIC_HUMAN	59.9	878	343	6	63473	66091	1	874	0.0	1110
JAHLJY010000019.1	sp|O13651|SYIC_SCHPO	59.8	881	345	4	63497	66115	3	882	0.0	1096
JAHLJY010000019.1	sp|Q54YD4|SYIC_DICDI	59.0	877	346	8	63485	66091	4	874	0.0	1061
JAHLJY010000019.1	sp|F4JLM5|SYIC_ARATH	56.9	898	351	7	63491	66091	8	900	0.0	1055
JAHLJY010000019.1	sp|Q21926|SYIC_CAEEL	56.5	886	370	6	63476	66118	4	879	0.0	1043
JAHLJY010000019.1	sp|P36422|SYI_TETTH	54.6	870	387	6	63500	66091	15	882	0.0	1002
JAHLJY010000019.1	sp|Q9C0G6|DYH6_HUMAN	29.3	2679	1649	48	49031	41436	1577	4156	9.29e-315	1071
JAHLJY010000019.1	sp|E9Q8T7|DYH1_MOUSE	29.6	2688	1626	57	49031	41436	1671	4248	8.43e-291	998
JAHLJY010000019.1	sp|Q9P2D7|DYH1_HUMAN	29.2	2682	1644	55	49031	41436	1686	4263	2.42e-287	987
JAHLJY010000019.1	sp|Q6MKX0|SYI_BDEBA	51.6	878	397	13	63479	66097	12	866	4.42e-285	897
JAHLJY010000019.1	sp|Q63170|DYH7_RAT	28.4	2748	1593	48	49031	41436	1466	4055	2.53e-281	966
JAHLJY010000019.1	sp|Q8WXX0|DYH7_HUMAN	28.1	2757	1589	48	49031	41436	1433	4022	1.66e-278	956
JAHLJY010000019.1	sp|Q63164|DYH1_RAT	28.7	2727	1632	57	48998	41436	1889	4514	2.71e-277	957
JAHLJY010000019.1	sp|Q8TD57|DYH3_HUMAN	28.1	2688	1670	47	49031	41436	1534	4114	9.74e-277	952
JAHLJY010000019.1	sp|Q8BW94|DYH3_MOUSE	28.4	2679	1672	47	49031	41436	1501	4081	8.62e-270	929
JAHLJY010000019.1	sp|O84022|SYI_CHLTR	48.3	847	413	11	63491	66028	5	827	2.05e-264	837
JAHLJY010000019.1	sp|B0B9C6|SYI_CHLT2	48.2	847	414	11	63491	66028	5	827	2.39e-263	834
JAHLJY010000019.1	sp|B0BB05|SYI_CHLTB	48.2	847	414	11	63491	66028	5	827	2.39e-263	834
JAHLJY010000019.1	sp|Q9Z972|SYI_CHLPN	48.4	845	410	12	63500	66028	10	830	3.01e-263	834
JAHLJY010000019.1	sp|Q3KN03|SYI_CHLTA	48.1	847	415	11	63491	66028	5	827	8.17e-263	832
JAHLJY010000020.1	sp|Q8BW94|DYH3_MOUSE	58.4	1400	563	10	250018	245852	1399	2789	0.0	1630
JAHLJY010000020.1	sp|Q8TD57|DYH3_HUMAN	58.2	1400	565	9	250018	245852	1432	2822	0.0	1624
JAHLJY010000020.1	sp|Q63170|DYH7_RAT	58.6	1406	558	10	250018	245855	1364	2763	0.0	1618
JAHLJY010000020.1	sp|Q8WXX0|DYH7_HUMAN	58.0	1406	567	10	250018	245855	1331	2730	0.0	1608
JAHLJY010000020.1	sp|Q9P2D7|DYH1_HUMAN	48.4	1408	662	16	250018	245900	1584	2962	0.0	1269
JAHLJY010000020.1	sp|E9Q8T7|DYH1_MOUSE	48.0	1408	668	15	250018	245900	1569	2947	0.0	1262
JAHLJY010000020.1	sp|Q3V0Q1|DYH12_MOUSE	58.1	1050	424	10	250018	246893	1254	2295	0.0	1208
JAHLJY010000020.1	sp|Q923J6|DYH12_RAT	56.1	1095	457	11	250018	246767	1254	2335	0.0	1206
JAHLJY010000020.1	sp|Q6ZR08|DYH12_HUMAN	58.3	1053	419	10	250018	246896	1256	2300	0.0	1202
JAHLJY010000020.1	sp|Q63164|DYH1_RAT	45.9	1451	662	19	250018	245900	1790	3195	0.0	1187
JAHLJY010000020.1	sp|Q9C0G6|DYH6_HUMAN	44.2	1376	729	13	250018	245912	1475	2818	0.0	1120
JAHLJY010000020.1	sp|P0C6F1|DYH2_MOUSE	41.6	1383	746	15	250018	245900	1835	3166	4.53e-313	1070
JAHLJY010000020.1	sp|Q9P225|DYH2_HUMAN	41.5	1382	750	16	250018	245900	1806	3137	4.17e-311	1063
JAHLJY010000020.1	sp|Q9MBF8|DYH1B_CHLRE	40.7	1408	753	16	250018	245921	1848	3215	7.24e-296	1016
JAHLJY010000020.1	sp|Q9SMH3|DYH1A_CHLRE	38.8	1414	768	22	250018	245900	1961	3318	5.96e-273	943
JAHLJY010000020.1	sp|Q8IVF4|DYH10_HUMAN	38.1	1397	787	23	250018	245900	1835	3177	7.68e-268	926
JAHLJY010000020.1	sp|Q54X49|METE_DICDI	52.9	819	327	11	233623	231344	2	820	4.97e-267	835
JAHLJY010000020.1	sp|Q11PV4|METE_CYTH3	55.0	769	326	7	233611	231350	5	768	2.27e-261	817
JAHLJY010000020.1	sp|Q9UFH2|DYH17_HUMAN	38.1	1378	788	20	250018	245912	1850	3171	5.39e-260	900
JAHLJY010000020.1	sp|A5FJR8|METE_FLAJ1	54.2	769	337	6	233623	231350	1	765	3.04e-259	811
JAHLJY010000020.1	sp|B2I621|METE_XYLF2	54.6	758	337	3	233614	231347	5	757	3.20e-259	810
JAHLJY010000020.1	sp|Q87BY8|METE_XYLFT	54.6	758	337	3	233614	231347	5	757	3.20e-259	810
JAHLJY010000020.1	sp|Q9UT19|METE_SCHPO	53.7	766	340	6	233623	231350	2	760	3.96e-259	810
JAHLJY010000020.1	sp|Q69Z23|DYH17_MOUSE	37.4	1382	792	19	250018	245912	1834	3155	1.53e-258	896
JAHLJY010000020.1	sp|Q9PB72|METE_XYLFA	54.4	758	339	3	233614	231347	5	757	1.29e-257	805
JAHLJY010000021.1	sp|O93937|PYR1_EMENI	58.0	1470	471	15	57139	61146	585	2041	0.0	1566
JAHLJY010000021.1	sp|P07259|PYR1_YEAST	58.0	1461	483	18	57139	61146	543	1997	0.0	1550
JAHLJY010000021.1	sp|Q09794|PYR1_SCHPO	57.4	1446	505	15	57139	61146	579	2023	0.0	1541
JAHLJY010000021.1	sp|P20054|PYR1_DICDI	49.9	1506	579	23	57136	61146	510	2009	0.0	1316
JAHLJY010000021.1	sp|Q91437|PYR1_SQUAC	56.9	1059	423	10	57139	60243	503	1552	0.0	1160
JAHLJY010000021.1	sp|Q18990|PYR1_CAEEL	46.2	1492	622	26	57139	61146	497	1964	0.0	1147
JAHLJY010000021.1	sp|P05990|PYR1_DROME	61.0	979	366	9	57139	60039	510	1484	0.0	1137
JAHLJY010000021.1	sp|P27708|PYR1_HUMAN	59.4	974	384	9	57139	60039	500	1469	0.0	1130
JAHLJY010000021.1	sp|B2RQC6|PYR1_MOUSE	59.3	974	385	9	57139	60039	500	1469	0.0	1128
JAHLJY010000021.1	sp|P08955|PYR1_MESAU	59.3	974	385	9	57139	60039	500	1469	0.0	1127
JAHLJY010000021.1	sp|P07756|CPSM_RAT	56.3	961	398	9	57139	59979	532	1484	0.0	1047
JAHLJY010000021.1	sp|Q8C196|CPSM_MOUSE	56.3	961	398	9	57139	59979	532	1484	0.0	1047
JAHLJY010000021.1	sp|P31327|CPSM_HUMAN	56.1	961	400	10	57139	59979	532	1484	0.0	1040
JAHLJY010000021.1	sp|Q91293|CPSM_LITCT	54.9	960	412	6	57139	59979	529	1480	0.0	1028
JAHLJY010000021.1	sp|O94313|CARB_SCHPO	56.5	955	391	10	57139	59970	193	1134	0.0	1016
JAHLJY010000021.1	sp|Q75D66|CARB_ASHGO	56.0	957	392	13	57142	59961	136	1080	1.81e-318	996
JAHLJY010000021.1	sp|P03965|CARB_YEAST	54.5	991	402	15	57139	60027	135	1104	3.24e-317	993
JAHLJY010000021.1	sp|P46056|CARB_CUTCT	56.0	954	395	11	57139	59964	182	1122	3.14e-316	992
JAHLJY010000021.1	sp|Q5RHH4|IF172_DANRE	54.6	911	402	8	74770	72065	191	1098	1.22e-312	1004
JAHLJY010000021.1	sp|Q9UG01|IF172_HUMAN	53.3	911	413	8	74770	72065	191	1098	7.62e-306	984
JAHLJY010000021.1	sp|Q6VH22|IF172_MOUSE	52.7	911	419	8	74770	72065	191	1098	4.37e-301	971
JAHLJY010000021.1	sp|Q9JKU3|IF172_RAT	52.7	911	419	8	74770	72065	191	1098	2.00e-300	969
JAHLJY010000021.1	sp|P30316|DPOD_SCHPO	51.0	1016	461	13	49458	52493	100	1082	7.57e-295	927
JAHLJY010000021.1	sp|Q9LRE6|DPOD1_ORYSJ	48.7	1037	472	17	49458	52496	105	1105	9.20e-286	901
JAHLJY010000021.1	sp|Q5DM57|IF172_CHLRE	50.1	888	427	7	74755	72125	202	1084	1.57e-282	917
JAHLJY010000022.1	sp|Q68FD5|CLH1_MOUSE	64.1	1347	478	4	89655	93689	174	1516	0.0	1754
JAHLJY010000022.1	sp|P49951|CLH1_BOVIN	64.0	1347	479	4	89655	93689	174	1516	0.0	1753
JAHLJY010000022.1	sp|Q00610|CLH1_HUMAN	64.0	1347	479	4	89655	93689	174	1516	0.0	1753
JAHLJY010000022.1	sp|P11442|CLH1_RAT	64.0	1347	479	4	89655	93689	174	1516	0.0	1751
JAHLJY010000022.1	sp|P29742|CLH_DROME	63.3	1346	487	5	89661	93689	176	1517	0.0	1723
JAHLJY010000022.1	sp|P53675|CLH2_HUMAN	61.3	1347	515	4	89655	93689	174	1516	0.0	1676
JAHLJY010000022.1	sp|P34574|CLH_CAEEL	61.0	1348	518	5	89661	93689	174	1518	0.0	1652
JAHLJY010000022.1	sp|P25870|CLH_DICDI	55.1	1371	602	5	89658	93740	175	1542	0.0	1527
JAHLJY010000022.1	sp|Q10161|CLH_SCHPO	54.7	1363	611	4	89661	93749	175	1531	0.0	1526
JAHLJY010000022.1	sp|P22137|CLH_YEAST	54.9	1349	600	6	89658	93689	178	1522	0.0	1475
JAHLJY010000022.1	sp|Q2RBN7|CLH1_ORYSJ	54.3	1346	609	2	89664	93689	187	1530	0.0	1469
JAHLJY010000022.1	sp|Q2QYW2|CLH2_ORYSJ	54.2	1346	611	2	89664	93689	187	1530	0.0	1467
JAHLJY010000022.1	sp|Q0WNJ6|CLAH1_ARATH	52.9	1346	628	2	89664	93689	187	1530	0.0	1449
JAHLJY010000022.1	sp|Q0WLB5|CLAH2_ARATH	52.9	1349	630	2	89655	93689	184	1530	0.0	1447
JAHLJY010000022.1	sp|P29458|MCM4_SCHPO	61.9	575	206	7	151481	153166	218	792	3.03e-214	687
JAHLJY010000022.1	sp|P30665|MCM4_YEAST	59.7	586	217	9	151457	153166	233	815	2.71e-205	662
JAHLJY010000022.1	sp|P18907|AT1A1_HORSE	43.2	878	440	10	250599	253202	40	868	4.56e-197	641
JAHLJY010000022.1	sp|P24797|AT1A2_CHICK	43.5	878	436	11	250599	253202	37	864	1.37e-196	640
JAHLJY010000022.1	sp|P50993|AT1A2_HUMAN	43.3	877	439	9	250599	253202	40	867	1.50e-196	640
JAHLJY010000022.1	sp|Q6PIE5|AT1A2_MOUSE	43.4	878	437	10	250599	253202	40	867	2.04e-196	639
JAHLJY010000022.1	sp|P06686|AT1A2_RAT	43.4	878	437	10	250599	253202	40	867	2.04e-196	639
JAHLJY010000022.1	sp|D2WKD8|AT1A2_PIG	43.0	877	442	9	250599	253202	40	867	2.77e-196	639
JAHLJY010000022.1	sp|A2VDL6|AT1A2_BOVIN	43.0	877	442	9	250599	253202	40	867	5.11e-196	638
JAHLJY010000022.1	sp|P09572|AT1A1_CHICK	42.8	881	445	10	250599	253211	40	871	1.79e-195	637
JAHLJY010000022.1	sp|Q9N0Z6|AT1A1_RABIT	42.9	878	442	10	250599	253202	42	870	1.90e-195	637
JAHLJY010000023.1	sp|Q63170|DYH7_RAT	60.7	1537	595	7	208177	203582	2139	3671	0.0	1863
JAHLJY010000023.1	sp|Q8WXX0|DYH7_HUMAN	59.7	1539	607	6	208177	203582	2106	3638	0.0	1838
JAHLJY010000023.1	sp|Q8BW94|DYH3_MOUSE	57.4	1537	640	6	208177	203582	2170	3697	0.0	1765
JAHLJY010000023.1	sp|Q8TD57|DYH3_HUMAN	57.3	1537	642	6	208177	203582	2203	3730	0.0	1760
JAHLJY010000023.1	sp|Q9P2D7|DYH1_HUMAN	46.4	1552	779	14	208174	203582	2358	3877	0.0	1367
JAHLJY010000023.1	sp|Q63164|DYH1_RAT	46.2	1563	782	16	208171	203582	2592	4128	0.0	1352
JAHLJY010000023.1	sp|E9Q8T7|DYH1_MOUSE	46.3	1545	789	15	208171	203582	2344	3862	0.0	1347
JAHLJY010000023.1	sp|Q9C0G6|DYH6_HUMAN	40.5	1559	864	16	208177	203582	2226	3747	0.0	1143
JAHLJY010000023.1	sp|P0C6F1|DYH2_MOUSE	39.8	1541	862	17	208165	203588	2578	4068	0.0	1098
JAHLJY010000023.1	sp|O57683|SF3B1_XENLA	69.3	889	249	5	172735	175380	353	1224	0.0	1084
JAHLJY010000023.1	sp|Q9P225|DYH2_HUMAN	39.7	1538	869	18	208165	203588	2549	4039	0.0	1082
JAHLJY010000023.1	sp|O75533|SF3B1_HUMAN	69.2	889	250	5	172735	175380	350	1221	0.0	1081
JAHLJY010000023.1	sp|Q99NB9|SF3B1_MOUSE	69.2	889	250	5	172735	175380	350	1221	0.0	1081
JAHLJY010000023.1	sp|Q10178|SF3B1_SCHPO	53.7	1067	430	11	172213	175380	109	1122	0.0	1016
JAHLJY010000023.1	sp|Q9MBF8|DYH1B_CHLRE	38.9	1541	881	17	208165	203588	2630	4125	2.29e-303	1040
JAHLJY010000023.1	sp|Q9SMH3|DYH1A_CHLRE	35.6	1557	942	20	208171	203582	2717	4239	2.26e-262	909
JAHLJY010000023.1	sp|Q8IVF4|DYH10_HUMAN	35.0	1549	942	20	208177	203582	2585	4085	1.79e-257	892
JAHLJY010000023.1	sp|Q923J6|DYH12_RAT	59.0	776	287	10	210455	208197	1254	2021	1.54e-256	874
JAHLJY010000023.1	sp|Q9UFH2|DYH17_HUMAN	35.3	1551	933	23	208171	203582	2585	4086	2.68e-256	888
JAHLJY010000023.1	sp|Q3V0Q1|DYH12_MOUSE	59.4	770	288	10	210455	208197	1254	2015	4.52e-256	873
JAHLJY010000023.1	sp|Q69Z23|DYH17_MOUSE	35.1	1557	935	23	208171	203582	2569	4077	5.71e-255	884
JAHLJY010000023.1	sp|P23098|DYHC_TRIGR	35.3	1563	918	25	208171	203582	2589	4090	9.75e-253	877
JAHLJY010000023.1	sp|Q9NYC9|DYH9_HUMAN	35.5	1546	938	25	208171	203582	2608	4110	1.35e-252	876
JAHLJY010000023.1	sp|P39057|DYHC_HELCR	35.3	1556	927	23	208171	203582	2589	4090	2.21e-252	875
JAHLJY010000023.1	sp|Q6ZR08|DYH12_HUMAN	58.6	771	296	10	210455	208197	1256	2021	6.90e-249	851
JAHLJY010000024.1	sp|O74341|TCPG_SCHPO	68.8	369	115	0	225134	226240	97	465	5.49e-167	534
JAHLJY010000024.1	sp|P39077|TCPG_YEAST	63.1	377	130	3	225134	226240	97	472	3.65e-150	486
JAHLJY010000024.1	sp|O13768|ERCC3_SCHPO	50.4	534	220	7	25012	26589	82	578	1.43e-148	492
JAHLJY010000024.1	sp|Q00578|RAD25_YEAST	50.7	531	222	8	25009	26589	122	616	1.52e-147	491
JAHLJY010000024.1	sp|P80318|TCPG_MOUSE	60.7	369	145	0	225134	226240	99	467	4.00e-146	475
JAHLJY010000024.1	sp|Q6P502|TCPG_RAT	60.7	369	145	0	225134	226240	99	467	5.44e-146	474
JAHLJY010000024.1	sp|Q3T0K2|TCPG_BOVIN	61.0	369	144	0	225134	226240	99	467	7.40e-146	474
JAHLJY010000024.1	sp|Q4R963|TCPG_MACFA	61.2	369	143	0	225134	226240	99	467	1.01e-145	474
JAHLJY010000024.1	sp|P50143|TCPG_XENLA	60.7	369	145	0	225134	226240	98	466	1.46e-145	473
JAHLJY010000024.1	sp|P49368|TCPG_HUMAN	61.2	369	143	0	225134	226240	99	467	1.86e-145	473
JAHLJY010000024.1	sp|Q54TH8|TCPG_DICDI	59.7	370	148	1	225134	226240	97	466	3.86e-145	471
JAHLJY010000024.1	sp|Q5NVF9|TCPG_PONAB	61.2	369	143	0	225134	226240	99	467	4.70e-145	472
JAHLJY010000024.1	sp|O00782|TCPG_OXYGR	59.6	371	148	2	225134	226240	99	469	4.80e-142	464
JAHLJY010000024.1	sp|Q9LKI7|TCPG_THAWE	57.1	382	151	2	225134	226240	101	482	2.97e-139	456
JAHLJY010000024.1	sp|P48605|TCPG_DROME	60.0	370	141	2	225134	226240	100	463	4.07e-138	452
JAHLJY010000024.1	sp|O00835|ERCC3_DICDI	46.1	536	245	7	25012	26589	72	573	3.27e-137	459
JAHLJY010000024.1	sp|Q9FUG4|XPB2_ARATH	46.3	534	227	10	25009	26586	56	537	1.86e-134	450
JAHLJY010000024.1	sp|A7SLX5|DPH1_NEMVE	56.5	407	154	9	165032	166210	17	414	1.04e-132	433
JAHLJY010000024.1	sp|Q38861|XPB1_ARATH	45.6	531	235	10	25009	26586	56	537	2.54e-132	444
JAHLJY010000024.1	sp|Q84WV1|TCPG_ARATH	54.7	371	166	2	225134	226240	97	467	8.16e-132	434
JAHLJY010000024.1	sp|O59801|SKI2_SCHPO	60.3	398	109	4	188286	187237	226	622	4.87e-131	454
JAHLJY010000024.1	sp|P54408|TCPG_TETPY	53.2	370	172	1	225134	226240	101	470	5.88e-131	432
JAHLJY010000024.1	sp|O59713|DPH1_SCHPO	55.9	374	151	4	165110	166201	50	419	7.31e-131	426
JAHLJY010000024.1	sp|Q5ZKK7|ERCC3_CHICK	45.8	528	259	7	25012	26589	64	566	9.80e-131	440
JAHLJY010000024.1	sp|Q5ZHX9|DPH1_CHICK	57.5	365	148	5	165116	166201	30	390	4.63e-130	423
JAHLJY010000025.1	sp|P10978|POLX_TOBAC	41.0	519	291	11	2174	642	811	1322	5.95e-91	332
JAHLJY010000025.1	sp|O94480|BMT5_SCHPO	39.8	211	124	2	8068	8691	42	252	1.77e-42	163
JAHLJY010000025.1	sp|Q90ZA1|PARN_XENLA	29.7	357	222	8	22138	23130	1	354	5.49e-40	165
JAHLJY010000025.1	sp|H9JAQ7|TRIMR_BOMMO	31.0	336	214	9	22138	23109	1	330	9.64e-40	162
JAHLJY010000025.1	sp|Q8VDG3|PARN_MOUSE	28.3	350	230	7	22138	23130	1	348	7.07e-38	158
JAHLJY010000025.1	sp|O95453|PARN_HUMAN	29.8	356	224	7	22138	23130	1	355	2.02e-37	157
JAHLJY010000025.1	sp|Q5RC51|PARN_PONAB	29.7	357	225	7	22138	23133	1	356	3.61e-37	156
JAHLJY010000025.1	sp|P69341|PARN_BOVIN	29.5	356	225	7	22138	23130	1	355	6.37e-37	155
JAHLJY010000025.1	sp|P25600|YCH4_YEAST	31.9	313	204	8	1838	909	2	308	1.89e-36	146
JAHLJY010000025.1	sp|Q7ZU92|PARN_DANRE	27.5	356	230	8	22138	23130	1	353	2.56e-35	151
JAHLJY010000025.1	sp|Q9LG26|PARN_ARATH	28.9	367	201	12	22132	23067	36	397	1.55e-29	133
JAHLJY010000025.1	sp|P40493|BMT5_YEAST	35.0	226	94	6	8104	8622	68	293	2.58e-24	112
JAHLJY010000025.1	sp|B2RXZ1|PNDC1_MOUSE	26.8	340	225	9	22138	23115	1	330	2.86e-24	115
JAHLJY010000025.1	sp|O94386|YGS9_SCHPO	25.2	345	240	8	22138	23121	1	344	7.35e-21	103
JAHLJY010000025.1	sp|Q99231|YD12B_YEAST	23.0	530	366	14	2171	657	1236	1748	1.06e-20	106
JAHLJY010000025.1	sp|Q03855|YD11B_YEAST	23.4	530	364	16	2171	657	1236	1748	1.82e-20	105
JAHLJY010000025.1	sp|O13527|YA11B_YEAST	23.0	530	366	14	2171	657	677	1189	3.38e-20	104
JAHLJY010000025.1	sp|Q12269|YG12B_YEAST	22.6	530	368	14	2171	657	1236	1748	5.32e-20	104
JAHLJY010000025.1	sp|P0C2I2|YD14B_YEAST	22.8	530	367	14	2171	657	1236	1748	6.96e-20	103
JAHLJY010000025.1	sp|Q04711|YM11B_YEAST	22.8	530	367	14	2171	657	1236	1748	6.96e-20	103
JAHLJY010000025.1	sp|P0C2J0|YP13B_YEAST	22.8	530	367	14	2171	657	1237	1749	6.96e-20	103
JAHLJY010000025.1	sp|O13535|YH11B_YEAST	22.9	533	363	15	2171	657	1274	1786	7.01e-20	103
JAHLJY010000025.1	sp|Q03612|YE11B_YEAST	22.8	530	367	14	2171	657	1236	1748	9.10e-20	103
JAHLJY010000025.1	sp|P0C2I5|YL12B_YEAST	22.8	530	367	14	2171	657	1236	1748	9.10e-20	103
JAHLJY010000025.1	sp|Q03434|YM12B_YEAST	22.8	530	367	14	2171	657	1236	1748	9.10e-20	103
JAHLJY010000026.1	sp|P10978|POLX_TOBAC	32.0	638	413	12	1901	3802	420	1040	4.22e-74	280
JAHLJY010000026.1	sp|O94511|YN67_SCHPO	43.1	288	153	5	20095	20949	14	293	4.65e-65	228
JAHLJY010000026.1	sp|Q9N5Y2|TECR_CAEEL	43.8	274	139	6	20161	20952	39	307	2.43e-62	221
JAHLJY010000026.1	sp|Q55C17|TECR_DICDI	41.4	307	153	7	20074	20952	6	299	9.00e-60	213
JAHLJY010000026.1	sp|Q9M2U2|TECR_ARATH	35.7	319	173	13	20065	20952	1	310	4.89e-40	157
JAHLJY010000026.1	sp|Q9P7R8|YHV3_SCHPO	46.1	178	90	3	24469	23942	571	744	1.50e-38	165
JAHLJY010000026.1	sp|Q8BFZ1|TECRL_MOUSE	31.9	257	161	5	20206	20952	110	360	6.91e-33	137
JAHLJY010000026.1	sp|F4K2K3|GNL2_ARATH	42.1	171	94	2	24463	23957	518	685	3.02e-32	144
JAHLJY010000026.1	sp|P39993|GEA2_YEAST	44.8	183	88	4	24466	23954	583	764	4.16e-32	144
JAHLJY010000026.1	sp|Q9R1D7|GBF1_CRIGR	42.0	174	94	3	24466	23954	721	890	1.44e-31	142
JAHLJY010000026.1	sp|P47102|GEA1_YEAST	44.6	193	84	4	24466	23954	565	756	2.04e-31	141
JAHLJY010000026.1	sp|Q92538|GBF1_HUMAN	41.4	174	95	2	24466	23954	723	892	7.21e-31	140
JAHLJY010000026.1	sp|Q42510|GNOM_ARATH	42.4	170	92	2	24454	23951	589	754	1.05e-30	139
JAHLJY010000026.1	sp|Q9FLY5|GNL1_ARATH	41.1	175	95	3	24454	23936	589	757	2.66e-29	134
JAHLJY010000026.1	sp|Q9LZX8|BIG2_ARATH	42.9	161	86	2	24439	23963	648	804	5.22e-29	134
JAHLJY010000026.1	sp|Q99190|TECR_YEAST	31.6	244	143	7	20272	20955	75	310	1.36e-27	120
JAHLJY010000026.1	sp|Q9LPC5|BIG3_ARATH	39.8	161	91	2	24439	23963	639	795	2.22e-27	128
JAHLJY010000026.1	sp|Q9UT02|SEC7A_SCHPO	40.7	162	90	2	24439	23960	731	888	6.62e-27	127
JAHLJY010000026.1	sp|Q9P7V5|SEC7B_SCHPO	38.3	175	101	4	24478	23960	728	897	4.35e-26	124
JAHLJY010000026.1	sp|Q54KA7|SECG_DICDI	41.0	173	93	5	24463	23954	612	778	1.81e-25	121
JAHLJY010000026.1	sp|O08679|MARK2_RAT	52.4	105	47	2	18234	18542	79	182	1.20e-24	118
JAHLJY010000026.1	sp|Q05512|MARK2_MOUSE	52.4	105	47	2	18234	18542	79	182	1.42e-24	118
JAHLJY010000026.1	sp|Q7KZI7|MARK2_HUMAN	52.4	105	47	2	18234	18542	79	182	1.47e-24	118
JAHLJY010000026.1	sp|F4JSZ5|BIG1_ARATH	36.6	183	103	4	24439	23918	570	748	1.81e-24	119
JAHLJY010000026.1	sp|P11075|SEC7_YEAST	36.8	174	103	3	24475	23960	848	1016	1.95e-24	119
JAHLJY010000027.1	sp|Q8RWL6|STY17_ARATH	36.5	219	130	7	14563	13925	327	542	8.86e-32	138
JAHLJY010000027.1	sp|O22558|STY8_ARATH	34.0	209	131	6	14542	13928	330	535	9.48e-27	122
JAHLJY010000027.1	sp|Q55GU0|Y9955_DICDI	33.3	210	133	6	14542	13925	707	913	8.85e-26	122
JAHLJY010000027.1	sp|Q05609|CTR1_ARATH	37.2	215	123	8	14545	13928	594	805	1.26e-25	121
JAHLJY010000027.1	sp|Q7T6Y2|YR831_MIMIV	35.8	229	132	8	14572	13925	820	1046	1.92e-25	121
JAHLJY010000027.1	sp|Q1HKZ5|M3K13_MOUSE	35.4	209	117	7	14527	13928	207	406	8.31e-25	119
JAHLJY010000027.1	sp|A7J1T2|M313A_XENLA	32.6	224	141	5	14584	13928	190	408	8.33e-25	119
JAHLJY010000027.1	sp|O43283|M3K13_HUMAN	35.4	209	117	7	14527	13928	208	407	8.39e-25	119
JAHLJY010000027.1	sp|Q5R8X7|M3K13_PONAB	34.9	209	118	7	14527	13928	208	407	1.89e-24	117
JAHLJY010000027.1	sp|Q9C9U5|SIS8_ARATH	34.4	221	137	7	14572	13928	782	1000	2.04e-24	117
JAHLJY010000027.1	sp|Q54TA1|DRKC_DICDI	36.1	219	126	9	14548	13922	534	748	2.14e-24	117
JAHLJY010000027.1	sp|Q12852|M3K12_HUMAN	33.8	207	123	6	14527	13928	165	364	2.78e-24	117
JAHLJY010000027.1	sp|Q60700|M3K12_MOUSE	33.8	207	123	6	14527	13928	198	397	2.92e-24	117
JAHLJY010000027.1	sp|Q63796|M3K12_RAT	33.8	207	123	6	14527	13928	198	397	2.92e-24	117
JAHLJY010000027.1	sp|A7J1T0|M313B_XENLA	32.3	226	139	6	14584	13928	192	410	4.25e-24	116
JAHLJY010000027.1	sp|O01700|DLK1_CAEEL	30.6	242	147	6	14608	13934	136	373	5.35e-24	116
JAHLJY010000027.1	sp|Q86HG9|Y9871_DICDI	32.1	243	144	6	14614	13928	371	606	5.99e-24	116
JAHLJY010000027.1	sp|A7MBB4|M3K13_BOVIN	34.9	209	118	7	14527	13928	208	407	7.37e-24	115
JAHLJY010000027.1	sp|A8X775|DLK1_CAEBR	31.5	216	139	5	14566	13934	89	300	8.24e-24	115
JAHLJY010000027.1	sp|Q9FPR3|EDR1_ARATH	35.2	210	128	7	14539	13928	714	921	1.22e-23	115
JAHLJY010000027.1	sp|Q54XQ2|RCKA_DICDI	30.8	227	144	7	14542	13874	886	1103	7.47e-23	112
JAHLJY010000027.1	sp|Q54L00|LIMKA_DICDI	35.1	211	128	7	14542	13928	429	636	9.45e-23	111
JAHLJY010000027.1	sp|Q55A09|Y9963_DICDI	33.2	220	131	8	14554	13925	1115	1328	1.10e-22	112
JAHLJY010000027.1	sp|Q2MHE4|HT1_ARATH	31.2	215	140	7	14557	13928	129	340	2.14e-22	107
JAHLJY010000027.1	sp|P0CD62|LIMKB_DICDI	34.6	211	129	7	14542	13928	745	952	9.75e-22	108
