JAIXMV010000001.1	sp|P78820|ACAC_SCHPO	54.3	2285	961	25	499643	492885	43	2276	0.0	2336
JAIXMV010000001.1	sp|Q00955|ACAC_YEAST	52.5	2269	994	26	499643	492882	33	2233	0.0	2219
JAIXMV010000001.1	sp|P11029|ACAC_CHICK	46.6	2223	1081	34	499598	493014	107	2251	0.0	1859
JAIXMV010000001.1	sp|Q5SWU9|ACACA_MOUSE	45.9	2297	1112	41	499598	492894	106	2334	0.0	1847
JAIXMV010000001.1	sp|P11497|ACACA_RAT	45.8	2297	1114	41	499598	492894	106	2334	0.0	1847
JAIXMV010000001.1	sp|Q13085|ACACA_HUMAN	46.6	2245	1072	38	499598	493014	107	2274	0.0	1843
JAIXMV010000001.1	sp|Q9TTS3|ACACA_BOVIN	45.9	2297	1112	41	499598	492894	107	2335	0.0	1842
JAIXMV010000001.1	sp|Q28559|ACACA_SHEEP	45.8	2297	1114	41	499598	492894	107	2335	0.0	1838
JAIXMV010000001.1	sp|A6ZMR9|HFA1_YEAS7	45.8	2271	1109	33	499652	492900	106	2273	0.0	1829
JAIXMV010000001.1	sp|P32874|HFA1_YEAST	45.7	2271	1110	33	499652	492900	106	2273	0.0	1829
JAIXMV010000001.1	sp|C8ZF72|HFA1_YEAS8	45.6	2271	1113	33	499652	492900	106	2273	0.0	1826
JAIXMV010000001.1	sp|C7GRE4|HFA1_YEAS2	45.6	2271	1113	33	499652	492900	106	2273	0.0	1822
JAIXMV010000001.1	sp|O00763|ACACB_HUMAN	46.3	2214	1085	34	499598	493044	249	2386	0.0	1821
JAIXMV010000001.1	sp|E9Q4Z2|ACACB_MOUSE	46.1	2211	1092	33	499598	493044	239	2376	0.0	1819
JAIXMV010000001.1	sp|B3LM95|HFA1_YEAS1	45.5	2271	1115	33	499652	492900	106	2273	0.0	1818
JAIXMV010000001.1	sp|Q54J08|ACAC_DICDI	43.0	2331	1183	38	499607	492882	3	2277	0.0	1655
JAIXMV010000001.1	sp|Q8S6N5|ACC1_ORYSJ	39.1	2348	1234	46	499634	492882	16	2263	0.0	1500
JAIXMV010000001.1	sp|F4I1L3|ACC2_ARATH	39.4	2331	1220	45	499607	492882	125	2351	0.0	1483
JAIXMV010000001.1	sp|Q38970|ACC1_ARATH	38.9	2343	1235	40	499637	492882	13	2250	0.0	1477
JAIXMV010000001.1	sp|B9FK36|ACC2_ORYSJ	39.3	2317	1226	41	499619	492882	117	2323	0.0	1461
JAIXMV010000001.1	sp|P34229|FAS1_YARLI	36.1	2092	1236	32	270788	276967	59	2081	0.0	1221
JAIXMV010000001.1	sp|P34731|FAS1_CANAX	35.2	2113	1259	34	270701	276964	7	2034	0.0	1193
JAIXMV010000001.1	sp|Q9UUG0|FAS1_SCHPO	36.7	2060	1159	37	270926	276964	107	2068	0.0	1180
JAIXMV010000001.1	sp|Q92215|TOXC_COCCA	35.5	2033	1212	30	270923	276964	106	2057	0.0	1155
JAIXMV010000001.1	sp|P07149|FAS1_YEAST	33.7	2084	1273	29	270785	276964	48	2046	0.0	1104
JAIXMV010000010.1	sp|Q9UUE1|PYC_SCHPO	62.7	1139	416	6	645516	642109	22	1154	0.0	1440
JAIXMV010000010.1	sp|O93918|PYC_ASPTE	62.2	1127	420	4	645486	642109	41	1162	0.0	1425
JAIXMV010000010.1	sp|Q0CLK1|PYC_ASPTN	62.3	1127	419	4	645486	642109	41	1162	0.0	1422
JAIXMV010000010.1	sp|Q9HES8|PYC_ASPNG	62.3	1128	417	5	645486	642109	40	1161	0.0	1415
JAIXMV010000010.1	sp|P11154|PYC1_YEAST	60.7	1127	434	7	645480	642109	20	1140	0.0	1392
JAIXMV010000010.1	sp|P32327|PYC2_YEAST	59.8	1148	451	8	645543	642109	1	1141	0.0	1390
JAIXMV010000010.1	sp|Q8X1T3|PYC_PICAN	59.7	1142	451	8	645525	642109	10	1145	0.0	1372
JAIXMV010000010.1	sp|P15398|RPA1_SCHPO	42.2	1901	854	32	171338	176944	1	1689	0.0	1349
JAIXMV010000010.1	sp|P78992|PYC_PICPA	59.8	1129	443	7	645480	642109	23	1145	0.0	1337
JAIXMV010000010.1	sp|Q10289|FAS2_SCHPO	44.0	1722	850	18	160345	165273	6	1691	0.0	1330
JAIXMV010000010.1	sp|P78615|FAS2_EMEND	43.8	1759	818	26	160345	165273	6	1710	0.0	1326
JAIXMV010000010.1	sp|P15368|FAS2_PENPA	43.7	1743	843	23	160345	165273	6	1709	0.0	1315
JAIXMV010000010.1	sp|P19097|FAS2_YEAST	42.9	1757	860	25	160345	165273	6	1733	0.0	1285
JAIXMV010000010.1	sp|G8BAW7|FAS2_CANPC	43.5	1760	827	25	160345	165240	6	1725	0.0	1285
JAIXMV010000010.1	sp|P43098|FAS2_CANAX	43.8	1760	833	26	160345	165255	6	1731	0.0	1284
JAIXMV010000010.1	sp|P10964|RPA1_YEAST	41.3	1890	853	34	171338	176929	1	1660	0.0	1260
JAIXMV010000010.1	sp|Q765N2|FAS2_LACKL	41.9	1755	878	21	160345	165273	8	1733	0.0	1258
JAIXMV010000010.1	sp|O17732|PYC1_CAEEL	55.4	1130	485	8	645486	642109	31	1145	0.0	1240
JAIXMV010000010.1	sp|Q05920|PYC_MOUSE	56.1	1126	476	9	645477	642109	39	1149	0.0	1239
JAIXMV010000010.1	sp|P52873|PYC_RAT	55.2	1145	487	10	645510	642109	20	1149	0.0	1235
JAIXMV010000010.1	sp|Q29RK2|PYC_BOVIN	56.1	1126	476	10	645477	642109	39	1149	0.0	1235
JAIXMV010000010.1	sp|P11498|PYC_HUMAN	56.0	1126	477	9	645477	642109	39	1149	0.0	1233
JAIXMV010000010.1	sp|O94609|UBA1_SCHPO	58.5	1000	402	7	259765	256769	25	1012	0.0	1135
JAIXMV010000010.1	sp|Q5AV00|ATNF_EMENI	40.4	1665	918	27	160345	165228	10	1636	0.0	1129
JAIXMV010000010.1	sp|P34731|FAS1_CANAX	37.3	1829	1073	33	154900	160317	257	2034	0.0	1125
JAIXMV010000011.1	sp|P78615|FAS2_EMEND	44.3	1750	832	26	27412	32364	4	1710	0.0	1344
JAIXMV010000011.1	sp|P15368|FAS2_PENPA	43.3	1761	834	23	27412	32364	4	1709	0.0	1320
JAIXMV010000011.1	sp|Q10289|FAS2_SCHPO	43.9	1721	842	20	27412	32331	4	1681	0.0	1318
JAIXMV010000011.1	sp|G8BAW7|FAS2_CANPC	43.6	1763	831	24	27412	32331	4	1725	0.0	1309
JAIXMV010000011.1	sp|P43098|FAS2_CANAX	43.4	1767	836	25	27412	32340	4	1729	0.0	1308
JAIXMV010000011.1	sp|P19097|FAS2_YEAST	41.7	1763	860	19	27412	32331	4	1722	0.0	1283
JAIXMV010000011.1	sp|Q765N2|FAS2_LACKL	42.2	1768	855	19	27412	32349	6	1728	0.0	1280
JAIXMV010000011.1	sp|Q12553|XDH_EMENI	48.7	1412	630	18	63836	59634	35	1363	0.0	1266
JAIXMV010000011.1	sp|P47990|XDH_CHICK	45.6	1424	677	19	63836	59637	8	1357	0.0	1142
JAIXMV010000011.1	sp|R4ZGN4|XDH_BLAAD	46.6	1411	684	22	63836	59691	17	1386	0.0	1135
JAIXMV010000011.1	sp|P22985|XDH_RAT	45.2	1397	666	16	63836	59688	4	1315	0.0	1135
JAIXMV010000011.1	sp|Q00519|XDH_MOUSE	45.3	1401	662	16	63839	59688	6	1319	0.0	1135
JAIXMV010000011.1	sp|P34731|FAS1_CANAX	36.2	1817	1107	25	21976	27387	257	2033	0.0	1126
JAIXMV010000011.1	sp|Q5AV00|ATNF_EMENI	41.0	1689	895	34	27394	32319	3	1636	0.0	1124
JAIXMV010000011.1	sp|P80457|XDH_BOVIN	44.6	1403	667	20	63836	59688	4	1316	0.0	1121
JAIXMV010000011.1	sp|P47989|XDH_HUMAN	44.1	1423	681	21	63836	59634	4	1333	0.0	1117
JAIXMV010000011.1	sp|Q2TXF0|ORYA_ASPOR	40.1	1670	907	24	27430	32364	14	1614	0.0	1116
JAIXMV010000011.1	sp|Q9MYW6|XDH_FELCA	44.0	1421	683	19	63836	59634	4	1331	0.0	1113
JAIXMV010000011.1	sp|P34229|FAS1_YARLI	35.9	1838	1123	24	21976	27423	282	2086	0.0	1101
JAIXMV010000011.1	sp|Q9UUG0|FAS1_SCHPO	36.1	1843	1102	29	21976	27393	266	2069	0.0	1090
JAIXMV010000011.1	sp|Q8GUQ8|XDH1_ARATH	44.0	1399	688	20	63821	59697	20	1346	0.0	1071
JAIXMV010000011.1	sp|Q6AUV1|XDH_ORYSJ	43.2	1400	704	17	63821	59691	25	1356	0.0	1064
JAIXMV010000011.1	sp|P22811|XDH_DROPS	43.7	1410	689	24	63836	59670	8	1333	0.0	1060
JAIXMV010000011.1	sp|F4JLI5|XDH2_ARATH	43.2	1399	698	19	63821	59697	12	1338	0.0	1059
JAIXMV010000011.1	sp|P10351|XDH_DROME	43.3	1409	689	23	63836	59676	3	1323	0.0	1057
JAIXMV010000012.1	sp|P09436|SYIC_YEAST	59.7	1066	423	3	221417	218229	6	1067	0.0	1323
JAIXMV010000012.1	sp|O13651|SYIC_SCHPO	59.0	1067	430	4	221411	218217	3	1063	0.0	1289
JAIXMV010000012.1	sp|P39524|ATC3_YEAST	57.4	1124	461	8	122903	126244	183	1298	0.0	1271
JAIXMV010000012.1	sp|O94296|YOOC_SCHPO	59.0	1099	441	7	122948	126235	157	1248	0.0	1263
JAIXMV010000012.1	sp|Q8BU30|SYIC_MOUSE	57.4	1049	430	8	221408	218289	10	1050	0.0	1238
JAIXMV010000012.1	sp|P41252|SYIC_HUMAN	56.2	1073	450	9	221408	218217	10	1071	0.0	1234
JAIXMV010000012.1	sp|Q54YD4|SYIC_DICDI	55.6	1045	438	10	221414	218301	7	1032	0.0	1173
JAIXMV010000012.1	sp|F4JLM5|SYIC_ARATH	54.2	1069	445	13	221429	218325	4	1061	0.0	1153
JAIXMV010000012.1	sp|Q21926|SYIC_CAEEL	54.0	1010	449	7	221408	218385	12	1007	0.0	1105
JAIXMV010000012.1	sp|P39109|YCFI_YEAST	41.3	1569	809	28	678065	682639	9	1509	0.0	1066
JAIXMV010000012.1	sp|P36422|SYI_TETTH	49.6	1058	513	10	221408	218262	15	1061	0.0	1064
JAIXMV010000012.1	sp|Q15029|U5S1_HUMAN	55.2	1009	404	10	668821	671847	1	961	0.0	1061
JAIXMV010000012.1	sp|O08810|U5S1_MOUSE	54.9	1009	406	10	668821	671847	1	960	0.0	1060
JAIXMV010000012.1	sp|A4FUD3|U5S1_BOVIN	54.8	1009	408	9	668821	671847	1	961	0.0	1059
JAIXMV010000012.1	sp|Q5R6E0|U5S1_PONAB	55.1	1009	405	10	668821	671847	1	961	0.0	1058
JAIXMV010000012.1	sp|Q5F3X4|U5S1_CHICK	54.3	1009	413	9	668821	671847	1	961	0.0	1051
JAIXMV010000012.1	sp|Q8YNF9|GCSP_NOSS1	48.3	1136	399	9	648421	651813	31	983	0.0	1038
JAIXMV010000012.1	sp|Q54KM7|GCSP_DICDI	47.9	1153	408	8	648394	651813	22	994	0.0	1036
JAIXMV010000012.1	sp|B2J427|GCSP_NOSP7	48.6	1138	396	9	648421	651813	23	978	0.0	1036
JAIXMV010000012.1	sp|Q3M9G1|GCSP_TRIV2	48.6	1131	394	10	648421	651813	31	974	0.0	1031
JAIXMV010000012.1	sp|Q92620|PRP16_HUMAN	60.1	872	323	8	572219	574810	307	1161	0.0	1026
JAIXMV010000012.1	sp|Q17R09|PRP16_BOVIN	59.8	882	324	9	572207	574810	297	1161	0.0	1026
JAIXMV010000012.1	sp|Q09785|GCSP_SCHPO	48.5	1155	393	14	648406	651801	55	1030	0.0	1023
JAIXMV010000012.1	sp|Q88P65|GCSP1_PSEPK	48.7	1128	390	8	648430	651813	11	949	0.0	1019
JAIXMV010000012.1	sp|Q9LNC5|CLO_ARATH	52.4	1012	442	9	668821	671847	1	975	0.0	1018
JAIXMV010000013.1	sp|Q10490|SYLC_SCHPO	49.2	1119	511	15	455139	458426	25	1108	0.0	1063
JAIXMV010000013.1	sp|P47169|MET5_YEAST	44.9	1254	604	23	593396	589776	221	1434	0.0	1013
JAIXMV010000013.1	sp|Q1K9C2|MET5_SCHPO	41.7	1433	735	23	593957	589788	84	1458	3.41e-318	1011
JAIXMV010000013.1	sp|P10857|SYLC_NEUCR	49.0	1135	499	26	455139	458426	29	1122	1.72e-316	992
JAIXMV010000013.1	sp|P22700|ATC1_DROME	53.7	1014	424	17	30556	27587	1	993	6.29e-305	954
JAIXMV010000013.1	sp|P26637|SYLC_YEAST	46.0	1120	539	22	455139	458426	12	1089	8.00e-305	957
JAIXMV010000013.1	sp|O14983|AT2A1_HUMAN	52.4	1013	443	12	30556	27581	1	995	1.31e-303	949
JAIXMV010000013.1	sp|Q292Q0|ATC1_DROPS	53.4	1016	428	16	30556	27581	1	995	2.17e-302	946
JAIXMV010000013.1	sp|O77696|AT2A3_PIG	52.7	1013	436	15	30556	27587	1	993	6.70e-302	944
JAIXMV010000013.1	sp|Q64518|AT2A3_MOUSE	52.5	1019	439	16	30556	27572	1	998	1.69e-301	943
JAIXMV010000013.1	sp|P18596|AT2A3_RAT	52.7	1019	437	16	30556	27572	1	998	3.12e-301	942
JAIXMV010000013.1	sp|Q9YGL9|AT2A3_CHICK	51.7	1013	446	14	30556	27587	1	993	5.78e-301	942
JAIXMV010000013.1	sp|Q93084|AT2A3_HUMAN	52.9	1011	431	15	30556	27596	1	990	1.45e-300	941
JAIXMV010000013.1	sp|P04191|AT2A1_RABIT	52.0	1013	447	12	30556	27581	1	995	2.88e-300	940
JAIXMV010000013.1	sp|Q7PPA5|ATC1_ANOGA	53.8	1016	419	20	30556	27587	1	992	5.18e-300	940
JAIXMV010000013.1	sp|P13585|AT2A1_CHICK	52.2	1012	443	14	30556	27587	1	993	1.06e-299	938
JAIXMV010000013.1	sp|Q92105|AT2A1_PELES	52.6	1012	439	15	30556	27587	1	993	6.69e-299	936
JAIXMV010000013.1	sp|Q64578|AT2A1_RAT	52.3	1011	443	12	30556	27587	1	993	1.69e-298	934
JAIXMV010000013.1	sp|Q8R429|AT2A1_MOUSE	52.3	1011	443	12	30556	27587	1	993	3.12e-298	934
JAIXMV010000013.1	sp|P70083|AT2A1_MAKNI	52.2	1008	446	13	30556	27587	1	990	8.41e-298	932
JAIXMV010000013.1	sp|Q9P2J5|SYLC_HUMAN	47.1	1105	513	22	455139	458408	9	1057	1.44e-297	939
JAIXMV010000013.1	sp|Q8BMJ2|SYLC_MOUSE	46.8	1102	523	20	455139	458408	9	1059	9.72e-297	937
JAIXMV010000013.1	sp|O46674|AT2A2_CANLF	52.1	1011	446	12	30556	27584	1	993	1.02e-296	929
JAIXMV010000013.1	sp|O55143|AT2A2_MOUSE	52.3	1012	445	13	30556	27581	1	994	1.49e-296	931
JAIXMV010000013.1	sp|Q5R614|SYLC_PONAB	47.0	1103	518	22	455139	458408	9	1057	1.68e-296	936
JAIXMV010000014.1	sp|P45444|DYHC_EMENI	54.2	3284	1320	32	170292	180086	23	3141	0.0	3444
JAIXMV010000014.1	sp|P45443|DYHC_NEUCR	53.9	3322	1330	37	170226	180086	1	3154	0.0	3425
JAIXMV010000014.1	sp|Q14204|DYHC1_HUMAN	53.3	3279	1313	30	170367	180086	44	3143	0.0	3402
JAIXMV010000014.1	sp|Q9JHU4|DYHC1_MOUSE	53.1	3279	1319	28	170367	180086	42	3141	0.0	3400
JAIXMV010000014.1	sp|P38650|DYHC1_RAT	53.2	3277	1319	29	170367	180086	42	3141	0.0	3392
JAIXMV010000014.1	sp|P78716|DYHC_FUSVN	53.3	3299	1346	33	170271	180086	21	3152	0.0	3383
JAIXMV010000014.1	sp|P37276|DYHC_DROME	52.2	3250	1333	31	170442	180086	62	3128	0.0	3297
JAIXMV010000014.1	sp|P34036|DYHC_DICDI	48.7	3376	1495	44	170226	180086	1	3227	0.0	3072
JAIXMV010000014.1	sp|Q19020|DYHC_CAEEL	48.6	3087	1395	31	170817	180005	142	3059	0.0	2843
JAIXMV010000014.1	sp|Q27171|DYHC_PARTE	41.9	3088	1562	41	170802	179999	135	3011	0.0	2374
JAIXMV010000014.1	sp|Q8IBG1|DYHC1_PLAF7	38.8	3204	1642	37	170991	180002	227	3311	0.0	2176
JAIXMV010000014.1	sp|Q9C1M7|DYHC_ASHGO	33.9	3157	1785	43	170589	180026	75	2940	0.0	1809
JAIXMV010000014.1	sp|O14356|TOR1_SCHPO	32.4	2648	1424	37	714192	722102	44	2335	0.0	1328
JAIXMV010000014.1	sp|P32600|TOR2_YEAST	32.0	2656	1398	33	714303	722102	170	2474	0.0	1309
JAIXMV010000014.1	sp|Q2TCH3|ACLY_SHEEP	58.5	1163	411	9	786244	789717	1	1096	0.0	1304
JAIXMV010000014.1	sp|Q32PF2|ACLY_BOVIN	58.3	1158	411	8	786244	789717	1	1086	0.0	1298
JAIXMV010000014.1	sp|P53396|ACLY_HUMAN	58.0	1161	420	9	786244	789717	1	1096	0.0	1295
JAIXMV010000014.1	sp|Q91V92|ACLY_MOUSE	58.1	1158	413	10	786244	789717	1	1086	0.0	1293
JAIXMV010000014.1	sp|P16638|ACLY_RAT	58.1	1165	411	11	786244	789717	1	1095	0.0	1290
JAIXMV010000014.1	sp|Q86C65|TOR_DICDI	34.9	2338	1167	32	715170	722102	371	2380	0.0	1288
JAIXMV010000014.1	sp|Q9Y7K2|TOR2_SCHPO	34.9	2160	1117	23	715656	722102	456	2337	0.0	1277
JAIXMV010000014.1	sp|P35169|TOR1_YEAST	31.2	2695	1453	33	714192	722102	118	2470	0.0	1272
JAIXMV010000014.1	sp|Q9JLN9|MTOR_MOUSE	31.6	2823	1410	52	714186	722102	64	2549	0.0	1236
JAIXMV010000014.1	sp|P42345|MTOR_HUMAN	31.3	2826	1415	51	714186	722102	64	2549	0.0	1236
JAIXMV010000014.1	sp|P36022|DYHC_YEAST	33.2	2092	1284	24	173799	180029	955	2947	0.0	1233
JAIXMV010000015.1	sp|P53914|NAT10_YEAST	57.8	1027	382	10	673646	670617	39	1031	0.0	1128
JAIXMV010000015.1	sp|P87115|NAT10_SCHPO	59.0	1013	367	12	673652	670626	37	1005	0.0	1112
JAIXMV010000015.1	sp|O14228|PUR4_SCHPO	52.0	1171	489	23	23856	27299	64	1184	0.0	1094
JAIXMV010000015.1	sp|Q0HKU9|PUR4_SHESM	52.9	1159	465	20	23877	27311	74	1165	0.0	1093
JAIXMV010000015.1	sp|Q1C5E7|PUR4_YERPA	49.5	1288	512	24	23547	27338	9	1181	0.0	1086
JAIXMV010000015.1	sp|Q8ZCQ2|PUR4_YERPE	49.5	1288	512	24	23547	27338	9	1181	0.0	1086
JAIXMV010000015.1	sp|Q1CKD2|PUR4_YERPN	49.5	1288	512	24	23547	27338	9	1181	0.0	1086
JAIXMV010000015.1	sp|Q8EC57|PUR4_SHEON	52.8	1159	466	19	23877	27311	74	1165	0.0	1086
JAIXMV010000015.1	sp|Q0HX47|PUR4_SHESR	52.7	1159	467	20	23877	27311	74	1165	0.0	1086
JAIXMV010000015.1	sp|Q2NS22|PUR4_SODGM	53.4	1162	461	19	23871	27311	72	1167	0.0	1086
JAIXMV010000015.1	sp|Q667W1|PUR4_YERPS	49.4	1288	513	24	23547	27338	9	1181	0.0	1085
JAIXMV010000015.1	sp|Q2SK05|PUR4_HAHCH	51.5	1178	483	23	23847	27311	59	1171	0.0	1077
JAIXMV010000015.1	sp|Q8DF81|PUR4_VIBVU	52.9	1154	458	24	23877	27284	74	1160	0.0	1073
JAIXMV010000015.1	sp|Q3IHZ2|PUR4_PSET1	52.9	1166	461	24	23871	27311	72	1168	0.0	1073
JAIXMV010000015.1	sp|Q7N1Z4|PUR4_PHOLL	51.9	1161	475	19	23877	27311	74	1167	0.0	1072
JAIXMV010000015.1	sp|Q4KHS6|PUR4_PSEF5	52.2	1163	476	22	23871	27311	72	1170	0.0	1070
JAIXMV010000015.1	sp|Q7MN70|PUR4_VIBVY	52.6	1154	462	24	23877	27284	74	1160	0.0	1068
JAIXMV010000015.1	sp|Q6LU24|PUR4_PHOPR	51.6	1174	468	22	23877	27284	74	1185	0.0	1067
JAIXMV010000015.1	sp|Q3KHL4|PUR4_PSEPF	52.0	1165	475	24	23871	27311	72	1170	0.0	1065
JAIXMV010000015.1	sp|Q1H2I8|PUR4_METFK	51.6	1159	476	20	23883	27311	76	1165	0.0	1064
JAIXMV010000015.1	sp|Q12PR7|PUR4_SHEDO	52.0	1157	474	21	23883	27311	76	1165	0.0	1064
JAIXMV010000015.1	sp|Q88P16|PUR4_PSEPK	52.1	1164	477	23	23871	27311	72	1171	0.0	1064
JAIXMV010000015.1	sp|Q1D9V4|PUR4_MYXXD	52.8	1155	460	21	23877	27284	74	1162	0.0	1063
JAIXMV010000015.1	sp|Q9HXN2|PUR4_PSEAE	52.3	1162	476	22	23871	27311	72	1170	0.0	1063
JAIXMV010000015.1	sp|Q3YYZ8|PUR4_SHISS	49.8	1282	513	27	23547	27344	10	1176	0.0	1063
JAIXMV010000016.1	sp|Q4PE39|SEC23_USTMA	66.0	774	247	4	126503	124224	1	772	0.0	1051
JAIXMV010000016.1	sp|P0CR39|SEC23_CRYNB	65.5	766	253	6	126503	124224	1	761	0.0	1024
JAIXMV010000016.1	sp|P0CR38|SEC23_CRYNJ	65.5	766	253	6	126503	124224	1	761	0.0	1024
JAIXMV010000016.1	sp|O74873|SC231_SCHPO	62.3	759	280	4	126503	124236	1	756	2.04e-316	975
JAIXMV010000016.1	sp|Q2URM9|SEC23_ASPOR	62.2	776	270	10	126503	124224	1	769	2.62e-313	967
JAIXMV010000016.1	sp|Q5BGR9|SEC23_EMENI	62.0	774	277	8	126503	124224	1	771	1.32e-312	965
JAIXMV010000016.1	sp|Q9C284|SEC23_NEUCR	61.7	778	277	8	126503	124224	1	775	2.83e-312	964
JAIXMV010000016.1	sp|A2Q8L1|SEC23_ASPNC	61.7	776	273	10	126503	124224	1	768	5.52e-312	963
JAIXMV010000016.1	sp|A1D4S4|SEC23_NEOFI	62.3	770	271	8	126503	124236	1	765	8.56e-312	963
JAIXMV010000016.1	sp|Q4WK80|SEC23_ASPFU	62.0	771	274	8	126503	124233	1	766	2.16e-311	962
JAIXMV010000016.1	sp|A1CRW7|SEC23_ASPCL	62.9	765	265	9	126503	124251	1	760	7.13e-311	959
JAIXMV010000016.1	sp|A4R1J7|SEC23_MAGO7	62.0	765	274	9	126488	124224	13	770	5.28e-309	954
JAIXMV010000016.1	sp|Q2HB00|SEC23_CHAGB	61.6	764	281	6	126488	124224	13	773	5.11e-308	952
JAIXMV010000016.1	sp|Q1DY01|SEC23_COCIM	61.3	775	282	9	126503	124224	1	772	6.70e-308	951
JAIXMV010000016.1	sp|Q0US25|SEC23_PHANO	60.6	776	287	8	126500	124224	3	776	5.83e-306	946
JAIXMV010000016.1	sp|Q0CUU1|SEC23_ASPTN	60.9	777	281	9	126503	124224	1	771	1.26e-303	939
JAIXMV010000016.1	sp|Q6C5L5|SEC23_YARLI	58.6	764	306	5	126503	124224	1	758	9.90e-297	919
JAIXMV010000016.1	sp|Q7SZE5|SC23A_DANRE	58.4	760	304	5	126485	124224	12	765	4.25e-285	885
JAIXMV010000016.1	sp|Q05AS9|SC23A_XENTR	58.0	761	306	5	126485	124224	12	765	1.99e-284	884
JAIXMV010000016.1	sp|Q15436|SC23A_HUMAN	57.0	759	316	4	126485	124224	12	765	2.71e-284	883
JAIXMV010000016.1	sp|Q5R9P3|SC23A_PONAB	57.0	759	316	4	126485	124224	12	765	3.69e-284	883
JAIXMV010000016.1	sp|Q01405|SC23A_MOUSE	57.0	759	316	4	126485	124224	12	765	9.30e-284	882
JAIXMV010000016.1	sp|Q9D662|SC23B_MOUSE	58.0	759	311	5	126485	124224	12	767	7.50e-282	876
JAIXMV010000016.1	sp|A2VDL8|SC23A_BOVIN	57.3	750	310	4	126485	124251	12	756	7.78e-282	876
JAIXMV010000016.1	sp|Q3SZN2|SC23B_BOVIN	58.2	759	307	6	126485	124227	12	766	1.02e-281	876
JAIXMV010000017.1	sp|Q02061|RPB2_SCHPO	63.9	1213	406	9	231829	235425	10	1204	0.0	1563
JAIXMV010000017.1	sp|A5DHT2|RPB2_PICGU	62.8	1227	417	9	231820	235425	13	1225	0.0	1531
JAIXMV010000017.1	sp|Q753Q4|RPB2_ASHGO	61.1	1231	439	12	231790	235425	5	1214	0.0	1488
JAIXMV010000017.1	sp|Q6FLD5|RPB2_CANGA	60.4	1242	449	13	231748	235425	1	1215	0.0	1478
JAIXMV010000017.1	sp|P08518|RPB2_YEAST	60.5	1228	447	12	231790	235425	11	1216	0.0	1470
JAIXMV010000017.1	sp|Q12019|MDN1_YEAST	39.8	2249	1193	53	169884	163342	125	2280	0.0	1458
JAIXMV010000017.1	sp|Q869L3|MDN1_DICDI	39.4	2251	1115	51	169413	163270	275	2477	0.0	1455
JAIXMV010000017.1	sp|Q42877|RPB2_SOLLC	59.4	1209	438	11	231820	235428	15	1176	0.0	1429
JAIXMV010000017.1	sp|O94248|MDN1_SCHPO	41.9	2096	1057	41	169461	163333	118	2105	0.0	1427
JAIXMV010000017.1	sp|Q54J75|RPB2_DICDI	58.1	1207	446	12	231835	235437	18	1170	0.0	1423
JAIXMV010000017.1	sp|P38420|NRPB2_ARATH	59.1	1219	446	11	231790	235428	6	1177	0.0	1422
JAIXMV010000017.1	sp|Q8CFI7|RPB2_MOUSE	56.9	1215	461	11	231814	235428	11	1172	0.0	1384
JAIXMV010000017.1	sp|P30876|RPB2_HUMAN	56.8	1215	462	11	231814	235428	11	1172	0.0	1382
JAIXMV010000017.1	sp|P08266|RPB2_DROME	57.1	1225	463	10	231790	235431	3	1175	0.0	1379
JAIXMV010000017.1	sp|Q9NU22|MDN1_HUMAN	37.0	2521	1237	63	170148	163069	53	2393	0.0	1374
JAIXMV010000017.1	sp|A0A1P8AUY4|MDN1_ARATH	40.9	2102	1067	47	169395	163333	339	2345	0.0	1355
JAIXMV010000017.1	sp|Q10578|RPB2_CAEEL	56.3	1205	464	10	231841	235431	30	1179	0.0	1339
JAIXMV010000017.1	sp|Q8SR75|RPB2_ENCCU	56.4	1203	448	15	231835	235425	5	1137	0.0	1323
JAIXMV010000017.1	sp|P78615|FAS2_EMEND	43.0	1746	855	25	29676	34622	9	1710	0.0	1305
JAIXMV010000017.1	sp|P15368|FAS2_PENPA	43.6	1761	835	30	29658	34622	2	1709	0.0	1292
JAIXMV010000017.1	sp|Q10289|FAS2_SCHPO	42.1	1725	872	24	29658	34589	2	1681	0.0	1271
JAIXMV010000017.1	sp|G8BAW7|FAS2_CANPC	41.3	1764	861	26	29676	34586	9	1724	0.0	1231
JAIXMV010000017.1	sp|Q765N2|FAS2_LACKL	40.6	1768	887	25	29676	34622	11	1733	0.0	1229
JAIXMV010000017.1	sp|P19097|FAS2_YEAST	41.0	1779	865	26	29676	34622	9	1733	0.0	1225
JAIXMV010000017.1	sp|P43098|FAS2_CANAX	41.5	1764	862	26	29676	34592	9	1727	0.0	1221
JAIXMV010000018.1	sp|O13440|ACSA_COPCI	62.1	659	242	4	143576	145537	5	660	3.29e-276	855
JAIXMV010000018.1	sp|A8PDE3|ACSA_COPC7	62.1	659	242	4	143576	145537	5	660	4.49e-276	854
JAIXMV010000018.1	sp|Q01576|ACSA_PHYB8	62.5	664	243	3	143543	145528	2	661	6.71e-276	854
JAIXMV010000018.1	sp|P16929|ACSA_NEUCR	63.5	628	227	2	143636	145519	34	659	3.75e-271	840
JAIXMV010000018.1	sp|Q750T7|ACS2_ASHGO	59.8	652	245	1	143642	145546	33	684	2.49e-263	819
JAIXMV010000018.1	sp|P52910|ACS2_YEAST	58.9	647	254	1	143636	145540	31	677	5.43e-263	818
JAIXMV010000018.1	sp|Q6FXI2|ACS2_CANGA	58.9	645	253	1	143642	145540	34	678	1.37e-262	816
JAIXMV010000018.1	sp|P16928|ACSA_EMENI	61.6	633	241	2	143639	145537	37	667	2.94e-262	815
JAIXMV010000018.1	sp|P0CY35|EF1A1_CANAL	85.8	459	64	1	50288	48912	1	458	8.99e-260	798
JAIXMV010000018.1	sp|Q59QD6|EF1A2_CANAL	85.8	459	64	1	50288	48912	1	458	8.99e-260	798
JAIXMV010000018.1	sp|Q96VC7|ACS2_ZYGBA	59.2	637	256	1	143642	145540	33	669	3.13e-259	806
JAIXMV010000018.1	sp|A5DPE3|EF1A_PICGU	85.6	459	65	1	50288	48912	1	458	4.22e-259	796
JAIXMV010000018.1	sp|O59949|EF1A_YARLI	84.6	460	70	1	50288	48912	1	460	5.40e-258	793
JAIXMV010000018.1	sp|P36333|ACSA_PENCH	60.3	634	249	3	143645	145546	39	669	4.78e-257	800
JAIXMV010000018.1	sp|P41752|EF1A_ASHGO	85.2	459	67	1	50288	48912	1	458	5.93e-257	790
JAIXMV010000018.1	sp|Q01520|EF1A_PODAS	84.6	460	70	1	50288	48912	1	460	3.00e-256	788
JAIXMV010000018.1	sp|O42820|EF1A_SCHCO	85.0	459	69	0	50288	48912	1	459	7.59e-256	787
JAIXMV010000018.1	sp|Q01765|EF1A_PODCU	84.8	460	69	1	50288	48912	1	460	7.88e-256	787
JAIXMV010000018.1	sp|Q9Y7B5|ACS2_KLULA	57.7	647	262	1	143636	145540	32	678	9.69e-256	797
JAIXMV010000018.1	sp|O94049|ACS1_CANAX	60.2	645	248	3	143636	145543	31	675	1.77e-255	796
JAIXMV010000018.1	sp|P28295|EF1A_ABSGL	84.3	459	71	1	50288	48912	1	458	2.42e-255	785
JAIXMV010000018.1	sp|Q01372|EF1A_NEUCR	84.1	460	72	1	50288	48912	1	460	3.56e-255	785
JAIXMV010000018.1	sp|P14864|EF1A2_MUCCL	83.7	459	74	1	50288	48912	1	458	1.14e-254	783
JAIXMV010000018.1	sp|P06805|EF1A1_MUCCL	83.4	459	75	1	50288	48912	1	458	3.92e-254	782
JAIXMV010000018.1	sp|Q6BQF2|ACS1_DEBHA	58.0	645	264	3	143630	145543	27	671	8.45e-254	791
JAIXMV010000019.1	sp|O93869|GYS_NEUCR	42.0	1029	229	8	80613	77584	9	688	1.62e-233	734
JAIXMV010000019.1	sp|P23337|GYS1_YEAST	40.0	1040	241	11	80613	77617	3	700	2.31e-218	690
JAIXMV010000019.1	sp|P27472|GYS2_YEAST	40.0	1024	243	10	80613	77626	3	683	1.18e-212	674
JAIXMV010000019.1	sp|Q6UPE1|ETFD_RAT	55.4	594	247	7	223775	222036	24	613	2.96e-210	663
JAIXMV010000019.1	sp|Q921G7|ETFD_MOUSE	55.7	594	245	7	223775	222036	24	613	5.49e-210	662
JAIXMV010000019.1	sp|Q16134|ETFD_HUMAN	55.7	587	244	6	223760	222036	32	614	1.05e-209	661
JAIXMV010000019.1	sp|Q5RDD3|ETFD_PONAB	55.7	587	244	6	223760	222036	32	614	2.66e-209	660
JAIXMV010000019.1	sp|Q2KIG0|ETFD_BOVIN	56.2	587	241	6	223760	222036	32	614	3.62e-209	660
JAIXMV010000019.1	sp|P55931|ETFD_PIG	56.8	556	233	4	223691	222036	62	614	2.71e-207	654
JAIXMV010000019.1	sp|Q54XM6|ETFD_DICDI	53.7	559	243	4	223685	222036	52	603	1.30e-196	623
JAIXMV010000019.1	sp|Q337B8|ETFQO_ORYSJ	53.5	553	239	6	223685	222033	37	573	2.04e-196	621
JAIXMV010000019.1	sp|P54840|GYS2_HUMAN	37.1	966	264	2	80607	77710	25	646	3.11e-196	626
JAIXMV010000019.1	sp|P46507|PRS6B_MANSE	75.6	414	100	1	206321	205083	1	414	7.64e-196	612
JAIXMV010000019.1	sp|Q9VFC8|GYS_DROME	38.0	961	259	5	80589	77710	52	676	9.58e-196	625
JAIXMV010000019.1	sp|P87111|ETFD_SCHPO	53.7	579	259	4	223760	222027	62	632	9.51e-195	619
JAIXMV010000019.1	sp|Q08822|ETFD_YEAST	55.4	603	241	12	223760	222027	32	631	1.70e-194	618
JAIXMV010000019.1	sp|Q9SEI4|PRS6B_ARATH	79.5	386	79	0	206240	205083	22	407	8.30e-194	606
JAIXMV010000019.1	sp|P13834|GYS1_RABIT	36.6	976	276	2	80610	77683	23	655	3.15e-193	619
JAIXMV010000019.1	sp|A7MB78|GYS1_BOVIN	36.1	996	291	4	80610	77623	23	673	6.02e-193	618
JAIXMV010000019.1	sp|Q9Z1E4|GYS1_MOUSE	36.4	976	278	2	80610	77683	23	655	3.00e-192	616
JAIXMV010000019.1	sp|A2RRU1|GYS1_RAT	36.4	976	278	2	80610	77683	23	655	3.00e-192	616
JAIXMV010000019.1	sp|Q8VCB3|GYS2_MOUSE	36.9	966	266	3	80607	77710	25	646	3.29e-192	615
JAIXMV010000019.1	sp|Q11190|ETFD_CAEEL	52.8	580	262	5	223760	222036	22	594	4.60e-192	610
JAIXMV010000019.1	sp|P17625|GYS2_RAT	36.9	966	266	3	80607	77710	25	646	1.13e-191	613
JAIXMV010000019.1	sp|O22854|ETFQO_ARATH	50.7	580	262	6	223769	222036	73	630	2.18e-191	609
JAIXMV010000002.1	sp|P34229|FAS1_YARLI	47.8	2088	1037	24	948549	954722	15	2080	0.0	1870
JAIXMV010000002.1	sp|Q9UUG0|FAS1_SCHPO	48.2	2096	1012	32	948549	954725	10	2069	0.0	1845
JAIXMV010000002.1	sp|P78615|FAS2_EMEND	59.0	1590	623	15	955145	959881	136	1707	0.0	1832
JAIXMV010000002.1	sp|P15368|FAS2_PENPA	58.5	1594	640	13	955136	959890	129	1709	0.0	1811
JAIXMV010000002.1	sp|P34731|FAS1_CANAX	46.6	2076	1042	27	948555	954722	5	2034	0.0	1797
JAIXMV010000002.1	sp|P07149|FAS1_YEAST	45.6	2082	1065	25	948555	954722	7	2046	0.0	1790
JAIXMV010000002.1	sp|Q10289|FAS2_SCHPO	56.9	1578	639	10	955145	959857	138	1681	0.0	1774
JAIXMV010000002.1	sp|G8BAW7|FAS2_CANPC	56.6	1619	656	17	955130	959896	135	1736	0.0	1748
JAIXMV010000002.1	sp|P43098|FAS2_CANAX	56.3	1623	669	16	955130	959911	134	1744	0.0	1741
JAIXMV010000002.1	sp|P19097|FAS2_YEAST	56.0	1608	670	15	955145	959890	138	1733	0.0	1727
JAIXMV010000002.1	sp|Q765N2|FAS2_LACKL	56.5	1608	661	16	955145	959890	139	1733	0.0	1719
JAIXMV010000002.1	sp|Q92215|TOXC_COCCA	40.8	2081	1177	22	948546	954722	9	2057	0.0	1536
JAIXMV010000002.1	sp|O94666|RPC1_SCHPO	53.6	1426	611	12	1090048	1094298	16	1400	0.0	1497
JAIXMV010000002.1	sp|Q6BI69|RPC1_DEBHA	52.0	1454	631	18	1090036	1094271	12	1440	0.0	1442
JAIXMV010000002.1	sp|P04051|RPC1_YEAST	51.5	1486	608	25	1090048	1094295	16	1458	0.0	1412
JAIXMV010000002.1	sp|Q5AV07|ATNM_EMENI	40.2	2033	1107	34	948786	954737	135	2107	0.0	1391
JAIXMV010000002.1	sp|Q86AQ5|RPC1_DICDI	50.0	1448	673	19	1090048	1094280	17	1450	0.0	1352
JAIXMV010000002.1	sp|O14802|RPC1_HUMAN	49.9	1426	636	17	1090048	1094280	18	1380	0.0	1327
JAIXMV010000002.1	sp|Q5ZL98|RPC1_CHICK	49.6	1426	640	17	1090048	1094280	18	1380	0.0	1318
JAIXMV010000002.1	sp|A4IF62|RPC1_BOVIN	49.7	1431	632	17	1090048	1094280	18	1380	0.0	1313
JAIXMV010000002.1	sp|Q2TXG3|ORYB_ASPOR	38.2	2072	1181	36	948549	954692	22	2017	0.0	1289
JAIXMV010000002.1	sp|B0XPE7|MOT1_ASPFC	38.1	2154	984	38	130241	136456	5	1890	0.0	1259
JAIXMV010000002.1	sp|Q4WJI7|MOT1_ASPFU	38.1	2154	984	38	130241	136456	5	1890	0.0	1258
JAIXMV010000002.1	sp|Q5AV00|ATNF_EMENI	44.5	1595	756	26	955130	959845	149	1636	0.0	1231
JAIXMV010000002.1	sp|O43065|MOT1_SCHPO	37.2	2198	1013	44	130211	136453	1	1948	0.0	1228
JAIXMV010000020.1	sp|P41410|RAD54_SCHPO	51.6	760	304	8	152086	149882	132	852	8.53e-230	729
JAIXMV010000020.1	sp|P32863|RAD54_YEAST	46.3	799	318	16	152086	149882	147	898	1.16e-199	644
JAIXMV010000020.1	sp|F1Q8K0|RAD54_DANRE	51.5	646	256	10	151795	149882	135	731	4.66e-198	632
JAIXMV010000020.1	sp|O12944|RAD54_CHICK	51.5	653	258	11	151813	149882	124	726	1.17e-194	622
JAIXMV010000020.1	sp|Q92698|RAD54_HUMAN	50.6	644	268	11	151795	149882	141	740	4.78e-190	610
JAIXMV010000020.1	sp|P70270|RAD54_MOUSE	50.5	644	269	11	151795	149882	141	740	1.20e-189	608
JAIXMV010000020.1	sp|B3NAN8|RAD54_DROER	48.2	649	273	12	151795	149885	144	741	6.36e-170	553
JAIXMV010000020.1	sp|B4M9A8|RAD54_DROVI	48.5	655	275	13	151813	149885	131	735	6.77e-170	553
JAIXMV010000020.1	sp|B3MMA5|RAD54_DROAN	48.1	648	275	12	151795	149885	147	744	1.99e-169	552
JAIXMV010000020.1	sp|B4KHL5|RAD54_DROMO	48.2	655	277	13	151813	149885	131	735	5.28e-169	550
JAIXMV010000020.1	sp|B4NXB8|RAD54_DROYA	47.9	649	275	12	151795	149885	144	741	7.40e-169	550
JAIXMV010000020.1	sp|B4GS98|RAD54_DROPE	47.8	648	279	11	151795	149885	140	739	9.44e-169	550
JAIXMV010000020.1	sp|O76460|RAD54_DROME	48.1	649	274	12	151795	149885	144	741	1.37e-168	549
JAIXMV010000020.1	sp|Q29KH2|RAD54_DROPS	47.8	648	279	11	151795	149885	140	739	3.22e-168	548
JAIXMV010000020.1	sp|B4MX21|RAD54_DROWI	47.8	649	277	13	151795	149885	141	739	4.66e-168	548
JAIXMV010000020.1	sp|B4JCS7|RAD54_DROGR	48.0	656	277	14	151813	149885	131	735	4.96e-168	548
JAIXMV010000020.1	sp|P87172|GPI3_SCHPO	59.9	421	165	1	90382	89120	1	417	1.93e-159	509
JAIXMV010000020.1	sp|O74853|FAP1H_SCHPO	35.7	813	476	23	6767	4383	180	963	3.11e-152	512
JAIXMV010000020.1	sp|Q94BX4|PIGA_ARATH	53.8	442	198	1	90394	89069	7	442	2.16e-149	480
JAIXMV010000020.1	sp|P37287|PIGA_HUMAN	52.6	466	213	5	90421	89027	24	482	4.48e-143	463
JAIXMV010000020.1	sp|Q64323|PIGA_MOUSE	55.1	425	187	2	90391	89120	34	455	1.59e-142	462
JAIXMV010000020.1	sp|Q9LIC2|TMN7_ARATH	38.6	630	357	10	51455	53287	23	641	4.96e-136	449
JAIXMV010000020.1	sp|Q92544|TM9S4_HUMAN	38.2	631	357	10	51464	53287	22	642	9.45e-136	449
JAIXMV010000020.1	sp|Q5RDY2|TM9S4_PONAB	38.2	631	357	10	51464	53287	22	642	9.45e-136	449
JAIXMV010000020.1	sp|Q8BH24|TM9S4_MOUSE	39.0	638	355	12	51446	53287	16	643	3.33e-135	447
JAIXMV010000021.1	sp|O13395|CHS6_USTMA	50.1	904	415	17	95126	97786	10	894	9.22e-269	854
JAIXMV010000021.1	sp|J9VF17|CHS4_CRYNH	49.8	874	414	12	95237	97819	142	1003	3.28e-260	833
JAIXMV010000021.1	sp|Q4P9K9|CHS8_USTMA	39.7	1183	578	23	95264	98695	916	2002	1.79e-234	782
JAIXMV010000021.1	sp|J9VNT4|CHS5_CRYNH	46.0	855	431	8	95273	97786	898	1738	5.53e-220	737
JAIXMV010000021.1	sp|Q503E1|INT11_DANRE	63.4	432	146	3	10431	9136	79	498	1.84e-176	564
JAIXMV010000021.1	sp|Q5ZIH0|INT11_CHICK	63.8	434	140	4	10431	9136	79	497	9.21e-176	562
JAIXMV010000021.1	sp|Q9CWS4|INT11_MOUSE	63.0	422	141	3	10431	9172	79	487	2.39e-171	549
JAIXMV010000021.1	sp|Q3MHC2|INT11_RAT	63.0	422	141	3	10431	9172	79	487	2.39e-171	549
JAIXMV010000021.1	sp|Q54YL3|INT11_DICDI	67.8	385	112	2	10428	9310	79	463	2.76e-171	555
JAIXMV010000021.1	sp|Q2YDM2|INT11_BOVIN	66.6	389	130	0	10431	9265	79	467	4.29e-171	548
JAIXMV010000021.1	sp|Q5NVE6|INT11_PONAB	66.3	389	131	0	10431	9265	79	467	2.81e-170	546
JAIXMV010000021.1	sp|Q5TA45|INT11_HUMAN	66.3	389	131	0	10431	9265	79	467	3.83e-170	546
JAIXMV010000021.1	sp|Q9VAH9|INT11_DROME	61.2	428	157	2	10431	9148	79	497	2.20e-169	543
JAIXMV010000021.1	sp|P97363|SPTC2_MOUSE	52.5	499	230	4	153146	154627	55	551	2.59e-164	527
JAIXMV010000021.1	sp|Q3B7D2|SPTC2_RAT	52.5	499	230	4	153146	154627	55	551	8.89e-164	526
JAIXMV010000021.1	sp|O15270|SPTC2_HUMAN	52.3	499	231	4	153146	154627	57	553	9.52e-164	526
JAIXMV010000021.1	sp|O54694|SPTC2_CRIGR	52.5	491	228	3	153146	154609	55	543	1.65e-163	525
JAIXMV010000021.1	sp|Q09925|LCB2_SCHPO	49.6	556	263	5	152990	154618	14	565	1.78e-162	524
JAIXMV010000021.1	sp|Q54EX5|SPTC2_DICDI	51.2	494	235	4	153140	154618	2	490	9.73e-160	511
JAIXMV010000021.1	sp|P40970|LCB2_YEAST	51.3	489	236	1	153155	154621	50	536	4.51e-157	506
JAIXMV010000021.1	sp|Q9NUV7|SPTC3_HUMAN	52.0	496	231	4	153143	154615	48	541	9.84e-156	502
JAIXMV010000021.1	sp|Q5JK39|LCB2D_ORYSJ	50.2	486	233	3	153173	154618	4	484	1.00e-153	494
JAIXMV010000021.1	sp|P48241|LCB2_KLULA	49.4	498	244	2	153140	154615	38	533	1.42e-151	491
JAIXMV010000021.1	sp|Q2R3K3|LCB2A_ORYSJ	49.3	487	240	3	153173	154627	4	485	1.59e-150	484
JAIXMV010000021.1	sp|Q9M304|LCB2B_ARATH	49.2	486	239	3	153170	154627	3	480	5.64e-150	483
JAIXMV010000022.1	sp|Q10233|RPC2_SCHPO	67.2	978	315	5	76650	79571	186	1161	0.0	1325
JAIXMV010000022.1	sp|P22276|RPC2_YEAST	63.3	976	350	5	76650	79574	178	1146	0.0	1246
JAIXMV010000022.1	sp|Q12553|XDH_EMENI	46.2	1407	673	17	37839	33646	32	1363	0.0	1203
JAIXMV010000022.1	sp|Q9NW08|RPC2_HUMAN	61.5	976	367	7	76650	79571	162	1130	0.0	1179
JAIXMV010000022.1	sp|P59470|RPC2_MOUSE	61.5	976	367	7	76650	79571	162	1130	0.0	1179
JAIXMV010000022.1	sp|P36602|RIR1_SCHPO	69.0	812	238	4	83442	85841	1	810	0.0	1162
JAIXMV010000022.1	sp|P23921|RIR1_HUMAN	69.4	800	234	3	83442	85838	1	790	0.0	1142
JAIXMV010000022.1	sp|Q5R919|RIR1_PONAB	69.1	800	236	3	83442	85838	1	790	0.0	1137
JAIXMV010000022.1	sp|P07742|RIR1_MOUSE	68.5	800	241	3	83442	85838	1	790	0.0	1134
JAIXMV010000022.1	sp|Q9UW15|RIR1_NEUCR	71.9	757	210	3	83442	85706	1	756	0.0	1121
JAIXMV010000022.1	sp|P79732|RIR1_DANRE	68.0	800	247	3	83442	85838	1	792	0.0	1114
JAIXMV010000022.1	sp|Q03604|RIR1_CAEEL	67.3	804	242	4	83436	85844	5	788	0.0	1105
JAIXMV010000022.1	sp|P21524|RIR1_YEAST	68.0	774	240	3	83442	85745	1	772	0.0	1102
JAIXMV010000022.1	sp|P21672|RIR3_YEAST	67.6	766	240	3	83442	85721	1	764	0.0	1099
JAIXMV010000022.1	sp|P25167|RPC2_DROME	56.0	975	420	7	76650	79571	170	1136	0.0	1092
JAIXMV010000022.1	sp|Q9SJ20|RIR1_ARATH	65.6	823	250	7	83442	85838	1	814	0.0	1092
JAIXMV010000022.1	sp|P80457|XDH_BOVIN	44.5	1397	668	17	37833	33709	3	1313	0.0	1087
JAIXMV010000022.1	sp|P47989|XDH_HUMAN	44.2	1417	684	19	37833	33646	3	1333	0.0	1085
JAIXMV010000022.1	sp|P48591|RIR1_DROME	65.1	806	277	4	83427	85838	7	810	0.0	1078
JAIXMV010000022.1	sp|P47990|XDH_CHICK	43.9	1421	713	21	37851	33649	1	1357	0.0	1077
JAIXMV010000022.1	sp|Q9MYW6|XDH_FELCA	44.3	1395	672	18	37833	33709	3	1312	0.0	1074
JAIXMV010000022.1	sp|F4KD38|NRPC2_ARATH	54.1	1002	420	12	76650	79571	171	1160	0.0	1052
JAIXMV010000022.1	sp|Q76RD8|RIR1_VACCA	66.7	757	250	2	83442	85712	1	755	0.0	1052
JAIXMV010000022.1	sp|P20503|RIR1_VACCC	66.7	757	250	2	83442	85712	1	755	0.0	1052
JAIXMV010000022.1	sp|P12848|RIR1_VACCW	66.7	757	250	2	83442	85712	1	755	0.0	1052
JAIXMV010000023.1	sp|P02992|EFTU_YEAST	69.0	435	130	3	91769	93070	7	437	1.25e-193	606
JAIXMV010000023.1	sp|A5DN78|EFTU_PICGU	71.1	412	112	4	91841	93070	20	426	7.50e-191	597
JAIXMV010000023.1	sp|P62333|PRS10_HUMAN	80.3	361	71	0	94694	95776	27	387	3.92e-185	579
JAIXMV010000023.1	sp|P62335|PRS10_ICTTR	80.3	361	71	0	94694	95776	27	387	3.92e-185	579
JAIXMV010000023.1	sp|P62334|PRS10_MOUSE	80.3	361	71	0	94694	95776	27	387	3.92e-185	579
JAIXMV010000023.1	sp|Q2KIW6|PRS10_BOVIN	80.1	361	72	0	94694	95776	27	387	3.42e-184	577
JAIXMV010000023.1	sp|Q9SEI3|PS10A_ARATH	77.5	360	81	0	94694	95773	33	392	5.85e-183	573
JAIXMV010000023.1	sp|Q9MAK9|PS10B_ARATH	77.5	360	81	0	94694	95773	33	392	7.97e-183	573
JAIXMV010000023.1	sp|Q9Y700|EFTU_SCHPO	70.0	406	116	4	91856	93070	39	439	4.67e-182	573
JAIXMV010000023.1	sp|O74445|PRS10_SCHPO	78.4	366	77	1	94691	95782	23	388	5.49e-181	567
JAIXMV010000023.1	sp|O17071|PRS10_CAEEL	76.5	361	85	0	94694	95776	44	404	1.06e-180	567
JAIXMV010000023.1	sp|Q0BUQ2|EFTU_GRABC	68.7	396	117	1	91877	93064	6	394	3.45e-180	565
JAIXMV010000023.1	sp|A8HTW6|EFTU_AZOC5	68.4	399	118	2	91877	93070	6	397	1.99e-178	560
JAIXMV010000023.1	sp|Q07KJ2|EFTU_RHOP5	68.8	398	117	2	91877	93070	6	396	4.85e-178	559
JAIXMV010000023.1	sp|Q2W2H3|EFTU_MAGSA	68.3	398	119	1	91877	93070	6	396	1.23e-177	558
JAIXMV010000023.1	sp|Q211E6|EFTU_RHOPB	68.8	398	117	2	91877	93070	6	396	1.23e-177	558
JAIXMV010000023.1	sp|Q0ANN1|EFTU_MARMM	67.3	398	123	1	91877	93070	6	396	5.00e-176	553
JAIXMV010000023.1	sp|Q1QN32|EFTU_NITHX	67.8	398	121	1	91877	93070	6	396	5.00e-176	553
JAIXMV010000023.1	sp|Q54PJ1|PRS10_DICDI	74.3	362	92	1	94700	95782	32	393	1.13e-175	552
JAIXMV010000023.1	sp|Q134R0|EFTU2_RHOPS	68.3	398	119	2	91877	93070	6	396	1.26e-175	552
JAIXMV010000023.1	sp|Q134S7|EFTU1_RHOPS	68.3	398	119	2	91877	93070	6	396	1.72e-175	552
JAIXMV010000023.1	sp|Q3SSW8|EFTU_NITWN	67.8	398	121	1	91877	93070	6	396	1.72e-175	552
JAIXMV010000023.1	sp|A5FZW7|EFTU_ACICJ	68.6	398	117	2	91877	93070	6	395	2.26e-175	551
JAIXMV010000023.1	sp|Q89J82|EFTU_BRADU	67.8	398	121	2	91877	93070	6	396	2.35e-175	551
JAIXMV010000023.1	sp|B8ELG5|EFTU_METSB	67.8	398	121	1	91877	93070	6	396	3.20e-175	551
JAIXMV010000024.1	sp|P78875|TPP1_SCHPO	40.0	797	429	8	40065	42368	38	814	2.83e-173	562
JAIXMV010000024.1	sp|Q54NU9|TPSB_DICDI	42.4	656	355	11	40272	42194	103	750	3.94e-159	520
JAIXMV010000024.1	sp|Q54K57|TPSA_DICDI	39.1	705	392	10	40065	42161	17	690	6.63e-154	503
JAIXMV010000024.1	sp|P31688|TPS2_YEAST	36.2	853	438	20	40053	42353	11	843	4.58e-152	504
JAIXMV010000024.1	sp|O23617|TPS5_ARATH	35.8	766	410	16	40233	42371	106	842	2.70e-133	448
JAIXMV010000024.1	sp|Q9SYM4|TPS1_ARATH	37.9	644	372	10	40308	42158	153	795	6.67e-133	449
JAIXMV010000024.1	sp|O14145|TPS2_SCHPO	40.9	609	351	9	40386	42194	172	777	5.38e-132	444
JAIXMV010000024.1	sp|Q8NI60|COQ8A_HUMAN	48.7	456	220	4	31847	33205	196	640	6.82e-130	430
JAIXMV010000024.1	sp|Q29RI0|COQ8A_BOVIN	48.8	447	210	3	31886	33205	206	640	9.56e-130	430
JAIXMV010000024.1	sp|Q6AY19|COQ8B_RAT	49.4	441	212	3	31886	33205	85	515	7.39e-129	422
JAIXMV010000024.1	sp|Q9LRA7|TPS9_ARATH	36.2	744	389	16	40314	42368	125	841	2.37e-128	434
JAIXMV010000024.1	sp|Q5BJQ0|COQ8A_RAT	49.2	443	214	3	31886	33205	207	641	2.87e-128	426
JAIXMV010000024.1	sp|P27697|COQ8_YEAST	50.1	447	206	4	31871	33199	65	498	4.87e-128	419
JAIXMV010000024.1	sp|Q60936|COQ8A_MOUSE	49.0	443	215	3	31886	33205	203	637	6.37e-128	424
JAIXMV010000024.1	sp|Q0WUI9|TPS8_ARATH	35.6	725	400	14	40278	42305	111	817	2.72e-127	430
JAIXMV010000024.1	sp|Q566J8|COQ8B_MOUSE	48.9	444	215	3	31886	33205	85	520	3.48e-127	418
JAIXMV010000024.1	sp|A3QJU3|COQ8B_DANRE	47.7	440	223	1	31886	33205	181	613	3.89e-127	421
JAIXMV010000024.1	sp|Q5RGU1|COQ8A_DANRE	47.3	444	222	3	31886	33205	174	609	2.10e-126	419
JAIXMV010000024.1	sp|Q9LMI0|TPS7_ARATH	34.9	739	423	13	40278	42365	111	834	4.97e-126	426
JAIXMV010000024.1	sp|Q94AH8|TPS6_ARATH	35.0	771	410	20	40233	42368	114	852	8.55e-126	426
JAIXMV010000024.1	sp|O80738|TPS10_ARATH	35.5	780	410	19	40203	42371	99	842	8.78e-126	426
JAIXMV010000024.1	sp|Q96D53|COQ8B_HUMAN	47.6	443	222	3	31886	33205	84	519	2.70e-125	413
JAIXMV010000024.1	sp|Q9FZ57|TPS2_ARATH	34.1	743	445	17	40212	42365	50	772	7.37e-124	419
JAIXMV010000024.1	sp|Q92338|ABCI_SCHPO	46.9	473	233	5	31805	33205	148	608	9.98e-124	411
JAIXMV010000024.1	sp|Q9T079|TPS4_ARATH	32.0	813	482	20	40065	42368	5	791	4.04e-123	416
JAIXMV010000025.1	sp|P34229|FAS1_YARLI	35.4	1773	1051	28	11436	16661	59	1767	1.09e-314	1018
JAIXMV010000025.1	sp|P34731|FAS1_CANAX	34.3	1794	1076	30	11349	16658	7	1721	6.69e-306	990
JAIXMV010000025.1	sp|Q9UUG0|FAS1_SCHPO	35.7	1737	987	32	11574	16661	107	1754	1.85e-299	972
JAIXMV010000025.1	sp|Q92215|TOXC_COCCA	34.8	1715	1033	25	11571	16658	106	1753	5.07e-297	966
JAIXMV010000025.1	sp|P07149|FAS1_YEAST	32.7	1782	1098	26	11433	16709	48	1751	3.33e-278	909
JAIXMV010000025.1	sp|Q5AV07|ATNM_EMENI	33.8	1764	1032	33	11526	16682	132	1805	3.45e-274	899
JAIXMV010000025.1	sp|Q2TXG3|ORYB_ASPOR	32.3	1806	1070	39	11349	16661	26	1714	8.06e-255	840
JAIXMV010000025.1	sp|A0A1U8QK63|PKIC_EMENI	31.5	1719	1029	37	11415	16508	66	1656	1.20e-220	734
JAIXMV010000025.1	sp|M2XHU6|HEXB_DOTSN	30.9	1664	1041	25	11742	16661	22	1601	3.21e-220	734
JAIXMV010000025.1	sp|Q8TGA1|AFLB_ASPPU	31.0	1673	1041	24	11703	16658	7	1587	1.37e-219	731
JAIXMV010000025.1	sp|I1S489|GRA7_GIBZE	31.0	1749	1061	35	11574	16721	130	1766	1.19e-216	727
JAIXMV010000025.1	sp|Q00706|STCK_EMENI	32.1	1700	996	41	11748	16661	17	1619	5.01e-210	704
JAIXMV010000025.1	sp|W6R1D9|AC891_PENRF	30.9	683	448	11	8457	6445	26	696	1.57e-87	307
JAIXMV010000025.1	sp|Q8LKS5|LACS7_ARATH	30.7	644	403	14	8361	6448	83	689	6.28e-84	296
JAIXMV010000025.1	sp|Q9T0A0|LACS4_ARATH	29.3	682	439	10	8472	6454	8	655	1.71e-83	294
JAIXMV010000025.1	sp|O88813|ACSL5_RAT	30.2	653	397	15	8370	6454	71	678	4.70e-83	293
JAIXMV010000025.1	sp|Q9T009|LACS5_ARATH	30.0	640	406	9	8367	6475	42	648	2.16e-81	288
JAIXMV010000025.1	sp|Q55DR6|FCSA_DICDI	29.1	685	439	15	8481	6448	15	659	2.99e-81	288
JAIXMV010000025.1	sp|Q8JZR0|ACSL5_MOUSE	30.1	651	400	13	8370	6454	71	678	1.98e-80	286
JAIXMV010000025.1	sp|Q9XIA9|LACS2_ARATH	29.2	688	440	12	8472	6445	8	660	4.33e-80	284
JAIXMV010000025.1	sp|O22898|LACS1_ARATH	30.4	649	406	13	8367	6454	39	652	1.81e-76	273
JAIXMV010000025.1	sp|Q1ZXQ4|FCSB_DICDI	27.5	652	429	14	8373	6442	58	673	6.09e-67	246
JAIXMV010000025.1	sp|O60135|LCF1_SCHPO	24.0	682	473	18	8421	6448	16	676	9.29e-40	164
JAIXMV010000025.1	sp|P16405|ORA_PLAFN	23.3	566	364	17	8136	6577	35	576	6.50e-29	130
JAIXMV010000025.1	sp|Q84P24|4CLL6_ARATH	26.1	357	204	13	7743	6715	204	514	2.93e-15	86.7
JAIXMV010000026.1	sp|K7NCS2|FETC_EPIFE	33.2	512	312	11	15332	13863	18	521	1.48e-77	275
JAIXMV010000026.1	sp|Q09920|FIO1_SCHPO	34.7	530	298	19	15359	13863	10	522	2.71e-77	275
JAIXMV010000026.1	sp|W3X7K0|PFMAD_PESFW	31.7	523	318	16	15362	13863	8	514	2.50e-70	253
JAIXMV010000026.1	sp|Q4WZB4|ABR1_ASPFU	31.4	522	304	17	15326	13872	18	522	5.13e-69	251
JAIXMV010000026.1	sp|P43561|FET5_YEAST	31.3	540	305	15	15332	13863	16	539	1.54e-66	243
JAIXMV010000026.1	sp|Q6A1A2|PDPK2_HUMAN	56.8	183	79	0	10201	9653	147	329	6.19e-65	231
JAIXMV010000026.1	sp|O55173|PDPK1_RAT	57.9	183	77	0	10201	9653	177	359	1.53e-64	235
JAIXMV010000026.1	sp|O15530|PDPK1_HUMAN	57.4	183	78	0	10201	9653	174	356	6.45e-64	233
JAIXMV010000026.1	sp|Q9Z2A0|PDPK1_MOUSE	57.4	183	78	0	10201	9653	177	359	1.27e-63	233
JAIXMV010000026.1	sp|Q02079|LAC3_THACU	30.9	563	301	19	15335	13872	16	565	1.08e-56	213
JAIXMV010000026.1	sp|P56193|LAC1_THACU	30.0	546	292	16	15335	13923	16	546	3.84e-53	202
JAIXMV010000026.1	sp|Q02075|LAC2_THACU	30.7	584	285	20	15362	13920	7	573	4.85e-52	199
JAIXMV010000026.1	sp|Q02081|LAC4_THACU	32.7	496	271	20	15332	13962	18	489	3.37e-51	195
JAIXMV010000026.1	sp|O59896|LAC1_PYCCI	30.3	534	296	24	15359	13884	8	507	2.57e-48	186
JAIXMV010000026.1	sp|Q99056|LAC5_TRAVI	32.2	487	270	19	15299	13947	33	495	6.17e-47	182
JAIXMV010000026.1	sp|Q4V3C8|PDPK2_ARATH	44.5	200	101	3	10198	9623	138	335	9.81e-46	178
JAIXMV010000026.1	sp|Q02497|LAC1_TRAHI	29.7	535	300	24	15359	13884	8	509	1.45e-45	178
JAIXMV010000026.1	sp|Q9XF67|PDPK1_ARATH	44.5	200	101	3	10198	9623	137	334	1.98e-45	177
JAIXMV010000026.1	sp|Q12717|LAC5_TRAVE	31.8	487	272	19	15299	13947	33	495	4.06e-45	177
JAIXMV010000026.1	sp|Q12701|KSG1_SCHPO	44.0	200	94	2	10201	9638	192	385	7.12e-45	178
JAIXMV010000026.1	sp|D0VWU3|LAC1_TRAMX	30.5	505	292	21	15299	13884	10	488	7.76e-45	176
JAIXMV010000026.1	sp|Q12236|PKH2_YEAST	48.2	193	83	4	10198	9653	273	459	8.38e-44	180
JAIXMV010000026.1	sp|Q99044|LAC1_TRAVI	29.1	523	319	20	15359	13884	8	509	1.28e-43	172
JAIXMV010000026.1	sp|Q5A3P6|PKH2_CANAL	48.5	198	87	5	10192	9626	336	527	3.45e-43	177
JAIXMV010000026.1	sp|Q03407|PKH1_YEAST	46.7	195	85	3	10198	9653	219	407	5.12e-42	172
JAIXMV010000027.1	sp|B8MYS7|MF127_ASPFN	36.4	533	314	6	7657	9213	1	522	2.23e-90	309
JAIXMV010000027.1	sp|P49374|HGT1_KLULA	34.8	486	302	5	7678	9120	29	504	5.22e-84	291
JAIXMV010000027.1	sp|A0A1D8PCL1|HGT1_CANAL	32.9	498	327	4	7633	9117	15	508	1.85e-77	272
JAIXMV010000027.1	sp|O74713|HGT1_CANAX	32.9	498	327	4	7633	9117	15	508	1.85e-77	272
JAIXMV010000027.1	sp|Q68FR6|EF1G_RAT	38.0	439	247	5	4724	5980	4	437	1.94e-77	268
JAIXMV010000027.1	sp|Q9D8N0|EF1G_MOUSE	38.3	439	246	5	4724	5980	4	437	9.00e-77	266
JAIXMV010000027.1	sp|P29694|EF1G_RABIT	38.3	439	246	5	4724	5980	4	437	1.22e-76	266
JAIXMV010000027.1	sp|P26641|EF1G_HUMAN	38.3	439	246	5	4724	5980	4	437	1.66e-76	266
JAIXMV010000027.1	sp|Q4R7H5|EF1G_MACFA	38.3	439	246	5	4724	5980	4	437	3.07e-76	265
JAIXMV010000027.1	sp|A2Q127|EF1G_HORSE	38.3	439	246	5	4724	5980	4	437	1.05e-75	263
JAIXMV010000027.1	sp|Q29387|EF1G_PIG	38.4	430	240	5	4751	5980	8	432	1.94e-74	259
JAIXMV010000027.1	sp|Q3SZV3|EF1G_BOVIN	38.2	442	245	6	4724	5980	4	440	3.32e-74	259
JAIXMV010000027.1	sp|Q90YC0|EF1G_CARAU	38.7	445	241	7	4724	5980	4	442	3.51e-74	259
JAIXMV010000027.1	sp|P26642|EF1GA_XENLA	40.6	443	229	7	4724	5980	4	436	5.45e-74	258
JAIXMV010000027.1	sp|Q6PE25|EF1G_DANRE	38.7	445	241	7	4724	5980	4	442	2.99e-73	256
JAIXMV010000027.1	sp|Q91375|EF1GB_XENLA	37.6	455	227	9	4724	5980	4	437	4.03e-70	247
JAIXMV010000027.1	sp|Q9ZRI7|EF1G1_ORYSJ	42.2	417	218	9	4760	5980	15	418	2.69e-67	238
JAIXMV010000027.1	sp|P40921|EF1G_SCHPO	39.9	421	238	6	4721	5980	3	409	5.22e-67	237
JAIXMV010000027.1	sp|Q9FUM1|EF1G_PRUAV	40.1	416	232	9	4760	5980	15	422	2.57e-66	236
JAIXMV010000027.1	sp|P12261|EF1G_ARTSA	36.1	427	247	8	4751	5980	13	430	3.21e-66	236
JAIXMV010000027.1	sp|A0A0H2VG78|GLCP_STAES	35.0	463	266	9	7675	9057	5	434	3.11e-65	233
JAIXMV010000027.1	sp|Q6YW46|EF1G2_ORYSJ	38.9	419	229	9	4760	5980	15	418	1.92e-63	227
JAIXMV010000027.1	sp|P10870|SNF3_YEAST	32.3	480	285	10	7684	9069	100	557	9.99e-63	237
JAIXMV010000027.1	sp|Q41144|STC_RICCO	33.5	475	277	9	7693	9054	31	487	5.32e-62	226
JAIXMV010000027.1	sp|Q39228|STP4_ARATH	31.7	492	298	11	7642	9057	11	484	5.80e-62	226
JAIXMV010000028.1	sp|P40340|TBP7_YEAST	48.1	468	206	4	5895	7199	411	874	4.94e-110	390
JAIXMV010000028.1	sp|Q8CDM1|ATAD2_MOUSE	35.9	721	333	12	5898	7946	80	709	1.20e-107	375
JAIXMV010000028.1	sp|Q9ULI0|ATD2B_HUMAN	36.7	727	325	11	5898	7946	399	1034	4.47e-105	376
JAIXMV010000028.1	sp|Q5RDX4|ATAD2_PONAB	35.2	727	336	13	5898	7946	256	891	2.97e-104	367
JAIXMV010000028.1	sp|Q6PL18|ATAD2_HUMAN	35.4	727	335	13	5898	7946	425	1060	1.53e-102	367
JAIXMV010000028.1	sp|F4IAE9|Y1591_ARATH	45.7	477	232	9	5814	7193	343	809	5.93e-101	359
JAIXMV010000028.1	sp|O14114|YEJJ_SCHPO	43.9	451	236	4	5895	7208	264	710	7.83e-101	358
JAIXMV010000028.1	sp|Q9C0W2|YHI5_SCHPO	47.0	411	203	4	5898	7097	371	777	3.80e-93	335
JAIXMV010000028.1	sp|P54816|TBP7_CAEEL	50.9	344	148	5	5715	6707	323	658	2.83e-90	328
JAIXMV010000028.1	sp|A8X0L9|TBP7_CAEBR	50.9	344	148	5	5715	6707	337	672	4.70e-90	327
JAIXMV010000028.1	sp|Q80W57|ABCG2_RAT	30.0	609	371	13	3782	2106	49	652	1.13e-70	256
JAIXMV010000028.1	sp|Q9UNQ0|ABCG2_HUMAN	30.7	602	359	16	3761	2106	57	650	4.40e-68	248
JAIXMV010000028.1	sp|Q7TMS5|ABCG2_MOUSE	29.7	609	373	12	3782	2106	49	652	1.13e-67	247
JAIXMV010000028.1	sp|Q4GZT4|ABCG2_BOVIN	30.1	602	358	14	3752	2106	59	650	3.59e-67	245
JAIXMV010000028.1	sp|P10090|WHITE_DROME	32.0	537	324	10	3776	2253	98	622	3.82e-67	246
JAIXMV010000028.1	sp|Q5MB13|ABCG2_MACMU	30.3	603	359	16	3761	2106	57	649	2.87e-66	243
JAIXMV010000028.1	sp|Q05360|WHITE_LUCCU	32.1	536	331	9	3782	2253	85	613	3.03e-64	237
JAIXMV010000028.1	sp|Q17320|WHITE_CERCA	31.0	545	332	11	3782	2241	87	618	5.72e-64	236
JAIXMV010000028.1	sp|Q11180|WHT1_CAEEL	32.6	533	332	8	3761	2238	76	606	6.59e-64	236
JAIXMV010000028.1	sp|Q8MIB3|ABCG2_PIG	29.9	602	363	13	3761	2109	57	650	1.62e-63	234
JAIXMV010000028.1	sp|O28972|Y1297_ARCFU	38.3	379	189	7	5676	6707	75	443	1.34e-61	231
JAIXMV010000028.1	sp|Q58556|Y1156_METJA	42.8	278	144	4	5886	6707	174	440	2.80e-60	230
JAIXMV010000028.1	sp|O05209|VAT_THEAC	43.3	277	146	2	5889	6707	186	455	1.45e-58	222
JAIXMV010000028.1	sp|Q9HPF0|CDCH_HALSA	44.0	277	136	5	5895	6707	187	450	1.46e-57	219
JAIXMV010000028.1	sp|Q07590|SAV_SULAC	42.1	278	148	4	5886	6707	207	475	1.16e-55	214
JAIXMV010000029.1	sp|O13350|ATP7_KLULA	46.3	164	88	0	4284	4775	11	174	3.95e-36	139
JAIXMV010000029.1	sp|Q6CFH9|ATP7_YARLI	43.6	172	97	0	4260	4775	5	176	8.10e-34	133
JAIXMV010000029.1	sp|P30902|ATP7_YEAST	42.1	164	95	0	4284	4775	11	174	5.79e-32	127
JAIXMV010000029.1	sp|C0HK60|ATP7_PICAN	40.6	175	104	0	4251	4775	1	175	2.13e-29	120
JAIXMV010000029.1	sp|O94390|ATP7_SCHPO	40.2	174	100	1	4254	4775	6	175	1.36e-28	118
JAIXMV010000029.1	sp|Q4WI46|CRF2_ASPFU	34.4	157	84	5	2890	2444	133	278	3.23e-16	88.2
JAIXMV010000029.1	sp|Q5AJC0|UTR2_CANAL	28.3	173	97	6	2941	2468	116	276	1.55e-14	83.2
JAIXMV010000003.1	sp|Q10289|FAS2_SCHPO	45.4	1716	820	18	116555	111645	4	1681	0.0	1375
JAIXMV010000003.1	sp|O94313|CARB_SCHPO	62.2	1152	396	12	63174	59719	43	1155	0.0	1371
JAIXMV010000003.1	sp|P78615|FAS2_EMEND	44.9	1747	824	21	229071	234014	4	1710	0.0	1369
JAIXMV010000003.1	sp|P15368|FAS2_PENPA	45.1	1750	815	24	116555	111612	4	1709	0.0	1361
JAIXMV010000003.1	sp|G8BAW7|FAS2_CANPC	44.0	1774	824	20	116555	111612	4	1734	0.0	1322
JAIXMV010000003.1	sp|P19097|FAS2_YEAST	42.9	1766	855	19	116555	111612	4	1733	0.0	1322
JAIXMV010000003.1	sp|P43098|FAS2_CANAX	44.4	1765	822	23	116555	111630	4	1731	0.0	1319
JAIXMV010000003.1	sp|P46056|CARB_CUTCT	64.1	1071	360	12	63024	59815	74	1120	0.0	1315
JAIXMV010000003.1	sp|Q765N2|FAS2_LACKL	42.6	1762	864	21	116555	111612	6	1733	0.0	1297
JAIXMV010000003.1	sp|P03965|CARB_YEAST	60.1	1109	417	9	63021	59710	28	1116	0.0	1281
JAIXMV010000003.1	sp|Q75D66|CARB_ASHGO	58.3	1114	425	13	63021	59710	28	1111	0.0	1232
JAIXMV010000003.1	sp|P07259|PYR1_YEAST	55.3	1084	442	12	63030	59812	435	1486	0.0	1151
JAIXMV010000003.1	sp|P14068|XPO1_SCHPO	54.8	1092	438	5	1020693	1017430	31	1070	0.0	1150
JAIXMV010000003.1	sp|P05990|PYR1_DROME	56.0	1090	420	14	63018	59815	404	1455	0.0	1140
JAIXMV010000003.1	sp|Q5AV00|ATNF_EMENI	40.5	1663	922	25	229077	233969	10	1636	0.0	1132
JAIXMV010000003.1	sp|Q09794|PYR1_SCHPO	54.0	1079	455	14	63027	59815	472	1517	0.0	1131
JAIXMV010000003.1	sp|O93937|PYR1_EMENI	54.4	1099	446	14	63060	59812	467	1526	0.0	1129
JAIXMV010000003.1	sp|Q2TXF0|ORYA_ASPOR	40.3	1671	906	22	116549	111612	10	1614	0.0	1121
JAIXMV010000003.1	sp|P27708|PYR1_HUMAN	54.6	1084	445	15	63018	59806	394	1443	0.0	1115
JAIXMV010000003.1	sp|P08955|PYR1_MESAU	54.6	1084	445	15	63018	59806	394	1443	0.0	1115
JAIXMV010000003.1	sp|Q91437|PYR1_SQUAC	54.2	1087	451	13	63030	59815	393	1447	0.0	1115
JAIXMV010000003.1	sp|P34229|FAS1_YARLI	36.7	1832	1097	30	121979	116574	282	2081	0.0	1112
JAIXMV010000003.1	sp|B2RQC6|PYR1_MOUSE	54.4	1084	447	15	63018	59806	394	1443	0.0	1108
JAIXMV010000003.1	sp|P34731|FAS1_CANAX	36.5	1832	1079	33	121979	116577	257	2034	0.0	1107
JAIXMV010000003.1	sp|P20054|PYR1_DICDI	54.2	1083	447	16	63021	59812	404	1450	0.0	1105
JAIXMV010000030.1	sp|Q8TGM7|ART2_YEAST	67.9	56	18	0	4070	4237	2	57	4.22e-16	78.2
JAIXMV010000030.1	sp|Q3E811|RRT15_YEAST	66.7	48	16	0	4070	4213	2	49	9.46e-12	65.9
JAIXMV010000030.1	sp|P0C5Q0|YL54F_YEAST	70.3	37	9	1	7880	7990	11	45	4.88e-07	52.0
JAIXMV010000030.1	sp|Q8TGM6|TAR1_YEAST	54.3	46	21	0	6693	6830	53	98	7.87e-07	53.9
JAIXMV010000030.1	sp|Q6CQE5|TAR1_KLULA	52.2	46	22	0	6693	6830	38	83	1.22e-05	50.1
JAIXMV010000033.1	sp|Q9WU83|DPM1_CRIGR	71.1	239	69	0	3647	2931	27	265	6.56e-113	359
JAIXMV010000033.1	sp|O60762|DPM1_HUMAN	70.6	235	69	0	3635	2931	25	259	2.69e-112	357
JAIXMV010000033.1	sp|O70152|DPM1_MOUSE	71.1	239	69	0	3647	2931	21	259	3.73e-112	357
JAIXMV010000033.1	sp|A5GFZ5|DPM1_PIG	70.5	234	69	0	3632	2931	25	258	4.81e-111	354
JAIXMV010000033.1	sp|Q1JQ93|DPM1_BOVIN	70.9	234	68	0	3632	2931	26	259	3.47e-110	352
JAIXMV010000033.1	sp|Q9VIU7|DPM1_DROME	66.7	234	78	0	3632	2931	7	240	1.98e-105	338
JAIXMV010000033.1	sp|O14466|DPM1_SCHPO	68.4	231	73	0	3632	2940	3	233	4.37e-105	337
JAIXMV010000033.1	sp|Q54LP3|DPM1_DICDI	62.6	235	88	0	3632	2928	19	253	4.56e-96	312
JAIXMV010000033.1	sp|Q9LM93|DPM1_ARATH	65.8	228	76	1	3632	2949	14	239	6.54e-96	311
JAIXMV010000033.1	sp|A0QZ12|PPM1_MYCS2	38.3	222	127	6	3623	2970	26	241	7.87e-36	140
JAIXMV010000033.1	sp|C5CBV8|MPUS_MICLC	35.9	223	130	6	3620	2964	6	219	3.76e-31	126
JAIXMV010000033.1	sp|A0A0H3M5A8|PPMNT_MYCBP	36.3	223	130	6	3623	2970	614	829	1.08e-30	135
JAIXMV010000033.1	sp|O53493|PPMNT_MYCTU	36.3	223	130	6	3623	2970	614	829	1.08e-30	135
JAIXMV010000033.1	sp|B4ETL6|ARNC_PROMH	25.5	235	163	5	3635	2931	8	230	6.92e-18	90.1
JAIXMV010000033.1	sp|C6DAW6|ARNC_PECCP	24.1	232	164	4	3626	2931	9	228	6.31e-15	81.3
JAIXMV010000033.1	sp|Q6D2F0|ARNC_PECAS	24.1	232	164	4	3626	2931	9	228	1.14e-14	80.5
JAIXMV010000033.1	sp|A0KGY7|ARNC_AERHH	26.6	233	157	6	3626	2931	10	229	1.51e-14	80.1
JAIXMV010000033.1	sp|A4SQW8|ARNC_AERS4	25.0	232	162	4	3626	2931	10	229	4.82e-14	78.6
JAIXMV010000033.1	sp|Q55487|Y501_SYNY3	33.1	172	106	4	3626	3114	6	169	1.50e-12	73.9
JAIXMV010000033.1	sp|Q756J5|ESF1_ASHGO	45.5	77	37	1	1469	1254	254	330	9.97e-11	70.1
JAIXMV010000033.1	sp|Q06344|ESF1_YEAST	45.5	77	37	1	1469	1254	257	333	8.08e-09	63.9
JAIXMV010000033.1	sp|P74505|Y1943_SYNY3	27.2	169	115	5	3629	3123	23	183	2.40e-08	61.2
JAIXMV010000033.1	sp|P71054|EPSE_BACSU	31.9	138	86	5	3644	3240	2	134	3.64e-08	60.1
JAIXMV010000033.1	sp|O06483|YFNE_BACSU	25.8	120	84	2	3632	3273	2	116	2.54e-04	48.9
JAIXMV010000004.1	sp|Q4PFV5|DPOE_USTMA	45.3	2401	1073	35	759221	766192	56	2292	0.0	1932
JAIXMV010000004.1	sp|O93845|DPOE_EMENI	44.9	2335	1100	38	759221	766198	40	2196	0.0	1842
JAIXMV010000004.1	sp|Q9WVF7|DPOE1_MOUSE	43.8	2389	1132	43	759233	766216	34	2273	0.0	1825
JAIXMV010000004.1	sp|Q07864|DPOE1_HUMAN	43.8	2391	1133	42	759233	766216	34	2276	0.0	1818
JAIXMV010000004.1	sp|P87154|DPOE_SCHPO	43.9	2326	1096	35	759245	766174	48	2179	0.0	1795
JAIXMV010000004.1	sp|Q6BNG2|DPOE_DEBHA	42.6	2368	1112	47	759233	766198	51	2217	0.0	1748
JAIXMV010000004.1	sp|Q4WXH8|DPOE_ASPFU	49.7	1781	795	24	759221	764467	40	1751	0.0	1657
JAIXMV010000004.1	sp|Q9VCN1|DPOE1_DROME	40.9	2426	1133	49	759215	766246	28	2235	0.0	1628
JAIXMV010000004.1	sp|P0CN27|DPOE_CRYNB	51.4	1716	711	22	759245	764296	70	1694	0.0	1626
JAIXMV010000004.1	sp|P0CN26|DPOE_CRYNJ	51.4	1716	711	22	759245	764296	70	1694	0.0	1626
JAIXMV010000004.1	sp|P21951|DPOE_YEAST	46.6	1785	834	27	759257	764467	44	1756	0.0	1517
JAIXMV010000004.1	sp|Q6FNY7|DPOE_CANGA	46.0	1788	846	27	759257	764467	34	1753	0.0	1513
JAIXMV010000004.1	sp|Q6CUS7|DPOE_KLULA	47.2	1760	837	28	759248	764464	37	1725	0.0	1504
JAIXMV010000004.1	sp|Q54RD4|DPOE1_DICDI	36.9	2476	1272	42	759266	766198	19	2369	0.0	1469
JAIXMV010000004.1	sp|Q752B8|DPOE_ASHGO	46.8	1744	832	28	759248	764416	36	1704	0.0	1462
JAIXMV010000004.1	sp|F4HW04|DPOE1_ARATH	45.3	1758	877	28	759257	764488	27	1713	0.0	1411
JAIXMV010000004.1	sp|B0D6H2|ARO1_LACBS	50.6	1626	727	29	1027980	1032755	4	1586	0.0	1397
JAIXMV010000004.1	sp|Q8J294|ARO1_THACU	49.9	1660	729	37	1027968	1032782	5	1617	0.0	1386
JAIXMV010000004.1	sp|C7YZ74|ARO1_FUSV7	50.1	1609	713	32	1027989	1032731	10	1556	0.0	1372
JAIXMV010000004.1	sp|P0CM23|ARO1_CRYNB	49.3	1648	745	31	1027980	1032779	6	1611	0.0	1370
JAIXMV010000004.1	sp|P0CM22|ARO1_CRYNJ	49.3	1648	745	31	1027980	1032779	6	1611	0.0	1370
JAIXMV010000004.1	sp|A8NMB4|ARO1_COPC7	49.2	1707	718	40	1027980	1032773	9	1674	0.0	1368
JAIXMV010000004.1	sp|A7F7H0|ARO1_SCLS1	50.1	1614	723	32	1027995	1032758	12	1568	0.0	1362
JAIXMV010000004.1	sp|Q0V3H0|ARO1_PHANO	49.0	1648	731	34	1027980	1032776	8	1594	0.0	1360
JAIXMV010000004.1	sp|Q9P7R0|ARO1_SCHPO	48.4	1621	747	31	1027995	1032770	10	1570	0.0	1357
JAIXMV010000005.1	sp|Q99PV0|PRP8_MOUSE	41.2	4275	549	12	688230	701054	26	2335	0.0	2954
JAIXMV010000005.1	sp|Q6P2Q9|PRP8_HUMAN	41.2	4275	550	12	688230	701054	26	2335	0.0	2953
JAIXMV010000005.1	sp|Q9SSD2|PRP8A_ARATH	39.9	4277	605	13	688224	701051	48	2358	0.0	2852
JAIXMV010000005.1	sp|P34369|PRP8_CAEEL	39.5	4287	625	16	688206	701054	8	2329	0.0	2813
JAIXMV010000005.1	sp|Q9T0I6|PRP8B_ARATH	39.3	4278	632	14	688224	701054	46	2359	0.0	2792
JAIXMV010000005.1	sp|Q8T295|PRP8_DICDI	38.2	4271	673	16	688242	701048	17	2321	0.0	2657
JAIXMV010000005.1	sp|O14187|SPP42_SCHPO	38.1	4278	677	18	688239	701054	50	2363	0.0	2611
JAIXMV010000005.1	sp|Q9C102|GLT1_SCHPO	60.4	1832	684	12	1058450	1063894	304	2110	0.0	2175
JAIXMV010000005.1	sp|P33334|PRP8_YEAST	32.7	4258	876	24	688326	701054	131	2413	0.0	2093
JAIXMV010000005.1	sp|Q03460|GLSN_MEDSA	56.8	1842	733	21	1058450	1063834	336	2162	0.0	1972
JAIXMV010000005.1	sp|Q12680|GLT1_YEAST	55.6	1863	773	20	1058450	1063912	292	2142	0.0	1966
JAIXMV010000005.1	sp|Q9LV03|GLUT1_ARATH	56.4	1849	738	24	1058450	1063840	354	2185	0.0	1952
JAIXMV010000005.1	sp|Q0JKD0|GLT1_ORYSJ	55.9	1841	735	22	1058450	1063840	337	2145	0.0	1935
JAIXMV010000005.1	sp|Q0DG35|GLT2_ORYSJ	54.9	1846	757	25	1058450	1063840	344	2163	0.0	1920
JAIXMV010000005.1	sp|Q54YZ9|DHKJ_DICDI	54.5	1580	684	9	1237073	1232391	202	1765	0.0	1541
JAIXMV010000005.1	sp|P38811|TRA1_YEAST	28.2	4426	2277	81	778526	791338	74	3743	0.0	1530
JAIXMV010000005.1	sp|Q9HFE8|TRA1_SCHPO	28.6	4351	2268	75	778526	791341	112	3699	0.0	1516
JAIXMV010000005.1	sp|Q10064|YAMB_SCHPO	27.8	4374	2259	84	778526	791341	74	3655	0.0	1459
JAIXMV010000005.1	sp|P55037|GLTB_SYNY3	52.6	1256	571	16	1058450	1062187	276	1517	0.0	1251
JAIXMV010000005.1	sp|P55072|TERA_HUMAN	74.9	808	190	4	548744	546321	11	805	0.0	1217
JAIXMV010000005.1	sp|Q01853|TERA_MOUSE	74.9	808	190	4	548744	546321	11	805	0.0	1217
JAIXMV010000005.1	sp|P46462|TERA_RAT	74.8	808	191	4	548744	546321	11	805	0.0	1216
JAIXMV010000005.1	sp|Q6GL04|TERA_XENTR	76.5	780	178	2	548744	546405	11	785	0.0	1216
JAIXMV010000005.1	sp|P23787|TERA_XENLA	77.2	772	171	2	548744	546429	11	777	0.0	1214
JAIXMV010000005.1	sp|Q3ZBT1|TERA_BOVIN	74.6	808	192	4	548744	546321	11	805	0.0	1214
JAIXMV010000006.1	sp|O75643|U520_HUMAN	46.7	2355	1020	37	1117052	1124101	11	2134	0.0	1975
JAIXMV010000006.1	sp|Q6P4T2|U520_MOUSE	46.6	2355	1022	37	1117052	1124101	11	2134	0.0	1973
JAIXMV010000006.1	sp|F1LNJ2|U520_RAT	46.5	2358	1022	38	1117052	1124101	11	2137	0.0	1967
JAIXMV010000006.1	sp|Q9VUV9|U520_DROME	46.0	2365	1029	34	1117052	1124107	11	2140	0.0	1967
JAIXMV010000006.1	sp|Q9UT24|BRR2_SCHPO	45.0	2375	1057	38	1117052	1124110	30	2176	0.0	1840
JAIXMV010000006.1	sp|Q9SYP1|DEXHC_ARATH	47.7	2012	922	27	1118099	1124077	260	2160	0.0	1772
JAIXMV010000006.1	sp|Q9U2G0|U520_CAEEL	47.3	2001	929	30	1118105	1124083	247	2130	0.0	1758
JAIXMV010000006.1	sp|O48534|DEXHD_ARATH	42.6	2392	1088	41	1117046	1124092	16	2166	0.0	1735
JAIXMV010000006.1	sp|P36594|RPB1_SCHPO	57.4	1532	599	13	417004	421584	30	1512	0.0	1712
JAIXMV010000006.1	sp|Q55CI8|HELCL_DICDI	40.7	2394	1194	41	1117016	1124065	1	2213	0.0	1660
JAIXMV010000006.1	sp|Q75A34|RPB1_ASHGO	55.6	1461	607	9	417004	421371	28	1451	0.0	1596
JAIXMV010000006.1	sp|P18616|NRPB1_ARATH	53.6	1558	668	13	417004	421629	29	1547	0.0	1588
JAIXMV010000006.1	sp|P35084|RPB1_DICDI	55.5	1474	610	12	417004	421380	29	1471	0.0	1576
JAIXMV010000006.1	sp|P04050|RPB1_YEAST	55.0	1468	604	13	417004	421371	28	1450	0.0	1571
JAIXMV010000006.1	sp|P16356|RPB1_CAEEL	51.1	1563	711	16	417004	421635	29	1557	0.0	1521
JAIXMV010000006.1	sp|P35074|RPB1_CAEBR	51.3	1551	699	19	417004	421590	29	1544	0.0	1516
JAIXMV010000006.1	sp|P04052|RPB1_DROME	51.6	1563	692	21	417004	421611	28	1552	0.0	1504
JAIXMV010000006.1	sp|P11414|RPB1_CRIGR	51.4	1545	695	18	417004	421584	32	1538	0.0	1498
JAIXMV010000006.1	sp|P24928|RPB1_HUMAN	51.4	1545	695	18	417004	421584	32	1538	0.0	1498
JAIXMV010000006.1	sp|P08775|RPB1_MOUSE	51.4	1545	695	18	417004	421584	32	1538	0.0	1498
JAIXMV010000006.1	sp|A5DCV3|RPB1_PICGU	51.3	1461	502	9	417004	421371	29	1284	0.0	1397
JAIXMV010000006.1	sp|P32639|BRR2_YEAST	39.5	2012	1048	36	1118141	1124077	287	2162	0.0	1367
JAIXMV010000006.1	sp|F1NTD6|ASCC3_CHICK	41.1	1855	933	27	1118699	1124101	447	2196	0.0	1342
JAIXMV010000006.1	sp|P78615|FAS2_EMEND	43.8	1745	843	28	429961	425018	6	1710	0.0	1327
JAIXMV010000006.1	sp|Q9FNQ1|DEXHE_ARATH	40.7	1813	945	25	1118666	1124068	458	2151	0.0	1318
JAIXMV010000007.1	sp|Q68FD5|CLH1_MOUSE	58.2	1638	675	3	639013	643917	15	1646	0.0	1951
JAIXMV010000007.1	sp|P49951|CLH1_BOVIN	58.2	1638	676	3	639013	643917	15	1646	0.0	1950
JAIXMV010000007.1	sp|Q00610|CLH1_HUMAN	58.2	1638	676	3	639013	643917	15	1646	0.0	1950
JAIXMV010000007.1	sp|P11442|CLH1_RAT	58.2	1638	676	3	639013	643917	15	1646	0.0	1947
JAIXMV010000007.1	sp|P29742|CLH_DROME	57.8	1622	673	5	639013	643866	15	1628	0.0	1897
JAIXMV010000007.1	sp|P53675|CLH2_HUMAN	57.0	1605	681	3	639013	643818	15	1613	0.0	1877
JAIXMV010000007.1	sp|Q10161|CLH_SCHPO	56.6	1613	688	5	639013	643845	15	1617	0.0	1851
JAIXMV010000007.1	sp|P34574|CLH_CAEEL	54.1	1667	731	9	639013	643944	13	1668	0.0	1803
JAIXMV010000007.1	sp|P25870|CLH_DICDI	52.5	1620	757	8	639013	643854	14	1626	0.0	1716
JAIXMV010000007.1	sp|P22137|CLH_YEAST	51.8	1649	773	12	639013	643923	14	1653	0.0	1697
JAIXMV010000007.1	sp|Q2RBN7|CLH1_ORYSJ	51.7	1633	760	10	639013	643848	16	1641	0.0	1670
JAIXMV010000007.1	sp|Q2QYW2|CLH2_ORYSJ	51.7	1633	761	10	639013	643848	16	1641	0.0	1669
JAIXMV010000007.1	sp|Q0WNJ6|CLAH1_ARATH	50.8	1631	777	8	639013	643851	16	1638	0.0	1647
JAIXMV010000007.1	sp|Q0WLB5|CLAH2_ARATH	50.6	1630	781	9	639013	643851	16	1638	0.0	1647
JAIXMV010000007.1	sp|Q10289|FAS2_SCHPO	44.1	1731	824	19	806052	810974	4	1681	0.0	1330
JAIXMV010000007.1	sp|P78615|FAS2_EMEND	44.1	1760	823	25	806052	811007	4	1710	0.0	1326
JAIXMV010000007.1	sp|Q9P7X8|RPA2_SCHPO	53.8	1208	514	12	740333	736734	3	1174	0.0	1309
JAIXMV010000007.1	sp|P15368|FAS2_PENPA	43.6	1762	828	26	806052	811007	4	1709	0.0	1307
JAIXMV010000007.1	sp|G8BAW7|FAS2_CANPC	43.0	1771	850	24	806052	811007	4	1734	0.0	1290
JAIXMV010000007.1	sp|P19097|FAS2_YEAST	41.5	1785	857	19	806052	811007	4	1733	0.0	1288
JAIXMV010000007.1	sp|P43098|FAS2_CANAX	42.8	1766	852	24	806052	810989	4	1731	0.0	1285
JAIXMV010000007.1	sp|Q765N2|FAS2_LACKL	41.7	1763	881	18	806052	811007	6	1733	0.0	1269
JAIXMV010000007.1	sp|Q75DS1|RPA2_ASHGO	53.3	1221	506	17	740333	736737	15	1193	0.0	1244
JAIXMV010000007.1	sp|P22138|RPA2_YEAST	52.1	1227	526	20	740342	736734	13	1201	0.0	1223
JAIXMV010000007.1	sp|O74633|RPA2_NEUCR	51.5	1220	521	18	740297	736737	30	1211	0.0	1189
JAIXMV010000008.1	sp|O93937|PYR1_EMENI	58.9	2290	791	32	376860	370126	90	2273	0.0	2501
JAIXMV010000008.1	sp|Q09794|PYR1_SCHPO	58.0	2259	824	26	376860	370126	89	2237	0.0	2484
JAIXMV010000008.1	sp|P07259|PYR1_YEAST	57.3	2268	836	27	376860	370126	52	2210	0.0	2441
JAIXMV010000008.1	sp|P20054|PYR1_DICDI	50.3	2282	996	36	376860	370129	39	2220	0.0	2091
JAIXMV010000008.1	sp|Q91437|PYR1_SQUAC	50.3	2301	994	32	376860	370126	32	2239	0.0	2050
JAIXMV010000008.1	sp|B2RQC6|PYR1_MOUSE	51.0	2282	995	35	376860	370120	32	2224	0.0	2048
JAIXMV010000008.1	sp|P08955|PYR1_MESAU	50.6	2285	999	34	376860	370120	32	2224	0.0	2044
JAIXMV010000008.1	sp|P27708|PYR1_HUMAN	50.6	2286	997	35	376860	370120	32	2224	0.0	2040
JAIXMV010000008.1	sp|P05990|PYR1_DROME	50.1	2294	976	41	376860	370126	43	2217	0.0	2000
JAIXMV010000008.1	sp|Q18990|PYR1_CAEEL	47.6	2310	1003	38	376860	370117	33	2196	0.0	1906
JAIXMV010000008.1	sp|Q8C196|CPSM_MOUSE	51.3	1494	628	22	376896	372478	64	1479	0.0	1417
JAIXMV010000008.1	sp|P31327|CPSM_HUMAN	51.0	1496	630	21	376896	372478	64	1479	0.0	1414
JAIXMV010000008.1	sp|P07756|CPSM_RAT	51.2	1494	630	22	376896	372478	64	1479	0.0	1412
JAIXMV010000008.1	sp|Q91293|CPSM_LITCT	50.5	1492	641	21	376896	372484	59	1473	0.0	1389
JAIXMV010000008.1	sp|O57683|SF3B1_XENLA	68.3	917	287	3	461828	464578	395	1307	0.0	1182
JAIXMV010000008.1	sp|O75533|SF3B1_HUMAN	68.2	917	288	3	461828	464578	392	1304	0.0	1181
JAIXMV010000008.1	sp|Q99NB9|SF3B1_MOUSE	68.0	917	289	3	461828	464578	392	1304	0.0	1180
JAIXMV010000008.1	sp|P07806|SYV_YEAST	54.1	988	445	5	691300	688349	120	1103	0.0	1138
JAIXMV010000008.1	sp|Q10178|SF3B1_SCHPO	54.0	1167	435	9	461105	464551	114	1196	0.0	1132
JAIXMV010000008.1	sp|P46056|CARB_CUTCT	56.7	1063	430	14	375621	372478	75	1122	0.0	1127
JAIXMV010000008.1	sp|P40976|LYS2_SCHPO	46.0	1423	686	23	297043	301131	10	1409	0.0	1123
JAIXMV010000008.1	sp|O94313|CARB_SCHPO	54.4	1071	459	11	375651	372484	74	1130	0.0	1115
JAIXMV010000008.1	sp|O74378|ODO1_SCHPO	56.6	980	403	9	615968	618883	43	1008	0.0	1111
JAIXMV010000008.1	sp|P03965|CARB_YEAST	54.8	1094	462	13	375654	372436	19	1101	0.0	1111
JAIXMV010000008.1	sp|Q75D66|CARB_ASHGO	55.6	1080	445	14	375621	372442	28	1093	0.0	1108
JAIXMV010000009.1	sp|Q9Z2Q4|METH_RAT	64.2	1236	433	5	812156	808458	22	1251	0.0	1629
JAIXMV010000009.1	sp|A6H5Y3|METH_MOUSE	64.1	1236	435	5	812156	808458	22	1251	0.0	1611
JAIXMV010000009.1	sp|Q4JIJ3|METH_BOVIN	63.0	1236	447	6	812156	808458	35	1263	0.0	1575
JAIXMV010000009.1	sp|Q99707|METH_HUMAN	62.7	1236	451	6	812156	808458	35	1263	0.0	1570
JAIXMV010000009.1	sp|Q09582|METH_CAEEL	62.9	1237	443	9	812156	808458	23	1247	0.0	1538
JAIXMV010000009.1	sp|A8XY95|METH_CAEBR	61.5	1262	446	11	812156	808455	23	1272	0.0	1517
JAIXMV010000009.1	sp|Q54P92|METH_DICDI	60.2	1236	479	6	812156	808458	29	1254	0.0	1487
JAIXMV010000009.1	sp|Q7MHB1|METH_VIBVY	54.6	1232	524	10	812156	808473	22	1222	0.0	1320
JAIXMV010000009.1	sp|Q8DCJ7|METH_VIBVU	54.7	1232	523	10	812156	808473	22	1222	0.0	1320
JAIXMV010000009.1	sp|Q87L95|METH_VIBPA	55.0	1232	519	10	812156	808473	22	1222	0.0	1320
JAIXMV010000009.1	sp|Q9KUW9|METH_VIBCH	54.5	1233	528	9	812156	808467	22	1224	0.0	1317
JAIXMV010000009.1	sp|Q5E814|METH_ALIF1	53.9	1235	534	10	812156	808464	23	1226	0.0	1306
JAIXMV010000009.1	sp|Q9AJQ8|METH_ALIFS	54.0	1235	533	10	812156	808464	23	1226	0.0	1306
JAIXMV010000009.1	sp|Q9I2Q2|METH_PSEAE	55.3	1236	519	12	812156	808458	28	1233	0.0	1295
JAIXMV010000009.1	sp|P13009|METH_ECOLI	54.5	1238	525	14	812156	808458	21	1225	0.0	1281
JAIXMV010000009.1	sp|P37586|METH_SALTY	54.2	1239	527	14	812156	808458	21	1225	0.0	1275
JAIXMV010000009.1	sp|Q10094|YAOF_SCHPO	54.0	1195	518	11	460043	463597	111	1283	0.0	1230
JAIXMV010000009.1	sp|P97608|OPLA_RAT	54.6	1199	470	17	460046	463597	115	1254	0.0	1223
JAIXMV010000009.1	sp|Q8K010|OPLA_MOUSE	54.8	1199	468	17	460046	463597	115	1254	0.0	1223
JAIXMV010000009.1	sp|Q75WB5|OPLA_BOVIN	54.6	1202	466	17	460046	463597	115	1254	0.0	1208
JAIXMV010000009.1	sp|O14841|OPLA_HUMAN	54.1	1199	476	14	460046	463597	115	1254	0.0	1205
JAIXMV010000009.1	sp|Q9FIZ7|OPLA_ARATH	52.2	1206	500	13	460046	463603	117	1265	0.0	1186
JAIXMV010000009.1	sp|Q54NW6|OPLA_DICDI	51.5	1204	504	15	460043	463600	116	1257	0.0	1169
JAIXMV010000009.1	sp|Q10093|YAOE_SCHPO	50.0	1189	544	13	460046	463597	114	1256	0.0	1129
JAIXMV010000009.1	sp|P28273|OPLA_YEAST	49.5	1200	563	16	460043	463603	115	1284	0.0	1113
