JANATG010000001.1	sp|Q9C102|GLT1_SCHPO	68.0	1081	337	6	2042546	2045782	1036	2109	0.0	1474
JANATG010000001.1	sp|Q03460|GLSN_MEDSA	62.1	1073	396	7	2042546	2045731	1090	2162	0.0	1318
JANATG010000001.1	sp|Q0JKD0|GLT1_ORYSJ	62.6	1074	377	8	2042546	2045740	1089	2146	0.0	1316
JANATG010000001.1	sp|Q9LV03|GLUT1_ARATH	61.2	1077	402	7	2042546	2045731	1108	2183	0.0	1308
JANATG010000001.1	sp|Q0DG35|GLT2_ORYSJ	60.7	1101	415	10	2042546	2045815	1095	2188	0.0	1308
JANATG010000001.1	sp|Q12680|GLT1_YEAST	58.1	1112	432	10	2042549	2045791	1030	2138	0.0	1246
JANATG010000001.1	sp|P40976|LYS2_SCHPO	44.6	1396	641	26	3179771	3183922	131	1406	0.0	1040
JANATG010000001.1	sp|Q01877|HSP71_PUCGR	84.5	613	95	0	3298891	3300729	4	616	0.0	1021
JANATG010000001.1	sp|P48720|HSP70_BLAEM	80.8	647	115	4	3298885	3300810	7	649	0.0	992
JANATG010000001.1	sp|O93866|HSP70_TRIRU	78.1	659	117	4	3298891	3300810	4	654	0.0	991
JANATG010000001.1	sp|Q96W30|HSP72_PARBA	78.0	658	120	4	3298891	3300810	4	654	0.0	987
JANATG010000001.1	sp|Q5B2V1|HSP70_EMENI	81.0	625	110	4	3298891	3300762	4	620	0.0	984
JANATG010000001.1	sp|J9VZ70|HSP71_CRYNH	80.1	642	124	2	3298891	3300810	4	643	0.0	983
JANATG010000001.1	sp|F5HB71|HSP71_CRYNB	79.7	640	127	2	3298891	3300810	4	640	0.0	981
JANATG010000001.1	sp|Q5KKP4|HSP71_CRYNJ	79.7	640	127	2	3298891	3300810	4	640	0.0	981
JANATG010000001.1	sp|P08108|HSP70_ONCMY	77.3	649	135	2	3298891	3300810	6	651	1.55e-318	979
JANATG010000001.1	sp|P46587|HSP72_CANAL	78.1	648	134	3	3298882	3300810	1	645	1.56e-318	979
JANATG010000001.1	sp|P63017|HSP7C_MOUSE	77.8	641	141	1	3298891	3300810	6	646	3.11e-318	978
JANATG010000001.1	sp|P63018|HSP7C_RAT	77.8	641	141	1	3298891	3300810	6	646	3.11e-318	978
JANATG010000001.1	sp|A2Q0Z1|HSP7C_HORSE	77.7	641	142	1	3298891	3300810	6	646	6.23e-318	977
JANATG010000001.1	sp|P11142|HSP7C_HUMAN	77.7	641	142	1	3298891	3300810	6	646	6.23e-318	977
JANATG010000001.1	sp|Q71U34|HSP7C_SAGOE	77.7	641	142	1	3298891	3300810	6	646	6.23e-318	977
JANATG010000001.1	sp|O59855|HSP72_SCHPO	81.0	616	116	1	3298882	3300729	1	615	9.33e-318	976
JANATG010000001.1	sp|P40918|HSP70_DAVTA	77.7	642	139	3	3298891	3300810	4	643	1.88e-317	975
JANATG010000001.1	sp|Q5NVM9|HSP7C_PONAB	77.5	641	143	1	3298891	3300810	6	646	2.96e-317	975
JANATG010000010.1	sp|Q12553|XDH_EMENI	51.5	1325	574	14	1533941	1530000	97	1363	0.0	1283
JANATG010000010.1	sp|R4ZGN4|XDH_BLAAD	47.4	1364	609	18	1533932	1530021	83	1397	0.0	1147
JANATG010000010.1	sp|Q6CPQ9|EF2_KLULA	73.7	752	189	2	919771	922011	95	842	0.0	1129
JANATG010000010.1	sp|Q875Z2|EF2_NAUCC	74.1	752	186	2	919771	922011	95	842	0.0	1127
JANATG010000010.1	sp|P32324|EF2_YEAST	73.1	752	193	2	919771	922011	95	842	0.0	1124
JANATG010000010.1	sp|Q754C8|EF2_ASHGO	73.4	752	191	2	919771	922011	95	842	0.0	1123
JANATG010000010.1	sp|Q875S0|EF2_LACK1	73.1	752	193	2	919771	922011	95	842	0.0	1122
JANATG010000010.1	sp|Q6FYA7|EF2_CANGA	73.5	748	197	1	919771	922011	95	842	0.0	1114
JANATG010000010.1	sp|Q5A0M4|EF2_CANAL	73.1	748	200	1	919771	922011	95	842	0.0	1113
JANATG010000010.1	sp|C4YJQ8|EF2_CANAW	73.1	748	200	1	919771	922011	95	842	0.0	1113
JANATG010000010.1	sp|Q96X45|EF2_NEUCR	72.9	749	200	2	919771	922011	97	844	0.0	1110
JANATG010000010.1	sp|A5DI11|EF2_PICGU	72.3	748	206	1	919771	922011	95	842	0.0	1108
JANATG010000010.1	sp|Q874B9|EF2_PICPA	72.5	748	205	1	919771	922011	95	842	0.0	1108
JANATG010000010.1	sp|O14460|EF2_SCHPO	71.1	748	215	1	919771	922011	95	842	0.0	1105
JANATG010000010.1	sp|Q6BJ25|EF2_DEBHA	72.5	750	203	2	919768	922011	94	842	0.0	1099
JANATG010000010.1	sp|P47990|XDH_CHICK	45.3	1342	644	18	1533941	1530012	71	1354	0.0	1093
JANATG010000010.1	sp|Q00519|XDH_MOUSE	45.6	1313	626	18	1533941	1530063	70	1314	0.0	1077
JANATG010000010.1	sp|P80457|XDH_BOVIN	44.8	1334	648	17	1533941	1530000	67	1332	0.0	1074
JANATG010000010.1	sp|P08793|XDH_CALVI	44.5	1329	660	15	1533941	1530012	80	1349	0.0	1071
JANATG010000010.1	sp|P47989|XDH_HUMAN	45.1	1337	641	19	1533941	1530000	67	1333	0.0	1070
JANATG010000010.1	sp|A0A1U8QNG8|HXNS_EMENI	44.6	1382	598	27	1533905	1530000	56	1349	0.0	1069
JANATG010000010.1	sp|Q9MYW6|XDH_FELCA	44.9	1337	642	20	1533941	1530000	67	1331	0.0	1063
JANATG010000010.1	sp|P91711|XDH_DROSU	44.5	1329	658	18	1533941	1530012	72	1340	0.0	1060
JANATG010000010.1	sp|P22985|XDH_RAT	45.4	1312	629	19	1533941	1530063	67	1310	0.0	1059
JANATG010000010.1	sp|P10351|XDH_DROME	44.5	1329	655	17	1533941	1530012	67	1331	0.0	1055
JANATG010000011.1	sp|O93927|FKS1_CRYNH	61.4	1697	598	10	851088	856142	133	1784	0.0	2115
JANATG010000011.1	sp|A2QLK4|FKS1_ASPNC	55.9	1823	705	20	850794	856142	86	1849	0.0	1989
JANATG010000011.1	sp|O74475|BGS4_SCHPO	52.9	1822	738	17	850890	856130	118	1894	0.0	1891
JANATG010000011.1	sp|P40989|FKS2_YEAST	53.5	1730	726	11	851088	856166	163	1850	0.0	1825
JANATG010000011.1	sp|P38631|FKS1_YEAST	53.1	1745	730	15	851088	856196	144	1841	0.0	1818
JANATG010000011.1	sp|O13967|BGS2_SCHPO	54.3	1719	715	12	851100	856157	183	1863	0.0	1803
JANATG010000011.1	sp|Q10287|BGS1_SCHPO	49.7	1764	783	14	850926	856142	17	1700	0.0	1668
JANATG010000011.1	sp|Q9P377|BGS3_SCHPO	49.3	1706	781	15	851100	856142	146	1792	0.0	1620
JANATG010000011.1	sp|Q04952|FKS3_YEAST	48.0	1761	788	20	851097	856127	14	1730	0.0	1572
JANATG010000011.1	sp|Q68FD5|CLH1_MOUSE	65.0	1118	383	4	934025	930675	549	1659	0.0	1485
JANATG010000011.1	sp|P49951|CLH1_BOVIN	64.9	1118	384	4	934025	930675	549	1659	0.0	1484
JANATG010000011.1	sp|Q00610|CLH1_HUMAN	64.9	1118	384	4	934025	930675	549	1659	0.0	1484
JANATG010000011.1	sp|P11442|CLH1_RAT	64.8	1118	385	4	934025	930675	549	1659	0.0	1479
JANATG010000011.1	sp|P29742|CLH_DROME	62.8	1132	400	4	934025	930675	550	1675	0.0	1434
JANATG010000011.1	sp|P53675|CLH2_HUMAN	64.8	1067	375	1	934025	930825	549	1614	0.0	1429
JANATG010000011.1	sp|P34574|CLH_CAEEL	60.9	1121	426	4	934025	930672	551	1662	0.0	1388
JANATG010000011.1	sp|Q10161|CLH_SCHPO	61.7	1103	418	4	934025	930717	546	1643	0.0	1383
JANATG010000011.1	sp|P25870|CLH_DICDI	58.7	1089	445	3	934025	930771	549	1636	0.0	1318
JANATG010000011.1	sp|Q2RBN7|CLH1_ORYSJ	57.3	1085	458	2	934025	930783	563	1646	0.0	1265
JANATG010000011.1	sp|Q2QYW2|CLH2_ORYSJ	57.2	1085	459	2	934025	930783	563	1646	0.0	1264
JANATG010000011.1	sp|P22137|CLH_YEAST	57.9	1066	448	1	934025	930828	555	1619	0.0	1264
JANATG010000011.1	sp|Q0WLB5|CLAH2_ARATH	55.8	1085	475	2	934025	930783	563	1646	0.0	1246
JANATG010000011.1	sp|Q0WNJ6|CLAH1_ARATH	55.9	1085	474	2	934025	930783	563	1646	0.0	1241
JANATG010000011.1	sp|P08096|TOP2_SCHPO	48.6	1098	459	7	637943	641230	69	1063	0.0	1018
JANATG010000011.1	sp|P30182|TOP2_ARATH	49.9	1106	431	18	637952	641230	29	1024	1.51e-315	1004
JANATG010000012.1	sp|Q875Q8|MYO2_LACK1	47.6	1650	684	14	1384930	1389816	52	1541	0.0	1200
JANATG010000012.1	sp|Q14562|DHX8_HUMAN	65.5	891	297	6	1318343	1315695	260	1148	0.0	1167
JANATG010000012.1	sp|A2A4P0|DHX8_MOUSE	65.5	891	297	6	1318343	1315695	284	1172	0.0	1167
JANATG010000012.1	sp|Q875X3|MYO2A_NAUCC	43.8	1661	767	24	1384900	1389816	42	1558	0.0	1157
JANATG010000012.1	sp|Q54F05|DHX8_DICDI	64.0	902	313	4	1318364	1315695	190	1091	0.0	1156
JANATG010000012.1	sp|P19524|MYO2_YEAST	46.7	1668	716	20	1384900	1389816	42	1565	0.0	1151
JANATG010000012.1	sp|Q876G9|MYO2_SACU7	41.8	1670	789	24	1384900	1389816	42	1559	0.0	1147
JANATG010000012.1	sp|A1Z9L3|DHX8_DROME	64.8	899	299	7	1318355	1315695	276	1169	0.0	1143
JANATG010000012.1	sp|Q38953|DEAH5_ARATH	63.3	897	304	8	1318337	1315695	211	1098	0.0	1138
JANATG010000012.1	sp|O42643|PRP22_SCHPO	61.4	904	336	8	1318370	1315695	193	1095	0.0	1063
JANATG010000012.1	sp|Q4WLN1|ACON_ASPFU	58.6	947	209	5	184178	181350	20	787	0.0	1061
JANATG010000012.1	sp|O13966|ACON_SCHPO	58.9	944	199	6	184178	181368	22	783	0.0	1058
JANATG010000012.1	sp|D4AT77|ACON_ARTBC	57.6	949	222	4	184202	181356	7	775	0.0	1054
JANATG010000012.1	sp|C8VG90|ACON_EMENI	58.5	928	206	3	184142	181359	33	781	0.0	1053
JANATG010000012.1	sp|Q09530|MOG5_CAEEL	60.2	901	323	8	1318325	1315695	235	1123	0.0	1049
JANATG010000012.1	sp|P16276|ACON_PIG	58.1	923	209	2	184139	181371	31	775	0.0	1026
JANATG010000012.1	sp|Q9ER34|ACON_RAT	58.1	923	209	2	184139	181371	31	775	0.0	1025
JANATG010000012.1	sp|Q99KI0|ACON_MOUSE	58.1	923	209	2	184139	181371	31	775	0.0	1025
JANATG010000012.1	sp|Q99798|ACON_HUMAN	58.0	923	210	2	184139	181371	31	775	0.0	1023
JANATG010000012.1	sp|P20004|ACON_BOVIN	57.7	923	212	2	184139	181371	31	775	0.0	1023
JANATG010000012.1	sp|P82611|ACON_CANAL	60.4	848	210	2	183902	181362	54	776	0.0	1021
JANATG010000012.1	sp|P49609|ACON_GRAGA	61.0	844	203	2	183902	181371	56	773	0.0	1020
JANATG010000012.1	sp|P34455|ACON_CAEEL	61.4	844	198	2	183902	181371	54	769	0.0	1017
JANATG010000012.1	sp|Q54XS2|ACON_DICDI	61.9	845	195	3	183893	181362	48	766	0.0	1017
JANATG010000012.1	sp|P19414|ACON_YEAST	60.9	846	205	2	183899	181365	54	774	0.0	1013
JANATG010000013.1	sp|O75643|U520_HUMAN	57.5	2183	859	21	899468	905974	1	2128	0.0	2451
JANATG010000013.1	sp|Q6P4T2|U520_MOUSE	57.4	2183	861	21	899468	905974	1	2128	0.0	2450
JANATG010000013.1	sp|F1LNJ2|U520_RAT	57.3	2186	861	22	899468	905974	1	2131	0.0	2445
JANATG010000013.1	sp|Q9VUV9|U520_DROME	55.6	2201	876	26	899468	905974	1	2132	0.0	2379
JANATG010000013.1	sp|Q9SYP1|DEXHC_ARATH	53.2	2205	942	29	899471	905968	8	2160	0.0	2208
JANATG010000013.1	sp|Q9UT24|BRR2_SCHPO	51.8	2182	985	24	899495	905974	29	2166	0.0	2152
JANATG010000013.1	sp|Q9U2G0|U520_CAEEL	51.4	2187	987	22	899468	905974	1	2130	0.0	2143
JANATG010000013.1	sp|O48534|DEXHD_ARATH	52.3	2205	960	29	899471	905968	9	2161	0.0	2138
JANATG010000013.1	sp|Q55CI8|HELCL_DICDI	46.6	2247	1081	33	899468	905956	1	2213	0.0	1932
JANATG010000013.1	sp|P32639|BRR2_YEAST	40.1	2206	1212	34	899498	905968	17	2162	0.0	1573
JANATG010000013.1	sp|F1NTD6|ASCC3_CHICK	44.8	1780	902	23	900821	905968	425	2188	0.0	1487
JANATG010000013.1	sp|Q9FNQ1|DEXHE_ARATH	44.7	1730	916	19	900818	905959	446	2151	0.0	1475
JANATG010000013.1	sp|E1BNG3|ASCC3_BOVIN	44.2	1789	913	24	900794	905968	413	2179	0.0	1469
JANATG010000013.1	sp|Q8N3C0|ASCC3_HUMAN	43.9	1790	917	24	900794	905968	413	2179	0.0	1455
JANATG010000013.1	sp|E9PZJ8|ASCC3_MOUSE	43.7	1789	919	23	900797	905968	415	2180	0.0	1454
JANATG010000013.1	sp|F1LPQ2|ASCC3_RAT	43.6	1788	922	24	900797	905968	415	2179	0.0	1436
JANATG010000013.1	sp|Q54G57|ASCC3_DICDI	41.6	1754	945	24	900845	905941	429	2158	0.0	1348
JANATG010000013.1	sp|E7F8F4|ASCC3_DANRE	42.6	1594	796	17	900785	905515	1	1492	0.0	1301
JANATG010000013.1	sp|O60072|MUG81_SCHPO	39.2	1758	997	21	900779	905929	197	1923	0.0	1246
JANATG010000013.1	sp|P53327|SLH1_YEAST	39.1	1744	996	26	900356	905494	86	1794	0.0	1196
JANATG010000013.1	sp|Q4P9K9|CHS8_USTMA	37.6	1809	864	37	46072	51381	176	1758	0.0	1056
JANATG010000013.1	sp|O13395|CHS6_USTMA	54.9	935	381	13	48838	51618	61	962	0.0	1004
JANATG010000013.1	sp|J9VF17|CHS4_CRYNH	57.1	869	354	10	48838	51417	154	1012	9.07e-310	979
JANATG010000013.1	sp|Q01576|ACSA_PHYB8	64.6	684	161	3	557791	555746	57	661	1.59e-289	895
JANATG010000013.1	sp|O13440|ACSA_COPCI	62.7	687	175	2	557788	555737	52	660	1.84e-282	874
JANATG010000014.1	sp|Q91V92|ACLY_MOUSE	58.4	1092	350	11	695526	692263	95	1086	0.0	1229
JANATG010000014.1	sp|P53396|ACLY_HUMAN	57.7	1100	355	11	695526	692263	95	1096	0.0	1225
JANATG010000014.1	sp|Q2TCH3|ACLY_SHEEP	57.6	1100	356	11	695526	692263	95	1096	0.0	1224
JANATG010000014.1	sp|Q32PF2|ACLY_BOVIN	57.9	1092	356	11	695526	692263	95	1086	0.0	1219
JANATG010000014.1	sp|P16638|ACLY_RAT	57.6	1100	355	11	695526	692263	95	1095	0.0	1219
JANATG010000014.1	sp|P53585|ACLY_CAEEL	54.2	1100	406	14	695526	692251	94	1103	0.0	1091
JANATG010000014.1	sp|Q10752|CDC28_SCHPO	59.7	868	327	12	410618	413179	174	1032	1.43e-307	964
JANATG010000014.1	sp|O93988|ACL1_SORMK	74.7	609	153	1	694089	692263	49	656	3.57e-303	934
JANATG010000014.1	sp|Q8X097|ACL1_NEUCR	74.7	609	153	1	694089	692263	45	652	5.70e-303	934
JANATG010000014.1	sp|Q9P7W3|ACL1_SCHPO	71.9	604	169	1	694077	692266	13	615	1.90e-290	895
JANATG010000014.1	sp|Q8VY00|ESP3_ARATH	56.3	879	341	13	410597	413179	163	1016	1.99e-287	905
JANATG010000014.1	sp|Q54MH3|DHX16_DICDI	57.5	861	334	11	410642	413179	235	1078	2.16e-286	905
JANATG010000014.1	sp|Q7YR39|DHX16_PANTR	54.5	875	359	13	410597	413179	164	1013	1.52e-275	871
JANATG010000014.1	sp|O60231|DHX16_HUMAN	54.5	875	359	13	410597	413179	161	1010	1.87e-275	871
JANATG010000014.1	sp|F4IJV4|DEAH6_ARATH	54.8	873	363	13	410597	413179	164	1016	2.07e-275	871
JANATG010000014.1	sp|Q767K6|DHX16_PIG	54.5	875	359	13	410597	413179	165	1014	2.91e-275	870
JANATG010000014.1	sp|O45244|DHX16_CAEEL	54.4	853	351	13	410636	413179	157	976	1.82e-274	867
JANATG010000014.1	sp|F4JMJ3|DEAH8_ARATH	55.1	761	306	15	410930	413179	98	833	2.68e-239	760
JANATG010000014.1	sp|Q54F05|DHX8_DICDI	58.2	624	256	4	411308	413179	500	1118	1.38e-229	743
JANATG010000014.1	sp|Q14562|DHX8_HUMAN	58.5	626	255	4	411302	413179	555	1175	5.09e-226	735
JANATG010000014.1	sp|A2A4P0|DHX8_MOUSE	58.5	626	255	4	411302	413179	579	1199	1.03e-225	735
JANATG010000014.1	sp|Q09530|MOG5_CAEEL	57.5	628	262	4	411296	413179	528	1150	2.27e-221	721
JANATG010000014.1	sp|Q38953|DEAH5_ARATH	55.7	628	273	5	411296	413179	503	1125	2.15e-219	714
JANATG010000014.1	sp|A1Z9L3|DHX8_DROME	56.2	626	269	4	411302	413179	576	1196	2.91e-217	710
JANATG010000014.1	sp|Q54YA0|ACLY_DICDI	56.1	613	265	2	694101	692272	9	620	3.49e-214	676
JANATG010000015.1	sp|Q54YZ9|DHKJ_DICDI	70.0	1015	302	1	1522099	1525137	309	1323	0.0	1342
JANATG010000015.1	sp|P27323|HS901_ARATH	70.8	661	188	4	386965	384995	41	700	1.65e-280	870
JANATG010000015.1	sp|P51819|HSP83_IPONI	70.9	659	189	3	386965	384995	46	703	2.96e-279	867
JANATG010000015.1	sp|P55737|HS902_ARATH	69.2	659	201	2	386965	384995	41	699	1.42e-277	862
JANATG010000015.1	sp|P51818|HS903_ARATH	68.9	659	203	2	386965	384995	41	699	1.67e-276	859
JANATG010000015.1	sp|P36181|HSP80_SOLLC	69.0	659	202	2	386965	384995	41	699	1.67e-276	859
JANATG010000015.1	sp|Q69QQ6|HSP82_ORYSJ	68.8	660	201	3	386965	384995	42	699	4.22e-276	858
JANATG010000015.1	sp|O42820|EF1A_SCHCO	90.7	460	43	0	222293	223672	1	460	4.41e-276	847
JANATG010000015.1	sp|Q07078|HSP83_ORYSJ	68.6	660	202	3	386965	384995	42	699	1.07e-275	857
JANATG010000015.1	sp|A2YWQ1|HSP81_ORYSI	68.8	660	201	3	386965	384995	42	699	1.45e-275	856
JANATG010000015.1	sp|Q0J4P2|HSP81_ORYSJ	68.8	660	201	3	386965	384995	42	699	1.45e-275	856
JANATG010000015.1	sp|P46598|HSP90_CANAL	69.2	666	195	5	386965	384995	43	707	3.12e-274	853
JANATG010000015.1	sp|O03986|HS904_ARATH	68.1	659	208	2	386965	384995	41	699	1.09e-273	851
JANATG010000015.1	sp|Q9BLC5|HSP83_BOMMO	68.7	670	195	6	386965	384995	49	716	2.75e-273	850
JANATG010000015.1	sp|P41887|HSP90_SCHPO	68.3	665	202	4	386965	384995	41	704	1.54e-272	848
JANATG010000015.1	sp|P14864|EF1A2_MUCCL	90.4	456	43	1	222293	223660	1	455	2.35e-272	836
JANATG010000015.1	sp|P06805|EF1A1_MUCCL	90.1	456	44	1	222293	223660	1	455	8.09e-272	834
JANATG010000015.1	sp|P14865|EF1A3_MUCCL	90.4	456	42	2	222293	223660	1	454	1.72e-270	830
JANATG010000015.1	sp|P28295|EF1A_ABSGL	88.7	459	51	1	222293	223669	1	458	1.78e-270	830
JANATG010000015.1	sp|Q08277|HSP82_MAIZE	67.9	666	204	5	386965	384995	51	715	3.21e-270	842
JANATG010000015.1	sp|P07900|HS90A_HUMAN	67.2	683	194	6	386965	384995	54	732	5.92e-270	842
JANATG010000015.1	sp|Q76LV2|HS90A_BOVIN	67.1	684	194	6	386965	384995	54	733	8.35e-270	841
JANATG010000015.1	sp|Q9GKX7|HS90A_HORSE	67.1	684	194	6	386965	384995	54	733	8.35e-270	841
JANATG010000015.1	sp|P30946|HS90A_RABIT	66.3	664	194	7	386965	384995	54	694	1.30e-269	839
JANATG010000015.1	sp|Q9HDF6|EF1A_SERIN	88.7	462	50	1	222293	223672	1	462	3.35e-269	827
JANATG010000016.1	sp|Q9Z2Q4|METH_RAT	64.6	978	339	4	896571	899486	277	1253	0.0	1284
JANATG010000016.1	sp|A6H5Y3|METH_MOUSE	64.5	978	340	4	896571	899486	277	1253	0.0	1270
JANATG010000016.1	sp|Q99707|METH_HUMAN	63.6	978	349	4	896571	899486	289	1265	0.0	1254
JANATG010000016.1	sp|Q4JIJ3|METH_BOVIN	63.4	978	351	4	896571	899486	289	1265	0.0	1251
JANATG010000016.1	sp|Q09582|METH_CAEEL	63.0	976	353	6	896571	899486	278	1249	0.0	1229
JANATG010000016.1	sp|A8XY95|METH_CAEBR	62.0	998	347	8	896571	899480	278	1271	0.0	1218
JANATG010000016.1	sp|Q54P92|METH_DICDI	61.2	978	364	6	896571	899480	284	1254	0.0	1201
JANATG010000016.1	sp|Q7MHB1|METH_VIBVY	56.1	969	396	8	896571	899462	277	1221	0.0	1043
JANATG010000016.1	sp|Q87L95|METH_VIBPA	56.0	969	397	8	896571	899462	277	1221	0.0	1040
JANATG010000016.1	sp|Q8DCJ7|METH_VIBVU	55.8	969	399	7	896571	899462	277	1221	0.0	1040
JANATG010000016.1	sp|Q5E814|METH_ALIF1	55.2	972	406	8	896571	899471	278	1225	0.0	1035
JANATG010000016.1	sp|Q9AJQ8|METH_ALIFS	55.0	972	408	8	896571	899471	278	1225	0.0	1031
JANATG010000016.1	sp|Q9KUW9|METH_VIBCH	55.3	972	405	7	896571	899471	277	1224	0.0	1027
JANATG010000016.1	sp|Q9I2Q2|METH_PSEAE	56.5	976	396	11	896571	899483	283	1234	0.0	1015
JANATG010000016.1	sp|P13009|METH_ECOLI	54.7	978	407	12	896571	899480	276	1225	0.0	1009
JANATG010000016.1	sp|P37586|METH_SALTY	54.2	976	415	10	896571	899480	276	1225	0.0	1005
JANATG010000016.1	sp|O93918|PYC_ASPTE	55.4	921	330	8	1455861	1458602	344	1190	3.51e-301	951
JANATG010000016.1	sp|Q9HES8|PYC_ASPNG	42.7	1388	504	22	1454472	1458605	84	1190	7.33e-300	947
JANATG010000016.1	sp|Q0CLK1|PYC_ASPTN	55.2	921	332	8	1455861	1458602	344	1190	7.58e-300	947
JANATG010000016.1	sp|Q9UUE1|PYC_SCHPO	54.2	889	337	7	1455861	1458521	335	1155	2.71e-293	928
JANATG010000016.1	sp|P59769|BIP_ASPAW	70.5	660	189	3	403377	401401	18	672	1.28e-288	892
JANATG010000016.1	sp|P83617|BIP_ASPKA	70.5	660	189	3	403377	401401	18	672	1.28e-288	892
JANATG010000016.1	sp|P83616|BIP_ASPNG	70.5	660	189	3	403377	401401	18	672	1.28e-288	892
JANATG010000016.1	sp|P78695|BIP_NEUCR	72.2	647	174	3	403341	401401	21	661	1.19e-286	886
JANATG010000016.1	sp|Q8X1T3|PYC_PICAN	53.2	896	338	9	1455861	1458524	325	1147	3.09e-286	907
JANATG010000017.1	sp|P11832|NIA1_ARATH	43.8	894	395	19	1127021	1129675	122	917	3.00e-229	732
JANATG010000017.1	sp|P27968|NIA7_HORVU	44.6	897	387	23	1127021	1129675	93	891	8.02e-229	730
JANATG010000017.1	sp|P39868|NIA2_BRANA	44.2	894	392	21	1127021	1129675	116	911	8.40e-229	731
JANATG010000017.1	sp|B8N0E8|ASAC_ASPFN	40.5	1020	564	8	1018801	1021830	9	995	1.37e-228	734
JANATG010000017.1	sp|P39867|NIA1_BRANA	43.8	891	400	20	1127021	1129675	116	911	1.33e-227	727
JANATG010000017.1	sp|P08509|NIA2_TOBAC	43.5	891	396	20	1127021	1129666	108	900	1.68e-226	724
JANATG010000017.1	sp|P11605|NIA1_TOBAC	43.9	890	394	20	1127021	1129666	108	900	5.75e-226	722
JANATG010000017.1	sp|P23312|NIA_SPIOL	44.4	886	382	23	1127021	1129642	129	915	1.02e-224	719
JANATG010000017.1	sp|P17570|NIA_SOLLC	44.2	883	389	19	1127021	1129642	113	900	1.56e-224	718
JANATG010000017.1	sp|P36859|NIA_PETHY	43.7	892	394	23	1127021	1129666	112	905	1.99e-224	718
JANATG010000017.1	sp|P36841|NIA_VOLCA	42.1	886	414	18	1127021	1129654	65	859	1.32e-223	714
JANATG010000017.1	sp|P16081|NIA1_ORYSJ	43.1	895	406	20	1127021	1129681	117	916	2.92e-223	715
JANATG010000017.1	sp|P39866|NIA2_PHAVU	43.2	899	401	24	1127021	1129681	90	890	1.70e-221	709
JANATG010000017.1	sp|P43101|NIA_CICIN	43.3	908	397	22	1127021	1129681	110	920	6.16e-221	708
JANATG010000017.1	sp|P39865|NIA1_PHAVU	43.1	895	396	22	1127021	1129681	92	881	1.09e-220	706
JANATG010000017.1	sp|P27783|NIA_BETPN	43.9	881	367	23	1127021	1129609	105	876	2.58e-220	706
JANATG010000017.1	sp|P39870|NIA2_SOYBN	42.2	901	403	23	1127021	1129681	94	890	3.67e-220	705
JANATG010000017.1	sp|P27969|NIA2_HORVU	42.9	899	404	24	1127021	1129681	111	912	1.02e-219	704
JANATG010000017.1	sp|P27967|NIA1_HORVU	42.9	899	404	24	1127021	1129681	114	915	2.83e-219	703
JANATG010000017.1	sp|P11035|NIA2_ARATH	42.6	904	398	21	1127021	1129675	116	917	1.03e-218	702
JANATG010000017.1	sp|P39869|NIA_LOTJA	42.9	910	391	25	1127021	1129681	97	900	2.37e-217	697
JANATG010000017.1	sp|P38681|NIR_NEUCR	52.3	719	298	10	1132028	1134076	64	773	5.84e-217	707
JANATG010000017.1	sp|P49102|NIA3_MAIZE	42.5	896	392	22	1127021	1129681	108	889	2.63e-214	688
JANATG010000017.1	sp|P17569|NIA_CUCMA	42.5	890	394	22	1127021	1129642	120	907	3.64e-214	689
JANATG010000017.1	sp|P54233|NIA1_SOYBN	40.8	910	425	24	1126988	1129681	79	886	1.51e-211	680
JANATG010000018.1	sp|Q92620|PRP16_HUMAN	61.9	911	290	6	1128465	1125742	306	1162	0.0	1103
JANATG010000018.1	sp|Q17R09|PRP16_BOVIN	61.8	911	291	6	1128465	1125742	306	1162	0.0	1102
JANATG010000018.1	sp|F4K2E9|PRP16_ARATH	58.8	923	318	7	1128420	1125697	333	1208	0.0	1063
JANATG010000018.1	sp|Q9P774|PRP16_SCHPO	59.0	917	315	8	1128507	1125766	255	1113	0.0	1041
JANATG010000018.1	sp|P34498|MOG1_CAEEL	57.2	908	325	10	1128447	1125748	219	1070	0.0	1011
JANATG010000018.1	sp|Q10233|RPC2_SCHPO	46.6	1079	423	10	1107699	1104487	230	1163	1.88e-280	890
JANATG010000018.1	sp|P22276|RPC2_YEAST	44.4	1092	420	12	1107699	1104487	222	1147	7.89e-259	827
JANATG010000018.1	sp|P59470|RPC2_MOUSE	62.8	648	200	3	1106442	1104499	522	1128	1.60e-254	814
JANATG010000018.1	sp|Q9NW08|RPC2_HUMAN	62.7	648	201	3	1106442	1104499	522	1128	5.44e-254	812
JANATG010000018.1	sp|Q54IZ9|RPC2_DICDI	60.7	649	209	4	1106442	1104499	1002	1605	9.71e-239	785
JANATG010000018.1	sp|Q9UUE6|SYKC_SCHPO	69.0	506	154	3	142740	141232	74	579	1.17e-231	725
JANATG010000018.1	sp|P15938|PRP16_YEAST	50.1	799	311	11	1128105	1125772	255	986	2.03e-229	739
JANATG010000018.1	sp|P25167|RPC2_DROME	56.4	652	238	4	1106442	1104493	529	1136	1.80e-227	736
JANATG010000018.1	sp|F4KD38|NRPC2_ARATH	56.4	674	220	9	1106442	1104499	533	1158	4.22e-224	727
JANATG010000018.1	sp|P24487|ATPA_SCHPO	77.0	448	103	0	565193	563850	89	536	3.97e-221	692
JANATG010000018.1	sp|P37211|ATPA_NEUCR	75.7	448	109	0	565193	563850	102	549	2.79e-219	687
JANATG010000018.1	sp|P19483|ATPA_BOVIN	74.8	448	113	0	565193	563850	104	551	1.03e-218	686
JANATG010000018.1	sp|Q03265|ATPA_MOUSE	74.6	448	114	0	565193	563850	104	551	1.40e-218	686
JANATG010000018.1	sp|P07251|ATPA_YEAST	75.7	448	109	0	565193	563850	98	545	3.61e-218	684
JANATG010000018.1	sp|P80021|ATPA_PIG	74.6	448	114	0	565193	563850	104	551	6.57e-218	684
JANATG010000018.1	sp|P15999|ATPA_RAT	74.3	448	115	0	565193	563850	104	551	1.22e-217	683
JANATG010000018.1	sp|Q5R546|ATPA_PONAB	74.6	448	114	0	565193	563850	104	551	1.66e-217	682
JANATG010000018.1	sp|P25705|ATPA_HUMAN	74.6	448	114	0	565193	563850	104	551	2.26e-217	682
JANATG010000018.1	sp|A5A6H5|ATPA_PANTR	74.6	448	114	0	565193	563850	104	551	2.26e-217	682
JANATG010000018.1	sp|C0HK51|ATPA_PICAN	75.4	448	110	0	565193	563850	63	510	1.41e-216	678
JANATG010000019.1	sp|P59769|BIP_ASPAW	75.9	623	144	3	597254	595389	55	672	1.32e-296	915
JANATG010000019.1	sp|P83617|BIP_ASPKA	75.9	623	144	3	597254	595389	55	672	1.32e-296	915
JANATG010000019.1	sp|P83616|BIP_ASPNG	75.9	623	144	3	597254	595389	55	672	1.32e-296	915
JANATG010000019.1	sp|P78695|BIP_NEUCR	76.0	622	144	2	597254	595389	45	661	5.91e-292	901
JANATG010000019.1	sp|Q99170|BIP_YARLI	74.2	629	154	3	597254	595389	43	670	5.54e-287	887
JANATG010000019.1	sp|P36604|BIP_SCHPO	72.8	622	164	4	597254	595392	41	658	3.03e-278	862
JANATG010000019.1	sp|Q9HG01|BIP_PICAN	72.0	622	172	2	597254	595389	46	665	2.46e-276	857
JANATG010000019.1	sp|Q6FW50|BIP_CANGA	73.0	615	163	2	597254	595410	42	653	6.67e-276	855
JANATG010000019.1	sp|P16474|BIP_YEAST	71.7	630	167	3	597254	595389	56	682	8.48e-276	856
JANATG010000019.1	sp|P19208|HSP7C_CAEBR	70.9	626	175	5	597254	595389	39	661	4.77e-273	847
JANATG010000019.1	sp|P29844|BIP_DROME	69.6	624	186	4	597254	595389	35	656	2.60e-270	839
JANATG010000019.1	sp|Q75C78|BIP_ASHGO	69.3	626	184	4	597254	595389	53	674	5.92e-269	836
JANATG010000019.1	sp|Q90593|BIP_CHICK	70.4	626	176	6	597254	595389	32	652	1.24e-268	834
JANATG010000019.1	sp|P11021|BIP_HUMAN	70.4	626	176	6	597254	595389	34	654	1.82e-268	833
JANATG010000019.1	sp|G3I8R9|BIP_CRIGR	70.4	626	176	6	597254	595389	34	654	4.59e-268	832
JANATG010000019.1	sp|P07823|BIP_MESAU	70.4	626	176	6	597254	595389	34	654	4.59e-268	832
JANATG010000019.1	sp|P20029|BIP_MOUSE	70.4	624	180	5	597254	595389	35	655	4.76e-268	832
JANATG010000019.1	sp|P06761|BIP_RAT	70.4	624	180	5	597254	595389	34	654	8.51e-268	832
JANATG010000019.1	sp|Q0VCX2|BIP_BOVIN	70.3	626	177	6	597254	595389	35	655	1.20e-267	831
JANATG010000019.1	sp|Q3S4T7|BIP_ICTTR	70.3	626	177	6	597254	595389	34	654	2.15e-267	830
JANATG010000019.1	sp|Q5R4P0|BIP_PONAB	70.1	626	178	6	597254	595389	34	654	2.92e-267	830
JANATG010000019.1	sp|Q6BZH1|BIP_DEBHA	69.5	630	183	4	597254	595389	55	683	8.41e-267	830
JANATG010000019.1	sp|Q91883|BIP_XENLA	69.8	625	184	4	597254	595389	36	658	1.01e-265	826
JANATG010000019.1	sp|P27420|HSP7C_CAEEL	71.7	587	162	3	597254	595500	39	623	4.07e-261	813
JANATG010000019.1	sp|Q16956|BIP_APLCA	68.0	622	196	3	597254	595392	44	663	5.98e-260	810
JANATG010000002.1	sp|Q8J294|ARO1_THACU	48.6	1735	729	21	2432388	2437487	3	1610	0.0	1488
JANATG010000002.1	sp|P53675|CLH2_HUMAN	48.9	1707	683	18	1199107	1204164	72	1609	0.0	1485
JANATG010000002.1	sp|P29742|CLH_DROME	48.3	1763	703	21	1199107	1204311	72	1653	0.0	1481
JANATG010000002.1	sp|P0CM23|ARO1_CRYNB	48.9	1719	724	23	2432391	2437457	1	1595	0.0	1474
JANATG010000002.1	sp|P0CM22|ARO1_CRYNJ	48.9	1719	724	23	2432391	2437457	1	1595	0.0	1474
JANATG010000002.1	sp|Q9P7R0|ARO1_SCHPO	47.6	1698	745	20	2432409	2437475	6	1567	0.0	1444
JANATG010000002.1	sp|P34574|CLH_CAEEL	47.2	1690	720	14	1199128	1204155	77	1608	0.0	1431
JANATG010000002.1	sp|B6HAA7|ARO1_PENRW	47.7	1714	722	27	2432391	2437451	1	1566	0.0	1425
JANATG010000002.1	sp|Q10161|CLH_SCHPO	46.9	1741	727	24	1199128	1204287	79	1643	0.0	1401
JANATG010000002.1	sp|A7F7H0|ARO1_SCLS1	47.3	1688	736	25	2432418	2437445	11	1556	0.0	1395
JANATG010000002.1	sp|Q4P8F6|ARO1_USTMA	46.4	1764	760	31	2432445	2437481	43	1705	0.0	1393
JANATG010000002.1	sp|Q5XNP0|ARO1_SCLSC	47.0	1684	738	25	2432418	2437433	11	1552	0.0	1383
JANATG010000002.1	sp|C9SE96|ARO1_VERA1	47.0	1696	737	24	2432403	2437451	6	1552	0.0	1379
JANATG010000002.1	sp|O93927|FKS1_CRYNH	63.3	1054	369	6	1150488	1153631	135	1176	0.0	1346
JANATG010000002.1	sp|P25870|CLH_DICDI	45.0	1698	763	16	1199107	1204164	72	1610	0.0	1338
JANATG010000002.1	sp|A8QCB2|ARO1_MALGO	47.1	1699	718	27	2432451	2437451	38	1588	0.0	1336
JANATG010000002.1	sp|A3LSZ2|ARO1_PICST	44.5	1693	769	27	2432412	2437424	4	1547	0.0	1306
JANATG010000002.1	sp|Q6C1X5|ARO1_YARLI	45.9	1693	745	30	2432412	2437451	7	1541	0.0	1296
JANATG010000002.1	sp|Q2RBN7|CLH1_ORYSJ	44.0	1713	772	20	1199107	1204164	72	1623	0.0	1296
JANATG010000002.1	sp|Q2QYW2|CLH2_ORYSJ	43.9	1713	773	20	1199107	1204164	72	1623	0.0	1295
JANATG010000002.1	sp|C5DN02|ARO1_LACTC	44.3	1722	787	29	2432412	2437502	5	1579	0.0	1291
JANATG010000002.1	sp|A2QLK4|FKS1_ASPNC	59.8	1122	404	12	1150341	1153631	138	1237	0.0	1282
JANATG010000002.1	sp|Q0WLB5|CLAH2_ARATH	43.1	1686	788	20	1199155	1204164	94	1623	0.0	1267
JANATG010000002.1	sp|Q0WNJ6|CLAH1_ARATH	43.2	1686	785	20	1199155	1204164	94	1623	0.0	1266
JANATG010000002.1	sp|P22137|CLH_YEAST	58.1	1058	442	1	1200979	1204152	555	1611	0.0	1260
JANATG010000020.1	sp|Q54KM7|GCSP_DICDI	53.7	980	327	9	172881	169951	139	994	0.0	1008
JANATG010000020.1	sp|B2J427|GCSP_NOSP7	52.0	987	333	9	172881	169954	121	977	5.14e-318	990
JANATG010000020.1	sp|Q3M9G1|GCSP_TRIV2	52.5	981	325	10	172881	169954	129	973	1.55e-315	983
JANATG010000020.1	sp|Q8YNF9|GCSP_NOSS1	52.9	982	329	10	172881	169954	129	982	2.12e-315	983
JANATG010000020.1	sp|Q91W43|GCSP_MOUSE	52.3	989	334	12	172902	169951	159	1014	5.82e-314	981
JANATG010000020.1	sp|O49954|GCSP_SOLTU	53.2	988	322	11	172896	169957	171	1026	5.22e-313	978
JANATG010000020.1	sp|P26969|GCSP_PEA	53.2	986	322	9	172896	169960	193	1046	6.02e-313	979
JANATG010000020.1	sp|P49361|GCSPA_FLAPR	52.9	985	327	10	172881	169951	175	1030	3.06e-311	973
JANATG010000020.1	sp|O80988|GCSP2_ARATH	53.2	988	322	10	172896	169957	180	1035	3.89e-311	973
JANATG010000020.1	sp|P49362|GCSPB_FLAPR	52.7	985	329	10	172881	169951	172	1027	9.44e-311	972
JANATG010000020.1	sp|O49850|GCSP_FLAAN	52.7	985	329	10	172881	169951	172	1027	2.38e-310	971
JANATG010000020.1	sp|Q04PM7|GCSP_LEPBJ	52.1	979	334	8	172881	169951	119	964	6.15e-310	966
JANATG010000020.1	sp|Q055P8|GCSP_LEPBL	52.1	979	334	8	172881	169951	119	964	6.15e-310	966
JANATG010000020.1	sp|O49852|GCSP_FLATR	52.6	985	330	10	172881	169951	172	1027	1.11e-309	969
JANATG010000020.1	sp|P23378|GCSP_HUMAN	51.3	989	344	11	172902	169951	154	1009	1.26e-309	968
JANATG010000020.1	sp|Q94B78|GCSP1_ARATH	52.8	988	326	11	172896	169957	174	1029	4.21e-309	967
JANATG010000020.1	sp|Q09785|GCSP_SCHPO	51.5	981	348	9	172881	169963	170	1030	4.65e-309	967
JANATG010000020.1	sp|Q8F937|GCSP_LEPIN	52.3	981	329	10	172881	169951	119	964	1.16e-307	960
JANATG010000020.1	sp|Q72VI8|GCSP_LEPIC	52.3	981	329	10	172881	169951	119	964	2.91e-307	959
JANATG010000020.1	sp|Q9I137|GCSP1_PSEAE	50.9	984	342	10	172896	169954	111	956	1.14e-306	957
JANATG010000020.1	sp|B2T7I8|GCSP_PARPJ	52.2	987	337	11	172896	169951	122	978	3.02e-306	956
JANATG010000020.1	sp|P15505|GCSP_CHICK	51.1	981	339	10	172878	169951	149	993	5.47e-306	957
JANATG010000020.1	sp|Q6LHN5|GCSP_PHOPR	50.6	983	342	9	172881	169954	111	956	1.58e-304	951
JANATG010000020.1	sp|Q2SFI6|GCSP_HAHCH	51.8	984	338	9	172896	169951	110	959	2.22e-304	950
JANATG010000020.1	sp|Q13SR6|GCSP_PARXL	51.7	987	342	10	172896	169951	122	978	2.25e-304	951
JANATG010000021.1	sp|F1NTD6|ASCC3_CHICK	48.9	1272	514	16	126584	130351	814	1965	0.0	1142
JANATG010000021.1	sp|E1BNG3|ASCC3_BOVIN	50.1	1233	487	14	126584	130234	805	1925	0.0	1139
JANATG010000021.1	sp|E9PZJ8|ASCC3_MOUSE	50.4	1229	490	13	126584	130234	806	1926	0.0	1133
JANATG010000021.1	sp|Q8N3C0|ASCC3_HUMAN	48.4	1286	499	15	126584	130351	805	1956	0.0	1130
JANATG010000021.1	sp|O60072|MUG81_SCHPO	47.5	1228	526	7	126584	130234	614	1733	0.0	1101
JANATG010000021.1	sp|F1LPQ2|ASCC3_RAT	48.6	1246	486	14	126584	130234	806	1925	0.0	1100
JANATG010000021.1	sp|E7F8F4|ASCC3_DANRE	44.3	1292	455	18	126584	130351	403	1465	9.31e-317	1009
JANATG010000021.1	sp|Q54G57|ASCC3_DICDI	45.1	1265	565	16	126584	130348	807	1951	3.56e-315	1028
JANATG010000021.1	sp|Q9FNQ1|DEXHE_ARATH	44.8	1231	552	11	126584	130234	835	1952	3.01e-308	1006
JANATG010000021.1	sp|P53327|SLH1_YEAST	44.9	1237	550	16	126584	130234	621	1746	8.51e-306	993
JANATG010000021.1	sp|Q10490|SYLC_SCHPO	51.4	919	414	14	159054	161756	208	1111	8.24e-287	905
JANATG010000021.1	sp|P10857|SYLC_NEUCR	49.6	914	435	13	159054	161750	221	1123	2.65e-269	855
JANATG010000021.1	sp|P26637|SYLC_YEAST	48.8	912	433	15	159054	161750	200	1090	3.08e-265	842
JANATG010000021.1	sp|O75643|U520_HUMAN	39.2	1229	623	11	126584	130234	808	1924	1.52e-261	868
JANATG010000021.1	sp|Q6P4T2|U520_MOUSE	39.2	1229	623	11	126584	130234	808	1924	1.52e-261	868
JANATG010000021.1	sp|F1LNJ2|U520_RAT	39.1	1232	623	12	126584	130234	808	1927	1.08e-259	863
JANATG010000021.1	sp|Q8BMJ2|SYLC_MOUSE	48.8	901	425	14	159069	161747	193	1065	1.75e-259	829
JANATG010000021.1	sp|Q9P2J5|SYLC_HUMAN	48.1	900	431	14	159069	161744	191	1062	1.91e-258	826
JANATG010000021.1	sp|Q5R614|SYLC_PONAB	48.0	900	432	14	159069	161744	191	1062	2.59e-258	826
JANATG010000021.1	sp|Q9SYP1|DEXHC_ARATH	39.2	1247	601	16	126584	130234	832	1951	2.47e-251	839
JANATG010000021.1	sp|Q09996|SYLC_CAEEL	47.9	877	424	13	159069	161651	188	1047	3.88e-247	794
JANATG010000021.1	sp|Q9VUV9|U520_DROME	37.6	1233	642	11	126584	130234	808	1928	6.75e-246	822
JANATG010000021.1	sp|O48534|DEXHD_ARATH	37.3	1269	637	17	126584	130300	833	1972	3.54e-236	794
JANATG010000021.1	sp|F4I116|SYLC_ARATH	46.1	885	440	14	159066	161663	194	1060	5.41e-233	749
JANATG010000021.1	sp|Q54N83|SYLC_DICDI	44.9	908	454	17	159054	161735	180	1055	1.91e-231	743
JANATG010000022.1	sp|Q6FWS5|YBT1_CANGA	39.3	1103	541	19	376671	373423	642	1635	5.75e-211	704
JANATG010000022.1	sp|P32386|YBT1_YEAST	38.5	1126	558	17	376692	373423	623	1649	3.52e-210	702
JANATG010000022.1	sp|G4N2B5|ABC7_MAGO7	37.3	1149	593	20	376728	373393	613	1671	3.42e-197	664
JANATG010000022.1	sp|P38735|VMR1_YEAST	36.9	1101	562	15	376671	373423	600	1585	4.34e-192	647
JANATG010000022.1	sp|Q9P7L5|OAT_SCHPO	60.6	452	129	1	520438	521793	25	427	4.58e-178	563
JANATG010000022.1	sp|Q58623|Y1226_METJA	40.4	861	435	15	528307	525758	7	800	6.14e-169	552
JANATG010000022.1	sp|A0A1U8QTJ9|CICA_EMENI	35.7	1071	556	14	376653	373456	440	1382	4.81e-167	567
JANATG010000022.1	sp|O88563|MRP3_RAT	34.6	1114	510	16	376650	373468	567	1515	5.54e-166	567
JANATG010000022.1	sp|O15440|MRP5_HUMAN	33.8	1116	612	18	376725	373468	407	1425	9.80e-166	564
JANATG010000022.1	sp|Q9QYM0|MRP5_RAT	34.1	1113	614	20	376725	373465	407	1425	2.36e-165	563
JANATG010000022.1	sp|Q28689|MRP2_RABIT	33.0	1150	543	21	376722	373456	550	1533	4.31e-165	566
JANATG010000022.1	sp|Q54U44|ABCCC_DICDI	36.7	966	487	13	376266	373414	443	1299	8.95e-165	558
JANATG010000022.1	sp|O15438|MRP3_HUMAN	35.0	1118	504	17	376650	373468	569	1520	8.99e-165	564
JANATG010000022.1	sp|B2RX12|MRP3_MOUSE	34.3	1114	514	16	376650	373468	568	1516	1.50e-164	563
JANATG010000022.1	sp|Q54JR2|ABCC3_DICDI	37.4	967	492	13	376278	373414	449	1314	7.49e-163	555
JANATG010000022.1	sp|Q9R1X5|MRP5_MOUSE	33.6	1118	610	21	376725	373468	407	1424	3.10e-162	554
JANATG010000022.1	sp|Q92413|OAT_EMENI	56.9	455	147	1	520438	521802	30	435	4.00e-162	518
JANATG010000022.1	sp|Q63120|MRP2_RAT	33.9	1144	522	21	376713	373477	551	1525	4.62e-162	556
JANATG010000022.1	sp|P14772|BPT1_YEAST	34.0	1143	586	21	376728	373459	527	1554	3.94e-161	554
JANATG010000022.1	sp|Q8VI47|MRP2_MOUSE	33.5	1148	534	24	376722	373480	550	1535	5.20e-161	553
JANATG010000022.1	sp|Q92887|MRP2_HUMAN	33.4	1134	535	20	376722	373495	552	1523	2.39e-160	551
JANATG010000022.1	sp|Q8ST87|ABCCA_DICDI	36.1	968	502	11	376266	373414	438	1305	8.62e-159	541
JANATG010000022.1	sp|O15439|MRP4_HUMAN	36.2	962	500	13	376254	373414	428	1290	1.16e-156	534
JANATG010000022.1	sp|P49380|PMA1_KLULA	39.7	841	432	14	528328	525863	40	824	2.74e-156	519
JANATG010000022.1	sp|Q5F364|MRP1_CHICK	34.3	1113	511	20	376650	373456	582	1522	1.74e-155	536
JANATG010000023.1	sp|F6RIX4|MCM9_XENTR	48.2	600	182	8	97866	99665	175	645	2.17e-152	513
JANATG010000023.1	sp|Q6NRM6|MCM9_XENLA	47.7	600	185	8	97866	99665	175	645	3.43e-151	511
JANATG010000023.1	sp|F1N2W9|MCM9_BOVIN	50.0	572	168	7	97956	99671	192	645	1.04e-150	509
JANATG010000023.1	sp|Q9NXL9|MCM9_HUMAN	49.7	580	172	8	97938	99671	185	646	4.29e-149	504
JANATG010000023.1	sp|F1M5F3|MCM9_RAT	49.5	574	172	7	97944	99665	189	644	6.67e-149	503
JANATG010000023.1	sp|Q2KHI9|MCM9_MOUSE	49.7	574	171	7	97944	99665	189	644	2.11e-148	502
JANATG010000023.1	sp|I0IUP4|MCM9_CHICK	49.9	591	175	9	97902	99665	174	646	2.21e-147	500
JANATG010000023.1	sp|F1QDI9|MCM9_DANRE	49.0	578	175	8	97938	99665	189	648	3.48e-146	496
JANATG010000023.1	sp|Q12702|2ABA_SCHPO	55.2	469	65	5	94247	95638	29	357	8.68e-143	461
JANATG010000023.1	sp|P53031|2ABA_CANTR	49.9	467	93	5	94247	95638	21	349	6.14e-126	414
JANATG010000023.1	sp|B8B406|MCM9_ORYSI	44.2	572	202	6	97965	99680	212	666	6.97e-125	418
JANATG010000023.1	sp|Q69QA6|MCM9_ORYSJ	44.2	572	202	6	97965	99680	212	666	6.97e-125	418
JANATG010000023.1	sp|F4IFF3|MCM9_ARATH	44.4	549	192	7	97971	99614	204	640	1.02e-124	416
JANATG010000023.1	sp|Q54Q99|PH2AB_DICDI	46.8	500	96	7	94247	95638	24	389	6.01e-121	399
JANATG010000023.1	sp|Q5E9Q7|2ABB_BOVIN	48.5	466	103	7	94247	95638	24	354	1.43e-116	385
JANATG010000023.1	sp|Q00005|2ABB_HUMAN	48.5	466	103	7	94247	95638	24	354	1.43e-116	385
JANATG010000023.1	sp|Q4R8L3|2ABB_MACFA	48.5	466	103	7	94247	95638	24	354	1.43e-116	385
JANATG010000023.1	sp|Q6ZWR4|2ABB_MOUSE	48.5	466	103	7	94247	95638	24	354	1.43e-116	385
JANATG010000023.1	sp|Q5R4A2|2ABB_PONAB	48.5	466	103	7	94247	95638	24	354	1.43e-116	385
JANATG010000023.1	sp|P36877|2ABB_RAT	48.7	466	102	7	94247	95638	24	354	1.94e-116	384
JANATG010000023.1	sp|Q6DIY3|2ABD_XENTR	47.6	466	107	7	94247	95638	28	358	2.60e-115	381
JANATG010000023.1	sp|Q00362|2ABA_YEAST	45.9	482	102	5	94247	95638	25	365	3.90e-115	384
JANATG010000023.1	sp|Q0D2F4|2ABB_XENTR	47.4	466	108	7	94247	95638	24	354	1.97e-114	379
JANATG010000023.1	sp|A1L3L9|2ABB_XENLA	47.4	466	108	7	94247	95638	49	379	3.29e-114	379
JANATG010000023.1	sp|Q5ZIY5|2ABD_CHICK	47.5	472	110	9	94247	95653	32	368	4.75e-114	378
JANATG010000024.1	sp|Q35127|MBI1_NEUCR	54.7	446	186	4	40749	42047	1	443	5.74e-143	459
JANATG010000024.1	sp|P50367|NU5M_RHIST	55.6	408	181	0	38068	39291	240	647	3.77e-140	460
JANATG010000024.1	sp|P03880|ANI1_EMEND	60.4	361	133	4	42371	43435	132	488	1.59e-129	422
JANATG010000024.1	sp|P50368|NU5M_SCHCO	51.1	425	198	3	38068	39315	260	683	5.66e-121	405
JANATG010000024.1	sp|Q85T01|NU5M_CRYNH	51.8	386	185	1	38068	39222	240	625	1.76e-120	403
JANATG010000024.1	sp|Q0H8X0|NU5M_USTMA	53.1	386	180	1	38068	39222	241	626	3.39e-120	403
JANATG010000024.1	sp|Q6V9D9|NU5M_TALMA	48.2	411	210	3	38068	39291	240	650	2.36e-115	388
JANATG010000024.1	sp|P20679|NU5M_PODAN	51.4	385	183	3	38068	39210	240	624	3.59e-113	382
JANATG010000024.1	sp|Q8HHD2|NU5M_CRYPA	47.3	414	212	4	38068	39294	240	652	1.37e-112	380
JANATG010000024.1	sp|Q0H8X2|BI1_USTMA	47.8	433	200	7	40749	42047	1	407	1.38e-112	370
JANATG010000024.1	sp|P50366|NU5M_PHYIN	50.4	385	188	3	38068	39216	251	634	2.33e-112	380
JANATG010000024.1	sp|Q8SHP7|NU5M_HYPJE	49.7	382	190	2	38068	39207	240	621	7.00e-112	379
JANATG010000024.1	sp|Q6QU67|NU5M_ASPNG	48.2	415	209	5	38068	39297	240	653	1.16e-111	377
JANATG010000024.1	sp|Q0H8X5|NU1M_USTMA	56.1	326	138	2	12015	11053	3	328	1.82e-109	358
JANATG010000024.1	sp|P26849|NU5M_MARPO	48.1	420	204	6	38068	39294	252	668	3.02e-109	371
JANATG010000024.1	sp|Q01561|NU5M_TRIRU	47.4	409	211	4	38068	39285	240	647	8.82e-109	369
JANATG010000024.1	sp|P19041|NU1M_PODAN	54.2	358	127	1	12015	11053	4	361	4.07e-106	350
JANATG010000024.1	sp|P05510|NU5M_NEUCR	47.2	417	182	3	38068	39204	240	656	1.18e-105	362
JANATG010000024.1	sp|P10330|NU5M_OENBE	49.1	387	185	5	38068	39207	249	630	1.54e-103	354
JANATG010000024.1	sp|Q9ZZ38|NU1M_TRIRU	58.2	318	117	4	11973	11068	16	333	2.18e-103	341
JANATG010000024.1	sp|P11628|NU5M_EMEND	45.3	419	224	4	38068	39315	240	656	4.93e-103	352
JANATG010000024.1	sp|P29388|NU5M_ARATH	46.3	421	212	5	38068	39297	249	666	9.30e-103	352
JANATG010000024.1	sp|Q37680|NU5M_WHEAT	46.7	422	207	7	38068	39294	249	665	1.69e-100	345
JANATG010000024.1	sp|P08774|NU1M_NEUCR	52.7	355	130	2	12003	11053	9	363	3.72e-98	327
JANATG010000024.1	sp|Q9ZZW7|MBI3_YEAST	43.2	405	199	4	42314	43435	113	517	2.75e-96	328
JANATG010000025.1	sp|Q8TGM7|ART2_YEAST	85.2	61	9	0	7878	7696	1	61	2.17e-27	110
JANATG010000025.1	sp|Q3E811|RRT15_YEAST	95.7	47	2	0	7878	7738	1	47	1.20e-22	96.7
JANATG010000025.1	sp|Q8TGM6|TAR1_YEAST	52.0	102	47	2	5603	5304	23	124	6.10e-18	85.5
JANATG010000025.1	sp|Q6CQE5|TAR1_KLULA	59.4	69	28	0	5603	5397	8	76	2.71e-15	77.4
JANATG010000025.1	sp|Q8TGM5|ART3_YEAST	93.8	32	2	0	4976	4881	8	39	1.57e-10	62.4
JANATG010000025.1	sp|P0C5Q0|YL54F_YEAST	91.3	23	2	0	4736	4668	18	40	4.71e-05	46.2
JANATG010000003.1	sp|P15398|RPA1_SCHPO	46.4	1749	706	32	3286457	3291604	63	1612	0.0	1340
JANATG010000003.1	sp|P10964|RPA1_YEAST	42.8	1752	746	32	3286457	3291610	62	1591	0.0	1217
JANATG010000003.1	sp|O94609|UBA1_SCHPO	51.7	1055	382	12	2513069	2516224	81	1010	0.0	1005
JANATG010000003.1	sp|P52495|UBA1_CANAW	49.4	1062	404	13	2513069	2516224	81	1019	7.57e-307	961
JANATG010000003.1	sp|P22515|UBA1_YEAST	47.0	1065	431	12	2513069	2516227	80	1023	1.44e-291	917
JANATG010000003.1	sp|P31254|UBA1Y_MOUSE	46.8	1060	433	12	2513069	2516218	115	1053	4.61e-289	912
JANATG010000003.1	sp|Q86H36|RPA1_DICDI	41.6	1407	627	24	3287519	3291604	287	1543	2.86e-272	885
JANATG010000003.1	sp|Q9USR3|STT4_SCHPO	40.1	1303	706	26	1328090	1324239	630	1877	1.58e-262	865
JANATG010000003.1	sp|Q10284|SSB1_SCHPO	69.7	613	185	1	1555932	1557770	1	612	5.28e-260	808
JANATG010000003.1	sp|O95602|RPA1_HUMAN	38.9	1450	673	26	3287618	3291604	291	1648	1.39e-257	845
JANATG010000003.1	sp|O35134|RPA1_MOUSE	37.9	1481	626	31	3287630	3291604	302	1645	3.61e-256	841
JANATG010000003.1	sp|O54889|RPA1_RAT	38.8	1450	656	30	3287630	3291604	302	1644	9.82e-255	837
JANATG010000003.1	sp|Q55C16|UBA1_DICDI	59.9	681	257	9	2514209	2516218	337	1012	5.11e-252	803
JANATG010000003.1	sp|Q6CQ83|SSB1_KLULA	68.2	606	190	3	1555953	1557767	9	612	9.69e-249	776
JANATG010000003.1	sp|Q10251|IF2P_SCHPO	65.4	602	201	5	1937407	1935605	478	1073	1.30e-248	796
JANATG010000003.1	sp|P49376|ATPB_KLULA	82.9	475	81	0	2862071	2860647	29	503	1.36e-248	771
JANATG010000003.1	sp|P41770|SSB1_KLUMA	67.8	606	192	3	1555953	1557767	9	612	6.18e-248	774
JANATG010000003.1	sp|P40150|SSB2_YEAST	68.0	606	191	3	1555953	1557767	9	612	3.94e-247	771
JANATG010000003.1	sp|Q707X3|SSB1_ZYGRC	67.2	606	196	3	1555953	1557767	9	612	2.97e-245	766
JANATG010000003.1	sp|P22068|ATPB_SCHPO	83.7	472	75	2	2862050	2860641	53	524	8.81e-245	761
JANATG010000003.1	sp|C0HK52|ATPB_PICAN	81.9	474	85	1	2862065	2860647	1	474	1.27e-242	752
JANATG010000003.1	sp|P39730|IF2P_YEAST	64.0	602	212	4	1937407	1935605	399	996	7.89e-242	773
JANATG010000003.1	sp|P00830|ATPB_YEAST	80.5	477	93	0	2862077	2860647	33	509	1.61e-241	751
JANATG010000003.1	sp|P91875|RPA1_DROME	38.2	1475	669	28	3287474	3291604	240	1570	3.06e-241	795
JANATG010000003.1	sp|G0S8G9|IF2P_CHATD	64.4	604	208	4	1937407	1935596	517	1113	8.84e-241	775
JANATG010000004.1	sp|Q4PFV5|DPOE_USTMA	45.4	1995	894	27	1161611	1167379	432	2303	0.0	1602
JANATG010000004.1	sp|P0CN27|DPOE_CRYNB	44.9	1958	882	28	1161611	1167343	429	2236	0.0	1593
JANATG010000004.1	sp|P0CN26|DPOE_CRYNJ	44.9	1958	882	28	1161611	1167343	429	2236	0.0	1593
JANATG010000004.1	sp|O93845|DPOE_EMENI	43.4	1954	957	22	1161611	1167379	370	2205	0.0	1515
JANATG010000004.1	sp|Q4WXH8|DPOE_ASPFU	43.6	1959	940	25	1161611	1167376	397	2227	0.0	1514
JANATG010000004.1	sp|Q9WVF7|DPOE1_MOUSE	42.7	1998	960	31	1161611	1167376	386	2275	0.0	1487
JANATG010000004.1	sp|Q07864|DPOE1_HUMAN	42.5	2009	952	34	1161611	1167376	386	2278	0.0	1472
JANATG010000004.1	sp|Q6BNG2|DPOE_DEBHA	42.4	1937	970	30	1161611	1167364	412	2221	0.0	1429
JANATG010000004.1	sp|P87154|DPOE_SCHPO	42.3	1950	959	30	1161611	1167379	387	2196	0.0	1415
JANATG010000004.1	sp|P21951|DPOE_YEAST	40.4	1946	994	34	1161611	1167352	401	2213	0.0	1329
JANATG010000004.1	sp|Q6CUS7|DPOE_KLULA	40.3	1951	980	33	1161611	1167358	378	2179	0.0	1326
JANATG010000004.1	sp|Q10105|GCN1_SCHPO	37.9	2265	1240	31	1244223	1237534	292	2425	0.0	1320
JANATG010000004.1	sp|F4HW04|DPOE1_ARATH	39.3	1954	1000	29	1161611	1167376	358	2156	0.0	1285
JANATG010000004.1	sp|F4IFN6|DPOE2_ARATH	39.2	1944	1000	32	1161611	1167376	350	2133	0.0	1265
JANATG010000004.1	sp|Q752B8|DPOE_ASHGO	39.0	1954	996	32	1161611	1167352	375	2172	0.0	1251
JANATG010000004.1	sp|P33892|GCN1_YEAST	38.9	1849	1033	20	1243005	1237540	613	2391	0.0	1188
JANATG010000004.1	sp|Q92616|GCN1_HUMAN	39.8	1854	988	35	1243086	1237678	620	2396	0.0	1169
JANATG010000004.1	sp|E9PVA8|GCN1_MOUSE	40.1	1816	943	33	1242942	1237678	665	2396	0.0	1157
JANATG010000004.1	sp|Q54RD4|DPOE1_DICDI	36.4	1974	974	39	1161611	1167040	384	2239	0.0	1103
JANATG010000004.1	sp|P39109|YCFI_YEAST	42.9	1430	664	16	1633689	1629466	211	1510	0.0	1053
JANATG010000004.1	sp|Q4P9K9|CHS8_USTMA	58.7	910	337	10	474277	471569	882	1759	0.0	1045
JANATG010000004.1	sp|P00365|DHE2_NEUCR	59.1	892	341	8	2756825	2754186	162	1041	0.0	1027
JANATG010000004.1	sp|Q10185|ABC2_SCHPO	44.6	1299	617	13	1633341	1629466	273	1476	0.0	1017
JANATG010000004.1	sp|Q8VI47|MRP2_MOUSE	41.2	1435	724	21	1633689	1629466	193	1534	6.06e-317	1012
JANATG010000004.1	sp|O60306|AQR_HUMAN	53.1	978	408	10	1398281	1395360	339	1269	2.14e-316	1008
JANATG010000005.1	sp|P78615|FAS2_EMEND	61.0	1396	511	13	2723296	2719124	488	1854	0.0	1653
JANATG010000005.1	sp|P15368|FAS2_PENPA	61.5	1377	497	14	2723296	2719184	484	1833	0.0	1644
JANATG010000005.1	sp|Q10289|FAS2_SCHPO	61.4	1373	485	11	2723296	2719184	489	1818	0.0	1635
JANATG010000005.1	sp|Q765N2|FAS2_LACKL	58.3	1414	544	14	2723296	2719124	494	1884	0.0	1571
JANATG010000005.1	sp|P19097|FAS2_YEAST	57.4	1415	554	14	2723296	2719124	493	1882	0.0	1566
JANATG010000005.1	sp|P43098|FAS2_CANAX	57.5	1415	544	14	2723284	2719124	496	1881	0.0	1545
JANATG010000005.1	sp|G8BAW7|FAS2_CANPC	57.5	1415	544	15	2723284	2719124	495	1880	0.0	1539
JANATG010000005.1	sp|Q2TXF0|ORYA_ASPOR	49.8	1255	595	14	2722933	2719193	521	1748	0.0	1151
JANATG010000005.1	sp|Q6GL04|TERA_XENTR	75.4	759	146	4	1399264	1396988	87	804	0.0	1139
JANATG010000005.1	sp|P55072|TERA_HUMAN	75.1	759	149	4	1399264	1396988	87	805	0.0	1138
JANATG010000005.1	sp|Q01853|TERA_MOUSE	75.1	759	149	4	1399264	1396988	87	805	0.0	1138
JANATG010000005.1	sp|P46462|TERA_RAT	75.3	760	146	5	1399264	1396988	87	805	0.0	1137
JANATG010000005.1	sp|Q3ZBT1|TERA_BOVIN	75.1	760	147	5	1399264	1396988	87	805	0.0	1135
JANATG010000005.1	sp|P03974|TERA_PIG	74.8	759	151	4	1399264	1396988	87	805	0.0	1135
JANATG010000005.1	sp|P23787|TERA_XENLA	76.0	738	139	3	1399264	1397054	87	787	0.0	1129
JANATG010000005.1	sp|Q7ZU99|TERA_DANRE	74.6	759	153	3	1399264	1396988	87	805	0.0	1128
JANATG010000005.1	sp|Q5AV00|ATNF_EMENI	53.7	1107	476	13	2722915	2719652	548	1637	0.0	1122
JANATG010000005.1	sp|Q7KN62|TERA_DROME	72.9	761	162	4	1399264	1396985	84	801	0.0	1097
JANATG010000005.1	sp|P54812|TERA2_CAEEL	73.5	763	154	6	1399264	1396985	93	810	0.0	1096
JANATG010000005.1	sp|P54609|CD48A_ARATH	73.1	762	160	7	1399264	1396985	91	809	0.0	1095
JANATG010000005.1	sp|P54811|TERA1_CAEEL	73.6	764	151	7	1399264	1396985	93	809	0.0	1090
JANATG010000005.1	sp|Q9LZF6|CD48E_ARATH	72.7	762	164	6	1399264	1396985	91	810	0.0	1089
JANATG010000005.1	sp|P54774|CDC48_SOYBN	74.2	729	150	4	1399264	1397081	92	783	0.0	1082
JANATG010000005.1	sp|Q9SCN8|CD48D_ARATH	72.0	765	168	7	1399264	1396985	92	815	0.0	1082
JANATG010000005.1	sp|Q5AWS6|CDC48_EMENI	72.3	763	161	5	1399264	1396985	108	823	0.0	1072
JANATG010000006.1	sp|Q869L3|MDN1_DICDI	43.6	2321	1109	32	1032491	1038985	323	2608	0.0	1826
JANATG010000006.1	sp|Q12019|MDN1_YEAST	46.0	2117	1024	38	1032494	1038766	338	2361	0.0	1743
JANATG010000006.1	sp|O94248|MDN1_SCHPO	46.4	2077	989	39	1032494	1038664	180	2144	0.0	1641
JANATG010000006.1	sp|Q9NU22|MDN1_HUMAN	42.2	2255	1102	41	1032494	1039033	354	2481	0.0	1579
JANATG010000006.1	sp|A0A1P8AUY4|MDN1_ARATH	42.2	2072	1057	35	1032494	1038574	381	2356	0.0	1447
JANATG010000006.1	sp|O14228|PUR4_SCHPO	60.2	1199	445	13	1881240	1877659	151	1322	0.0	1407
JANATG010000006.1	sp|P38972|PUR4_YEAST	57.9	1204	465	15	1881240	1877659	186	1357	0.0	1337
JANATG010000006.1	sp|Q3KHL4|PUR4_PSEPF	58.4	1198	443	14	1881240	1877656	153	1298	0.0	1335
JANATG010000006.1	sp|Q3IHZ2|PUR4_PSET1	57.5	1194	451	14	1881240	1877668	153	1292	0.0	1335
JANATG010000006.1	sp|Q8DF81|PUR4_VIBVU	57.9	1191	450	13	1881240	1877668	155	1293	0.0	1331
JANATG010000006.1	sp|Q7MN70|PUR4_VIBVY	57.8	1191	451	13	1881240	1877668	155	1293	0.0	1328
JANATG010000006.1	sp|Q4ZX02|PUR4_PSEU2	57.9	1199	448	14	1881240	1877656	153	1298	0.0	1326
JANATG010000006.1	sp|Q47XX7|PUR4_COLP3	56.9	1214	451	18	1881240	1877659	158	1319	0.0	1325
JANATG010000006.1	sp|Q886W6|PUR4_PSESM	57.9	1199	448	14	1881240	1877656	153	1298	0.0	1325
JANATG010000006.1	sp|Q4KHS6|PUR4_PSEF5	57.9	1198	449	14	1881240	1877656	153	1298	0.0	1323
JANATG010000006.1	sp|Q48LX3|PUR4_PSE14	57.7	1199	450	14	1881240	1877656	153	1298	0.0	1322
JANATG010000006.1	sp|Q5QWY0|PUR4_IDILO	58.3	1191	445	13	1881240	1877668	153	1291	0.0	1319
JANATG010000006.1	sp|Q9KTN2|PUR4_VIBCH	57.7	1191	452	12	1881240	1877668	155	1293	0.0	1318
JANATG010000006.1	sp|Q9HXN2|PUR4_PSEAE	57.5	1198	452	14	1881240	1877659	153	1297	0.0	1315
JANATG010000006.1	sp|Q88P16|PUR4_PSEPK	57.8	1200	448	14	1881240	1877656	153	1299	0.0	1313
JANATG010000006.1	sp|Q5E749|PUR4_ALIF1	57.7	1196	450	16	1881240	1877668	155	1299	0.0	1313
JANATG010000006.1	sp|Q6LU24|PUR4_PHOPR	56.8	1216	454	15	1881249	1877668	152	1318	0.0	1311
JANATG010000006.1	sp|Q0HKU9|PUR4_SHESM	57.4	1191	452	12	1881240	1877668	154	1289	0.0	1309
JANATG010000006.1	sp|Q15R69|PUR4_PSEA6	57.0	1194	460	13	1881240	1877659	154	1294	0.0	1307
JANATG010000006.1	sp|Q87RW0|PUR4_VIBPA	57.7	1196	449	15	1881240	1877668	155	1298	0.0	1307
JANATG010000007.1	sp|Q54YZ9|DHKJ_DICDI	65.8	1159	388	2	1191555	1188103	201	1359	0.0	1428
JANATG010000007.1	sp|Q9Y7K2|TOR2_SCHPO	45.2	1660	693	18	508631	513586	782	2233	0.0	1323
JANATG010000007.1	sp|Q86C65|TOR_DICDI	43.1	1698	692	25	508613	513613	795	2248	0.0	1208
JANATG010000007.1	sp|P32600|TOR2_YEAST	42.4	1696	719	24	508610	513580	894	2370	0.0	1189
JANATG010000007.1	sp|P35169|TOR1_YEAST	40.3	1677	766	19	508646	513580	893	2366	0.0	1147
JANATG010000007.1	sp|P07742|RIR1_MOUSE	68.8	823	174	4	2238227	2235783	43	790	0.0	1145
JANATG010000007.1	sp|P23921|RIR1_HUMAN	68.9	823	173	5	2238227	2235783	43	790	0.0	1140
JANATG010000007.1	sp|P36602|RIR1_SCHPO	66.1	843	184	4	2238227	2235780	43	810	0.0	1137
JANATG010000007.1	sp|Q5R919|RIR1_PONAB	68.7	823	175	5	2238227	2235783	43	790	0.0	1136
JANATG010000007.1	sp|O14356|TOR1_SCHPO	40.1	1683	763	16	508613	513598	776	2234	0.0	1117
JANATG010000007.1	sp|P79732|RIR1_DANRE	66.8	825	189	4	2238227	2235783	43	792	0.0	1113
JANATG010000007.1	sp|Q9UW15|RIR1_NEUCR	68.9	788	168	3	2238227	2235870	43	755	0.0	1108
JANATG010000007.1	sp|P42345|MTOR_HUMAN	41.7	1721	757	30	508601	513613	917	2440	0.0	1091
JANATG010000007.1	sp|P42346|MTOR_RAT	41.5	1721	759	30	508601	513613	917	2440	0.0	1090
JANATG010000007.1	sp|Q9JLN9|MTOR_MOUSE	41.2	1721	765	30	508601	513613	917	2440	0.0	1090
JANATG010000007.1	sp|P21524|RIR1_YEAST	64.9	804	200	4	2238227	2235834	43	770	0.0	1074
JANATG010000007.1	sp|P48591|RIR1_DROME	64.1	832	207	5	2238227	2235783	54	810	0.0	1073
JANATG010000007.1	sp|Q03604|RIR1_CAEEL	64.9	820	205	5	2238227	2235777	49	788	0.0	1062
JANATG010000007.1	sp|P21672|RIR3_YEAST	63.3	813	212	5	2238227	2235807	43	775	0.0	1060
JANATG010000007.1	sp|Q9SJ20|RIR1_ARATH	60.9	847	224	5	2238227	2235783	43	814	0.0	1035
JANATG010000007.1	sp|Q01877|HSP71_PUCGR	83.1	645	102	1	98398	96485	4	648	0.0	1025
JANATG010000007.1	sp|Q76RD8|RIR1_VACCA	61.6	817	226	5	2238227	2235777	43	771	0.0	1010
JANATG010000007.1	sp|P20503|RIR1_VACCC	61.6	817	226	5	2238227	2235777	43	771	0.0	1010
JANATG010000007.1	sp|P12848|RIR1_VACCW	61.6	817	226	5	2238227	2235777	43	771	0.0	1010
JANATG010000007.1	sp|P0DSV1|RIR1_VAR67	61.2	817	229	5	2238227	2235777	43	771	0.0	1004
JANATG010000008.1	sp|Q14204|DYHC1_HUMAN	63.7	1666	586	9	2076244	2071280	2317	3974	0.0	2117
JANATG010000008.1	sp|Q9JHU4|DYHC1_MOUSE	63.6	1666	588	9	2076244	2071280	2315	3972	0.0	2113
JANATG010000008.1	sp|P38650|DYHC1_RAT	63.5	1667	588	9	2076244	2071280	2315	3972	0.0	2111
JANATG010000008.1	sp|P37276|DYHC_DROME	61.7	1666	627	7	2076244	2071265	2303	3963	0.0	2066
JANATG010000008.1	sp|P78716|DYHC_FUSVN	65.1	1657	562	6	2076244	2071277	2332	3973	0.0	2041
JANATG010000008.1	sp|P45443|DYHC_NEUCR	62.5	1658	603	7	2076244	2071280	2333	3974	0.0	2028
JANATG010000008.1	sp|P45444|DYHC_EMENI	60.5	1673	628	9	2076244	2071262	2322	3974	0.0	1987
JANATG010000008.1	sp|P34036|DYHC_DICDI	55.5	1703	711	10	2076244	2071265	2369	4067	0.0	1864
JANATG010000008.1	sp|Q19020|DYHC_CAEEL	54.4	1683	740	14	2076244	2071253	2256	3929	0.0	1780
JANATG010000008.1	sp|Q27171|DYHC_PARTE	45.6	1674	863	18	2076244	2071280	2222	3866	0.0	1415
JANATG010000008.1	sp|Q8IBG1|DYHC1_PLAF7	40.7	1779	916	21	2076244	2071292	2415	4182	0.0	1298
JANATG010000008.1	sp|O13651|SYIC_SCHPO	57.5	1076	423	3	1269363	1266136	22	1063	0.0	1248
JANATG010000008.1	sp|P09436|SYIC_YEAST	55.1	1081	444	7	1269363	1266136	27	1071	0.0	1239
JANATG010000008.1	sp|P41252|SYIC_HUMAN	55.6	1083	435	9	1269363	1266136	28	1071	0.0	1195
JANATG010000008.1	sp|Q8BU30|SYIC_MOUSE	55.5	1083	436	9	1269363	1266136	28	1071	0.0	1188
JANATG010000008.1	sp|Q9C1M7|DYHC_ASHGO	38.9	1575	918	9	2076244	2071532	2158	3692	0.0	1133
JANATG010000008.1	sp|Q21926|SYIC_CAEEL	52.6	1018	437	8	1269363	1266319	30	1004	0.0	1068
JANATG010000008.1	sp|F4JLM5|SYIC_ARATH	49.9	1081	465	12	1269363	1266229	29	1068	0.0	1055
JANATG010000008.1	sp|O74378|ODO1_SCHPO	55.3	912	292	6	1580575	1577852	209	1008	1.29e-316	989
JANATG010000008.1	sp|P20967|ODO1_YEAST	53.7	908	304	6	1580572	1577864	211	1007	1.85e-311	974
JANATG010000008.1	sp|J9VXM5|CHS3_CRYNH	44.6	1333	495	25	1127834	1123956	74	1203	5.16e-310	987
JANATG010000008.1	sp|P36022|DYHC_YEAST	36.7	1525	928	9	2076244	2071676	2168	3656	2.88e-298	1022
JANATG010000008.1	sp|O13394|CHS5_USTMA	44.1	1347	470	28	1127810	1123968	175	1304	5.65e-298	959
JANATG010000008.1	sp|Q9M2A0|PMA8_ARATH	58.0	826	332	7	1881824	1879353	48	860	1.61e-288	905
JANATG010000008.1	sp|Q9SH76|PMA6_ARATH	59.3	808	313	7	1881824	1879407	48	841	6.72e-287	900
JANATG010000009.1	sp|O93937|PYR1_EMENI	62.2	2289	728	17	1822086	1815316	90	2272	0.0	2744
JANATG010000009.1	sp|Q09794|PYR1_SCHPO	61.0	2269	753	21	1822086	1815316	89	2236	0.0	2640
JANATG010000009.1	sp|P07259|PYR1_YEAST	60.2	2274	773	23	1822086	1815316	52	2209	0.0	2599
JANATG010000009.1	sp|Q6P2Q9|PRP8_HUMAN	57.5	2269	476	18	806296	799532	7	1800	0.0	2405
JANATG010000009.1	sp|Q99PV0|PRP8_MOUSE	57.5	2269	476	18	806296	799532	7	1800	0.0	2405
JANATG010000009.1	sp|P34369|PRP8_CAEEL	56.6	2187	507	15	806050	799532	34	1793	0.0	2325
JANATG010000009.1	sp|Q9SSD2|PRP8A_ARATH	55.3	2269	524	19	806281	799532	27	1824	0.0	2305
JANATG010000009.1	sp|Q9T0I6|PRP8B_ARATH	55.8	2187	528	15	806050	799532	66	1826	0.0	2258
JANATG010000009.1	sp|Q8T295|PRP8_DICDI	53.6	2190	573	17	806050	799532	31	1788	0.0	2180
JANATG010000009.1	sp|O14187|SPP42_SCHPO	53.5	2199	557	20	806050	799532	65	1824	0.0	2147
JANATG010000009.1	sp|P20054|PYR1_DICDI	50.8	2309	956	33	1822086	1815316	39	2220	0.0	2126
JANATG010000009.1	sp|Q91437|PYR1_SQUAC	50.1	2337	965	31	1822101	1815316	27	2238	0.0	2098
JANATG010000009.1	sp|P27708|PYR1_HUMAN	49.2	2333	977	34	1822101	1815316	27	2221	0.0	2050
JANATG010000009.1	sp|P08955|PYR1_MESAU	49.2	2336	971	37	1822101	1815316	27	2221	0.0	2036
JANATG010000009.1	sp|B2RQC6|PYR1_MOUSE	49.3	2335	972	37	1822101	1815316	27	2221	0.0	2036
JANATG010000009.1	sp|P05990|PYR1_DROME	48.4	2328	986	34	1822101	1815316	38	2216	0.0	2017
JANATG010000009.1	sp|Q18990|PYR1_CAEEL	46.7	2326	1015	32	1822101	1815316	28	2192	0.0	1889
JANATG010000009.1	sp|P38811|TRA1_YEAST	40.3	2676	1473	42	306327	314201	575	3183	0.0	1807
JANATG010000009.1	sp|P33334|PRP8_YEAST	46.0	2188	719	23	806041	799532	120	1872	0.0	1800
JANATG010000009.1	sp|Q9HFE8|TRA1_SCHPO	37.4	2685	1515	37	306333	314201	533	3113	0.0	1639
JANATG010000009.1	sp|Q10064|YAMB_SCHPO	36.4	2668	1535	39	306348	314207	493	3053	0.0	1567
JANATG010000009.1	sp|P31327|CPSM_HUMAN	49.0	1547	635	19	1822086	1817506	76	1488	0.0	1414
JANATG010000009.1	sp|Q8C196|CPSM_MOUSE	49.3	1547	630	20	1822086	1817506	76	1488	0.0	1413
JANATG010000009.1	sp|P07756|CPSM_RAT	49.4	1547	629	20	1822086	1817506	76	1488	0.0	1411
JANATG010000009.1	sp|Q91293|CPSM_LITCT	48.5	1554	643	21	1822101	1817506	66	1484	0.0	1389
