JANATF010000001.1	sp|Q70LM6|LGRB_BREPA	33.4	3822	1887	74	2662980	2652949	912	4554	0.0	1819
JANATF010000001.1	sp|Q70LM5|LGRC_BREPA	33.8	3818	1863	69	2662980	2652982	925	4560	0.0	1814
JANATF010000001.1	sp|Q70LM4|LGRD_BREPA	32.7	3832	1903	62	2663016	2652988	898	4541	0.0	1803
JANATF010000001.1	sp|Q54YZ9|DHKJ_DICDI	56.1	1778	629	15	3103757	3108997	206	1863	0.0	1742
JANATF010000001.1	sp|P0CN27|DPOE_CRYNB	47.2	1662	801	24	1649252	1644336	641	2249	0.0	1472
JANATF010000001.1	sp|P0CN26|DPOE_CRYNJ	47.2	1662	801	24	1649252	1644336	641	2249	0.0	1472
JANATF010000001.1	sp|Q4PFV5|DPOE_USTMA	47.5	1705	783	25	1649252	1644339	644	2303	0.0	1471
JANATF010000001.1	sp|O93845|DPOE_EMENI	45.0	1664	851	19	1649252	1644336	582	2206	0.0	1385
JANATF010000001.1	sp|Q4WXH8|DPOE_ASPFU	45.4	1659	844	21	1649252	1644342	609	2227	0.0	1384
JANATF010000001.1	sp|Q07864|DPOE1_HUMAN	44.6	1713	840	29	1649252	1644342	599	2278	0.0	1355
JANATF010000001.1	sp|Q9WVF7|DPOE1_MOUSE	44.4	1711	844	29	1649252	1644342	599	2275	0.0	1353
JANATF010000001.1	sp|Q6BNG2|DPOE_DEBHA	43.3	1660	853	29	1649252	1644354	624	2221	0.0	1283
JANATF010000001.1	sp|P87154|DPOE_SCHPO	42.8	1658	869	23	1649252	1644339	599	2196	0.0	1268
JANATF010000001.1	sp|P49601|LEUC_USTMA	81.1	774	130	4	4223132	4225408	1	773	0.0	1268
JANATF010000001.1	sp|Q10105|GCN1_SCHPO	43.5	1647	877	16	1413035	1408143	702	2310	0.0	1225
JANATF010000001.1	sp|P09436|SYIC_YEAST	57.3	1015	424	5	2247396	2244367	61	1071	0.0	1218
JANATF010000001.1	sp|O13651|SYIC_SCHPO	54.8	1147	430	5	2247801	2244367	3	1063	0.0	1217
JANATF010000001.1	sp|Q9VCN1|DPOE1_DROME	40.4	1691	903	25	1649252	1644336	597	2234	0.0	1192
JANATF010000001.1	sp|Q6CUS7|DPOE_KLULA	41.2	1669	869	29	1649252	1644354	590	2181	0.0	1191
JANATF010000001.1	sp|F4HW04|DPOE1_ARATH	40.3	1669	881	24	1649252	1644342	571	2156	0.0	1176
JANATF010000001.1	sp|Q6FNY7|DPOE_CANGA	40.6	1656	906	26	1649252	1644354	613	2213	0.0	1163
JANATF010000001.1	sp|P41252|SYIC_HUMAN	56.5	1016	424	9	2247387	2244367	65	1071	0.0	1157
JANATF010000001.1	sp|P21951|DPOE_YEAST	40.2	1666	905	28	1649252	1644351	613	2218	0.0	1156
JANATF010000001.1	sp|Q8BU30|SYIC_MOUSE	56.1	1016	428	9	2247387	2244367	65	1071	0.0	1148
JANATF010000001.1	sp|F4IFN6|DPOE2_ARATH	40.3	1663	875	25	1649252	1644342	563	2133	0.0	1136
JANATF010000010.1	sp|Q54YZ9|DHKJ_DICDI	58.5	1377	394	5	1138342	1134236	206	1412	0.0	1415
JANATF010000010.1	sp|Q54KM7|GCSP_DICDI	62.5	751	275	6	1401151	1398905	249	994	3.14e-303	949
JANATF010000010.1	sp|B2J427|GCSP_NOSP7	60.1	756	286	7	1401151	1398908	230	977	2.34e-292	917
JANATF010000010.1	sp|Q91W43|GCSP_MOUSE	58.9	754	295	7	1401151	1398905	271	1014	2.88e-289	910
JANATF010000010.1	sp|O49954|GCSP_SOLTU	60.0	755	283	7	1401151	1398911	283	1026	7.53e-287	904
JANATF010000010.1	sp|Q8YNF9|GCSP_NOSS1	59.7	755	287	8	1401151	1398908	238	982	1.50e-286	900
JANATF010000010.1	sp|P26969|GCSP_PEA	60.2	753	282	6	1401151	1398914	305	1046	1.00e-285	901
JANATF010000010.1	sp|O80988|GCSP2_ARATH	59.8	757	285	7	1401151	1398905	292	1037	1.19e-285	900
JANATF010000010.1	sp|Q3M9G1|GCSP_TRIV2	59.8	751	284	7	1401151	1398908	238	973	1.29e-285	897
JANATF010000010.1	sp|Q01576|ACSA_PHYB8	67.1	644	175	3	301577	299652	53	661	1.35e-285	884
JANATF010000010.1	sp|P23378|GCSP_HUMAN	57.8	754	303	7	1401151	1398905	266	1009	1.56e-284	896
JANATF010000010.1	sp|Q94B78|GCSP1_ARATH	60.1	755	282	9	1401151	1398911	286	1029	3.78e-284	896
JANATF010000010.1	sp|P15505|GCSP_CHICK	57.7	754	304	7	1401151	1398905	250	993	4.23e-284	894
JANATF010000010.1	sp|Q9I137|GCSP1_PSEAE	57.9	749	299	5	1401151	1398908	223	956	1.97e-283	890
JANATF010000010.1	sp|P49362|GCSPB_FLAPR	59.3	757	289	8	1401151	1398905	282	1027	2.94e-283	893
JANATF010000010.1	sp|O49850|GCSP_FLAAN	59.3	757	289	8	1401151	1398905	282	1027	7.39e-283	892
JANATF010000010.1	sp|B2T7I8|GCSP_PARPJ	58.5	754	301	8	1401151	1398905	232	978	9.50e-283	889
JANATF010000010.1	sp|Q04PM7|GCSP_LEPBJ	58.5	750	296	5	1401151	1398905	229	964	1.09e-282	889
JANATF010000010.1	sp|Q055P8|GCSP_LEPBL	58.5	750	296	5	1401151	1398905	229	964	1.09e-282	889
JANATF010000010.1	sp|Q8F937|GCSP_LEPIN	58.9	750	293	6	1401151	1398905	229	964	1.09e-282	889
JANATF010000010.1	sp|Q72VI8|GCSP_LEPIC	58.9	750	293	6	1401151	1398905	229	964	2.01e-282	888
JANATF010000010.1	sp|O49852|GCSP_FLATR	59.2	757	290	8	1401151	1398905	282	1027	3.44e-282	890
JANATF010000010.1	sp|P49361|GCSPA_FLAPR	59.2	757	290	8	1401151	1398905	285	1030	7.04e-282	889
JANATF010000010.1	sp|Q13SR6|GCSP_PARXL	58.3	753	304	6	1401151	1398905	232	978	1.52e-281	886
JANATF010000010.1	sp|Q887L5|GCSP_PSESM	57.3	750	304	6	1401151	1398905	218	952	1.06e-280	882
JANATF010000011.1	sp|O30409|TYCC_BREPA	26.7	5166	3236	110	524602	509570	1615	6343	0.0	1363
JANATF010000011.1	sp|Q12553|XDH_EMENI	45.6	1503	655	17	482260	486726	9	1363	0.0	1228
JANATF010000011.1	sp|O68006|BACA_BACLI	23.7	5480	3221	105	524626	509906	147	5251	0.0	1202
JANATF010000011.1	sp|O94313|CARB_SCHPO	63.0	993	313	7	821171	824146	217	1156	0.0	1188
JANATF010000011.1	sp|P46056|CARB_CUTCT	63.1	1007	318	14	821171	824182	206	1161	0.0	1158
JANATF010000011.1	sp|P0C064|GRSB_BREBE	24.9	4631	3016	86	523102	509573	7	4295	0.0	1141
JANATF010000011.1	sp|Q70LM5|LGRC_BREPA	26.2	4483	2357	94	523099	509942	6	3628	0.0	1125
JANATF010000011.1	sp|Q875Z2|EF2_NAUCC	73.1	752	193	2	1311456	1309216	95	842	0.0	1122
JANATF010000011.1	sp|P0C063|GRSB_ANEMI	24.6	4631	3030	85	523102	509573	7	4296	0.0	1120
JANATF010000011.1	sp|P32324|EF2_YEAST	71.8	752	203	2	1311456	1309216	95	842	0.0	1120
JANATF010000011.1	sp|Q875S0|EF2_LACK1	72.4	749	204	2	1311456	1309216	95	842	0.0	1118
JANATF010000011.1	sp|Q96X45|EF2_NEUCR	73.0	749	199	2	1311456	1309216	97	844	0.0	1117
JANATF010000011.1	sp|Q6CPQ9|EF2_KLULA	72.1	749	206	2	1311456	1309216	95	842	0.0	1116
JANATF010000011.1	sp|Q754C8|EF2_ASHGO	72.2	749	205	2	1311456	1309216	95	842	0.0	1115
JANATF010000011.1	sp|Q5A0M4|EF2_CANAL	72.3	748	206	1	1311456	1309216	95	842	0.0	1115
JANATF010000011.1	sp|C4YJQ8|EF2_CANAW	72.3	748	206	1	1311456	1309216	95	842	0.0	1115
JANATF010000011.1	sp|A5DI11|EF2_PICGU	72.3	748	206	1	1311456	1309216	95	842	0.0	1113
JANATF010000011.1	sp|O14460|EF2_SCHPO	70.9	752	210	2	1311456	1309216	95	842	0.0	1110
JANATF010000011.1	sp|Q70LM6|LGRB_BREPA	25.5	4890	2967	101	523102	509885	4	4695	0.0	1108
JANATF010000011.1	sp|Q6FYA7|EF2_CANGA	72.1	749	206	2	1311456	1309216	95	842	0.0	1106
JANATF010000011.1	sp|Q6BJ25|EF2_DEBHA	72.0	749	207	2	1311456	1309216	95	842	0.0	1104
JANATF010000011.1	sp|Q874B9|EF2_PICPA	72.0	749	207	2	1311456	1309216	95	842	0.0	1104
JANATF010000011.1	sp|R4ZGN4|XDH_BLAAD	43.7	1534	651	24	482308	486705	9	1397	0.0	1104
JANATF010000011.1	sp|P03965|CARB_YEAST	58.3	1006	355	12	821171	824146	159	1114	0.0	1098
JANATF010000011.1	sp|P27206|SRFAA_BACSU	33.9	2196	1275	43	524551	518081	597	2654	0.0	1084
JANATF010000012.1	sp|O93937|PYR1_EMENI	59.2	2309	766	25	296050	302826	90	2272	0.0	2517
JANATF010000012.1	sp|Q09794|PYR1_SCHPO	57.8	2278	813	24	296050	302826	89	2236	0.0	2427
JANATF010000012.1	sp|P07259|PYR1_YEAST	56.6	2272	858	26	296050	302826	52	2209	0.0	2359
JANATF010000012.1	sp|P20054|PYR1_DICDI	48.4	2322	996	32	296050	302826	39	2220	0.0	1979
JANATF010000012.1	sp|P38811|TRA1_YEAST	35.7	3517	1740	50	1482750	1493063	344	3427	0.0	1947
JANATF010000012.1	sp|Q91437|PYR1_SQUAC	47.8	2353	988	38	296050	302826	32	2238	0.0	1926
JANATF010000012.1	sp|P27708|PYR1_HUMAN	47.1	2333	1016	35	296050	302826	32	2221	0.0	1901
JANATF010000012.1	sp|B2RQC6|PYR1_MOUSE	47.6	2339	997	36	296050	302826	32	2221	0.0	1901
JANATF010000012.1	sp|P08955|PYR1_MESAU	47.6	2336	1001	37	296050	302826	32	2221	0.0	1897
JANATF010000012.1	sp|P05990|PYR1_DROME	46.1	2351	998	36	296050	302826	43	2216	0.0	1876
JANATF010000012.1	sp|Q9HFE8|TRA1_SCHPO	33.7	3487	1803	38	1482750	1493063	360	3385	0.0	1799
JANATF010000012.1	sp|Q10064|YAMB_SCHPO	32.8	3508	1794	48	1482750	1493063	325	3337	0.0	1741
JANATF010000012.1	sp|Q18990|PYR1_CAEEL	45.2	2332	1033	44	296050	302826	33	2192	0.0	1718
JANATF010000012.1	sp|Q6P2Q9|PRP8_HUMAN	65.8	1170	108	3	932581	936090	716	1593	0.0	1504
JANATF010000012.1	sp|Q99PV0|PRP8_MOUSE	65.8	1170	108	3	932581	936090	716	1593	0.0	1504
JANATF010000012.1	sp|P34369|PRP8_CAEEL	63.8	1171	131	4	932581	936090	708	1586	0.0	1466
JANATF010000012.1	sp|Q9SSD2|PRP8A_ARATH	63.6	1171	133	4	932581	936090	739	1617	0.0	1458
JANATF010000012.1	sp|Q9T0I6|PRP8B_ARATH	61.7	1171	155	4	932581	936090	741	1619	0.0	1412
JANATF010000012.1	sp|Q8T295|PRP8_DICDI	60.8	1170	167	3	932581	936090	705	1582	0.0	1399
JANATF010000012.1	sp|O14187|SPP42_SCHPO	61.2	1172	160	5	932581	936090	739	1617	0.0	1387
JANATF010000012.1	sp|Q9Y4A5|TRRAP_HUMAN	29.8	3504	1983	73	1481430	1491314	38	3272	0.0	1328
JANATF010000012.1	sp|A0A0R4ITC5|TRRAP_DANRE	29.9	3417	1949	72	1481688	1491353	88	3256	0.0	1306
JANATF010000012.1	sp|Q8C196|CPSM_MOUSE	46.4	1557	673	21	296050	300669	76	1488	0.0	1282
JANATF010000012.1	sp|P07756|CPSM_RAT	46.5	1557	672	21	296050	300669	76	1488	0.0	1278
JANATF010000012.1	sp|P31327|CPSM_HUMAN	46.2	1558	675	22	296050	300669	76	1488	0.0	1274
JANATF010000013.1	sp|Q70LM5|LGRC_BREPA	35.1	3744	1797	62	1268009	1258344	614	4233	0.0	1925
JANATF010000013.1	sp|P0C064|GRSB_BREBE	36.0	3226	1895	41	1268006	1258395	610	3691	0.0	1904
JANATF010000013.1	sp|P0C063|GRSB_ANEMI	35.6	3226	1908	42	1268006	1258395	610	3692	0.0	1868
JANATF010000013.1	sp|Q70LM4|LGRD_BREPA	33.5	3744	1842	64	1268009	1258344	607	4220	0.0	1799
JANATF010000013.1	sp|O30409|TYCC_BREPA	35.2	3216	1901	44	1268009	1258419	607	3670	0.0	1793
JANATF010000013.1	sp|Q70LM6|LGRB_BREPA	32.2	3729	1902	61	1268015	1258353	600	4212	0.0	1699
JANATF010000013.1	sp|P27206|SRFAA_BACSU	33.5	3059	1806	51	1279086	1270051	227	3104	0.0	1580
JANATF010000013.1	sp|P15398|RPA1_SCHPO	49.0	1777	710	29	792087	786886	61	1684	0.0	1513
JANATF010000013.1	sp|O30408|TYCB_BREPA	33.1	3059	1816	48	1279092	1270060	229	3103	0.0	1506
JANATF010000013.1	sp|P94459|PPSD_BACSU	33.3	2938	1723	59	1278717	1270036	362	3105	0.0	1444
JANATF010000013.1	sp|P10964|RPA1_YEAST	45.3	1781	750	29	792081	786877	62	1663	0.0	1377
JANATF010000013.1	sp|O68006|BACA_BACLI	30.7	2927	1792	48	1278690	1270030	1012	3732	0.0	1375
JANATF010000013.1	sp|O68007|BACB_BACLI	31.9	2544	1540	42	1266659	1259136	71	2458	0.0	1243
JANATF010000013.1	sp|P53396|ACLY_HUMAN	58.2	1086	362	10	1205251	1202018	95	1096	0.0	1226
JANATF010000013.1	sp|Q91V92|ACLY_MOUSE	58.6	1078	360	9	1205251	1202018	95	1086	0.0	1226
JANATF010000013.1	sp|Q2TCH3|ACLY_SHEEP	58.1	1086	363	10	1205251	1202018	95	1096	0.0	1222
JANATF010000013.1	sp|Q32PF2|ACLY_BOVIN	58.2	1080	361	10	1205251	1202018	95	1086	0.0	1219
JANATF010000013.1	sp|P16638|ACLY_RAT	58.0	1088	360	11	1205251	1202018	95	1095	0.0	1215
JANATF010000013.1	sp|Q9R9J0|MYCB_BACIU	31.4	2635	1612	41	1266626	1258857	2836	5324	0.0	1205
JANATF010000013.1	sp|O68008|BACC_BACLI	32.2	2190	1326	34	1276530	1270033	11	2065	0.0	1114
JANATF010000013.1	sp|P45745|DHBF_BACSU	34.1	2224	1308	43	1266665	1260129	2	2112	0.0	1113
JANATF010000013.1	sp|P27743|ACVS_AMYLA	29.8	3162	1885	89	1278570	1269418	210	3147	0.0	1095
JANATF010000013.1	sp|P53585|ACLY_CAEEL	54.5	1089	409	14	1205251	1202006	94	1103	0.0	1092
JANATF010000013.1	sp|P39846|PPSB_BACSU	30.1	2542	1561	53	1266638	1259178	13	2394	0.0	1085
JANATF010000013.1	sp|O94609|UBA1_SCHPO	51.1	1092	398	10	297313	294050	52	1011	0.0	1047
JANATF010000014.1	sp|P27323|HS901_ARATH	71.0	662	187	4	919144	917171	40	700	4.18e-281	872
JANATF010000014.1	sp|P51819|HSP83_IPONI	71.1	660	188	3	919144	917171	45	703	2.18e-280	870
JANATF010000014.1	sp|P36181|HSP80_SOLLC	69.4	660	200	2	919144	917171	40	699	6.49e-280	868
JANATF010000014.1	sp|P55737|HS902_ARATH	69.4	660	200	2	919144	917171	40	699	1.64e-279	867
JANATF010000014.1	sp|Q07078|HSP83_ORYSJ	69.4	661	197	3	919144	917171	41	699	1.64e-279	867
JANATF010000014.1	sp|A2YWQ1|HSP81_ORYSI	69.3	661	198	3	919144	917171	41	699	4.13e-279	866
JANATF010000014.1	sp|Q0J4P2|HSP81_ORYSJ	69.3	661	198	3	919144	917171	41	699	4.13e-279	866
JANATF010000014.1	sp|Q69QQ6|HSP82_ORYSJ	69.3	661	198	3	919144	917171	41	699	4.13e-279	866
JANATF010000014.1	sp|P51818|HS903_ARATH	69.1	660	202	2	919144	917171	40	699	1.93e-278	864
JANATF010000014.1	sp|O03986|HS904_ARATH	68.9	660	203	2	919144	917171	40	699	1.68e-277	861
JANATF010000014.1	sp|Q9BLC5|HSP83_BOMMO	69.3	671	191	6	919144	917171	48	716	3.67e-276	858
JANATF010000014.1	sp|P46598|HSP90_CANAL	69.0	667	197	5	919144	917171	42	707	6.85e-274	851
JANATF010000014.1	sp|P41887|HSP90_SCHPO	68.3	666	202	4	919144	917171	40	704	5.33e-273	848
JANATF010000014.1	sp|Q08277|HSP82_MAIZE	68.5	667	200	6	919144	917171	50	715	5.05e-272	846
JANATF010000014.1	sp|P07900|HS90A_HUMAN	67.6	683	193	6	919144	917171	53	732	1.50e-270	843
JANATF010000014.1	sp|Q76LV2|HS90A_BOVIN	67.5	684	193	6	919144	917171	53	733	1.55e-270	843
JANATF010000014.1	sp|Q9GKX7|HS90A_HORSE	67.5	684	193	6	919144	917171	53	733	1.55e-270	843
JANATF010000014.1	sp|O02705|HS90A_PIG	67.5	684	193	6	919144	917171	53	733	2.88e-270	842
JANATF010000014.1	sp|Q4R4P1|HS90A_MACFA	67.5	684	193	6	919144	917171	53	733	3.92e-270	842
JANATF010000014.1	sp|Q76LV1|HS90B_BOVIN	66.9	680	200	6	919144	917171	48	724	9.74e-270	840
JANATF010000014.1	sp|Q9GKX8|HS90B_HORSE	66.8	680	201	6	919144	917171	48	724	1.33e-269	840
JANATF010000014.1	sp|Q4R4T5|HS90B_MACFA	66.8	680	201	6	919144	917171	48	724	1.33e-269	840
JANATF010000014.1	sp|O57521|HS90B_DANRE	67.2	682	197	6	919144	917171	47	725	1.37e-269	840
JANATF010000014.1	sp|P82995|HS90A_RAT	67.3	684	195	6	919144	917171	53	733	2.50e-269	839
JANATF010000014.1	sp|P30946|HS90A_RABIT	66.9	665	190	7	919144	917171	53	694	2.85e-269	837
JANATF010000015.1	sp|F1NTD6|ASCC3_CHICK	60.2	883	341	7	59673	62306	1057	1934	0.0	1093
JANATF010000015.1	sp|E1BNG3|ASCC3_BOVIN	61.0	884	333	8	59673	62306	1048	1925	0.0	1092
JANATF010000015.1	sp|E9PZJ8|ASCC3_MOUSE	60.6	883	338	7	59673	62306	1049	1926	0.0	1087
JANATF010000015.1	sp|Q8N3C0|ASCC3_HUMAN	60.7	884	335	8	59673	62306	1048	1925	0.0	1085
JANATF010000015.1	sp|F1LPQ2|ASCC3_RAT	59.0	883	351	8	59673	62306	1049	1925	0.0	1055
JANATF010000015.1	sp|O60072|MUG81_SCHPO	56.9	871	372	3	59697	62306	865	1733	0.0	1035
JANATF010000015.1	sp|Q10490|SYLC_SCHPO	43.6	1228	539	16	455779	452147	21	1111	2.23e-305	959
JANATF010000015.1	sp|E7F8F4|ASCC3_DANRE	60.2	769	297	6	59784	62075	647	1411	1.71e-303	971
JANATF010000015.1	sp|Q9FNQ1|DEXHE_ARATH	54.6	889	391	7	59673	62318	1078	1960	1.22e-297	976
JANATF010000015.1	sp|Q54G57|ASCC3_DICDI	55.5	877	378	7	59688	62306	1053	1921	1.40e-296	974
JANATF010000015.1	sp|P53327|SLH1_YEAST	54.0	885	393	7	59679	62306	867	1746	7.29e-292	952
JANATF010000015.1	sp|P10857|SYLC_NEUCR	43.0	1227	550	18	455773	452153	27	1123	2.19e-290	917
JANATF010000015.1	sp|P26637|SYLC_YEAST	41.5	1225	559	19	455779	452153	8	1090	1.87e-278	881
JANATF010000015.1	sp|Q8BMJ2|SYLC_MOUSE	42.3	1219	540	18	455791	452159	1	1064	5.21e-272	866
JANATF010000015.1	sp|Q5R614|SYLC_PONAB	41.2	1222	548	19	455791	452159	1	1062	2.26e-271	864
JANATF010000015.1	sp|Q9P2J5|SYLC_HUMAN	41.7	1222	541	19	455791	452159	1	1062	3.07e-271	863
JANATF010000015.1	sp|P11586|C1TC_HUMAN	64.2	670	162	3	308520	306511	344	935	3.27e-259	819
JANATF010000015.1	sp|Q5R8P0|C1TC_PONAB	64.2	670	162	3	308520	306511	344	935	1.52e-258	817
JANATF010000015.1	sp|Q922D8|C1TC_MOUSE	63.1	670	169	3	308520	306511	344	935	2.84e-256	810
JANATF010000015.1	sp|Q09996|SYLC_CAEEL	40.4	1186	537	19	455755	452252	14	1047	6.30e-256	820
JANATF010000015.1	sp|P27653|C1TC_RAT	63.1	670	169	3	308520	306511	344	935	1.32e-255	808
JANATF010000015.1	sp|O75643|U520_HUMAN	46.4	879	466	4	59679	62312	1052	1926	9.19e-251	837
JANATF010000015.1	sp|Q6P4T2|U520_MOUSE	46.4	879	466	4	59679	62312	1052	1926	9.19e-251	837
JANATF010000015.1	sp|Q8WZJ7|C1TC_SCHPO	56.4	760	251	10	334642	336906	174	858	1.06e-249	791
JANATF010000015.1	sp|F1LNJ2|U520_RAT	46.3	882	466	5	59679	62312	1052	1929	6.44e-249	831
JANATF010000016.1	sp|Q9UTJ7|SDHA_SCHPO	63.4	629	156	4	406221	404341	35	591	6.43e-244	761
JANATF010000016.1	sp|O15439|MRP4_HUMAN	38.4	1194	613	13	373427	369900	195	1283	1.01e-233	760
JANATF010000016.1	sp|Q00711|SDHA_YEAST	61.7	616	163	4	406179	404341	45	590	1.63e-226	711
JANATF010000016.1	sp|P47052|SDHX_YEAST	61.8	618	161	5	406182	404341	38	584	8.37e-226	709
JANATF010000016.1	sp|O82663|SDHA1_ARATH	61.2	629	170	6	406215	404341	29	587	1.34e-224	706
JANATF010000016.1	sp|Q6ZDY8|SDHA_ORYSJ	60.5	621	172	5	406194	404341	33	583	1.91e-221	696
JANATF010000016.1	sp|Q94523|SDHA_DROME	59.5	620	179	3	406188	404335	48	597	4.38e-217	685
JANATF010000016.1	sp|Q9ZPX5|SDHA2_ARATH	60.3	617	172	5	406182	404341	39	585	5.41e-217	684
JANATF010000016.1	sp|Q8K2B3|SDHA_MOUSE	58.5	622	185	4	406194	404335	49	599	7.95e-214	676
JANATF010000016.1	sp|Q9YHT1|SDHA_CHICK	57.9	629	192	4	406218	404338	42	599	1.53e-213	675
JANATF010000016.1	sp|Q920L2|SDHA_RAT	57.7	622	190	4	406194	404335	41	591	9.63e-213	672
JANATF010000016.1	sp|Q28ED0|SDHA_XENTR	57.9	622	189	4	406194	404335	52	602	1.32e-212	672
JANATF010000016.1	sp|P31040|SDHA_HUMAN	58.0	622	188	4	406194	404335	49	599	1.73e-212	672
JANATF010000016.1	sp|Q5R616|SDHA_PONAB	58.0	622	188	4	406194	404335	49	599	1.73e-212	672
JANATF010000016.1	sp|Q0QF01|SDHA_PIG	58.0	621	188	4	406194	404338	49	598	2.40e-210	666
JANATF010000016.1	sp|Q6PA58|SDHAA_XENLA	57.4	622	192	4	406194	404335	52	602	3.39e-210	665
JANATF010000016.1	sp|Q8HXW3|SDHA_MACFA	57.6	621	190	4	406194	404338	49	598	4.45e-210	665
JANATF010000016.1	sp|Q801S2|SDHAB_XENLA	57.6	621	190	4	406194	404338	52	601	4.61e-210	665
JANATF010000016.1	sp|Q7ZVF3|SDHA_DANRE	57.7	619	189	4	406188	404338	48	595	7.43e-210	664
JANATF010000016.1	sp|Q9U3X4|SDHA_DICDI	58.6	621	183	8	406191	404338	28	577	1.39e-209	662
JANATF010000016.1	sp|P31039|SDHA_BOVIN	57.3	621	192	4	406194	404338	50	599	1.18e-207	658
JANATF010000016.1	sp|Q0QF17|SDHA_MESAU	58.2	612	183	4	406164	404335	1	541	1.19e-205	647
JANATF010000016.1	sp|Q1RHB9|SDHA_RICBR	55.0	618	206	3	406188	404341	1	548	8.57e-199	630
JANATF010000016.1	sp|Q09508|SDHA_CAEEL	56.4	619	192	5	406182	404341	34	579	2.29e-197	628
JANATF010000016.1	sp|P91660|L259_DROME	33.9	1166	668	15	373427	369963	267	1340	5.51e-197	654
JANATF010000017.1	sp|Q27954|COPA_BOVIN	55.4	637	233	9	481447	483345	165	754	1.32e-209	686
JANATF010000017.1	sp|Q8CIE6|COPA_MOUSE	55.3	637	234	9	481447	483345	165	754	1.80e-209	686
JANATF010000017.1	sp|P53621|COPA_HUMAN	55.3	637	234	9	481447	483345	165	754	2.44e-209	685
JANATF010000017.1	sp|Q9SJT9|COPA2_ARATH	52.5	632	255	4	481453	483342	167	755	8.42e-203	666
JANATF010000017.1	sp|Q94A40|COPA1_ARATH	52.1	632	258	4	481453	483342	167	755	1.41e-200	659
JANATF010000017.1	sp|Q9AUR7|COPA2_ORYSJ	50.1	635	272	4	481447	483345	165	756	3.26e-194	641
JANATF010000017.1	sp|Q0J3D9|COPA3_ORYSJ	50.4	633	269	4	481453	483345	167	756	5.98e-194	640
JANATF010000017.1	sp|Q9AUR8|COPA1_ORYSJ	50.2	633	270	4	481453	483345	167	756	1.10e-193	639
JANATF010000017.1	sp|Q96WV5|COPA_SCHPO	49.8	635	275	4	481447	483342	167	760	2.91e-183	608
JANATF010000017.1	sp|P41410|RAD54_SCHPO	45.5	774	221	8	356372	354120	257	852	1.23e-181	591
JANATF010000017.1	sp|P0CT41|TF212_SCHPO	36.2	907	553	11	12665	15361	373	1261	2.80e-172	580
JANATF010000017.1	sp|P0CT34|TF21_SCHPO	36.2	907	553	11	12665	15361	373	1261	2.80e-172	580
JANATF010000017.1	sp|P0CT35|TF22_SCHPO	36.2	907	553	11	12665	15361	373	1261	2.80e-172	580
JANATF010000017.1	sp|P0CT36|TF23_SCHPO	36.2	907	553	11	12665	15361	373	1261	2.80e-172	580
JANATF010000017.1	sp|P0CT37|TF24_SCHPO	36.2	907	553	11	12665	15361	373	1261	2.80e-172	580
JANATF010000017.1	sp|P0CT38|TF25_SCHPO	36.2	907	553	11	12665	15361	373	1261	2.80e-172	580
JANATF010000017.1	sp|P0CT39|TF26_SCHPO	36.2	907	553	11	12665	15361	373	1261	2.80e-172	580
JANATF010000017.1	sp|P0CT40|TF29_SCHPO	36.2	907	553	11	12665	15361	373	1261	2.80e-172	580
JANATF010000017.1	sp|Q9UR07|TF211_SCHPO	36.1	907	554	11	12665	15361	373	1261	2.30e-171	578
JANATF010000017.1	sp|P0CT42|TF27_SCHPO	36.1	907	554	11	12665	15361	373	1261	2.30e-171	578
JANATF010000017.1	sp|P0CT43|TF28_SCHPO	36.1	907	554	11	12665	15361	373	1261	2.30e-171	578
JANATF010000017.1	sp|O93869|GYS_NEUCR	47.4	683	196	14	292464	294479	152	682	3.42e-162	529
JANATF010000017.1	sp|P53622|COPA_YEAST	45.8	635	297	8	481447	483342	167	757	7.70e-161	543
JANATF010000017.1	sp|Q55FR9|COPA_DICDI	42.9	634	305	10	481447	483342	165	743	6.18e-148	505
JANATF010000017.1	sp|P23337|GYS1_YEAST	47.2	638	192	13	292476	294359	158	660	1.67e-147	486
JANATF010000018.1	sp|Q92442|AGLU_MUCJA	42.5	798	418	15	85873	83570	26	812	1.94e-198	640
JANATF010000018.1	sp|Q653V7|AGLU_ORYSJ	43.9	777	373	16	85849	83594	34	772	8.02e-191	619
JANATF010000018.1	sp|P18696|PUTX_EMENI	53.9	519	232	3	427668	426130	32	549	1.08e-180	575
JANATF010000018.1	sp|Q43763|AGLU_HORVU	42.8	754	369	17	85786	83594	52	766	3.14e-175	573
JANATF010000018.1	sp|P0CT41|TF212_SCHPO	36.2	907	553	11	4192	6888	373	1261	2.51e-172	580
JANATF010000018.1	sp|P0CT34|TF21_SCHPO	36.2	907	553	11	4192	6888	373	1261	2.51e-172	580
JANATF010000018.1	sp|P0CT35|TF22_SCHPO	36.2	907	553	11	4192	6888	373	1261	2.51e-172	580
JANATF010000018.1	sp|P0CT36|TF23_SCHPO	36.2	907	553	11	4192	6888	373	1261	2.51e-172	580
JANATF010000018.1	sp|P0CT37|TF24_SCHPO	36.2	907	553	11	4192	6888	373	1261	2.51e-172	580
JANATF010000018.1	sp|P0CT38|TF25_SCHPO	36.2	907	553	11	4192	6888	373	1261	2.51e-172	580
JANATF010000018.1	sp|P0CT39|TF26_SCHPO	36.2	907	553	11	4192	6888	373	1261	2.51e-172	580
JANATF010000018.1	sp|P0CT40|TF29_SCHPO	36.2	907	553	11	4192	6888	373	1261	2.51e-172	580
JANATF010000018.1	sp|Q9UR07|TF211_SCHPO	36.1	907	554	11	4192	6888	373	1261	2.07e-171	578
JANATF010000018.1	sp|P0CT42|TF27_SCHPO	36.1	907	554	11	4192	6888	373	1261	2.07e-171	578
JANATF010000018.1	sp|P0CT43|TF28_SCHPO	36.1	907	554	11	4192	6888	373	1261	2.07e-171	578
JANATF010000018.1	sp|Q9S7Y7|XYL1_ARATH	39.9	838	450	20	85852	83438	33	849	8.10e-170	559
JANATF010000018.1	sp|O04893|AGLU_SPIOL	39.3	858	424	23	85849	83429	39	850	8.71e-167	550
JANATF010000018.1	sp|O04931|AGLU_BETVU	39.5	790	403	19	85849	83600	44	798	4.57e-165	545
JANATF010000018.1	sp|Q6P7A9|LYAG_RAT	38.7	825	438	20	85924	83528	106	888	1.23e-163	542
JANATF010000018.1	sp|P10253|LYAG_HUMAN	37.6	853	459	23	85924	83438	106	909	6.32e-162	537
JANATF010000018.1	sp|Q9URZ3|PUT4_SCHPO	55.0	500	217	4	427605	426127	54	552	3.00e-161	520
JANATF010000018.1	sp|Q9C0Y4|AGLU_SCHPO	34.5	910	501	20	86032	83546	2	897	4.70e-161	535
JANATF010000018.1	sp|Q5R7A9|LYAG_PONAB	37.4	852	462	22	85924	83438	106	909	1.81e-160	533
JANATF010000018.1	sp|Q9MYM4|LYAG_BOVIN	38.8	799	426	19	85924	83591	94	850	7.35e-160	531
JANATF010000018.1	sp|P70699|LYAG_MOUSE	37.5	838	456	20	85924	83495	106	903	1.16e-159	531
JANATF010000019.1	sp|O13639|SAHH_SCHPO	73.4	463	85	1	114953	113565	9	433	3.32e-215	669
JANATF010000019.1	sp|O76757|SAHH_ANOGA	71.9	463	91	2	114953	113565	9	432	5.68e-208	648
JANATF010000019.1	sp|P51893|SAHHA_XENLA	70.6	463	97	2	114953	113565	10	433	7.20e-205	639
JANATF010000019.1	sp|O93477|SAHHB_XENLA	70.0	463	100	2	114953	113565	10	433	8.54e-204	636
JANATF010000019.1	sp|P10819|SAHH_DICDI	70.8	462	95	3	114950	113565	10	431	4.41e-202	631
JANATF010000019.1	sp|P39954|SAHH_YEAST	68.8	477	97	2	114953	113565	11	449	8.55e-202	631
JANATF010000019.1	sp|Q3MHL4|SAHH_BOVIN	69.5	463	101	3	114953	113565	10	432	2.54e-200	626
JANATF010000019.1	sp|P10760|SAHH_RAT	69.8	463	100	3	114953	113565	10	432	2.54e-200	626
JANATF010000019.1	sp|Q27580|SAHH_DROME	69.5	463	102	2	114953	113565	9	432	8.75e-200	625
JANATF010000019.1	sp|Q4R596|SAHH_MACFA	69.1	463	103	3	114953	113565	10	432	8.75e-200	625
JANATF010000019.1	sp|Q710C4|SAHH_PIG	69.3	463	102	3	114953	113565	10	432	1.19e-199	624
JANATF010000019.1	sp|P50247|SAHH_MOUSE	69.5	463	101	3	114953	113565	10	432	1.62e-199	624
JANATF010000019.1	sp|P23526|SAHH_HUMAN	68.9	463	104	3	114953	113565	10	432	7.61e-199	622
JANATF010000019.1	sp|P83783|SAHH_CANAL	68.6	477	98	3	114953	113565	12	450	7.95e-199	623
JANATF010000019.1	sp|P27604|SAHH_CAEEL	67.3	474	113	3	114977	113565	3	437	3.84e-195	612
JANATF010000019.1	sp|Q12663|SAHH_PNECA	64.2	478	109	6	114941	113565	6	440	1.81e-180	570
JANATF010000019.1	sp|P36889|SAHH_LEIDO	63.0	468	129	3	114950	113565	8	437	3.57e-179	566
JANATF010000019.1	sp|B4SD43|SAHH_PELPB	61.4	500	115	6	114953	113565	13	471	3.23e-174	553
JANATF010000019.1	sp|B3EDY3|SAHH_CHLL2	61.0	500	117	6	114953	113565	13	471	4.40e-174	553
JANATF010000019.1	sp|Q6MNC0|SAHH_BDEBA	62.7	464	125	7	114941	113565	40	460	4.16e-172	546
JANATF010000019.1	sp|Q3B532|SAHH_PELLD	60.2	500	121	6	114953	113565	13	471	1.14e-171	546
JANATF010000019.1	sp|Q3AQC2|SAHH_CHLCH	60.4	500	120	7	114953	113565	13	471	2.88e-171	545
JANATF010000019.1	sp|A1BEZ2|SAHH_CHLPD	59.8	500	123	6	114953	113565	13	471	9.90e-171	543
JANATF010000019.1	sp|Q8KEG8|SAHH_CHLTE	60.2	500	121	6	114953	113565	13	471	1.35e-170	543
JANATF010000019.1	sp|B6J6H1|SAHH_COXB1	61.9	465	136	3	114959	113565	15	438	1.94e-170	541
JANATF010000002.1	sp|O30409|TYCC_BREPA	24.9	6117	3907	106	556605	574385	599	6226	0.0	1469
JANATF010000002.1	sp|Q70LM5|LGRC_BREPA	24.8	6803	4220	149	556611	576155	608	6799	0.0	1422
JANATF010000002.1	sp|Q70LM4|LGRD_BREPA	25.0	5598	3127	106	558015	574406	14	4672	0.0	1361
JANATF010000002.1	sp|P0C064|GRSB_BREBE	35.9	2136	1269	28	556605	562964	1641	3691	0.0	1314
JANATF010000002.1	sp|P0C063|GRSB_ANEMI	35.5	2142	1270	29	556605	562964	1641	3692	0.0	1293
JANATF010000002.1	sp|P27206|SRFAA_BACSU	36.4	2159	1251	28	569814	576200	597	2663	0.0	1289
JANATF010000002.1	sp|P94459|PPSD_BACSU	36.5	2134	1242	36	556614	562964	600	2636	0.0	1229
JANATF010000002.1	sp|Q70LM6|LGRB_BREPA	37.1	1906	1088	31	569793	575411	3176	5003	0.0	1154
JANATF010000002.1	sp|P45745|DHBF_BACSU	37.9	1837	1020	31	576392	581743	607	2376	0.0	1149
JANATF010000002.1	sp|O68006|BACA_BACLI	32.7	2166	1329	35	556623	563045	1216	3278	0.0	1118
JANATF010000002.1	sp|Q4WLN1|ACON_ASPFU	71.0	763	182	3	2745229	2742944	63	787	0.0	1099
JANATF010000002.1	sp|C8VG90|ACON_EMENI	71.5	759	178	2	2745229	2742953	61	781	0.0	1097
JANATF010000002.1	sp|D4AT77|ACON_ARTBC	70.3	760	188	2	2745229	2742950	54	775	0.0	1091
JANATF010000002.1	sp|O13966|ACON_SCHPO	69.9	760	188	4	2745235	2742962	63	783	0.0	1078
JANATF010000002.1	sp|P49609|ACON_GRAGA	68.9	756	197	2	2745232	2742965	56	773	0.0	1060
JANATF010000002.1	sp|Q9ER34|ACON_RAT	68.9	755	198	1	2745229	2742965	58	775	0.0	1054
JANATF010000002.1	sp|Q99KI0|ACON_MOUSE	68.9	755	198	1	2745229	2742965	58	775	0.0	1053
JANATF010000002.1	sp|P16276|ACON_PIG	68.7	755	199	1	2745229	2742965	58	775	0.0	1053
JANATF010000002.1	sp|Q99798|ACON_HUMAN	68.7	755	199	1	2745229	2742965	58	775	0.0	1052
JANATF010000002.1	sp|P20004|ACON_BOVIN	68.3	755	202	1	2745229	2742965	58	775	0.0	1050
JANATF010000002.1	sp|Q54XS2|ACON_DICDI	69.2	757	194	3	2745223	2742956	48	766	0.0	1048
JANATF010000002.1	sp|P19414|ACON_YEAST	68.2	758	203	2	2745229	2742959	54	774	0.0	1048
JANATF010000002.1	sp|P34455|ACON_CAEEL	68.0	757	202	2	2745235	2742965	53	769	0.0	1047
JANATF010000002.1	sp|P82611|ACON_CANAL	66.9	761	214	2	2745235	2742956	53	776	0.0	1046
JANATF010000002.1	sp|P22700|ATC1_DROME	55.6	1037	362	17	3397410	3394333	40	989	0.0	1009
JANATF010000020.1	sp|Q3ZCH0|GRP75_BOVIN	69.7	627	188	2	289729	291603	43	669	1.00e-275	854
JANATF010000020.1	sp|P38646|GRP75_HUMAN	69.5	627	189	2	289729	291603	43	669	1.86e-275	853
JANATF010000020.1	sp|Q5R511|GRP75_PONAB	69.4	627	190	2	289729	291603	43	669	6.40e-275	852
JANATF010000020.1	sp|O35501|GRP75_CRIGR	69.2	627	191	2	289729	291603	43	669	2.20e-274	850
JANATF010000020.1	sp|P38647|GRP75_MOUSE	69.4	627	190	2	289729	291603	43	669	5.55e-274	849
JANATF010000020.1	sp|P48721|GRP75_RAT	69.2	627	191	2	289729	291603	43	669	7.56e-274	848
JANATF010000020.1	sp|Q5ZM98|GRP75_CHICK	69.2	627	192	1	289729	291606	46	672	1.21e-273	848
JANATF010000020.1	sp|P0CS90|HSP77_YEAST	69.0	612	187	1	289732	291558	22	633	1.49e-269	835
JANATF010000020.1	sp|P0CS91|HSP77_YEASX	69.0	612	187	1	289732	291558	22	633	1.55e-269	835
JANATF010000020.1	sp|Q5B0C0|HSP7M_EMENI	68.9	607	185	1	289750	291558	39	645	3.91e-264	820
JANATF010000020.1	sp|P29845|HSP7E_DROME	68.0	613	195	1	289726	291561	42	654	8.07e-264	820
JANATF010000020.1	sp|P11141|HSP6_CAEEL	66.0	638	211	3	289732	291642	23	655	2.17e-260	809
JANATF010000020.1	sp|P22774|HSP7M_SCHPO	65.2	624	213	1	289750	291609	48	671	4.75e-259	806
JANATF010000020.1	sp|P83784|HSP77_CANAL	65.2	620	211	2	289741	291591	26	643	1.05e-255	795
JANATF010000020.1	sp|A6UEY0|DNAK_SINMW	67.9	598	191	1	289762	291555	4	600	2.42e-254	791
JANATF010000020.1	sp|P42374|DNAK_RHIME	67.9	598	191	1	289762	291555	4	600	3.30e-254	790
JANATF010000020.1	sp|P39987|HSP7E_YEAST	64.4	612	215	1	289732	291558	19	630	5.01e-254	790
JANATF010000020.1	sp|B1ZGR1|DNAK_METPB	65.4	622	212	1	289756	291621	2	620	2.66e-253	788
JANATF010000020.1	sp|Q11KJ6|DNAK_CHESB	66.6	605	199	1	289762	291576	4	605	2.07e-252	785
JANATF010000020.1	sp|Q6G554|DNAK_BARHE	67.1	598	194	1	289762	291555	4	598	2.27e-252	785
JANATF010000020.1	sp|A9W6R7|DNAK_METEP	65.7	615	208	1	289756	291600	2	613	5.83e-252	784
JANATF010000020.1	sp|Q2RNE6|DNAK_RHORT	65.7	598	202	1	289762	291555	4	598	5.83e-252	784
JANATF010000020.1	sp|B7KSZ4|DNAK_METC4	65.7	615	208	1	289756	291600	2	613	7.94e-252	783
JANATF010000020.1	sp|A7IC65|DNAK_XANP2	66.6	598	197	2	289762	291555	4	598	1.10e-251	783
JANATF010000020.1	sp|Q98DD1|DNAK_RHILO	66.2	598	199	1	289762	291555	4	598	2.63e-251	782
JANATF010000021.1	sp|Q00234|TYRO_ASPOR	47.6	531	230	12	301341	302846	24	535	1.14e-135	445
JANATF010000021.1	sp|O23482|OPT3_ARATH	38.3	687	403	10	329699	331723	29	706	5.50e-133	445
JANATF010000021.1	sp|Q9FJD2|OPT9_ARATH	35.6	680	414	14	329702	331702	33	701	2.14e-121	411
JANATF010000021.1	sp|O82485|OPT7_ARATH	35.1	678	419	12	329702	331708	64	729	1.23e-119	407
JANATF010000021.1	sp|Q9T095|OPT6_ARATH	35.7	681	416	12	329702	331708	28	698	2.44e-119	405
JANATF010000021.1	sp|O04514|OPT2_ARATH	36.2	679	405	15	329714	331708	33	697	7.82e-119	404
JANATF010000021.1	sp|Q9SUA4|OPT5_ARATH	33.8	701	437	13	329702	331762	41	728	3.66e-115	394
JANATF010000021.1	sp|Q9FG72|OPT1_ARATH	34.6	699	430	15	329702	331756	43	728	3.86e-115	394
JANATF010000021.1	sp|Q9FJD1|OPT8_ARATH	33.4	719	448	14	329702	331828	27	724	1.50e-113	388
JANATF010000021.1	sp|Q9FME8|OPT4_ARATH	33.7	679	421	14	329711	331699	25	690	2.83e-112	384
JANATF010000021.1	sp|D4AS41|A7056_ARTBC	36.8	574	330	10	315953	314295	26	587	2.12e-105	359
JANATF010000021.1	sp|O14031|PGT1_SCHPO	33.4	680	423	11	329711	331702	144	809	1.86e-104	365
JANATF010000021.1	sp|P40900|ISP4_SCHPO	31.4	713	457	13	329702	331819	79	766	7.44e-99	347
JANATF010000021.1	sp|A2RNZ6|LYSP_LACLM	38.6	502	267	9	53650	52175	33	503	2.48e-92	318
JANATF010000021.1	sp|D4B1Z7|A2478_ARTBC	33.5	550	342	8	315950	314322	28	560	1.77e-91	318
JANATF010000021.1	sp|A2RI97|HISP_LACLM	37.1	498	284	8	53662	52175	3	473	3.28e-86	300
JANATF010000021.1	sp|P25737|LYSP_ECOLI	38.4	419	253	3	53653	52403	12	427	4.00e-85	297
JANATF010000021.1	sp|D4D448|EASE_TRIVH	35.1	573	330	15	315956	314307	27	580	1.34e-83	296
JANATF010000021.1	sp|W6R4D7|IFGC_PENRF	34.2	593	342	16	315962	314286	25	603	4.72e-83	296
JANATF010000021.1	sp|P40897|OPT1_YEAST	28.5	684	461	15	329696	331711	92	759	2.48e-81	296
JANATF010000021.1	sp|A1CFM2|PATO_ASPCL	33.9	566	334	13	311354	309696	29	567	1.57e-80	286
JANATF010000021.1	sp|E1ACP9|NOTD_ASPSM	33.7	576	339	16	311354	309699	31	587	1.62e-80	288
JANATF010000021.1	sp|A0A0E0RTV6|ZEB1_GIBZE	33.8	592	318	13	311414	309714	11	553	4.39e-80	285
JANATF010000021.1	sp|P04323|POL3_DROME	39.9	401	230	5	137244	138428	222	617	1.31e-79	296
JANATF010000021.1	sp|G2QDQ9|VAO15_MYCTT	33.3	589	350	13	311414	309696	9	570	2.92e-78	280
JANATF010000022.1	sp|P13228|TRP_NEUCR	66.5	394	132	0	235593	234412	313	706	4.19e-176	568
JANATF010000022.1	sp|A8NEP3|TRP_COPC7	66.3	404	134	1	235617	234412	293	696	5.88e-173	559
JANATF010000022.1	sp|P16578|TRP_COPCI	65.8	404	136	1	235617	234412	294	697	9.66e-172	555
JANATF010000022.1	sp|O13831|TRP_SCHPO	65.7	405	139	0	235626	234412	291	695	3.46e-171	553
JANATF010000022.1	sp|P00931|TRP_YEAST	65.2	399	138	1	235593	234400	305	703	1.41e-167	543
JANATF010000022.1	sp|Q8R9M9|TRPB_CALS4	64.8	384	134	1	235593	234445	4	387	3.97e-164	520
JANATF010000022.1	sp|O66923|TRPB1_AQUAE	64.3	387	137	1	235590	234433	11	397	1.12e-160	510
JANATF010000022.1	sp|B0K8T6|TRPB_THEP3	62.8	384	142	1	235593	234445	4	387	5.00e-159	505
JANATF010000022.1	sp|B2V8W5|TRPB_SULSY	63.4	385	140	1	235590	234439	12	396	3.93e-158	504
JANATF010000022.1	sp|B4RCL0|TRPB_PHEZH	64.3	387	137	1	235602	234445	16	402	5.47e-158	503
JANATF010000022.1	sp|B0K2T9|TRPB_THEPX	62.5	384	143	1	235593	234445	4	387	1.10e-157	501
JANATF010000022.1	sp|Q1H0M1|TRPB_METFK	62.6	382	141	2	235593	234454	12	393	7.11e-157	499
JANATF010000022.1	sp|B9JG43|TRPB_AGRRK	61.9	386	146	1	235599	234445	17	402	8.21e-157	499
JANATF010000022.1	sp|Q604P3|TRPB_METCA	63.3	381	139	1	235593	234454	18	398	1.01e-155	496
JANATF010000022.1	sp|Q8XXY0|TRPB_RALSO	61.9	396	143	2	235635	234451	9	397	1.74e-155	496
JANATF010000022.1	sp|Q6FEF1|TRPB_ACIAD	61.7	397	144	2	235638	234451	5	394	5.98e-155	494
JANATF010000022.1	sp|P16706|TRPB_ACICA	61.7	397	144	2	235638	234451	5	394	5.98e-155	494
JANATF010000022.1	sp|B7J4S9|TRPB_ACIF2	61.7	381	145	1	235593	234454	12	392	1.31e-154	493
JANATF010000022.1	sp|B5EK18|TRPB_ACIF5	61.7	381	145	1	235593	234454	12	392	1.31e-154	493
JANATF010000022.1	sp|A2SHS4|TRPB_METPP	61.9	381	144	1	235593	234454	12	392	2.08e-154	493
JANATF010000022.1	sp|O05625|TRPB_STRCO	61.5	395	151	1	235632	234451	7	401	2.61e-154	493
JANATF010000022.1	sp|B0REU1|TRPB_CLAMS	62.4	383	143	1	235596	234451	10	392	2.91e-154	492
JANATF010000022.1	sp|B1XY48|TRPB_LEPCP	60.0	408	145	4	235674	234454	2	392	5.01e-154	493
JANATF010000022.1	sp|Q7VE26|TRPB_PROMA	62.3	390	142	2	235593	234439	25	414	8.27e-154	491
JANATF010000022.1	sp|A5IBF7|TRPB_LEGPC	61.2	381	147	1	235593	234454	12	392	8.36e-154	491
JANATF010000023.1	sp|Q70LM4|LGRD_BREPA	33.0	2701	1577	52	23175	31094	2548	5077	0.0	1210
JANATF010000023.1	sp|P0C064|GRSB_BREBE	32.7	2312	1303	40	6062	12811	2176	4295	0.0	1110
JANATF010000023.1	sp|P0C063|GRSB_ANEMI	32.5	2339	1272	43	6062	12811	2176	4296	0.0	1107
JANATF010000023.1	sp|Q70LM5|LGRC_BREPA	34.0	2244	1296	41	23193	29777	5159	7270	0.0	1091
JANATF010000023.1	sp|O30409|TYCC_BREPA	33.1	2165	1215	29	6116	12499	1152	3124	0.0	1079
JANATF010000023.1	sp|P45745|DHBF_BACSU	31.4	2478	1422	50	6032	13189	83	2373	0.0	1066
JANATF010000023.1	sp|O68007|BACB_BACLI	32.2	2152	1215	36	6116	12433	172	2126	3.50e-316	1042
JANATF010000023.1	sp|Q4P9K9|CHS8_USTMA	58.5	852	335	8	62098	64635	923	1761	9.24e-308	998
JANATF010000023.1	sp|P27206|SRFAA_BACSU	33.1	2140	1202	40	6119	12430	1159	3104	3.29e-307	1038
JANATF010000023.1	sp|P94459|PPSD_BACSU	32.7	2133	1232	32	6116	12433	1145	3101	5.74e-304	1028
JANATF010000023.1	sp|Q70LM6|LGRB_BREPA	33.6	2277	1345	46	23085	29798	2522	4679	5.68e-303	1042
JANATF010000023.1	sp|O30408|TYCB_BREPA	32.7	2147	1213	35	6116	12445	1159	3111	1.99e-302	1023
JANATF010000023.1	sp|J9VNT4|CHS5_CRYNH	59.2	850	326	10	62107	64626	908	1746	5.92e-298	967
JANATF010000023.1	sp|O13395|CHS6_USTMA	53.1	906	384	15	62095	64758	65	947	1.39e-287	909
JANATF010000023.1	sp|Q04747|SRFAB_BACSU	31.1	2150	1234	38	6116	12430	1154	3100	8.14e-277	944
JANATF010000023.1	sp|P39847|PPSC_BACSU	30.9	2199	1283	44	6035	12499	87	2093	1.62e-272	910
JANATF010000023.1	sp|J9VF17|CHS4_CRYNH	51.7	859	380	12	62101	64626	160	1000	5.91e-268	856
JANATF010000023.1	sp|O68008|BACC_BACLI	30.9	2192	1302	43	6032	12484	2620	4622	1.05e-262	912
JANATF010000023.1	sp|P30594|CHS1_RHIOL	54.6	756	322	6	105289	107535	117	858	3.69e-259	813
JANATF010000023.1	sp|O68006|BACA_BACLI	28.4	2416	1454	50	22755	29783	1521	3731	1.96e-258	897
JANATF010000023.1	sp|P87073|CHS1_PHYB8	55.3	756	307	9	105301	107535	106	841	3.90e-255	801
JANATF010000023.1	sp|P30595|CHS2_RHIOL	55.0	758	306	8	105301	107535	123	858	4.45e-254	799
JANATF010000023.1	sp|P30599|CHS2_USTMA	55.5	759	313	12	105289	107535	330	1073	1.08e-250	798
JANATF010000023.1	sp|P39846|PPSB_BACSU	29.4	2148	1286	41	6119	12442	119	2076	1.62e-250	845
JANATF010000023.1	sp|Q12632|CHS1_MUCCL	54.6	755	309	10	105307	107520	109	846	3.71e-250	787
JANATF010000024.1	sp|P0C064|GRSB_BREBE	35.5	3099	1756	45	53421	62651	1159	4037	0.0	1774
JANATF010000024.1	sp|P0C063|GRSB_ANEMI	35.5	3101	1756	47	53421	62651	1159	4038	0.0	1759
JANATF010000024.1	sp|Q70LM5|LGRC_BREPA	33.9	3587	1705	68	53349	62645	1153	4562	0.0	1712
JANATF010000024.1	sp|Q70LM4|LGRD_BREPA	32.3	3599	1740	62	53349	62648	1136	4546	0.0	1669
JANATF010000024.1	sp|O30409|TYCC_BREPA	34.8	3121	1768	51	53367	62636	99	2983	0.0	1647
JANATF010000024.1	sp|P27206|SRFAA_BACSU	33.9	3145	1770	65	53349	62621	83	2978	0.0	1560
JANATF010000024.1	sp|Q04747|SRFAB_BACSU	33.2	3132	1805	57	53346	62621	89	2974	0.0	1559
JANATF010000024.1	sp|O68008|BACC_BACLI	30.2	3538	1809	57	53397	62618	1141	4479	0.0	1490
JANATF010000024.1	sp|O30408|TYCB_BREPA	30.3	3263	1906	58	17499	7975	9	2992	0.0	1290
JANATF010000024.1	sp|Q70LM6|LGRB_BREPA	33.9	2569	1450	53	53349	60929	2664	5029	0.0	1276
JANATF010000024.1	sp|P94459|PPSD_BACSU	29.6	3262	1897	67	17502	8011	6	2975	0.0	1246
JANATF010000024.1	sp|O68007|BACB_BACLI	32.5	2499	1453	39	53421	60851	173	2458	0.0	1243
JANATF010000024.1	sp|O68006|BACA_BACLI	31.7	2518	1454	46	53403	60851	1772	4058	0.0	1181
JANATF010000024.1	sp|P39847|PPSC_BACSU	33.2	2321	1324	44	46379	53206	7	2146	0.0	1129
JANATF010000024.1	sp|P27743|ACVS_AMYLA	31.1	2929	1705	68	54111	62621	140	2846	0.0	1105
JANATF010000024.1	sp|P27742|ACVS_EMENI	29.8	3000	1790	85	53976	62630	152	2951	9.34e-318	1074
JANATF010000024.1	sp|P25464|ACVS_ACRCH	30.2	2871	1731	77	54240	62576	182	2872	3.63e-317	1071
JANATF010000024.1	sp|P19787|ACVS1_PENCH	29.8	2930	1728	74	54240	62651	213	2939	5.88e-314	1061
JANATF010000024.1	sp|P26046|ACVS2_PENCH	29.7	2932	1729	74	54240	62651	243	2971	4.51e-313	1060
JANATF010000024.1	sp|P39846|PPSB_BACSU	31.4	2327	1382	47	46373	53233	5	2156	5.60e-312	1028
JANATF010000024.1	sp|P45745|DHBF_BACSU	33.2	2137	1208	43	56406	62633	2	1980	1.71e-309	1015
JANATF010000024.1	sp|P39845|PPSA_BACSU	31.2	2233	1318	41	53397	59993	100	2148	5.45e-292	969
JANATF010000024.1	sp|Q9R9J0|MYCB_BACIU	30.9	2387	1400	52	46286	53239	2796	5001	2.19e-288	995
JANATF010000024.1	sp|Q70LM7|LGRA_BREPA	32.8	1902	1069	35	47567	53200	150	1865	2.31e-275	911
JANATF010000024.1	sp|A0A348AXX4|NRPS_CURCL	30.5	2264	1401	49	55995	62672	8817	10947	1.26e-257	896
JANATF010000025.1	sp|P0CT41|TF212_SCHPO	36.2	907	553	11	6118	3422	373	1261	7.26e-173	580
JANATF010000025.1	sp|P0CT34|TF21_SCHPO	36.2	907	553	11	6118	3422	373	1261	7.26e-173	580
JANATF010000025.1	sp|P0CT35|TF22_SCHPO	36.2	907	553	11	6118	3422	373	1261	7.26e-173	580
JANATF010000025.1	sp|P0CT36|TF23_SCHPO	36.2	907	553	11	6118	3422	373	1261	7.26e-173	580
JANATF010000025.1	sp|P0CT37|TF24_SCHPO	36.2	907	553	11	6118	3422	373	1261	7.26e-173	580
JANATF010000025.1	sp|P0CT38|TF25_SCHPO	36.2	907	553	11	6118	3422	373	1261	7.26e-173	580
JANATF010000025.1	sp|P0CT39|TF26_SCHPO	36.2	907	553	11	6118	3422	373	1261	7.26e-173	580
JANATF010000025.1	sp|P0CT40|TF29_SCHPO	36.2	907	553	11	6118	3422	373	1261	7.26e-173	580
JANATF010000025.1	sp|Q9UR07|TF211_SCHPO	36.1	907	554	11	6118	3422	373	1261	5.98e-172	578
JANATF010000025.1	sp|P0CT42|TF27_SCHPO	36.1	907	554	11	6118	3422	373	1261	5.98e-172	578
JANATF010000025.1	sp|P0CT43|TF28_SCHPO	36.1	907	554	11	6118	3422	373	1261	5.98e-172	578
JANATF010000025.1	sp|Q12649|HMDH_PHYB8	71.0	400	116	0	117030	115831	739	1138	4.96e-171	570
JANATF010000025.1	sp|Q7LHG5|YI31B_YEAST	36.7	848	505	11	17684	20179	637	1468	1.72e-149	516
JANATF010000025.1	sp|Q99315|YG31B_YEAST	36.2	862	518	11	17684	20221	611	1456	1.40e-148	514
JANATF010000025.1	sp|Q10283|HMDH_SCHPO	62.6	401	145	3	117024	115831	612	1010	1.33e-143	486
JANATF010000025.1	sp|A7Z064|HMDH_BOVIN	59.5	398	158	3	117018	115831	462	858	1.92e-137	462
JANATF010000025.1	sp|P34136|HMDH2_DICDI	55.6	437	153	4	117018	115831	55	491	2.05e-137	448
JANATF010000025.1	sp|P0CT44|HMDH_GIBFU	60.8	403	149	4	117018	115831	516	916	3.20e-137	464
JANATF010000025.1	sp|P00347|HMDH_CRIGR	60.1	401	151	4	117018	115831	461	857	4.65e-137	461
JANATF010000025.1	sp|Q01237|HMDH_MOUSE	60.1	401	151	4	117018	115831	461	857	6.30e-137	461
JANATF010000025.1	sp|P09610|HMDH_MESAU	59.6	401	153	4	117018	115831	461	857	1.16e-136	460
JANATF010000025.1	sp|P04035|HMDH_HUMAN	59.3	398	159	3	117018	115831	462	858	5.44e-136	458
JANATF010000025.1	sp|S0DQM8|HMDH_GIBF5	61.0	403	148	4	117018	115831	726	1126	1.01e-135	466
JANATF010000025.1	sp|Q1W675|HMDH_PIG	59.3	398	157	4	117018	115831	461	855	2.29e-135	456
JANATF010000025.1	sp|P51639|HMDH_RAT	59.3	398	159	3	117018	115831	461	857	2.42e-135	456
JANATF010000026.1	sp|P22189|ATC3_SCHPO	40.5	973	472	13	34762	32012	77	998	3.79e-200	650
JANATF010000026.1	sp|Q01896|ATN2_YEAST	40.2	1015	465	21	34762	32006	84	1052	5.33e-187	613
JANATF010000026.1	sp|Q12691|ATN5_YEAST	40.2	1015	465	21	34762	32006	84	1052	5.33e-187	613
JANATF010000026.1	sp|P13587|ATN1_YEAST	40.1	1017	467	21	34768	32006	82	1052	1.80e-186	612
JANATF010000026.1	sp|O34431|ATCL_BACSU	34.2	917	493	22	34744	32015	76	889	1.00e-125	428
JANATF010000026.1	sp|P37278|ATCL_SYNE7	33.3	917	517	20	34744	32015	96	924	4.04e-121	416
JANATF010000026.1	sp|Q9CFU9|LLCA1_LACLA	36.2	773	380	18	34744	32465	75	747	9.31e-114	392
JANATF010000026.1	sp|P37367|ATA1_SYNY3	33.1	764	427	16	34726	32453	90	775	7.09e-103	361
JANATF010000026.1	sp|P63688|CTPF_MYCBO	30.9	878	508	19	34747	32123	83	864	7.08e-100	352
JANATF010000026.1	sp|P9WPS8|CTPF_MYCTO	30.9	878	508	19	34747	32123	83	864	7.08e-100	352
JANATF010000026.1	sp|P9WPS9|CTPF_MYCTU	30.9	878	508	19	34747	32123	83	864	7.08e-100	352
JANATF010000026.1	sp|O43108|ATC1_YARLI	31.3	903	503	28	34723	32051	109	906	5.54e-95	338
JANATF010000026.1	sp|P13586|ATC1_YEAST	31.5	779	427	21	34729	32453	121	812	8.85e-91	327
JANATF010000026.1	sp|Q80XR2|AT2C1_MOUSE	30.5	786	445	16	34765	32429	92	783	3.80e-90	324
JANATF010000026.1	sp|O23087|ECA2_ARATH	30.1	1021	530	35	34747	32018	94	1041	5.75e-90	327
JANATF010000026.1	sp|Q9SY55|ECA3_ARATH	30.0	969	537	31	34741	32018	87	975	9.53e-90	325
JANATF010000026.1	sp|Q42883|ECAP_SOLLC	30.2	851	465	21	34747	32393	93	880	1.26e-89	325
JANATF010000026.1	sp|P57709|AT2C1_BOVIN	31.1	775	442	16	34744	32429	133	818	2.46e-89	322
JANATF010000026.1	sp|Q64566|AT2C1_RAT	31.0	777	442	17	34747	32429	98	784	7.63e-89	320
JANATF010000026.1	sp|P98194|AT2C1_HUMAN	30.6	780	439	17	34744	32429	99	784	1.86e-88	319
JANATF010000026.1	sp|Q5R5K5|AT2C1_PONAB	30.7	776	443	16	34744	32429	99	783	2.46e-88	318
JANATF010000026.1	sp|O59868|ATC1_SCHPO	31.4	784	440	16	34723	32393	87	779	4.14e-88	317
JANATF010000026.1	sp|Q9XES1|ECA4_ARATH	30.7	837	460	22	34741	32393	113	883	4.16e-87	318
JANATF010000026.1	sp|P92939|ECA1_ARATH	30.5	838	460	22	34741	32393	113	883	5.57e-87	318
JANATF010000026.1	sp|P54209|ATC1_DUNBI	28.8	972	546	28	34735	32015	112	1002	1.64e-86	316
JANATF010000027.1	sp|A0A2H5RJD4|CRN1_RHIID	29.1	509	273	13	36410	37909	3	432	7.48e-44	174
JANATF010000027.1	sp|P34726|RAS2_PHYPO	45.5	167	88	1	72875	73375	6	169	2.63e-37	146
JANATF010000027.1	sp|P34729|RAS1_PHYPO	42.6	169	97	0	72875	73381	4	172	2.02e-36	144
JANATF010000027.1	sp|Q7ZV90|PIF1_DANRE	32.0	400	241	11	88552	87389	219	599	5.74e-36	154
JANATF010000027.1	sp|P15064|RASG_DICDI	44.9	167	89	1	72875	73375	4	167	1.29e-35	141
JANATF010000027.1	sp|Q01387|RAS2_NEUCR	40.3	191	95	1	72860	73375	4	194	1.70e-35	142
JANATF010000027.1	sp|P32252|RASB_DICDI	40.7	167	99	0	72875	73375	7	173	1.95e-34	138
JANATF010000027.1	sp|P01120|RAS2_YEAST	46.3	162	87	0	72875	73360	11	172	2.83e-34	142
JANATF010000027.1	sp|C4YKT4|RAS1_CANAW	47.1	157	83	0	72866	73336	2	158	2.98e-34	141
JANATF010000027.1	sp|Q59XU5|RAS1_CANAL	47.1	157	83	0	72866	73336	2	158	3.14e-34	141
JANATF010000027.1	sp|P0CY32|RAS1_CANAX	47.1	157	83	0	72866	73336	2	158	3.14e-34	141
JANATF010000027.1	sp|Q0R4F1|PIF1_XENLA	32.6	405	232	11	88552	87389	220	600	1.32e-33	147
JANATF010000027.1	sp|P01119|RAS1_YEAST	42.1	171	99	0	72848	73360	2	172	2.35e-33	139
JANATF010000027.1	sp|P23175|RASH_MSVNS	41.7	175	98	2	72875	73399	4	174	1.58e-32	132
JANATF010000027.1	sp|P01112|RASH_HUMAN	41.7	175	98	2	72875	73399	4	174	3.99e-32	131
JANATF010000027.1	sp|Q61411|RASH_MOUSE	41.7	175	98	2	72875	73399	4	174	3.99e-32	131
JANATF010000027.1	sp|P20171|RASH_RAT	41.7	175	98	2	72875	73399	4	174	3.99e-32	131
JANATF010000027.1	sp|P08642|RASH_CHICK	41.7	175	98	2	72875	73399	4	174	5.44e-32	131
JANATF010000027.1	sp|P01113|RASH_MSVMO	41.1	175	99	2	72875	73399	4	174	5.44e-32	131
JANATF010000027.1	sp|Q9H611|PIF1_HUMAN	31.3	403	234	14	88552	87398	219	596	5.82e-32	142
JANATF010000027.1	sp|P01115|RASH_MSVHA	41.7	175	98	2	72875	73399	56	226	1.79e-31	131
JANATF010000027.1	sp|P08556|RASN_MOUSE	41.9	186	102	3	72875	73426	4	185	1.87e-31	129
JANATF010000027.1	sp|P05774|RAS_CARAU	43.6	165	89	2	72875	73369	4	164	2.90e-31	129
JANATF010000027.1	sp|P22279|RAS2_MUCCL	37.8	172	107	0	72863	73378	8	179	3.33e-31	129
JANATF010000027.1	sp|B3M185|RAS1_DROAN	41.7	168	94	2	72875	73378	4	167	3.47e-31	129
JANATF010000028.1	sp|Q99315|YG31B_YEAST	35.0	859	528	10	59736	57211	611	1456	1.39e-133	468
JANATF010000028.1	sp|Q7LHG5|YI31B_YEAST	35.4	841	513	10	59736	57265	637	1464	1.18e-132	464
JANATF010000028.1	sp|P0CT41|TF212_SCHPO	30.5	901	586	15	59883	57244	377	1258	1.28e-122	431
JANATF010000028.1	sp|P0CT34|TF21_SCHPO	30.5	901	586	15	59883	57244	377	1258	1.28e-122	431
JANATF010000028.1	sp|P0CT35|TF22_SCHPO	30.5	901	586	15	59883	57244	377	1258	1.28e-122	431
JANATF010000028.1	sp|P0CT36|TF23_SCHPO	30.5	901	586	15	59883	57244	377	1258	1.28e-122	431
JANATF010000028.1	sp|P0CT37|TF24_SCHPO	30.5	901	586	15	59883	57244	377	1258	1.28e-122	431
JANATF010000028.1	sp|P0CT38|TF25_SCHPO	30.5	901	586	15	59883	57244	377	1258	1.28e-122	431
JANATF010000028.1	sp|P0CT39|TF26_SCHPO	30.5	901	586	15	59883	57244	377	1258	1.28e-122	431
JANATF010000028.1	sp|P0CT40|TF29_SCHPO	30.5	901	586	15	59883	57244	377	1258	1.28e-122	431
JANATF010000028.1	sp|Q9UR07|TF211_SCHPO	30.4	901	587	15	59883	57244	377	1258	3.28e-121	426
JANATF010000028.1	sp|P0CT42|TF27_SCHPO	30.4	901	587	15	59883	57244	377	1258	3.28e-121	426
JANATF010000028.1	sp|P0CT43|TF28_SCHPO	30.4	901	587	15	59883	57244	377	1258	3.28e-121	426
JANATF010000028.1	sp|P04323|POL3_DROME	40.8	407	230	5	59736	58534	222	623	4.47e-82	302
JANATF010000028.1	sp|P20825|POL2_DROME	39.1	407	237	4	59736	58534	221	622	7.08e-76	283
JANATF010000028.1	sp|Q8I7P9|POL5_DROME	36.3	438	254	5	59736	58474	138	567	1.19e-70	266
JANATF010000028.1	sp|P03555|POL_CAMVC	32.8	436	275	10	59799	58534	241	672	9.03e-53	206
JANATF010000028.1	sp|Q02964|POL_CAMVE	32.8	436	275	10	59799	58534	241	672	9.03e-53	206
JANATF010000028.1	sp|P03554|POL_CAMVS	32.6	436	276	10	59799	58534	241	672	2.94e-52	204
JANATF010000028.1	sp|P03556|POL_CAMVD	32.3	436	277	10	59799	58534	236	667	1.59e-51	202
JANATF010000028.1	sp|Q00962|POL_CAMVN	32.1	436	278	10	59799	58534	242	673	2.36e-51	202
JANATF010000028.1	sp|P05400|POL_CERV	31.7	417	270	7	59754	58540	237	650	1.77e-50	199
JANATF010000028.1	sp|P09523|POL_FMVD	30.7	407	272	4	59727	58534	257	662	1.56e-49	196
JANATF010000028.1	sp|P10394|POL4_DROME	30.4	444	295	7	85604	84285	307	740	2.41e-48	198
JANATF010000028.1	sp|Q89703|POL_CSVMV	27.1	446	302	10	59808	58534	194	637	8.02e-39	163
JANATF010000003.1	sp|O93927|FKS1_CRYNH	62.9	1052	374	6	2788828	2791965	135	1176	0.0	1349
JANATF010000003.1	sp|A2QLK4|FKS1_ASPNC	57.6	1175	435	18	2788540	2791965	93	1237	0.0	1292
JANATF010000003.1	sp|P40989|FKS2_YEAST	57.8	1079	409	9	2788825	2791965	164	1228	0.0	1238
JANATF010000003.1	sp|P38631|FKS1_YEAST	56.5	1094	441	8	2788765	2791965	124	1209	0.0	1223
JANATF010000003.1	sp|O74475|BGS4_SCHPO	55.0	1170	452	15	2788627	2791965	118	1269	0.0	1217
JANATF010000003.1	sp|Q14562|DHX8_HUMAN	66.4	891	289	6	1827968	1830616	260	1148	0.0	1188
JANATF010000003.1	sp|A2A4P0|DHX8_MOUSE	66.4	891	289	6	1827968	1830616	284	1172	0.0	1188
JANATF010000003.1	sp|Q70LM5|LGRC_BREPA	39.9	1908	1066	31	1011844	1017468	599	2452	0.0	1185
JANATF010000003.1	sp|Q54F05|DHX8_DICDI	64.7	900	306	4	1827953	1830616	192	1091	0.0	1171
JANATF010000003.1	sp|A1Z9L3|DHX8_DROME	65.6	909	298	7	1827923	1830616	265	1169	0.0	1170
JANATF010000003.1	sp|Q38953|DEAH5_ARATH	64.9	891	300	7	1827974	1830616	211	1098	0.0	1159
JANATF010000003.1	sp|O13967|BGS2_SCHPO	52.5	1137	482	15	2788648	2791965	136	1245	0.0	1120
JANATF010000003.1	sp|Q70LM6|LGRB_BREPA	36.9	1911	1101	33	1011820	1017468	3170	5003	0.0	1108
JANATF010000003.1	sp|Q10287|BGS1_SCHPO	51.1	1112	492	12	2788663	2791965	17	1087	0.0	1073
JANATF010000003.1	sp|Q09530|MOG5_CAEEL	61.0	915	326	12	1827926	1830616	222	1123	0.0	1068
JANATF010000003.1	sp|Q04952|FKS3_YEAST	51.6	1109	471	12	2788834	2791965	15	1122	0.0	1058
JANATF010000003.1	sp|O42643|PRP22_SCHPO	60.8	901	340	8	1827950	1830616	196	1095	0.0	1049
JANATF010000003.1	sp|Q1K9C2|MET5_SCHPO	45.5	1251	598	19	2280438	2276761	267	1458	0.0	1024
JANATF010000003.1	sp|P53675|CLH2_HUMAN	38.9	1719	812	21	2719097	2714007	15	1516	1.84e-317	1017
JANATF010000003.1	sp|P29742|CLH_DROME	38.9	1720	811	25	2719097	2714007	15	1517	5.76e-317	1017
JANATF010000003.1	sp|Q9P377|BGS3_SCHPO	49.6	1058	495	11	2788834	2791965	146	1179	8.80e-314	1013
JANATF010000003.1	sp|P39986|SPF1_YEAST	53.6	979	417	14	3008977	3006116	239	1205	3.09e-308	974
JANATF010000003.1	sp|O14072|ATC4_SCHPO	53.2	978	427	12	3008977	3006113	239	1208	1.47e-302	957
JANATF010000003.1	sp|P34574|CLH_CAEEL	38.0	1719	831	25	2719097	2714007	13	1518	1.96e-301	972
JANATF010000003.1	sp|P59769|BIP_ASPAW	75.1	623	151	1	538530	540398	54	672	8.87e-298	920
JANATF010000004.1	sp|P78615|FAS2_EMEND	60.4	1394	520	12	2214676	2218842	488	1854	0.0	1637
JANATF010000004.1	sp|P15368|FAS2_PENPA	61.1	1372	503	12	2214676	2218773	484	1830	0.0	1631
JANATF010000004.1	sp|Q10289|FAS2_SCHPO	61.4	1372	484	12	2214667	2218773	486	1815	0.0	1623
JANATF010000004.1	sp|Q765N2|FAS2_LACKL	57.8	1412	552	14	2214676	2218842	494	1884	0.0	1560
JANATF010000004.1	sp|P19097|FAS2_YEAST	57.1	1413	559	14	2214676	2218842	493	1882	0.0	1552
JANATF010000004.1	sp|P43098|FAS2_CANAX	58.5	1394	520	15	2214688	2218779	496	1860	0.0	1549
JANATF010000004.1	sp|G8BAW7|FAS2_CANPC	58.5	1390	522	16	2214688	2218773	495	1857	0.0	1538
JANATF010000004.1	sp|Q5AV00|ATNF_EMENI	53.4	1129	487	14	2214997	2218317	525	1636	0.0	1123
JANATF010000004.1	sp|Q92620|PRP16_HUMAN	62.4	896	289	6	2418691	2421369	312	1162	0.0	1101
JANATF010000004.1	sp|Q17R09|PRP16_BOVIN	61.1	922	310	7	2418613	2421369	287	1162	0.0	1100
JANATF010000004.1	sp|F4K2E9|PRP16_ARATH	58.5	914	326	6	2418718	2421414	333	1208	0.0	1058
JANATF010000004.1	sp|Q4WLN1|ACON_ASPFU	72.7	697	182	3	415724	417811	98	787	0.0	1036
JANATF010000004.1	sp|Q9P774|PRP16_SCHPO	58.8	908	322	8	2418631	2421345	255	1113	0.0	1033
JANATF010000004.1	sp|C8VG90|ACON_EMENI	72.6	693	183	2	415724	417802	96	781	0.0	1030
JANATF010000004.1	sp|D4AT77|ACON_ARTBC	71.9	694	188	2	415724	417805	89	775	0.0	1028
JANATF010000004.1	sp|P49609|ACON_GRAGA	72.9	672	182	0	415775	417790	102	773	0.0	1017
JANATF010000004.1	sp|P34498|MOG1_CAEEL	57.3	906	332	9	2418670	2421363	212	1070	0.0	1016
JANATF010000004.1	sp|P34455|ACON_CAEEL	73.2	672	177	1	415775	417790	101	769	0.0	1014
JANATF010000004.1	sp|Q54XS2|ACON_DICDI	73.4	676	179	1	415775	417799	91	766	0.0	1013
JANATF010000004.1	sp|O13966|ACON_SCHPO	71.5	692	187	4	415724	417793	100	783	0.0	1011
JANATF010000004.1	sp|P20004|ACON_BOVIN	72.8	672	183	0	415775	417790	104	775	0.0	1004
JANATF010000004.1	sp|P16276|ACON_PIG	72.8	672	183	0	415775	417790	104	775	0.0	1003
JANATF010000004.1	sp|Q99798|ACON_HUMAN	72.8	672	183	0	415775	417790	104	775	0.0	1001
JANATF010000004.1	sp|P82611|ACON_CANAL	69.4	693	205	2	415724	417799	90	776	0.0	991
JANATF010000004.1	sp|P19414|ACON_YEAST	69.7	692	203	2	415724	417796	89	774	0.0	989
JANATF010000005.1	sp|Q9JHU4|DYHC1_MOUSE	60.3	2228	816	16	2784068	2790685	2157	4338	0.0	2677
JANATF010000005.1	sp|Q14204|DYHC1_HUMAN	60.3	2228	817	16	2784068	2790685	2159	4340	0.0	2677
JANATF010000005.1	sp|P38650|DYHC1_RAT	60.2	2221	829	13	2784068	2790685	2157	4338	0.0	2674
JANATF010000005.1	sp|P37276|DYHC_DROME	58.8	2224	858	11	2784068	2790685	2145	4328	0.0	2618
JANATF010000005.1	sp|P78716|DYHC_FUSVN	60.3	2200	814	13	2784080	2790673	2184	4325	0.0	2538
JANATF010000005.1	sp|P45443|DYHC_NEUCR	58.6	2208	847	14	2784086	2790673	2187	4339	0.0	2521
JANATF010000005.1	sp|P45444|DYHC_EMENI	58.4	2208	845	13	2784086	2790673	2176	4321	0.0	2501
JANATF010000005.1	sp|P34036|DYHC_DICDI	53.3	2253	956	14	2784068	2790673	2217	4423	0.0	2372
JANATF010000005.1	sp|Q19020|DYHC_CAEEL	52.3	2248	994	19	2784035	2790673	2080	4284	0.0	2278
JANATF010000005.1	sp|Q27171|DYHC_PARTE	45.0	2227	1129	22	2784068	2790655	2070	4231	0.0	1895
JANATF010000005.1	sp|Q8IBG1|DYHC1_PLAF7	38.6	2422	1227	29	2784068	2790685	2260	4635	0.0	1661
JANATF010000005.1	sp|O14228|PUR4_SCHPO	54.9	1394	489	16	342867	338695	65	1322	0.0	1423
JANATF010000005.1	sp|Q3IHZ2|PUR4_PSET1	52.7	1411	498	20	342927	338701	50	1293	0.0	1358
JANATF010000005.1	sp|Q3KHL4|PUR4_PSEPF	52.6	1416	502	21	342930	338692	49	1298	0.0	1355
JANATF010000005.1	sp|P38972|PUR4_YEAST	52.7	1394	510	17	342846	338695	103	1357	0.0	1351
JANATF010000005.1	sp|Q4ZX02|PUR4_PSEU2	52.3	1416	507	20	342930	338692	49	1298	0.0	1350
JANATF010000005.1	sp|Q8DF81|PUR4_VIBVU	52.6	1383	493	15	342849	338701	75	1294	0.0	1350
JANATF010000005.1	sp|Q7MN70|PUR4_VIBVY	52.6	1383	493	15	342849	338701	75	1294	0.0	1350
JANATF010000005.1	sp|Q4KHS6|PUR4_PSEF5	52.2	1416	508	21	342930	338692	49	1298	0.0	1347
JANATF010000005.1	sp|Q47XX7|PUR4_COLP3	51.3	1431	515	20	342927	338695	51	1319	0.0	1346
JANATF010000005.1	sp|Q48LX3|PUR4_PSE14	52.3	1416	506	22	342930	338692	49	1298	0.0	1345
JANATF010000005.1	sp|Q886W6|PUR4_PSESM	52.1	1416	509	20	342930	338692	49	1298	0.0	1345
JANATF010000005.1	sp|Q2SK05|PUR4_HAHCH	49.2	1538	538	20	343299	338695	1	1297	0.0	1341
JANATF010000005.1	sp|Q5QWY0|PUR4_IDILO	52.6	1406	500	17	342918	338701	54	1292	0.0	1337
JANATF010000005.1	sp|Q1D9V4|PUR4_MYXXD	51.9	1388	507	14	342858	338695	72	1298	0.0	1337
JANATF010000006.1	sp|O75643|U520_HUMAN	58.6	2172	831	23	523522	529989	1	2119	0.0	2466
JANATF010000006.1	sp|Q6P4T2|U520_MOUSE	58.5	2172	832	23	523522	529989	1	2119	0.0	2464
JANATF010000006.1	sp|F1LNJ2|U520_RAT	58.4	2175	832	24	523522	529989	1	2122	0.0	2459
JANATF010000006.1	sp|Q9VUV9|U520_DROME	56.0	2184	872	23	523522	529989	1	2123	0.0	2389
JANATF010000006.1	sp|Q9SYP1|DEXHC_ARATH	53.4	2200	926	29	523525	529989	8	2153	0.0	2209
JANATF010000006.1	sp|Q9U2G0|U520_CAEEL	51.7	2178	978	25	523522	529995	1	2123	0.0	2139
JANATF010000006.1	sp|Q9UT24|BRR2_SCHPO	51.7	2172	984	27	523549	529995	29	2159	0.0	2138
JANATF010000006.1	sp|O48534|DEXHD_ARATH	52.2	2187	972	24	523525	529989	9	2154	0.0	2138
JANATF010000006.1	sp|Q55CI8|HELCL_DICDI	47.6	2234	1073	35	523522	529995	1	2212	0.0	1944
JANATF010000006.1	sp|P32639|BRR2_YEAST	40.2	2215	1211	38	523510	529992	2	2156	0.0	1554
JANATF010000006.1	sp|Q9FNQ1|DEXHE_ARATH	45.5	1724	903	18	524863	529989	446	2147	0.0	1496
JANATF010000006.1	sp|F1NTD6|ASCC3_CHICK	45.1	1771	899	25	524866	529995	425	2183	0.0	1488
JANATF010000006.1	sp|E1BNG3|ASCC3_BOVIN	44.0	1771	918	22	524866	529995	416	2174	0.0	1464
JANATF010000006.1	sp|Q8N3C0|ASCC3_HUMAN	43.9	1773	918	22	524866	529995	416	2174	0.0	1449
JANATF010000006.1	sp|E9PZJ8|ASCC3_MOUSE	43.3	1781	927	23	524842	529995	415	2175	0.0	1445
JANATF010000006.1	sp|F1LPQ2|ASCC3_RAT	42.9	1780	935	23	524842	529995	415	2174	0.0	1429
JANATF010000006.1	sp|Q54G57|ASCC3_DICDI	42.1	1751	939	22	524890	529983	429	2158	0.0	1360
JANATF010000006.1	sp|E7F8F4|ASCC3_DANRE	43.3	1593	792	18	524830	529569	1	1494	0.0	1305
JANATF010000006.1	sp|O60072|MUG81_SCHPO	39.3	1764	986	23	524824	529971	197	1923	0.0	1244
JANATF010000006.1	sp|Q91V92|ACLY_MOUSE	59.3	1083	334	11	1481619	1478419	95	1086	0.0	1233
JANATF010000006.1	sp|P53396|ACLY_HUMAN	59.2	1076	356	10	1481619	1478419	95	1096	0.0	1229
JANATF010000006.1	sp|Q2TCH3|ACLY_SHEEP	59.1	1076	357	10	1481619	1478419	95	1096	0.0	1227
JANATF010000006.1	sp|Q32PF2|ACLY_BOVIN	58.8	1083	339	11	1481619	1478419	95	1086	0.0	1224
JANATF010000006.1	sp|P16638|ACLY_RAT	58.9	1076	358	10	1481619	1478419	95	1095	0.0	1222
JANATF010000006.1	sp|P53327|SLH1_YEAST	41.1	1574	887	22	524896	529542	236	1794	0.0	1177
JANATF010000007.1	sp|O93927|FKS1_CRYNH	60.5	1132	423	10	1480515	1477147	64	1180	0.0	1355
JANATF010000007.1	sp|A2QLK4|FKS1_ASPNC	58.3	1172	438	19	1480566	1477147	89	1241	0.0	1288
JANATF010000007.1	sp|O74475|BGS4_SCHPO	55.4	1201	446	16	1480563	1477147	101	1273	0.0	1244
JANATF010000007.1	sp|P40989|FKS2_YEAST	54.3	1159	476	12	1480542	1477147	101	1232	0.0	1234
JANATF010000007.1	sp|P38631|FKS1_YEAST	53.8	1171	487	14	1480557	1477147	63	1213	0.0	1223
JANATF010000007.1	sp|B0XPE7|MOT1_ASPFC	44.2	1540	685	23	265593	261058	401	1794	0.0	1141
JANATF010000007.1	sp|Q4WJI7|MOT1_ASPFU	44.2	1540	685	23	265593	261058	401	1794	0.0	1139
JANATF010000007.1	sp|Q68FD5|CLH1_MOUSE	39.0	1909	861	28	1598132	1592568	15	1673	0.0	1135
JANATF010000007.1	sp|P49951|CLH1_BOVIN	38.9	1901	864	27	1598132	1592571	15	1665	0.0	1134
JANATF010000007.1	sp|Q00610|CLH1_HUMAN	38.9	1909	862	28	1598132	1592568	15	1673	0.0	1134
JANATF010000007.1	sp|P11442|CLH1_RAT	38.7	1909	867	27	1598132	1592568	15	1673	0.0	1132
JANATF010000007.1	sp|O13967|BGS2_SCHPO	51.5	1167	495	14	1480563	1477147	126	1249	0.0	1118
JANATF010000007.1	sp|Q9Y7K2|TOR2_SCHPO	36.6	1954	1001	28	384518	378792	406	2167	0.0	1093
JANATF010000007.1	sp|O43065|MOT1_SCHPO	41.0	1538	762	19	265593	261058	441	1858	0.0	1079
JANATF010000007.1	sp|P53675|CLH2_HUMAN	37.8	1896	785	26	1598132	1592742	15	1614	0.0	1078
JANATF010000007.1	sp|P29742|CLH_DROME	37.9	1900	860	28	1598132	1592610	15	1653	0.0	1074
JANATF010000007.1	sp|Q86C65|TOR_DICDI	37.2	1945	979	26	384497	378792	428	2173	0.0	1071
JANATF010000007.1	sp|Q04952|FKS3_YEAST	50.8	1113	483	12	1480293	1477147	15	1126	0.0	1053
JANATF010000007.1	sp|Q10287|BGS1_SCHPO	50.0	1117	503	12	1480455	1477147	17	1091	0.0	1047
JANATF010000007.1	sp|P40976|LYS2_SCHPO	43.5	1403	644	24	646834	642704	126	1406	0.0	1027
JANATF010000007.1	sp|P00365|DHE2_NEUCR	58.3	890	351	7	1762037	1759398	162	1041	0.0	1021
JANATF010000007.1	sp|Q01877|HSP71_PUCGR	83.8	613	99	0	583107	581269	4	616	0.0	1014
JANATF010000007.1	sp|P48720|HSP70_BLAEM	80.7	644	121	3	583113	581188	7	649	0.0	989
JANATF010000007.1	sp|Q96W30|HSP72_PARBA	81.3	616	112	2	583107	581269	4	619	0.0	985
JANATF010000007.1	sp|O93866|HSP70_TRIRU	79.7	651	121	4	583107	581188	4	654	0.0	982
JANATF010000008.1	sp|Q9C102|GLT1_SCHPO	67.6	1082	341	5	1588946	1585707	1036	2109	0.0	1472
JANATF010000008.1	sp|Q03460|GLSN_MEDSA	62.0	1073	398	7	1588946	1585758	1090	2162	0.0	1320
JANATF010000008.1	sp|Q0JKD0|GLT1_ORYSJ	62.1	1075	381	8	1588946	1585749	1089	2146	0.0	1315
JANATF010000008.1	sp|Q0DG35|GLT2_ORYSJ	61.3	1079	390	10	1588946	1585758	1095	2161	0.0	1308
JANATF010000008.1	sp|Q9LV03|GLUT1_ARATH	61.0	1076	407	6	1588946	1585758	1108	2183	0.0	1307
JANATF010000008.1	sp|Q12680|GLT1_YEAST	57.5	1112	440	10	1588943	1585698	1030	2138	0.0	1241
JANATF010000008.1	sp|J9VXM5|CHS3_CRYNH	50.8	1089	390	20	1711264	1708085	232	1203	1.36e-301	962
JANATF010000008.1	sp|O13394|CHS5_USTMA	49.7	1075	407	19	1711264	1708091	349	1306	8.59e-289	932
JANATF010000008.1	sp|P78611|CHSD_EMENI	49.6	1078	421	21	1711258	1708076	207	1179	3.16e-280	891
JANATF010000008.1	sp|P0CG85|UBI1P_NICSY	97.4	456	12	0	1135983	1134616	1	456	9.33e-278	852
JANATF010000008.1	sp|Q8H159|UBQ10_ARATH	97.4	456	12	0	1135983	1134616	1	456	9.33e-278	852
JANATF010000008.1	sp|P0CH04|UBI1P_PETCR	97.4	456	12	0	1135983	1134616	1	456	9.70e-278	852
JANATF010000008.1	sp|P0CH05|UBI2P_PETCR	97.4	456	12	0	1135983	1134616	1	456	9.70e-278	852
JANATF010000008.1	sp|P42740|UBIQP_AGLNE	96.7	456	15	0	1135983	1134616	1	456	1.79e-275	845
JANATF010000008.1	sp|P59669|UBIQP_GEOCY	95.8	456	19	0	1135983	1134616	1	456	3.94e-274	841
JANATF010000008.1	sp|O14134|ELF1_SCHPO	54.7	872	347	10	1930178	1927653	195	1048	6.63e-272	862
JANATF010000008.1	sp|P0CG68|UBC_PIG	96.1	456	18	0	1135983	1134616	77	532	1.13e-271	838
JANATF010000008.1	sp|O13353|CHS4_MAGO7	47.5	1094	413	18	1711258	1708082	227	1194	4.36e-271	866
JANATF010000008.1	sp|Q01285|CHS4_NEUCR	48.1	1079	430	22	1711258	1708082	231	1199	5.27e-271	866
JANATF010000008.1	sp|P0CG66|UBC_GORGO	96.1	456	18	0	1135983	1134616	1	456	1.93e-270	838
JANATF010000008.1	sp|P62976|UBIQP_CRIGR	96.1	456	18	0	1135983	1134616	1	456	1.17e-269	838
JANATF010000008.1	sp|P0CG48|UBC_HUMAN	96.1	456	18	0	1135983	1134616	229	684	3.13e-269	838
JANATF010000008.1	sp|P0CH28|UBC_BOVIN	96.1	456	18	0	1135983	1134616	77	532	3.75e-269	838
JANATF010000008.1	sp|P0CG50|UBC_MOUSE	92.9	477	33	1	1135983	1134556	229	705	5.35e-269	839
JANATF010000008.1	sp|P0CG78|UBIQF_DICDI	94.7	456	24	0	1135983	1134616	1	456	1.88e-268	828
JANATF010000009.1	sp|Q869L3|MDN1_DICDI	43.6	2337	1095	38	595674	602168	323	2608	0.0	1793
JANATF010000009.1	sp|Q12019|MDN1_YEAST	46.3	2132	996	41	595677	601949	338	2361	0.0	1738
JANATF010000009.1	sp|O94248|MDN1_SCHPO	44.6	2150	1048	39	595647	602003	173	2217	0.0	1631
JANATF010000009.1	sp|Q9NU22|MDN1_HUMAN	41.9	2256	1107	43	595677	602216	354	2481	0.0	1566
JANATF010000009.1	sp|A0A1P8AUY4|MDN1_ARATH	42.7	2064	1044	39	595677	601736	381	2349	0.0	1433
JANATF010000009.1	sp|Q9Z2Q4|METH_RAT	62.3	1014	370	6	1841529	1844537	241	1253	0.0	1278
JANATF010000009.1	sp|A6H5Y3|METH_MOUSE	62.5	1014	368	6	1841529	1844537	241	1253	0.0	1270
JANATF010000009.1	sp|Q99707|METH_HUMAN	61.6	1014	377	6	1841529	1844537	253	1265	0.0	1253
JANATF010000009.1	sp|Q4JIJ3|METH_BOVIN	61.5	1014	378	6	1841529	1844537	253	1265	0.0	1252
JANATF010000009.1	sp|Q09582|METH_CAEEL	62.3	976	360	6	1841622	1844537	278	1249	0.0	1224
JANATF010000009.1	sp|A8XY95|METH_CAEBR	60.0	1027	379	8	1841535	1844531	249	1271	0.0	1208
JANATF010000009.1	sp|Q54P92|METH_DICDI	60.0	978	376	6	1841622	1844531	284	1254	0.0	1183
JANATF010000009.1	sp|Q874B9|EF2_PICPA	73.8	751	194	2	1056706	1054460	93	842	0.0	1122
JANATF010000009.1	sp|P07742|RIR1_MOUSE	72.5	735	189	2	435806	433617	64	790	0.0	1117
JANATF010000009.1	sp|Q6CPQ9|EF2_KLULA	73.6	751	195	2	1056706	1054460	93	842	0.0	1115
JANATF010000009.1	sp|Q875Z2|EF2_NAUCC	73.9	751	193	2	1056706	1054460	93	842	0.0	1115
JANATF010000009.1	sp|P32324|EF2_YEAST	72.8	751	201	2	1056706	1054460	93	842	0.0	1114
JANATF010000009.1	sp|Q96X45|EF2_NEUCR	73.4	751	197	2	1056706	1054460	95	844	0.0	1112
JANATF010000009.1	sp|P23921|RIR1_HUMAN	72.6	736	187	3	435806	433617	64	790	0.0	1112
JANATF010000009.1	sp|P36602|RIR1_SCHPO	70.1	756	192	3	435806	433614	64	810	0.0	1112
JANATF010000009.1	sp|O14460|EF2_SCHPO	71.5	752	211	2	1056709	1054460	92	842	0.0	1111
JANATF010000009.1	sp|Q875S0|EF2_LACK1	73.0	751	200	2	1056706	1054460	93	842	0.0	1109
JANATF010000009.1	sp|Q5R919|RIR1_PONAB	72.3	736	189	3	435806	433617	64	790	0.0	1108
JANATF010000009.1	sp|Q9UW15|RIR1_NEUCR	75.0	699	168	1	435806	433710	64	755	0.0	1107
JANATF010000009.1	sp|Q754C8|EF2_ASHGO	72.8	751	201	2	1056706	1054460	93	842	0.0	1105
