KN042416.1	sp|P0CN27|DPOE_CRYNB	40.6	2199	1033	38	2627340	2620885	278	2249	0.0	1485
KN042416.1	sp|P0CN26|DPOE_CRYNJ	40.6	2199	1033	38	2627340	2620885	278	2249	0.0	1485
KN042416.1	sp|Q4PFV5|DPOE_USTMA	40.9	2230	1011	36	2627340	2620921	281	2292	0.0	1485
KN042416.1	sp|Q4WXH8|DPOE_ASPFU	38.9	2174	1117	31	2627340	2620885	246	2229	0.0	1410
KN042416.1	sp|Q9WVF7|DPOE1_MOUSE	39.1	2221	1106	41	2627340	2620888	233	2276	0.0	1410
KN042416.1	sp|O93845|DPOE_EMENI	38.9	2183	1108	35	2627340	2620885	219	2206	0.0	1402
KN042416.1	sp|Q07864|DPOE1_HUMAN	39.0	2237	1091	43	2627340	2620885	233	2280	0.0	1400
KN042416.1	sp|O93927|FKS1_CRYNH	63.2	1069	376	7	1838882	1835694	120	1177	0.0	1359
KN042416.1	sp|Q6BNG2|DPOE_DEBHA	38.0	2187	1088	40	2627340	2620903	261	2221	0.0	1318
KN042416.1	sp|A2QLK4|FKS1_ASPNC	58.2	1168	428	14	1839092	1835694	96	1238	0.0	1302
KN042416.1	sp|P87154|DPOE_SCHPO	38.1	2181	1097	43	2627337	2620891	237	2195	0.0	1295
KN042416.1	sp|P40989|FKS2_YEAST	58.4	1070	412	7	1838825	1835694	167	1229	0.0	1255
KN042416.1	sp|P38631|FKS1_YEAST	57.4	1070	423	7	1838825	1835694	148	1210	0.0	1235
KN042416.1	sp|O74475|BGS4_SCHPO	54.8	1189	454	16	1839062	1835694	99	1270	0.0	1233
KN042416.1	sp|Q6CUS7|DPOE_KLULA	36.0	2198	1104	43	2627340	2620909	231	2179	0.0	1214
KN042416.1	sp|F4HW04|DPOE1_ARATH	35.2	2189	1140	36	2627340	2620891	207	2156	0.0	1207
KN042416.1	sp|Q9VCN1|DPOE1_DROME	35.5	2218	1139	40	2627340	2620903	231	2228	0.0	1204
KN042416.1	sp|P21951|DPOE_YEAST	36.1	2172	1146	43	2627340	2620915	254	2213	0.0	1190
KN042416.1	sp|Q6FNY7|DPOE_CANGA	35.7	2191	1127	43	2627340	2620912	254	2210	0.0	1181
KN042416.1	sp|F4IFN6|DPOE2_ARATH	35.3	2186	1127	38	2627340	2620891	199	2133	0.0	1174
KN042416.1	sp|Q6GL04|TERA_XENTR	73.1	788	141	4	2989579	2987219	87	804	0.0	1137
KN042416.1	sp|P23787|TERA_XENLA	72.7	788	144	4	2989579	2987219	87	804	0.0	1133
KN042416.1	sp|P55072|TERA_HUMAN	72.5	797	131	5	2989579	2987219	87	805	0.0	1132
KN042416.1	sp|Q01853|TERA_MOUSE	72.5	797	131	5	2989579	2987219	87	805	0.0	1132
KN042416.1	sp|P46462|TERA_RAT	72.9	791	138	6	2989579	2987219	87	805	0.0	1132
KN042417.1	sp|Q54YZ9|DHKJ_DICDI	56.2	1732	638	13	1773093	1767988	206	1847	0.0	1719
KN042417.1	sp|O13651|SYIC_SCHPO	59.6	1006	404	2	3111887	3108870	60	1063	0.0	1213
KN042417.1	sp|P09436|SYIC_YEAST	57.0	1011	426	5	3111887	3108870	65	1071	0.0	1213
KN042417.1	sp|Q14562|DHX8_HUMAN	56.7	1142	391	14	4658398	4655159	49	1148	0.0	1204
KN042417.1	sp|A2A4P0|DHX8_MOUSE	66.4	891	288	7	4657804	4655159	284	1172	0.0	1191
KN042417.1	sp|Q54F05|DHX8_DICDI	64.9	900	303	4	4657819	4655159	192	1091	0.0	1175
KN042417.1	sp|A1Z9L3|DHX8_DROME	65.9	898	290	7	4657816	4655159	276	1169	0.0	1166
KN042417.1	sp|Q38953|DEAH5_ARATH	64.2	894	300	7	4657798	4655159	211	1098	0.0	1156
KN042417.1	sp|O42643|PRP22_SCHPO	53.7	1112	436	13	4658398	4655159	31	1095	0.0	1093
KN042417.1	sp|Q09530|MOG5_CAEEL	62.5	890	319	9	4657786	4655159	235	1123	0.0	1068
KN042417.1	sp|F4JLM5|SYIC_ARATH	50.7	1028	460	12	3111887	3108915	67	1084	0.0	1021
KN042417.1	sp|O74378|ODO1_SCHPO	59.9	831	296	7	1878914	1876440	209	1008	0.0	1015
KN042417.1	sp|P20967|ODO1_YEAST	59.6	825	300	6	1878911	1876452	211	1007	0.0	1015
KN042417.1	sp|Q10490|SYLC_SCHPO	49.1	1022	440	16	2629315	2632320	148	1109	3.34e-301	949
KN042417.1	sp|Q5A599|NIK1_CANAL	50.6	1097	363	9	1771254	1767991	71	997	2.28e-297	937
KN042417.1	sp|P10857|SYLC_NEUCR	48.8	1000	448	14	2629372	2632320	171	1123	3.24e-288	912
KN042417.1	sp|J9VXM5|CHS3_CRYNH	47.9	1070	412	21	1816201	1813145	234	1209	8.94e-283	909
KN042417.1	sp|Q01285|CHS4_NEUCR	47.9	1073	450	21	1816222	1813112	227	1226	1.69e-282	900
KN042417.1	sp|P78611|CHSD_EMENI	49.2	1074	405	22	1816222	1813136	203	1180	5.25e-282	897
KN042417.1	sp|Q54JE4|ODO1_DICDI	53.7	841	345	10	1878923	1876431	203	1009	2.84e-281	888
KN042417.1	sp|O13394|CHS5_USTMA	49.4	1055	389	21	1816201	1813172	351	1305	3.65e-281	911
KN042417.1	sp|O13353|CHS4_MAGO7	49.3	1050	435	18	1816222	1813151	223	1201	7.44e-279	890
KN042417.1	sp|P26637|SYLC_YEAST	46.6	1020	467	15	2629315	2632320	131	1090	3.77e-278	882
KN042417.1	sp|O42820|EF1A_SCHCO	90.4	460	44	0	1279684	1281063	1	460	1.31e-275	847
KN042417.1	sp|P24384|PRP22_YEAST	51.1	920	392	13	4657813	4655159	170	1066	7.81e-275	875
KN042418.1	sp|Q68FD5|CLH1_MOUSE	65.3	1290	432	6	846662	842814	390	1671	0.0	1700
KN042418.1	sp|P49951|CLH1_BOVIN	65.3	1290	433	6	846662	842814	390	1671	0.0	1699
KN042418.1	sp|Q00610|CLH1_HUMAN	65.3	1290	433	6	846662	842814	390	1671	0.0	1699
KN042418.1	sp|P11442|CLH1_RAT	65.2	1290	434	6	846662	842814	390	1671	0.0	1694
KN042418.1	sp|P53675|CLH2_HUMAN	56.4	1512	580	11	847517	842997	173	1610	0.0	1636
KN042418.1	sp|P29742|CLH_DROME	56.4	1505	586	7	847508	842997	176	1611	0.0	1634
KN042418.1	sp|P34574|CLH_CAEEL	61.7	1221	465	2	846662	843009	388	1608	0.0	1558
KN042418.1	sp|Q10161|CLH_SCHPO	60.1	1262	498	4	846662	842877	388	1643	0.0	1551
KN042418.1	sp|P25870|CLH_DICDI	58.1	1222	511	1	846659	842997	390	1611	0.0	1472
KN042418.1	sp|Q2RBN7|CLH1_ORYSJ	57.7	1222	517	0	846662	842997	403	1624	0.0	1455
KN042418.1	sp|Q2QYW2|CLH2_ORYSJ	57.6	1222	518	0	846662	842997	403	1624	0.0	1453
KN042418.1	sp|P22137|CLH_YEAST	58.1	1221	511	1	846656	842997	396	1616	0.0	1438
KN042418.1	sp|Q0WLB5|CLAH2_ARATH	55.9	1222	539	0	846662	842997	403	1624	0.0	1431
KN042418.1	sp|Q0WNJ6|CLAH1_ARATH	56.1	1222	536	0	846662	842997	403	1624	0.0	1427
KN042418.1	sp|O93927|FKS1_CRYNH	63.8	1051	365	6	911610	914744	135	1176	0.0	1371
KN042418.1	sp|A2QLK4|FKS1_ASPNC	57.3	1179	445	17	911304	914744	85	1237	0.0	1286
KN042418.1	sp|P0CM23|ARO1_CRYNB	50.9	1388	622	22	1728058	1732122	233	1594	0.0	1253
KN042418.1	sp|P0CM22|ARO1_CRYNJ	50.9	1388	622	22	1728058	1732122	233	1594	0.0	1253
KN042418.1	sp|Q8J294|ARO1_THACU	50.1	1402	620	22	1728049	1732122	233	1599	0.0	1253
KN042418.1	sp|P40989|FKS2_YEAST	57.7	1076	412	9	911610	914744	165	1228	0.0	1249
KN042418.1	sp|O74475|BGS4_SCHPO	55.1	1174	455	14	911385	914744	114	1269	0.0	1241
KN042418.1	sp|P38631|FKS1_YEAST	56.8	1075	421	8	911613	914744	147	1209	0.0	1229
KN042418.1	sp|B0D6H2|ARO1_LACBS	50.0	1393	633	19	1728046	1732143	228	1584	0.0	1228
KN042418.1	sp|Q9P7R0|ARO1_SCHPO	49.5	1366	646	18	1728094	1732155	238	1571	0.0	1224
KN042418.1	sp|C5PA86|ARO1_COCP7	49.6	1373	623	20	1728088	1732119	236	1568	0.0	1216
KN042419.1	sp|O75643|U520_HUMAN	58.0	2176	844	23	1911016	1904552	1	2126	0.0	2437
KN042419.1	sp|Q6P4T2|U520_MOUSE	57.9	2176	846	23	1911016	1904552	1	2126	0.0	2435
KN042419.1	sp|F1LNJ2|U520_RAT	57.8	2179	846	24	1911016	1904552	1	2129	0.0	2429
KN042419.1	sp|Q9VUV9|U520_DROME	55.8	2178	893	22	1911016	1904549	1	2131	0.0	2363
KN042419.1	sp|Q9SYP1|DEXHC_ARATH	53.2	2203	933	28	1911013	1904552	8	2160	0.0	2197
KN042419.1	sp|Q9UT24|BRR2_SCHPO	52.4	2174	969	26	1910989	1904552	29	2164	0.0	2174
KN042419.1	sp|O48534|DEXHD_ARATH	52.1	2192	973	25	1911013	1904552	9	2161	0.0	2142
KN042419.1	sp|Q9U2G0|U520_CAEEL	51.3	2178	987	28	1911016	1904552	1	2128	0.0	2107
KN042419.1	sp|Q55CI8|HELCL_DICDI	47.0	2240	1071	34	1911016	1904564	1	2213	0.0	1917
KN042419.1	sp|P32639|BRR2_YEAST	40.2	2197	1211	33	1910986	1904552	17	2162	0.0	1556
KN042419.1	sp|Q02061|RPB2_SCHPO	56.0	1458	370	8	752192	756535	10	1206	0.0	1529
KN042419.1	sp|F1NTD6|ASCC3_CHICK	44.6	1776	891	25	1909660	1904552	433	2188	0.0	1474
KN042419.1	sp|Q9FNQ1|DEXHE_ARATH	45.0	1722	918	17	1909687	1904561	446	2151	0.0	1474
KN042419.1	sp|E1BNG3|ASCC3_BOVIN	44.1	1780	890	24	1909654	1904552	426	2179	0.0	1457
KN042419.1	sp|A5DHT2|RPB2_PICGU	53.3	1478	408	12	752171	756535	9	1227	0.0	1456
KN042419.1	sp|E9PZJ8|ASCC3_MOUSE	44.0	1764	914	23	1909654	1904552	427	2180	0.0	1446
KN042419.1	sp|Q8N3C0|ASCC3_HUMAN	44.1	1764	913	23	1909654	1904552	426	2179	0.0	1440
KN042419.1	sp|F1LPQ2|ASCC3_RAT	43.3	1779	905	24	1909654	1904552	427	2179	0.0	1423
KN042419.1	sp|Q753Q4|RPB2_ASHGO	52.5	1470	418	13	752171	756535	12	1216	0.0	1410
KN042419.1	sp|Q6FLD5|RPB2_CANGA	52.1	1469	425	13	752171	756535	14	1217	0.0	1400
KN042419.1	sp|P08518|RPB2_YEAST	51.9	1468	428	12	752171	756535	16	1218	0.0	1399
KN042419.1	sp|Q42877|RPB2_SOLLC	52.3	1458	406	13	752171	756541	11	1179	0.0	1398
KN042419.1	sp|P38420|NRPB2_ARATH	51.8	1456	412	13	752171	756535	12	1178	0.0	1379
KN042419.1	sp|Q54J75|RPB2_DICDI	52.0	1447	398	16	752198	756535	18	1168	0.0	1372
KN042419.1	sp|Q54G57|ASCC3_DICDI	41.4	1750	949	24	1909660	1904579	429	2158	0.0	1332
KN042420.1	sp|O93937|PYR1_EMENI	63.4	2079	640	18	1483756	1477649	274	2275	0.0	2527
KN042420.1	sp|Q09794|PYR1_SCHPO	62.8	2042	672	16	1483756	1477658	273	2236	0.0	2446
KN042420.1	sp|P07259|PYR1_YEAST	61.7	2048	695	21	1483756	1477658	237	2209	0.0	2390
KN042420.1	sp|P20054|PYR1_DICDI	52.3	2101	850	30	1483756	1477658	205	2220	0.0	1998
KN042420.1	sp|Q91437|PYR1_SQUAC	50.6	2132	884	25	1483756	1477646	186	2242	0.0	1953
KN042420.1	sp|P27708|PYR1_HUMAN	51.1	2111	887	30	1483756	1477646	186	2225	0.0	1941
KN042420.1	sp|P08955|PYR1_MESAU	51.2	2109	888	31	1483756	1477646	186	2225	0.0	1930
KN042420.1	sp|B2RQC6|PYR1_MOUSE	51.1	2110	888	31	1483756	1477646	186	2225	0.0	1928
KN042420.1	sp|P05990|PYR1_DROME	50.1	2095	901	27	1483756	1477658	204	2216	0.0	1901
KN042420.1	sp|Q18990|PYR1_CAEEL	48.2	2091	939	28	1483756	1477658	189	2192	0.0	1786
KN042420.1	sp|P07756|CPSM_RAT	50.9	1336	562	17	1483756	1479806	228	1488	0.0	1276
KN042420.1	sp|Q8C196|CPSM_MOUSE	50.7	1336	564	17	1483756	1479806	228	1488	0.0	1274
KN042420.1	sp|P31327|CPSM_HUMAN	50.7	1336	565	17	1483756	1479806	228	1488	0.0	1272
KN042420.1	sp|Q91293|CPSM_LITCT	50.3	1337	568	16	1483756	1479806	224	1484	0.0	1266
KN042420.1	sp|O94313|CARB_SCHPO	54.4	1096	437	11	1483081	1479839	83	1130	0.0	1113
KN042420.1	sp|P46056|CARB_CUTCT	54.6	1110	446	12	1483123	1479833	58	1122	0.0	1110
KN042420.1	sp|Q75D66|CARB_ASHGO	54.4	1102	446	12	1483072	1479812	28	1088	0.0	1104
KN042420.1	sp|P03965|CARB_YEAST	53.3	1099	450	14	1483072	1479839	28	1084	0.0	1083
KN042420.1	sp|P00365|DHE2_NEUCR	59.0	891	341	9	2991300	2993936	163	1041	0.0	1024
KN042420.1	sp|P59769|BIP_ASPAW	75.4	622	148	2	1789449	1791311	55	672	3.25e-294	909
KN042420.1	sp|P83617|BIP_ASPKA	75.4	622	148	2	1789449	1791311	55	672	3.25e-294	909
KN042420.1	sp|P83616|BIP_ASPNG	75.4	622	148	2	1789449	1791311	55	672	3.25e-294	909
KN042420.1	sp|P78695|BIP_NEUCR	76.5	621	142	2	1789449	1791311	45	661	2.22e-292	904
KN042420.1	sp|Q99170|BIP_YARLI	74.2	628	155	2	1789449	1791311	43	670	1.81e-286	887
KN042420.1	sp|Q54VI3|GLUD2_DICDI	53.9	872	374	8	2991345	2993933	184	1036	3.59e-281	888
KN042421.1	sp|Q14204|DYHC1_HUMAN	65.4	1669	558	9	2457671	2452698	2315	3974	0.0	2191
KN042421.1	sp|Q9JHU4|DYHC1_MOUSE	65.3	1669	559	9	2457671	2452698	2313	3972	0.0	2190
KN042421.1	sp|P38650|DYHC1_RAT	65.3	1668	562	9	2457671	2452698	2313	3972	0.0	2189
KN042421.1	sp|P37276|DYHC_DROME	63.0	1671	605	5	2457671	2452683	2301	3963	0.0	2125
KN042421.1	sp|P45443|DYHC_NEUCR	62.7	1677	602	7	2457671	2452650	2331	3986	0.0	2087
KN042421.1	sp|P45444|DYHC_EMENI	62.3	1665	605	7	2457671	2452695	2320	3967	0.0	2066
KN042421.1	sp|P78716|DYHC_FUSVN	62.1	1660	613	7	2457671	2452695	2330	3973	0.0	2050
KN042421.1	sp|P34036|DYHC_DICDI	56.6	1709	680	11	2457671	2452698	2367	4062	0.0	1915
KN042421.1	sp|Q19020|DYHC_CAEEL	54.9	1714	719	14	2457671	2452611	2254	3940	0.0	1845
KN042421.1	sp|P34229|FAS1_YARLI	48.9	1969	834	32	1132046	1126191	267	2079	0.0	1740
KN042421.1	sp|P34731|FAS1_CANAX	48.1	1964	835	28	1132046	1126191	242	2033	0.0	1731
KN042421.1	sp|Q9UUG0|FAS1_SCHPO	48.9	1963	846	29	1132046	1126191	251	2067	0.0	1728
KN042421.1	sp|P07149|FAS1_YEAST	45.7	1960	888	26	1132046	1126191	255	2045	0.0	1667
KN042421.1	sp|P78615|FAS2_EMEND	61.5	1368	503	12	1124059	1119971	486	1834	0.0	1641
KN042421.1	sp|Q10289|FAS2_SCHPO	61.6	1369	485	12	1124065	1119968	485	1815	0.0	1628
KN042421.1	sp|P15368|FAS2_PENPA	61.3	1370	503	13	1124059	1119968	482	1830	0.0	1625
KN042421.1	sp|Q765N2|FAS2_LACKL	58.4	1393	532	14	1124059	1119962	492	1863	0.0	1549
KN042421.1	sp|P43098|FAS2_CANAX	58.5	1397	523	15	1124059	1119962	490	1860	0.0	1548
KN042421.1	sp|P19097|FAS2_YEAST	57.4	1389	547	12	1124059	1119968	491	1859	0.0	1540
KN042421.1	sp|G8BAW7|FAS2_CANPC	58.1	1395	527	16	1124059	1119968	489	1857	0.0	1535
KN042421.1	sp|Q27171|DYHC_PARTE	46.5	1673	854	16	2457671	2452698	2220	3866	0.0	1470
KN042421.1	sp|Q4P9K9|CHS8_USTMA	46.5	1778	780	29	181258	176069	107	1761	0.0	1457
KN042421.1	sp|Q92215|TOXC_COCCA	40.8	1962	979	22	1132031	1126191	262	2056	0.0	1439
KN042421.1	sp|Q8IBG1|DYHC1_PLAF7	41.6	1782	901	18	2457671	2452710	2413	4182	0.0	1341
KN042421.1	sp|J9VNT4|CHS5_CRYNH	45.2	1782	766	37	181258	176078	121	1746	0.0	1310
KN042422.1	sp|Q6P2Q9|PRP8_HUMAN	80.9	2398	348	7	818083	825270	44	2334	0.0	4020
KN042422.1	sp|Q99PV0|PRP8_MOUSE	80.9	2398	349	7	818083	825270	44	2334	0.0	4020
KN042422.1	sp|Q9SSD2|PRP8A_ARATH	77.5	2398	431	6	818083	825270	68	2358	0.0	3896
KN042422.1	sp|P34369|PRP8_CAEEL	77.3	2401	434	9	818083	825270	34	2328	0.0	3880
KN042422.1	sp|Q9T0I6|PRP8B_ARATH	76.0	2397	471	6	818083	825270	66	2358	0.0	3808
KN042422.1	sp|Q8T295|PRP8_DICDI	73.0	2404	534	11	818083	825273	31	2327	0.0	3645
KN042422.1	sp|O14187|SPP42_SCHPO	71.9	2404	562	13	818083	825270	65	2362	0.0	3535
KN042422.1	sp|P33334|PRP8_YEAST	59.9	2408	835	17	818092	825270	120	2412	0.0	2936
KN042422.1	sp|P78820|ACAC_SCHPO	50.7	2239	919	33	984072	977548	161	2279	0.0	2022
KN042422.1	sp|O93937|PYR1_EMENI	48.7	2357	1000	26	1802555	1809499	85	2274	0.0	1983
KN042422.1	sp|Q00955|ACAC_YEAST	49.3	2209	951	29	984072	977566	151	2229	0.0	1956
KN042422.1	sp|Q09794|PYR1_SCHPO	47.3	2334	1029	31	1802555	1809493	84	2236	0.0	1873
KN042422.1	sp|P07259|PYR1_YEAST	46.0	2355	1047	27	1802555	1809508	47	2214	0.0	1840
KN042422.1	sp|P38811|TRA1_YEAST	40.7	2653	1450	42	379600	371801	582	3165	0.0	1808
KN042422.1	sp|P11029|ACAC_CHICK	43.0	2255	1079	46	984102	977548	200	2318	0.0	1644
KN042422.1	sp|P11497|ACACA_RAT	42.4	2282	1078	47	984102	977548	199	2340	0.0	1627
KN042422.1	sp|Q9HFE8|TRA1_SCHPO	37.6	2664	1496	36	379606	371801	536	3095	0.0	1626
KN042422.1	sp|Q5SWU9|ACACA_MOUSE	42.5	2282	1076	47	984102	977548	199	2340	0.0	1626
KN042422.1	sp|Q9TTS3|ACACA_BOVIN	42.8	2262	1096	47	984102	977548	200	2341	0.0	1623
KN042422.1	sp|Q28559|ACACA_SHEEP	42.8	2265	1092	48	984102	977548	200	2341	0.0	1621
KN042422.1	sp|Q13085|ACACA_HUMAN	42.4	2286	1072	47	984102	977548	200	2341	0.0	1618
KN042422.1	sp|O00763|ACACB_HUMAN	42.8	2173	1073	40	984102	977719	342	2388	0.0	1597
KN042422.1	sp|E9Q4Z2|ACACB_MOUSE	42.3	2254	1086	43	984102	977551	332	2441	0.0	1591
KN042422.1	sp|Q10064|YAMB_SCHPO	35.7	2674	1574	38	379687	371801	461	3033	0.0	1555
KN042422.1	sp|C8ZF72|HFA1_YEAS8	41.2	2197	1100	38	984072	977596	227	2269	0.0	1496
KN042423.1	sp|Q9C102|GLT1_SCHPO	53.4	1923	735	17	1666290	1671923	304	2109	0.0	1922
KN042423.1	sp|Q0DG35|GLT2_ORYSJ	49.3	1895	850	24	1666290	1671872	344	2161	0.0	1673
KN042423.1	sp|Q9LV03|GLUT1_ARATH	48.9	1924	827	24	1666290	1671872	354	2183	0.0	1668
KN042423.1	sp|Q0JKD0|GLT1_ORYSJ	49.3	1896	838	25	1666290	1671872	337	2143	0.0	1665
KN042423.1	sp|Q03460|GLSN_MEDSA	49.1	1905	848	27	1666290	1671872	336	2162	0.0	1658
KN042423.1	sp|Q12680|GLT1_YEAST	48.0	1925	875	27	1666290	1671926	292	2136	0.0	1613
KN042423.1	sp|P36594|RPB1_SCHPO	64.7	1264	410	12	738945	735181	304	1540	0.0	1582
KN042423.1	sp|P18616|NRPB1_ARATH	60.0	1277	451	10	738945	735178	309	1546	0.0	1484
KN042423.1	sp|P35084|RPB1_DICDI	62.6	1182	412	9	738945	735442	303	1468	0.0	1470
KN042423.1	sp|Q75A34|RPB1_ASHGO	61.5	1186	426	8	738945	735427	298	1465	0.0	1443
KN042423.1	sp|P04050|RPB1_YEAST	58.4	1273	476	13	738945	735184	298	1535	0.0	1437
KN042423.1	sp|P16356|RPB1_CAEEL	58.3	1276	493	14	738945	735190	306	1566	0.0	1415
KN042423.1	sp|P35074|RPB1_CAEBR	58.7	1251	476	13	738945	735262	306	1538	0.0	1408
KN042423.1	sp|P11414|RPB1_CRIGR	58.5	1252	473	10	738945	735256	312	1538	0.0	1407
KN042423.1	sp|P24928|RPB1_HUMAN	58.5	1252	473	10	738945	735256	312	1538	0.0	1407
KN042423.1	sp|P08775|RPB1_MOUSE	58.5	1252	473	10	738945	735256	312	1538	0.0	1407
KN042423.1	sp|P04052|RPB1_DROME	57.3	1261	488	13	738945	735250	304	1543	0.0	1379
KN042423.1	sp|Q10105|GCN1_SCHPO	39.9	2081	1151	24	2014255	2008079	658	2660	0.0	1340
KN042423.1	sp|A5DCV3|RPB1_PICGU	56.4	1174	319	8	738945	735436	302	1286	0.0	1244
KN042423.1	sp|P33892|GCN1_YEAST	37.0	2123	1202	29	2014240	2008073	613	2666	0.0	1221
KN042423.1	sp|Q92616|GCN1_HUMAN	36.8	2079	1168	39	2014201	2008166	657	2656	0.0	1176
KN042423.1	sp|E9PVA8|GCN1_MOUSE	36.6	2079	1157	39	2014177	2008166	665	2656	0.0	1159
KN042423.1	sp|Q9P7X8|RPA2_SCHPO	50.0	1242	407	14	858666	855064	106	1174	0.0	1142
KN042423.1	sp|Q8SSC4|RPB1_ENCCU	49.6	1214	515	16	738945	735415	269	1422	0.0	1091
KN042423.1	sp|Q75DS1|RPA2_ASHGO	46.6	1250	445	17	858666	855061	120	1195	0.0	1025
KN042424.1	sp|Q869L3|MDN1_DICDI	44.2	2389	1089	38	949990	943346	223	2539	0.0	1882
KN042424.1	sp|Q12019|MDN1_YEAST	44.4	2253	1061	42	949990	943370	255	2361	0.0	1743
KN042424.1	sp|O94248|MDN1_SCHPO	44.8	2150	1036	38	949885	943472	132	2144	0.0	1634
KN042424.1	sp|Q9NU22|MDN1_HUMAN	41.3	2426	1162	53	950083	943097	220	2481	0.0	1610
KN042424.1	sp|A0A1P8AUY4|MDN1_ARATH	43.0	2080	1021	45	949639	943571	381	2353	0.0	1422
KN042424.1	sp|P23921|RIR1_HUMAN	71.1	792	177	4	426656	429007	43	790	0.0	1157
KN042424.1	sp|P07742|RIR1_MOUSE	70.6	792	181	3	426656	429007	43	790	0.0	1157
KN042424.1	sp|Q5R919|RIR1_PONAB	70.8	792	179	4	426656	429007	43	790	0.0	1153
KN042424.1	sp|P36602|RIR1_SCHPO	68.3	812	186	4	426656	429010	43	810	0.0	1140
KN042424.1	sp|Q9UW15|RIR1_NEUCR	70.3	757	179	2	426656	428920	43	755	0.0	1103
KN042424.1	sp|P21524|RIR1_YEAST	68.0	775	197	3	426656	428962	43	772	0.0	1095
KN042424.1	sp|P21672|RIR3_YEAST	67.2	777	204	3	426656	428968	43	774	0.0	1087
KN042424.1	sp|P53914|NAT10_YEAST	61.1	953	306	12	1641144	1643972	1	898	0.0	1081
KN042424.1	sp|P48591|RIR1_DROME	65.9	801	212	4	426656	429007	54	810	0.0	1080
KN042424.1	sp|P87115|NAT10_SCHPO	61.9	948	293	11	1641144	1643975	1	884	0.0	1073
KN042424.1	sp|Q03604|RIR1_CAEEL	67.0	789	208	4	426656	429013	49	788	0.0	1073
KN042424.1	sp|Q9SJ20|RIR1_ARATH	62.9	816	227	4	426656	429007	43	814	0.0	1052
KN042424.1	sp|Q9H0A0|NAT10_HUMAN	57.6	945	336	8	1641144	1643975	1	881	0.0	1026
KN042424.1	sp|Q8K224|NAT10_MOUSE	57.4	945	338	8	1641144	1643975	1	881	0.0	1023
KN042424.1	sp|Q54Q71|RIR1_DICDI	62.6	779	236	4	426656	428959	61	795	0.0	994
KN042424.1	sp|Q55EJ3|NAT10_DICDI	56.4	955	343	11	1641144	1643972	1	894	5.69e-316	989
KN042424.1	sp|O61065|RIR1_CRYPV	60.3	768	257	4	426656	428950	42	764	6.81e-307	951
KN042424.1	sp|O15909|RIR1_TRYBB	60.9	726	260	4	426851	428956	69	794	7.00e-292	910
KN042424.1	sp|P87141|MIP1_SCHPO	57.2	804	319	8	299510	297117	33	817	3.10e-283	905
KN042424.1	sp|C3JYR1|GCSP_PSEFS	58.0	748	295	7	2057150	2054910	216	945	1.13e-281	885
KN042425.1	sp|Q91V92|ACLY_MOUSE	60.0	1068	353	9	245054	241863	89	1086	0.0	1235
KN042425.1	sp|P53396|ACLY_HUMAN	59.6	1072	353	11	245042	241863	93	1096	0.0	1229
KN042425.1	sp|Q2TCH3|ACLY_SHEEP	59.3	1072	356	10	245042	241863	93	1096	0.0	1227
KN042425.1	sp|Q32PF2|ACLY_BOVIN	59.5	1064	357	9	245042	241863	93	1086	0.0	1224
KN042425.1	sp|P16638|ACLY_RAT	59.5	1072	361	10	245054	241863	89	1095	0.0	1224
KN042425.1	sp|P53585|ACLY_CAEEL	55.6	1071	407	12	245039	241851	93	1103	0.0	1103
KN042425.1	sp|O93988|ACL1_SORMK	74.9	605	151	1	243677	241863	53	656	4.51e-302	931
KN042425.1	sp|Q8X097|ACL1_NEUCR	74.7	605	152	1	243677	241863	49	652	6.27e-301	928
KN042425.1	sp|Q9P7W3|ACL1_SCHPO	71.9	604	169	1	243677	241866	13	615	4.47e-289	891
KN042425.1	sp|A3KMH1|VWA8_HUMAN	38.6	1289	622	24	176107	179829	127	1293	5.19e-249	825
KN042425.1	sp|B0R0T1|VWA8_DANRE	38.8	1267	626	23	176107	179796	119	1273	1.15e-247	821
KN042425.1	sp|Q8CC88|VWA8_MOUSE	38.5	1285	628	28	176107	179829	126	1292	1.30e-245	815
KN042425.1	sp|O42644|PYRG_SCHPO	67.1	511	163	4	571275	572807	56	561	1.59e-220	694
KN042425.1	sp|Q5F364|MRP1_CHICK	37.5	1226	604	17	76023	72355	457	1523	2.10e-216	717
KN042425.1	sp|O35379|MRP1_MOUSE	36.9	1221	616	15	76011	72349	463	1528	1.39e-215	715
KN042425.1	sp|Q8VI47|MRP2_MOUSE	36.2	1233	626	16	76023	72355	453	1534	2.75e-215	715
KN042425.1	sp|Q63120|MRP2_RAT	36.3	1230	629	16	76023	72355	451	1532	1.19e-214	713
KN042425.1	sp|Q09181|DHH1_SCHPO	81.3	417	45	1	1246406	1245156	37	420	1.73e-213	668
KN042425.1	sp|Q6UR05|MRP1_CANLF	36.8	1223	618	16	76011	72349	462	1531	1.89e-213	709
KN042425.1	sp|Q8HXQ5|MRP1_BOVIN	36.4	1230	612	15	76011	72349	462	1530	2.49e-213	709
KN042425.1	sp|Q8CG09|MRP1_RAT	36.8	1221	621	17	76011	72349	463	1532	3.55e-213	708
KN042425.1	sp|P33527|MRP1_HUMAN	36.7	1230	610	16	76011	72349	462	1531	6.33e-213	707
KN042425.1	sp|Q864R9|MRP1_MACFA	36.0	1225	633	14	76023	72349	458	1531	7.10e-212	704
KN042425.1	sp|Q751L7|PYRG_ASHGO	64.9	515	175	4	571275	572813	56	566	1.19e-211	667
KN042425.1	sp|A1CJ18|DHH1_ASPCL	68.4	503	71	3	1246655	1245156	6	423	2.20e-210	660
KN042426.1	sp|Q9C102|GLT1_SCHPO	49.9	2343	800	23	832183	839058	91	2109	0.0	2049
KN042426.1	sp|Q12680|GLT1_YEAST	44.7	2351	944	31	832201	839067	82	2138	0.0	1758
KN042426.1	sp|Q0JKD0|GLT1_ORYSJ	45.1	2317	926	31	832204	839016	129	2146	0.0	1731
KN042426.1	sp|Q0DG35|GLT2_ORYSJ	44.1	2341	921	33	832204	839007	136	2161	0.0	1712
KN042426.1	sp|Q03460|GLSN_MEDSA	59.6	1408	504	14	834865	839007	793	2162	0.0	1613
KN042426.1	sp|Q9LV03|GLUT1_ARATH	47.1	1961	836	27	833338	839007	354	2183	0.0	1591
KN042426.1	sp|P40976|LYS2_SCHPO	43.9	1396	624	27	111982	107912	131	1406	0.0	1041
KN042426.1	sp|Q01877|HSP71_PUCGR	84.5	613	95	0	17916	19754	4	616	0.0	1016
KN042426.1	sp|Q6GL04|TERA_XENTR	79.0	634	128	2	930349	932250	176	804	0.0	1002
KN042426.1	sp|P55072|TERA_HUMAN	78.5	634	132	2	930349	932250	176	805	0.0	999
KN042426.1	sp|Q01853|TERA_MOUSE	78.5	634	132	2	930349	932250	176	805	0.0	999
KN042426.1	sp|O93866|HSP70_TRIRU	78.5	659	115	3	17916	19835	4	654	0.0	998
KN042426.1	sp|Q3ZBT1|TERA_BOVIN	78.5	634	132	2	930349	932250	176	805	0.0	998
KN042426.1	sp|P03974|TERA_PIG	78.4	634	133	2	930349	932250	176	805	0.0	998
KN042426.1	sp|P46462|TERA_RAT	78.5	634	132	2	930349	932250	176	805	0.0	998
KN042426.1	sp|P23787|TERA_XENLA	78.7	634	130	2	930349	932250	176	804	0.0	996
KN042426.1	sp|Q96W30|HSP72_PARBA	78.3	659	116	4	17916	19835	4	654	0.0	995
KN042426.1	sp|P48720|HSP70_BLAEM	81.6	643	113	4	17916	19835	9	649	0.0	994
KN042426.1	sp|Q7ZU99|TERA_DANRE	78.1	634	135	2	930349	932250	176	805	0.0	992
KN042426.1	sp|P46587|HSP72_CANAL	79.2	645	126	3	17916	19835	4	645	0.0	987
KN042426.1	sp|Q5B2V1|HSP70_EMENI	79.8	647	118	7	17916	19835	4	644	0.0	986
KN042426.1	sp|P40918|HSP70_DAVTA	78.5	642	134	3	17916	19835	4	643	0.0	982
KN042426.1	sp|Q01233|HSP70_NEUCR	77.4	655	121	4	17916	19835	4	646	0.0	982
KN042426.1	sp|J9VZ70|HSP71_CRYNH	79.0	652	119	4	17907	19835	1	643	0.0	979
KN042426.1	sp|F5HB71|HSP71_CRYNB	79.3	643	130	2	17907	19835	1	640	0.0	979
KN042427.1	sp|Q9Z2Q4|METH_RAT	53.9	1302	496	12	1072328	1068471	40	1253	0.0	1316
KN042427.1	sp|A6H5Y3|METH_MOUSE	53.9	1302	496	12	1072328	1068471	40	1253	0.0	1304
KN042427.1	sp|Q4JIJ3|METH_BOVIN	50.3	1434	523	12	1072745	1068471	13	1265	0.0	1293
KN042427.1	sp|Q99707|METH_HUMAN	53.5	1302	500	12	1072328	1068471	53	1265	0.0	1291
KN042427.1	sp|Q09582|METH_CAEEL	52.1	1300	518	15	1072328	1068471	41	1249	0.0	1244
KN042427.1	sp|A8XY95|METH_CAEBR	51.0	1322	519	18	1072328	1068477	41	1271	0.0	1224
KN042427.1	sp|Q54P92|METH_DICDI	51.0	1301	527	13	1072328	1068477	47	1254	0.0	1220
KN042427.1	sp|Q7MHB1|METH_VIBVY	46.1	1298	563	15	1072328	1068495	40	1221	0.0	1060
KN042427.1	sp|Q8DCJ7|METH_VIBVU	46.3	1288	576	14	1072328	1068495	40	1221	0.0	1058
KN042427.1	sp|Q5E814|METH_ALIF1	42.9	1432	592	19	1072736	1068486	4	1225	0.0	1055
KN042427.1	sp|Q87L95|METH_VIBPA	46.0	1291	575	16	1072328	1068495	40	1221	0.0	1055
KN042427.1	sp|Q9AJQ8|METH_ALIFS	45.8	1287	571	17	1072301	1068486	50	1225	0.0	1048
KN042427.1	sp|Q9KUW9|METH_VIBCH	43.0	1426	598	18	1072733	1068486	4	1224	0.0	1038
KN042427.1	sp|Q9I2Q2|METH_PSEAE	46.1	1298	578	19	1072328	1068474	46	1234	0.0	1027
KN042427.1	sp|P13009|METH_ECOLI	44.9	1302	598	19	1072349	1068477	32	1225	0.0	1025
KN042427.1	sp|P37586|METH_SALTY	44.7	1293	600	17	1072328	1068477	39	1225	0.0	1019
KN042427.1	sp|Q10284|SSB1_SCHPO	68.6	599	187	1	535136	533340	15	612	3.10e-250	779
KN042427.1	sp|P36415|HS7C1_DICDI	66.4	593	197	2	535136	533361	10	601	7.71e-243	759
KN042427.1	sp|Q75E44|SSB1_ASHGO	67.1	599	194	3	535136	533343	16	612	9.97e-243	758
KN042427.1	sp|P87222|SSB1_CANAW	66.4	599	198	3	535136	533343	16	612	1.85e-242	757
KN042427.1	sp|Q876N3|SSB1_CANGA	66.8	599	196	3	535136	533343	16	612	3.43e-242	756
KN042427.1	sp|Q707W3|SSB1_KLUDE	66.9	599	195	3	535136	533343	16	612	4.67e-242	756
KN042427.1	sp|A2Q0Z1|HSP7C_HORSE	64.9	610	209	2	535160	533343	5	613	2.85e-241	755
KN042427.1	sp|P11142|HSP7C_HUMAN	64.9	610	209	2	535160	533343	5	613	2.85e-241	755
KN042427.1	sp|P63017|HSP7C_MOUSE	64.9	610	209	2	535160	533343	5	613	2.85e-241	755
KN042428.1	sp|F1NTD6|ASCC3_CHICK	50.8	1189	497	18	993994	990524	1057	2189	0.0	1158
KN042428.1	sp|E9PZJ8|ASCC3_MOUSE	51.2	1187	499	20	993994	990518	1049	2183	0.0	1146
KN042428.1	sp|E1BNG3|ASCC3_BOVIN	51.5	1193	481	19	993994	990527	1048	2179	0.0	1145
KN042428.1	sp|Q8N3C0|ASCC3_HUMAN	51.6	1190	484	19	993994	990527	1048	2179	0.0	1145
KN042428.1	sp|F1LPQ2|ASCC3_RAT	50.0	1189	504	17	993994	990527	1049	2179	0.0	1115
KN042428.1	sp|O60072|MUG81_SCHPO	54.7	937	388	4	993970	991163	865	1766	0.0	1047
KN042428.1	sp|Q01877|HSP71_PUCGR	81.7	618	110	1	769238	767385	4	618	0.0	995
KN042428.1	sp|P48720|HSP70_BLAEM	79.2	645	118	5	769238	767340	9	649	1.36e-316	971
KN042428.1	sp|Q10265|HSP71_SCHPO	80.6	612	119	0	769238	767403	4	615	5.33e-316	969
KN042428.1	sp|Q96W30|HSP72_PARBA	76.5	652	133	4	769238	767340	4	654	5.85e-314	964
KN042428.1	sp|O93866|HSP70_TRIRU	76.4	652	134	3	769238	767340	4	654	1.09e-313	963
KN042428.1	sp|P46587|HSP72_CANAL	76.9	642	139	2	769238	767340	4	645	3.63e-313	961
KN042428.1	sp|Q5B2V1|HSP70_EMENI	80.1	619	116	4	769238	767385	4	616	2.23e-312	959
KN042428.1	sp|O59855|HSP72_SCHPO	78.9	612	129	0	769238	767403	4	615	6.31e-312	958
KN042428.1	sp|P53421|HSP71_PICAN	77.4	642	136	3	769238	767340	4	645	2.01e-311	956
KN042428.1	sp|P63017|HSP7C_MOUSE	76.4	641	143	3	769238	767340	6	646	2.09e-311	956
KN042428.1	sp|P63018|HSP7C_RAT	76.4	641	143	3	769238	767340	6	646	2.09e-311	956
KN042428.1	sp|J9VZ70|HSP71_CRYNH	77.3	644	131	4	769238	767340	4	643	4.72e-311	955
KN042428.1	sp|A2Q0Z1|HSP7C_HORSE	76.3	641	144	3	769238	767340	6	646	5.28e-311	955
KN042428.1	sp|P11142|HSP7C_HUMAN	76.3	641	144	3	769238	767340	6	646	5.28e-311	955
KN042428.1	sp|Q71U34|HSP7C_SAGOE	76.3	641	144	3	769238	767340	6	646	5.28e-311	955
KN042428.1	sp|F5HB71|HSP71_CRYNB	77.7	640	133	4	769238	767340	4	640	1.45e-310	954
KN042428.1	sp|Q5KKP4|HSP71_CRYNJ	77.7	640	133	4	769238	767340	4	640	1.45e-310	954
KN042428.1	sp|P19120|HSP7C_BOVIN	75.8	645	144	3	769238	767340	6	650	2.11e-310	954
KN042428.1	sp|Q5NVM9|HSP7C_PONAB	76.1	641	145	3	769238	767340	6	646	2.47e-310	953
KN042429.1	sp|O30409|TYCC_BREPA	30.1	5193	3044	91	110685	125891	356	5073	0.0	2010
KN042429.1	sp|P0C064|GRSB_BREBE	30.3	4396	2573	84	113031	125861	8	4033	0.0	1786
KN042429.1	sp|P0C063|GRSB_ANEMI	30.5	4403	2557	88	113031	125861	8	4034	0.0	1783
KN042429.1	sp|Q70LM4|LGRD_BREPA	29.6	4758	2649	81	113025	125858	1	4541	0.0	1760
KN042429.1	sp|Q70LM5|LGRC_BREPA	29.3	4797	2590	94	113016	125849	1	4555	0.0	1714
KN042429.1	sp|Q70LM6|LGRB_BREPA	28.6	4831	2667	95	113034	125942	6	4569	0.0	1590
KN042429.1	sp|O68008|BACC_BACLI	27.1	4774	2696	87	113028	125861	3	4485	0.0	1504
KN042429.1	sp|O68006|BACA_BACLI	28.2	3987	2301	81	114324	125870	18	3604	0.0	1375
KN042429.1	sp|P94459|PPSD_BACSU	30.5	3241	1896	60	113031	122492	6	2978	0.0	1279
KN042429.1	sp|P27206|SRFAA_BACSU	30.0	3179	1916	67	113148	122474	40	2978	0.0	1201
KN042429.1	sp|P45745|DHBF_BACSU	32.4	2071	1189	43	113175	119150	52	1990	1.83e-277	922
KN042429.1	sp|P27743|ACVS_AMYLA	29.3	2870	1742	63	110790	119129	182	2855	2.16e-271	931
KN042429.1	sp|Q9R9J0|MYCB_BACIU	28.2	2670	1594	52	116616	124409	2909	5344	1.01e-268	933
KN042429.1	sp|O68007|BACB_BACLI	31.5	1951	1181	32	120084	125846	173	1998	1.59e-265	893
KN042429.1	sp|P39847|PPSC_BACSU	31.3	2000	1192	39	116661	122537	107	1964	5.42e-248	839
KN042429.1	sp|P07742|RIR1_MOUSE	47.4	916	305	13	738432	741149	42	790	8.27e-247	777
KN042429.1	sp|P23921|RIR1_HUMAN	47.9	912	306	13	738432	741149	42	790	5.33e-244	769
KN042429.1	sp|P39845|PPSA_BACSU	30.7	1978	1202	32	116667	122477	100	1949	9.91e-244	826
KN042429.1	sp|Q5R919|RIR1_PONAB	47.7	912	308	13	738432	741149	42	790	8.52e-243	765
KN042429.1	sp|P79732|RIR1_DANRE	47.2	916	309	14	738432	741149	42	792	1.46e-241	762
KN042429.1	sp|P36602|RIR1_SCHPO	46.7	921	325	12	738432	741152	42	810	7.77e-240	758
KN042429.1	sp|P48591|RIR1_DROME	46.9	912	324	14	738432	741149	53	810	5.17e-237	749
KN042429.1	sp|Q9UW15|RIR1_NEUCR	48.6	847	303	8	738432	740966	42	758	2.28e-232	741
KN042429.1	sp|Q03604|RIR1_CAEEL	47.4	859	295	11	738432	740966	48	763	2.77e-230	729
KN042429.1	sp|P21672|RIR3_YEAST	44.0	957	358	13	738432	741155	42	869	3.69e-228	726
KN042430.1	sp|O94609|UBA1_SCHPO	53.1	1073	385	11	397328	394128	52	1012	0.0	1051
KN042430.1	sp|Q02053|UBA1_MOUSE	55.5	940	367	9	396905	394128	155	1057	0.0	1035
KN042430.1	sp|A3KMV5|UBA1_BOVIN	55.6	940	366	9	396905	394128	155	1057	0.0	1034
KN042430.1	sp|Q5U300|UBA1_RAT	55.3	940	369	9	396905	394128	155	1057	0.0	1031
KN042430.1	sp|P22314|UBA1_HUMAN	55.5	940	367	9	396905	394128	155	1057	0.0	1030
KN042430.1	sp|Q29504|UBA1_RABIT	55.2	940	370	9	396905	394128	155	1057	0.0	1025
KN042430.1	sp|P52495|UBA1_CANAW	51.3	1082	400	15	397328	394128	52	1021	0.0	1014
KN042430.1	sp|P31254|UBA1Y_MOUSE	49.0	1078	427	12	397328	394137	86	1054	4.56e-317	991
KN042430.1	sp|P22515|UBA1_YEAST	49.4	1084	422	17	397328	394128	51	1024	1.05e-315	985
KN042430.1	sp|Q55C16|UBA1_DICDI	54.4	939	373	13	396908	394131	119	1015	2.52e-308	964
KN042430.1	sp|P31251|UBE12_WHEAT	40.8	1089	501	20	397328	394134	80	1048	1.96e-232	746
KN042430.1	sp|P20973|UBE11_WHEAT	40.6	1089	503	20	397328	394134	80	1048	5.70e-231	742
KN042430.1	sp|P93028|UBE11_ARATH	40.1	1098	521	21	397361	394134	95	1077	1.42e-230	742
KN042430.1	sp|P31252|UBE13_WHEAT	38.9	1081	531	17	397328	394134	83	1050	5.09e-226	728
KN042430.1	sp|P92974|UBE12_ARATH	40.0	1087	517	19	397328	394125	107	1077	1.98e-225	727
KN042430.1	sp|P78753|ASNS_SCHPO	66.4	458	147	2	779133	780506	107	557	7.69e-202	637
KN042430.1	sp|A0AVT1|UBA6_HUMAN	41.1	944	477	21	396893	394137	155	1044	8.07e-193	631
KN042430.1	sp|P49090|ASNS2_YEAST	64.2	466	150	4	779133	780491	105	566	4.27e-192	610
KN042430.1	sp|P49089|ASNS1_YEAST	64.1	463	156	2	779133	780491	105	567	2.00e-191	608
KN042430.1	sp|Q8C7R4|UBA6_MOUSE	40.1	946	494	19	396908	394137	150	1044	1.10e-190	625
KN042430.1	sp|P38092|HEM1_EMENI	65.6	462	152	5	708416	707046	140	599	1.32e-187	600
KN042430.1	sp|Q7RVY5|HEM1_NEUCR	62.0	479	167	4	708434	707034	106	581	4.59e-181	580
KN042430.1	sp|Q92403|HEM1_AGABI	67.8	450	138	5	708380	707046	102	549	2.61e-179	575
KN042430.1	sp|Q6CCW0|HEM1_YARLI	63.7	457	161	4	708419	707052	106	558	7.85e-177	565
KN042430.1	sp|P41226|UBA7_HUMAN	37.0	952	535	15	396929	394128	108	1012	8.49e-171	566
KN042431.1	sp|Q1LVE8|SF3B3_DANRE	44.5	1377	518	15	620633	624643	1	1171	0.0	1073
KN042431.1	sp|Q921M3|SF3B3_MOUSE	45.3	1363	527	15	620633	624643	1	1171	0.0	1065
KN042431.1	sp|A0JN52|SF3B3_BOVIN	45.3	1363	527	15	620633	624643	1	1171	0.0	1064
KN042431.1	sp|Q15393|SF3B3_HUMAN	45.3	1363	527	15	620633	624643	1	1171	0.0	1064
KN042431.1	sp|Q5RBI5|SF3B3_PONAB	45.3	1363	528	15	620633	624643	1	1171	0.0	1062
KN042431.1	sp|Q4WLN1|ACON_ASPFU	73.2	679	180	2	182163	180130	110	787	0.0	1021
KN042431.1	sp|O13966|ACON_SCHPO	73.3	673	178	2	182163	180148	112	783	0.0	1013
KN042431.1	sp|C8VG90|ACON_EMENI	72.6	675	184	1	182163	180139	108	781	0.0	1011
KN042431.1	sp|P49609|ACON_GRAGA	72.4	671	185	0	182163	180151	103	773	0.0	1008
KN042431.1	sp|D4AT77|ACON_ARTBC	71.6	676	191	1	182163	180136	101	775	0.0	1008
KN042431.1	sp|Q54XS2|ACON_DICDI	71.0	704	198	3	182235	180142	63	766	0.0	1006
KN042431.1	sp|P34455|ACON_CAEEL	68.5	731	220	5	182325	180151	43	769	0.0	995
KN042431.1	sp|Q9ER34|ACON_RAT	66.8	744	225	3	182325	180151	35	775	0.0	995
KN042431.1	sp|Q99KI0|ACON_MOUSE	66.8	744	225	3	182325	180151	35	775	0.0	994
KN042431.1	sp|P20004|ACON_BOVIN	67.8	724	223	2	182301	180151	55	775	0.0	993
KN042431.1	sp|P16276|ACON_PIG	67.8	724	223	2	182301	180151	55	775	0.0	993
KN042431.1	sp|Q99798|ACON_HUMAN	68.4	722	222	3	182301	180151	55	775	0.0	991
KN042431.1	sp|P19414|ACON_YEAST	70.8	674	196	1	182163	180145	101	774	1.29e-318	983
KN042431.1	sp|P0DKL4|S130A_ARATH	43.6	1370	539	19	620633	624643	1	1169	8.20e-317	996
KN042431.1	sp|P0DKL6|S130B_ARATH	43.6	1370	539	19	620633	624643	1	1169	8.20e-317	996
KN042431.1	sp|Q9W0M7|SF3B3_DROME	42.3	1377	558	15	620633	624643	1	1181	1.48e-315	993
KN042431.1	sp|P82611|ACON_CANAL	65.2	738	250	4	182337	180142	40	776	8.16e-314	969
KN042431.1	sp|Q4PGM6|RSE1_USTMA	42.6	1366	560	17	620633	624643	4	1174	3.57e-306	966
KN042431.1	sp|Q4WLI5|RSE1_ASPFU	41.9	1359	565	20	620633	624643	7	1163	2.99e-300	949
KN042431.1	sp|O14139|HRP3_SCHPO	45.3	1220	577	20	514201	517701	206	1388	2.52e-297	947
KN042432.1	sp|O14228|PUR4_SCHPO	60.4	1201	443	12	400367	396780	151	1323	0.0	1417
KN042432.1	sp|Q3IHZ2|PUR4_PSET1	58.4	1198	444	13	400349	396780	145	1296	0.0	1343
KN042432.1	sp|P38972|PUR4_YEAST	58.2	1207	459	15	400367	396780	186	1358	0.0	1332
KN042432.1	sp|Q3KHL4|PUR4_PSEPF	58.2	1202	441	15	400367	396780	153	1298	0.0	1323
KN042432.1	sp|Q47XX7|PUR4_COLP3	57.6	1207	448	15	400346	396780	160	1320	0.0	1319
KN042432.1	sp|Q9KTN2|PUR4_VIBCH	57.4	1196	456	11	400367	396780	155	1297	0.0	1317
KN042432.1	sp|Q8DF81|PUR4_VIBVU	57.3	1193	457	11	400367	396789	155	1294	0.0	1316
KN042432.1	sp|Q886W6|PUR4_PSESM	57.8	1199	450	12	400367	396780	153	1298	0.0	1316
KN042432.1	sp|Q4ZX02|PUR4_PSEU2	57.8	1199	450	12	400367	396780	153	1298	0.0	1316
KN042432.1	sp|Q4KHS6|PUR4_PSEF5	57.6	1202	448	15	400367	396780	153	1298	0.0	1315
KN042432.1	sp|Q7MN70|PUR4_VIBVY	57.2	1193	458	11	400367	396789	155	1294	0.0	1314
KN042432.1	sp|Q48LX3|PUR4_PSE14	57.6	1199	452	12	400367	396780	153	1298	0.0	1313
KN042432.1	sp|Q9HXN2|PUR4_PSEAE	57.7	1202	446	13	400367	396780	153	1298	0.0	1313
KN042432.1	sp|Q5E749|PUR4_ALIF1	57.3	1198	455	12	400367	396789	155	1300	0.0	1306
KN042432.1	sp|Q88P16|PUR4_PSEPK	57.5	1200	453	12	400367	396780	153	1299	0.0	1304
KN042432.1	sp|Q1H2I8|PUR4_METFK	57.1	1202	445	14	400367	396780	157	1293	0.0	1301
KN042432.1	sp|Q7N1Z4|PUR4_PHOLL	57.3	1193	455	13	400367	396789	154	1292	0.0	1301
KN042432.1	sp|Q87RW0|PUR4_VIBPA	57.2	1198	455	12	400367	396789	155	1299	0.0	1300
KN042432.1	sp|Q6LU24|PUR4_PHOPR	56.5	1217	458	14	400376	396792	152	1318	0.0	1297
KN042432.1	sp|Q5QWY0|PUR4_IDILO	57.4	1193	455	12	400367	396789	153	1292	0.0	1296
KN042432.1	sp|Q15R69|PUR4_PSEA6	56.2	1196	470	12	400367	396780	154	1295	0.0	1292
KN042432.1	sp|Q1D9V4|PUR4_MYXXD	56.5	1197	467	11	400370	396780	157	1299	0.0	1292
KN042432.1	sp|Q0HKU9|PUR4_SHESM	56.8	1192	459	11	400367	396792	154	1289	0.0	1291
KN042432.1	sp|Q2SK05|PUR4_HAHCH	57.1	1201	453	16	400367	396780	155	1298	0.0	1290
KN042432.1	sp|Q8EC57|PUR4_SHEON	56.9	1192	458	12	400367	396792	154	1289	0.0	1290
KN042433.1	sp|O94313|CARB_SCHPO	62.8	1116	345	9	703150	706485	107	1156	0.0	1340
KN042433.1	sp|P46056|CARB_CUTCT	63.2	1117	343	14	703150	706485	96	1149	0.0	1310
KN042433.1	sp|P03965|CARB_YEAST	59.0	1127	386	13	703150	706485	49	1114	0.0	1253
KN042433.1	sp|Q75D66|CARB_ASHGO	58.1	1121	401	11	703150	706485	49	1109	0.0	1212
KN042433.1	sp|Q09794|PYR1_SCHPO	53.5	1099	427	13	703150	706407	495	1522	0.0	1104
KN042433.1	sp|P07259|PYR1_YEAST	54.2	1098	423	12	703150	706404	459	1489	0.0	1097
KN042433.1	sp|P05990|PYR1_DROME	53.9	1103	421	14	703150	706401	424	1458	0.0	1085
KN042433.1	sp|O93937|PYR1_EMENI	53.5	1104	417	14	703150	706401	501	1528	0.0	1071
KN042433.1	sp|Q91437|PYR1_SQUAC	53.2	1098	430	15	703150	706392	417	1447	0.0	1070
KN042433.1	sp|P27708|PYR1_HUMAN	52.7	1096	438	13	703150	706398	414	1442	0.0	1066
KN042433.1	sp|P20054|PYR1_DICDI	53.3	1096	428	17	703150	706395	425	1450	0.0	1065
KN042433.1	sp|P08955|PYR1_MESAU	52.1	1103	434	13	703150	706398	414	1442	0.0	1050
KN042433.1	sp|B2RQC6|PYR1_MOUSE	52.5	1096	441	13	703150	706398	414	1442	0.0	1050
KN042433.1	sp|P07756|CPSM_RAT	51.0	1105	452	16	703150	706398	443	1479	0.0	1037
KN042433.1	sp|P31327|CPSM_HUMAN	50.8	1106	454	16	703150	706401	443	1480	0.0	1036
KN042433.1	sp|Q8C196|CPSM_MOUSE	50.6	1106	456	16	703150	706401	443	1480	0.0	1035
KN042433.1	sp|Q91293|CPSM_LITCT	51.2	1102	449	16	703150	706392	440	1473	0.0	1031
KN042433.1	sp|Q18990|PYR1_CAEEL	51.4	1107	447	15	703150	706392	411	1452	3.19e-314	1025
KN042433.1	sp|Q8U085|CARB_PYRFU	43.7	1100	493	19	703150	706392	26	1018	1.87e-247	790
KN042433.1	sp|A2BJL3|CARB_HYPBU	43.4	1107	520	18	703150	706398	28	1051	6.91e-244	780
KN042433.1	sp|Q970U7|CARB_SULTO	41.7	1091	528	16	703150	706371	26	1025	7.90e-236	756
KN042433.1	sp|Q59969|CARB_SACS2	41.1	1089	538	19	703150	706371	26	1026	7.10e-231	741
KN042433.1	sp|O28994|CARB_ARCFU	39.5	1103	585	15	703150	706413	28	1063	3.33e-229	738
KN042433.1	sp|Q97FT3|CARB_CLOAB	39.3	1110	591	19	703150	706446	28	1065	5.92e-229	736
KN042433.1	sp|Q8RBK0|CARB_CALS4	40.9	1100	556	19	703150	706401	28	1049	1.36e-228	736
KN042434.1	sp|O93869|GYS_NEUCR	38.0	1071	242	12	128612	125415	27	680	1.22e-186	599
KN042434.1	sp|P23337|GYS1_YEAST	35.0	1087	275	15	128621	125433	18	696	3.50e-162	528
KN042434.1	sp|P27472|GYS2_YEAST	34.9	1043	252	13	128612	125547	21	657	5.88e-156	510
KN042434.1	sp|P13834|GYS1_RABIT	32.4	1052	290	11	128612	125472	40	675	5.74e-144	477
KN042434.1	sp|Q9Z1E4|GYS1_MOUSE	32.4	1052	290	11	128612	125472	40	675	3.95e-143	474
KN042434.1	sp|A2RRU1|GYS1_RAT	32.4	1050	293	12	128612	125472	40	675	3.95e-143	474
KN042434.1	sp|A7MB78|GYS1_BOVIN	32.3	1052	291	12	128612	125472	40	675	4.30e-142	471
KN042434.1	sp|P13807|GYS1_HUMAN	32.1	1052	293	11	128612	125472	40	675	5.14e-141	468
KN042434.1	sp|Q8MJ26|GYS1_MACMU	32.0	1052	294	11	128612	125472	40	675	1.29e-140	467
KN042434.1	sp|Q5R9H0|GYS1_PONAB	46.1	584	232	8	127208	125472	170	675	3.73e-139	463
KN042434.1	sp|Q9VFC8|GYS_DROME	46.7	527	218	6	127238	125658	191	654	3.87e-133	444
KN042434.1	sp|Q8VCB3|GYS2_MOUSE	45.2	557	223	8	127211	125550	169	646	2.38e-129	433
KN042434.1	sp|P54840|GYS2_HUMAN	44.2	556	230	7	127211	125550	169	646	5.78e-129	432
KN042434.1	sp|P17625|GYS2_RAT	45.2	557	223	8	127211	125550	169	646	5.96e-129	432
KN042434.1	sp|O60155|PRS1_SCHPO	56.5	370	155	5	39011	37911	350	716	1.77e-125	422
KN042434.1	sp|Q9U2D9|GYS_CAEEL	46.0	515	210	5	127202	125670	190	640	1.38e-122	412
KN042434.1	sp|P38708|YHI0_YEAST	51.5	367	170	3	39011	37911	330	688	3.82e-116	394
KN042434.1	sp|Q9M1R2|SYPC_ARATH	49.7	366	156	5	39008	37911	193	530	2.37e-110	372
KN042434.1	sp|Q5F364|MRP1_CHICK	46.2	472	246	5	411555	410149	1052	1518	9.87e-108	391
KN042434.1	sp|P33527|MRP1_HUMAN	44.6	480	258	5	411579	410149	1050	1524	1.06e-107	391
KN042434.1	sp|Q55GH4|GYS_DICDI	42.4	519	233	5	127223	125673	183	637	2.23e-107	375
KN042434.1	sp|Q864R9|MRP1_MACFA	44.2	480	260	5	411579	410149	1050	1524	1.05e-106	388
KN042434.1	sp|B2RX12|MRP3_MOUSE	45.8	469	252	2	411555	410149	1050	1516	1.28e-106	387
KN042434.1	sp|O35379|MRP1_MOUSE	44.7	470	256	4	411555	410149	1055	1521	1.01e-105	385
KN042434.1	sp|O88563|MRP3_RAT	45.4	469	254	2	411555	410149	1049	1515	1.67e-105	384
KN042435.1	sp|P49376|ATPB_KLULA	82.3	475	84	0	28834	30258	29	503	3.73e-248	766
KN042435.1	sp|P23704|ATPB_NEUCR	82.2	488	86	1	28807	30267	30	517	8.55e-248	766
KN042435.1	sp|P22068|ATPB_SCHPO	84.0	470	73	2	28861	30264	55	524	9.29e-247	763
KN042435.1	sp|Q6CFT7|ATPB_YARLI	82.0	477	84	2	28834	30258	31	507	1.33e-244	756
KN042435.1	sp|C0HK52|ATPB_PICAN	81.6	474	86	1	28840	30258	1	474	1.59e-243	751
KN042435.1	sp|Q9PTY0|ATPB_CYPCA	81.7	480	86	2	28828	30264	40	518	3.56e-242	749
KN042435.1	sp|P00830|ATPB_YEAST	80.1	477	95	0	28828	30258	33	509	5.10e-242	749
KN042435.1	sp|P56480|ATPB_MOUSE	80.5	482	85	3	28837	30258	46	526	2.18e-240	745
KN042435.1	sp|P10719|ATPB_RAT	80.3	482	86	3	28837	30258	46	526	1.02e-239	743
KN042435.1	sp|P06576|ATPB_HUMAN	81.5	471	85	2	28855	30264	59	528	2.58e-239	742
KN042435.1	sp|Q5ZLC5|ATPB_CHICK	80.1	482	94	2	28816	30258	51	531	2.99e-239	742
KN042435.1	sp|P00829|ATPB_BOVIN	81.5	471	85	2	28855	30264	59	528	1.59e-238	739
KN042435.1	sp|Q25117|ATPB_HEMPU	78.2	482	98	3	28837	30264	43	523	2.26e-233	724
KN042435.1	sp|Q05825|ATPB_DROME	80.3	471	91	2	28849	30258	34	503	3.47e-232	720
KN042435.1	sp|A5V3X5|ATPB_SPHWW	76.9	480	103	2	28840	30258	4	482	1.64e-230	714
KN042435.1	sp|P46561|ATPB_CAEEL	78.3	474	101	2	28840	30258	63	535	3.50e-230	716
KN042435.1	sp|Q1GQS5|ATPB_SPHAL	77.1	475	101	2	28855	30258	39	512	4.80e-230	714
KN042435.1	sp|Q2VZN2|ATPB_MAGSA	77.2	470	105	2	28852	30258	4	472	5.31e-230	712
KN042435.1	sp|Q4FP38|ATPB_PELUB	78.3	469	100	2	28855	30258	2	469	9.15e-230	712
KN042435.1	sp|Q0C100|ATPB_HYPNA	77.2	473	107	1	28840	30258	2	473	2.58e-229	711
KN042435.1	sp|Q2G5N5|ATPB_NOVAD	76.0	480	107	2	28840	30258	2	480	3.23e-229	711
KN042435.1	sp|Q11DD5|ATPB_CHESB	77.9	475	101	3	28840	30258	45	517	8.39e-228	708
KN042435.1	sp|A4WUM7|ATPB_RHOS5	77.7	470	102	2	28855	30258	5	473	1.25e-226	703
KN042435.1	sp|Q1GEU8|ATPB_RUEST	77.5	472	103	2	28849	30258	2	472	1.64e-226	702
KN042435.1	sp|A9M837|ATPB_BRUC2	77.8	472	102	2	28849	30258	49	519	1.98e-226	704
KN042436.1	sp|P17576|CARP_IRPLA	58.6	343	133	4	49354	50379	6	340	4.41e-115	376
KN042436.1	sp|Q9C0V1|AMT1_SCHPO	48.4	370	185	3	36456	35350	81	445	7.32e-108	362
KN042436.1	sp|Q6RET3|PPOA_EMEND	39.4	568	290	19	6347	7990	76	609	7.25e-97	348
KN042436.1	sp|G5EB19|PPOA_EMENI	39.4	568	290	19	6347	7990	76	609	7.25e-97	348
KN042436.1	sp|B0Y6R2|PPOA_ASPFC	37.5	597	317	18	6260	7990	49	609	5.53e-96	345
KN042436.1	sp|Q9US00|AMT2_SCHPO	45.9	366	195	3	36456	35368	95	460	8.53e-96	327
KN042436.1	sp|Q4WPX2|PPOA_ASPFU	37.4	597	318	18	6260	7990	49	609	4.37e-95	342
KN042436.1	sp|Q4WY82|PPOC_ASPFU	37.3	581	312	18	6311	7996	116	663	1.90e-90	329
KN042436.1	sp|Q9UUS2|LIDS_GAEGR	37.0	597	317	19	6353	8080	77	635	9.21e-88	322
KN042436.1	sp|P53390|MEP3_YEAST	42.1	366	204	4	36456	35368	66	426	2.62e-87	302
KN042436.1	sp|P41948|MEP2_YEAST	43.4	369	196	6	36456	35377	80	444	3.52e-87	302
KN042436.1	sp|P40260|MEP1_YEAST	40.4	366	210	5	36456	35368	67	427	2.76e-81	285
KN042436.1	sp|Q07429|AMTB_BACSU	39.9	361	202	7	36456	35377	54	400	1.09e-76	268
KN042436.1	sp|O26757|Y661_METTH	41.5	364	193	8	36456	35377	57	404	3.49e-75	264
KN042436.1	sp|Q9BLG4|AMT1_DICDI	40.7	366	198	9	36456	35377	88	440	2.36e-70	252
KN042436.1	sp|O66515|AMT_AQUAE	41.3	363	190	9	36456	35377	79	421	2.58e-70	250
KN042436.1	sp|O26759|Y663_METTH	40.1	362	200	6	36456	35377	64	410	1.18e-69	248
KN042436.1	sp|P63520|AMT_MYCBO	36.8	386	215	6	36456	35371	63	443	1.51e-65	238
KN042436.1	sp|P9WQ64|AMT_MYCTO	36.8	386	215	6	36456	35371	63	443	1.51e-65	238
KN042436.1	sp|P9WQ65|AMT_MYCTU	36.8	386	215	6	36456	35371	63	443	1.51e-65	238
KN042436.1	sp|Q9P7F3|AMT3_SCHPO	35.5	411	208	8	36456	35374	81	484	2.32e-65	239
KN042436.1	sp|P69680|AMTB_ECO57	34.4	366	214	9	36456	35377	81	426	6.43e-56	209
KN042436.1	sp|P69681|AMTB_ECOLI	34.4	366	214	9	36456	35377	81	426	6.43e-56	209
KN042436.1	sp|Q9UR07|TF211_SCHPO	36.7	327	199	4	13	981	936	1258	4.17e-51	208
KN042436.1	sp|P0CT41|TF212_SCHPO	36.7	327	199	4	13	981	936	1258	4.17e-51	208
KN042437.1	sp|P0C7L7|YUM14_USTMA	32.7	1320	673	36	13528	17148	324	1541	8.54e-162	553
KN042437.1	sp|Q6P158|DHX57_HUMAN	32.8	1109	582	29	14134	17202	354	1385	6.51e-142	489
KN042437.1	sp|F4ILR7|DEXH1_ARATH	34.0	887	469	17	14578	17184	202	990	1.82e-141	477
KN042437.1	sp|Q6P5D3|DHX57_MOUSE	32.3	1105	595	30	14134	17202	354	1387	9.82e-141	486
KN042437.1	sp|Q05B79|DHX36_BOVIN	35.9	898	437	23	14557	17145	173	966	1.21e-140	475
KN042437.1	sp|Q9H2U1|DHX36_HUMAN	35.9	893	443	22	14557	17145	171	964	3.23e-139	471
KN042437.1	sp|Q8VHK9|DHX36_MOUSE	35.9	881	430	25	14602	17145	179	957	3.21e-135	459
KN042437.1	sp|D4A2Z8|DHX36_RAT	36.4	874	435	24	14602	17145	178	956	1.05e-134	457
KN042437.1	sp|Q6PGC1|DHX29_MOUSE	32.8	915	499	17	14551	17205	535	1363	7.98e-129	450
KN042437.1	sp|Q7Z478|DHX29_HUMAN	33.4	892	475	19	14629	17205	562	1367	4.23e-126	442
KN042437.1	sp|F4IM84|DEXH5_ARATH	33.5	895	468	18	14590	17208	197	986	1.05e-125	434
KN042437.1	sp|F4HYJ7|DEXH3_ARATH	35.0	854	436	17	14650	17157	296	1048	2.53e-125	435
KN042437.1	sp|O94536|UCP12_SCHPO	28.9	1189	652	28	13705	17211	312	1327	2.40e-123	432
KN042437.1	sp|F4I9Q5|DEXH7_ARATH	34.9	941	468	26	14590	17208	591	1454	3.82e-122	432
KN042437.1	sp|A3KMI0|DHX29_XENLA	32.2	891	487	20	14629	17205	556	1361	1.07e-116	413
KN042437.1	sp|Q9C6G0|DEXH4_ARATH	34.4	919	477	28	14590	17208	574	1412	8.74e-113	402
KN042437.1	sp|Q06698|YL419_YEAST	27.5	1234	653	34	13699	17148	333	1408	2.69e-112	401
KN042437.1	sp|Q10723|ARS_VOLCA	36.2	591	296	17	6278	7957	24	564	2.08e-99	342
KN042437.1	sp|Q5ZI74|DHX30_CHICK	32.8	787	400	19	14659	16992	478	1144	2.52e-93	340
KN042437.1	sp|P14217|ARS_CHLRE	36.3	593	287	22	6278	7951	25	561	2.01e-92	322
KN042437.1	sp|P24785|MLE_DROME	30.5	879	479	23	14578	17145	357	1126	2.39e-89	328
KN042437.1	sp|Q5R874|DHX9_PONAB	30.4	884	495	27	14578	17196	361	1135	2.41e-87	322
KN042437.1	sp|Q08211|DHX9_HUMAN	30.4	884	495	27	14578	17196	361	1135	2.44e-87	322
KN042437.1	sp|Q68FK8|DHX9_XENLA	31.1	879	488	24	14590	17196	367	1137	3.96e-87	321
KN042437.1	sp|Q28141|DHX9_BOVIN	30.3	884	496	25	14578	17196	358	1132	9.20e-86	317
KN042438.1	sp|Q20967|LYS5_CAEEL	32.9	210	121	5	58844	58227	6	199	3.72e-19	95.1
KN042438.1	sp|Q9R1U5|SIK1_RAT	31.3	160	87	5	54797	55270	136	274	8.09e-08	65.5
KN042438.1	sp|A0A0B4J2F2|SIK1B_HUMAN	30.6	160	88	5	54797	55270	136	274	1.83e-07	64.3
KN042438.1	sp|P57059|SIK1_HUMAN	30.6	160	88	5	54797	55270	136	274	1.83e-07	64.3
KN042438.1	sp|Q60670|SIK1_MOUSE	29.8	171	97	5	54764	55270	125	274	2.39e-07	63.9
KN042438.1	sp|O14351|YB45_SCHPO	54.3	46	21	0	62098	62235	105	150	3.40e-07	60.8
KN042438.1	sp|P40580|BZRD_YEAST	50.0	48	22	1	62098	62235	110	157	2.52e-05	55.5
KN042438.1	sp|O88445|AURKC_MOUSE	29.5	129	73	4	54746	55132	109	219	9.08e-05	53.9
KN042438.1	sp|P40579|YIV5_YEAST	47.9	48	25	0	62098	62241	105	152	3.17e-04	52.0
KN042439.1	sp|Q8SR75|RPB2_ENCCU	29.4	858	449	26	2066	4336	339	1140	9.73e-82	302
KN042439.1	sp|P22276|RPC2_YEAST	27.5	1037	561	36	1574	4336	183	1144	3.45e-76	285
KN042439.1	sp|O27124|RPOB1_METTH	33.9	599	304	18	2783	4336	13	600	3.80e-76	273
KN042439.1	sp|P11513|RPOB_SULAC	28.4	805	422	26	2075	4201	318	1064	2.00e-75	283
KN042439.1	sp|Q10578|RPB2_CAEEL	26.4	1045	558	30	1574	4285	189	1163	9.48e-75	281
KN042439.1	sp|Q54J75|RPB2_DICDI	27.2	1029	561	34	1574	4285	187	1152	1.34e-74	281
KN042439.1	sp|P38420|NRPB2_ARATH	29.1	1033	561	37	1574	4309	189	1171	1.60e-74	281
KN042439.1	sp|Q42877|RPB2_SOLLC	27.8	1037	561	33	1562	4285	184	1161	2.91e-74	280
KN042439.1	sp|P08266|RPB2_DROME	26.5	1070	558	32	1574	4333	184	1175	5.92e-74	279
KN042439.1	sp|P30876|RPB2_HUMAN	26.5	1051	549	32	1574	4285	183	1157	7.72e-74	278
KN042439.1	sp|Q8CFI7|RPB2_MOUSE	26.5	1051	549	32	1574	4285	183	1157	7.72e-74	278
KN042439.1	sp|P09845|RPOB1_METTW	32.1	589	315	17	2792	4336	24	601	9.11e-74	266
KN042439.1	sp|P31814|RPOB_THECE	28.8	852	422	28	2117	4333	339	1118	4.48e-73	275
KN042439.1	sp|P59470|RPC2_MOUSE	26.5	1033	575	33	1574	4333	167	1128	5.03e-73	275
KN042439.1	sp|Q9NW08|RPC2_HUMAN	26.4	1033	576	33	1574	4333	167	1128	6.69e-73	275
KN042439.1	sp|Q197F1|RPB2_IIV3	28.3	902	491	25	1856	4336	319	1139	1.67e-71	271
KN042439.1	sp|Q10233|RPC2_SCHPO	26.8	1037	576	33	1574	4336	191	1160	2.81e-71	270
KN042439.1	sp|Q753Q4|RPB2_ASHGO	27.6	880	443	24	2066	4285	375	1200	3.31e-70	268
KN042439.1	sp|P25167|RPC2_DROME	26.4	1032	578	32	1574	4336	175	1135	3.74e-70	266
KN042439.1	sp|P08518|RPB2_YEAST	27.1	877	448	22	2066	4285	380	1202	7.83e-70	266
KN042439.1	sp|F4KD38|NRPC2_ARATH	26.2	1071	551	38	1574	4333	176	1158	1.45e-69	265
KN042439.1	sp|Q6FLD5|RPB2_CANGA	27.0	878	449	22	2066	4285	378	1201	3.18e-69	265
KN042439.1	sp|Q03587|RPOB_THEAC	26.6	886	434	29	2102	4327	376	1189	7.59e-68	260
KN042439.1	sp|Q60181|RPOB1_METJA	31.0	591	319	16	2798	4333	31	611	1.53e-67	248
KN042439.1	sp|A5DHT2|RPB2_PICGU	26.0	1075	601	36	1574	4336	194	1228	1.27e-66	256
KN042440.1	sp|Q7ZV90|PIF1_DANRE	31.6	402	248	11	13839	12664	207	591	1.87e-33	146
KN042440.1	sp|Q0R4F1|PIF1_XENLA	28.9	408	265	10	13860	12664	201	592	2.35e-31	139
KN042440.1	sp|Q80SX8|PIF1_MOUSE	30.5	407	246	10	13839	12664	216	600	6.31e-31	138
KN042440.1	sp|Q1HG60|PIF1_RAT	31.1	405	246	9	13839	12664	203	587	1.33e-30	137
KN042440.1	sp|Q9H611|PIF1_HUMAN	30.9	405	247	10	13839	12664	207	591	3.23e-30	136
KN042440.1	sp|Q6MHJ5|PIF1_BDEBA	31.0	406	253	13	13851	12658	29	415	3.81e-29	129
KN042440.1	sp|Q9UUA2|PIF1_SCHPO	26.0	477	274	12	13845	12619	308	773	2.67e-24	118
KN042440.1	sp|Q5AXT5|PIF1_EMENI	28.1	467	251	13	13797	12607	254	705	1.40e-22	112
KN042440.1	sp|Q196V4|VF030_IIV3	28.4	416	255	15	13830	12652	60	455	8.18e-20	102
KN042440.1	sp|Q384Y1|PIF1_TRYB2	30.8	221	127	5	13920	13279	247	448	1.02e-17	97.4
KN042440.1	sp|A6ZM04|PIF1_YEAS7	27.6	348	232	12	13920	12892	214	546	2.14e-17	96.3
KN042440.1	sp|P07271|PIF1_YEAST	27.6	348	232	12	13920	12892	214	546	2.14e-17	96.3
KN042440.1	sp|Q59RQ0|PIF1_CANAL	30.3	333	189	14	13845	12913	367	678	1.00e-15	90.9
KN042440.1	sp|Q384Y0|PIF2_TRYB2	29.4	255	158	7	13839	13078	435	668	3.70e-14	85.9
KN042440.1	sp|Q383A1|PIF3_TRYB2	26.7	251	146	9	13845	13120	224	445	6.15e-09	68.6
KN042442.1	sp|P10394|POL4_DROME	23.7	325	238	6	13116	12166	884	1206	6.51e-19	99.8
KN042442.1	sp|Q00962|POL_CAMVN	26.9	260	181	5	14473	13706	252	506	4.23e-18	96.3
KN042442.1	sp|P03554|POL_CAMVS	29.6	199	134	4	14290	13706	309	505	1.27e-17	94.7
KN042442.1	sp|P03555|POL_CAMVC	29.6	199	134	4	14290	13706	309	505	1.66e-17	94.4
KN042442.1	sp|Q02964|POL_CAMVE	29.6	199	134	4	14290	13706	309	505	1.66e-17	94.4
KN042442.1	sp|P03556|POL_CAMVD	29.1	199	135	4	14290	13706	304	500	8.54e-17	92.0
KN042443.1	sp|P50125|CYSD_EMENI	67.1	237	76	1	5163	4459	59	295	1.32e-97	327
KN042443.1	sp|S0DUX5|FUB7_GIBF5	66.8	232	75	1	5163	4474	59	290	5.48e-95	319
KN042443.1	sp|A0A0D2YG02|FUB7_FUSO4	66.8	232	75	1	5163	4474	59	290	7.45e-95	319
KN042443.1	sp|W7MS09|FUB7_GIBM7	65.9	232	77	1	5163	4474	59	290	6.41e-94	316
KN042443.1	sp|O13326|CYSD_SCHPO	63.7	237	84	1	5163	4459	58	294	3.61e-91	308
KN042443.1	sp|P06106|CYSD_YEAST	60.8	237	91	1	5163	4459	57	293	1.24e-87	298
KN042443.1	sp|Q92441|CYSD_KLULA	60.8	237	91	1	5163	4459	56	292	4.23e-85	291
KN042443.1	sp|Q5SK88|METY1_THET8	56.4	236	102	1	5163	4459	53	288	1.81e-78	271
KN042443.1	sp|P94890|METY_LEPME	51.3	238	107	2	5163	4474	65	301	3.84e-73	256
KN042443.1	sp|Q9WZY4|METY_THEMA	54.7	236	104	2	5163	4459	59	292	1.25e-70	249
KN042443.1	sp|Q8J0B2|LOLC1_EPIUN	47.8	232	114	2	5163	4474	74	300	6.39e-60	219
KN042443.1	sp|Q5MNH8|LOLC2_EPIUN	46.6	232	117	2	5163	4474	74	300	5.36e-59	216
KN042443.1	sp|Q79VI4|METY_CORGL	46.1	241	122	5	5178	4474	59	297	1.81e-51	193
KN042443.1	sp|Q9P6J7|YHD3_SCHPO	23.8	428	279	5	12520	13785	106	492	3.63e-31	135
KN042443.1	sp|Q73KL7|MEGL_TREDE	41.4	174	99	2	5163	4648	60	232	1.42e-30	131
KN042443.1	sp|Q7MX71|MEGL_PORGI	35.3	232	116	4	5163	4474	60	259	1.85e-30	130
KN042443.1	sp|Q08902|AMF1_YEAST	23.5	438	276	8	12520	13791	104	496	2.75e-29	129
KN042443.1	sp|Q8L0X4|MEGL_FUSNP	42.3	168	95	2	5163	4663	57	223	4.60e-29	126
KN042443.1	sp|Q8RDT4|MEGL_FUSNN	36.6	205	122	3	5163	4570	57	260	2.05e-28	124
KN042443.1	sp|O05394|MCCB_BACSU	36.7	226	136	4	5163	4486	45	263	3.74e-28	123
KN042443.1	sp|P13254|MEGL_PSEPU	32.9	231	122	3	5163	4474	60	258	3.93e-28	124
KN042443.1	sp|O31631|METI_BACSU	44.0	166	91	2	5160	4663	48	211	8.21e-28	122
KN042443.1	sp|P55218|METZ_PSEAE	41.5	171	99	1	5163	4651	68	237	1.90e-27	122
KN042443.1	sp|Q55DV9|CGL_DICDI	35.2	230	116	4	5163	4474	52	248	2.28e-25	115
KN042443.1	sp|P0C2T9|METC_LACLC	42.8	166	93	2	5163	4666	46	209	4.94e-25	114
KN042445.1	sp|Q4PCV8|RNA14_USTMA	42.5	464	244	3	4130	2793	327	785	2.46e-104	363
KN042445.1	sp|P0CO13|RNA14_CRYNB	41.5	458	240	3	4130	2793	415	856	4.20e-101	357
KN042445.1	sp|P0CO12|RNA14_CRYNJ	41.5	458	240	3	4130	2793	415	856	4.20e-101	357
KN042445.1	sp|O14233|RNA14_SCHPO	33.6	450	260	3	4130	2781	196	606	7.86e-79	282
KN042445.1	sp|Q2UKV8|RNA14_ASPOR	36.1	451	258	9	4118	2835	401	844	6.11e-67	253
KN042445.1	sp|Q5B3I8|RNA14_EMENI	35.7	451	259	11	4118	2835	391	833	1.77e-64	246
KN042445.1	sp|Q4WXX4|RNA14_ASPFU	35.9	451	259	10	4118	2835	402	845	2.04e-64	245
KN042445.1	sp|Q12996|CSTF3_HUMAN	32.3	439	202	5	4130	2865	155	515	3.60e-64	238
KN042445.1	sp|Q5RDW9|CSTF3_PONAB	32.3	439	202	5	4130	2865	155	515	3.60e-64	238
KN042445.1	sp|Q99LI7|CSTF3_MOUSE	32.3	439	202	5	4130	2865	155	515	8.79e-64	237
KN042445.1	sp|Q6C8L8|RNA14_YARLI	33.2	446	241	6	4130	2796	337	726	6.12e-60	228
KN042445.1	sp|P0C7B6|GLNA2_DICDI	43.2	287	133	7	8028	7168	265	521	8.16e-57	211
KN042445.1	sp|Q8GUP1|CTF77_ARATH	29.8	446	223	4	4130	2820	131	495	2.59e-55	212
KN042445.1	sp|P25991|SUF_DROME	29.3	464	201	6	4130	2886	156	541	3.17e-54	209
KN042445.1	sp|Q7S1Y0|RNA14_NEUCR	31.8	469	268	13	4124	2835	395	850	6.45e-53	210
KN042445.1	sp|P39826|CDC3_CANAX	33.4	506	190	11	12307	13800	36	402	3.89e-50	189
KN042445.1	sp|Q6FU45|RNA14_CANGA	30.6	458	241	9	4124	2796	165	560	5.53e-48	188
KN042445.1	sp|Q4IR09|RNA14_GIBZE	30.0	463	270	13	4118	2835	315	758	3.92e-46	187
KN042445.1	sp|Q759Y6|RNA14_ASHGO	28.1	455	245	10	4124	2808	186	574	4.71e-43	174
KN042445.1	sp|Q6CII8|RNA14_KLULA	27.4	457	257	10	4124	2796	184	579	4.83e-42	171
KN042445.1	sp|O36023|SPN1_SCHPO	31.2	506	203	11	12322	13818	101	468	1.31e-41	165
KN042445.1	sp|P32457|CDC3_YEAST	46.4	196	70	1	13183	13770	336	496	6.77e-40	161
KN042445.1	sp|Q5AM44|RNA14_CANAL	29.0	421	246	9	4121	3000	160	574	3.70e-37	157
KN042445.1	sp|Q5R1W1|SEPT7_PANTR	42.8	194	71	3	13183	13752	239	396	9.86e-31	132
KN042445.1	sp|P21154|GLN1A_METVO	30.2	281	168	6	8007	7171	192	446	2.94e-30	131
KN042446.1	sp|C0SPA5|ADHA_BACSU	57.7	71	29	1	10304	10092	156	225	3.75e-15	84.0
KN042446.1	sp|P27250|AHR_ECOLI	33.8	151	78	5	10815	10387	16	152	7.97e-15	82.8
KN042446.1	sp|P75691|YAHK_ECOLI	59.2	71	28	1	10301	10089	154	223	1.67e-13	79.0
KN042446.1	sp|Q02971|CADH7_ARATH	55.3	76	31	3	10310	10089	155	229	4.34e-13	77.8
KN042446.1	sp|Q02972|CADH8_ARATH	53.9	76	32	3	10310	10089	155	229	5.91e-13	77.4
KN042446.1	sp|P0CH36|ADHC1_MYCS2	50.7	73	35	1	10310	10092	152	223	1.70e-12	75.9
KN042446.1	sp|P0CH37|ADHC2_MYCS2	50.7	73	35	1	10310	10092	152	223	1.70e-12	75.9
KN042446.1	sp|P42754|MTDH_PETCR	53.9	76	32	3	10310	10089	136	210	2.01e-12	75.5
KN042446.1	sp|P25377|ADH7_YEAST	50.0	72	35	1	10304	10089	159	229	2.56e-12	75.5
KN042446.1	sp|Q8H859|CADH1_ORYSJ	53.9	76	32	3	10310	10089	156	230	5.69e-12	74.3
KN042446.1	sp|Q9ZRF1|MTDH_FRAAN	55.3	76	31	3	10310	10089	157	231	7.95e-12	73.9
KN042446.1	sp|Q6ERW7|CAD8C_ORYSJ	53.9	76	32	3	10310	10089	232	306	1.82e-11	73.6
KN042446.1	sp|Q0J6T3|CADH5_ORYSJ	52.6	76	33	3	10310	10089	152	226	3.21e-11	72.0
KN042446.1	sp|Q6V4H0|10HGO_CATRO	54.8	73	30	3	10301	10089	162	233	3.38e-11	72.0
KN042446.1	sp|Q337Y2|CADH3_ORYSJ	50.0	72	35	1	10301	10089	165	236	4.73e-11	71.6
KN042446.1	sp|P12311|ADH1_GEOSE	54.3	70	31	1	10310	10101	141	209	4.90e-11	71.2
KN042446.1	sp|P42328|ADH3_GEOSE	54.3	70	31	1	10310	10101	141	209	4.99e-11	71.2
KN042446.1	sp|Q38707|MTDH_APIGR	51.3	76	34	3	10310	10089	159	233	6.25e-11	71.2
KN042446.1	sp|Q2R114|CADH4_ORYSJ	51.4	74	33	3	10304	10089	158	230	7.62e-11	70.9
KN042446.1	sp|Q6ERW9|CAD8B_ORYSJ	52.6	76	33	3	10310	10089	229	303	9.68e-11	71.2
KN042446.1	sp|P93257|MTDH_MESCR	51.3	76	34	3	10310	10089	160	234	1.07e-10	70.5
KN042446.1	sp|O65621|CADH6_ARATH	47.3	74	38	1	10307	10089	161	234	1.09e-10	70.5
KN042446.1	sp|O82515|MTDH_MEDSA	52.6	76	33	3	10310	10089	158	232	1.41e-10	70.1
KN042446.1	sp|W8JDE0|ADH9_CATRO	50.0	76	35	3	10310	10089	160	234	1.43e-10	70.1
KN042446.1	sp|Q9CAI3|CADH1_ARATH	50.0	76	35	3	10310	10089	157	231	1.82e-10	69.7
KN042447.1	sp|P22373|DPOM_CLAPU	24.5	575	321	21	3093	4586	439	977	3.97e-22	109
KN042447.1	sp|Q01529|DPOM_PODAS	23.2	513	293	19	3198	4544	487	962	5.53e-18	96.3
KN042448.1	sp|Q01529|DPOM_PODAS	24.2	409	241	14	8640	9773	586	956	2.11e-17	94.4
KN042449.1	sp|P0CT41|TF212_SCHPO	34.7	856	514	15	4245	6734	418	1254	2.15e-148	504
KN042449.1	sp|P0CT34|TF21_SCHPO	34.7	856	514	15	4245	6734	418	1254	2.15e-148	504
KN042449.1	sp|P0CT35|TF22_SCHPO	34.7	856	514	15	4245	6734	418	1254	2.15e-148	504
KN042449.1	sp|P0CT36|TF23_SCHPO	34.7	856	514	15	4245	6734	418	1254	2.15e-148	504
KN042449.1	sp|P0CT37|TF24_SCHPO	34.7	856	514	15	4245	6734	418	1254	2.15e-148	504
KN042449.1	sp|P0CT38|TF25_SCHPO	34.7	856	514	15	4245	6734	418	1254	2.15e-148	504
KN042449.1	sp|P0CT39|TF26_SCHPO	34.7	856	514	15	4245	6734	418	1254	2.15e-148	504
KN042449.1	sp|P0CT40|TF29_SCHPO	34.7	856	514	15	4245	6734	418	1254	2.15e-148	504
KN042449.1	sp|Q9UR07|TF211_SCHPO	34.6	856	515	15	4245	6734	418	1254	3.17e-147	501
KN042449.1	sp|P0CT42|TF27_SCHPO	34.6	856	515	15	4245	6734	418	1254	3.17e-147	501
KN042449.1	sp|P0CT43|TF28_SCHPO	34.6	856	515	15	4245	6734	418	1254	3.17e-147	501
KN042449.1	sp|Q7LHG5|YI31B_YEAST	35.4	857	518	14	4245	6746	628	1471	6.56e-144	495
KN042449.1	sp|Q99315|YG31B_YEAST	35.3	853	516	14	4245	6734	602	1441	1.62e-142	492
KN042449.1	sp|P04323|POL3_DROME	31.1	692	397	14	4245	6134	213	886	5.77e-92	329
KN042449.1	sp|P20825|POL2_DROME	30.6	744	423	14	4245	6272	212	930	4.86e-90	323
KN042449.1	sp|Q8I7P9|POL5_DROME	37.6	468	260	5	4272	5615	138	593	1.69e-87	315
KN042449.1	sp|P10401|POLY_DROME	29.7	782	461	17	4245	6368	187	953	1.10e-82	301
KN042449.1	sp|P05400|POL_CERV	28.6	416	281	7	4254	5459	237	650	8.74e-46	182
KN042449.1	sp|Q89703|POL_CSVMV	29.2	431	267	12	4263	5465	215	637	6.14e-45	179
KN042449.1	sp|Q7TD08|POL_CYLCV	29.2	431	275	11	4254	5465	211	638	1.35e-43	175
KN042449.1	sp|P15629|POL_SOCMV	31.7	338	216	8	4254	5237	212	544	8.30e-42	170
KN042449.1	sp|P31843|RRPO_OENBE	53.8	132	58	1	4368	4754	3	134	2.21e-38	145
KN042449.1	sp|P19199|POL_COYMV	26.7	468	315	10	4269	5597	1416	1880	4.01e-38	162
KN042449.1	sp|Q91DM0|POLG_PVCV1	28.3	413	277	12	4281	5480	1403	1809	7.48e-38	162
KN042449.1	sp|Q6XKE6|POLG_PVCV2	28.8	424	276	14	4248	5480	1400	1810	7.48e-38	162
KN042451.1	sp|Q99315|YG31B_YEAST	25.7	879	594	21	5210	7801	590	1424	3.94e-59	231
KN042451.1	sp|Q7LHG5|YI31B_YEAST	25.6	879	595	21	5210	7801	616	1450	4.78e-59	230
KN042451.1	sp|P03371|POL_EIAVY	27.4	135	92	3	7076	7480	944	1072	4.15e-05	53.5
KN042451.1	sp|P11204|POL_EIAV9	27.4	135	92	3	7076	7480	945	1073	5.44e-05	53.1
KN042451.1	sp|P32542|POL_EIAVC	27.4	135	92	3	7076	7480	945	1073	5.44e-05	53.1
KN042452.1	sp|Q4V8Q1|CAN11_RAT	35.4	268	146	9	7653	8402	109	367	4.67e-43	174
KN042452.1	sp|P00789|CANX_CHICK	28.6	514	241	17	7320	8663	36	489	2.34e-42	172
KN042452.1	sp|Q9JLG8|CAN15_MOUSE	37.8	254	138	6	7650	8369	555	802	3.33e-42	174
KN042452.1	sp|Q9UMQ6|CAN11_HUMAN	33.4	326	150	8	7455	8387	110	383	3.35e-42	172
KN042452.1	sp|Q9GLG2|CAN1_MACFA	32.1	402	196	12	7653	8663	109	498	8.17e-42	170
KN042452.1	sp|P07384|CAN1_HUMAN	31.8	402	197	12	7653	8663	109	498	3.45e-41	168
KN042452.1	sp|P35750|CAN1_PIG	29.5	468	210	14	7455	8663	86	498	4.60e-41	168
KN042452.1	sp|O75808|CAN15_HUMAN	37.4	254	139	7	7650	8369	545	792	8.72e-41	170
KN042452.1	sp|Q5NVS7|CAN1_PONAB	31.6	402	198	12	7653	8663	109	498	1.09e-40	167
KN042452.1	sp|O08529|CAN2_MOUSE	36.2	254	138	7	7653	8369	99	343	1.67e-40	166
KN042452.1	sp|Q07009|CAN2_RAT	36.4	258	132	8	7653	8369	99	343	1.67e-40	166
KN042452.1	sp|Q27970|CAN1_BOVIN	28.6	476	206	14	7455	8663	86	500	3.50e-40	165
KN042452.1	sp|Q27971|CAN2_BOVIN	36.0	258	133	8	7653	8369	99	343	5.30e-40	164
KN042452.1	sp|Q92178|CAN2_CHICK	35.3	255	139	8	7653	8369	99	343	1.67e-39	163
KN042452.1	sp|O35350|CAN1_MOUSE	30.6	402	201	14	7653	8663	109	497	1.90e-39	163
KN042452.1	sp|P97571|CAN1_RAT	30.8	402	200	14	7653	8663	109	497	1.90e-39	163
KN042452.1	sp|Q9GLG1|CAN2_MACFA	36.5	255	136	8	7653	8369	99	343	9.37e-39	160
KN042452.1	sp|P27730|CAN_SCHMA	31.8	400	197	16	7653	8663	148	534	1.17e-38	161
KN042452.1	sp|P17655|CAN2_HUMAN	36.5	255	136	8	7653	8369	99	343	1.25e-38	160
KN042452.1	sp|P27398|CAND_DROME	36.5	255	139	6	7653	8369	1073	1320	2.05e-38	163
KN042452.1	sp|P20807|CAN3_HUMAN	29.6	368	145	9	7455	8369	100	416	9.79e-38	159
KN042452.1	sp|Q6ZFZ4|DEK1_ORYSJ	34.1	264	157	8	7653	8411	1766	2023	1.27e-37	160
KN042452.1	sp|Q8RVL2|DEK1_ARATH	33.7	264	158	7	7653	8411	1755	2012	4.86e-37	159
KN042452.1	sp|P34308|CAN_CAEEL	35.5	256	140	10	7650	8369	364	610	1.27e-36	155
KN042452.1	sp|Q64691|CAN3_MOUSE	32.1	302	134	8	7653	8369	123	416	2.13e-36	154
KN042455.1	sp|Q99315|YG31B_YEAST	27.7	933	609	21	4341	1651	584	1486	1.03e-78	294
KN042455.1	sp|Q7LHG5|YI31B_YEAST	28.2	871	569	19	4341	1807	610	1450	1.45e-78	293
KN042455.1	sp|P20825|POL2_DROME	28.9	740	459	16	4341	2254	195	911	8.74e-75	276
KN042455.1	sp|P04323|POL3_DROME	27.0	732	461	15	4338	2287	198	904	3.72e-70	262
KN042455.1	sp|P0CT41|TF212_SCHPO	24.7	1049	674	30	4662	1651	314	1291	5.42e-66	252
KN042455.1	sp|P0CT34|TF21_SCHPO	24.7	1049	674	30	4662	1651	314	1291	5.42e-66	252
KN042455.1	sp|P0CT35|TF22_SCHPO	24.7	1049	674	30	4662	1651	314	1291	5.42e-66	252
KN042455.1	sp|P0CT36|TF23_SCHPO	24.7	1049	674	30	4662	1651	314	1291	5.42e-66	252
KN042455.1	sp|P0CT37|TF24_SCHPO	24.7	1049	674	30	4662	1651	314	1291	5.42e-66	252
KN042455.1	sp|P0CT38|TF25_SCHPO	24.7	1049	674	30	4662	1651	314	1291	5.42e-66	252
KN042455.1	sp|P0CT39|TF26_SCHPO	24.7	1049	674	30	4662	1651	314	1291	5.42e-66	252
KN042455.1	sp|P0CT40|TF29_SCHPO	24.7	1049	674	30	4662	1651	314	1291	5.42e-66	252
KN042455.1	sp|Q9UR07|TF211_SCHPO	24.6	1049	675	30	4662	1651	314	1291	2.17e-65	250
KN042455.1	sp|P0CT42|TF27_SCHPO	24.6	1049	675	30	4662	1651	314	1291	2.17e-65	250
KN042455.1	sp|P0CT43|TF28_SCHPO	24.6	1049	675	30	4662	1651	314	1291	2.17e-65	250
KN042455.1	sp|P10394|POL4_DROME	28.5	516	345	10	4533	3010	241	740	1.26e-49	199
KN042455.1	sp|P09523|POL_FMVD	25.4	503	352	11	4494	3022	173	664	9.69e-34	144
KN042455.1	sp|P19199|POL_COYMV	24.5	469	319	11	4518	3169	1332	1784	3.03e-30	136
KN042455.1	sp|Q91DM0|POLG_PVCV1	26.3	376	262	9	4137	3028	1438	1804	5.17e-26	122
KN042455.1	sp|Q6XKE6|POLG_PVCV2	26.3	376	262	9	4137	3028	1439	1805	5.17e-26	122
KN042455.1	sp|Q89703|POL_CSVMV	23.5	391	265	10	4137	3028	260	637	9.90e-24	113
KN042455.1	sp|P03356|POL_MLVAV	23.8	319	213	7	4284	3382	723	1029	4.62e-15	86.3
KN042455.1	sp|Q6R2W3|SCND3_HUMAN	27.6	199	135	5	2661	2080	339	533	8.87e-09	65.5
KN042455.1	sp|P34457|YMD3_CAEEL	32.1	112	73	2	2535	2203	1	110	9.06e-07	57.0
KN042457.1	sp|Q03141|MARK3_MOUSE	47.6	168	83	1	2491	2979	65	232	8.16e-40	164
KN042457.1	sp|P27448|MARK3_HUMAN	47.6	168	83	1	2491	2979	65	232	1.08e-39	164
KN042457.1	sp|O08679|MARK2_RAT	48.8	168	81	1	2491	2979	62	229	1.10e-39	163
KN042457.1	sp|Q8VHF0|MARK3_RAT	47.6	168	83	1	2491	2979	65	232	1.14e-39	164
KN042457.1	sp|Q7KZI7|MARK2_HUMAN	48.8	168	81	1	2491	2979	62	229	1.89e-39	163
KN042457.1	sp|O08678|MARK1_RAT	48.8	168	81	1	2491	2979	69	236	1.96e-39	163
KN042457.1	sp|Q9P0L2|MARK1_HUMAN	48.8	168	81	1	2491	2979	69	236	1.99e-39	163
KN042457.1	sp|Q8VHJ5|MARK1_MOUSE	48.8	168	81	1	2491	2979	69	236	1.99e-39	163
KN042457.1	sp|Q9URY1|PPK16_SCHPO	48.2	164	83	1	2491	2976	40	203	6.65e-39	160
KN042457.1	sp|Q05512|MARK2_MOUSE	48.2	168	82	1	2491	2979	62	229	1.67e-38	160
KN042457.1	sp|A8WYE4|PAR1_CAEBR	45.8	168	86	1	2491	2979	137	304	6.60e-37	157
KN042457.1	sp|Q9TW45|PAR1_CAEEL	45.8	168	86	1	2491	2979	179	346	7.71e-37	157
KN042457.1	sp|Q9H0K1|SIK2_HUMAN	45.2	168	87	1	2491	2979	29	196	2.32e-36	154
KN042457.1	sp|Q8LIG4|CIPK3_ORYSJ	45.0	171	85	3	2491	2976	28	198	1.32e-35	146
KN042457.1	sp|Q8CFH6|SIK2_MOUSE	44.0	168	89	1	2491	2979	29	196	1.62e-35	152
KN042457.1	sp|Q5REX1|SIK2_PONAB	44.0	168	89	1	2491	2979	29	196	3.29e-34	147
KN042457.1	sp|Q5RJI5|BRSK1_MOUSE	44.9	167	87	1	2491	2976	43	209	4.25e-34	146
KN042457.1	sp|B2DD29|BRSK1_RAT	44.9	167	87	1	2491	2976	43	209	4.25e-34	146
KN042457.1	sp|Q8TDC3|BRSK1_HUMAN	44.3	167	88	1	2491	2976	43	209	5.62e-34	146
KN042457.1	sp|Q60670|SIK1_MOUSE	43.5	168	90	1	2491	2979	36	203	7.48e-34	145
KN042457.1	sp|Q19469|SAD1_CAEEL	43.7	167	89	1	2491	2976	56	222	3.80e-33	144
KN042457.1	sp|Q8IWQ3|BRSK2_HUMAN	43.7	167	89	1	2491	2976	28	194	4.18e-33	143
KN042457.1	sp|Q69Z98|BRSK2_MOUSE	43.7	167	89	1	2491	2976	29	195	5.50e-33	142
KN042457.1	sp|D3ZML2|BRSK2_RAT	43.7	167	89	1	2491	2976	29	195	5.50e-33	142
KN042457.1	sp|Q6ERS0|CIPKR_ORYSJ	40.4	171	93	3	2491	2976	20	190	8.04e-33	137
KN042459.1	sp|A0A1B4XBH7|SDNN_SORAA	42.6	101	51	4	2328	2612	83	182	1.89e-09	66.2
KN042459.1	sp|A0A0M3STX4|AURC_CALAK	28.7	108	72	2	2331	2639	98	205	1.41e-07	60.5
KN042459.1	sp|A0A3G9GX61|CDMI_TALVE	26.9	108	75	2	2331	2642	106	213	1.26e-06	57.4
KN042459.1	sp|S0E2X6|BIK2_GIBF5	32.1	106	67	2	2331	2645	101	202	3.48e-05	52.8
KN042459.1	sp|C3VEQ2|ZEP_ONCHC	31.6	98	58	2	2352	2645	188	276	2.13e-04	50.4
KN042459.1	sp|H1ZZA4|AUAG_STIAU	37.3	67	42	0	2355	2555	104	170	2.56e-04	49.7
KN042459.1	sp|Q0JCU7|ZEP_ORYSJ	36.4	66	42	0	2352	2549	186	251	4.80e-04	49.3
KN042459.1	sp|Q9FGC7|ZEP_ARATH	36.4	66	42	0	2352	2549	189	254	4.82e-04	49.3
KN042459.1	sp|A0A140JWT1|PTMM_PENSI	35.6	101	52	4	6420	6719	223	311	6.41e-04	48.5
KN042464.1	sp|P04323|POL3_DROME	31.2	157	108	0	5223	5693	315	471	3.34e-15	85.9
KN042464.1	sp|P31843|RRPO_OENBE	42.9	70	37	1	5235	5435	63	132	4.29e-09	60.5
KN042464.1	sp|Q89703|POL_CSVMV	26.5	181	129	3	5181	5714	298	477	1.58e-05	53.9
KN042465.1	sp|Q10294|PAC2_SCHPO	43.0	179	53	3	3387	2989	20	195	9.47e-32	128
KN042465.1	sp|P38867|YHX7_YEAST	37.0	138	65	6	3375	3025	28	164	3.01e-15	84.3
KN042465.1	sp|S0E3H0|WOR1_GIBF5	31.7	189	66	7	3387	2986	27	207	1.88e-13	77.4
KN042465.1	sp|G2X740|WOR1_VERDV	41.6	89	47	2	3387	3136	28	116	1.31e-11	73.2
KN042465.1	sp|W7MPI5|WOR1_GIBM7	29.4	180	70	5	3387	3013	27	204	1.41e-11	71.6
KN042465.1	sp|J9N5P9|WOR1_FUSO4	30.7	189	68	7	3387	2986	27	207	1.93e-11	71.2
KN042465.1	sp|O14367|GTI1_SCHPO	54.8	62	27	1	3387	3205	27	88	3.27e-11	72.4
KN042465.1	sp|I1S5P3|WOR1_GIBZE	29.7	185	70	6	3387	3004	26	207	6.86e-11	69.7
KN042465.1	sp|P40002|MIT1_YEAST	43.4	76	41	2	3375	3154	27	102	1.41e-09	67.0
KN042465.1	sp|Q5AP80|WOR1_CANAL	53.7	54	24	1	3360	3202	35	88	2.72e-07	59.7
KN042466.1	sp|B0YDH7|MTFA_ASPFC	48.7	39	20	0	4183	4299	285	323	9.83e-05	50.4
KN042467.1	sp|Q7LHG5|YI31B_YEAST	26.3	745	500	20	3168	5330	613	1332	2.98e-71	268
KN042467.1	sp|Q99315|YG31B_YEAST	26.4	745	499	20	3168	5330	587	1306	3.40e-71	268
KN042468.1	sp|Q09575|YRD6_CAEEL	36.8	174	106	3	1845	1330	493	664	3.02e-19	99.0
KN042468.1	sp|P19199|POL_COYMV	29.8	181	122	2	1887	1348	1454	1630	7.92e-19	97.8
KN042468.1	sp|Q00962|POL_CAMVN	28.4	194	135	3	1971	1393	263	453	7.90e-18	93.6
KN042468.1	sp|P03554|POL_CAMVS	27.8	194	136	3	1971	1393	262	452	5.40e-17	90.9
KN042468.1	sp|P03555|POL_CAMVC	27.8	194	136	3	1971	1393	262	452	7.11e-17	90.5
KN042468.1	sp|Q02964|POL_CAMVE	27.8	194	136	3	1971	1393	262	452	7.11e-17	90.5
KN042468.1	sp|P03556|POL_CAMVD	27.8	194	136	3	1971	1393	257	447	2.11e-16	89.0
KN042468.1	sp|A6NKG5|RTL1_HUMAN	30.1	166	102	5	1788	1315	647	806	3.26e-06	56.2
KN042468.1	sp|P20825|POL2_DROME	36.1	72	45	1	1330	1118	436	507	3.51e-05	52.8
KN042468.1	sp|Q52QI2|RTL1_BOVIN	22.5	200	144	4	1884	1297	608	800	7.17e-04	48.5
CM002878.1	sp|P50367|NU5M_RHIST	57.7	650	269	2	48137	50077	1	647	3.57e-245	763
CM002878.1	sp|Q0H8X0|NU5M_USTMA	56.7	626	269	2	48137	50008	1	626	1.70e-222	698
CM002878.1	sp|Q85T01|NU5M_CRYNH	52.5	657	304	2	48137	50083	1	657	9.85e-220	690
CM002878.1	sp|Q6V9D9|NU5M_TALMA	53.4	650	300	3	48137	50077	1	650	1.17e-219	689
CM002878.1	sp|Q8HHD2|NU5M_CRYPA	52.8	654	306	3	48137	50092	1	653	2.74e-219	688
CM002878.1	sp|P20679|NU5M_PODAN	55.0	624	277	3	48137	49996	1	624	1.54e-216	680
CM002878.1	sp|Q8SHP7|NU5M_HYPJE	53.9	621	284	2	48137	49993	1	621	3.36e-216	681
CM002878.1	sp|Q6QU67|NU5M_ASPNG	51.2	651	313	4	48137	50077	1	650	2.17e-211	665
CM002878.1	sp|Q01561|NU5M_TRIRU	52.0	648	307	4	48137	50071	1	647	2.30e-210	662
CM002878.1	sp|P05510|NU5M_NEUCR	51.8	660	280	3	48137	50002	1	660	5.72e-210	664
CM002878.1	sp|P11628|NU5M_EMEND	49.2	658	329	4	48137	50101	1	656	2.89e-200	634
CM002878.1	sp|P50368|NU5M_SCHCO	48.5	680	317	4	48137	50083	1	678	5.82e-198	628
CM002878.1	sp|P26849|NU5M_MARPO	48.9	671	317	7	48137	50080	1	668	6.30e-192	610
CM002878.1	sp|P50366|NU5M_PHYIN	47.9	634	317	4	48137	50002	2	634	4.07e-186	593
CM002878.1	sp|P10330|NU5M_OENBE	49.1	635	302	5	48137	49993	1	630	6.77e-186	593
CM002878.1	sp|Q3T4F1|CYB_RHIOR	71.5	383	109	0	50905	52053	1	383	5.92e-184	575
CM002878.1	sp|P29388|NU5M_ARATH	48.7	630	312	3	48137	49993	1	630	9.02e-184	587
CM002878.1	sp|Q37680|NU5M_WHEAT	49.0	635	303	6	48137	49993	1	630	4.35e-183	585
CM002878.1	sp|Q0H8X3|CYB_USTMA	71.7	381	108	0	50905	52047	1	381	9.08e-183	572
CM002878.1	sp|P48920|NU5M_CHOCR	48.2	668	323	9	48137	50077	1	666	2.83e-181	579
CM002878.1	sp|Q37395|CYB_ALLMA	70.6	377	111	0	50905	52035	1	377	2.23e-178	558
CM002878.1	sp|Q3T4C8|CYB_ZANCU	68.4	383	121	0	50905	52053	1	383	5.55e-172	541
CM002878.1	sp|Q36551|CYB_STRTC	65.5	383	132	0	50905	52053	1	383	1.53e-169	533
CM002878.1	sp|Q6V9D6|CYB_TALMA	67.7	384	123	1	50905	52053	1	384	2.21e-168	530
CM002878.1	sp|Q0H8Y1|AI5_USTMA	57.7	471	181	5	17229	15853	71	535	2.39e-168	536
