JALRLY010000198.1	sp|O62518|YHPK_CAEEL	29.2	277	163	8	3267	4010	6	278	1.43e-22	104
JALRLY010000183.1	sp|Q8SSK3|Y1A1_ENCCU	47.7	128	64	2	6193	6570	68	194	2.86e-29	121
JALRLY010000226.1	sp|O28972|Y1297_ARCFU	47.7	266	117	3	11780	11037	176	437	5.18e-61	230
JALRLY010000226.1	sp|Q58556|Y1156_METJA	46.1	254	135	1	11849	11088	423	674	3.54e-58	225
JALRLY010000226.1	sp|O14325|YB7A_SCHPO	38.3	290	155	3	11819	11013	473	759	5.08e-45	182
JALRLY010000226.1	sp|P40341|YTA12_YEAST	41.7	247	140	4	11765	11034	347	592	3.16e-43	177
JALRLY010000226.1	sp|P54813|YME1_CAEEL	40.8	245	142	2	11768	11034	246	487	6.61e-43	175
JALRLY010000226.1	sp|Q9C0W2|YHI5_SCHPO	41.6	231	126	3	11765	11091	371	598	3.52e-40	170
JALRLY010000226.1	sp|Q9P3U2|YKX4_SCHPO	35.0	234	134	7	11756	11091	461	688	7.02e-24	115
JALRLY010000226.1	sp|Q5UQE0|YR476_MIMIV	29.4	252	144	8	11672	11007	599	846	1.67e-19	102
JALRLY010000226.1	sp|O14171|YE54_SCHPO	28.6	185	97	2	20170	20619	78	262	1.82e-14	81.3
JALRLY010000226.1	sp|Q0VGT4|ZGRF1_MOUSE	30.2	262	134	13	5866	5195	1550	1800	4.37e-10	71.6
JALRLY010000226.1	sp|Q86YA3|ZGRF1_HUMAN	29.3	259	144	9	5866	5189	1789	2041	4.47e-10	71.6
JALRLY010000226.1	sp|O94387|YGSA_SCHPO	25.5	302	176	10	5926	5150	1474	1769	1.06e-06	60.5
JALRLY010000226.1	sp|Q5UR45|YL572_MIMIV	52.2	46	22	0	11393	11256	93	138	2.84e-04	49.7
JALRLY010000167.1	sp|Q9P7T6|YIW4_SCHPO	32.3	223	112	7	5341	4745	113	320	1.10e-21	101
JALRLY010000167.1	sp|O17606|YK4P_CAEEL	34.4	215	112	11	5326	4745	120	326	3.84e-20	97.4
JALRLY010000186.1	sp|Q57809|Y363_METJA	32.0	334	197	10	8065	9003	339	663	1.49e-34	148
JALRLY010000186.1	sp|Q58884|Y1489_METJA	29.0	328	215	7	8056	9003	268	589	5.65e-31	136
JALRLY010000186.1	sp|Q58371|Y961_METJA	29.8	346	207	8	8071	9003	323	667	3.30e-29	131
JALRLY010000154.1	sp|Q7LHG5|YI31B_YEAST	43.2	236	126	4	2947	2255	588	820	1.75e-44	180
JALRLY010000154.1	sp|Q99315|YG31B_YEAST	43.2	236	126	4	2947	2255	562	794	1.81e-44	180
JALRLY010000170.1	sp|Q7LHG5|YI31B_YEAST	43.1	167	89	3	5412	5897	588	753	4.27e-28	128
JALRLY010000170.1	sp|Q99315|YG31B_YEAST	43.1	167	89	3	5412	5897	562	727	4.35e-28	128
JALRLY010000137.1	sp|Q7LHG5|YI31B_YEAST	43.1	167	89	3	487	2	588	753	7.93e-29	128
JALRLY010000137.1	sp|Q99315|YG31B_YEAST	43.1	167	89	3	487	2	562	727	8.07e-29	128
JALRLY010000252.1	sp|Q58371|Y961_METJA	33.1	447	254	11	13959	15209	318	749	3.28e-50	199
JALRLY010000252.1	sp|Q10494|YDG7_SCHPO	38.3	290	151	7	1038	1826	14	302	1.00e-45	174
JALRLY010000252.1	sp|A0QV10|Y2408_MYCS2	40.0	265	144	7	1050	1823	7	263	1.25e-45	172
JALRLY010000252.1	sp|A3PXT0|Y1919_MYCSJ	38.7	261	145	7	1050	1811	8	260	6.06e-41	159
JALRLY010000252.1	sp|Q12458|YPR1_YEAST	34.7	285	155	6	1050	1820	14	295	6.54e-41	160
JALRLY010000252.1	sp|A1UEC6|Y1985_MYCSK	38.3	261	146	7	1050	1811	8	260	1.52e-40	158
JALRLY010000252.1	sp|A4TE41|Y4205_MYCGI	38.3	253	143	6	1050	1790	12	257	2.62e-37	149
JALRLY010000252.1	sp|P9WQA4|Y2971_MYCTO	36.3	248	147	5	1026	1757	7	247	5.25e-37	148
JALRLY010000252.1	sp|P9WQA5|Y2971_MYCTU	36.3	248	147	5	1026	1757	7	247	5.25e-37	148
JALRLY010000252.1	sp|A5U6Y1|Y2999_MYCTA	36.3	248	147	5	1026	1757	7	247	5.25e-37	148
JALRLY010000252.1	sp|A1T726|Y2161_MYCVP	39.1	243	131	6	1050	1757	12	244	6.58e-37	147
JALRLY010000252.1	sp|A1KMW6|Y2993_MYCBP	35.9	248	148	5	1026	1757	7	247	2.43e-36	146
JALRLY010000252.1	sp|Q7TXI6|Y2996_MYCBO	35.9	248	148	5	1026	1757	7	247	2.43e-36	146
JALRLY010000252.1	sp|A0QL30|Y4483_MYCA1	36.3	262	148	7	1050	1808	19	270	6.79e-36	145
JALRLY010000252.1	sp|Q73SC5|Y4149_MYCPA	36.3	262	148	7	1050	1808	19	270	1.25e-35	144
JALRLY010000252.1	sp|B8ZS00|Y1669_MYCLB	36.7	240	141	5	1050	1757	15	247	3.83e-35	142
JALRLY010000252.1	sp|O69462|Y1669_MYCLE	36.7	240	141	5	1050	1757	15	247	3.83e-35	142
JALRLY010000252.1	sp|A3PXS9|Y1918_MYCSJ	34.3	251	154	5	1047	1787	15	258	3.94e-35	142
JALRLY010000252.1	sp|Q1BAN7|Y1938_MYCSS	34.3	251	154	5	1047	1787	15	258	7.26e-35	142
JALRLY010000252.1	sp|A1UEC5|Y1984_MYCSK	34.3	251	154	5	1047	1787	15	258	7.26e-35	142
JALRLY010000252.1	sp|A0PQ11|Y1987_MYCUA	36.7	240	141	5	1050	1757	15	247	4.44e-34	139
JALRLY010000252.1	sp|B2HIJ9|Y1744_MYCMM	36.3	240	142	5	1050	1757	14	246	5.88e-34	139
JALRLY010000252.1	sp|O34678|YTBE_BACSU	33.5	263	157	5	1050	1808	11	265	7.77e-34	139
JALRLY010000252.1	sp|A0QV09|Y2407_MYCS2	36.3	240	142	5	1050	1757	16	248	1.55e-33	138
JALRLY010000252.1	sp|A0QJ99|Y3816_MYCA1	34.4	259	157	6	1050	1808	17	268	1.36e-32	135
JALRLY010000213.1	sp|Q10298|YD44_SCHPO	53.3	304	138	2	16881	17780	4	307	1.14e-107	351
JALRLY010000213.1	sp|O74789|YOU5_SCHPO	49.6	339	128	2	16893	17780	10	348	5.54e-106	348
JALRLY010000213.1	sp|P48458|YT91_CAEEL	39.6	273	163	2	16917	17732	58	329	2.01e-58	211
JALRLY010000213.1	sp|P48459|YSD1_CAEEL	36.5	277	169	3	16941	17759	70	343	5.95e-55	201
JALRLY010000213.1	sp|P48460|YY06_CAEEL	37.4	273	164	5	16893	17696	22	292	1.61e-45	177
JALRLY010000213.1	sp|P34430|YL39_CAEEL	35.3	85	44	2	16944	17165	12	96	4.04e-07	58.5
JALRLY010000229.1	sp|Q5UPX0|YR290_MIMIV	34.6	514	285	12	29647	28151	21	498	1.22e-72	259
JALRLY010000271.1	sp|Q58884|Y1489_METJA	27.4	701	419	27	78834	80855	3	640	3.59e-52	204
JALRLY010000271.1	sp|Q99315|YG31B_YEAST	35.9	298	179	4	114934	114056	718	1008	9.40e-40	171
JALRLY010000271.1	sp|Q7LHG5|YI31B_YEAST	35.6	298	180	4	114934	114056	744	1034	2.67e-39	169
JALRLY010000271.1	sp|Q58803|Y1408_METJA	28.2	273	182	4	71909	72724	31	290	9.73e-35	144
JALRLY010000271.1	sp|Q58371|Y961_METJA	31.6	367	219	10	79707	80720	313	676	9.86e-34	149
JALRLY010000271.1	sp|Q86AS0|Y4399_DICDI	25.8	430	235	16	26094	27263	462	847	4.49e-19	102
JALRLY010000271.1	sp|O94387|YGSA_SCHPO	26.1	459	232	15	26100	27230	1334	1767	9.54e-18	99.0
JALRLY010000271.1	sp|Q86YA3|ZGRF1_HUMAN	29.4	306	150	11	26475	27287	1803	2077	6.37e-17	96.3
JALRLY010000271.1	sp|Q0VGT4|ZGRF1_MOUSE	23.3	592	322	20	25731	27287	1306	1838	1.38e-16	95.1
JALRLY010000271.1	sp|O95619|YETS4_HUMAN	35.1	134	67	5	61293	60922	24	147	1.19e-13	79.7
JALRLY010000271.1	sp|Q9CR11|YETS4_MOUSE	35.1	134	67	5	61293	60922	24	147	1.19e-13	79.7
JALRLY010000271.1	sp|P17103|Y1111_HALSA	39.1	87	52	1	72347	72604	60	146	3.76e-06	59.3
JALRLY010000268.1	sp|Q8SQZ4|YAK1_ENCCU	51.8	336	161	1	45251	46258	3	337	8.30e-107	354
JALRLY010000268.1	sp|Q58556|Y1156_METJA	46.7	240	125	2	65398	66114	162	399	1.86e-55	218
JALRLY010000268.1	sp|Q8RWH3|YAK1_ARATH	43.0	279	150	6	45251	46063	83	360	2.24e-53	212
JALRLY010000268.1	sp|O28972|Y1297_ARCFU	39.3	298	161	2	65320	66168	417	709	4.00e-53	208
JALRLY010000268.1	sp|P14680|YAK1_YEAST	39.0	277	163	4	45251	46066	331	606	1.11e-52	208
JALRLY010000268.1	sp|O14325|YB7A_SCHPO	36.4	308	181	6	65233	66117	410	715	6.29e-45	184
JALRLY010000268.1	sp|Q9HGM3|YTA12_SCHPO	40.0	265	145	5	65401	66168	280	539	1.85e-43	179
JALRLY010000268.1	sp|Q925S8|YMEL1_RAT	37.5	259	158	2	65395	66171	266	520	7.46e-42	173
JALRLY010000268.1	sp|O88967|YMEL1_MOUSE	37.5	259	158	2	65395	66171	266	520	1.33e-41	172
JALRLY010000268.1	sp|Q9C0W2|YHI5_SCHPO	43.3	245	125	6	65446	66150	371	611	3.98e-41	174
JALRLY010000268.1	sp|Q96TA2|YMEL1_HUMAN	37.1	259	159	2	65395	66171	324	578	7.47e-41	171
JALRLY010000268.1	sp|O14114|YEJJ_SCHPO	38.1	260	141	5	65356	66114	246	492	5.21e-39	167
JALRLY010000268.1	sp|O59824|YME1_SCHPO	37.8	246	147	3	65446	66171	266	509	9.21e-38	160
JALRLY010000268.1	sp|O31708|YKNV_BACSU	37.8	209	129	1	17070	16447	376	584	3.08e-31	139
JALRLY010000268.1	sp|Q68W42|Y691_RICTY	36.9	198	124	1	17064	16474	353	550	1.28e-30	137
JALRLY010000268.1	sp|Q9ZCM8|Y696_RICPR	36.9	198	124	1	17064	16474	353	550	5.44e-30	135
JALRLY010000268.1	sp|Q57538|Y664_HAEIN	32.2	214	144	1	17112	16474	338	551	4.27e-27	125
JALRLY010000268.1	sp|Q8SRF5|Y823_ENCCU	31.7	218	131	8	45359	45991	3	209	3.89e-24	110
JALRLY010000268.1	sp|Q9WYC4|Y288_THEMA	29.8	299	186	5	17295	16441	290	578	1.83e-23	115
JALRLY010000268.1	sp|Q9MUP8|YCF2_MESVI	27.5	284	174	7	65398	66168	332	610	1.30e-19	103
JALRLY010000268.1	sp|Q8XNY7|Y195_CLOPE	29.6	206	128	7	17061	16474	22	220	9.15e-15	84.0
JALRLY010000268.1	sp|Q97SA3|Y483_STRPN	34.3	207	121	6	17061	16474	23	225	1.93e-14	86.3
JALRLY010000268.1	sp|Q8DQY5|Y430_STRR6	33.3	207	123	6	17061	16474	23	225	4.43e-14	85.1
JALRLY010000268.1	sp|A0LCH8|ZNUC_MAGMM	31.0	197	110	6	17070	16495	26	201	1.18e-13	80.1
JALRLY010000268.1	sp|Q9RKC6|Y3161_STRCO	29.1	234	144	8	17145	16474	3	224	1.60e-13	79.7
JALRLY010000185.1	sp|Q5UPX0|YR290_MIMIV	34.6	514	285	12	5398	3902	21	498	3.25e-73	259
JALRLY010000185.1	sp|Q9HGP4|YK82_SCHPO	36.7	79	46	2	6515	6739	236	314	8.12e-06	55.5
JALRLY010000231.1	sp|O34750|YFML_BACSU	30.7	348	203	9	17824	16814	24	344	1.90e-38	154
JALRLY010000231.1	sp|Q86B47|Y8611_DROME	28.0	428	214	11	17830	16799	346	763	1.82e-28	131
JALRLY010000231.1	sp|P34668|YO12_CAEEL	25.7	350	220	10	17758	16811	161	504	9.85e-20	102
JALRLY010000223.1	sp|P34280|YKK3_CAEEL	46.8	376	185	5	18467	19579	1	366	2.95e-97	324
JALRLY010000223.1	sp|Q58722|Y1326_METJA	43.8	372	202	5	18467	19579	25	390	6.19e-86	292
JALRLY010000223.1	sp|Q9UT21|YFY7_SCHPO	45.1	370	189	6	18482	19579	7	366	3.28e-85	289
JALRLY010000223.1	sp|P17103|Y1111_HALSA	39.0	372	223	4	18467	19579	1	369	2.55e-66	235
JALRLY010000267.1	sp|O13799|YE02_SCHPO	39.6	958	476	20	9419	6786	96	1030	3.49e-175	576
JALRLY010000267.1	sp|Q09795|YAA1_SCHPO	27.9	649	357	23	21370	23193	20	598	1.55e-46	185
JALRLY010000267.1	sp|Q58105|Y694_METJA	32.0	244	156	3	25974	25255	119	356	2.49e-24	115
JALRLY010000267.1	sp|Q8SSK3|Y1A1_ENCCU	30.0	130	74	2	57818	58165	78	204	4.10e-15	83.2
JALRLY010000267.1	sp|Q5ZJJ1|ZC11A_CHICK	44.2	86	44	3	57474	57220	2	84	1.05e-13	84.3
JALRLY010000267.1	sp|Q6NZF1|ZC11A_MOUSE	45.1	82	41	3	57462	57220	6	84	5.83e-13	82.0
JALRLY010000267.1	sp|O75152|ZC11A_HUMAN	45.1	82	41	3	57462	57220	6	84	5.94e-13	82.0
JALRLY010000267.1	sp|A0A1B0GTU1|ZC11B_HUMAN	45.1	82	41	3	57462	57220	6	84	1.02e-12	81.3
JALRLY010000254.1	sp|Q58556|Y1156_METJA	48.1	239	119	2	5114	4401	165	399	2.33e-54	214
JALRLY010000254.1	sp|Q9HGM3|YTA12_SCHPO	39.4	246	145	3	5075	4347	295	539	1.73e-42	176
JALRLY010000254.1	sp|P40341|YTA12_YEAST	36.1	285	172	5	5177	4347	309	591	1.43e-40	170
JALRLY010000254.1	sp|O14325|YB7A_SCHPO	35.9	298	182	5	5279	4401	421	714	2.33e-40	169
JALRLY010000254.1	sp|P54813|YME1_CAEEL	36.7	251	156	2	5078	4326	246	493	2.42e-39	165
JALRLY010000254.1	sp|O59824|YME1_SCHPO	37.8	254	150	3	5096	4347	259	508	2.75e-37	159
JALRLY010000254.1	sp|F4IAE9|Y1591_ARATH	37.8	241	141	3	5075	4371	380	617	6.63e-37	160
JALRLY010000254.1	sp|P46508|YME1_SCHMA	34.4	253	163	2	5078	4320	164	413	1.28e-35	153
JALRLY010000254.1	sp|Q9P7J5|YJNA_SCHPO	34.2	222	140	3	5078	4419	87	304	1.21e-30	132
JALRLY010000254.1	sp|Q57538|Y664_HAEIN	34.8	210	135	2	47623	46997	324	532	3.01e-29	132
JALRLY010000254.1	sp|Q9WYC4|Y288_THEMA	25.7	358	249	7	47938	46901	228	580	2.58e-26	123
JALRLY010000254.1	sp|Q9P3U2|YKX4_SCHPO	34.5	238	136	7	5075	4401	458	688	1.10e-23	116
JALRLY010000254.1	sp|O78439|YCF46_GUITH	29.9	261	165	7	5087	4329	239	489	7.94e-21	105
JALRLY010000254.1	sp|Q9MUP8|YCF2_MESVI	30.0	283	164	8	5114	4347	335	610	8.04e-21	107
JALRLY010000254.1	sp|Q5UQE0|YR476_MIMIV	27.7	314	185	9	5165	4317	544	846	1.16e-19	103
JALRLY010000254.1	sp|Q6B952|YCF46_GRATL	30.8	211	137	4	4982	4359	256	460	2.05e-17	94.7
JALRLY010000254.1	sp|Q1XDU8|YCF46_PYRYE	31.3	201	130	3	4982	4389	255	450	1.13e-16	92.4
JALRLY010000254.1	sp|P51189|YCF46_PORPU	30.2	215	141	4	4982	4347	255	463	2.62e-16	91.3
JALRLY010000254.1	sp|P49541|YCF46_TRICV	27.4	237	155	5	5081	4389	225	450	7.95e-15	86.7
JALRLY010000254.1	sp|Q93D97|Y1934_STRMU	27.3	198	124	5	47548	46982	304	490	1.51e-12	79.7
JALRLY010000254.1	sp|Q82HA2|Y3608_STRAW	30.8	185	106	5	47518	46991	37	208	1.93e-11	73.2
JALRLY010000254.1	sp|Q9V1Q4|Y373_PYRAB	26.5	219	141	7	47521	46904	23	234	2.54e-11	73.2
JALRLY010000254.1	sp|O59479|Y1815_PYRHO	26.6	218	140	7	47518	46904	24	234	2.13e-10	70.5
JALRLY010000254.1	sp|Q57243|Y1272_HAEIN	28.8	208	122	7	47572	46994	10	206	6.98e-10	68.6
JALRLY010000254.1	sp|Q9RKC6|Y3161_STRCO	31.4	185	105	5	47518	46991	35	206	1.21e-09	67.8
JALRLY010000259.1	sp|Q57290|Y740_HAEIN	25.6	484	254	20	13310	11994	27	449	2.37e-22	110
JALRLY010000259.1	sp|Q8SVQ8|Y4E9_ENCCU	46.4	84	45	0	20987	21238	16	99	4.87e-13	81.3
JALRLY010000259.1	sp|Q8SUY5|Y7B2_ENCCU	36.8	117	66	3	40121	40450	296	411	3.48e-10	71.6
JALRLY010000259.1	sp|Q09829|YAD3_SCHPO	38.4	99	56	1	58369	58073	682	775	2.21e-09	70.1
JALRLY010000239.1	sp|O34750|YFML_BACSU	30.3	343	234	4	12425	13444	23	363	2.67e-44	172
JALRLY010000239.1	sp|P75172|Y623_MYCPN	29.4	344	232	5	12383	13381	8	351	9.34e-37	152
JALRLY010000239.1	sp|P47664|Y425_MYCGE	27.6	351	240	5	12383	13399	8	356	1.67e-36	151
JALRLY010000239.1	sp|Q5UQD1|YR458_MIMIV	24.9	378	226	13	12425	13387	113	489	8.31e-21	105
JALRLY010000239.1	sp|P52271|Y308_MYCGE	27.1	303	193	8	12482	13369	33	314	8.97e-18	94.4
JALRLY010000260.1	sp|P41883|YPT5_CAEEL	51.9	297	113	6	27986	28804	23	313	9.81e-82	278
JALRLY010000260.1	sp|Q9HE06|YK99_SCHPO	33.7	578	338	11	55828	54167	37	593	4.47e-81	288
JALRLY010000260.1	sp|P48459|YSD1_CAEEL	48.5	301	145	5	25398	24511	39	334	1.05e-80	277
JALRLY010000260.1	sp|P48458|YT91_CAEEL	47.2	269	142	0	25323	24517	59	327	1.71e-77	268
JALRLY010000260.1	sp|Q10298|YD44_SCHPO	42.9	275	156	1	25323	24502	17	291	5.43e-72	250
JALRLY010000260.1	sp|O74789|YOU5_SCHPO	40.1	309	141	4	25323	24526	19	326	5.93e-68	240
JALRLY010000260.1	sp|Q9HDY4|YK16_SCHPO	29.1	733	380	21	55837	54008	407	1122	2.78e-67	258
JALRLY010000260.1	sp|P48460|YY06_CAEEL	40.6	303	177	2	25383	24484	11	313	5.44e-60	221
JALRLY010000260.1	sp|Q06698|YL419_YEAST	28.8	565	313	18	55825	54353	617	1166	3.07e-48	198
JALRLY010000260.1	sp|Q5UQ96|YL540_MIMIV	27.5	542	331	16	55843	54353	50	574	2.61e-45	183
JALRLY010000260.1	sp|P34350|YK84_CAEEL	30.9	262	136	3	25329	24544	129	345	6.42e-37	151
JALRLY010000260.1	sp|O60114|YG65_SCHPO	26.4	576	318	16	55804	54329	668	1221	3.24e-35	155
JALRLY010000260.1	sp|B2RR83|YTDC2_MOUSE	32.9	337	201	9	55234	54299	636	972	1.40e-31	143
JALRLY010000260.1	sp|Q9H6S0|YTDC2_HUMAN	33.2	337	200	9	55234	54299	621	957	1.81e-31	143
JALRLY010000260.1	sp|Q5R746|YTDC2_PONAB	33.2	337	200	9	55234	54299	621	957	1.81e-31	143
JALRLY010000260.1	sp|P0C7L7|YUM14_USTMA	29.0	341	214	10	55276	54329	1010	1347	2.79e-28	132
JALRLY010000260.1	sp|P75172|Y623_MYCPN	27.0	378	240	11	9357	8296	4	369	8.11e-26	120
JALRLY010000260.1	sp|P34430|YL39_CAEEL	29.9	278	111	6	25320	24520	5	209	1.67e-23	108
JALRLY010000260.1	sp|Q5UQD1|YR458_MIMIV	26.3	400	224	15	9351	8344	97	489	6.12e-21	106
JALRLY010000260.1	sp|P75335|Y443_MYCPN	28.5	298	182	10	9228	8362	39	314	1.94e-19	100
JALRLY010000260.1	sp|P52271|Y308_MYCGE	25.9	294	195	6	9228	8362	39	314	2.81e-14	84.3
JALRLY010000260.1	sp|O94601|YC8E_SCHPO	47.9	71	37	0	59630	59418	12	82	3.65e-12	76.6
JALRLY010000260.1	sp|Q5UR20|YR366_MIMIV	25.9	251	120	6	55417	54860	837	1086	7.98e-10	72.0
JALRLY010000260.1	sp|Q86B47|Y8611_DROME	32.5	80	49	1	8583	8344	684	758	6.38e-06	58.9
JALRLY010000241.1	sp|Q58129|Y719_METJA	44.5	602	309	9	28408	26627	14	598	5.49e-155	500
JALRLY010000241.1	sp|Q8MYF1|Y2070_DICDI	37.9	311	182	4	18907	18002	123	431	1.46e-64	233
JALRLY010000241.1	sp|P12688|YPK1_YEAST	41.9	291	165	2	18925	18062	336	625	4.05e-64	239
JALRLY010000241.1	sp|P18961|YPK2_YEAST	42.0	276	156	2	18925	18107	333	607	4.52e-62	233
JALRLY010000241.1	sp|Q5I020|ZNT8_XENLA	32.6	334	197	6	19972	20931	50	369	1.73e-45	175
JALRLY010000241.1	sp|Q8IWU4|ZNT8_HUMAN	31.1	293	197	3	20062	20931	73	363	6.83e-45	173
JALRLY010000241.1	sp|Q5XHB4|ZNT8_XENTR	32.9	334	196	6	19972	20931	49	368	7.75e-45	173
JALRLY010000241.1	sp|P38070|YPK3_YEAST	32.7	352	160	8	18895	18056	127	473	1.10e-44	177
JALRLY010000241.1	sp|Q8BGG0|ZNT8_MOUSE	37.1	240	148	2	20062	20772	72	311	2.20e-44	172
JALRLY010000241.1	sp|Q2HJ10|ZNT2_MOUSE	33.9	289	178	4	20062	20898	69	354	2.78e-43	169
JALRLY010000241.1	sp|P0CE46|ZNT8_RAT	33.6	283	183	3	20062	20901	72	352	8.71e-43	167
JALRLY010000241.1	sp|O14863|ZNT4_HUMAN	35.7	258	146	4	20059	20772	112	369	1.50e-42	168
JALRLY010000241.1	sp|Q62941|ZNT2_RAT	33.7	291	179	5	20062	20901	56	343	3.19e-42	165
JALRLY010000241.1	sp|O35149|ZNT4_MOUSE	34.7	259	148	3	20059	20772	112	370	1.27e-41	166
JALRLY010000241.1	sp|O55174|ZNT4_RAT	34.4	259	149	3	20059	20772	112	370	5.72e-41	164
JALRLY010000241.1	sp|Q6QIX3|ZNT3_RAT	34.4	288	168	5	20092	20898	85	370	4.55e-40	160
JALRLY010000241.1	sp|Q08E25|ZNT3_BOVIN	34.0	291	171	5	20092	20907	85	373	2.07e-39	158
JALRLY010000241.1	sp|P97441|ZNT3_MOUSE	34.4	291	170	5	20092	20907	85	373	3.80e-39	157
JALRLY010000241.1	sp|Q99726|ZNT3_HUMAN	34.0	291	171	5	20092	20907	85	373	5.79e-38	154
JALRLY010000241.1	sp|Q5R617|ZNT3_PONAB	33.7	291	172	5	20092	20907	85	373	1.44e-37	152
JALRLY010000241.1	sp|Q76P07|Y7165_DICDI	36.4	253	155	3	18880	18131	13	262	2.07e-37	160
JALRLY010000241.1	sp|Q54QU8|Y3629_DICDI	30.5	321	174	4	20083	20904	193	511	8.62e-36	151
JALRLY010000241.1	sp|Q9BRI3|ZNT2_HUMAN	34.1	220	135	5	20260	20898	90	306	3.94e-29	126
JALRLY010000241.1	sp|Q1ZXI5|Y1558_DICDI	39.2	171	103	1	18955	18443	736	905	9.61e-26	123
JALRLY010000241.1	sp|Q09818|YAC4_SCHPO	43.3	134	73	1	40556	40164	109	242	4.73e-24	114
JALRLY010000187.1	sp|O14325|YB7A_SCHPO	48.2	226	110	3	253	909	489	714	6.64e-57	217
JALRLY010000187.1	sp|O28972|Y1297_ARCFU	35.9	365	192	8	1	972	345	708	3.86e-54	208
JALRLY010000187.1	sp|Q58556|Y1156_METJA	37.2	347	186	7	1	945	342	688	3.96e-54	211
JALRLY010000187.1	sp|F4IAE9|Y1591_ARATH	36.7	237	139	3	241	918	374	610	1.14e-37	160
JALRLY010000187.1	sp|Q9C0W2|YHI5_SCHPO	37.8	233	134	4	253	918	369	601	5.05e-36	154
JALRLY010000187.1	sp|O14114|YEJJ_SCHPO	36.7	237	139	3	241	918	259	495	1.13e-35	153
JALRLY010000187.1	sp|Q9P7J5|YJNA_SCHPO	34.1	252	154	7	196	921	65	314	4.30e-34	139
JALRLY010000187.1	sp|P46508|YME1_SCHMA	36.8	231	131	4	253	915	163	388	7.18e-33	142
JALRLY010000187.1	sp|Q9HGM3|YTA12_SCHPO	32.7	251	153	6	253	972	293	538	5.16e-30	134
JALRLY010000187.1	sp|O59824|YME1_SCHPO	36.4	228	135	5	253	909	264	490	2.03e-29	131
JALRLY010000187.1	sp|P40341|YTA12_YEAST	33.6	238	146	4	253	933	345	581	2.96e-28	128
JALRLY010000187.1	sp|Q9MUP8|YCF2_MESVI	36.5	208	102	5	235	786	340	541	6.25e-26	121
JALRLY010000187.1	sp|Q9P3U2|YKX4_SCHPO	32.2	233	136	6	253	897	456	684	2.01e-21	106
JALRLY010000187.1	sp|O34703|YJOB_BACSU	29.6	223	112	9	340	996	212	393	5.08e-13	77.8
JALRLY010000187.1	sp|Q0P3N5|YCX1_OSTTA	23.3	227	156	6	277	915	738	960	2.36e-09	67.4
JALRLY010000274.1	sp|Q4PEJ3|YSH1_USTMA	45.1	623	314	9	88296	86479	5	616	4.42e-158	522
JALRLY010000274.1	sp|O13794|YSH1_SCHPO	43.8	607	314	7	88248	86479	9	605	2.30e-156	512
JALRLY010000274.1	sp|Q6C2Z7|YSH1_YARLI	52.1	455	206	5	88230	86896	33	485	1.31e-147	489
JALRLY010000274.1	sp|Q4IPN9|YSH1_GIBZE	47.1	507	234	5	88275	86857	6	512	1.03e-139	467
JALRLY010000274.1	sp|Q8WZS6|YSH1_NEUCR	46.9	507	235	5	88275	86857	5	511	2.95e-137	460
JALRLY010000274.1	sp|Q6BMW3|YSH1_DEBHA	48.5	476	218	6	88203	86857	19	494	1.71e-136	457
JALRLY010000274.1	sp|Q4WRC2|YSH1_ASPFU	39.6	680	330	10	88275	86479	6	685	1.14e-135	456
JALRLY010000274.1	sp|Q5BEP0|YSH1_EMENI	39.9	680	328	11	88275	86479	5	684	3.93e-135	455
JALRLY010000274.1	sp|P0CM89|YSH1_CRYNB	40.8	606	336	9	88239	86479	22	623	3.13e-134	449
JALRLY010000274.1	sp|P0CM88|YSH1_CRYNJ	40.8	606	336	9	88239	86479	22	623	3.13e-134	449
JALRLY010000274.1	sp|Q74ZC0|YSH1_ASHGO	50.3	429	199	4	88203	86959	16	444	7.38e-134	447
JALRLY010000274.1	sp|Q6FUA5|YSH1_CANGA	39.6	651	315	13	88203	86479	15	663	4.61e-133	445
JALRLY010000274.1	sp|Q6CUI5|YSH1_KLULA	49.1	438	209	4	88230	86959	10	447	3.19e-132	442
JALRLY010000274.1	sp|Q06224|YSH1_YEAST	50.5	430	198	5	88203	86959	14	443	3.62e-132	443
JALRLY010000274.1	sp|Q59P50|YSH1_CANAL	44.5	490	239	6	88248	86824	90	561	1.22e-127	433
JALRLY010000274.1	sp|Q9HDY4|YK16_SCHPO	35.7	524	280	11	97696	96296	386	909	2.62e-76	287
JALRLY010000274.1	sp|Q9HE06|YK99_SCHPO	33.3	655	365	17	97672	95822	21	641	9.79e-76	274
JALRLY010000274.1	sp|Q57626|Y162_METJA	31.6	408	250	13	88200	86992	8	391	5.44e-55	206
JALRLY010000274.1	sp|Q58633|Y1236_METJA	32.0	453	282	15	88203	86908	185	632	4.35e-54	209
JALRLY010000274.1	sp|Q06698|YL419_YEAST	33.0	457	255	13	97732	96488	580	1027	9.05e-48	197
JALRLY010000274.1	sp|O60114|YG65_SCHPO	29.5	562	321	16	97669	96185	628	1181	2.01e-45	190
JALRLY010000274.1	sp|P0C7L7|YUM14_USTMA	28.8	590	314	18	97681	96194	729	1306	3.43e-44	186
JALRLY010000274.1	sp|O34750|YFML_BACSU	33.1	353	224	6	32386	33429	20	365	6.35e-43	169
JALRLY010000274.1	sp|O94387|YGSA_SCHPO	28.3	630	275	20	149952	151466	1211	1788	8.86e-40	172
JALRLY010000274.1	sp|Q86AS0|Y4399_DICDI	33.8	402	203	12	150360	151430	462	845	1.42e-39	169
JALRLY010000196.1	sp|Q10332|YBMA_SCHPO	25.7	631	357	19	8983	7244	233	802	1.75e-37	158
JALRLY010000196.1	sp|O60177|YG42_SCHPO	25.8	659	381	21	9004	7259	383	1010	3.73e-37	158
JALRLY010000196.1	sp|O13762|YF2C_SCHPO	24.0	659	401	21	8995	7235	246	876	1.98e-32	142
JALRLY010000196.1	sp|P94593|YWQA_BACSU	41.5	135	78	1	7690	7289	748	882	1.32e-17	94.7
JALRLY010000196.1	sp|P54509|YQHH_BACSU	21.3	574	284	18	8917	7244	80	501	1.24e-15	87.4
JALRLY010000143.1	sp|Q7LHG5|YI31B_YEAST	34.5	264	169	2	2221	1430	635	894	5.44e-43	173
JALRLY010000143.1	sp|Q99315|YG31B_YEAST	34.5	264	169	2	2221	1430	609	868	9.79e-43	172
JALRLY010000200.1	sp|O28972|Y1297_ARCFU	55.1	474	211	2	14233	12815	250	722	1.05e-158	515
JALRLY010000200.1	sp|Q58556|Y1156_METJA	56.8	431	185	1	14233	12941	247	676	1.73e-149	494
JALRLY010000200.1	sp|O14325|YB7A_SCHPO	39.6	530	264	8	14233	12803	242	768	8.44e-104	357
JALRLY010000200.1	sp|O59824|YME1_SCHPO	40.3	263	146	5	13672	12899	252	508	4.36e-46	184
JALRLY010000200.1	sp|Q9HGM3|YTA12_SCHPO	40.0	260	137	4	13627	12860	293	537	6.86e-46	184
JALRLY010000200.1	sp|Q9C0W2|YHI5_SCHPO	42.0	250	131	4	13681	12950	357	598	1.28e-45	186
JALRLY010000200.1	sp|O88967|YMEL1_MOUSE	41.6	250	141	4	13642	12899	273	519	1.53e-44	179
JALRLY010000200.1	sp|F3YDF1|YMEL1_DROME	45.0	229	121	4	13639	12956	297	521	2.71e-44	179
JALRLY010000200.1	sp|Q96TA2|YMEL1_HUMAN	41.6	250	141	4	13642	12899	331	577	3.82e-44	179
JALRLY010000200.1	sp|Q925S8|YMEL1_RAT	41.0	249	144	3	13642	12899	273	519	1.16e-43	176
JALRLY010000200.1	sp|P46508|YME1_SCHMA	40.4	228	134	2	13639	12956	159	384	1.43e-43	175
JALRLY010000200.1	sp|P54813|YME1_CAEEL	41.5	236	136	2	13663	12956	233	466	7.16e-43	174
JALRLY010000200.1	sp|Q9P7J5|YJNA_SCHPO	38.1	231	136	4	13630	12947	85	311	2.96e-38	152
JALRLY010000200.1	sp|Q9P3U2|YKX4_SCHPO	34.5	293	174	6	13663	12818	444	729	5.63e-36	153
JALRLY010000200.1	sp|O14114|YEJJ_SCHPO	44.8	163	81	2	14230	13757	340	498	8.18e-30	135
JALRLY010000200.1	sp|Q5UQE0|YR476_MIMIV	32.2	304	173	10	13696	12848	544	835	6.29e-25	118
JALRLY010000200.1	sp|Q1XDU8|YCF46_PYRYE	31.9	235	148	6	13615	12923	229	455	3.81e-23	110
JALRLY010000200.1	sp|P32795|YME1_YEAST	35.3	153	99	0	14209	13751	356	508	2.70e-22	109
JALRLY010000200.1	sp|P49541|YCF46_TRICV	28.8	278	174	8	13804	12989	174	433	2.97e-21	104
JALRLY010000200.1	sp|P40341|YTA12_YEAST	38.8	147	84	3	14209	13787	423	569	7.46e-20	102
JALRLY010000200.1	sp|O34703|YJOB_BACSU	30.6	229	134	6	13594	12923	193	401	6.24e-16	87.4
JALRLY010000200.1	sp|Q9MUP8|YCF2_MESVI	27.3	209	124	3	14209	13667	420	628	1.09e-11	75.5
JALRLY010000200.1	sp|Q85WV5|YCF2_PINKO	25.7	171	101	5	13516	13079	1365	1534	1.66e-05	55.5
JALRLY010000200.1	sp|P41653|YCF2_PINTH	25.8	178	107	5	13537	13079	1363	1540	2.84e-05	54.7
JALRLY010000199.1	sp|Q7LHG5|YI31B_YEAST	41.9	413	230	4	9123	7891	635	1039	6.12e-85	314
JALRLY010000199.1	sp|Q99315|YG31B_YEAST	41.9	413	230	4	9123	7891	609	1013	5.68e-84	311
JALRLY010000224.1	sp|Q54XN7|Y8827_DICDI	36.0	89	48	1	7261	7527	1269	1348	7.53e-05	54.3
JALRLY010000238.1	sp|Q58884|Y1489_METJA	27.2	541	328	18	17812	19311	72	587	1.83e-27	127
JALRLY010000238.1	sp|Q57809|Y363_METJA	27.0	500	316	16	17938	19323	177	665	1.14e-24	119
JALRLY010000238.1	sp|Q58371|Y961_METJA	30.7	296	167	10	18547	19323	375	669	2.52e-21	108
JALRLY010000257.1	sp|O59672|YB89_SCHPO	36.8	549	259	10	30801	32204	182	723	2.42e-96	336
JALRLY010000257.1	sp|A0A0H2VBH0|YHES_ECOL6	36.7	509	260	9	30843	32204	16	517	2.58e-85	300
JALRLY010000257.1	sp|P63390|YHES_ECO57	36.5	509	261	9	30843	32204	16	517	4.73e-85	300
JALRLY010000257.1	sp|P63389|YHES_ECOLI	36.5	509	261	9	30843	32204	16	517	4.73e-85	300
JALRLY010000257.1	sp|P44808|YHES_HAEIN	34.9	510	274	9	30840	32204	15	521	1.14e-82	293
JALRLY010000257.1	sp|O42943|YBP8_SCHPO	32.2	519	284	12	30834	32204	87	599	1.50e-65	242
JALRLY010000257.1	sp|P0A9U5|YBIT_ECO57	29.4	527	286	11	30837	32204	14	525	6.86e-55	208
JALRLY010000257.1	sp|P0A9U4|YBIT_ECOL6	29.4	527	286	11	30837	32204	14	525	6.86e-55	208
JALRLY010000257.1	sp|P0A9U3|YBIT_ECOLI	29.4	527	286	11	30837	32204	14	525	6.86e-55	208
JALRLY010000257.1	sp|O05519|YDIF_BACSU	31.0	519	284	10	30843	32198	18	529	8.31e-55	211
JALRLY010000257.1	sp|O31716|YKPA_BACSU	28.6	500	286	11	30837	32144	14	506	9.82e-44	175
JALRLY010000257.1	sp|O06476|YFMR_BACSU	27.1	527	307	9	30837	32216	16	532	1.08e-41	171
JALRLY010000257.1	sp|Q9CP24|ZNUC_PASMU	30.8	211	123	6	31581	32171	10	211	5.19e-14	80.9
JALRLY010000257.1	sp|Q0I4A9|ZNUC_HAES1	32.6	215	114	8	31581	32171	10	211	9.63e-14	80.1
JALRLY010000257.1	sp|Q8FZV2|Y1368_BRUSU	28.6	196	118	5	31644	32168	18	212	1.67e-12	75.9
JALRLY010000257.1	sp|Q7VLS9|ZNUC_HAEDU	30.1	216	128	6	31569	32174	15	221	2.60e-12	75.9
JALRLY010000257.1	sp|Q57CD8|Y1365_BRUAB	28.6	196	118	5	31644	32168	18	212	3.05e-12	75.1
JALRLY010000257.1	sp|Q2YQP3|Y1388_BRUA2	28.6	196	118	5	31644	32168	18	212	3.05e-12	75.1
JALRLY010000257.1	sp|Q65UG3|ZNUC_MANSM	30.3	211	124	6	31581	32171	10	211	4.73e-12	75.1
JALRLY010000257.1	sp|Q3YSK9|ZNUC_EHRCJ	24.0	192	126	6	31581	32123	23	205	2.38e-09	66.6
JALRLY010000257.1	sp|Q6G1D9|Y270_BARQU	27.3	194	121	6	31686	32210	30	222	2.46e-09	66.2
JALRLY010000257.1	sp|Q5GRS1|ZNUC_WOLTR	21.8	225	155	6	31515	32153	1	216	3.41e-09	66.2
JALRLY010000257.1	sp|Q2GFZ6|ZNUC_EHRCR	24.2	190	128	5	31581	32123	23	205	5.82e-09	65.5
JALRLY010000257.1	sp|Q5FHB0|ZNUC_EHRRG	21.4	201	142	3	31548	32123	12	205	5.82e-09	65.5
JALRLY010000257.1	sp|Q5HBR8|ZNUC_EHRRW	21.4	201	142	3	31548	32123	12	205	5.82e-09	65.5
JALRLY010000219.1	sp|Q9UT21|YFY7_SCHPO	61.6	365	136	1	19071	20153	1	365	5.66e-146	464
JALRLY010000219.1	sp|P34280|YKK3_CAEEL	54.0	363	160	3	19083	20153	4	365	3.10e-111	364
JALRLY010000219.1	sp|Q58722|Y1326_METJA	45.6	364	185	5	19086	20150	29	388	7.45e-90	303
JALRLY010000219.1	sp|P17103|Y1111_HALSA	39.6	366	207	6	19086	20150	5	367	1.24e-70	247
JALRLY010000197.1	sp|Q09575|YRD6_CAEEL	32.8	137	87	4	1732	2130	448	583	9.08e-14	82.4
JALRLY010000197.1	sp|Q7LHG5|YI31B_YEAST	40.5	111	55	4	11412	11729	599	703	1.42e-12	78.6
JALRLY010000197.1	sp|Q99315|YG31B_YEAST	40.5	111	55	4	11412	11729	573	677	1.43e-12	78.6
JALRLY010000244.1	sp|Q99315|YG31B_YEAST	40.8	387	218	4	1977	3131	641	1018	7.75e-75	284
JALRLY010000244.1	sp|Q7LHG5|YI31B_YEAST	40.8	387	218	4	1977	3131	667	1044	4.42e-74	281
JALRLY010000244.1	sp|Q09795|YAA1_SCHPO	30.7	610	366	19	29981	31714	14	598	5.30e-63	233
JALRLY010000244.1	sp|O60162|YG23_SCHPO	32.5	308	179	7	42654	41809	188	492	4.93e-28	128
JALRLY010000244.1	sp|O14127|YF51_SCHPO	31.2	308	173	10	42642	41809	202	500	3.21e-22	110
JALRLY010000244.1	sp|O74451|YCG6_SCHPO	26.5	332	197	8	19043	19984	34	336	4.03e-21	104
JALRLY010000244.1	sp|A2CEX1|ZDH8B_DANRE	30.2	199	107	7	40461	41024	59	236	2.80e-14	85.5
JALRLY010000244.1	sp|Q5R838|ZDHC5_PONAB	31.6	187	91	6	40461	40976	59	223	1.04e-13	83.6
JALRLY010000244.1	sp|E1BLT8|ZDHC5_BOVIN	31.6	187	91	6	40461	40976	59	223	1.36e-13	83.2
JALRLY010000244.1	sp|Q2THW9|ZDHC5_CANLF	31.6	187	91	6	40461	40976	59	223	1.37e-13	83.2
JALRLY010000244.1	sp|Q9C0B5|ZDHC5_HUMAN	31.6	187	91	6	40461	40976	59	223	1.37e-13	83.2
JALRLY010000244.1	sp|Q8VDZ4|ZDHC5_MOUSE	31.6	187	91	6	40461	40976	59	223	1.37e-13	83.2
JALRLY010000244.1	sp|Q2THX1|ZDHC5_PANTR	31.6	187	91	6	40461	40976	59	223	1.37e-13	83.2
JALRLY010000244.1	sp|Q2THW7|ZDHC5_RAT	31.9	204	102	6	40410	40976	42	223	1.37e-13	83.2
JALRLY010000244.1	sp|Q5Y5T5|ZDHC8_MOUSE	29.6	206	99	8	40461	41024	59	236	2.20e-12	79.3
JALRLY010000244.1	sp|Q2THW8|ZDHC8_CANLF	29.1	206	100	8	40461	41024	59	236	2.21e-12	79.3
JALRLY010000244.1	sp|Q9ULC8|ZDHC8_HUMAN	29.1	206	100	8	40461	41024	59	236	4.98e-12	78.2
JALRLY010000244.1	sp|Q2THX0|ZDHC8_PANTR	29.1	206	100	8	40461	41024	59	236	4.98e-12	78.2
JALRLY010000244.1	sp|P76524|YPDF_ECOLI	30.8	198	126	7	30953	31540	159	347	1.19e-11	75.1
JALRLY010000244.1	sp|Q8BQQ1|ZDH14_MOUSE	34.8	115	67	4	40467	40802	108	217	6.64e-09	67.4
JALRLY010000244.1	sp|F1QAM1|ZDHC4_DANRE	44.4	54	30	0	40650	40811	153	206	3.22e-08	64.3
JALRLY010000244.1	sp|Q7A552|Y1530_STAAN	24.1	294	180	10	30707	31540	79	345	4.47e-08	63.9
JALRLY010000244.1	sp|Q6G8L9|Y1635_STAAS	24.1	294	180	10	30707	31540	79	345	4.47e-08	63.9
JALRLY010000244.1	sp|Q99TF5|Y1708_STAAM	24.1	294	180	10	30707	31540	79	345	4.47e-08	63.9
JALRLY010000244.1	sp|Q6GFZ9|Y1786_STAAR	24.6	293	180	10	30707	31540	79	345	5.95e-08	63.5
JALRLY010000261.1	sp|Q10040|YQA4_CAEEL	30.4	395	254	6	47868	49007	15	403	6.23e-44	181
JALRLY010000261.1	sp|Q8SVC0|Y667_ENCCU	36.1	144	89	2	34735	35157	124	267	5.92e-21	101
JALRLY010000261.1	sp|O86835|Y5738_STRCO	24.6	232	171	3	47868	48563	23	250	2.23e-12	79.0
JALRLY010000261.1	sp|P20560|YVFB_VACCC	70.4	54	16	0	26051	26212	20	73	5.06e-12	69.7
JALRLY010000261.1	sp|Q8TGJ8|YJ026_YEAST	70.0	50	15	0	26066	26215	14	63	8.19e-12	68.9
JALRLY010000261.1	sp|P48053|YPD1_CAEEL	25.3	229	144	8	47916	48536	13	236	1.32e-04	54.7
JALRLY010000163.1	sp|Q7LHG5|YI31B_YEAST	36.4	55	35	0	3	167	810	864	1.17e-04	50.8
JALRLY010000163.1	sp|Q99315|YG31B_YEAST	36.4	55	35	0	3	167	784	838	1.17e-04	50.8
JALRLY010000214.1	sp|Q54UZ1|Y1639_DICDI	28.6	234	143	6	17371	18054	86	301	6.97e-23	108
JALRLY010000214.1	sp|Q54XJ4|Y8901_DICDI	29.3	263	157	9	17368	18132	21	262	1.99e-18	98.6
JALRLY010000214.1	sp|Q5UQ78|YR517_MIMIV	31.4	194	109	5	17503	18042	59	242	6.77e-17	91.3
JALRLY010000214.1	sp|Q8SRF5|Y823_ENCCU	28.8	233	128	9	17362	18036	1	203	1.98e-13	77.8
JALRLY010000214.1	sp|Q54C18|Y9452_DICDI	26.9	249	149	8	17368	18096	231	452	4.61e-13	79.7
JALRLY010000214.1	sp|O94348|YIP1_SCHPO	35.4	181	108	4	9748	10281	51	225	1.10e-12	74.7
JALRLY010000214.1	sp|P53039|YIP1_YEAST	31.7	189	113	5	9748	10281	64	247	4.00e-12	73.6
JALRLY010000214.1	sp|O60073|YKT6_SCHPO	27.4	175	103	3	11110	10643	25	194	6.52e-10	65.9
JALRLY010000214.1	sp|Q11112|YX05_CAEEL	25.1	183	100	5	17512	18021	74	232	6.87e-06	55.8
JALRLY010000251.1	sp|Q99260|YPT6_YEAST	52.9	121	51	3	40643	40996	11	128	9.64e-27	116
JALRLY010000251.1	sp|P38555|YPT31_YEAST	38.7	119	70	2	40643	40996	14	130	1.59e-18	92.8
JALRLY010000251.1	sp|Q39573|YPTC5_CHLRE	35.8	123	76	2	40634	40993	6	128	1.94e-18	92.0
JALRLY010000251.1	sp|P36864|YPTV5_VOLCA	35.8	123	76	2	40634	40993	6	128	2.57e-18	91.7
JALRLY010000251.1	sp|Q39572|YPTC6_CHLRE	31.4	153	101	3	40643	41098	13	162	3.36e-18	91.7
JALRLY010000251.1	sp|Q39570|YPTC4_CHLRE	36.1	119	73	2	40643	40996	7	123	9.06e-17	87.4
JALRLY010000251.1	sp|P36863|YPTV4_VOLCA	36.1	119	73	2	40643	40996	7	123	9.06e-17	87.4
JALRLY010000251.1	sp|O60064|YBB2_SCHPO	26.1	272	160	9	36936	37643	2	268	1.22e-12	79.0
JALRLY010000191.1	sp|Q7LHG5|YI31B_YEAST	38.3	439	253	6	8075	9373	610	1036	1.87e-76	286
JALRLY010000191.1	sp|Q99315|YG31B_YEAST	38.3	439	253	6	8075	9373	584	1010	2.98e-76	286
JALRLY010000179.1	sp|Q99315|YG31B_YEAST	30.0	420	287	4	989	2245	595	1008	4.62e-50	200
JALRLY010000179.1	sp|Q7LHG5|YI31B_YEAST	29.8	420	288	4	989	2245	621	1034	2.24e-49	198
JALRLY010000179.1	sp|Q09575|YRD6_CAEEL	31.6	228	148	6	1040	1711	456	679	1.09e-21	107
JALRLY010000248.1	sp|Q9P7T8|YIW2_SCHPO	30.9	864	443	25	20880	23252	551	1333	2.24e-91	338
JALRLY010000248.1	sp|Q09475|YP93_CAEEL	32.3	682	374	15	21348	23225	733	1382	4.37e-79	299
JALRLY010000248.1	sp|Q54XN7|Y8827_DICDI	30.5	645	363	16	21405	23255	792	1379	1.08e-63	249
JALRLY010000248.1	sp|P94593|YWQA_BACSU	28.5	495	324	10	49154	50569	428	915	7.97e-47	191
JALRLY010000248.1	sp|Q58884|Y1489_METJA	30.6	503	302	17	33622	35061	111	589	1.30e-42	174
JALRLY010000248.1	sp|Q58371|Y961_METJA	36.2	348	184	9	34069	35019	313	653	1.59e-37	160
JALRLY010000248.1	sp|E1BB03|ZRAB3_BOVIN	28.8	497	284	17	49109	50506	11	468	4.88e-31	140
JALRLY010000248.1	sp|Q5FWF4|ZRAB3_HUMAN	28.1	474	282	16	49208	50536	33	478	6.49e-29	134
JALRLY010000248.1	sp|Q6NZP1|ZRAB3_MOUSE	28.2	464	274	15	49208	50506	33	468	1.45e-28	132
JALRLY010000248.1	sp|Q10332|YBMA_SCHPO	22.3	593	308	15	49139	50488	212	794	7.78e-25	120
JALRLY010000248.1	sp|O60177|YG42_SCHPO	28.4	190	132	4	50000	50557	842	1031	2.04e-15	89.7
JALRLY010000248.1	sp|O13799|YE02_SCHPO	42.5	113	56	3	22836	23147	405	517	2.00e-13	83.2
JALRLY010000221.1	sp|Q0WW55|ZEUS1_ARATH	39.4	180	99	5	22547	22023	62	236	3.81e-31	129
JALRLY010000273.1	sp|Q09735|YA55_SCHPO	39.5	382	215	8	105592	106713	139	512	7.92e-64	234
JALRLY010000273.1	sp|J9W0G9|YPK1_CRYNH	35.1	265	166	3	22652	23431	240	503	1.24e-36	155
JALRLY010000273.1	sp|P18961|YPK2_YEAST	33.1	263	170	3	22652	23425	339	600	2.26e-32	144
JALRLY010000273.1	sp|Q9UUF1|YNF8_SCHPO	36.8	212	114	3	87781	88359	102	312	4.62e-32	135
JALRLY010000273.1	sp|P12688|YPK1_YEAST	33.0	261	169	3	22652	23419	342	601	1.69e-31	141
JALRLY010000273.1	sp|Q9C0V4|YOM2_SCHPO	37.2	172	87	3	90178	90630	558	729	7.78e-21	108
JALRLY010000273.1	sp|Q8K9J1|Y343_BUCAP	34.4	183	106	5	87814	88353	89	260	1.25e-17	92.4
JALRLY010000273.1	sp|Q8SSH1|Y255_ENCCU	28.2	252	156	6	22658	23413	1	227	5.16e-17	94.7
JALRLY010000273.1	sp|P54719|YFIC_BACSU	25.5	216	152	3	93025	93645	385	600	7.81e-17	94.7
JALRLY010000273.1	sp|P0AFQ9|YCFH_ECO57	33.3	183	108	6	87814	88353	83	254	1.61e-15	86.3
JALRLY010000273.1	sp|P0AFQ8|YCFH_ECOL6	33.3	183	108	6	87814	88353	83	254	1.61e-15	86.3
JALRLY010000273.1	sp|P0AFQ7|YCFH_ECOLI	33.3	183	108	6	87814	88353	83	254	1.61e-15	86.3
JALRLY010000273.1	sp|P57436|Y355_BUCAI	35.0	177	101	5	87832	88353	97	262	2.88e-15	85.5
JALRLY010000273.1	sp|O31708|YKNV_BACSU	25.8	244	171	4	92944	93645	354	597	1.13e-14	87.8
JALRLY010000273.1	sp|Q1ZXI5|Y1558_DICDI	35.5	152	97	1	22652	23104	751	902	1.69e-14	88.2
JALRLY010000273.1	sp|C0LGE0|Y1765_ARATH	27.0	211	139	5	22661	23260	676	882	4.31e-14	86.7
JALRLY010000273.1	sp|P34220|YBF5_YEAST	26.3	236	109	7	87838	88353	182	416	4.04e-13	81.6
JALRLY010000273.1	sp|C0LGG8|Y5343_ARATH	26.7	210	140	6	22661	23260	667	872	1.46e-12	81.6
JALRLY010000273.1	sp|C0LGG9|Y5344_ARATH	26.4	212	138	7	22661	23260	665	870	2.16e-11	77.8
JALRLY010000273.1	sp|Q4UMZ3|Y214_RICFE	25.5	220	152	4	92971	93594	336	555	2.32e-11	77.0
JALRLY010000273.1	sp|P37541|YAAT_BACSU	33.8	142	82	3	90238	90657	25	156	3.74e-11	73.6
JALRLY010000273.1	sp|P38867|YHX7_YEAST	43.6	78	43	1	4785	5015	10	87	1.63e-08	67.4
JALRLY010000273.1	sp|Q06251|YL177_YEAST	51.0	49	24	0	90484	90630	517	565	1.22e-07	65.1
JALRLY010000273.1	sp|A8GQ50|Y6510_RICAH	32.0	75	47	1	11559	11347	14	88	3.50e-06	54.7
JALRLY010000273.1	sp|Q4KKK4|ZNUC_PSEF5	27.7	159	98	3	92971	93447	6	147	3.24e-05	55.5
JALRLY010000272.1	sp|Q8SSH1|Y255_ENCCU	33.4	530	309	11	21161	22687	3	509	9.23e-77	272
JALRLY010000272.1	sp|Q12697|YPK9_YEAST	24.8	411	203	7	70477	69464	1016	1393	9.48e-20	105
JALRLY010000272.1	sp|Q54VC0|Y9865_DICDI	26.0	223	126	8	21305	21901	72	279	2.56e-09	69.7
JALRLY010000272.1	sp|Q5UNT4|YL670_MIMIV	30.8	143	89	3	21158	21562	256	396	6.02e-08	65.9
JALRLY010000272.1	sp|Q55A09|Y9963_DICDI	30.2	215	107	9	21167	21742	1074	1268	2.19e-07	64.7
JALRLY010000272.1	sp|Q9ZVM9|Y1461_ARATH	27.0	211	122	8	21182	21760	124	320	1.29e-06	61.6
JALRLY010000211.1	sp|Q9HE06|YK99_SCHPO	28.3	615	358	24	11927	13609	25	610	7.94e-48	188
JALRLY010000211.1	sp|O60114|YG65_SCHPO	27.2	464	233	14	11945	13030	637	1097	4.42e-35	153
JALRLY010000211.1	sp|Q9HDY4|YK16_SCHPO	24.8	638	343	21	11900	13450	389	1010	1.20e-33	148
JALRLY010000211.1	sp|Q5UQ96|YL540_MIMIV	27.3	373	224	16	11954	12946	52	419	6.72e-27	124
JALRLY010000211.1	sp|Q06698|YL419_YEAST	26.1	449	246	14	11939	13033	608	1054	3.05e-25	120
JALRLY010000211.1	sp|P0C7L7|YUM14_USTMA	30.4	217	129	9	12440	13033	1006	1219	3.58e-15	87.8
JALRLY010000211.1	sp|B2RR83|YTDC2_MOUSE	31.2	154	90	4	12509	12922	640	793	8.52e-12	76.6
JALRLY010000211.1	sp|Q9H6S0|YTDC2_HUMAN	30.5	154	91	4	12509	12922	625	778	1.11e-11	76.3
JALRLY010000211.1	sp|Q5R746|YTDC2_PONAB	30.5	154	91	4	12509	12922	625	778	1.11e-11	76.3
JALRLY010000211.1	sp|Q3SZY7|ZFAN6_BOVIN	41.7	72	41	1	10746	10961	135	205	2.29e-10	67.4
JALRLY010000211.1	sp|Q6FIF0|ZFAN6_HUMAN	41.7	72	41	1	10746	10961	135	205	2.29e-10	67.4
JALRLY010000211.1	sp|Q5R7S6|ZFAN6_PONAB	41.7	72	41	1	10746	10961	135	205	2.29e-10	67.4
JALRLY010000211.1	sp|Q9DCH6|ZFAN6_MOUSE	41.7	72	41	1	10746	10961	150	220	3.02e-10	67.4
JALRLY010000211.1	sp|Q6DGF4|ZFAN6_RAT	41.7	72	41	1	10746	10961	150	220	3.02e-10	67.4
JALRLY010000211.1	sp|Q5UR20|YR366_MIMIV	29.1	220	112	8	12323	12856	869	1086	8.30e-08	63.5
JALRLY010000275.1	sp|Q8SS35|Y4A0_ENCCU	31.7	628	346	21	191651	189954	55	661	6.40e-61	241
JALRLY010000275.1	sp|O28972|Y1297_ARCFU	50.2	235	114	2	80746	80042	177	408	9.98e-59	226
JALRLY010000275.1	sp|Q58556|Y1156_METJA	48.3	232	114	2	80746	80057	447	674	1.12e-54	217
JALRLY010000275.1	sp|Q9HGM3|YTA12_SCHPO	40.6	271	153	5	80779	79982	282	549	6.35e-46	188
JALRLY010000275.1	sp|P36586|YPT5_SCHPO	47.7	195	97	3	33488	34057	1	195	1.99e-44	168
JALRLY010000275.1	sp|O14325|YB7A_SCHPO	41.3	235	137	1	80743	80042	170	404	6.73e-44	182
JALRLY010000275.1	sp|O59824|YME1_SCHPO	45.4	229	117	3	80734	80060	266	490	1.77e-41	173
JALRLY010000275.1	sp|O14114|YEJJ_SCHPO	39.0	241	122	4	80737	80057	264	493	2.56e-41	176
JALRLY010000275.1	sp|P32795|YME1_YEAST	42.0	243	136	3	80779	80054	264	502	4.68e-40	169
JALRLY010000275.1	sp|P54813|YME1_CAEEL	41.4	232	133	2	80737	80042	246	474	8.64e-39	165
JALRLY010000275.1	sp|P36019|YPT53_YEAST	46.2	171	86	1	33512	34006	10	180	6.23e-37	147
JALRLY010000275.1	sp|P36018|YPT52_YEAST	44.2	190	77	3	33521	34003	4	193	6.93e-37	147
JALRLY010000275.1	sp|P51996|YPT32_YEAST	39.8	171	103	0	33515	34027	12	182	3.77e-31	130
JALRLY010000275.1	sp|Q12152|YP150_YEAST	36.5	260	147	8	142609	143373	41	287	2.92e-29	136
JALRLY010000275.1	sp|P17609|YPT2_SCHPO	34.9	175	112	1	33509	34027	4	178	1.53e-27	119
JALRLY010000275.1	sp|J9W0G9|YPK1_CRYNH	32.5	265	165	7	142570	143337	226	485	5.74e-27	127
JALRLY010000275.1	sp|Q5UQ78|YR517_MIMIV	27.1	277	169	7	142624	143364	14	287	1.35e-25	120
JALRLY010000275.1	sp|Q8MYF1|Y2070_DICDI	29.4	248	167	5	142603	143337	126	368	8.57e-25	118
JALRLY010000275.1	sp|P38146|YPT10_YEAST	39.9	178	98	3	33518	34033	4	178	2.43e-24	110
JALRLY010000275.1	sp|P12688|YPK1_YEAST	31.4	261	168	6	142615	143379	349	604	3.37e-24	119
JALRLY010000275.1	sp|P18961|YPK2_YEAST	31.6	244	159	5	142615	143337	346	584	2.34e-23	116
JALRLY010000275.1	sp|Q5UQE0|YR476_MIMIV	29.5	251	158	7	80725	80024	570	818	1.17e-22	115
JALRLY010000275.1	sp|Q54VU4|Y8013_DICDI	29.4	306	179	10	142567	143415	528	819	3.75e-21	110
JALRLY010000275.1	sp|Q54C77|Y3184_DICDI	30.2	222	143	6	142738	143376	220	438	4.18e-19	103
JALRLY010000275.1	sp|Q8MYQ1|Y31E_CAEEL	28.6	206	136	6	142609	143205	126	327	6.38e-17	94.4
JALRLY010000216.1	sp|Q8SSK3|Y1A1_ENCCU	30.9	110	61	2	21016	20732	78	187	5.98e-07	57.8
JALRLY010000234.1	sp|O13794|YSH1_SCHPO	38.1	452	257	11	6438	7754	19	460	5.43e-88	311
JALRLY010000234.1	sp|Q4PEJ3|YSH1_USTMA	36.4	450	264	9	6438	7742	24	466	1.52e-81	295
JALRLY010000234.1	sp|Q6FUA5|YSH1_CANGA	34.0	470	279	10	6426	7760	6	469	1.23e-79	287
JALRLY010000234.1	sp|Q6C2Z7|YSH1_YARLI	35.2	432	263	8	6447	7712	40	464	9.37e-79	286
JALRLY010000234.1	sp|Q74ZC0|YSH1_ASHGO	35.0	463	267	12	6453	7760	16	471	4.47e-78	282
JALRLY010000234.1	sp|Q6CUI5|YSH1_KLULA	31.6	529	325	13	6450	7949	18	538	3.14e-77	280
JALRLY010000234.1	sp|Q06224|YSH1_YEAST	35.2	438	257	10	6450	7703	13	443	1.90e-76	278
JALRLY010000234.1	sp|P0CM89|YSH1_CRYNB	33.4	470	290	10	6429	7787	26	489	4.50e-75	273
JALRLY010000234.1	sp|P0CM88|YSH1_CRYNJ	33.4	470	290	10	6429	7787	26	489	4.50e-75	273
JALRLY010000234.1	sp|Q6BMW3|YSH1_DEBHA	33.2	449	264	12	6453	7712	19	460	2.67e-73	269
JALRLY010000234.1	sp|Q59P50|YSH1_CANAL	34.1	458	267	13	6453	7742	105	555	4.35e-71	264
JALRLY010000234.1	sp|Q4IPN9|YSH1_GIBZE	32.2	475	273	12	6447	7742	28	496	7.50e-66	247
JALRLY010000234.1	sp|Q58633|Y1236_METJA	34.1	461	267	16	6438	7739	180	630	8.56e-66	242
JALRLY010000234.1	sp|Q5BEP0|YSH1_EMENI	32.6	494	276	14	6453	7784	29	515	2.17e-65	247
JALRLY010000234.1	sp|Q4WRC2|YSH1_ASPFU	32.6	494	276	14	6453	7784	30	516	1.41e-64	244
JALRLY010000234.1	sp|Q57626|Y162_METJA	33.0	440	264	11	6456	7760	8	421	2.88e-64	231
JALRLY010000234.1	sp|Q8WZS6|YSH1_NEUCR	31.6	490	282	13	6453	7784	29	511	5.92e-64	242
JALRLY010000234.1	sp|P12688|YPK1_YEAST	40.9	171	99	1	14	526	446	614	3.29e-31	139
JALRLY010000234.1	sp|P18961|YPK2_YEAST	36.8	204	125	2	14	619	443	644	5.66e-31	138
JALRLY010000234.1	sp|J9W0G9|YPK1_CRYNH	36.2	207	127	3	8	619	342	546	3.95e-29	131
JALRLY010000234.1	sp|Q8MYF1|Y2070_DICDI	35.6	174	110	1	8	529	225	396	9.48e-28	125
JALRLY010000234.1	sp|Q54C18|Y9452_DICDI	35.8	173	104	3	5	520	323	489	2.89e-25	118
JALRLY010000234.1	sp|Q8MYQ1|Y31E_CAEEL	31.3	176	111	5	2	523	225	392	3.27e-16	89.7
JALRLY010000234.1	sp|Q54XJ4|Y8901_DICDI	30.8	169	109	3	2	499	119	282	1.23e-15	90.1
JALRLY010000237.1	sp|Q8SRF5|Y823_ENCCU	56.0	259	110	2	4981	5745	1	259	7.37e-84	281
JALRLY010000237.1	sp|Q8SR90|Y8H9_ENCCU	37.0	211	125	2	4981	5598	1	208	6.49e-40	157
JALRLY010000237.1	sp|Q9ZVM9|Y1461_ARATH	43.1	218	112	6	5008	5628	124	340	1.39e-38	160
JALRLY010000237.1	sp|Q57809|Y363_METJA	35.7	319	178	9	13479	12571	357	664	2.55e-36	155
JALRLY010000237.1	sp|F4I114|Y1960_ARATH	40.6	217	119	4	5008	5628	169	385	4.06e-35	151
JALRLY010000237.1	sp|Q55FJ6|Y8078_DICDI	39.5	205	115	4	5008	5601	10	212	4.70e-35	148
JALRLY010000237.1	sp|Q54D75|Y2550_DICDI	41.4	210	108	6	5005	5607	9	212	1.63e-31	142
JALRLY010000237.1	sp|Q556J6|Y4007_DICDI	37.6	218	127	4	4981	5610	1	217	5.82e-29	132
JALRLY010000237.1	sp|Q54Y06|Y8487_DICDI	38.9	208	117	5	5008	5610	70	274	2.98e-27	126
JALRLY010000237.1	sp|Q12222|YGK3_YEAST	34.7	225	124	7	4996	5610	43	264	1.42e-21	105
JALRLY010000237.1	sp|Q54XJ4|Y8901_DICDI	34.0	206	123	6	4990	5571	22	226	4.92e-20	104
JALRLY010000237.1	sp|Q8SUT4|Y827_ENCCU	25.5	365	233	10	12159	11155	26	381	6.26e-20	100
JALRLY010000237.1	sp|Q8RWH3|YAK1_ARATH	37.8	217	112	8	4978	5577	118	328	8.26e-20	103
JALRLY010000237.1	sp|Q8SQZ4|YAK1_ENCCU	33.5	215	123	8	4987	5592	39	246	3.30e-18	95.5
JALRLY010000237.1	sp|P14680|YAK1_YEAST	31.7	218	127	7	4987	5592	368	579	7.02e-18	97.1
JALRLY010000237.1	sp|Q8SSH1|Y255_ENCCU	32.0	197	120	7	4981	5556	1	188	4.47e-16	90.1
JALRLY010000237.1	sp|Q54VU4|Y8013_DICDI	31.7	221	111	7	4990	5556	542	754	1.35e-15	90.1
JALRLY010000237.1	sp|Q54WD7|Y9719_DICDI	48.9	88	41	2	5284	5547	470	553	2.07e-12	79.3
JALRLY010000255.1	sp|Q7LHG5|YI31B_YEAST	42.7	410	225	5	50429	51652	635	1036	2.71e-81	305
JALRLY010000255.1	sp|Q99315|YG31B_YEAST	42.2	410	227	5	50429	51652	609	1010	1.40e-80	303
JALRLY010000255.1	sp|P94593|YWQA_BACSU	31.8	472	270	11	5987	4647	453	897	9.09e-54	213
JALRLY010000255.1	sp|P54509|YQHH_BACSU	25.8	438	299	8	5930	4647	80	501	3.18e-31	138
JALRLY010000255.1	sp|Q09575|YRD6_CAEEL	33.6	235	149	6	50414	51106	448	679	3.18e-31	142
JALRLY010000255.1	sp|Q10332|YBMA_SCHPO	24.5	583	298	11	5996	4641	233	804	2.28e-30	138
JALRLY010000255.1	sp|O01513|YS4L_CAEEL	31.5	178	121	1	42551	42021	2	179	3.74e-28	119
JALRLY010000255.1	sp|Q01688|YS4L_PNECA	38.7	168	100	3	42551	42057	1	168	7.42e-27	115
JALRLY010000255.1	sp|Q58623|Y1226_METJA	23.5	260	185	3	14874	15641	74	323	3.96e-14	85.5
JALRLY010000255.1	sp|P34457|YMD3_CAEEL	29.9	147	97	5	51953	52384	10	153	1.96e-06	58.5
JALRLY010000255.1	sp|P76091|YNBB_ECOLI	30.9	149	68	4	32299	32730	162	280	1.23e-05	56.2
JALRLY010000209.1	sp|Q99315|YG31B_YEAST	40.2	475	264	9	16158	17549	602	1067	4.21e-83	309
JALRLY010000209.1	sp|Q7LHG5|YI31B_YEAST	42.5	416	227	6	16158	17396	628	1034	9.86e-83	308
JALRLY010000220.1	sp|Q58558|Y1157_METJA	28.8	313	200	7	7776	8693	44	340	1.42e-32	136
JALRLY010000220.1	sp|O30107|Y130_ARCFU	26.5	298	193	9	2381	3202	1	296	2.29e-18	94.7
JALRLY010000220.1	sp|Q57955|Y535_METJA	26.3	160	109	3	2735	3199	136	291	5.83e-11	72.0
JALRLY010000230.1	sp|Q9WYC4|Y288_THEMA	43.6	78	40	3	16316	16092	355	431	4.71e-05	54.7
JALRLY010000230.1	sp|Q57538|Y664_HAEIN	31.2	77	53	0	16039	15809	476	552	1.75e-04	52.8
JALRLY010000258.1	sp|Q8SS35|Y4A0_ENCCU	37.6	1536	815	25	37249	32903	2	1481	1.50e-253	826
JALRLY010000265.1	sp|Q10309|YD56_SCHPO	36.0	1107	560	16	18312	15040	58	1031	3.80e-188	614
JALRLY010000265.1	sp|O94296|YOOC_SCHPO	28.3	1044	606	21	18351	15361	113	1060	5.43e-91	333
JALRLY010000265.1	sp|Q9P3U2|YKX4_SCHPO	47.4	302	149	4	63556	64431	437	738	1.26e-71	263
JALRLY010000265.1	sp|Q9P7J5|YJNA_SCHPO	42.4	238	132	3	63592	64296	79	314	8.85e-47	179
JALRLY010000265.1	sp|Q09709|YA32_SCHPO	39.2	245	136	5	27612	28307	28	272	8.22e-46	177
JALRLY010000265.1	sp|Q9UT43|YFRD_SCHPO	29.2	510	290	14	16389	15052	1017	1519	9.74e-34	150
JALRLY010000265.1	sp|Q9C0W2|YHI5_SCHPO	34.5	275	164	7	63613	64395	369	641	1.27e-33	150
JALRLY010000265.1	sp|O14325|YB7A_SCHPO	34.3	280	163	7	63613	64404	489	763	2.69e-32	144
JALRLY010000265.1	sp|O59824|YME1_SCHPO	36.5	233	131	7	63598	64266	259	484	5.71e-28	130
JALRLY010000265.1	sp|O16686|YK27_CAEEL	34.0	244	148	9	27624	28316	74	317	6.78e-26	120
JALRLY010000265.1	sp|Q45826|Y901_CHLAA	40.1	162	78	5	27876	28310	104	263	1.52e-20	101
JALRLY010000265.1	sp|P46508|YME1_SCHMA	31.7	243	157	7	63613	64326	163	401	4.31e-20	104
JALRLY010000265.1	sp|Q45480|YLYB_BACSU	30.9	217	124	6	27732	28310	40	254	5.89e-19	96.7
JALRLY010000265.1	sp|Q5UQE0|YR476_MIMIV	32.1	249	146	11	63706	64392	599	844	3.42e-17	95.9
JALRLY010000265.1	sp|O31613|YJBO_BACSU	31.8	217	120	9	27732	28310	25	237	1.82e-15	85.9
JALRLY010000265.1	sp|P75485|Y292_MYCPN	25.9	251	149	8	27666	28328	13	256	4.06e-14	82.4
JALRLY010000265.1	sp|P47451|Y209_MYCGE	28.2	241	145	9	27666	28313	13	250	9.74e-14	81.3
JALRLY010000265.1	sp|P74346|Y1629_SYNY3	27.0	211	126	6	27735	28307	72	274	1.27e-13	81.3
JALRLY010000265.1	sp|Q9ZMA1|Y347_HELPJ	29.0	183	116	4	27813	28319	61	243	2.55e-13	79.7
JALRLY010000265.1	sp|O50310|Y723_CHLP8	29.9	234	130	8	27720	28328	33	263	4.11e-13	79.7
JALRLY010000265.1	sp|O25114|Y347_HELPY	28.0	189	121	5	27795	28319	56	243	2.94e-12	76.6
JALRLY010000265.1	sp|Q9MUP8|YCF2_MESVI	24.2	289	181	9	63613	64398	346	623	2.06e-11	77.0
JALRLY010000265.1	sp|O34703|YJOB_BACSU	29.5	173	98	6	63724	64233	221	372	3.96e-10	71.6
JALRLY010000265.1	sp|P49541|YCF46_TRICV	25.7	222	142	6	63721	64368	259	463	4.06e-10	72.0
JALRLY010000265.1	sp|Q6B952|YCF46_GRATL	24.8	214	149	5	63721	64350	260	465	2.76e-09	69.3
JALRLY010000269.1	sp|O13799|YE02_SCHPO	31.4	944	554	24	2972	396	96	1030	2.46e-115	401
JALRLY010000269.1	sp|Q7LHG5|YI31B_YEAST	41.8	423	236	4	43025	41763	635	1049	1.40e-87	325
JALRLY010000269.1	sp|Q99315|YG31B_YEAST	42.1	423	235	4	43025	41763	609	1023	1.94e-87	325
JALRLY010000269.1	sp|Q10298|YD44_SCHPO	36.7	294	159	6	20832	19975	2	276	3.49e-55	202
JALRLY010000269.1	sp|O74789|YOU5_SCHPO	36.3	303	123	9	20739	19981	35	317	3.33e-49	186
JALRLY010000269.1	sp|P48458|YT91_CAEEL	31.2	276	156	5	20784	19990	60	312	2.27e-37	152
JALRLY010000269.1	sp|P48460|YY06_CAEEL	30.9	256	148	7	20721	19984	53	289	1.05e-25	120
JALRLY010000269.1	sp|P54509|YQHH_BACSU	24.9	470	307	13	9324	10664	62	508	3.28e-23	114
JALRLY010000269.1	sp|Q9UTL0|YIVG_SCHPO	41.4	133	62	3	19265	18870	59	176	1.10e-20	98.2
JALRLY010000269.1	sp|Q10332|YBMA_SCHPO	27.4	328	186	10	9312	10154	231	553	2.40e-20	106
JALRLY010000269.1	sp|P38829|YHS2_YEAST	38.7	137	70	3	19280	18873	104	227	3.02e-18	92.8
JALRLY010000269.1	sp|Q500Z2|ZDH20_ARATH	27.7	159	106	4	18118	18576	72	227	3.09e-08	63.9
JALRLY010000269.1	sp|Q58796|Y1401_METJA	21.9	374	218	13	2831	1734	232	539	5.53e-06	59.3
JALRLY010000269.1	sp|Q8T2Q0|ZDHC6_DICDI	37.1	62	39	0	18133	18318	397	458	5.92e-05	55.8
JALRLY010000228.1	sp|Q6NZP1|ZRAB3_MOUSE	42.0	441	228	8	13491	14732	36	475	7.13e-87	315
JALRLY010000228.1	sp|E1BB03|ZRAB3_BOVIN	39.7	461	241	9	13491	14786	36	488	1.44e-85	311
JALRLY010000228.1	sp|Q5FWF4|ZRAB3_HUMAN	39.9	459	243	9	13491	14786	36	488	5.33e-83	304
JALRLY010000228.1	sp|Q54QI2|Y9877_DICDI	28.9	225	129	8	28123	28782	67	265	2.79e-10	72.0
JALRLY010000228.1	sp|Q8SSH1|Y255_ENCCU	30.8	156	82	6	28111	28563	50	184	8.01e-09	66.6
JALRLY010000236.1	sp|Q58371|Y961_METJA	30.8	338	197	8	17074	17982	334	669	1.14e-28	131
JALRLY010000227.1	sp|Q7LHG5|YI31B_YEAST	42.1	416	231	4	6281	5040	628	1035	1.52e-80	301
JALRLY010000227.1	sp|Q99315|YG31B_YEAST	41.8	416	232	4	6281	5040	602	1009	7.72e-80	300
JALRLY010000195.1	sp|Q7LHG5|YI31B_YEAST	37.2	277	165	4	6771	5947	767	1036	1.27e-39	167
JALRLY010000195.1	sp|Q99315|YG31B_YEAST	36.5	277	167	4	6771	5947	741	1010	8.72e-39	164
JALRLY010000171.1	sp|Q7LHG5|YI31B_YEAST	44.9	118	61	2	3015	2665	716	830	1.60e-21	106
JALRLY010000171.1	sp|Q99315|YG31B_YEAST	44.9	118	61	2	3015	2665	690	804	1.62e-21	106
JALRLY010000242.1	sp|Q5UP23|YR260_MIMIV	24.5	323	204	9	17042	17995	1	288	1.14e-11	75.5
JALRLY010000247.1	sp|Q10298|YD44_SCHPO	42.6	272	150	3	35147	35950	8	277	8.71e-69	240
JALRLY010000247.1	sp|O74789|YOU5_SCHPO	38.9	303	142	2	35171	35950	18	320	2.02e-61	221
JALRLY010000247.1	sp|Q39572|YPTC6_CHLRE	55.5	173	76	1	28467	28985	9	180	5.91e-52	188
JALRLY010000247.1	sp|Q01111|YPT3_NICPL	55.2	174	77	1	28464	28985	9	181	8.85e-50	182
JALRLY010000247.1	sp|P11620|YPT1_SCHPO	44.4	207	106	3	2752	2147	1	203	1.38e-49	181
JALRLY010000247.1	sp|P38555|YPT31_YEAST	57.7	168	70	1	28467	28970	10	176	2.28e-48	178
JALRLY010000247.1	sp|P17610|YPT3_SCHPO	50.3	173	85	1	28455	28973	3	174	8.04e-48	176
JALRLY010000247.1	sp|P51996|YPT32_YEAST	55.6	169	74	1	28467	28973	10	177	4.85e-47	174
JALRLY010000247.1	sp|P01123|YPT1_YEAST	50.9	175	78	5	2752	2234	1	169	1.37e-46	172
JALRLY010000247.1	sp|P33723|YPT1_NEUCR	43.0	207	109	3	2752	2147	1	203	1.48e-45	169
JALRLY010000247.1	sp|P16976|YPTM1_MAIZE	42.4	210	109	4	2752	2147	1	206	5.96e-45	168
JALRLY010000247.1	sp|P31584|YPTV1_VOLCA	46.3	175	90	2	2752	2228	1	171	4.43e-44	165
JALRLY010000247.1	sp|Q39571|YPTC1_CHLRE	45.7	175	91	2	2752	2228	1	171	1.12e-43	164
JALRLY010000247.1	sp|Q01890|YPT1_PHYIN	41.5	205	113	3	2752	2147	1	201	2.66e-43	163
JALRLY010000247.1	sp|Q05737|YPTM2_MAIZE	39.5	205	117	3	2752	2147	1	201	1.33e-42	161
JALRLY010000247.1	sp|P17609|YPT2_SCHPO	38.1	210	105	4	2743	2147	5	200	3.63e-41	157
JALRLY010000247.1	sp|Q39570|YPTC4_CHLRE	47.9	167	86	1	28467	28967	3	168	1.37e-40	155
JALRLY010000247.1	sp|P36863|YPTV4_VOLCA	47.9	167	86	1	28467	28967	3	168	1.37e-40	155
JALRLY010000247.1	sp|P48460|YY06_CAEEL	38.8	245	142	6	35225	35938	46	289	2.10e-40	163
JALRLY010000247.1	sp|P36861|YPTV2_VOLCA	42.7	178	93	4	2755	2231	5	176	3.39e-39	152
JALRLY010000247.1	sp|P36862|YPTV3_VOLCA	42.5	174	96	2	2746	2228	4	174	2.62e-38	149
JALRLY010000247.1	sp|Q1XDL4|YCF42_PYRYE	41.2	165	96	1	29348	29842	16	179	1.80e-34	137
JALRLY010000247.1	sp|P51272|YCF42_PORPU	40.0	165	98	1	29348	29842	16	179	1.57e-33	135
JALRLY010000247.1	sp|Q55624|Y755_SYNY3	38.8	165	101	0	29348	29842	13	177	5.55e-33	133
JALRLY010000247.1	sp|O94655|YPT7_SCHPO	40.9	176	96	4	2752	2240	1	173	6.43e-33	133
JALRLY010000246.1	sp|Q5UQE0|YR476_MIMIV	38.4	284	160	4	6829	7647	527	806	2.64e-49	197
JALRLY010000246.1	sp|Q58556|Y1156_METJA	31.4	459	265	13	6943	8280	181	602	2.19e-42	176
JALRLY010000246.1	sp|O28972|Y1297_ARCFU	38.3	274	137	7	7009	7830	478	719	2.82e-37	159
JALRLY010000246.1	sp|O14325|YB7A_SCHPO	36.6	298	159	9	6754	7641	444	713	1.97e-30	137
JALRLY010000246.1	sp|Q9HGM3|YTA12_SCHPO	37.9	224	125	4	6988	7650	311	523	4.92e-28	130
JALRLY010000246.1	sp|P40341|YTA12_YEAST	38.6	223	117	6	6988	7638	363	571	1.34e-27	129
JALRLY010000246.1	sp|F4IAE9|Y1591_ARATH	36.1	241	133	7	6907	7614	373	597	1.82e-27	129
JALRLY010000246.1	sp|F3YDF1|YMEL1_DROME	32.8	265	147	8	6919	7680	300	544	7.61e-25	119
JALRLY010000246.1	sp|P54813|YME1_CAEEL	38.7	204	110	5	7045	7653	282	471	1.64e-24	118
JALRLY010000246.1	sp|Q96TA2|YMEL1_HUMAN	32.5	237	141	5	6919	7626	335	553	2.70e-22	111
JALRLY010000246.1	sp|P46508|YME1_SCHMA	32.1	215	131	4	7009	7650	188	388	3.31e-22	110
JALRLY010000246.1	sp|O88967|YMEL1_MOUSE	32.1	237	142	5	6919	7626	277	495	6.94e-22	110
JALRLY010000246.1	sp|Q925S8|YMEL1_RAT	31.6	237	143	5	6919	7626	277	495	1.88e-20	105
JALRLY010000246.1	sp|O59824|YME1_SCHPO	31.8	245	143	7	6919	7638	263	488	2.44e-20	105
JALRLY010000246.1	sp|Q9MUP8|YCF2_MESVI	27.9	183	103	4	7021	7509	371	544	4.47e-10	72.0
JALRLY010000161.1	sp|Q99315|YG31B_YEAST	39.3	433	255	5	2749	1463	582	1010	8.33e-82	300
JALRLY010000161.1	sp|Q7LHG5|YI31B_YEAST	39.0	433	256	5	2749	1463	608	1036	1.65e-81	299
JALRLY010000138.1	sp|Q99315|YG31B_YEAST	36.4	439	266	6	256	1548	588	1021	3.07e-81	289
JALRLY010000138.1	sp|Q7LHG5|YI31B_YEAST	36.0	439	268	6	256	1548	614	1047	1.69e-80	287
JALRLY010000165.1	sp|Q7LHG5|YI31B_YEAST	37.2	470	274	7	3538	2156	586	1043	1.38e-76	285
JALRLY010000165.1	sp|Q99315|YG31B_YEAST	37.0	470	275	7	3538	2156	560	1017	2.10e-76	284
JALRLY010000144.1	sp|P14381|YTX2_XENLA	31.0	84	58	0	1242	1493	585	668	3.92e-04	48.1
JALRLY010000256.1	sp|Q76P07|Y7165_DICDI	31.1	366	216	7	19455	20498	1	348	4.74e-50	200
JALRLY010000256.1	sp|Q5UQW7|YL386_MIMIV	36.2	290	131	4	46305	45526	1	266	1.50e-37	155
JALRLY010000256.1	sp|Q54VU4|Y8013_DICDI	33.8	311	166	8	19443	20288	530	829	7.78e-36	157
JALRLY010000256.1	sp|Q12152|YP150_YEAST	35.1	276	161	4	19416	20237	28	287	1.09e-34	152
JALRLY010000256.1	sp|Q58859|Y1464_METJA	35.0	254	148	5	59801	60541	19	262	5.31e-34	142
JALRLY010000256.1	sp|O60162|YG23_SCHPO	28.4	489	263	19	55913	54657	20	491	2.85e-30	135
JALRLY010000256.1	sp|O14127|YF51_SCHPO	31.5	302	170	8	55472	54660	203	498	2.23e-26	124
JALRLY010000256.1	sp|F4I114|Y1960_ARATH	33.2	202	129	3	19476	20069	162	361	1.50e-21	109
JALRLY010000256.1	sp|Q54Y06|Y8487_DICDI	30.3	221	137	6	19476	20108	63	276	1.39e-17	96.3
JALRLY010000256.1	sp|Q9ZVM9|Y1461_ARATH	32.0	206	126	6	19476	20069	117	316	7.09e-16	90.5
JALRLY010000256.1	sp|Q58105|Y694_METJA	27.6	254	159	6	56681	57388	110	356	1.44e-14	85.1
JALRLY010000256.1	sp|Q8SR90|Y8H9_ENCCU	28.7	202	134	5	19479	20078	4	197	7.98e-14	81.3
JALRLY010000256.1	sp|Q9SYM9|Y1853_ARATH	31.9	204	124	9	19497	20087	81	276	2.64e-12	77.4
JALRLY010000256.1	sp|Q9GT24|ZYG1_CAEEL	31.2	205	127	6	19476	20075	12	207	1.07e-11	77.4
JALRLY010000256.1	sp|Q54QV3|YAKA_DICDI	29.1	213	135	7	19479	20090	205	410	4.57e-11	75.9
JALRLY010000256.1	sp|Q8SW34|Z394_ENCCU	60.5	38	15	0	13986	13873	128	165	6.61e-06	55.5
JALRLY010000103.1	sp|Q99315|YG31B_YEAST	36.3	314	194	3	941	3	584	892	1.84e-50	189
JALRLY010000103.1	sp|Q7LHG5|YI31B_YEAST	36.3	314	194	3	941	3	610	918	6.04e-50	188
JALRLY010000120.1	sp|Q99315|YG31B_YEAST	36.6	336	197	9	1968	970	703	1025	4.21e-51	195
JALRLY010000120.1	sp|Q7LHG5|YI31B_YEAST	36.3	336	198	9	1968	970	729	1051	7.46e-51	194
JALRLY010000120.1	sp|Q09575|YRD6_CAEEL	26.9	249	162	10	1035	307	762	996	5.97e-11	69.7
JALRLY010000192.1	sp|Q7LHG5|YI31B_YEAST	39.3	456	262	8	3788	2439	588	1034	3.74e-80	298
JALRLY010000192.1	sp|Q99315|YG31B_YEAST	39.3	456	262	8	3788	2439	562	1008	8.15e-80	298
JALRLY010000192.1	sp|Q09575|YRD6_CAEEL	28.8	480	274	15	6929	8221	224	684	8.15e-38	160
JALRLY010000005.1	sp|Q9HGP4|YK82_SCHPO	36.7	79	46	2	686	462	236	314	1.46e-07	55.5
JALRLY010000150.1	sp|Q7LHG5|YI31B_YEAST	39.0	369	208	5	1453	371	680	1039	6.91e-65	243
JALRLY010000150.1	sp|Q99315|YG31B_YEAST	39.0	369	208	5	1453	371	654	1013	9.63e-65	243
JALRLY010000125.1	sp|Q7LHG5|YI31B_YEAST	49.6	117	59	0	1756	2106	635	751	3.49e-26	119
JALRLY010000125.1	sp|Q99315|YG31B_YEAST	49.6	117	59	0	1756	2106	609	725	3.54e-26	119
JALRLY010000117.1	sp|Q7LHG5|YI31B_YEAST	50.4	137	64	1	1498	1896	627	763	8.59e-30	129
JALRLY010000117.1	sp|Q99315|YG31B_YEAST	50.4	137	64	1	1498	1896	601	737	8.71e-30	129
JALRLY010000100.1	sp|Q09575|YRD6_CAEEL	30.3	155	105	2	1092	628	528	679	5.06e-17	88.2
JALRLY010000270.1	sp|P38708|YHI0_YEAST	47.9	505	250	5	78579	80060	186	688	1.07e-150	493
JALRLY010000270.1	sp|Q55FJ6|Y8078_DICDI	35.5	301	172	5	50797	49916	1	286	2.05e-43	174
JALRLY010000270.1	sp|Q2YU20|Y1799_STAAB	34.5	232	148	3	21124	21810	321	551	5.01e-31	138
JALRLY010000270.1	sp|Q7A4T3|Y1683_STAAN	34.1	232	149	3	21124	21810	321	551	8.93e-31	137
JALRLY010000270.1	sp|Q6G868|Y1788_STAAS	34.1	232	149	3	21124	21810	321	551	8.93e-31	137
JALRLY010000270.1	sp|Q7A0J1|Y1806_STAAW	34.1	232	149	3	21124	21810	321	551	8.93e-31	137
JALRLY010000270.1	sp|Q2FFM9|Y1847_STAA3	34.1	232	149	3	21124	21810	321	551	8.93e-31	137
JALRLY010000270.1	sp|Q99T13|Y1866_STAAM	34.1	232	149	3	21124	21810	321	551	8.93e-31	137
JALRLY010000270.1	sp|Q5HEQ8|Y1924_STAAC	34.1	232	149	3	21124	21810	321	551	8.93e-31	137
JALRLY010000270.1	sp|Q6GFJ1|Y1956_STAAR	34.1	232	149	3	21124	21810	321	551	8.93e-31	137
JALRLY010000270.1	sp|Q2G2M9|Y2003_STAA8	34.1	232	149	3	21124	21810	321	551	8.93e-31	137
JALRLY010000270.1	sp|Q9WYC4|Y288_THEMA	29.7	239	166	2	21136	21846	340	578	3.08e-24	117
JALRLY010000270.1	sp|Q54LR6|Y6481_DICDI	28.1	288	174	9	50674	49910	312	599	1.42e-16	93.6
JALRLY010000270.1	sp|Q97JB8|Y1368_CLOAB	27.3	231	144	8	21175	21828	2	221	7.11e-12	75.5
JALRLY010000270.1	sp|Q93D97|Y1934_STRMU	27.8	198	123	5	21205	21771	304	490	2.32e-11	76.6
JALRLY010000270.1	sp|Q57243|Y1272_HAEIN	31.0	197	113	8	21205	21759	21	206	1.47e-10	71.2
JALRLY010000270.1	sp|Q57CD8|Y1365_BRUAB	26.9	197	130	6	21235	21810	23	210	8.86e-09	65.5
JALRLY010000270.1	sp|Q8FZV2|Y1368_BRUSU	26.9	197	130	6	21235	21810	23	210	8.86e-09	65.5
JALRLY010000270.1	sp|Q2YQP3|Y1388_BRUA2	26.9	197	130	6	21235	21810	23	210	8.86e-09	65.5
JALRLY010000270.1	sp|Q57213|Y1474_HAEIN	31.3	176	89	5	72815	72327	12	168	1.37e-06	58.2
JALRLY010000270.1	sp|P33916|YEJF_ECOLI	25.4	197	123	4	21220	21768	300	486	1.69e-06	60.8
JALRLY010000270.1	sp|P0A9U5|YBIT_ECO57	25.2	206	128	7	21169	21774	316	499	1.98e-05	57.4
JALRLY010000270.1	sp|P0A9U4|YBIT_ECOL6	25.2	206	128	7	21169	21774	316	499	1.98e-05	57.4
JALRLY010000270.1	sp|P0A9U3|YBIT_ECOLI	25.2	206	128	7	21169	21774	316	499	1.98e-05	57.4
JALRLY010000270.1	sp|Q73P93|Y906_TREDE	27.8	198	117	8	21205	21771	276	456	5.57e-05	55.8
JALRLY010000152.1	sp|Q7LHG5|YI31B_YEAST	29.8	728	432	15	1226	3205	628	1344	5.64e-74	274
JALRLY010000152.1	sp|Q99315|YG31B_YEAST	29.8	728	432	15	1226	3205	602	1318	8.21e-74	273
JALRLY010000152.1	sp|Q09575|YRD6_CAEEL	25.8	481	303	17	515	1921	241	679	2.55e-31	137
JALRLY010000136.1	sp|Q99315|YG31B_YEAST	35.6	374	235	3	331	1446	639	1008	2.48e-63	235
JALRLY010000136.1	sp|Q7LHG5|YI31B_YEAST	35.3	374	236	3	331	1446	665	1034	1.40e-62	233
JALRLY010000112.1	sp|Q99315|YG31B_YEAST	38.9	339	198	3	1360	347	602	932	5.64e-61	222
JALRLY010000112.1	sp|Q7LHG5|YI31B_YEAST	38.9	339	198	3	1360	347	628	958	7.51e-61	222
JALRLY010000210.1	sp|O28972|Y1297_ARCFU	50.7	227	109	1	2906	3586	179	402	1.37e-60	228
JALRLY010000210.1	sp|Q58556|Y1156_METJA	50.0	228	112	1	2906	3589	449	674	3.72e-60	230
JALRLY010000210.1	sp|Q9HGM3|YTA12_SCHPO	44.8	241	129	3	2891	3604	288	527	4.90e-51	200
JALRLY010000210.1	sp|P40341|YTA12_YEAST	45.0	242	127	5	2891	3604	340	579	1.54e-46	187
JALRLY010000210.1	sp|O14325|YB7A_SCHPO	36.6	298	165	4	2699	3586	123	398	2.31e-46	186
JALRLY010000210.1	sp|O88967|YMEL1_MOUSE	40.8	245	142	2	2906	3640	278	519	2.66e-45	182
JALRLY010000210.1	sp|Q925S8|YMEL1_RAT	40.8	245	142	2	2906	3640	278	519	3.56e-45	181
JALRLY010000210.1	sp|Q96TA2|YMEL1_HUMAN	40.8	245	142	2	2906	3640	336	577	3.84e-45	182
JALRLY010000210.1	sp|P54813|YME1_CAEEL	40.5	247	136	3	2852	3592	235	470	2.97e-44	179
JALRLY010000210.1	sp|O59824|YME1_SCHPO	44.3	246	122	5	2858	3580	253	488	8.02e-44	177
JALRLY010000210.1	sp|F3YDF1|YMEL1_DROME	42.7	241	126	4	2858	3580	293	521	1.52e-43	177
JALRLY010000210.1	sp|P32795|YME1_YEAST	41.2	233	133	2	2894	3592	274	502	5.16e-43	175
JALRLY010000210.1	sp|P46508|YME1_SCHMA	37.0	257	157	3	2834	3604	141	392	1.46e-42	172
JALRLY010000210.1	sp|Q9C0W2|YHI5_SCHPO	40.1	237	133	3	2894	3586	365	598	1.38e-41	174
JALRLY010000210.1	sp|O14114|YEJJ_SCHPO	38.7	235	135	3	2900	3586	261	492	4.11e-39	166
JALRLY010000210.1	sp|F4IAE9|Y1591_ARATH	38.7	243	140	3	2906	3616	378	617	4.28e-37	159
JALRLY010000263.1	sp|P75335|Y443_MYCPN	27.2	287	177	11	50256	49492	33	319	4.01e-16	90.1
JALRLY010000263.1	sp|O34750|YFML_BACSU	26.8	314	186	8	50310	49501	24	337	2.14e-15	87.4
JALRLY010000263.1	sp|Q99KE8|ZFP64_MOUSE	50.0	52	18	2	23370	23516	142	188	5.74e-06	58.9
JALRLY010000263.1	sp|Q9NTW7|ZF64B_HUMAN	50.0	52	18	2	23370	23516	144	190	5.75e-06	58.9
JALRLY010000263.1	sp|P28166|ZFH1_DROME	35.7	70	42	2	23319	23528	336	402	6.11e-05	55.8
JALRLY010000263.1	sp|Q6IQX8|ZN219_MOUSE	28.7	87	62	0	23277	23537	465	551	1.58e-04	54.3
JALRLY010000204.1	sp|P38867|YHX7_YEAST	49.1	57	28	1	7818	7985	28	84	6.65e-07	59.3
JALRLY010000190.1	sp|O94296|YOOC_SCHPO	28.6	996	572	26	1321	4164	160	1064	8.76e-87	317
JALRLY010000190.1	sp|Q10309|YD56_SCHPO	25.5	895	474	30	1618	4176	186	929	1.86e-48	194
JALRLY010000190.1	sp|Q9UT43|YFRD_SCHPO	29.3	376	214	7	3109	4176	1059	1402	4.49e-33	145
JALRLY010000194.1	sp|P26725|YUR1_YEAST	40.2	271	140	2	11910	12683	90	351	2.92e-60	218
JALRLY010000096.1	sp|Q7LHG5|YI31B_YEAST	37.9	58	36	0	5	178	817	874	8.68e-07	55.5
JALRLY010000096.1	sp|Q99315|YG31B_YEAST	37.9	58	36	0	5	178	791	848	8.73e-07	55.5
JALRLY010000245.1	sp|P12688|YPK1_YEAST	34.9	338	197	9	19924	18959	346	676	3.11e-48	191
JALRLY010000245.1	sp|P18961|YPK2_YEAST	34.4	331	193	9	19939	19004	335	660	1.80e-46	186
JALRLY010000245.1	sp|Q8MYF1|Y2070_DICDI	33.3	291	182	5	19924	19076	127	413	9.03e-46	179
JALRLY010000245.1	sp|J9W0G9|YPK1_CRYNH	34.9	307	183	9	19921	19037	245	546	1.87e-43	175
JALRLY010000245.1	sp|Q1ZXI5|Y1558_DICDI	30.1	339	160	6	19858	19064	779	1114	6.25e-39	167
JALRLY010000245.1	sp|Q54UZ1|Y1639_DICDI	31.1	305	190	9	19933	19064	82	381	3.31e-38	155
JALRLY010000245.1	sp|Q54C18|Y9452_DICDI	28.4	282	186	7	19927	19097	230	500	1.20e-28	129
JALRLY010000245.1	sp|Q54D75|Y2550_DICDI	36.7	98	57	3	19624	19331	102	194	2.81e-06	59.7
JALRLY010000235.1	sp|Q7VMI2|YCHF_HAEDU	42.1	361	192	4	14217	13177	6	363	3.98e-77	266
JALRLY010000235.1	sp|P44681|YCHF_HAEIN	41.8	361	193	4	14217	13177	6	363	1.36e-76	265
JALRLY010000235.1	sp|Q9CP90|YCHF_PASMU	41.8	361	193	4	14217	13177	6	363	1.36e-76	265
JALRLY010000235.1	sp|P37518|YCHF_BACSU	39.6	366	203	5	14226	13177	3	366	1.12e-72	253
JALRLY010000235.1	sp|P0ABU3|YCHF_ECO57	40.6	360	199	4	14217	13177	6	363	6.46e-72	251
JALRLY010000235.1	sp|P0ABU2|YCHF_ECOLI	40.6	360	199	4	14217	13177	6	363	6.46e-72	251
JALRLY010000235.1	sp|P0ABU4|YCHF_SHIFL	40.6	360	199	4	14217	13177	6	363	6.46e-72	251
JALRLY010000235.1	sp|O14078|YEAD_SCHPO	39.3	366	198	7	14229	13186	45	404	1.31e-69	246
JALRLY010000235.1	sp|P47270|YCHF_MYCGE	39.4	368	202	4	14226	13177	2	366	4.66e-67	237
JALRLY010000235.1	sp|P57288|YCHF_BUCAI	37.4	366	201	7	14217	13177	6	362	2.54e-64	229
JALRLY010000235.1	sp|Q8K9V2|YCHF_BUCAP	37.1	361	209	5	14217	13177	6	362	1.60e-63	227
JALRLY010000235.1	sp|P38746|YLF2_YEAST	36.0	394	211	9	14235	13162	14	402	1.86e-60	219
JALRLY010000235.1	sp|Q89AR6|YCHF_BUCBP	36.1	363	211	6	14217	13177	6	363	1.65e-59	215
JALRLY010000235.1	sp|P75088|YCHF_MYCPN	38.1	352	197	6	14226	13225	2	350	8.61e-58	210
JALRLY010000235.1	sp|Q10298|YD44_SCHPO	35.5	282	171	4	32811	31972	2	274	1.10e-45	173
JALRLY010000235.1	sp|Q9W3Y5|Y4443_DROME	29.1	399	260	9	26729	27883	328	717	2.22e-45	183
JALRLY010000235.1	sp|P48458|YT91_CAEEL	36.6	265	146	7	32754	31981	63	312	6.76e-43	167
JALRLY010000235.1	sp|P47664|Y425_MYCGE	29.2	367	248	5	26741	27823	5	365	2.99e-41	165
JALRLY010000235.1	sp|O74789|YOU5_SCHPO	32.8	320	169	6	32811	31972	4	317	3.68e-40	159
JALRLY010000235.1	sp|O34750|YFML_BACSU	28.9	350	240	5	26768	27817	15	355	3.98e-40	159
JALRLY010000235.1	sp|P75172|Y623_MYCPN	29.2	387	258	7	26741	27880	5	382	2.78e-39	159
JALRLY010000235.1	sp|Q86B47|Y8611_DROME	28.7	397	199	8	26807	27748	352	747	4.53e-35	153
JALRLY010000235.1	sp|P34350|YK84_CAEEL	27.6	257	133	6	32742	31972	139	342	6.77e-24	112
JALRLY010000235.1	sp|P52271|Y308_MYCGE	25.3	336	213	9	26828	27820	30	332	3.24e-19	98.6
JALRLY010000235.1	sp|P75335|Y443_MYCPN	23.8	311	208	6	26828	27757	30	312	1.90e-16	90.1
JALRLY010000202.1	sp|P54448|YQEC_BACSU	30.3	287	182	7	3009	2161	3	275	4.14e-25	112
JALRLY010000262.1	sp|Q58884|Y1489_METJA	31.8	519	289	18	4760	3267	115	589	2.45e-44	180
JALRLY010000262.1	sp|Q58371|Y961_METJA	30.3	459	259	17	4502	3261	225	667	1.38e-38	164
JALRLY010000262.1	sp|Q9ZVM9|Y1461_ARATH	32.2	326	163	8	44556	43636	118	404	2.52e-33	145
JALRLY010000262.1	sp|F4I114|Y1960_ARATH	31.3	320	174	8	44556	43636	163	449	1.35e-32	144
JALRLY010000262.1	sp|Q8SRF5|Y823_ENCCU	35.1	242	113	8	44538	43837	10	215	2.79e-30	128
JALRLY010000262.1	sp|Q54Y06|Y8487_DICDI	29.2	315	182	8	44556	43636	64	345	6.46e-29	132
JALRLY010000262.1	sp|Q55FJ6|Y8078_DICDI	29.2	318	175	10	44556	43645	4	285	5.44e-28	127
JALRLY010000262.1	sp|Q8SR90|Y8H9_ENCCU	30.3	238	130	4	44556	43855	4	209	5.86e-28	123
JALRLY010000262.1	sp|Q8SRY4|Z561_ENCCU	54.9	82	35	1	48906	49145	198	279	2.07e-24	112
JALRLY010000262.1	sp|Q54PX0|Y4251_DICDI	33.8	201	125	4	52216	52809	41	236	2.21e-22	110
JALRLY010000262.1	sp|Q55GU0|Y9955_DICDI	34.3	207	127	6	52204	52815	663	863	2.08e-21	109
JALRLY010000262.1	sp|Q54D75|Y2550_DICDI	25.9	309	186	7	44538	43645	10	286	3.80e-21	109
JALRLY010000262.1	sp|Q86HG9|Y9871_DICDI	35.5	166	100	3	52339	52818	402	566	5.21e-19	102
JALRLY010000262.1	sp|Q5UQG7|YR818_MIMIV	36.0	175	108	4	52339	52860	1436	1607	1.16e-18	101
JALRLY010000262.1	sp|Q556J6|Y4007_DICDI	26.2	275	140	7	44556	43792	4	235	1.73e-16	93.2
JALRLY010000262.1	sp|Q54JC7|Y1197_DICDI	33.7	166	100	5	52336	52812	639	801	5.85e-15	89.0
JALRLY010000262.1	sp|Q803J8|ZC3HF_DANRE	30.5	315	134	15	58356	57649	13	321	1.17e-14	85.9
JALRLY010000262.1	sp|Q54TH6|Y9863_DICDI	35.3	170	101	6	52294	52785	358	524	3.43e-14	85.5
JALRLY010000262.1	sp|Q869X3|Y9851_DICDI	27.2	279	135	10	44556	43816	23	265	8.10e-13	81.6
JALRLY010000262.1	sp|Q8SQZ4|YAK1_ENCCU	26.0	258	149	6	44583	43834	33	256	1.18e-11	76.3
JALRLY010000262.1	sp|Q9SYA0|Y1150_ARATH	28.9	204	122	8	52216	52788	496	689	1.67e-10	73.9
JALRLY010000262.1	sp|O64784|Y1136_ARATH	30.0	207	122	8	52207	52788	500	696	1.69e-10	73.9
JALRLY010000262.1	sp|O64770|Y1649_ARATH	29.1	203	123	7	52216	52788	495	688	2.19e-10	73.6
JALRLY010000262.1	sp|O64783|Y1137_ARATH	31.7	205	115	10	52216	52788	506	699	2.21e-10	73.6
JALRLY010000262.1	sp|O64778|Y1142_ARATH	28.9	204	122	8	52216	52788	499	692	2.88e-10	73.2
JALRLY010000243.1	sp|Q8STN5|Y9F0_ENCCU	46.6	204	106	1	19317	19919	7	210	1.24e-52	190
JALRLY010000243.1	sp|Q86YA3|ZGRF1_HUMAN	34.1	434	229	16	7404	8549	1631	2059	1.25e-44	186
JALRLY010000243.1	sp|Q0VGT4|ZGRF1_MOUSE	34.0	415	220	13	7455	8549	1410	1820	3.33e-44	184
JALRLY010000243.1	sp|O94387|YGSA_SCHPO	38.8	327	165	11	7635	8552	1463	1775	5.08e-43	181
JALRLY010000243.1	sp|Q86AS0|Y4399_DICDI	33.9	380	200	10	7536	8531	461	837	1.09e-41	174
JALRLY010000243.1	sp|O34750|YFML_BACSU	27.1	354	238	4	30043	31104	23	356	1.45e-40	161
JALRLY010000243.1	sp|C4V9L5|Y1265_NOSCE	37.0	243	110	4	19311	19919	3	242	4.16e-40	155
JALRLY010000243.1	sp|Q5UQD1|YR458_MIMIV	27.5	443	240	15	29950	31101	84	504	1.06e-32	141
JALRLY010000243.1	sp|P17609|YPT2_SCHPO	41.0	166	95	2	31635	32129	11	174	2.34e-30	125
JALRLY010000243.1	sp|P36861|YPTV2_VOLCA	36.4	184	112	3	31635	32183	15	194	2.83e-28	120
JALRLY010000243.1	sp|P11620|YPT1_SCHPO	37.2	164	100	2	31629	32117	8	169	4.82e-28	119
JALRLY010000243.1	sp|Q01890|YPT1_PHYIN	37.6	157	95	2	31629	32096	8	162	1.56e-27	117
JALRLY010000243.1	sp|P33723|YPT1_NEUCR	37.2	164	100	2	31629	32117	8	169	1.43e-26	115
JALRLY010000243.1	sp|P38555|YPT31_YEAST	37.0	181	108	3	31629	32159	13	191	1.82e-26	115
JALRLY010000243.1	sp|P01123|YPT1_YEAST	37.8	164	99	2	31629	32117	8	169	3.92e-26	114
JALRLY010000243.1	sp|Q05737|YPTM2_MAIZE	36.0	164	102	2	31629	32117	8	169	9.08e-26	112
JALRLY010000243.1	sp|Q39571|YPTC1_CHLRE	36.9	157	96	2	31629	32096	8	162	1.24e-25	112
JALRLY010000243.1	sp|P31584|YPTV1_VOLCA	36.3	157	97	2	31629	32096	8	162	1.24e-25	112
JALRLY010000243.1	sp|Q39572|YPTC6_CHLRE	36.1	166	103	2	31629	32123	12	175	2.40e-25	112
JALRLY010000243.1	sp|P16976|YPTM1_MAIZE	35.4	161	101	2	31629	32108	8	166	6.60e-25	110
JALRLY010000243.1	sp|P36864|YPTV5_VOLCA	36.9	195	114	2	31629	32186	8	202	2.84e-24	108
JALRLY010000243.1	sp|P36019|YPT53_YEAST	37.0	162	97	2	31635	32105	14	175	3.11e-24	108
JALRLY010000243.1	sp|G4MYS1|YPT7_MAGO7	36.4	184	108	4	31617	32147	4	185	1.80e-23	106
JALRLY010000243.1	sp|P32939|YPT7_YEAST	36.5	181	107	5	31617	32138	4	183	3.60e-23	105
JALRLY010000243.1	sp|P36862|YPTV3_VOLCA	36.6	161	97	2	31632	32105	10	168	7.93e-23	104
JALRLY010000264.1	sp|P28812|Y3568_PSEAE	31.2	660	381	18	5212	3287	17	621	4.36e-78	279
JALRLY010000264.1	sp|Q54LR6|Y6481_DICDI	42.6	310	174	2	10338	11255	289	598	1.05e-70	257
JALRLY010000264.1	sp|F4I114|Y1960_ARATH	34.6	301	177	11	10401	11270	161	452	3.52e-35	152
JALRLY010000264.1	sp|Q9ZVM9|Y1461_ARATH	32.5	289	174	10	10422	11252	123	402	1.14e-28	130
JALRLY010000264.1	sp|C0SPB0|YTCI_BACSU	29.1	361	231	10	4447	3377	174	513	5.49e-25	119
JALRLY010000264.1	sp|Q54Y06|Y8487_DICDI	29.1	296	184	8	10401	11252	62	343	8.51e-23	113
JALRLY010000264.1	sp|Q8SQU8|YBC9_ENCCU	28.7	293	191	8	10398	11249	10	293	2.97e-22	106
JALRLY010000264.1	sp|Q8SRF5|Y823_ENCCU	29.7	229	149	7	10425	11096	10	231	3.09e-18	93.6
JALRLY010000264.1	sp|Q76P07|Y7165_DICDI	29.0	290	158	8	10413	11252	11	262	8.52e-18	97.8
JALRLY010000264.1	sp|Q5UNT1|YL673_MIMIV	27.6	283	181	9	10422	11240	269	537	2.21e-14	85.9
JALRLY010000264.1	sp|P67099|Y1092_MYCBO	30.8	182	118	3	46234	46773	16	191	8.04e-13	79.3
JALRLY010000264.1	sp|Q8SQZ4|YAK1_ENCCU	33.0	197	119	7	68055	67492	34	226	5.04e-12	77.4
JALRLY010000264.1	sp|Q54QI2|Y9877_DICDI	25.6	203	138	6	10407	10988	13	211	1.23e-11	77.8
JALRLY010000264.1	sp|Q7T6Y1|YR436_MIMIV	25.9	220	145	6	10407	11024	6	221	3.28e-10	70.1
JALRLY010000264.1	sp|Q55GU0|Y9955_DICDI	27.3	205	132	7	10413	10997	664	861	9.15e-10	71.6
JALRLY010000264.1	sp|P14680|YAK1_YEAST	30.6	222	129	9	68097	67483	349	562	2.52e-09	70.1
JALRLY010000264.1	sp|Q54TH6|Y9863_DICDI	29.4	201	123	10	10413	10982	336	528	5.99e-09	68.6
JALRLY010000264.1	sp|Q7T6Y2|YR831_MIMIV	25.4	205	134	7	10413	10985	788	987	9.53e-09	68.6
JALRLY010000264.1	sp|P38070|YPK3_YEAST	30.1	163	94	7	10542	10985	205	362	1.57e-08	67.0
JALRLY010000264.1	sp|Q54C77|Y3184_DICDI	26.8	190	122	8	10491	11027	204	387	3.37e-08	66.6
JALRLY010000264.1	sp|Q54C18|Y9452_DICDI	24.2	231	157	8	10389	11054	226	447	3.73e-06	59.3
JALRLY010000264.1	sp|A5DNZ1|YPI1_PICGU	45.2	62	25	1	19167	19325	8	69	1.84e-05	52.4
JALRLY010000264.1	sp|Q54UZ1|Y1639_DICDI	23.6	225	147	8	10404	11027	85	301	2.02e-05	56.6
JALRLY010000264.1	sp|Q54VC0|Y9865_DICDI	27.1	199	117	9	10431	10973	22	210	1.08e-04	54.3
JALRLY010000264.1	sp|O14218|YPI1_SCHPO	41.7	60	17	1	19245	19370	44	103	1.60e-04	49.3
JALRLY010000162.1	sp|Q7LHG5|YI31B_YEAST	35.5	488	291	9	2566	1142	559	1035	3.07e-73	273
JALRLY010000162.1	sp|Q99315|YG31B_YEAST	35.5	488	291	9	2566	1142	533	1009	3.44e-73	273
JALRLY010000249.1	sp|Q7LHG5|YI31B_YEAST	38.3	439	253	6	49358	50656	610	1036	1.38e-75	286
JALRLY010000249.1	sp|Q99315|YG31B_YEAST	38.3	439	253	6	49358	50656	584	1010	2.22e-75	286
JALRLY010000249.1	sp|Q9WYC4|Y288_THEMA	26.9	372	247	9	2717	3784	218	580	9.81e-28	127
JALRLY010000249.1	sp|Q97JB8|Y1368_CLOAB	30.3	198	119	8	3164	3727	22	210	6.17e-13	77.8
JALRLY010000249.1	sp|Q6G1D9|Y270_BARQU	28.8	212	131	8	3143	3757	14	212	1.07e-12	75.9
JALRLY010000249.1	sp|Q93D97|Y1934_STRMU	26.7	221	141	6	3137	3769	304	513	1.32e-12	79.7
JALRLY010000249.1	sp|Q57243|Y1272_HAEIN	32.5	209	113	10	3113	3691	10	206	1.86e-10	70.1
JALRLY010000249.1	sp|Q6G4Q8|Y276_BARHE	25.9	212	137	8	3143	3757	14	212	6.10e-10	67.8
JALRLY010000249.1	sp|Q57CD8|Y1365_BRUAB	29.6	186	117	7	3167	3709	23	199	3.41e-09	65.9
JALRLY010000249.1	sp|Q8FZV2|Y1368_BRUSU	29.6	186	117	7	3167	3709	23	199	3.41e-09	65.9
JALRLY010000249.1	sp|Q2YQP3|Y1388_BRUA2	29.6	186	117	7	3167	3709	23	199	3.41e-09	65.9
JALRLY010000249.1	sp|P33916|YEJF_ECOLI	27.8	216	129	6	3149	3745	299	504	1.08e-08	67.0
JALRLY010000249.1	sp|O34512|YFMM_BACSU	26.6	199	115	6	3044	3634	310	479	7.66e-06	57.8
JALRLY010000249.1	sp|Q73P93|Y906_TREDE	27.9	215	130	8	3089	3703	257	456	9.62e-06	57.4
JALRLY010000249.1	sp|P0A9U5|YBIT_ECO57	25.6	234	146	7	3101	3784	316	527	4.03e-05	55.5
JALRLY010000249.1	sp|P0A9U4|YBIT_ECOL6	25.6	234	146	7	3101	3784	316	527	4.03e-05	55.5
JALRLY010000249.1	sp|P0A9U3|YBIT_ECOLI	25.6	234	146	7	3101	3784	316	527	4.03e-05	55.5
JALRLY010000250.1	sp|Q08018|YL076_YEAST	45.6	90	49	0	5349	5080	51	140	8.20e-10	65.1
JALRLY010000250.1	sp|Q54BA2|Y3800_DICDI	32.9	85	52	2	45947	45699	524	605	9.90e-04	51.2
JALRLY010000266.1	sp|Q58556|Y1156_METJA	42.5	301	160	4	65833	64949	382	675	9.84e-58	225
JALRLY010000266.1	sp|O28972|Y1297_ARCFU	49.8	229	112	1	65641	64955	177	402	1.71e-57	221
JALRLY010000266.1	sp|Q55FJ6|Y8078_DICDI	34.8	299	179	8	64578	63706	1	291	1.78e-48	189
JALRLY010000266.1	sp|F4I114|Y1960_ARATH	38.6	290	168	5	64572	63721	162	447	6.20e-48	192
JALRLY010000266.1	sp|Q9ZVM9|Y1461_ARATH	35.7	305	162	8	64572	63712	117	405	2.52e-45	181
JALRLY010000266.1	sp|O14325|YB7A_SCHPO	41.6	233	131	2	65641	64949	487	716	3.27e-43	178
JALRLY010000266.1	sp|Q8SQU8|YBC9_ENCCU	32.0	306	173	7	64581	63715	9	296	3.45e-42	164
JALRLY010000266.1	sp|P40341|YTA12_YEAST	39.6	260	153	4	65635	64865	345	603	1.11e-41	174
JALRLY010000266.1	sp|Q54D75|Y2550_DICDI	35.9	298	173	8	64578	63715	1	290	1.22e-37	163
JALRLY010000266.1	sp|P54813|YME1_CAEEL	37.4	246	151	2	65635	64898	245	487	1.31e-37	160
JALRLY010000266.1	sp|Q556J6|Y4007_DICDI	36.0	239	144	5	64560	63853	7	239	1.89e-32	144
JALRLY010000266.1	sp|P46508|YME1_SCHMA	32.5	249	164	3	65638	64895	162	407	3.47e-29	133
JALRLY010000266.1	sp|Q9P3U2|YKX4_SCHPO	35.6	250	139	8	65668	64955	449	688	1.10e-26	126
JALRLY010000266.1	sp|Q9MUP8|YCF2_MESVI	30.0	270	159	5	65635	64901	346	610	6.98e-22	111
JALRLY010000266.1	sp|Q5UNT4|YL670_MIMIV	29.4	245	159	7	64578	63850	255	487	2.06e-17	95.5
JALRLY010000266.1	sp|Q54QV3|YAKA_DICDI	31.1	228	139	6	64569	63913	205	423	7.24e-16	92.0
JALRLY010000266.1	sp|Q1ZXI5|Y1558_DICDI	34.6	162	97	4	64596	64123	747	903	9.19e-16	91.7
JALRLY010000266.1	sp|Q621J7|ZYG1_CAEBR	31.1	228	127	9	64578	63931	10	219	6.61e-15	88.2
JALRLY010000266.1	sp|Q49XL1|Y1341_STAS1	32.3	161	104	2	50824	51291	27	187	1.43e-14	82.8
JALRLY010000266.1	sp|Q2YY09|Y1265_STAAB	30.4	161	107	1	50824	51291	27	187	4.77e-14	81.3
JALRLY010000266.1	sp|Q7A5N7|Y1241_STAAN	30.4	161	107	1	50824	51291	27	187	6.44e-14	80.9
JALRLY010000266.1	sp|Q7A0W8|Y1299_STAAW	30.4	161	107	1	50824	51291	27	187	6.44e-14	80.9
JALRLY010000266.1	sp|Q2FH29|Y1302_STAA3	30.4	161	107	1	50824	51291	27	187	6.44e-14	80.9
JALRLY010000266.1	sp|Q6G9F2|Y1352_STAAS	30.4	161	107	1	50824	51291	27	187	6.44e-14	80.9
JALRLY010000266.1	sp|Q99U78|Y1409_STAAM	30.4	161	107	1	50824	51291	27	187	6.44e-14	80.9
JALRLY010000208.1	sp|P9WQI4|Y2564_MYCTO	38.2	102	50	4	14514	14786	231	330	7.15e-06	55.5
JALRLY010000208.1	sp|P9WQI5|Y2564_MYCTU	38.2	102	50	4	14514	14786	231	330	7.15e-06	55.5
JALRLY010000208.1	sp|P63402|Y2593_MYCBO	38.2	102	50	4	14514	14786	231	330	7.15e-06	55.5
JALRLY010000225.1	sp|P25036|YSP3_YEAST	41.5	318	128	9	14191	15081	167	447	3.76e-56	209
