JAHRHY010000001.1	sp|Q9C102|GLT1_SCHPO	65.4	1415	433	7	2002613	2006851	749	2109	0.0	1833
JAHRHY010000001.1	sp|Q03460|GLSN_MEDSA	59.0	1421	507	13	2002613	2006800	793	2162	0.0	1610
JAHRHY010000001.1	sp|Q0JKD0|GLT1_ORYSJ	59.2	1419	495	14	2002613	2006809	792	2146	0.0	1595
JAHRHY010000001.1	sp|Q9LV03|GLUT1_ARATH	58.0	1422	522	12	2002613	2006800	811	2183	0.0	1592
JAHRHY010000001.1	sp|Q0DG35|GLT2_ORYSJ	58.5	1417	513	14	2002613	2006800	799	2161	0.0	1587
JAHRHY010000001.1	sp|Q12680|GLT1_YEAST	56.7	1454	541	13	2002613	2006860	735	2138	0.0	1578
JAHRHY010000001.1	sp|Q9Y7K2|TOR2_SCHPO	31.8	2815	1346	52	3125392	3133710	55	2337	0.0	1071
JAHRHY010000001.1	sp|Q01877|HSP71_PUCGR	84.0	613	98	0	3173532	3171694	4	616	0.0	1016
JAHRHY010000001.1	sp|P48720|HSP70_BLAEM	81.5	642	116	3	3173532	3171613	9	649	0.0	991
JAHRHY010000001.1	sp|Q96W30|HSP72_PARBA	81.7	616	110	2	3173532	3171694	4	619	0.0	987
JAHRHY010000001.1	sp|O93866|HSP70_TRIRU	77.2	661	120	4	3173532	3171613	4	654	0.0	982
JAHRHY010000001.1	sp|J9VZ70|HSP71_CRYNH	80.5	642	121	2	3173532	3171613	4	643	0.0	980
JAHRHY010000001.1	sp|P63017|HSP7C_MOUSE	78.8	641	135	1	3173532	3171613	6	646	1.56e-318	979
JAHRHY010000001.1	sp|P63018|HSP7C_RAT	78.8	641	135	1	3173532	3171613	6	646	1.56e-318	979
JAHRHY010000001.1	sp|Q5B2V1|HSP70_EMENI	81.1	614	112	3	3173532	3171694	4	614	1.56e-318	979
JAHRHY010000001.1	sp|F5HB71|HSP71_CRYNB	80.3	640	123	2	3173532	3171613	4	640	1.57e-318	978
JAHRHY010000001.1	sp|Q5KKP4|HSP71_CRYNJ	80.3	640	123	2	3173532	3171613	4	640	1.57e-318	978
JAHRHY010000001.1	sp|A2Q0Z1|HSP7C_HORSE	78.6	641	136	1	3173532	3171613	6	646	3.11e-318	978
JAHRHY010000001.1	sp|P11142|HSP7C_HUMAN	78.6	641	136	1	3173532	3171613	6	646	3.11e-318	978
JAHRHY010000001.1	sp|Q71U34|HSP7C_SAGOE	78.6	641	136	1	3173532	3171613	6	646	3.11e-318	978
JAHRHY010000001.1	sp|Q5NVM9|HSP7C_PONAB	78.5	641	137	1	3173532	3171613	6	646	1.40e-317	976
JAHRHY010000001.1	sp|O59855|HSP72_SCHPO	81.1	613	115	1	3173532	3171694	4	615	6.84e-317	974
JAHRHY010000001.1	sp|P19120|HSP7C_BOVIN	78.4	645	134	2	3173532	3171613	6	650	1.41e-316	973
JAHRHY010000001.1	sp|P19378|HSP7C_CRIGR	78.3	641	138	1	3173532	3171613	6	646	4.17e-316	971
JAHRHY010000001.1	sp|P09446|HSP1_CAEEL	79.4	641	125	2	3173532	3171613	6	640	6.18e-316	971
JAHRHY010000010.1	sp|Q14562|DHX8_HUMAN	62.8	997	322	7	1307696	1304730	260	1215	0.0	1250
JAHRHY010000010.1	sp|A2A4P0|DHX8_MOUSE	62.8	997	322	7	1307696	1304730	284	1239	0.0	1250
JAHRHY010000010.1	sp|Q54F05|DHX8_DICDI	61.9	1010	334	5	1307717	1304724	190	1160	0.0	1239
JAHRHY010000010.1	sp|Q38953|DEAH5_ARATH	61.2	1002	327	8	1307690	1304730	211	1165	0.0	1222
JAHRHY010000010.1	sp|A1Z9L3|DHX8_DROME	61.8	1007	329	8	1307708	1304724	276	1238	0.0	1219
JAHRHY010000010.1	sp|O42643|PRP22_SCHPO	51.8	1216	483	14	1308281	1304712	30	1168	0.0	1150
JAHRHY010000010.1	sp|Q09530|MOG5_CAEEL	58.6	1000	357	9	1307678	1304724	235	1192	0.0	1130
JAHRHY010000010.1	sp|Q4WLN1|ACON_ASPFU	73.0	679	181	2	216795	214762	110	787	0.0	1022
JAHRHY010000010.1	sp|D4AT77|ACON_ARTBC	72.2	676	187	1	216795	214768	101	775	0.0	1015
JAHRHY010000010.1	sp|C8VG90|ACON_EMENI	72.0	675	188	1	216795	214771	108	781	0.0	1010
JAHRHY010000010.1	sp|O13966|ACON_SCHPO	72.8	676	176	3	216795	214780	112	783	0.0	1010
JAHRHY010000010.1	sp|Q6GL04|TERA_XENTR	56.5	991	228	9	314370	311416	11	804	0.0	1002
JAHRHY010000010.1	sp|Q54XS2|ACON_DICDI	72.3	675	186	1	216795	214774	92	766	0.0	999
JAHRHY010000010.1	sp|P55072|TERA_HUMAN	56.1	993	230	10	314370	311416	11	805	0.0	998
JAHRHY010000010.1	sp|Q01853|TERA_MOUSE	56.1	993	230	10	314370	311416	11	805	0.0	998
JAHRHY010000010.1	sp|Q7KN62|TERA_DROME	56.6	999	216	12	314370	311413	8	801	0.0	997
JAHRHY010000010.1	sp|P46462|TERA_RAT	56.1	991	233	8	314370	311416	11	805	0.0	997
JAHRHY010000010.1	sp|Q3ZBT1|TERA_BOVIN	55.8	991	236	7	314370	311416	11	805	0.0	996
JAHRHY010000010.1	sp|P03974|TERA_PIG	55.7	993	234	9	314370	311416	11	805	0.0	996
JAHRHY010000010.1	sp|Q7ZU99|TERA_DANRE	56.4	993	227	10	314370	311416	11	805	0.0	995
JAHRHY010000010.1	sp|P23787|TERA_XENLA	56.0	991	233	9	314370	311416	11	804	0.0	994
JAHRHY010000010.1	sp|P49609|ACON_GRAGA	71.2	671	193	0	216795	214783	103	773	0.0	992
JAHRHY010000010.1	sp|P34455|ACON_CAEEL	71.2	671	190	1	216795	214783	102	769	0.0	985
JAHRHY010000010.1	sp|Q9ER34|ACON_RAT	71.5	671	191	0	216795	214783	105	775	3.87e-318	983
JAHRHY010000010.1	sp|Q99KI0|ACON_MOUSE	71.5	671	191	0	216795	214783	105	775	7.74e-318	982
JAHRHY010000011.1	sp|Q68FD5|CLH1_MOUSE	49.5	1746	702	21	880926	875737	84	1665	0.0	1544
JAHRHY010000011.1	sp|P49951|CLH1_BOVIN	49.4	1746	703	21	880926	875737	84	1665	0.0	1543
JAHRHY010000011.1	sp|Q00610|CLH1_HUMAN	49.4	1746	703	21	880926	875737	84	1665	0.0	1543
JAHRHY010000011.1	sp|P11442|CLH1_RAT	49.4	1746	704	21	880926	875737	84	1665	0.0	1538
JAHRHY010000011.1	sp|P29742|CLH_DROME	48.8	1745	719	17	880926	875755	84	1675	0.0	1499
JAHRHY010000011.1	sp|P53675|CLH2_HUMAN	49.1	1696	676	19	880926	875905	84	1614	0.0	1494
JAHRHY010000011.1	sp|P34574|CLH_CAEEL	47.0	1747	738	23	880926	875752	82	1662	0.0	1441
JAHRHY010000011.1	sp|Q10161|CLH_SCHPO	46.6	1732	731	25	880926	875797	84	1643	0.0	1405
JAHRHY010000011.1	sp|O93927|FKS1_CRYNH	61.9	1080	393	7	802370	805594	111	1176	0.0	1358
JAHRHY010000011.1	sp|P25870|CLH_DICDI	44.3	1703	786	17	880923	875851	85	1636	0.0	1327
JAHRHY010000011.1	sp|Q2QYW2|CLH2_ORYSJ	44.8	1705	768	20	880914	875863	94	1646	0.0	1310
JAHRHY010000011.1	sp|Q2RBN7|CLH1_ORYSJ	44.8	1705	768	20	880914	875863	94	1646	0.0	1310
JAHRHY010000011.1	sp|A2QLK4|FKS1_ASPNC	56.7	1179	451	17	802157	805594	86	1237	0.0	1296
JAHRHY010000011.1	sp|Q0WNJ6|CLAH1_ARATH	43.7	1703	790	19	880914	875863	94	1646	0.0	1286
JAHRHY010000011.1	sp|Q0WLB5|CLAH2_ARATH	43.4	1704	793	19	880914	875863	94	1646	0.0	1286
JAHRHY010000011.1	sp|P22137|CLH_YEAST	57.1	1067	457	1	879108	875908	554	1619	0.0	1251
JAHRHY010000011.1	sp|P40989|FKS2_YEAST	54.6	1169	466	13	802178	805594	95	1228	0.0	1236
JAHRHY010000011.1	sp|O74475|BGS4_SCHPO	53.7	1166	474	12	802253	805594	118	1269	0.0	1234
JAHRHY010000011.1	sp|P38631|FKS1_YEAST	56.1	1078	431	10	802451	805594	144	1209	0.0	1216
JAHRHY010000011.1	sp|O13967|BGS2_SCHPO	54.6	1069	454	9	802463	805594	183	1245	0.0	1125
JAHRHY010000011.1	sp|O14072|ATC4_SCHPO	50.7	1129	490	12	566233	569553	127	1210	0.0	1065
JAHRHY010000011.1	sp|P39986|SPF1_YEAST	51.2	1131	476	16	566227	569544	126	1205	0.0	1062
JAHRHY010000011.1	sp|Q10287|BGS1_SCHPO	50.4	1113	499	11	802289	805594	17	1087	0.0	1060
JAHRHY010000011.1	sp|Q04952|FKS3_YEAST	50.3	1128	481	13	802427	805594	3	1122	0.0	1051
JAHRHY010000011.1	sp|Q9P377|BGS3_SCHPO	48.4	1060	505	12	802463	805594	146	1179	3.09e-308	996
JAHRHY010000012.1	sp|Q869L3|MDN1_DICDI	43.6	2320	1120	33	800738	794244	323	2608	0.0	1831
JAHRHY010000012.1	sp|Q12019|MDN1_YEAST	46.0	2118	1022	39	800735	794463	338	2361	0.0	1750
JAHRHY010000012.1	sp|O94248|MDN1_SCHPO	46.8	2030	964	36	800735	794688	180	2105	0.0	1638
JAHRHY010000012.1	sp|Q9NU22|MDN1_HUMAN	42.3	2260	1093	46	800735	794196	354	2481	0.0	1591
JAHRHY010000012.1	sp|A0A1P8AUY4|MDN1_ARATH	42.2	2071	1058	38	800735	794655	381	2356	0.0	1452
JAHRHY010000012.1	sp|P32324|EF2_YEAST	73.8	831	215	2	453686	451200	13	842	0.0	1245
JAHRHY010000012.1	sp|Q6CPQ9|EF2_KLULA	74.2	831	211	2	453686	451200	13	842	0.0	1243
JAHRHY010000012.1	sp|Q874B9|EF2_PICPA	74.4	831	210	2	453686	451200	13	842	0.0	1242
JAHRHY010000012.1	sp|Q5A0M4|EF2_CANAL	74.2	830	213	1	453686	451200	13	842	0.0	1241
JAHRHY010000012.1	sp|C4YJQ8|EF2_CANAW	74.2	830	213	1	453686	451200	13	842	0.0	1241
JAHRHY010000012.1	sp|O14460|EF2_SCHPO	72.2	831	228	2	453686	451200	13	842	0.0	1239
JAHRHY010000012.1	sp|Q875Z2|EF2_NAUCC	74.4	831	210	2	453686	451200	13	842	0.0	1239
JAHRHY010000012.1	sp|Q875S0|EF2_LACK1	73.4	831	218	2	453686	451200	13	842	0.0	1237
JAHRHY010000012.1	sp|A5DI11|EF2_PICGU	73.1	832	219	2	453686	451200	13	842	0.0	1233
JAHRHY010000012.1	sp|Q6FYA7|EF2_CANGA	73.5	831	217	2	453686	451200	13	842	0.0	1233
JAHRHY010000012.1	sp|Q754C8|EF2_ASHGO	73.4	831	218	2	453686	451200	13	842	0.0	1232
JAHRHY010000012.1	sp|Q96X45|EF2_NEUCR	73.7	833	214	4	453686	451200	13	844	0.0	1225
JAHRHY010000012.1	sp|Q6BJ25|EF2_DEBHA	72.0	830	231	1	453686	451200	13	842	0.0	1211
JAHRHY010000012.1	sp|P23921|RIR1_HUMAN	67.8	808	200	2	1204486	1202063	43	790	0.0	1140
JAHRHY010000012.1	sp|Q5R919|RIR1_PONAB	67.6	808	202	2	1204486	1202063	43	790	0.0	1136
JAHRHY010000012.1	sp|Q9UW15|RIR1_NEUCR	71.6	764	171	2	1204486	1202198	43	761	0.0	1135
JAHRHY010000012.1	sp|P07742|RIR1_MOUSE	67.8	808	200	2	1204486	1202063	43	790	0.0	1135
JAHRHY010000012.1	sp|A0SXL6|EF2_CALJA	66.8	846	264	4	453686	451200	13	858	0.0	1135
JAHRHY010000012.1	sp|Q3SYU2|EF2_BOVIN	66.8	846	264	4	453686	451200	13	858	0.0	1134
JAHRHY010000012.1	sp|P58252|EF2_MOUSE	66.7	846	265	4	453686	451200	13	858	0.0	1133
JAHRHY010000013.1	sp|Q91V92|ACLY_MOUSE	63.8	815	276	6	614985	612547	289	1086	0.0	1045
JAHRHY010000013.1	sp|P53396|ACLY_HUMAN	62.7	825	279	6	614985	612547	289	1096	0.0	1042
JAHRHY010000013.1	sp|Q2TCH3|ACLY_SHEEP	62.5	825	280	6	614985	612547	289	1096	0.0	1040
JAHRHY010000013.1	sp|P16638|ACLY_RAT	62.6	827	275	7	614985	612547	289	1095	0.0	1036
JAHRHY010000013.1	sp|Q32PF2|ACLY_BOVIN	63.1	815	282	6	614985	612547	289	1086	0.0	1035
JAHRHY010000013.1	sp|Q10752|CDC28_SCHPO	58.9	862	331	11	365851	368394	180	1032	2.48e-306	961
JAHRHY010000013.1	sp|O93988|ACL1_SORMK	74.9	605	151	1	614361	612547	53	656	3.36e-302	932
JAHRHY010000013.1	sp|Q8X097|ACL1_NEUCR	74.9	605	151	1	614361	612547	49	652	5.37e-302	931
JAHRHY010000013.1	sp|P53585|ACLY_CAEEL	59.3	820	315	8	614985	612535	300	1103	5.77e-296	933
JAHRHY010000013.1	sp|Q9P7W3|ACL1_SCHPO	72.2	604	167	1	614361	612550	13	615	1.75e-291	898
JAHRHY010000013.1	sp|Q54MH3|DHX16_DICDI	57.3	865	337	11	365845	368394	231	1078	3.17e-290	916
JAHRHY010000013.1	sp|Q8VY00|ESP3_ARATH	56.2	879	342	13	365812	368394	163	1016	7.34e-289	910
JAHRHY010000013.1	sp|O45244|DHX16_CAEEL	54.5	862	354	13	365824	368394	148	976	6.66e-278	877
JAHRHY010000013.1	sp|F4IJV4|DEAH6_ARATH	54.8	873	363	13	365812	368394	164	1016	3.04e-277	876
JAHRHY010000013.1	sp|Q7YR39|DHX16_PANTR	54.2	875	362	13	365812	368394	164	1013	1.41e-276	874
JAHRHY010000013.1	sp|O60231|DHX16_HUMAN	54.2	875	362	13	365812	368394	161	1010	1.74e-276	874
JAHRHY010000013.1	sp|Q767K6|DHX16_PIG	54.2	875	362	13	365812	368394	165	1014	2.70e-276	874
JAHRHY010000013.1	sp|F4JMJ3|DEAH8_ARATH	54.9	761	307	15	366145	368394	98	833	8.50e-240	761
JAHRHY010000013.1	sp|Q54F05|DHX8_DICDI	57.5	624	260	4	366523	368394	500	1118	6.92e-229	741
JAHRHY010000013.1	sp|Q14562|DHX8_HUMAN	58.5	626	255	4	366517	368394	555	1175	1.63e-226	736
JAHRHY010000013.1	sp|A2A4P0|DHX8_MOUSE	58.5	626	255	4	366517	368394	579	1199	3.30e-226	736
JAHRHY010000013.1	sp|Q09530|MOG5_CAEEL	57.3	628	263	4	366511	368394	528	1150	9.86e-222	722
JAHRHY010000013.1	sp|Q38953|DEAH5_ARATH	55.7	628	273	5	366511	368394	503	1125	3.73e-220	716
JAHRHY010000013.1	sp|A1Z9L3|DHX8_DROME	56.4	626	268	4	366517	368394	576	1196	2.03e-218	714
JAHRHY010000013.1	sp|Q54YA0|ACLY_DICDI	56.4	613	263	2	614385	612556	9	620	5.94e-215	679
JAHRHY010000014.1	sp|O75643|U520_HUMAN	57.5	2190	848	22	905485	911991	1	2128	0.0	2453
JAHRHY010000014.1	sp|Q6P4T2|U520_MOUSE	57.4	2190	850	22	905485	911991	1	2128	0.0	2452
JAHRHY010000014.1	sp|F1LNJ2|U520_RAT	57.3	2193	850	23	905485	911991	1	2131	0.0	2447
JAHRHY010000014.1	sp|Q9VUV9|U520_DROME	55.3	2199	886	23	905485	911991	1	2132	0.0	2377
JAHRHY010000014.1	sp|Q9SYP1|DEXHC_ARATH	53.4	2205	937	28	905488	911985	8	2160	0.0	2208
JAHRHY010000014.1	sp|Q9UT24|BRR2_SCHPO	51.7	2182	987	24	905512	911991	29	2166	0.0	2155
JAHRHY010000014.1	sp|Q9U2G0|U520_CAEEL	51.4	2187	988	21	905485	911991	1	2130	0.0	2135
JAHRHY010000014.1	sp|O48534|DEXHD_ARATH	52.5	2205	957	28	905488	911985	9	2161	0.0	2133
JAHRHY010000014.1	sp|Q55CI8|HELCL_DICDI	46.9	2243	1080	33	905485	911973	1	2213	0.0	1931
JAHRHY010000014.1	sp|P32639|BRR2_YEAST	40.4	2213	1214	36	905491	911985	8	2162	0.0	1571
JAHRHY010000014.1	sp|F1NTD6|ASCC3_CHICK	43.2	1934	981	28	906490	911985	271	2188	0.0	1490
JAHRHY010000014.1	sp|Q9FNQ1|DEXHE_ARATH	44.9	1730	913	19	906835	911976	446	2151	0.0	1476
JAHRHY010000014.1	sp|E1BNG3|ASCC3_BOVIN	44.3	1789	916	24	906814	911985	407	2179	0.0	1466
JAHRHY010000014.1	sp|Q8N3C0|ASCC3_HUMAN	44.0	1790	920	24	906814	911985	407	2179	0.0	1452
JAHRHY010000014.1	sp|E9PZJ8|ASCC3_MOUSE	43.7	1790	924	23	906814	911985	408	2180	0.0	1450
JAHRHY010000014.1	sp|F1LPQ2|ASCC3_RAT	43.6	1789	927	24	906814	911985	408	2179	0.0	1432
JAHRHY010000014.1	sp|Q54G57|ASCC3_DICDI	41.8	1759	935	24	906862	911958	429	2158	0.0	1357
JAHRHY010000014.1	sp|E7F8F4|ASCC3_DANRE	43.0	1594	790	17	906802	911532	1	1492	0.0	1307
JAHRHY010000014.1	sp|O60072|MUG81_SCHPO	39.3	1758	995	21	906796	911946	197	1923	0.0	1247
JAHRHY010000014.1	sp|P53327|SLH1_YEAST	38.9	1750	991	27	906373	911511	86	1794	0.0	1188
JAHRHY010000014.1	sp|Q4P9K9|CHS8_USTMA	37.3	1797	880	33	66700	71994	176	1758	0.0	1041
JAHRHY010000014.1	sp|O13395|CHS6_USTMA	54.5	937	385	13	69445	72231	59	962	1.19e-316	996
JAHRHY010000014.1	sp|J9VF17|CHS4_CRYNH	47.7	1162	509	23	69454	72873	155	1239	1.53e-310	982
JAHRHY010000014.1	sp|Q01576|ACSA_PHYB8	64.9	672	167	3	558557	556548	57	661	2.79e-286	886
JAHRHY010000014.1	sp|O13440|ACSA_COPCI	63.4	675	178	2	558554	556539	52	660	2.32e-281	871
JAHRHY010000015.1	sp|P00365|DHE2_NEUCR	56.0	994	382	8	1290281	1287330	93	1041	0.0	1092
JAHRHY010000015.1	sp|Q9P7X8|RPA2_SCHPO	55.1	1026	319	10	689168	686190	258	1174	0.0	1085
JAHRHY010000015.1	sp|Q75DS1|RPA2_ASHGO	51.9	1046	328	17	689168	686187	273	1195	1.26e-315	993
JAHRHY010000015.1	sp|P22138|RPA2_YEAST	51.6	1043	337	19	689168	686187	279	1202	4.03e-311	981
JAHRHY010000015.1	sp|O74633|RPA2_NEUCR	49.9	1048	362	16	689168	686190	273	1212	3.82e-300	950
JAHRHY010000015.1	sp|Q54VI3|GLUD2_DICDI	50.3	997	451	14	1290281	1287333	71	1036	2.66e-287	905
JAHRHY010000015.1	sp|Q9USN5|GDH2_SCHPO	47.6	1012	453	16	1290281	1287330	135	1097	2.30e-274	870
JAHRHY010000015.1	sp|Q9USR3|STT4_SCHPO	39.5	1300	712	23	396363	392533	630	1877	3.26e-266	875
JAHRHY010000015.1	sp|Q10284|SSB1_SCHPO	68.9	599	185	1	750312	752108	15	612	7.88e-252	784
JAHRHY010000015.1	sp|Q75E44|SSB1_ASHGO	68.8	599	184	3	750312	752105	16	612	2.85e-247	771
JAHRHY010000015.1	sp|P39109|YCFI_YEAST	47.4	952	468	9	167093	164253	587	1510	4.43e-247	807
JAHRHY010000015.1	sp|Q876N3|SSB1_CANGA	68.1	599	188	3	750312	752105	16	612	7.20e-247	770
JAHRHY010000015.1	sp|Q6CQ83|SSB1_KLULA	68.3	599	187	3	750312	752105	16	612	1.82e-246	769
JAHRHY010000015.1	sp|P87222|SSB1_CANAW	67.8	599	190	3	750312	752105	16	612	6.25e-246	767
JAHRHY010000015.1	sp|P41770|SSB1_KLUMA	67.9	599	189	3	750312	752105	16	612	1.16e-245	766
JAHRHY010000015.1	sp|Q707W3|SSB1_KLUDE	67.8	599	190	3	750312	752105	16	612	2.15e-245	766
JAHRHY010000015.1	sp|G0SCU5|SSB1_CHATD	67.9	599	190	2	750312	752105	16	613	9.05e-244	761
JAHRHY010000015.1	sp|P40150|SSB2_YEAST	67.6	599	191	3	750312	752105	16	612	3.00e-243	759
JAHRHY010000015.1	sp|Q9H9Y6|RPA2_HUMAN	42.7	1011	425	13	689168	686199	255	1132	6.33e-243	781
JAHRHY010000015.1	sp|Q10185|ABC2_SCHPO	46.8	953	473	10	167096	164253	553	1476	2.24e-242	792
JAHRHY010000015.1	sp|P11484|SSB1_YEAST	67.4	599	192	3	750312	752105	16	612	2.60e-242	757
JAHRHY010000015.1	sp|P36415|HS7C1_DICDI	66.0	600	202	2	750312	752108	10	608	5.08e-242	757
JAHRHY010000015.1	sp|Q8VI47|MRP2_MOUSE	46.0	958	485	12	167096	164253	599	1534	5.35e-242	793
JAHRHY010000015.1	sp|Q63120|MRP2_RAT	45.6	957	493	10	167099	164253	596	1532	3.13e-241	791
JAHRHY010000015.1	sp|Q5REE8|RPA2_PONAB	42.7	1006	433	14	689168	686199	255	1133	8.77e-241	775
JAHRHY010000016.1	sp|F1NTD6|ASCC3_CHICK	51.3	1188	491	14	856114	859578	1057	2189	0.0	1167
JAHRHY010000016.1	sp|E9PZJ8|ASCC3_MOUSE	51.2	1189	490	16	856114	859578	1049	2181	0.0	1155
JAHRHY010000016.1	sp|E1BNG3|ASCC3_BOVIN	50.9	1195	483	18	856114	859575	1048	2179	0.0	1147
JAHRHY010000016.1	sp|Q8N3C0|ASCC3_HUMAN	51.5	1198	471	19	856114	859575	1048	2179	0.0	1146
JAHRHY010000016.1	sp|F1LPQ2|ASCC3_RAT	50.1	1190	499	16	856114	859575	1049	2179	0.0	1121
JAHRHY010000016.1	sp|O60072|MUG81_SCHPO	53.1	988	410	6	856138	859095	865	1801	0.0	1046
JAHRHY010000016.1	sp|Q54G57|ASCC3_DICDI	46.0	1183	539	16	856129	859578	1053	2168	1.04e-310	1016
JAHRHY010000016.1	sp|Q10490|SYLC_SCHPO	43.1	1267	525	23	886720	890466	23	1111	3.66e-306	962
JAHRHY010000016.1	sp|E7F8F4|ASCC3_DANRE	56.5	846	305	7	856225	858747	647	1434	1.51e-302	969
JAHRHY010000016.1	sp|Q9FNQ1|DEXHE_ARATH	51.1	977	425	8	856111	859026	1077	2005	8.66e-296	971
JAHRHY010000016.1	sp|P53327|SLH1_YEAST	46.6	1117	514	16	856120	859413	867	1919	1.32e-294	961
JAHRHY010000016.1	sp|P10857|SYLC_NEUCR	41.7	1270	545	21	886720	890460	27	1123	3.62e-287	908
JAHRHY010000016.1	sp|P26637|SYLC_YEAST	41.1	1264	544	22	886720	890460	10	1090	1.66e-283	896
JAHRHY010000016.1	sp|Q8BMJ2|SYLC_MOUSE	40.5	1258	536	21	886720	890454	7	1064	2.14e-270	862
JAHRHY010000016.1	sp|Q5R614|SYLC_PONAB	40.1	1253	546	21	886720	890454	7	1062	9.32e-270	860
JAHRHY010000016.1	sp|Q9P2J5|SYLC_HUMAN	40.1	1253	545	23	886720	890454	7	1062	3.18e-269	858
JAHRHY010000016.1	sp|F1LNJ2|U520_RAT	41.7	1101	569	11	856135	859425	1057	2088	1.12e-262	872
JAHRHY010000016.1	sp|Q09996|SYLC_CAEEL	40.2	1220	531	20	886738	890361	14	1047	4.20e-259	829
JAHRHY010000016.1	sp|O75643|U520_HUMAN	42.1	1052	543	8	856135	859287	1057	2043	1.50e-255	851
JAHRHY010000016.1	sp|Q6P4T2|U520_MOUSE	42.1	1052	543	8	856135	859287	1057	2043	1.50e-255	851
JAHRHY010000016.1	sp|Q9SYP1|DEXHC_ARATH	41.7	1109	574	14	856120	859425	1076	2118	4.23e-252	842
JAHRHY010000016.1	sp|Q9VUV9|U520_DROME	40.0	1103	586	13	856135	859425	1057	2089	3.82e-246	823
JAHRHY010000016.1	sp|Q54N83|SYLC_DICDI	37.6	1253	575	25	886714	890445	1	1055	1.70e-240	770
JAHRHY010000016.1	sp|O48534|DEXHD_ARATH	40.1	1108	591	15	856135	859437	1082	2123	1.28e-238	802
JAHRHY010000016.1	sp|F4I116|SYLC_ARATH	37.5	1232	554	19	886723	890346	9	1048	1.91e-238	766
JAHRHY010000017.1	sp|P59769|BIP_ASPAW	75.8	625	143	4	597463	595592	55	672	9.79e-297	915
JAHRHY010000017.1	sp|P83617|BIP_ASPKA	75.8	625	143	4	597463	595592	55	672	9.79e-297	915
JAHRHY010000017.1	sp|P83616|BIP_ASPNG	75.8	625	143	4	597463	595592	55	672	9.79e-297	915
JAHRHY010000017.1	sp|P78695|BIP_NEUCR	77.4	625	132	5	597463	595592	45	661	6.69e-295	910
JAHRHY010000017.1	sp|Q99170|BIP_YARLI	74.0	631	154	4	597463	595592	43	670	1.41e-286	886
JAHRHY010000017.1	sp|P36604|BIP_SCHPO	72.1	627	168	5	597463	595592	41	663	7.92e-276	855
JAHRHY010000017.1	sp|P16474|BIP_YEAST	72.2	632	163	4	597463	595592	56	682	8.57e-276	856
JAHRHY010000017.1	sp|Q9HG01|BIP_PICAN	72.0	624	171	3	597463	595592	46	665	1.58e-275	854
JAHRHY010000017.1	sp|Q6FW50|BIP_CANGA	72.9	617	162	3	597463	595613	42	653	2.01e-274	851
JAHRHY010000017.1	sp|P19208|HSP7C_CAEBR	69.3	639	187	6	597496	595592	28	661	1.25e-270	840
JAHRHY010000017.1	sp|P29844|BIP_DROME	69.3	626	186	5	597463	595592	35	656	1.97e-268	833
JAHRHY010000017.1	sp|Q75C78|BIP_ASHGO	69.4	628	182	5	597463	595592	53	674	5.19e-268	833
JAHRHY010000017.1	sp|Q6BZH1|BIP_DEBHA	69.6	632	181	5	597463	595592	55	683	6.24e-267	830
JAHRHY010000017.1	sp|Q90593|BIP_CHICK	70.1	628	177	7	597463	595592	32	652	1.29e-266	828
JAHRHY010000017.1	sp|P11021|BIP_HUMAN	70.1	628	177	7	597463	595592	34	654	1.88e-266	828
JAHRHY010000017.1	sp|G3I8R9|BIP_CRIGR	70.1	628	177	7	597463	595592	34	654	4.75e-266	827
JAHRHY010000017.1	sp|P07823|BIP_MESAU	70.1	628	177	7	597463	595592	34	654	4.75e-266	827
JAHRHY010000017.1	sp|P20029|BIP_MOUSE	70.0	626	181	6	597463	595592	35	655	4.93e-266	827
JAHRHY010000017.1	sp|P06761|BIP_RAT	70.0	626	181	6	597463	595592	34	654	8.81e-266	826
JAHRHY010000017.1	sp|Q0VCX2|BIP_BOVIN	69.9	628	178	7	597463	595592	35	655	1.24e-265	825
JAHRHY010000017.1	sp|Q3S4T7|BIP_ICTTR	69.9	628	178	7	597463	595592	34	654	2.22e-265	825
JAHRHY010000017.1	sp|Q5R4P0|BIP_PONAB	69.7	628	179	7	597463	595592	34	654	3.03e-265	824
JAHRHY010000017.1	sp|Q91883|BIP_XENLA	69.4	627	185	5	597463	595592	36	658	1.05e-263	820
JAHRHY010000017.1	sp|P27420|HSP7C_CAEEL	70.2	600	173	4	597496	595703	28	623	6.61e-260	809
JAHRHY010000017.1	sp|O24581|BIP3_MAIZE	67.2	631	194	7	597463	595592	39	663	1.79e-259	808
JAHRHY010000018.1	sp|Q10233|RPC2_SCHPO	53.8	1244	373	12	1038801	1035136	100	1163	0.0	1240
JAHRHY010000018.1	sp|P22276|RPC2_YEAST	50.6	1232	420	12	1038801	1035136	94	1147	0.0	1128
JAHRHY010000018.1	sp|P59470|RPC2_MOUSE	50.7	1247	392	13	1038801	1035148	76	1128	0.0	1117
JAHRHY010000018.1	sp|Q9NW08|RPC2_HUMAN	50.6	1249	394	13	1038801	1035142	76	1130	0.0	1117
JAHRHY010000018.1	sp|Q92620|PRP16_HUMAN	62.0	907	292	6	1058422	1055711	306	1162	0.0	1105
JAHRHY010000018.1	sp|Q17R09|PRP16_BOVIN	61.2	927	306	7	1058482	1055711	287	1162	0.0	1104
JAHRHY010000018.1	sp|F4K2E9|PRP16_ARATH	58.9	919	320	7	1058377	1055666	333	1208	0.0	1064
JAHRHY010000018.1	sp|Q9P774|PRP16_SCHPO	59.4	913	314	8	1058464	1055735	255	1113	0.0	1044
JAHRHY010000018.1	sp|P34498|MOG1_CAEEL	57.1	909	332	9	1058422	1055717	213	1070	0.0	1010
JAHRHY010000018.1	sp|P25167|RPC2_DROME	46.2	1237	465	14	1038801	1035142	84	1136	4.42e-318	998
JAHRHY010000018.1	sp|F4KD38|NRPC2_ARATH	45.3	1266	456	20	1038801	1035148	82	1158	8.57e-307	966
JAHRHY010000018.1	sp|Q54IZ9|RPC2_DICDI	34.4	1710	436	14	1038801	1035148	89	1605	8.02e-267	867
JAHRHY010000018.1	sp|A0A1U8QTJ9|CICA_EMENI	38.2	1392	627	11	809157	813182	175	1383	1.57e-250	812
JAHRHY010000018.1	sp|Q42093|AB2C_ARATH	37.1	1379	654	15	809115	813212	311	1489	2.73e-250	820
JAHRHY010000018.1	sp|Q9C8G9|AB1C_ARATH	37.5	1377	647	15	809115	813212	311	1484	1.86e-248	814
JAHRHY010000018.1	sp|Q9C8H0|AB12C_ARATH	36.5	1379	655	15	809115	813212	312	1482	8.86e-242	790
JAHRHY010000018.1	sp|Q54JR2|ABCC3_DICDI	36.9	1375	639	14	809157	813221	147	1312	1.54e-240	784
JAHRHY010000018.1	sp|Q9C8H1|AB11C_ARATH	35.9	1379	663	15	809115	813212	312	1482	5.94e-238	779
JAHRHY010000018.1	sp|P33527|MRP1_HUMAN	35.8	1382	646	19	809157	813182	349	1529	3.50e-233	766
JAHRHY010000018.1	sp|Q54U44|ABCCC_DICDI	36.4	1374	632	14	809178	813233	148	1301	3.55e-233	759
JAHRHY010000018.1	sp|Q864R9|MRP1_MACFA	36.0	1373	640	19	809181	813182	357	1529	7.27e-232	763
JAHRHY010000018.1	sp|Q5F364|MRP1_CHICK	35.3	1378	640	19	809178	813182	355	1523	8.39e-232	762
JAHRHY010000018.1	sp|O88563|MRP3_RAT	34.8	1378	679	18	809142	813182	331	1520	1.05e-231	762
JAHRHY010000018.1	sp|Q92887|MRP2_HUMAN	35.2	1396	651	20	809157	813191	346	1539	1.42e-231	762
JAHRHY010000018.1	sp|Q8CG09|MRP1_RAT	35.6	1374	646	18	809178	813182	357	1530	3.40e-231	761
JAHRHY010000019.1	sp|O94609|UBA1_SCHPO	53.5	955	372	8	933557	930702	126	1011	5.03e-313	978
JAHRHY010000019.1	sp|P52495|UBA1_CANAW	51.4	962	391	12	933557	930702	126	1020	4.08e-297	932
JAHRHY010000019.1	sp|Q02053|UBA1_MOUSE	50.6	966	398	10	933560	930696	161	1058	6.70e-296	930
JAHRHY010000019.1	sp|A3KMV5|UBA1_BOVIN	50.7	964	400	9	933560	930696	161	1058	9.12e-296	930
JAHRHY010000019.1	sp|Q5U300|UBA1_RAT	50.4	964	403	11	933560	930696	161	1058	4.97e-294	925
JAHRHY010000019.1	sp|P22314|UBA1_HUMAN	50.2	964	405	9	933560	930696	161	1058	4.28e-293	922
JAHRHY010000019.1	sp|Q29504|UBA1_RABIT	50.3	964	404	9	933560	930696	161	1058	1.99e-292	920
JAHRHY010000019.1	sp|Q55C16|UBA1_DICDI	51.5	961	382	13	933560	930711	125	1012	1.71e-290	913
JAHRHY010000019.1	sp|P31254|UBA1Y_MOUSE	48.4	960	419	8	933560	930711	160	1053	3.81e-282	890
JAHRHY010000019.1	sp|P22515|UBA1_YEAST	48.4	966	418	12	933560	930702	125	1023	4.92e-277	874
JAHRHY010000019.1	sp|P49376|ATPB_KLULA	79.0	504	105	1	540795	542306	1	503	3.73e-249	771
JAHRHY010000019.1	sp|P22068|ATPB_SCHPO	81.2	490	90	2	540849	542312	35	524	2.42e-245	761
JAHRHY010000019.1	sp|P23704|ATPB_NEUCR	82.3	481	84	1	540876	542315	37	517	1.68e-244	758
JAHRHY010000019.1	sp|Q6CFT7|ATPB_YARLI	83.0	477	79	2	540882	542306	31	507	2.93e-244	757
JAHRHY010000019.1	sp|C0HK52|ATPB_PICAN	82.3	474	83	1	540888	542306	1	474	4.01e-244	755
JAHRHY010000019.1	sp|P00830|ATPB_YEAST	80.5	477	93	0	540876	542306	33	509	1.53e-241	749
JAHRHY010000019.1	sp|P06576|ATPB_HUMAN	76.1	519	118	3	540771	542312	11	528	1.39e-240	748
JAHRHY010000019.1	sp|Q9PTY0|ATPB_CYPCA	82.1	480	84	2	540876	542312	40	518	1.72e-240	747
JAHRHY010000019.1	sp|P56480|ATPB_MOUSE	82.5	469	80	2	540903	542306	59	526	3.52e-240	746
JAHRHY010000019.1	sp|P10719|ATPB_RAT	82.5	469	80	2	540903	542306	59	526	6.53e-240	746
JAHRHY010000019.1	sp|Q5ZLC5|ATPB_CHICK	81.2	479	88	2	540873	542306	54	531	1.40e-239	745
JAHRHY010000019.1	sp|P00829|ATPB_BOVIN	82.2	471	82	2	540903	542312	59	528	1.02e-238	742
JAHRHY010000019.1	sp|Q25117|ATPB_HEMPU	79.0	482	94	3	540885	542312	43	523	1.06e-233	728
JAHRHY010000019.1	sp|Q05825|ATPB_DROME	80.9	471	88	2	540897	542306	34	503	1.63e-232	723
JAHRHY010000019.1	sp|Q0C100|ATPB_HYPNA	78.4	473	101	1	540888	542306	2	473	6.33e-232	720
JAHRHY010000002.1	sp|Q4PFV5|DPOE_USTMA	45.3	1981	892	25	742766	737034	432	2291	0.0	1607
JAHRHY010000002.1	sp|P0CN27|DPOE_CRYNB	44.9	1958	905	28	742766	736998	429	2248	0.0	1595
JAHRHY010000002.1	sp|P0CN26|DPOE_CRYNJ	44.9	1958	905	28	742766	736998	429	2248	0.0	1595
JAHRHY010000002.1	sp|P36594|RPB1_SCHPO	62.6	1285	396	15	721440	717625	328	1540	0.0	1521
JAHRHY010000002.1	sp|O93845|DPOE_EMENI	43.0	1954	964	24	742766	736998	370	2205	0.0	1503
JAHRHY010000002.1	sp|Q4WXH8|DPOE_ASPFU	43.3	1952	955	24	742766	737001	397	2227	0.0	1499
JAHRHY010000002.1	sp|Q4P9K9|CHS8_USTMA	46.0	1844	800	27	1356257	1361656	89	1781	0.0	1486
JAHRHY010000002.1	sp|Q9WVF7|DPOE1_MOUSE	42.6	1996	966	30	742766	737001	386	2275	0.0	1479
JAHRHY010000002.1	sp|Q07864|DPOE1_HUMAN	42.4	1998	969	31	742766	737001	386	2278	0.0	1469
JAHRHY010000002.1	sp|P18616|NRPB1_ARATH	58.5	1289	444	11	721440	717622	333	1546	0.0	1436
JAHRHY010000002.1	sp|Q6BNG2|DPOE_DEBHA	42.1	1942	969	32	742766	737013	412	2221	0.0	1421
JAHRHY010000002.1	sp|P35084|RPB1_DICDI	60.4	1197	407	9	725875	729429	327	1468	0.0	1413
JAHRHY010000002.1	sp|P87154|DPOE_SCHPO	42.0	1956	956	32	742766	736998	387	2196	0.0	1409
JAHRHY010000002.1	sp|Q75A34|RPB1_ASHGO	58.4	1205	425	10	725875	729444	322	1465	0.0	1372
JAHRHY010000002.1	sp|P16356|RPB1_CAEEL	55.9	1307	487	16	721440	717622	330	1581	0.0	1372
JAHRHY010000002.1	sp|P35074|RPB1_CAEBR	56.4	1267	473	13	721440	717703	330	1538	0.0	1359
JAHRHY010000002.1	sp|P04050|RPB1_YEAST	55.5	1292	474	14	721437	717628	323	1535	0.0	1357
JAHRHY010000002.1	sp|P04052|RPB1_DROME	55.9	1293	481	15	721440	717622	328	1551	0.0	1346
JAHRHY010000002.1	sp|Q6CUS7|DPOE_KLULA	41.0	1949	969	34	742766	737019	378	2179	0.0	1337
JAHRHY010000002.1	sp|P21951|DPOE_YEAST	40.2	1956	994	36	742766	737010	401	2218	0.0	1330
JAHRHY010000002.1	sp|J9VNT4|CHS5_CRYNH	44.6	1790	788	37	1356293	1361545	121	1746	0.0	1322
JAHRHY010000002.1	sp|F4HW04|DPOE1_ARATH	38.8	1961	1000	30	742766	737001	358	2156	0.0	1281
JAHRHY010000002.1	sp|Q752B8|DPOE_ASHGO	38.7	1956	1000	33	742766	737025	375	2172	0.0	1253
JAHRHY010000002.1	sp|F4IFN6|DPOE2_ARATH	38.7	1955	994	34	742766	737001	350	2133	0.0	1251
JAHRHY010000002.1	sp|Q10105|GCN1_SCHPO	43.5	1651	876	16	673931	678832	702	2313	0.0	1242
JAHRHY010000020.1	sp|P42730|CLPB1_ARATH	63.5	674	225	6	406759	408771	208	863	1.63e-254	804
JAHRHY010000020.1	sp|Q6F2Y7|CLPB1_ORYSJ	62.0	677	235	6	406759	408777	210	868	4.37e-248	786
JAHRHY010000020.1	sp|Q81TT4|CLPB_BACAN	56.7	670	273	5	406759	408759	210	865	1.86e-228	727
JAHRHY010000020.1	sp|Q73BY1|CLPB_BACC1	56.9	670	272	5	406759	408759	210	865	1.86e-228	727
JAHRHY010000020.1	sp|Q81GM5|CLPB_BACCR	56.9	670	272	5	406759	408759	210	865	2.53e-228	727
JAHRHY010000020.1	sp|Q7NFE9|CLPB_GLOVI	57.8	661	265	4	406759	408735	210	858	3.12e-226	721
JAHRHY010000020.1	sp|P31543|CLP_TRYBB	57.4	672	267	5	406759	408765	205	860	2.36e-223	712
JAHRHY010000020.1	sp|Q71XF9|CLPB_LISMF	54.8	671	288	4	406759	408765	209	866	5.55e-223	711
JAHRHY010000020.1	sp|G2K265|CLPB_LISM4	54.7	671	289	4	406759	408765	209	866	2.58e-222	709
JAHRHY010000020.1	sp|Q8Y570|CLPB_LISMO	54.7	671	289	4	406759	408765	209	866	2.58e-222	709
JAHRHY010000020.1	sp|Q7U637|CLPB1_SYNPX	55.8	674	273	6	406759	408762	208	862	5.69e-222	708
JAHRHY010000020.1	sp|Q8XKG8|CLPB_CLOPE	55.8	658	275	4	406759	408726	212	855	1.63e-221	707
JAHRHY010000020.1	sp|Q8DJ40|CLPB1_THEEB	56.4	667	277	4	406759	408753	208	862	4.84e-221	706
JAHRHY010000020.1	sp|Q831Y7|CLPB_ENTFA	56.8	660	267	4	406759	408729	209	853	2.04e-220	704
JAHRHY010000020.1	sp|Q929G7|CLPB_LISIN	54.5	671	290	4	406759	408765	209	866	3.03e-219	701
JAHRHY010000020.1	sp|Q72AW6|CLPB_DESVH	57.1	660	264	4	406759	408729	212	855	3.99e-219	700
JAHRHY010000020.1	sp|Q7CU92|CLPB_AGRFC	55.6	676	283	3	406759	408783	208	867	2.50e-218	698
JAHRHY010000020.1	sp|Q97KG0|CLPB_CLOAB	54.8	651	278	5	406759	408705	211	847	4.67e-218	697
JAHRHY010000020.1	sp|Q7V8B1|CLPB_PROMM	55.7	662	276	4	406759	408732	208	856	1.59e-217	696
JAHRHY010000020.1	sp|P74361|CLPB2_SYNY3	54.8	675	283	4	406759	408753	209	871	1.09e-215	691
JAHRHY010000020.1	sp|O94641|HS104_SCHPO	55.3	666	287	6	406759	408735	210	871	4.34e-215	690
JAHRHY010000020.1	sp|Q8G4X4|CLPB_BIFLO	56.0	657	280	3	406759	408726	208	856	7.57e-214	686
JAHRHY010000020.1	sp|Q8RHQ8|CLPB_FUSNN	53.6	660	290	4	406759	408735	205	849	1.24e-213	684
JAHRHY010000020.1	sp|Q8P6A0|CLPB_XANCP	54.9	669	281	5	406759	408753	207	858	1.41e-213	684
JAHRHY010000020.1	sp|Q8FM94|CLPB_COREF	54.6	663	272	6	406759	408741	208	843	5.69e-212	679
JAHRHY010000021.1	sp|Q9Z2Q4|METH_RAT	64.4	979	340	6	191611	194526	277	1253	0.0	1281
JAHRHY010000021.1	sp|A6H5Y3|METH_MOUSE	64.1	978	344	4	191611	194526	277	1253	0.0	1269
JAHRHY010000021.1	sp|Q4JIJ3|METH_BOVIN	63.5	978	350	4	191611	194526	289	1265	0.0	1255
JAHRHY010000021.1	sp|Q99707|METH_HUMAN	63.4	978	351	4	191611	194526	289	1265	0.0	1254
JAHRHY010000021.1	sp|Q09582|METH_CAEEL	63.0	976	353	6	191611	194526	278	1249	0.0	1232
JAHRHY010000021.1	sp|A8XY95|METH_CAEBR	61.8	998	349	8	191611	194520	278	1271	0.0	1218
JAHRHY010000021.1	sp|Q54P92|METH_DICDI	60.5	978	371	6	191611	194520	284	1254	0.0	1195
JAHRHY010000021.1	sp|Q7MHB1|METH_VIBVY	55.7	969	400	8	191611	194502	277	1221	0.0	1041
JAHRHY010000021.1	sp|Q8DCJ7|METH_VIBVU	55.9	969	398	9	191611	194502	277	1221	0.0	1040
JAHRHY010000021.1	sp|Q87L95|METH_VIBPA	55.7	969	400	8	191611	194502	277	1221	0.0	1039
JAHRHY010000021.1	sp|Q5E814|METH_ALIF1	54.8	972	410	8	191611	194511	278	1225	0.0	1035
JAHRHY010000021.1	sp|Q9AJQ8|METH_ALIFS	54.6	972	412	8	191611	194511	278	1225	0.0	1031
JAHRHY010000021.1	sp|Q9KUW9|METH_VIBCH	55.3	972	405	7	191611	194511	277	1224	0.0	1031
JAHRHY010000021.1	sp|Q9I2Q2|METH_PSEAE	55.7	976	403	11	191611	194523	283	1234	0.0	1009
JAHRHY010000021.1	sp|P13009|METH_ECOLI	54.7	978	407	12	191611	194520	276	1225	0.0	1009
JAHRHY010000021.1	sp|P37586|METH_SALTY	54.0	976	417	9	191611	194520	276	1225	0.0	1005
JAHRHY010000021.1	sp|O93918|PYC_ASPTE	59.6	592	236	3	702326	704098	601	1190	8.58e-214	697
JAHRHY010000021.1	sp|Q0CLK1|PYC_ASPTN	59.5	592	237	3	702326	704098	601	1190	1.16e-213	697
JAHRHY010000021.1	sp|Q9HES8|PYC_ASPNG	58.3	593	244	3	702326	704101	600	1190	1.26e-210	688
JAHRHY010000021.1	sp|Q9UUE1|PYC_SCHPO	59.5	566	225	4	702326	704017	592	1155	1.83e-208	682
JAHRHY010000021.1	sp|Q8X1T3|PYC_PICAN	58.7	566	230	4	702326	704017	583	1146	2.37e-204	669
JAHRHY010000021.1	sp|O82485|OPT7_ARATH	44.3	741	351	11	617476	615308	54	750	3.28e-199	639
JAHRHY010000021.1	sp|P07685|HIS2_NEUCR	56.7	614	229	4	126126	124291	285	863	4.53e-199	642
JAHRHY010000021.1	sp|P32327|PYC2_YEAST	58.1	565	232	5	702329	704017	581	1142	1.34e-198	653
JAHRHY010000021.1	sp|Q29RK2|PYC_BOVIN	54.2	592	269	1	702329	704098	586	1177	1.96e-197	649
JAHRHY010000022.1	sp|F1Q4S1|ATP9B_DANRE	53.4	740	218	8	589967	587823	378	1015	3.82e-216	702
JAHRHY010000022.1	sp|A1A4J6|ATP9B_BOVIN	53.1	744	217	9	589967	587814	392	1029	1.53e-214	697
JAHRHY010000022.1	sp|D4ABB8|ATP9B_RAT	53.5	738	218	8	589967	587823	391	1026	2.12e-214	697
JAHRHY010000022.1	sp|O43861|ATP9B_HUMAN	52.7	738	224	7	589967	587823	391	1026	1.33e-213	695
JAHRHY010000022.1	sp|P98195|ATP9B_MOUSE	50.7	797	254	11	590114	587823	335	1025	3.22e-213	694
JAHRHY010000022.1	sp|O75110|ATP9A_HUMAN	52.6	736	230	8	589991	587826	306	936	1.16e-210	683
JAHRHY010000022.1	sp|O70228|ATP9A_MOUSE	52.4	736	231	8	589991	587826	306	936	7.28e-210	681
JAHRHY010000022.1	sp|P51044|CISY_ASPNG	72.4	435	116	3	31965	30667	31	463	9.77e-207	647
JAHRHY010000022.1	sp|O00098|CISY_EMENI	70.3	445	128	3	31965	30637	31	473	1.32e-204	641
JAHRHY010000022.1	sp|P40527|ATC7_YEAST	50.6	741	249	10	590033	587823	407	1034	5.20e-204	667
JAHRHY010000022.1	sp|P34085|CISY_NEUCR	71.1	432	122	3	31959	30667	30	459	2.86e-202	634
JAHRHY010000022.1	sp|Q10306|CISY_SCHPO	68.0	438	138	2	31950	30637	48	483	8.12e-197	619
JAHRHY010000022.1	sp|Q6S9V7|CISY_KATPE	67.6	435	139	2	31941	30637	35	467	9.05e-197	619
JAHRHY010000022.1	sp|Q6S9V9|CISY_THUAL	67.6	435	139	2	31941	30637	35	467	1.23e-196	618
JAHRHY010000022.1	sp|Q6S9V8|CISY_THUOB	67.6	435	139	2	31941	30637	35	467	1.23e-196	618
JAHRHY010000022.1	sp|Q7ZVY5|CISY_DANRE	67.1	435	141	2	31941	30637	34	466	4.09e-196	617
JAHRHY010000022.1	sp|Q6S9V6|CISY_XIPGL	67.6	435	139	2	31941	30637	35	467	5.78e-196	616
JAHRHY010000022.1	sp|P79024|CISY_CANTR	72.0	425	116	3	31938	30667	32	454	9.96e-196	615
JAHRHY010000022.1	sp|Q6C793|PRPC_YARLI	68.6	430	134	1	31956	30667	26	454	3.19e-195	614
JAHRHY010000022.1	sp|Q4S5X1|CISY_TETNG	67.1	435	141	2	31941	30637	35	467	3.69e-195	614
JAHRHY010000022.1	sp|Q6S9V5|CISY_KAJAU	67.1	435	141	2	31941	30637	35	467	5.02e-195	613
JAHRHY010000022.1	sp|P0C1Z2|CISY_MACFA	68.0	428	135	2	31941	30658	32	457	2.87e-194	611
JAHRHY010000022.1	sp|P00890|CISY1_YEAST	69.3	436	131	3	31947	30640	42	474	8.55e-194	610
JAHRHY010000022.1	sp|Q17GM7|CISY1_AEDAE	67.1	450	141	4	31971	30637	20	467	1.03e-193	610
JAHRHY010000022.1	sp|Q29RK1|CISY_BOVIN	68.5	425	132	2	31941	30667	32	454	1.35e-193	609
JAHRHY010000023.1	sp|Q14204|DYHC1_HUMAN	61.3	1928	685	13	232596	238316	2156	4042	0.0	2318
JAHRHY010000023.1	sp|Q9JHU4|DYHC1_MOUSE	61.2	1928	687	13	232596	238316	2154	4040	0.0	2315
JAHRHY010000023.1	sp|P38650|DYHC1_RAT	61.1	1930	688	13	232596	238316	2154	4040	0.0	2313
JAHRHY010000023.1	sp|P37276|DYHC_DROME	61.2	1859	674	7	232596	238139	2142	3963	0.0	2272
JAHRHY010000023.1	sp|P78716|DYHC_FUSVN	63.1	1858	636	8	232617	238184	2184	3993	0.0	2240
JAHRHY010000023.1	sp|P45443|DYHC_NEUCR	61.5	1858	663	10	232623	238184	2187	3995	0.0	2235
JAHRHY010000023.1	sp|P45444|DYHC_EMENI	59.8	1852	679	10	232623	238142	2176	3974	0.0	2180
JAHRHY010000023.1	sp|P34036|DYHC_DICDI	54.9	1890	775	10	232596	238139	2214	4067	0.0	2043
JAHRHY010000023.1	sp|Q19020|DYHC_CAEEL	54.2	1877	792	16	232596	238148	2094	3928	0.0	1978
JAHRHY010000023.1	sp|Q27171|DYHC_PARTE	45.7	1861	932	17	232596	238124	2067	3866	0.0	1580
JAHRHY010000023.1	sp|Q8IBG1|DYHC1_PLAF7	41.0	1971	988	23	232593	238112	2256	4182	0.0	1450
JAHRHY010000023.1	sp|Q9C1M7|DYHC_ASHGO	38.4	1759	1005	12	232611	237872	2008	3692	0.0	1244
JAHRHY010000023.1	sp|P36022|DYHC_YEAST	35.9	1697	1017	11	232644	237728	2028	3656	0.0	1113
JAHRHY010000023.1	sp|J9VQQ3|ATC2_CRYNH	45.8	1074	418	12	701818	704985	413	1340	4.51e-256	828
JAHRHY010000023.1	sp|Q9HGM3|YTA12_SCHPO	67.7	533	156	5	715997	714414	127	648	7.44e-220	698
JAHRHY010000023.1	sp|P48465|ACT_CRYNH	74.3	474	22	1	355054	356475	2	375	1.25e-217	674
JAHRHY010000023.1	sp|P26197|ACT2_ABSGL	73.4	474	26	1	355054	356475	4	377	2.50e-217	673
JAHRHY010000023.1	sp|P54678|ATC1_DICDI	44.9	948	349	13	701818	704589	170	968	5.93e-217	704
JAHRHY010000023.1	sp|O42161|ACTB_SALSA	73.2	474	27	1	355054	356475	2	375	7.99e-217	672
JAHRHY010000023.1	sp|P02578|ACT1_ACACA	73.6	473	25	1	355057	356475	3	375	1.09e-216	671
JAHRHY010000023.1	sp|P68142|ACTB1_TAKRU	73.2	474	27	1	355054	356475	2	375	1.09e-216	671
JAHRHY010000023.1	sp|P68143|ACTB_OREMO	73.2	474	27	1	355054	356475	2	375	1.09e-216	671
JAHRHY010000023.1	sp|P10989|ACT_SCHPO	73.4	474	26	1	355054	356475	2	375	1.48e-216	671
JAHRHY010000023.1	sp|O93400|ACTB_XENLA	73.0	474	28	1	355054	356475	2	375	2.02e-216	671
JAHRHY010000023.1	sp|P50138|ACT_PUCGR	73.8	474	24	1	355054	356475	2	375	3.75e-216	670
JAHRHY010000024.1	sp|Q6FWS5|YBT1_CANGA	38.6	1097	554	15	454043	450804	642	1635	5.43e-216	719
JAHRHY010000024.1	sp|G4N2B5|ABC7_MAGO7	36.6	1291	658	24	454538	450774	505	1671	3.43e-214	715
JAHRHY010000024.1	sp|P32386|YBT1_YEAST	38.5	1123	560	17	454064	450804	622	1649	3.39e-212	708
JAHRHY010000024.1	sp|Q05911|PUR8_YEAST	56.3	592	136	3	674252	672480	7	476	1.80e-194	612
JAHRHY010000024.1	sp|P21265|PUR8_CHICK	55.9	590	136	2	674258	672489	12	477	2.38e-193	609
JAHRHY010000024.1	sp|P38735|VMR1_YEAST	36.5	1122	563	16	454088	450804	587	1585	8.49e-193	649
JAHRHY010000024.1	sp|P30566|PUR8_HUMAN	56.0	596	136	3	674252	672465	13	482	3.21e-191	603
JAHRHY010000024.1	sp|Q8HXY5|PUR8_MACFA	55.9	596	137	3	674252	672465	13	482	5.95e-191	602
JAHRHY010000024.1	sp|A3KN12|PUR8_BOVIN	54.8	599	147	2	674261	672465	16	490	1.03e-188	596
JAHRHY010000024.1	sp|P54822|PUR8_MOUSE	55.7	584	135	2	674252	672501	13	472	1.13e-188	596
JAHRHY010000024.1	sp|O60105|PUR8_SCHPO	52.6	605	163	5	674270	672459	1	482	2.66e-188	595
JAHRHY010000024.1	sp|Q28689|MRP2_RABIT	32.4	1295	603	26	454535	450861	444	1535	1.02e-177	603
JAHRHY010000024.1	sp|A0A1U8QTJ9|CICA_EMENI	33.1	1239	660	18	454538	450837	308	1382	1.68e-176	595
JAHRHY010000024.1	sp|O88563|MRP3_RAT	32.8	1285	608	22	454538	450849	432	1515	2.01e-176	598
JAHRHY010000024.1	sp|B2RX12|MRP3_MOUSE	32.9	1286	605	25	454538	450849	433	1516	1.00e-174	593
JAHRHY010000024.1	sp|O15438|MRP3_HUMAN	33.2	1290	599	25	454538	450849	434	1520	4.89e-174	592
JAHRHY010000024.1	sp|Q8VI47|MRP2_MOUSE	32.3	1279	604	25	454535	450879	444	1520	5.12e-174	592
JAHRHY010000024.1	sp|Q63120|MRP2_RAT	31.6	1289	614	24	454535	450858	442	1525	5.85e-172	586
JAHRHY010000024.1	sp|Q9P7L5|OAT_SCHPO	67.7	378	122	0	603492	604625	47	424	8.04e-172	545
JAHRHY010000024.1	sp|Q92887|MRP2_HUMAN	32.4	1280	603	26	454535	450876	446	1523	8.59e-172	585
JAHRHY010000024.1	sp|P0CT41|TF212_SCHPO	36.7	903	544	11	736356	733675	373	1256	3.21e-170	575
JAHRHY010000024.1	sp|P0CT34|TF21_SCHPO	36.7	903	544	11	736356	733675	373	1256	3.21e-170	575
JAHRHY010000024.1	sp|P0CT35|TF22_SCHPO	36.7	903	544	11	736356	733675	373	1256	3.21e-170	575
JAHRHY010000024.1	sp|P0CT36|TF23_SCHPO	36.7	903	544	11	736356	733675	373	1256	3.21e-170	575
JAHRHY010000024.1	sp|P0CT37|TF24_SCHPO	36.7	903	544	11	736356	733675	373	1256	3.21e-170	575
JAHRHY010000025.1	sp|Q8J294|ARO1_THACU	50.2	1408	627	20	367085	362973	230	1600	0.0	1253
JAHRHY010000025.1	sp|P0CM23|ARO1_CRYNB	50.8	1398	624	22	367073	362973	231	1595	0.0	1252
JAHRHY010000025.1	sp|P0CM22|ARO1_CRYNJ	50.8	1398	624	22	367073	362973	231	1595	0.0	1252
JAHRHY010000025.1	sp|B0D6H2|ARO1_LACBS	50.4	1412	627	25	367106	362955	219	1584	0.0	1233
JAHRHY010000025.1	sp|Q9P7R0|ARO1_SCHPO	50.0	1373	629	19	367031	362955	238	1567	0.0	1225
JAHRHY010000025.1	sp|A8NMB4|ARO1_COPC7	48.8	1483	629	30	367106	362943	223	1670	0.0	1213
JAHRHY010000025.1	sp|B6JVD0|ARO1_SCHJY	48.3	1384	645	20	367037	362955	236	1571	0.0	1206
JAHRHY010000025.1	sp|C5PA86|ARO1_COCP7	49.2	1379	629	21	367037	362979	236	1568	0.0	1206
JAHRHY010000025.1	sp|B6HAA7|ARO1_PENRW	48.5	1378	637	18	367037	362979	236	1566	0.0	1203
JAHRHY010000025.1	sp|Q4P8F6|ARO1_USTMA	47.7	1456	666	27	367094	362976	254	1696	0.0	1202
JAHRHY010000025.1	sp|B8N4Q9|ARO1_ASPFN	48.6	1372	642	19	367037	362979	236	1563	0.0	1201
JAHRHY010000025.1	sp|Q2UCP6|ARO1_ASPOR	48.7	1366	638	19	367037	362997	236	1557	0.0	1196
JAHRHY010000025.1	sp|A4RD09|ARO1_MAGO7	49.9	1364	619	23	367031	362985	254	1568	0.0	1194
JAHRHY010000025.1	sp|Q8X071|ARO1_NEUCR	49.8	1365	623	21	367037	362979	234	1548	0.0	1192
JAHRHY010000025.1	sp|A1CP85|ARO1_ASPCL	48.6	1380	641	19	367037	362973	236	1571	0.0	1191
JAHRHY010000025.1	sp|B6QCA7|ARO12_TALMQ	49.0	1369	634	19	367037	362979	232	1552	0.0	1190
JAHRHY010000025.1	sp|C5JKE6|ARO1_BLAGS	48.5	1383	633	25	367037	362985	236	1571	0.0	1188
JAHRHY010000025.1	sp|C4JYG6|ARO1_UNCRE	48.5	1376	638	21	367037	362979	233	1561	0.0	1187
JAHRHY010000025.1	sp|C5G8R4|ARO1_AJEDR	48.5	1383	633	25	367037	362985	236	1571	0.0	1186
JAHRHY010000025.1	sp|P07547|ARO1_EMENI	47.9	1377	649	16	367037	362979	236	1567	0.0	1186
JAHRHY010000025.1	sp|D1ZA70|ARO1_SORMK	49.0	1362	638	19	367037	362979	234	1548	0.0	1183
JAHRHY010000025.1	sp|B2B223|ARO1_PODAN	49.1	1364	634	21	367037	362979	236	1550	0.0	1180
JAHRHY010000025.1	sp|B8M0U4|ARO1_TALSN	48.7	1372	637	18	367037	362979	236	1559	0.0	1179
JAHRHY010000025.1	sp|C0NL63|ARO1_AJECG	47.7	1407	659	21	367100	362985	207	1571	0.0	1178
JAHRHY010000025.1	sp|Q4WS76|ARO1_ASPFU	47.4	1408	660	20	367037	362922	236	1599	0.0	1176
JAHRHY010000026.1	sp|Q02061|RPB2_SCHPO	75.6	546	131	1	484862	483231	663	1208	2.05e-272	868
JAHRHY010000026.1	sp|A5DHT2|RPB2_PICGU	74.8	555	131	2	484865	483228	676	1230	1.57e-269	860
JAHRHY010000026.1	sp|Q753Q4|RPB2_ASHGO	73.4	548	143	2	484862	483222	676	1221	4.55e-263	841
JAHRHY010000026.1	sp|P08518|RPB2_YEAST	72.5	550	147	3	484868	483222	677	1223	1.41e-261	837
JAHRHY010000026.1	sp|Q6FLD5|RPB2_CANGA	72.5	553	143	4	484868	483222	675	1222	2.91e-260	833
JAHRHY010000026.1	sp|Q54J75|RPB2_DICDI	71.9	544	134	1	484868	483237	644	1168	2.48e-254	814
JAHRHY010000026.1	sp|Q42877|RPB2_SOLLC	70.4	540	142	4	484856	483237	656	1177	8.13e-242	778
JAHRHY010000026.1	sp|P38420|NRPB2_ARATH	68.1	545	156	2	484856	483222	657	1183	1.14e-238	769
JAHRHY010000026.1	sp|Q8CFI7|RPB2_MOUSE	67.1	544	158	2	484862	483234	651	1174	2.12e-235	759
JAHRHY010000026.1	sp|P30876|RPB2_HUMAN	66.9	544	159	2	484862	483234	651	1174	5.32e-235	758
JAHRHY010000026.1	sp|P08266|RPB2_DROME	66.8	542	158	4	484862	483243	652	1173	1.57e-229	742
JAHRHY010000026.1	sp|Q10578|RPB2_CAEEL	64.1	549	174	2	484862	483219	659	1185	5.31e-224	727
JAHRHY010000026.1	sp|Q8SR75|RPB2_ENCCU	66.3	540	157	6	484856	483243	621	1137	6.73e-220	713
JAHRHY010000026.1	sp|O94659|NOG1_SCHPO	55.5	587	246	3	535337	537061	59	642	5.99e-194	618
JAHRHY010000026.1	sp|Q02892|NOG1_YEAST	50.8	608	279	7	535298	537061	40	647	2.70e-179	576
JAHRHY010000026.1	sp|Q6CM00|NOG1_KLULA	50.7	604	282	7	535298	537061	40	643	4.43e-177	569
JAHRHY010000026.1	sp|Q74ZK6|NOG1_ASHGO	51.2	586	276	5	535334	537061	57	642	1.49e-174	562
JAHRHY010000026.1	sp|Q6FRV0|NOG1_CANGA	49.5	606	288	6	535298	537061	40	645	1.64e-174	562
JAHRHY010000026.1	sp|Q99ME9|NOG1_MOUSE	54.2	570	242	5	535382	537061	74	634	2.86e-174	561
JAHRHY010000026.1	sp|Q9BZE4|NOG1_HUMAN	53.7	570	245	5	535382	537061	74	634	3.35e-173	558
JAHRHY010000026.1	sp|G0S8F1|NOG1_CHATD	51.9	593	249	5	535382	537061	72	661	3.32e-171	553
JAHRHY010000026.1	sp|P0CT41|TF212_SCHPO	36.7	903	544	11	32302	29621	373	1256	3.77e-170	574
JAHRHY010000026.1	sp|P0CT34|TF21_SCHPO	36.7	903	544	11	32302	29621	373	1256	3.77e-170	574
JAHRHY010000026.1	sp|P0CT35|TF22_SCHPO	36.7	903	544	11	32302	29621	373	1256	3.77e-170	574
JAHRHY010000026.1	sp|P0CT36|TF23_SCHPO	36.7	903	544	11	32302	29621	373	1256	3.77e-170	574
JAHRHY010000027.1	sp|O14228|PUR4_SCHPO	60.4	1198	445	12	106021	102440	151	1322	0.0	1408
JAHRHY010000027.1	sp|P38972|PUR4_YEAST	58.0	1204	464	15	106021	102440	186	1357	0.0	1339
JAHRHY010000027.1	sp|Q3KHL4|PUR4_PSEPF	58.6	1198	441	15	106021	102437	153	1298	0.0	1330
JAHRHY010000027.1	sp|Q8DF81|PUR4_VIBVU	57.9	1191	449	13	106021	102449	155	1293	0.0	1330
JAHRHY010000027.1	sp|Q7MN70|PUR4_VIBVY	57.9	1191	449	13	106021	102449	155	1293	0.0	1329
JAHRHY010000027.1	sp|Q3IHZ2|PUR4_PSET1	57.6	1194	449	14	106021	102449	153	1292	0.0	1327
JAHRHY010000027.1	sp|Q4ZX02|PUR4_PSEU2	58.0	1199	447	15	106021	102437	153	1298	0.0	1322
JAHRHY010000027.1	sp|Q886W6|PUR4_PSESM	58.0	1199	447	15	106021	102437	153	1298	0.0	1321
JAHRHY010000027.1	sp|Q47XX7|PUR4_COLP3	56.7	1213	455	17	106021	102440	158	1319	0.0	1320
JAHRHY010000027.1	sp|Q9KTN2|PUR4_VIBCH	58.2	1191	446	13	106021	102449	155	1293	0.0	1320
JAHRHY010000027.1	sp|Q5QWY0|PUR4_IDILO	58.9	1191	438	13	106021	102449	153	1291	0.0	1319
JAHRHY010000027.1	sp|Q48LX3|PUR4_PSE14	57.8	1199	449	15	106021	102437	153	1298	0.0	1318
JAHRHY010000027.1	sp|Q4KHS6|PUR4_PSEF5	57.8	1198	451	14	106021	102437	153	1298	0.0	1318
JAHRHY010000027.1	sp|Q87RW0|PUR4_VIBPA	58.1	1196	444	15	106021	102449	155	1298	0.0	1313
JAHRHY010000027.1	sp|Q5E749|PUR4_ALIF1	57.7	1196	450	15	106021	102449	155	1299	0.0	1313
JAHRHY010000027.1	sp|Q88P16|PUR4_PSEPK	58.2	1200	444	15	106021	102437	153	1299	0.0	1313
JAHRHY010000027.1	sp|Q9HXN2|PUR4_PSEAE	57.6	1198	451	15	106021	102440	153	1297	0.0	1311
JAHRHY010000027.1	sp|Q0HKU9|PUR4_SHESM	57.7	1191	449	12	106021	102449	154	1289	0.0	1308
JAHRHY010000027.1	sp|Q0HX47|PUR4_SHESR	57.8	1191	448	13	106021	102449	154	1289	0.0	1306
JAHRHY010000027.1	sp|Q6LU24|PUR4_PHOPR	56.7	1216	456	14	106030	102449	152	1318	0.0	1305
JAHRHY010000027.1	sp|Q15R69|PUR4_PSEA6	56.3	1222	476	16	106105	102440	131	1294	0.0	1304
JAHRHY010000027.1	sp|Q8EC57|PUR4_SHEON	57.6	1191	450	13	106021	102449	154	1289	0.0	1303
JAHRHY010000027.1	sp|Q2SK05|PUR4_HAHCH	57.6	1198	449	16	106021	102440	155	1297	0.0	1299
JAHRHY010000027.1	sp|Q1H2I8|PUR4_METFK	56.8	1197	453	16	106021	102440	157	1292	0.0	1297
JAHRHY010000027.1	sp|Q7N1Z4|PUR4_PHOLL	57.3	1191	455	15	106021	102449	154	1291	0.0	1297
JAHRHY010000028.1	sp|L7WRR4|NOTK_ASPVE	55.3	486	201	8	160639	159215	54	534	1.86e-152	494
JAHRHY010000028.1	sp|O94300|YOOH_SCHPO	50.8	494	231	6	160639	159176	58	545	1.25e-145	477
JAHRHY010000028.1	sp|Q4PGL2|INO80_USTMA	64.9	405	117	8	77236	76055	850	1240	2.04e-137	488
JAHRHY010000028.1	sp|Q9SRK7|AZG1_ARATH	48.7	485	191	7	160639	159347	61	541	1.36e-133	440
JAHRHY010000028.1	sp|A4R227|INO80_MAGO7	50.5	537	235	9	75962	74400	1320	1841	4.51e-131	469
JAHRHY010000028.1	sp|A7EQA8|INO80_SCLS1	48.9	532	252	8	75962	74394	1083	1603	1.02e-130	464
JAHRHY010000028.1	sp|Q0UG82|INO80_PHANO	49.1	544	243	11	75962	74373	1063	1586	8.93e-129	457
JAHRHY010000028.1	sp|Q4IL82|INO80_GIBZE	49.4	540	244	13	75962	74382	1287	1810	1.21e-128	461
JAHRHY010000028.1	sp|O14148|INO80_SCHPO	50.5	541	226	13	75962	74406	1084	1604	2.67e-128	455
JAHRHY010000028.1	sp|Q872I5|INO80_NEUCR	49.5	546	244	13	75962	74373	1360	1889	4.37e-126	454
JAHRHY010000028.1	sp|Q1DUF9|INO80_COCIM	47.9	537	266	7	75962	74373	1038	1567	1.07e-125	448
JAHRHY010000028.1	sp|Q59KI4|INO80_CANAL	62.7	354	91	3	77113	76055	601	914	1.41e-125	442
JAHRHY010000028.1	sp|A1CZE5|INO80_NEOFI	49.6	561	255	13	75962	74322	1075	1621	5.93e-125	446
JAHRHY010000028.1	sp|Q2UTQ9|INO80_ASPOR	78.0	268	57	2	76855	76055	609	875	8.81e-125	441
JAHRHY010000028.1	sp|Q6BGY8|INO80_DEBHA	76.2	269	62	2	76858	76055	542	809	1.35e-124	439
JAHRHY010000028.1	sp|A1C9W6|INO80_ASPCL	48.8	561	258	12	75962	74322	1077	1622	1.39e-124	445
JAHRHY010000028.1	sp|Q74Z27|INO80_ASHGO	76.2	269	62	2	76858	76055	630	897	3.14e-124	439
JAHRHY010000028.1	sp|A2R9H9|INO80_ASPNC	48.6	558	263	13	75962	74322	1065	1609	3.90e-124	444
JAHRHY010000028.1	sp|Q4WTV7|INO80_ASPFU	78.0	268	57	2	76855	76055	809	1075	7.88e-124	443
JAHRHY010000028.1	sp|A6ZU34|INO80_YEAS7	76.2	269	62	2	76858	76055	687	954	8.42e-124	439
JAHRHY010000028.1	sp|A5E0W5|INO80_LODEL	77.3	269	59	2	76858	76055	712	979	1.11e-123	440
JAHRHY010000028.1	sp|Q5BAZ5|INO80_EMENI	77.6	268	58	2	76855	76055	774	1040	1.82e-123	440
JAHRHY010000028.1	sp|Q0CA78|INO80_ASPTN	78.0	268	57	2	76855	76055	794	1060	2.02e-123	441
JAHRHY010000028.1	sp|Q6CNY4|INO80_KLULA	75.4	268	64	2	76855	76055	722	988	2.47e-123	437
JAHRHY010000028.1	sp|P53115|INO80_YEAST	75.7	268	63	2	76855	76055	682	948	1.07e-122	436
JAHRHY010000029.1	sp|Q99315|YG31B_YEAST	35.1	871	528	13	273090	270547	588	1444	1.34e-131	464
JAHRHY010000029.1	sp|Q7LHG5|YI31B_YEAST	35.5	865	521	13	273090	270565	614	1464	1.99e-131	462
JAHRHY010000029.1	sp|P0CT41|TF212_SCHPO	32.7	855	529	13	273030	270544	424	1258	2.06e-131	458
JAHRHY010000029.1	sp|P0CT34|TF21_SCHPO	32.7	855	529	13	273030	270544	424	1258	2.06e-131	458
JAHRHY010000029.1	sp|P0CT35|TF22_SCHPO	32.7	855	529	13	273030	270544	424	1258	2.06e-131	458
JAHRHY010000029.1	sp|P0CT36|TF23_SCHPO	32.7	855	529	13	273030	270544	424	1258	2.06e-131	458
JAHRHY010000029.1	sp|P0CT37|TF24_SCHPO	32.7	855	529	13	273030	270544	424	1258	2.06e-131	458
JAHRHY010000029.1	sp|P0CT38|TF25_SCHPO	32.7	855	529	13	273030	270544	424	1258	2.06e-131	458
JAHRHY010000029.1	sp|P0CT39|TF26_SCHPO	32.7	855	529	13	273030	270544	424	1258	2.06e-131	458
JAHRHY010000029.1	sp|P0CT40|TF29_SCHPO	32.7	855	529	13	273030	270544	424	1258	2.06e-131	458
JAHRHY010000029.1	sp|Q9UR07|TF211_SCHPO	32.7	855	529	13	273030	270544	424	1258	6.74e-131	457
JAHRHY010000029.1	sp|P0CT42|TF27_SCHPO	32.7	855	529	13	273030	270544	424	1258	6.74e-131	457
JAHRHY010000029.1	sp|P0CT43|TF28_SCHPO	32.7	855	529	13	273030	270544	424	1258	6.74e-131	457
JAHRHY010000029.1	sp|K0E3U9|ECDD_ASPRU	43.4	502	261	8	120944	119463	16	502	3.45e-117	391
JAHRHY010000029.1	sp|Q92253|RCO3_NEUCR	42.2	509	259	9	120923	119436	26	512	8.06e-110	372
JAHRHY010000029.1	sp|Q12300|RGT2_YEAST	40.8	490	262	8	120953	119505	90	558	4.83e-101	352
JAHRHY010000029.1	sp|P10870|SNF3_YEAST	40.5	476	258	7	120923	119505	102	555	7.13e-99	350
JAHRHY010000029.1	sp|P32466|HXT3_YEAST	39.5	501	267	11	120926	119457	66	541	2.43e-96	332
JAHRHY010000029.1	sp|P32465|HXT1_YEAST	38.5	499	275	11	120926	119457	69	544	4.15e-95	328
JAHRHY010000029.1	sp|P18631|RAG1_KLULA	36.4	522	294	10	120983	119457	48	544	1.46e-91	318
JAHRHY010000029.1	sp|P40885|HXT9_YEAST	36.6	527	285	13	120974	119463	40	540	2.69e-91	317
JAHRHY010000029.1	sp|P39004|HXT7_YEAST	37.1	515	285	13	120929	119424	68	556	9.94e-91	316
JAHRHY010000029.1	sp|P54862|HXT11_YEAST	36.6	527	285	13	120974	119463	40	540	3.10e-90	314
JAHRHY010000029.1	sp|P39003|HXT6_YEAST	37.5	501	275	12	120929	119463	68	542	3.37e-90	314
JAHRHY010000029.1	sp|P53387|KHT2_KLULC	35.6	531	285	13	120974	119457	45	543	6.38e-89	310
JAHRHY010000003.1	sp|O93927|FKS1_CRYNH	62.2	1707	577	10	1018071	1012990	133	1784	0.0	2122
JAHRHY010000003.1	sp|A2QLK4|FKS1_ASPNC	58.4	1775	641	16	1018212	1012990	138	1849	0.0	2006
JAHRHY010000003.1	sp|O74475|BGS4_SCHPO	54.0	1833	706	17	1018257	1013002	119	1894	0.0	1902
JAHRHY010000003.1	sp|P40989|FKS2_YEAST	53.3	1801	731	19	1018230	1012972	110	1848	0.0	1856
JAHRHY010000003.1	sp|P38631|FKS1_YEAST	53.2	1797	747	16	1018257	1012972	92	1829	0.0	1847
JAHRHY010000003.1	sp|O13967|BGS2_SCHPO	55.1	1735	693	13	1018065	1012969	181	1865	0.0	1835
JAHRHY010000003.1	sp|Q10287|BGS1_SCHPO	49.8	1781	787	17	1018233	1012966	11	1709	0.0	1671
JAHRHY010000003.1	sp|P29742|CLH_DROME	50.7	1862	694	23	957044	962560	15	1675	0.0	1665
JAHRHY010000003.1	sp|P53675|CLH2_HUMAN	50.7	1816	648	20	957044	962395	15	1614	0.0	1657
JAHRHY010000003.1	sp|Q9P377|BGS3_SCHPO	49.9	1719	764	18	1018059	1012984	146	1794	0.0	1633
JAHRHY010000003.1	sp|Q04952|FKS3_YEAST	48.4	1815	810	18	1018059	1012855	15	1783	0.0	1614
JAHRHY010000003.1	sp|P34574|CLH_CAEEL	47.8	1854	758	21	957044	962566	13	1669	0.0	1570
JAHRHY010000003.1	sp|Q10161|CLH_SCHPO	47.3	1839	740	20	957044	962503	15	1643	0.0	1538
JAHRHY010000003.1	sp|P25870|CLH_DICDI	55.0	1338	547	7	958619	962572	390	1692	0.0	1456
JAHRHY010000003.1	sp|Q2RBN7|CLH1_ORYSJ	55.7	1279	528	3	958613	962437	402	1646	0.0	1429
JAHRHY010000003.1	sp|Q2QYW2|CLH2_ORYSJ	55.7	1279	529	3	958613	962437	402	1646	0.0	1427
JAHRHY010000003.1	sp|Q0WLB5|CLAH2_ARATH	43.4	1814	828	15	957044	962437	16	1646	0.0	1411
JAHRHY010000003.1	sp|Q0WNJ6|CLAH1_ARATH	43.4	1817	824	16	957044	962437	16	1646	0.0	1404
JAHRHY010000003.1	sp|P22137|CLH_YEAST	55.2	1280	539	3	958622	962458	396	1641	0.0	1402
JAHRHY010000003.1	sp|O13651|SYIC_SCHPO	57.3	1080	421	4	1924308	1927541	22	1063	0.0	1240
JAHRHY010000003.1	sp|P09436|SYIC_YEAST	55.2	1083	442	7	1924308	1927541	27	1071	0.0	1236
JAHRHY010000003.1	sp|P41252|SYIC_HUMAN	55.5	1085	435	9	1924308	1927541	28	1071	0.0	1194
JAHRHY010000003.1	sp|Q8BU30|SYIC_MOUSE	55.3	1085	437	9	1924308	1927541	28	1071	0.0	1186
JAHRHY010000003.1	sp|Q21926|SYIC_CAEEL	52.5	1020	437	8	1924308	1927358	30	1004	0.0	1067
JAHRHY010000003.1	sp|F4JLM5|SYIC_ARATH	49.8	1083	465	12	1924308	1927448	29	1068	0.0	1053
JAHRHY010000030.1	sp|Q58623|Y1226_METJA	44.2	683	344	10	63974	65992	10	665	4.55e-154	508
JAHRHY010000030.1	sp|P28876|PMA2_SCHPO	44.7	687	343	11	63980	65995	163	827	3.35e-152	509
JAHRHY010000030.1	sp|P54679|PMA1_DICDI	46.1	675	333	10	64007	65998	182	836	2.94e-151	508
JAHRHY010000030.1	sp|P49380|PMA1_KLULA	43.9	690	350	11	63971	65995	55	722	5.65e-148	493
JAHRHY010000030.1	sp|P28877|PMA1_CANAX	43.9	686	350	10	63980	65995	54	718	3.14e-147	491
JAHRHY010000030.1	sp|P05030|PMA1_YEAST	43.6	693	354	11	63962	65995	71	741	8.09e-147	491
JAHRHY010000030.1	sp|P22180|PMA1_SOLLC	45.1	692	328	12	64004	65998	34	700	1.25e-146	491
JAHRHY010000030.1	sp|P07038|PMA1_NEUCR	43.2	687	353	12	63980	65995	77	741	2.89e-146	489
JAHRHY010000030.1	sp|P19657|PMA2_YEAST	44.0	684	346	11	63989	65995	109	770	4.46e-146	489
JAHRHY010000030.1	sp|Q9SU58|PMA4_ARATH	44.8	692	330	12	64004	65998	38	704	6.34e-146	489
JAHRHY010000030.1	sp|P09627|PMA1_SCHPO	44.1	687	347	12	63980	65995	75	739	7.00e-146	488
JAHRHY010000030.1	sp|Q08435|PMA1_NICPL	44.8	692	330	12	64004	65998	35	701	1.07e-145	489
JAHRHY010000030.1	sp|Q08436|PMA3_NICPL	44.9	693	328	13	64004	65998	34	700	3.53e-145	487
JAHRHY010000030.1	sp|P20649|PMA1_ARATH	43.2	692	341	11	64004	65998	30	696	7.26e-145	486
JAHRHY010000030.1	sp|P19456|PMA2_ARATH	43.6	691	340	11	64004	65998	30	696	1.30e-144	485
JAHRHY010000030.1	sp|Q42556|PMA9_ARATH	43.8	691	338	11	64004	65998	35	701	2.80e-144	484
JAHRHY010000030.1	sp|P24545|PMA1_ZYGRO	43.0	686	356	10	63980	65995	79	743	6.91e-144	482
JAHRHY010000030.1	sp|Q9M2A0|PMA8_ARATH	44.5	692	332	12	64004	65998	33	699	1.48e-143	482
JAHRHY010000030.1	sp|Q9LV11|PMA11_ARATH	44.1	692	335	12	64004	65998	34	700	4.55e-143	481
JAHRHY010000030.1	sp|Q9SH76|PMA6_ARATH	44.4	692	332	12	64004	65998	33	698	5.11e-143	481
JAHRHY010000030.1	sp|Q03194|PMA4_NICPL	44.0	693	334	12	64004	65998	33	699	7.51e-143	480
JAHRHY010000030.1	sp|P20431|PMA3_ARATH	43.6	693	337	12	64004	65998	31	697	7.87e-142	477
JAHRHY010000030.1	sp|Q43128|PMA10_ARATH	43.7	700	344	12	63974	65998	29	703	1.01e-141	477
JAHRHY010000030.1	sp|Q7XPY2|PMA1_ORYSJ	43.3	691	342	11	64004	65998	30	696	2.07e-141	476
JAHRHY010000030.1	sp|Q9LY32|PMA7_ARATH	44.0	687	340	11	64004	65998	33	696	2.69e-141	476
JAHRHY010000031.1	sp|Q7LHG5|YI31B_YEAST	35.7	854	508	14	15194	17698	637	1468	1.93e-135	473
JAHRHY010000031.1	sp|Q99315|YG31B_YEAST	35.5	865	517	14	15194	17731	611	1453	2.40e-135	474
JAHRHY010000031.1	sp|P0CT41|TF212_SCHPO	32.7	855	529	13	53686	51200	424	1258	1.00e-131	458
JAHRHY010000031.1	sp|P0CT34|TF21_SCHPO	32.7	855	529	13	53686	51200	424	1258	1.00e-131	458
JAHRHY010000031.1	sp|P0CT35|TF22_SCHPO	32.7	855	529	13	53686	51200	424	1258	1.00e-131	458
JAHRHY010000031.1	sp|P0CT36|TF23_SCHPO	32.7	855	529	13	53686	51200	424	1258	1.00e-131	458
JAHRHY010000031.1	sp|P0CT37|TF24_SCHPO	32.7	855	529	13	53686	51200	424	1258	1.00e-131	458
JAHRHY010000031.1	sp|P0CT38|TF25_SCHPO	32.7	855	529	13	53686	51200	424	1258	1.00e-131	458
JAHRHY010000031.1	sp|P0CT39|TF26_SCHPO	32.7	855	529	13	53686	51200	424	1258	1.00e-131	458
JAHRHY010000031.1	sp|P0CT40|TF29_SCHPO	32.7	855	529	13	53686	51200	424	1258	1.00e-131	458
JAHRHY010000031.1	sp|Q9UR07|TF211_SCHPO	32.7	855	529	13	53686	51200	424	1258	3.29e-131	457
JAHRHY010000031.1	sp|P0CT42|TF27_SCHPO	32.7	855	529	13	53686	51200	424	1258	3.29e-131	457
JAHRHY010000031.1	sp|P0CT43|TF28_SCHPO	32.7	855	529	13	53686	51200	424	1258	3.29e-131	457
JAHRHY010000031.1	sp|Q8NQC8|ACR3_CORGL	42.1	366	188	5	108599	107526	1	350	1.87e-82	283
JAHRHY010000031.1	sp|P20825|POL2_DROME	41.0	407	229	4	53677	52475	221	622	3.65e-81	300
JAHRHY010000031.1	sp|P04323|POL3_DROME	30.2	766	463	18	15194	17332	222	968	1.59e-79	295
JAHRHY010000031.1	sp|P74312|ARREH_SYNY3	66.3	196	66	0	109465	110052	7	202	3.33e-79	267
JAHRHY010000031.1	sp|P45946|ARSB_BACSU	41.2	342	190	3	108536	107535	4	342	9.06e-77	266
JAHRHY010000031.1	sp|Q8I7P9|POL5_DROME	38.8	436	241	7	53677	52430	138	567	1.52e-74	279
JAHRHY010000031.1	sp|Q92R45|ARREH_RHIME	64.3	196	69	1	109459	110046	33	227	1.41e-73	253
JAHRHY010000031.1	sp|B7J950|ARREH_ACIF2	58.9	207	85	0	109426	110046	17	223	3.70e-72	248
JAHRHY010000031.1	sp|Q7UC03|ARREH_SHIFL	62.2	193	72	1	109465	110040	34	226	8.02e-71	245
JAHRHY010000031.1	sp|Q06598|ARR3_YEAST	35.6	390	209	6	108602	107550	9	395	3.40e-65	235
JAHRHY010000031.1	sp|P10401|POLY_DROME	27.9	788	474	21	15191	17341	195	959	1.84e-64	248
JAHRHY010000031.1	sp|P10394|POL4_DROME	35.5	411	258	2	53689	52475	325	734	3.64e-63	246
JAHRHY010000032.1	sp|P0CT41|TF212_SCHPO	36.0	933	566	12	44241	47012	346	1256	3.49e-172	578
JAHRHY010000032.1	sp|P0CT34|TF21_SCHPO	36.0	933	566	12	44241	47012	346	1256	3.49e-172	578
JAHRHY010000032.1	sp|P0CT35|TF22_SCHPO	36.0	933	566	12	44241	47012	346	1256	3.49e-172	578
JAHRHY010000032.1	sp|P0CT36|TF23_SCHPO	36.0	933	566	12	44241	47012	346	1256	3.49e-172	578
JAHRHY010000032.1	sp|P0CT37|TF24_SCHPO	36.0	933	566	12	44241	47012	346	1256	3.49e-172	578
JAHRHY010000032.1	sp|P0CT38|TF25_SCHPO	36.0	933	566	12	44241	47012	346	1256	3.49e-172	578
JAHRHY010000032.1	sp|P0CT39|TF26_SCHPO	36.0	933	566	12	44241	47012	346	1256	3.49e-172	578
JAHRHY010000032.1	sp|P0CT40|TF29_SCHPO	36.0	933	566	12	44241	47012	346	1256	3.49e-172	578
JAHRHY010000032.1	sp|Q9UR07|TF211_SCHPO	35.9	933	567	12	44241	47012	346	1256	2.87e-171	575
JAHRHY010000032.1	sp|P0CT42|TF27_SCHPO	35.9	933	567	12	44241	47012	346	1256	2.87e-171	575
JAHRHY010000032.1	sp|P0CT43|TF28_SCHPO	35.9	933	567	12	44241	47012	346	1256	2.87e-171	575
JAHRHY010000032.1	sp|Q99315|YG31B_YEAST	34.8	963	555	24	113302	116088	562	1485	1.73e-140	489
JAHRHY010000032.1	sp|Q7LHG5|YI31B_YEAST	35.3	911	531	20	44361	47009	588	1468	2.41e-140	488
JAHRHY010000032.1	sp|A2RNZ6|LYSP_LACLM	43.6	422	227	4	63289	64536	33	449	2.19e-94	323
JAHRHY010000032.1	sp|A2RI97|HISP_LACLM	38.4	497	279	7	63277	64764	3	473	1.83e-89	308
JAHRHY010000032.1	sp|P20825|POL2_DROME	31.7	757	432	20	113356	115476	203	924	3.36e-88	321
JAHRHY010000032.1	sp|P04323|POL3_DROME	30.7	788	465	21	113356	115575	205	959	1.07e-87	320
JAHRHY010000032.1	sp|P25737|LYSP_ECOLI	39.1	419	250	3	63286	64536	12	427	1.41e-87	303
JAHRHY010000032.1	sp|P10401|POLY_DROME	29.2	791	482	19	44442	46634	176	948	1.87e-79	294
JAHRHY010000032.1	sp|P10394|POL4_DROME	25.3	1127	726	28	112861	115959	132	1236	2.82e-77	291
JAHRHY010000032.1	sp|Q8I7P9|POL5_DROME	30.0	836	494	17	51774	54059	84	902	1.74e-76	285
JAHRHY010000032.1	sp|A0A1D8PMB1|GAP5_CANAL	33.6	535	314	10	63268	64845	103	605	2.46e-75	271
JAHRHY010000032.1	sp|B5BP45|YP51_SCHPO	32.7	532	325	10	63271	64845	60	565	1.20e-74	268
JAHRHY010000032.1	sp|A0A1D8PK89|GAP2_CANAL	34.8	532	322	11	63190	64776	46	555	1.79e-74	268
JAHRHY010000032.1	sp|Q9P5N4|YH81_SCHPO	32.6	521	318	10	63289	64824	73	569	6.48e-72	260
JAHRHY010000033.1	sp|Q7LHG5|YI31B_YEAST	35.8	854	507	14	58419	60923	637	1468	4.18e-136	475
JAHRHY010000033.1	sp|Q99315|YG31B_YEAST	35.6	865	516	14	58419	60956	611	1453	5.24e-136	476
JAHRHY010000033.1	sp|P0CT41|TF212_SCHPO	32.7	855	529	13	8342	10828	424	1258	7.08e-132	458
JAHRHY010000033.1	sp|P0CT34|TF21_SCHPO	32.7	855	529	13	8342	10828	424	1258	7.08e-132	458
JAHRHY010000033.1	sp|P0CT35|TF22_SCHPO	32.7	855	529	13	8342	10828	424	1258	7.08e-132	458
JAHRHY010000033.1	sp|P0CT36|TF23_SCHPO	32.7	855	529	13	8342	10828	424	1258	7.08e-132	458
JAHRHY010000033.1	sp|P0CT37|TF24_SCHPO	32.7	855	529	13	8342	10828	424	1258	7.08e-132	458
JAHRHY010000033.1	sp|P0CT38|TF25_SCHPO	32.7	855	529	13	8342	10828	424	1258	7.08e-132	458
JAHRHY010000033.1	sp|P0CT39|TF26_SCHPO	32.7	855	529	13	8342	10828	424	1258	7.08e-132	458
JAHRHY010000033.1	sp|P0CT40|TF29_SCHPO	32.7	855	529	13	8342	10828	424	1258	7.08e-132	458
JAHRHY010000033.1	sp|Q9UR07|TF211_SCHPO	32.7	855	529	13	8342	10828	424	1258	2.32e-131	457
JAHRHY010000033.1	sp|P0CT42|TF27_SCHPO	32.7	855	529	13	8342	10828	424	1258	2.32e-131	457
JAHRHY010000033.1	sp|P0CT43|TF28_SCHPO	32.7	855	529	13	8342	10828	424	1258	2.32e-131	457
JAHRHY010000033.1	sp|P20825|POL2_DROME	30.7	719	425	14	8351	10333	221	924	1.93e-81	300
JAHRHY010000033.1	sp|P04323|POL3_DROME	30.2	766	463	18	58419	60557	222	968	4.71e-80	296
JAHRHY010000033.1	sp|Q8I7P9|POL5_DROME	30.1	836	493	17	58251	60536	84	902	4.20e-77	286
JAHRHY010000033.1	sp|P10401|POLY_DROME	28.0	788	473	21	58416	60566	195	959	4.14e-65	250
JAHRHY010000033.1	sp|P10394|POL4_DROME	35.5	411	258	2	8339	9553	325	734	2.58e-63	246
JAHRHY010000033.1	sp|P03555|POL_CAMVC	33.3	435	274	8	8288	9553	241	672	8.58e-58	221
JAHRHY010000033.1	sp|Q02964|POL_CAMVE	33.3	435	274	8	8288	9553	241	672	8.58e-58	221
JAHRHY010000033.1	sp|P03554|POL_CAMVS	33.1	435	275	8	8288	9553	241	672	2.09e-57	220
JAHRHY010000033.1	sp|Q00962|POL_CAMVN	32.9	435	276	8	8288	9553	242	673	5.19e-57	219
JAHRHY010000033.1	sp|P03556|POL_CAMVD	32.9	435	276	8	8288	9553	236	667	1.13e-56	218
JAHRHY010000033.1	sp|P09523|POL_FMVD	31.7	407	268	4	8360	9553	257	662	2.19e-53	207
JAHRHY010000033.1	sp|P05400|POL_CERV	33.1	417	264	7	58401	59615	237	650	2.79e-52	204
JAHRHY010000034.1	sp|P0CT41|TF212_SCHPO	36.5	903	545	11	29004	31685	373	1256	6.06e-170	571
JAHRHY010000034.1	sp|P0CT34|TF21_SCHPO	36.5	903	545	11	29004	31685	373	1256	6.06e-170	571
JAHRHY010000034.1	sp|P0CT35|TF22_SCHPO	36.5	903	545	11	29004	31685	373	1256	6.06e-170	571
JAHRHY010000034.1	sp|P0CT36|TF23_SCHPO	36.5	903	545	11	29004	31685	373	1256	6.06e-170	571
JAHRHY010000034.1	sp|P0CT37|TF24_SCHPO	36.5	903	545	11	29004	31685	373	1256	6.06e-170	571
JAHRHY010000034.1	sp|P0CT38|TF25_SCHPO	36.5	903	545	11	29004	31685	373	1256	6.06e-170	571
JAHRHY010000034.1	sp|P0CT39|TF26_SCHPO	36.5	903	545	11	29004	31685	373	1256	6.06e-170	571
JAHRHY010000034.1	sp|P0CT40|TF29_SCHPO	36.5	903	545	11	29004	31685	373	1256	6.06e-170	571
JAHRHY010000034.1	sp|Q9UR07|TF211_SCHPO	36.4	903	546	11	29004	31685	373	1256	4.98e-169	568
JAHRHY010000034.1	sp|P0CT42|TF27_SCHPO	36.4	903	546	11	29004	31685	373	1256	4.98e-169	568
JAHRHY010000034.1	sp|P0CT43|TF28_SCHPO	36.4	903	546	11	29004	31685	373	1256	4.98e-169	568
JAHRHY010000034.1	sp|Q99315|YG31B_YEAST	34.6	959	562	23	29034	31820	562	1485	1.39e-139	486
JAHRHY010000034.1	sp|Q7LHG5|YI31B_YEAST	35.2	911	532	20	29034	31682	588	1468	1.95e-139	485
JAHRHY010000034.1	sp|P20825|POL2_DROME	31.6	757	433	21	29088	31208	203	924	4.87e-87	317
JAHRHY010000034.1	sp|P04323|POL3_DROME	30.7	788	465	22	29088	31307	205	959	2.08e-86	315
JAHRHY010000034.1	sp|P10401|POLY_DROME	29.1	791	483	19	29115	31307	176	948	1.49e-78	291
JAHRHY010000034.1	sp|P10394|POL4_DROME	24.6	1201	782	31	28383	31691	61	1236	4.94e-76	286
JAHRHY010000034.1	sp|Q8I7P9|POL5_DROME	38.8	436	241	7	56203	57450	138	567	1.06e-74	279
JAHRHY010000034.1	sp|P03555|POL_CAMVC	33.3	435	274	8	56140	57405	241	672	8.50e-58	221
JAHRHY010000034.1	sp|Q02964|POL_CAMVE	33.3	435	274	8	56140	57405	241	672	8.50e-58	221
JAHRHY010000034.1	sp|P03554|POL_CAMVS	33.1	435	275	8	56140	57405	241	672	2.07e-57	220
JAHRHY010000034.1	sp|Q00962|POL_CAMVN	32.9	435	276	8	56140	57405	242	673	5.14e-57	219
JAHRHY010000034.1	sp|P03556|POL_CAMVD	32.9	435	276	8	56140	57405	236	667	1.12e-56	218
JAHRHY010000034.1	sp|P09523|POL_FMVD	31.7	407	268	4	56212	57405	257	662	2.17e-53	207
JAHRHY010000034.1	sp|P05400|POL_CERV	31.3	415	274	6	56185	57399	237	650	2.95e-51	201
JAHRHY010000035.1	sp|Q7LHG5|YI31B_YEAST	37.5	751	437	11	49796	51982	614	1354	6.22e-127	447
JAHRHY010000035.1	sp|Q99315|YG31B_YEAST	37.4	751	438	11	49796	51982	588	1328	1.73e-126	446
JAHRHY010000035.1	sp|P0CT41|TF212_SCHPO	34.2	716	445	8	49856	51949	424	1131	1.60e-123	433
JAHRHY010000035.1	sp|P0CT34|TF21_SCHPO	34.2	716	445	8	49856	51949	424	1131	1.60e-123	433
JAHRHY010000035.1	sp|P0CT35|TF22_SCHPO	34.2	716	445	8	49856	51949	424	1131	1.60e-123	433
JAHRHY010000035.1	sp|P0CT36|TF23_SCHPO	34.2	716	445	8	49856	51949	424	1131	1.60e-123	433
JAHRHY010000035.1	sp|P0CT37|TF24_SCHPO	34.2	716	445	8	49856	51949	424	1131	1.60e-123	433
JAHRHY010000035.1	sp|P0CT38|TF25_SCHPO	34.2	716	445	8	49856	51949	424	1131	1.60e-123	433
JAHRHY010000035.1	sp|P0CT39|TF26_SCHPO	34.2	716	445	8	49856	51949	424	1131	1.60e-123	433
JAHRHY010000035.1	sp|P0CT40|TF29_SCHPO	34.2	716	445	8	49856	51949	424	1131	1.60e-123	433
JAHRHY010000035.1	sp|Q9UR07|TF211_SCHPO	34.2	716	445	8	49856	51949	424	1131	5.20e-123	431
JAHRHY010000035.1	sp|P0CT42|TF27_SCHPO	34.2	716	445	8	49856	51949	424	1131	5.20e-123	431
JAHRHY010000035.1	sp|P0CT43|TF28_SCHPO	34.2	716	445	8	49856	51949	424	1131	5.20e-123	431
JAHRHY010000035.1	sp|P04323|POL3_DROME	42.8	407	222	4	49865	51067	222	623	1.16e-86	316
JAHRHY010000035.1	sp|P20825|POL2_DROME	40.8	407	230	4	49865	51067	221	622	4.61e-81	299
JAHRHY010000035.1	sp|Q8I7P9|POL5_DROME	38.8	436	241	7	49865	51112	138	567	5.97e-75	279
JAHRHY010000035.1	sp|P10401|POLY_DROME	27.8	780	469	21	49862	51970	195	957	2.31e-65	250
JAHRHY010000035.1	sp|P10394|POL4_DROME	35.5	411	258	2	49853	51067	325	734	1.10e-63	247
JAHRHY010000035.1	sp|P03555|POL_CAMVC	32.9	435	276	8	49802	51067	241	672	3.80e-57	219
JAHRHY010000035.1	sp|Q02964|POL_CAMVE	32.9	435	276	8	49802	51067	241	672	3.80e-57	219
JAHRHY010000035.1	sp|P03554|POL_CAMVS	32.6	435	277	8	49802	51067	241	672	9.26e-57	218
JAHRHY010000035.1	sp|Q00962|POL_CAMVN	32.4	435	278	8	49802	51067	242	673	2.30e-56	216
JAHRHY010000035.1	sp|P03556|POL_CAMVD	32.4	435	278	8	49802	51067	236	667	5.02e-56	215
JAHRHY010000035.1	sp|P09523|POL_FMVD	31.9	407	267	4	49874	51067	257	662	3.72e-54	209
JAHRHY010000035.1	sp|P05400|POL_CERV	31.6	415	273	6	49847	51061	237	650	5.06e-52	203
JAHRHY010000036.1	sp|Q3T4F1|CYB_RHIOR	70.6	385	113	0	14798	15952	1	385	5.94e-183	572
JAHRHY010000036.1	sp|Q0H8X3|CYB_USTMA	71.1	380	110	0	14798	15937	1	380	5.82e-181	566
JAHRHY010000036.1	sp|Q37395|CYB_ALLMA	70.0	377	113	0	14798	15928	1	377	1.64e-177	556
JAHRHY010000036.1	sp|Q3T4C8|CYB_ZANCU	67.8	385	124	0	14798	15952	1	385	3.00e-171	539
JAHRHY010000036.1	sp|Q36551|CYB_STRTC	66.1	383	130	0	14798	15946	1	383	5.87e-171	538
JAHRHY010000036.1	sp|Q6V9D6|CYB_TALMA	67.2	384	125	1	14798	15946	1	384	5.60e-167	526
JAHRHY010000036.1	sp|O48334|CYB_VENIN	66.7	381	126	1	14798	15937	1	381	1.16e-165	523
JAHRHY010000036.1	sp|Q94ZJ2|CYB_SCHCO	66.1	380	129	0	14798	15937	1	380	2.79e-165	521
JAHRHY010000036.1	sp|Q9B6D0|CYB_YARLI	65.5	385	133	0	14798	15952	1	385	1.41e-164	519
JAHRHY010000036.1	sp|Q02655|CYB_PODAN	63.7	386	139	1	14798	15952	1	386	7.09e-164	517
JAHRHY010000036.1	sp|Q35128|CYB_NEUCR	64.8	381	133	1	14798	15937	1	381	1.67e-163	516
JAHRHY010000036.1	sp|Q6X9S4|CYB_ZYMTR	64.6	381	134	1	14798	15937	1	381	2.53e-163	516
JAHRHY010000036.1	sp|Q3ZEG3|CYB_EPIFL	63.0	384	141	1	14798	15946	1	384	3.49e-160	507
JAHRHY010000036.1	sp|P00163|CYB_YEAST	64.8	381	134	0	14810	15952	5	385	5.14e-160	506
JAHRHY010000036.1	sp|P05501|CYB_SCHPO	63.0	384	142	0	14798	15949	1	384	5.53e-160	506
JAHRHY010000036.1	sp|A6H4Q4|CYB_VANPO	65.1	381	133	0	14810	15952	9	389	5.94e-160	506
JAHRHY010000036.1	sp|Q85QA4|CYB_CANGA	64.7	377	133	0	14810	15940	5	381	1.30e-159	505
JAHRHY010000036.1	sp|P81381|CYB_KLULA	64.9	379	133	0	14810	15946	5	383	1.35e-159	505
JAHRHY010000036.1	sp|Q36445|CYB_MYCVI	64.0	383	137	1	14798	15943	1	383	1.50e-159	505
JAHRHY010000036.1	sp|P0C2N9|CYB_ASPTN	64.1	384	137	1	14798	15946	1	384	2.41e-159	504
JAHRHY010000036.1	sp|Q9ZZ40|CYB_TRIRU	62.4	386	144	1	14798	15952	1	386	4.64e-159	503
JAHRHY010000036.1	sp|P00161|CYB_EMEND	63.0	384	141	1	14798	15946	1	384	4.81e-159	503
JAHRHY010000036.1	sp|Q7GEV4|CYB_CANPA	64.5	383	136	0	14798	15946	1	383	8.01e-159	503
JAHRHY010000036.1	sp|Q35819|CYB_SACPA	64.6	381	135	0	14810	15952	5	385	8.30e-159	503
JAHRHY010000036.1	sp|P0C8L0|CYB_CANAL	63.3	381	140	0	14810	15952	5	385	1.22e-158	502
JAHRHY010000037.1	sp|Q7LHG5|YI31B_YEAST	35.8	854	507	14	21200	23704	637	1468	2.44e-136	475
JAHRHY010000037.1	sp|Q99315|YG31B_YEAST	35.6	865	516	14	21200	23737	611	1453	3.05e-136	476
JAHRHY010000037.1	sp|P0CT41|TF212_SCHPO	31.3	912	588	16	21035	23716	372	1262	2.55e-126	441
JAHRHY010000037.1	sp|P0CT34|TF21_SCHPO	31.3	912	588	16	21035	23716	372	1262	2.55e-126	441
JAHRHY010000037.1	sp|P0CT35|TF22_SCHPO	31.3	912	588	16	21035	23716	372	1262	2.55e-126	441
JAHRHY010000037.1	sp|P0CT36|TF23_SCHPO	31.3	912	588	16	21035	23716	372	1262	2.55e-126	441
JAHRHY010000037.1	sp|P0CT37|TF24_SCHPO	31.3	912	588	16	21035	23716	372	1262	2.55e-126	441
JAHRHY010000037.1	sp|P0CT38|TF25_SCHPO	31.3	912	588	16	21035	23716	372	1262	2.55e-126	441
JAHRHY010000037.1	sp|P0CT39|TF26_SCHPO	31.3	912	588	16	21035	23716	372	1262	2.55e-126	441
JAHRHY010000037.1	sp|P0CT40|TF29_SCHPO	31.3	912	588	16	21035	23716	372	1262	2.55e-126	441
JAHRHY010000037.1	sp|Q9UR07|TF211_SCHPO	31.3	912	588	16	21035	23716	372	1262	8.31e-126	439
JAHRHY010000037.1	sp|P0CT42|TF27_SCHPO	31.3	912	588	16	21035	23716	372	1262	8.31e-126	439
JAHRHY010000037.1	sp|P0CT43|TF28_SCHPO	31.3	912	588	16	21035	23716	372	1262	8.31e-126	439
JAHRHY010000037.1	sp|P20825|POL2_DROME	39.9	434	241	6	42626	43909	203	622	8.20e-83	304
JAHRHY010000037.1	sp|P04323|POL3_DROME	30.2	766	463	18	21200	23338	222	968	2.77e-80	296
JAHRHY010000037.1	sp|Q8I7P9|POL5_DROME	30.1	836	493	17	21032	23317	84	902	2.47e-77	286
JAHRHY010000037.1	sp|P10401|POLY_DROME	35.4	444	257	8	42653	43915	176	612	3.30e-69	262
JAHRHY010000037.1	sp|P10394|POL4_DROME	27.2	684	467	12	41921	43909	61	734	1.45e-59	234
JAHRHY010000037.1	sp|P03555|POL_CAMVC	32.9	435	276	7	21137	22402	241	672	3.70e-54	209
JAHRHY010000037.1	sp|Q02964|POL_CAMVE	32.9	435	276	7	21137	22402	241	672	3.70e-54	209
JAHRHY010000037.1	sp|P03554|POL_CAMVS	32.6	435	277	7	21137	22402	241	672	8.99e-54	208
JAHRHY010000037.1	sp|P03556|POL_CAMVD	32.4	435	278	7	21137	22402	236	667	4.87e-53	206
JAHRHY010000037.1	sp|P09523|POL_FMVD	32.7	407	264	4	21209	22402	257	662	5.71e-53	206
JAHRHY010000037.1	sp|P05400|POL_CERV	33.1	417	264	7	21182	22396	237	650	1.66e-52	204
JAHRHY010000037.1	sp|Q00962|POL_CAMVN	32.0	435	280	7	21137	22402	242	673	4.25e-52	203
JAHRHY010000038.1	sp|Q8SHP7|NU5M_HYPJE	74.4	663	170	0	44773	46761	1	663	2.67e-299	920
JAHRHY010000038.1	sp|Q8HHD2|NU5M_CRYPA	67.0	652	208	2	44773	46725	1	646	3.97e-261	808
JAHRHY010000038.1	sp|Q6V9D9|NU5M_TALMA	64.5	660	232	1	44773	46752	1	658	4.59e-255	791
JAHRHY010000038.1	sp|P20679|NU5M_PODAN	67.9	624	198	1	44773	46638	1	624	5.03e-255	791
JAHRHY010000038.1	sp|P05510|NU5M_NEUCR	61.9	699	228	2	44773	46761	1	697	4.84e-254	791
JAHRHY010000038.1	sp|Q6QU67|NU5M_ASPNG	63.7	655	237	1	44773	46737	1	654	8.31e-251	779
JAHRHY010000038.1	sp|Q01561|NU5M_TRIRU	64.3	647	228	1	44773	46713	1	644	1.01e-250	778
JAHRHY010000038.1	sp|P11628|NU5M_EMEND	62.2	659	246	3	44773	46749	1	656	2.07e-241	752
JAHRHY010000038.1	sp|P0CY44|NU4M_NEUCR	71.3	453	130	0	36198	37556	83	535	3.48e-191	602
JAHRHY010000038.1	sp|P15582|NU4M_PODAN	68.3	460	146	0	36180	37559	60	519	1.79e-188	593
JAHRHY010000038.1	sp|P03913|NU4M_ASPAM	66.9	484	150	3	36135	37559	5	487	1.13e-186	587
JAHRHY010000038.1	sp|P50367|NU5M_RHIST	48.0	663	332	6	44773	46749	1	654	1.27e-181	580
JAHRHY010000038.1	sp|P03945|COX1_NEUCR	76.2	386	92	0	21511	22668	12	397	6.86e-173	550
JAHRHY010000038.1	sp|Q36834|NU4M_TRIRU	62.2	490	183	2	36093	37556	5	494	3.08e-172	546
JAHRHY010000038.1	sp|Q0H8X0|NU5M_USTMA	47.6	628	327	2	44773	46653	1	627	2.61e-171	551
JAHRHY010000038.1	sp|P20681|COX1_PODAN	75.6	385	94	0	21514	22668	14	398	2.96e-171	545
JAHRHY010000038.1	sp|P15578|NU2M_PODAN	59.6	545	188	8	41029	42579	1	541	5.15e-167	533
JAHRHY010000038.1	sp|P00402|COX1_EMEND	72.3	386	107	0	21511	22668	46	431	5.51e-167	534
JAHRHY010000038.1	sp|Q85T01|NU5M_CRYNH	46.3	629	337	1	44773	46659	1	628	3.87e-166	535
JAHRHY010000038.1	sp|Q01555|COX1_TRIRU	72.3	386	107	0	21511	22668	7	392	9.35e-165	526
JAHRHY010000038.1	sp|Q35140|NU2M_NEUCR	55.8	568	200	7	41029	42579	1	568	4.63e-160	514
JAHRHY010000038.1	sp|P50368|NU5M_SCHCO	42.8	684	366	4	44773	46752	1	683	7.37e-155	504
JAHRHY010000038.1	sp|Q0H8Y4|COX1_USTMA	63.6	385	139	1	21517	22668	7	391	2.03e-146	473
JAHRHY010000038.1	sp|P80440|COX1_ALLMA	62.1	385	145	1	21517	22668	13	397	5.94e-141	457
JAHRHY010000038.1	sp|P26856|COX1_MARPO	61.6	385	147	1	21517	22668	11	395	2.04e-139	452
JAHRHY010000039.1	sp|Q8TGM7|ART2_YEAST	89.5	57	6	0	36217	36047	1	57	4.34e-26	108
JAHRHY010000039.1	sp|Q8TGM6|TAR1_YEAST	62.5	88	33	0	33932	33669	22	109	1.64e-23	103
JAHRHY010000039.1	sp|Q6CQE5|TAR1_KLULA	62.9	89	31	2	33932	33669	7	94	1.25e-22	100
JAHRHY010000039.1	sp|Q3E811|RRT15_YEAST	93.6	47	3	0	39075	39215	1	47	8.37e-21	93.6
JAHRHY010000039.1	sp|Q8TGM5|ART3_YEAST	89.1	46	5	0	41989	42126	1	46	1.93e-18	87.0
JAHRHY010000039.1	sp|P0C5P9|YL54B_YEAST	68.5	54	15	1	10667	10512	1	54	2.30e-12	69.3
JAHRHY010000039.1	sp|P0C5Q0|YL54F_YEAST	95.7	23	1	0	42281	42349	18	40	4.12e-05	48.5
JAHRHY010000004.1	sp|Q54YZ9|DHKJ_DICDI	52.5	1455	332	5	2728416	2724076	220	1323	0.0	1278
JAHRHY010000004.1	sp|Q54KM7|GCSP_DICDI	62.2	751	277	6	262642	264888	249	994	1.75e-302	947
JAHRHY010000004.1	sp|B2J427|GCSP_NOSP7	59.0	759	289	7	262642	264885	230	977	9.69e-290	910
JAHRHY010000004.1	sp|Q91W43|GCSP_MOUSE	59.3	754	292	8	262642	264888	271	1014	4.72e-287	904
JAHRHY010000004.1	sp|B2T7I8|GCSP_PARPJ	59.7	754	292	8	262642	264888	232	978	5.18e-286	899
JAHRHY010000004.1	sp|Q13SR6|GCSP_PARXL	59.2	754	296	7	262642	264888	232	978	6.07e-285	896
JAHRHY010000004.1	sp|Q8YNF9|GCSP_NOSS1	59.8	754	288	8	262642	264885	238	982	9.80e-285	896
JAHRHY010000004.1	sp|Q3M9G1|GCSP_TRIV2	59.4	753	284	8	262642	264885	238	973	6.21e-284	893
JAHRHY010000004.1	sp|O49954|GCSP_SOLTU	60.1	755	282	8	262642	264882	283	1026	1.06e-283	895
JAHRHY010000004.1	sp|Q9I137|GCSP1_PSEAE	57.8	749	300	5	262642	264885	223	956	1.27e-283	892
JAHRHY010000004.1	sp|Q04PM7|GCSP_LEPBJ	58.8	750	294	5	262642	264888	229	964	1.51e-283	892
JAHRHY010000004.1	sp|Q055P8|GCSP_LEPBL	58.8	750	294	5	262642	264888	229	964	1.51e-283	892
JAHRHY010000004.1	sp|Q09785|GCSP_SCHPO	58.0	753	304	6	262642	264876	282	1030	2.34e-283	894
JAHRHY010000004.1	sp|Q01576|ACSA_PHYB8	66.2	653	172	4	859968	861920	57	662	5.67e-283	877
JAHRHY010000004.1	sp|A9ACU3|GCSP_BURM1	59.4	751	294	6	262642	264885	232	974	1.03e-282	890
JAHRHY010000004.1	sp|P15505|GCSP_CHICK	57.4	754	306	6	262642	264888	250	993	2.03e-282	890
JAHRHY010000004.1	sp|P23378|GCSP_HUMAN	57.8	754	303	7	262642	264888	266	1009	2.56e-282	890
JAHRHY010000004.1	sp|Q2STK2|GCSP_BURTA	59.6	753	289	7	262642	264885	232	974	6.50e-282	887
JAHRHY010000004.1	sp|P26969|GCSP_PEA	59.8	753	285	6	262642	264879	305	1046	6.55e-282	891
JAHRHY010000004.1	sp|A3MQP3|GCSP_BURM7	59.4	753	291	7	262642	264885	232	974	1.64e-281	886
JAHRHY010000004.1	sp|A2S6F6|GCSP_BURM9	59.4	753	291	7	262642	264885	232	974	1.64e-281	886
JAHRHY010000004.1	sp|Q62FN1|GCSP_BURMA	59.4	753	291	7	262642	264885	232	974	1.64e-281	886
JAHRHY010000004.1	sp|A1V8N7|GCSP_BURMS	59.4	753	291	7	262642	264885	232	974	1.64e-281	886
JAHRHY010000004.1	sp|Q3JY08|GCSP_BURP1	59.4	753	291	7	262642	264885	232	974	1.64e-281	886
JAHRHY010000004.1	sp|A3NF00|GCSP_BURP6	59.4	753	291	7	262642	264885	232	974	1.64e-281	886
JAHRHY010000040.1	sp|Q0H8X6|NU4M_USTMA	56.3	480	205	2	28281	29705	1	480	1.66e-165	526
JAHRHY010000040.1	sp|P26848|NU4M_MARPO	52.0	479	224	5	28284	29705	12	489	3.91e-132	430
JAHRHY010000040.1	sp|P93313|NU4M_ARATH	50.3	479	232	5	28284	29705	12	489	2.20e-126	414
JAHRHY010000040.1	sp|Q37617|NU4M_PROWI	47.2	481	233	5	28302	29684	34	513	4.14e-120	397
JAHRHY010000040.1	sp|P48915|NU4M_CHOCR	47.2	487	250	6	28263	29705	1	486	6.12e-119	392
JAHRHY010000040.1	sp|P27572|NU4M_WHEAT	48.6	479	240	5	28284	29705	12	489	2.31e-118	390
JAHRHY010000040.1	sp|P0CY44|NU4M_NEUCR	46.1	458	243	4	28341	29705	77	533	7.86e-112	374
JAHRHY010000040.1	sp|P03913|NU4M_ASPAM	44.0	486	259	5	28281	29705	1	484	2.22e-111	370
JAHRHY010000040.1	sp|P15582|NU4M_PODAN	44.7	465	253	4	28320	29705	53	516	2.02e-110	369
JAHRHY010000040.1	sp|Q04050|NU4M_BRACM	47.4	479	246	5	28284	29705	12	489	7.01e-109	363
JAHRHY010000040.1	sp|O47497|NU4M_METSE	45.1	475	250	6	28278	29675	6	478	3.92e-106	355
JAHRHY010000040.1	sp|Q36834|NU4M_TRIRU	43.6	486	263	5	28284	29711	10	494	6.85e-105	352
JAHRHY010000040.1	sp|P50974|NUOM_RHOCA	40.1	499	274	6	28278	29711	3	497	1.62e-98	334
JAHRHY010000040.1	sp|P29925|NQO13_PARDE	40.5	486	265	7	28278	29675	3	484	1.65e-94	322
JAHRHY010000040.1	sp|P80441|COX3_RHIST	62.8	247	91	1	8311	9051	18	263	7.01e-94	311
JAHRHY010000040.1	sp|Q37375|NU4M_ACACA	44.2	437	228	5	28341	29615	32	464	1.38e-92	316
JAHRHY010000040.1	sp|P48917|NU4M_WICCA	38.2	502	278	5	28281	29705	11	507	2.84e-92	316
JAHRHY010000040.1	sp|Q68VV6|NUOM_RICTY	41.5	494	272	9	28269	29708	2	492	1.24e-88	305
JAHRHY010000040.1	sp|Q9B8C8|NU4M_CANAL	43.2	419	229	4	28458	29708	41	452	1.72e-88	303
JAHRHY010000040.1	sp|Q9ZCG0|NUOM_RICPR	42.0	491	271	10	28269	29708	2	489	2.43e-87	301
JAHRHY010000040.1	sp|Q9B6D6|NU4M_YARLI	43.7	398	222	2	28494	29684	80	476	3.87e-87	300
JAHRHY010000040.1	sp|Q1RKE5|NUOM_RICBR	41.3	492	275	8	28269	29708	2	491	5.68e-86	297
JAHRHY010000040.1	sp|Q0H8X4|COX3_USTMA	56.3	247	103	1	8326	9051	11	257	1.23e-83	281
JAHRHY010000040.1	sp|Q92G96|NUOM_RICCN	40.5	494	276	9	28269	29708	2	491	6.30e-83	288
JAHRHY010000040.1	sp|Q4UK26|NUOM_RICFE	39.6	492	283	8	28269	29708	2	491	3.95e-82	286
JAHRHY010000041.1	sp|P0CT41|TF212_SCHPO	36.3	744	449	8	32593	30383	531	1256	1.76e-135	468
JAHRHY010000041.1	sp|P0CT34|TF21_SCHPO	36.3	744	449	8	32593	30383	531	1256	1.76e-135	468
JAHRHY010000041.1	sp|P0CT35|TF22_SCHPO	36.3	744	449	8	32593	30383	531	1256	1.76e-135	468
JAHRHY010000041.1	sp|P0CT36|TF23_SCHPO	36.3	744	449	8	32593	30383	531	1256	1.76e-135	468
JAHRHY010000041.1	sp|P0CT37|TF24_SCHPO	36.3	744	449	8	32593	30383	531	1256	1.76e-135	468
JAHRHY010000041.1	sp|P0CT38|TF25_SCHPO	36.3	744	449	8	32593	30383	531	1256	1.76e-135	468
JAHRHY010000041.1	sp|P0CT39|TF26_SCHPO	36.3	744	449	8	32593	30383	531	1256	1.76e-135	468
JAHRHY010000041.1	sp|P0CT40|TF29_SCHPO	36.3	744	449	8	32593	30383	531	1256	1.76e-135	468
JAHRHY010000041.1	sp|Q9UR07|TF211_SCHPO	36.2	744	450	8	32593	30383	531	1256	1.41e-134	465
JAHRHY010000041.1	sp|P0CT42|TF27_SCHPO	36.2	744	450	8	32593	30383	531	1256	1.41e-134	465
JAHRHY010000041.1	sp|P0CT43|TF28_SCHPO	36.2	744	450	8	32593	30383	531	1256	1.41e-134	465
JAHRHY010000041.1	sp|Q99315|YG31B_YEAST	34.2	808	475	21	32602	30248	712	1485	3.71e-109	392
JAHRHY010000041.1	sp|Q7LHG5|YI31B_YEAST	34.9	760	445	18	32602	30386	738	1468	6.69e-109	391
JAHRHY010000041.1	sp|P04323|POL3_DROME	30.1	654	389	19	32593	30761	331	959	1.55e-62	241
JAHRHY010000041.1	sp|P20825|POL2_DROME	30.7	623	359	18	32593	30860	330	924	2.02e-61	238
JAHRHY010000041.1	sp|P09523|POL_FMVD	32.2	307	200	4	32593	31688	362	665	2.81e-31	139
JAHRHY010000041.1	sp|O92815|POL_WDSV	27.6	355	237	6	27811	26768	857	1198	4.09e-28	131
JAHRHY010000041.1	sp|Q89703|POL_CSVMV	27.6	337	225	8	32662	31697	305	637	2.06e-26	124
JAHRHY010000041.1	sp|Q91DM0|POLG_PVCV1	29.1	306	201	7	32593	31697	1508	1804	6.04e-23	114
JAHRHY010000041.1	sp|Q6XKE6|POLG_PVCV2	29.1	306	201	7	32593	31697	1509	1805	6.04e-23	114
JAHRHY010000041.1	sp|P19199|POL_COYMV	26.9	323	201	11	32593	31688	1532	1840	4.73e-20	105
JAHRHY010000041.1	sp|P14350|POL_FOAMV	24.5	323	204	8	26701	25766	803	1096	1.43e-19	103
JAHRHY010000041.1	sp|P31843|RRPO_OENBE	53.5	71	33	0	38304	38092	5	75	3.97e-17	85.9
JAHRHY010000041.1	sp|P10401|POLY_DROME	35.1	131	75	2	38454	38092	176	306	1.91e-12	79.7
JAHRHY010000041.1	sp|P10394|POL4_DROME	21.0	386	277	10	39186	38092	61	439	2.96e-09	69.3
JAHRHY010000042.1	sp|Q8SHP7|NU5M_HYPJE	74.4	663	170	0	15104	13116	1	663	2.03e-299	920
JAHRHY010000042.1	sp|Q8HHD2|NU5M_CRYPA	67.0	652	208	2	15104	13152	1	646	3.02e-261	808
JAHRHY010000042.1	sp|Q6V9D9|NU5M_TALMA	64.5	660	232	1	15104	13125	1	658	3.50e-255	791
JAHRHY010000042.1	sp|P20679|NU5M_PODAN	67.9	624	198	1	15104	13239	1	624	3.83e-255	791
JAHRHY010000042.1	sp|P05510|NU5M_NEUCR	61.9	699	228	2	15104	13116	1	697	3.68e-254	791
JAHRHY010000042.1	sp|Q6QU67|NU5M_ASPNG	63.7	655	237	1	15104	13140	1	654	6.32e-251	779
JAHRHY010000042.1	sp|Q01561|NU5M_TRIRU	64.3	647	228	1	15104	13164	1	644	7.73e-251	778
JAHRHY010000042.1	sp|P11628|NU5M_EMEND	62.2	659	246	3	15104	13128	1	656	1.57e-241	752
JAHRHY010000042.1	sp|P0CY44|NU4M_NEUCR	71.3	453	130	0	37979	39337	83	535	2.65e-191	602
JAHRHY010000042.1	sp|P15582|NU4M_PODAN	68.3	460	146	0	37961	39340	60	519	1.37e-188	593
JAHRHY010000042.1	sp|P03913|NU4M_ASPAM	66.9	484	150	3	37916	39340	5	487	8.60e-187	587
JAHRHY010000042.1	sp|P50367|NU5M_RHIST	48.0	663	332	6	15104	13128	1	654	9.70e-182	580
JAHRHY010000042.1	sp|P03945|COX1_NEUCR	76.2	386	92	0	9714	8557	12	397	5.23e-173	550
JAHRHY010000042.1	sp|Q36834|NU4M_TRIRU	62.2	490	183	2	37874	39337	5	494	2.35e-172	546
JAHRHY010000042.1	sp|Q0H8X0|NU5M_USTMA	47.6	628	327	2	15104	13224	1	627	1.99e-171	551
JAHRHY010000042.1	sp|P20681|COX1_PODAN	75.6	385	94	0	9711	8557	14	398	2.25e-171	545
JAHRHY010000042.1	sp|P00402|COX1_EMEND	72.3	386	107	0	9714	8557	46	431	4.20e-167	534
JAHRHY010000042.1	sp|Q85T01|NU5M_CRYNH	46.3	629	337	1	15104	13218	1	628	2.94e-166	535
JAHRHY010000042.1	sp|Q01555|COX1_TRIRU	72.3	386	107	0	9714	8557	7	392	7.13e-165	526
JAHRHY010000042.1	sp|P50368|NU5M_SCHCO	42.8	684	366	4	15104	13125	1	683	5.60e-155	504
JAHRHY010000042.1	sp|Q0H8Y4|COX1_USTMA	63.6	385	139	1	9708	8557	7	391	1.55e-146	473
JAHRHY010000042.1	sp|P80440|COX1_ALLMA	62.1	385	145	1	9708	8557	13	397	4.53e-141	457
JAHRHY010000042.1	sp|P26856|COX1_MARPO	61.6	385	147	1	9708	8557	11	395	1.56e-139	452
JAHRHY010000042.1	sp|P14578|COX1_ORYSJ	61.3	385	148	1	9708	8557	10	394	1.95e-138	449
JAHRHY010000042.1	sp|P60620|COX1_ARATH	61.3	385	148	1	9708	8557	10	394	2.16e-138	449
JAHRHY010000043.1	sp|Q99315|YG31B_YEAST	31.4	328	218	3	10044	9067	1129	1451	1.39e-38	166
JAHRHY010000043.1	sp|Q7LHG5|YI31B_YEAST	32.0	319	210	3	10044	9094	1155	1468	2.30e-38	165
JAHRHY010000043.1	sp|Q61686|CBX5_MOUSE	41.8	55	31	1	9027	8863	15	68	1.11e-04	51.2
JAHRHY010000043.1	sp|P45973|CBX5_HUMAN	41.8	55	31	1	9027	8863	15	68	1.49e-04	50.8
JAHRHY010000043.1	sp|Q9Y6F8|CDY1_HUMAN	42.9	56	31	1	9021	8857	3	58	6.45e-04	51.2
JAHRHY010000043.1	sp|Q9Y6F7|CDY2_HUMAN	42.9	56	31	1	9021	8857	3	58	6.46e-04	51.2
JAHRHY010000044.1	sp|Q0H8X5|NU1M_USTMA	56.1	326	138	2	7990	8952	3	328	1.37e-109	358
JAHRHY010000044.1	sp|P19041|NU1M_PODAN	55.0	358	124	1	7990	8952	4	361	1.03e-107	354
JAHRHY010000044.1	sp|Q9ZZ38|NU1M_TRIRU	58.2	318	117	4	8032	8937	16	333	1.21e-103	342
JAHRHY010000044.1	sp|P08774|NU1M_NEUCR	53.2	355	128	2	8002	8952	9	363	5.10e-100	332
JAHRHY010000044.1	sp|Q37556|NU1M_METSE	51.9	316	149	2	7981	8925	8	321	4.61e-95	317
JAHRHY010000044.1	sp|P48898|NU1M_CHOCR	50.8	323	153	2	7993	8949	3	323	3.05e-94	314
JAHRHY010000044.1	sp|Q9B6E8|NU1M_YARLI	47.5	335	160	1	7993	8949	1	335	1.30e-91	307
JAHRHY010000044.1	sp|Q2RU33|NUOH_RHORT	48.9	317	159	3	8008	8949	17	333	3.92e-91	305
JAHRHY010000044.1	sp|B6ISX4|NUOH_RHOCS	50.5	309	149	3	8032	8949	25	332	3.29e-90	303
JAHRHY010000044.1	sp|Q2W3J1|NUOH_MAGSA	49.2	315	157	2	8008	8946	21	334	7.35e-88	296
JAHRHY010000044.1	sp|A8EZZ9|NUOH_RICCK	49.3	306	151	3	8032	8937	25	330	9.36e-88	296
JAHRHY010000044.1	sp|B0BVB1|NUOH_RICRO	50.0	306	149	3	8032	8937	25	330	9.36e-88	296
JAHRHY010000044.1	sp|A8GTS1|NUOH_RICRS	50.0	306	149	3	8032	8937	25	330	9.36e-88	296
JAHRHY010000044.1	sp|P26845|NU1M_MARPO	48.4	322	162	3	7993	8949	5	325	1.21e-87	295
JAHRHY010000044.1	sp|A8GY33|NUOH_RICB8	49.7	306	150	3	8032	8937	25	330	1.27e-87	295
JAHRHY010000044.1	sp|C4K222|NUOH_RICPU	48.7	314	157	3	8008	8937	17	330	1.27e-87	295
JAHRHY010000044.1	sp|Q4UK23|NUOH_RICFE	49.7	306	150	3	8032	8937	25	330	1.74e-87	295
JAHRHY010000044.1	sp|Q1RKD1|NUOH_RICBR	49.7	306	150	3	8032	8937	25	330	2.36e-87	295
JAHRHY010000044.1	sp|C3PLS6|NUOH_RICAE	49.7	306	150	3	8032	8937	25	330	4.38e-87	294
JAHRHY010000044.1	sp|A0LDS0|NUOH_MAGMM	47.2	309	161	2	8002	8925	26	333	9.25e-87	293
JAHRHY010000044.1	sp|A8GPY7|NUOH_RICAH	49.3	306	151	3	8032	8937	25	330	1.10e-86	293
JAHRHY010000044.1	sp|Q9B8D6|NU1M_CANAL	48.4	314	151	1	8008	8949	4	306	1.35e-86	291
JAHRHY010000044.1	sp|Q92G93|NUOH_RICCN	49.3	306	151	3	8032	8937	25	330	1.50e-86	292
JAHRHY010000044.1	sp|Q9ZCF7|NUOH_RICPR	49.7	306	150	3	8032	8937	25	330	7.02e-86	290
JAHRHY010000044.1	sp|A5IHV6|NUOH_LEGPC	46.7	330	166	3	7984	8943	5	334	1.83e-85	289
JAHRHY010000046.1	sp|Q8SHP7|NU5M_HYPJE	79.5	586	120	0	532	2289	1	586	2.55e-285	879
JAHRHY010000046.1	sp|Q8HHD2|NU5M_CRYPA	70.8	586	171	0	532	2289	1	586	9.95e-256	792
JAHRHY010000046.1	sp|P20679|NU5M_PODAN	69.6	588	177	1	532	2289	1	588	2.69e-250	776
JAHRHY010000046.1	sp|Q6V9D9|NU5M_TALMA	68.8	586	183	0	532	2289	1	586	7.31e-249	772
JAHRHY010000046.1	sp|Q6QU67|NU5M_ASPNG	67.9	586	188	0	532	2289	1	586	1.76e-246	765
JAHRHY010000046.1	sp|P05510|NU5M_NEUCR	65.6	622	178	1	532	2289	1	622	9.12e-245	763
JAHRHY010000046.1	sp|Q01561|NU5M_TRIRU	67.4	586	191	0	532	2289	1	586	1.62e-244	759
JAHRHY010000046.1	sp|P11628|NU5M_EMEND	66.4	586	195	2	532	2289	1	584	6.06e-235	732
JAHRHY010000046.1	sp|P0CY44|NU4M_NEUCR	71.3	453	130	0	20679	22037	83	535	1.51e-191	602
JAHRHY010000046.1	sp|P15582|NU4M_PODAN	68.3	460	146	0	20661	22040	60	519	7.81e-189	593
JAHRHY010000046.1	sp|P03913|NU4M_ASPAM	66.9	484	150	3	20616	22040	5	487	4.92e-187	587
JAHRHY010000046.1	sp|P50367|NU5M_RHIST	51.4	590	277	5	532	2289	1	584	1.64e-178	570
JAHRHY010000046.1	sp|P03945|COX1_NEUCR	76.2	386	92	0	5917	7074	12	397	2.98e-173	550
JAHRHY010000046.1	sp|Q36834|NU4M_TRIRU	62.2	490	183	2	20574	22037	5	494	1.34e-172	546
JAHRHY010000046.1	sp|P20681|COX1_PODAN	75.6	385	94	0	5920	7074	14	398	1.28e-171	545
JAHRHY010000046.1	sp|Q0H8X0|NU5M_USTMA	49.2	587	296	2	532	2289	1	586	6.17e-168	540
JAHRHY010000046.1	sp|P00402|COX1_EMEND	72.3	386	107	0	5917	7074	46	431	2.39e-167	534
JAHRHY010000046.1	sp|Q01555|COX1_TRIRU	72.3	386	107	0	5917	7074	7	392	4.07e-165	526
JAHRHY010000046.1	sp|Q85T01|NU5M_CRYNH	48.1	586	303	1	532	2289	1	585	5.78e-162	522
JAHRHY010000046.1	sp|P50368|NU5M_SCHCO	45.2	606	311	2	532	2289	1	605	3.16e-149	486
JAHRHY010000046.1	sp|Q0H8Y4|COX1_USTMA	63.6	385	139	1	5923	7074	7	391	8.84e-147	473
JAHRHY010000046.1	sp|P80440|COX1_ALLMA	62.1	385	145	1	5923	7074	13	397	2.58e-141	457
JAHRHY010000046.1	sp|P26856|COX1_MARPO	61.6	385	147	1	5923	7074	11	395	8.88e-140	452
JAHRHY010000046.1	sp|P14578|COX1_ORYSJ	61.3	385	148	1	5923	7074	10	394	1.11e-138	449
JAHRHY010000046.1	sp|P60620|COX1_ARATH	61.3	385	148	1	5923	7074	10	394	1.23e-138	449
JAHRHY010000047.1	sp|P15563|YMN3_PODAN	43.0	302	160	6	6885	5992	140	433	5.65e-62	224
JAHRHY010000047.1	sp|Q35135|IEND3_NEUCR	38.4	307	177	7	6918	6010	233	531	6.13e-57	213
JAHRHY010000047.1	sp|Q35134|IEND2_NEUCR	39.5	301	159	7	6879	6016	145	435	1.22e-52	197
JAHRHY010000047.1	sp|P15564|YMN4_PODAN	45.9	122	59	5	6885	6532	330	448	2.06e-19	99.0
JAHRHY010000047.1	sp|Q9ZZW7|MBI3_YEAST	31.2	202	98	10	6918	6355	243	417	3.08e-09	67.4
JAHRHY010000048.1	sp|Q7ZV90|PIF1_DANRE	27.3	333	158	14	45	1001	332	594	5.47e-11	73.2
JAHRHY010000048.1	sp|Q9H611|PIF1_HUMAN	26.9	331	168	13	36	1001	329	594	5.48e-11	73.2
JAHRHY010000048.1	sp|D4B5F9|PGDA_ARTBC	28.6	231	103	6	11535	10846	171	340	7.27e-11	72.0
JAHRHY010000048.1	sp|Q80SX8|PIF1_MOUSE	27.1	332	166	15	36	1001	338	603	1.47e-09	68.6
JAHRHY010000048.1	sp|Q1HG60|PIF1_RAT	27.1	332	166	15	36	1001	325	590	5.64e-09	66.6
JAHRHY010000048.1	sp|Q6MHJ5|PIF1_BDEBA	26.2	321	172	12	45	1001	159	416	2.58e-08	63.9
JAHRHY010000048.1	sp|Q0R4F1|PIF1_XENLA	24.5	339	160	14	45	1001	333	595	1.13e-07	62.4
JAHRHY010000048.1	sp|Q5AXT5|PIF1_EMENI	24.5	371	181	14	33	1001	368	687	2.80e-07	61.2
JAHRHY010000048.1	sp|P50325|CDA_AMYRO	31.1	106	42	2	11433	11116	208	282	7.59e-05	52.8
JAHRHY010000048.1	sp|Q0P9V4|PIF1_CAMJE	23.4	329	192	12	48	998	126	406	1.39e-04	52.0
JAHRHY010000048.1	sp|Q9UUA2|PIF1_SCHPO	50.9	55	26	1	837	1001	708	761	2.52e-04	51.6
JAHRHY010000005.1	sp|Q54YZ9|DHKJ_DICDI	65.4	1224	380	3	1184298	1180651	219	1407	0.0	1470
JAHRHY010000005.1	sp|P07742|RIR1_MOUSE	64.5	911	187	5	2196345	2193637	8	790	0.0	1167
JAHRHY010000005.1	sp|P23921|RIR1_HUMAN	64.9	911	184	6	2196345	2193637	8	790	0.0	1165
JAHRHY010000005.1	sp|P36602|RIR1_SCHPO	62.4	936	197	5	2196360	2193634	3	810	0.0	1165
JAHRHY010000005.1	sp|Q5R919|RIR1_PONAB	64.7	911	186	6	2196345	2193637	8	790	0.0	1161
JAHRHY010000005.1	sp|Q9UW15|RIR1_NEUCR	64.1	887	188	4	2196345	2193691	8	766	0.0	1136
JAHRHY010000005.1	sp|P79732|RIR1_DANRE	62.5	913	204	5	2196345	2193637	8	792	0.0	1130
JAHRHY010000005.1	sp|P21524|RIR1_YEAST	60.8	897	217	5	2196360	2193688	3	770	0.0	1092
JAHRHY010000005.1	sp|P48591|RIR1_DROME	59.9	930	226	7	2196369	2193637	9	810	0.0	1091
JAHRHY010000005.1	sp|Q03604|RIR1_CAEEL	61.1	906	220	6	2196345	2193631	14	788	0.0	1075
JAHRHY010000005.1	sp|P21672|RIR3_YEAST	60.6	880	212	5	2196345	2193724	8	758	0.0	1075
JAHRHY010000005.1	sp|Q9SJ20|RIR1_ARATH	57.4	935	238	6	2196345	2193637	8	814	0.0	1049
JAHRHY010000005.1	sp|Q01877|HSP71_PUCGR	85.0	614	92	0	162287	164128	4	617	0.0	1024
JAHRHY010000005.1	sp|Q76RD8|RIR1_VACCA	61.7	820	223	5	2196090	2193631	43	771	0.0	1011
JAHRHY010000005.1	sp|P20503|RIR1_VACCC	61.7	820	223	5	2196090	2193631	43	771	0.0	1011
JAHRHY010000005.1	sp|P12848|RIR1_VACCW	61.7	820	223	5	2196090	2193631	43	771	0.0	1011
JAHRHY010000005.1	sp|P0DSV1|RIR1_VAR67	61.5	820	225	5	2196090	2193631	43	771	0.0	1006
JAHRHY010000005.1	sp|P0DSV2|RIR1_VARV	61.5	820	225	5	2196090	2193631	43	771	0.0	1006
JAHRHY010000005.1	sp|Q96W30|HSP72_PARBA	79.9	651	119	3	162287	164203	4	654	0.0	997
JAHRHY010000005.1	sp|O93866|HSP70_TRIRU	78.0	660	115	4	162287	164203	4	654	0.0	993
JAHRHY010000005.1	sp|P48720|HSP70_BLAEM	81.3	642	116	3	162287	164203	9	649	0.0	992
JAHRHY010000005.1	sp|F5HB71|HSP71_CRYNB	80.8	639	121	1	162287	164203	4	640	0.0	982
JAHRHY010000005.1	sp|Q5KKP4|HSP71_CRYNJ	80.8	639	121	1	162287	164203	4	640	0.0	982
JAHRHY010000005.1	sp|P63017|HSP7C_MOUSE	79.3	641	131	1	162287	164203	6	646	0.0	981
JAHRHY010000005.1	sp|P63018|HSP7C_RAT	79.3	641	131	1	162287	164203	6	646	0.0	981
JAHRHY010000050.1	sp|Q3T4F1|CYB_RHIOR	70.6	385	113	0	558	1712	1	385	1.47e-183	572
JAHRHY010000050.1	sp|Q0H8X3|CYB_USTMA	71.1	380	110	0	558	1697	1	380	1.44e-181	566
JAHRHY010000050.1	sp|Q37395|CYB_ALLMA	70.0	377	113	0	558	1688	1	377	4.07e-178	556
JAHRHY010000050.1	sp|Q3T4C8|CYB_ZANCU	67.8	385	124	0	558	1712	1	385	7.42e-172	539
JAHRHY010000050.1	sp|Q36551|CYB_STRTC	66.1	383	130	0	558	1706	1	383	1.46e-171	538
JAHRHY010000050.1	sp|Q6V9D6|CYB_TALMA	67.2	384	125	1	558	1706	1	384	1.39e-167	526
JAHRHY010000050.1	sp|O48334|CYB_VENIN	66.7	381	126	1	558	1697	1	381	2.88e-166	523
JAHRHY010000050.1	sp|Q94ZJ2|CYB_SCHCO	66.1	380	129	0	558	1697	1	380	6.92e-166	521
JAHRHY010000050.1	sp|Q9B6D0|CYB_YARLI	65.5	385	133	0	558	1712	1	385	3.49e-165	519
JAHRHY010000050.1	sp|Q02655|CYB_PODAN	63.7	386	139	1	558	1712	1	386	1.76e-164	517
JAHRHY010000050.1	sp|Q35128|CYB_NEUCR	64.8	381	133	1	558	1697	1	381	4.13e-164	516
JAHRHY010000050.1	sp|Q6X9S4|CYB_ZYMTR	64.6	381	134	1	558	1697	1	381	6.27e-164	516
JAHRHY010000050.1	sp|Q3ZEG3|CYB_EPIFL	63.0	384	141	1	558	1706	1	384	8.64e-161	507
JAHRHY010000050.1	sp|P00163|CYB_YEAST	64.8	381	134	0	570	1712	5	385	1.27e-160	506
JAHRHY010000050.1	sp|P05501|CYB_SCHPO	63.0	384	142	0	558	1709	1	384	1.37e-160	506
JAHRHY010000050.1	sp|A6H4Q4|CYB_VANPO	65.1	381	133	0	570	1712	9	389	1.47e-160	506
JAHRHY010000050.1	sp|Q85QA4|CYB_CANGA	64.7	377	133	0	570	1700	5	381	3.22e-160	505
JAHRHY010000050.1	sp|P81381|CYB_KLULA	64.9	379	133	0	570	1706	5	383	3.34e-160	505
JAHRHY010000050.1	sp|Q36445|CYB_MYCVI	64.0	383	137	1	558	1703	1	383	3.72e-160	505
JAHRHY010000050.1	sp|P0C2N9|CYB_ASPTN	64.1	384	137	1	558	1706	1	384	5.98e-160	504
JAHRHY010000050.1	sp|Q9ZZ40|CYB_TRIRU	62.4	386	144	1	558	1712	1	386	1.15e-159	503
JAHRHY010000050.1	sp|P00161|CYB_EMEND	63.0	384	141	1	558	1706	1	384	1.19e-159	503
JAHRHY010000050.1	sp|Q7GEV4|CYB_CANPA	64.5	383	136	0	558	1706	1	383	1.98e-159	503
JAHRHY010000050.1	sp|Q35819|CYB_SACPA	64.6	381	135	0	570	1712	5	385	2.06e-159	503
JAHRHY010000050.1	sp|P0C8L0|CYB_CANAL	63.3	381	140	0	570	1712	5	385	3.01e-159	502
JAHRHY010000052.1	sp|Q0P9V4|PIF1_CAMJE	48.1	52	26	1	1057	902	356	406	7.90e-06	53.1
JAHRHY010000052.1	sp|Q580X6|PIF5_TRYB2	40.9	66	37	2	1087	890	815	878	1.01e-04	50.1
JAHRHY010000006.1	sp|P78615|FAS2_EMEND	53.2	2107	728	19	60781	67083	1	1854	0.0	2051
JAHRHY010000006.1	sp|P15368|FAS2_PENPA	54.5	2087	690	15	60781	67023	1	1833	0.0	2040
JAHRHY010000006.1	sp|Q10289|FAS2_SCHPO	53.5	2088	694	21	60781	67023	1	1818	0.0	2028
JAHRHY010000006.1	sp|P43098|FAS2_CANAX	51.0	2131	765	24	60781	67083	1	1881	0.0	1936
JAHRHY010000006.1	sp|G8BAW7|FAS2_CANPC	51.0	2129	767	24	60781	67083	1	1880	0.0	1932
JAHRHY010000006.1	sp|Q765N2|FAS2_LACKL	50.8	2127	776	22	60781	67083	3	1884	0.0	1911
JAHRHY010000006.1	sp|P19097|FAS2_YEAST	50.1	2128	788	21	60781	67083	1	1882	0.0	1906
JAHRHY010000006.1	sp|Q5AV00|ATNF_EMENI	41.5	1943	800	25	60796	66558	10	1637	0.0	1252
JAHRHY010000006.1	sp|Q5B7V0|PKIB_EMENI	40.6	1764	850	32	61753	66987	142	1727	0.0	1161
JAHRHY010000006.1	sp|Q2TXF0|ORYA_ASPOR	49.4	1253	602	13	63277	67014	521	1748	0.0	1142
JAHRHY010000006.1	sp|Q875Q8|MYO2_LACK1	47.8	1577	680	16	849430	854094	86	1541	0.0	1137
JAHRHY010000006.1	sp|Q875X3|MYO2A_NAUCC	44.2	1580	749	22	849430	854094	86	1558	0.0	1119
JAHRHY010000006.1	sp|P19524|MYO2_YEAST	46.7	1586	708	18	849430	854094	86	1565	0.0	1092
JAHRHY010000006.1	sp|Q876G9|MYO2_SACU7	41.5	1581	792	18	849430	854094	86	1559	0.0	1082
JAHRHY010000006.1	sp|Q4WLN1|ACON_ASPFU	73.3	679	179	2	2409729	2411762	110	787	0.0	1023
JAHRHY010000006.1	sp|C8VG90|ACON_EMENI	73.2	675	180	1	2409729	2411753	108	781	0.0	1021
JAHRHY010000006.1	sp|Q1LVE8|SF3B3_DANRE	44.1	1305	498	12	1782753	1778914	74	1171	0.0	1018
JAHRHY010000006.1	sp|D4AT77|ACON_ARTBC	72.2	676	187	1	2409729	2411756	101	775	0.0	1014
JAHRHY010000006.1	sp|Q921M3|SF3B3_MOUSE	44.0	1305	499	11	1782753	1778914	74	1171	0.0	1014
JAHRHY010000006.1	sp|A0JN52|SF3B3_BOVIN	44.0	1305	499	11	1782753	1778914	74	1171	0.0	1013
JAHRHY010000006.1	sp|Q15393|SF3B3_HUMAN	44.0	1305	499	11	1782753	1778914	74	1171	0.0	1013
JAHRHY010000006.1	sp|Q5RBI5|SF3B3_PONAB	43.9	1305	500	11	1782753	1778914	74	1171	0.0	1011
JAHRHY010000006.1	sp|O13966|ACON_SCHPO	73.1	676	174	3	2409729	2411744	112	783	0.0	1009
JAHRHY010000006.1	sp|Q54XS2|ACON_DICDI	72.9	675	182	1	2409729	2411750	92	766	0.0	1004
JAHRHY010000006.1	sp|P49609|ACON_GRAGA	72.0	671	188	0	2409729	2411741	103	773	0.0	1001
JAHRHY010000007.1	sp|O93937|PYR1_EMENI	64.3	2029	667	15	1988579	1982592	268	2272	0.0	2532
JAHRHY010000007.1	sp|Q09794|PYR1_SCHPO	63.8	2000	679	14	1988561	1982592	273	2236	0.0	2453
JAHRHY010000007.1	sp|P07259|PYR1_YEAST	63.4	2001	693	15	1918322	1912353	237	2209	0.0	2434
JAHRHY010000007.1	sp|P78820|ACAC_SCHPO	55.1	2232	844	25	923857	917300	161	2279	0.0	2313
JAHRHY010000007.1	sp|Q00955|ACAC_YEAST	52.9	2196	902	20	923857	917318	151	2229	0.0	2197
JAHRHY010000007.1	sp|Q6P2Q9|PRP8_HUMAN	55.9	2145	402	20	940643	934272	712	2334	0.0	2156
JAHRHY010000007.1	sp|Q99PV0|PRP8_MOUSE	55.8	2145	403	20	940643	934272	712	2334	0.0	2156
JAHRHY010000007.1	sp|P34369|PRP8_CAEEL	53.4	2146	456	20	940643	934272	704	2328	0.0	2077
JAHRHY010000007.1	sp|Q9SSD2|PRP8A_ARATH	53.6	2128	479	17	940643	934272	735	2358	0.0	2076
JAHRHY010000007.1	sp|P20054|PYR1_DICDI	53.2	2046	872	27	1988561	1982592	205	2220	0.0	2014
JAHRHY010000007.1	sp|Q9T0I6|PRP8B_ARATH	51.9	2144	490	19	940643	934272	737	2358	0.0	2000
JAHRHY010000007.1	sp|Q91437|PYR1_SQUAC	52.3	2065	899	22	1918322	1912353	186	2238	0.0	1979
JAHRHY010000007.1	sp|P27708|PYR1_HUMAN	51.6	2064	897	27	1918322	1912353	186	2221	0.0	1939
JAHRHY010000007.1	sp|P08955|PYR1_MESAU	51.7	2066	891	29	1918322	1912353	186	2221	0.0	1929
JAHRHY010000007.1	sp|B2RQC6|PYR1_MOUSE	51.6	2065	895	29	1918322	1912353	186	2221	0.0	1926
JAHRHY010000007.1	sp|Q8T295|PRP8_DICDI	50.7	2127	535	22	940655	934287	697	2316	0.0	1921
JAHRHY010000007.1	sp|P05990|PYR1_DROME	51.0	2056	899	27	1988561	1982592	204	2216	0.0	1920
JAHRHY010000007.1	sp|O14187|SPP42_SCHPO	49.4	2135	560	24	940643	934272	735	2362	0.0	1833
JAHRHY010000007.1	sp|P11029|ACAC_CHICK	44.9	2242	1047	36	923857	917300	210	2318	0.0	1829
JAHRHY010000007.1	sp|P38811|TRA1_YEAST	40.4	2670	1467	41	430482	438341	580	3183	0.0	1822
JAHRHY010000007.1	sp|P11497|ACACA_RAT	44.2	2263	1055	37	923857	917300	209	2340	0.0	1808
JAHRHY010000007.1	sp|Q5SWU9|ACACA_MOUSE	44.2	2263	1054	37	923857	917300	209	2340	0.0	1808
JAHRHY010000007.1	sp|Q9TTS3|ACACA_BOVIN	44.6	2262	1048	38	923857	917300	210	2341	0.0	1807
JAHRHY010000007.1	sp|Q28559|ACACA_SHEEP	44.5	2265	1045	39	923857	917300	210	2341	0.0	1805
JAHRHY010000007.1	sp|Q18990|PYR1_CAEEL	49.2	2054	930	26	1918322	1912353	189	2192	0.0	1804
JAHRHY010000008.1	sp|Q9USR3|STT4_SCHPO	39.6	1335	727	28	1274786	1270845	601	1877	7.47e-261	860
JAHRHY010000008.1	sp|Q10284|SSB1_SCHPO	69.0	613	189	1	1509304	1511142	1	612	3.26e-257	800
JAHRHY010000008.1	sp|Q75E44|SSB1_ASHGO	69.1	606	184	3	1509325	1511139	9	612	6.53e-251	782
JAHRHY010000008.1	sp|Q876N3|SSB1_CANGA	68.5	606	188	3	1509325	1511139	9	612	1.65e-250	781
JAHRHY010000008.1	sp|Q6CQ83|SSB1_KLULA	68.6	606	187	3	1509325	1511139	9	612	4.16e-250	780
JAHRHY010000008.1	sp|P87222|SSB1_CANAW	68.2	606	190	3	1509325	1511139	9	612	1.43e-249	778
JAHRHY010000008.1	sp|P41770|SSB1_KLUMA	68.3	606	189	3	1509325	1511139	9	612	2.65e-249	777
JAHRHY010000008.1	sp|Q707W3|SSB1_KLUDE	68.2	606	190	3	1509325	1511139	9	612	4.92e-249	776
JAHRHY010000008.1	sp|G0SCU5|SSB1_CHATD	68.2	611	192	2	1509310	1511139	4	613	9.46e-249	776
JAHRHY010000008.1	sp|Q8WZJ7|C1TC_SCHPO	47.8	987	322	12	859212	856264	61	858	1.17e-248	790
JAHRHY010000008.1	sp|Q10251|IF2P_SCHPO	65.4	602	201	5	1856825	1858627	478	1073	2.26e-248	795
JAHRHY010000008.1	sp|P40150|SSB2_YEAST	68.0	606	191	3	1509325	1511139	9	612	6.88e-247	770
JAHRHY010000008.1	sp|P11484|SSB1_YEAST	67.8	606	192	3	1509325	1511139	9	612	5.97e-246	768
JAHRHY010000008.1	sp|P36415|HS7C1_DICDI	66.2	607	203	2	1509325	1511142	3	608	1.38e-244	765
JAHRHY010000008.1	sp|Q707X3|SSB1_ZYGRC	67.0	606	197	3	1509325	1511139	9	612	4.49e-244	762
JAHRHY010000008.1	sp|Q557E0|HS7C2_DICDI	66.5	597	198	2	1509325	1511112	4	599	5.71e-243	760
JAHRHY010000008.1	sp|P63017|HSP7C_MOUSE	65.5	609	205	2	1509325	1511139	6	613	3.25e-242	758
JAHRHY010000008.1	sp|P63018|HSP7C_RAT	65.5	609	205	2	1509325	1511139	6	613	3.25e-242	758
JAHRHY010000008.1	sp|P11586|C1TC_HUMAN	60.5	697	192	4	858348	856264	240	855	7.03e-242	770
JAHRHY010000008.1	sp|A2Q0Z1|HSP7C_HORSE	65.5	609	205	2	1509325	1511139	6	613	8.20e-242	757
JAHRHY010000008.1	sp|P11142|HSP7C_HUMAN	65.5	609	205	2	1509325	1511139	6	613	8.20e-242	757
JAHRHY010000008.1	sp|Q5NVM9|HSP7C_PONAB	65.5	609	205	2	1509325	1511139	6	613	8.20e-242	757
JAHRHY010000008.1	sp|Q71U34|HSP7C_SAGOE	65.5	609	205	2	1509325	1511139	6	613	8.20e-242	757
JAHRHY010000008.1	sp|P19120|HSP7C_BOVIN	65.5	609	205	2	1509325	1511139	6	613	9.47e-242	757
JAHRHY010000008.1	sp|P39730|IF2P_YEAST	63.6	602	214	4	1856825	1858627	399	996	2.53e-241	771
JAHRHY010000009.1	sp|Q12553|XDH_EMENI	46.3	1537	612	15	1523309	1518723	33	1363	0.0	1288
JAHRHY010000009.1	sp|R4ZGN4|XDH_BLAAD	47.3	1355	614	18	1522628	1518744	83	1397	0.0	1133
JAHRHY010000009.1	sp|Q875Z2|EF2_NAUCC	73.7	749	194	2	839859	842099	95	842	0.0	1125
JAHRHY010000009.1	sp|P32324|EF2_YEAST	72.9	749	200	2	839859	842099	95	842	0.0	1125
JAHRHY010000009.1	sp|Q875S0|EF2_LACK1	73.2	749	198	2	839859	842099	95	842	0.0	1123
JAHRHY010000009.1	sp|Q6CPQ9|EF2_KLULA	73.0	749	199	2	839859	842099	95	842	0.0	1122
JAHRHY010000009.1	sp|Q96X45|EF2_NEUCR	72.9	749	200	2	839859	842099	97	844	0.0	1116
JAHRHY010000009.1	sp|Q754C8|EF2_ASHGO	72.6	749	202	2	839859	842099	95	842	0.0	1114
JAHRHY010000009.1	sp|Q6FYA7|EF2_CANGA	72.6	749	202	2	839859	842099	95	842	0.0	1112
JAHRHY010000009.1	sp|Q5A0M4|EF2_CANAL	72.5	748	205	1	839859	842099	95	842	0.0	1110
JAHRHY010000009.1	sp|C4YJQ8|EF2_CANAW	72.5	748	205	1	839859	842099	95	842	0.0	1110
JAHRHY010000009.1	sp|A5DI11|EF2_PICGU	72.6	748	204	1	839859	842099	95	842	0.0	1108
JAHRHY010000009.1	sp|Q874B9|EF2_PICPA	72.1	749	206	2	839859	842099	95	842	0.0	1107
JAHRHY010000009.1	sp|O14460|EF2_SCHPO	71.0	749	214	2	839859	842099	95	842	0.0	1107
JAHRHY010000009.1	sp|Q6BJ25|EF2_DEBHA	72.7	750	202	2	839856	842099	94	842	0.0	1104
JAHRHY010000009.1	sp|P47990|XDH_CHICK	45.2	1335	650	18	1522643	1518735	69	1354	0.0	1084
JAHRHY010000009.1	sp|Q00519|XDH_MOUSE	45.9	1306	627	18	1522643	1518786	68	1314	0.0	1071
JAHRHY010000009.1	sp|P80457|XDH_BOVIN	45.1	1327	649	17	1522643	1518723	65	1332	0.0	1068
JAHRHY010000009.1	sp|P08793|XDH_CALVI	44.6	1323	662	15	1522643	1518735	78	1349	0.0	1067
JAHRHY010000009.1	sp|P47989|XDH_HUMAN	45.3	1333	639	19	1522643	1518723	65	1333	0.0	1065
JAHRHY010000009.1	sp|A0A1U8QNG8|HXNS_EMENI	44.9	1367	606	28	1522601	1518723	56	1349	0.0	1063
JAHRHY010000009.1	sp|P91711|XDH_DROSU	44.9	1322	658	18	1522643	1518735	70	1340	0.0	1058
JAHRHY010000009.1	sp|P10351|XDH_DROME	44.7	1320	660	15	1522643	1518735	65	1331	0.0	1056
JAHRHY010000009.1	sp|Q9MYW6|XDH_FELCA	45.1	1330	644	20	1522643	1518723	65	1331	0.0	1056
JAHRHY010000009.1	sp|P22985|XDH_RAT	45.7	1305	631	18	1522643	1518786	65	1310	0.0	1054
