CP003518.1	sp|Q9FUG4|XPB2_ARATH	50.7	685	286	9	85675	83777	52	736	2.51e-197	631
CP003518.1	sp|Q38861|XPB1_ARATH	50.1	686	289	10	85675	83777	52	737	1.22e-194	623
CP003518.1	sp|Q58556|Y1156_METJA	57.6	526	222	1	110136	108559	152	676	1.52e-193	625
CP003518.1	sp|O28972|Y1297_ARCFU	53.6	576	256	4	110136	108415	156	722	7.34e-193	617
CP003518.1	sp|O05209|VAT_THEAC	53.4	580	243	6	110064	108340	187	744	2.07e-184	593
CP003518.1	sp|O14325|YB7A_SCHPO	39.9	601	311	6	110064	108403	171	768	3.89e-129	434
CP003518.1	sp|Q381F9|XPBR_TRYB2	34.4	628	336	11	85627	83960	10	633	7.77e-97	340
CP003518.1	sp|Q8SSK3|Y1A1_ENCCU	68.1	216	44	2	79730	79158	1	216	1.14e-84	283
CP003518.1	sp|Q8SWQ4|Y125_ENCCU	81.3	171	29	1	2980	3483	1	171	5.20e-84	280
CP003518.1	sp|Q580W5|XPB_TRYB2	40.7	418	223	4	85162	83975	362	776	1.71e-82	301
CP003518.1	sp|Q8SWL2|Y184_ENCCU	81.6	163	30	0	62032	62520	1	163	3.01e-82	274
CP003518.1	sp|Q9URZ5|VPS1_SCHPO	35.0	511	279	11	105921	107315	6	509	1.54e-62	236
CP003518.1	sp|P21576|VPS1_YEAST	31.5	574	320	11	105921	107423	6	579	2.74e-61	233
CP003518.1	sp|Q6Y0Z3|XYL1_CANPA	40.6	308	163	5	72210	73076	11	317	2.50e-60	218
CP003518.1	sp|P31867|XYL1_PICST	41.6	305	158	6	72210	73067	5	308	1.55e-58	213
CP003518.1	sp|P78736|XYL1_PACTA	40.1	314	166	6	72192	73076	1	311	6.20e-57	208
CP003518.1	sp|Q8SQI8|Y121_ENCCU	56.1	173	76	0	136063	135545	1	173	1.02e-56	202
CP003518.1	sp|P25036|YSP3_YEAST	37.6	348	147	7	95330	94311	137	422	2.34e-56	212
CP003518.1	sp|Q8X195|XYL1_CANBO	38.2	314	166	9	72213	73085	8	316	3.16e-56	206
CP003518.1	sp|B8N195|XYL1_ASPFN	39.3	318	166	8	72192	73079	1	313	1.38e-55	204
CP003518.1	sp|Q2UKD0|XYL1_ASPOR	39.3	318	166	8	72192	73079	1	313	1.38e-55	204
CP003518.1	sp|O94735|XYL1_PICGU	38.5	304	167	6	72213	73067	5	307	1.77e-55	204
CP003518.1	sp|O74237|XYL1_CANTE	39.7	307	161	6	72210	73067	9	312	3.80e-55	203
CP003518.1	sp|A2Q8B5|XYL1_ASPNC	39.0	315	171	7	72192	73079	1	313	1.19e-54	201
CP003518.1	sp|Q9P8R5|XYL1_ASPNG	39.0	315	171	7	72192	73079	1	313	1.19e-54	201
CP003519.1	sp|Q8SSH1|Y255_ENCCU	72.5	512	141	0	52142	50607	1	512	4.91e-249	769
CP003519.1	sp|P38708|YHI0_YEAST	49.1	503	248	3	148036	149520	186	688	7.47e-165	534
CP003519.1	sp|Q8SWG8|Y215_ENCCU	93.6	220	14	0	7819	7160	1	220	3.50e-131	417
CP003519.1	sp|Q8SSI6|YRB1_ENCCU	79.0	219	46	0	7085	6429	1	219	1.46e-102	335
CP003519.1	sp|Q12697|YPK9_YEAST	27.1	960	469	24	27457	25127	474	1385	2.45e-82	310
CP003519.1	sp|Q8SW90|Y2E7_ENCCU	75.0	156	39	0	164530	164063	1	156	8.75e-65	224
CP003519.1	sp|Q4JG17|VASAL_PENVA	36.8	386	217	7	68792	69889	273	651	1.53e-59	228
CP003519.1	sp|P09052|VASA1_DROME	36.7	376	208	7	68795	69877	260	620	6.04e-58	222
CP003519.1	sp|Q58371|Y961_METJA	27.9	718	399	21	122656	124479	51	759	2.36e-52	207
CP003519.1	sp|G9N4A3|VIRJ_HYPVG	30.9	463	276	11	129485	128211	88	544	5.12e-48	192
CP003519.1	sp|Q8SWF6|Z231_ENCCU	74.0	104	27	0	23010	23321	1	104	1.80e-45	167
CP003519.1	sp|Q8K4P0|WDR33_MOUSE	37.3	375	216	4	154918	156006	40	407	6.03e-41	175
CP003519.1	sp|Q9C0J8|WDR33_HUMAN	37.3	375	216	4	154918	156006	40	407	6.07e-41	175
CP003519.1	sp|Q54D75|Y2550_DICDI	34.7	303	171	7	160810	161688	10	295	4.25e-38	166
CP003519.1	sp|Q556J6|Y4007_DICDI	37.1	251	136	5	160783	161517	1	235	2.62e-37	160
CP003519.1	sp|F4I114|Y1960_ARATH	32.5	314	188	7	160789	161703	162	460	1.13e-35	155
CP003519.1	sp|P75172|Y623_MYCPN	28.6	370	241	8	170091	171149	5	368	3.34e-35	149
CP003519.1	sp|O34750|YFML_BACSU	31.8	327	199	8	68798	69754	20	330	1.08e-34	145
CP003519.1	sp|Q9ZVM9|Y1461_ARATH	31.3	313	193	6	160789	161703	117	415	4.32e-34	148
CP003519.1	sp|Q8SRF5|Y823_ENCCU	35.0	234	129	6	160783	161472	1	215	3.07e-33	138
CP003519.1	sp|Q54Y06|Y8487_DICDI	34.0	265	163	8	160909	161682	90	349	6.92e-33	145
CP003519.1	sp|Q9USS7|YNB3_SCHPO	24.7	663	398	25	131922	133700	164	795	8.97e-31	141
CP003519.1	sp|Q86B47|Y8611_DROME	26.8	395	201	11	68828	69754	352	744	1.99e-26	127
CP003519.1	sp|Q5UQD1|YR458_MIMIV	24.5	424	246	13	170109	171185	102	516	5.16e-25	120
CP003519.1	sp|Q9W3Y5|Y4443_DROME	27.4	332	209	9	68816	69754	350	668	1.43e-23	117
CP003520.1	sp|Q8SW43|Z379_ENCCU	65.3	170	59	0	88349	87840	1	170	2.60e-77	261
CP003520.1	sp|Q8SW34|Z394_ENCCU	74.1	166	42	1	103396	102899	1	165	1.42e-71	245
CP003520.1	sp|P75093|Y020_MYCPN	36.0	508	274	15	169475	168009	555	1030	4.06e-64	248
CP003520.1	sp|P47264|Y018_MYCGE	33.1	595	320	22	169658	168009	470	1031	1.62e-60	236
CP003520.1	sp|Q8SW17|Y3C0_ENCCU	72.7	139	38	0	132545	132129	1	139	1.47e-58	206
CP003520.1	sp|Q58556|Y1156_METJA	50.4	228	110	2	144156	144836	174	399	1.75e-57	225
CP003520.1	sp|P10090|WHITE_DROME	29.7	553	328	8	37117	35585	88	621	1.96e-56	218
CP003520.1	sp|Q05360|WHITE_LUCCU	28.4	532	327	5	37072	35585	99	612	2.54e-54	211
CP003520.1	sp|Q5UQE0|YR476_MIMIV	38.1	318	181	5	157106	156177	527	836	1.02e-53	213
CP003520.1	sp|O28972|Y1297_ARCFU	42.4	262	151	0	144111	144896	435	696	1.14e-53	211
CP003520.1	sp|Q17320|WHITE_CERCA	28.8	532	324	7	37072	35585	101	613	1.65e-52	206
CP003520.1	sp|O05209|VAT_THEAC	41.4	280	154	2	144111	144920	447	726	6.16e-52	206
CP003520.1	sp|Q27256|WHITE_ANOGA	30.7	528	334	8	37072	35570	113	635	1.25e-51	204
CP003520.1	sp|Q09466|WHT3_CAEEL	30.2	537	340	12	37123	35573	35	556	4.49e-50	197
CP003520.1	sp|Q16928|WHITE_ANOAL	30.3	532	331	11	37072	35585	116	643	5.89e-47	190
CP003520.1	sp|Q76P07|Y7165_DICDI	32.1	343	209	7	107877	108893	6	328	1.04e-46	191
CP003520.1	sp|Q11180|WHT1_CAEEL	29.1	561	349	13	37123	35573	49	604	1.48e-46	188
CP003520.1	sp|P11620|YPT1_SCHPO	45.6	206	103	3	159624	160223	1	203	3.31e-46	173
CP003520.1	sp|Q8SW19|Y3B4_ENCCU	70.9	117	34	0	125741	126091	1	117	6.02e-46	169
CP003520.1	sp|O14325|YB7A_SCHPO	42.8	229	128	2	144156	144836	487	714	7.91e-46	187
CP003520.1	sp|Q925S8|YMEL1_RAT	38.3	261	157	2	144117	144899	266	522	2.80e-45	185
CP003520.1	sp|Q9HGM3|YTA12_SCHPO	41.2	260	139	5	144162	144914	293	547	4.16e-45	185
CP003520.1	sp|P01123|YPT1_YEAST	51.2	172	81	1	159624	160139	1	169	4.32e-45	170
CP003520.1	sp|O88967|YMEL1_MOUSE	38.3	261	157	2	144117	144899	266	522	5.01e-45	184
CP003520.1	sp|P31584|YPTV1_VOLCA	49.7	175	85	1	159624	160148	1	172	5.35e-45	169
CP003521.1	sp|Q8SS35|Y4A0_ENCCU	73.2	1648	441	0	114499	119442	2	1649	0.0	2236
CP003521.1	sp|Q8SVQ8|Y4E9_ENCCU	79.7	513	101	2	178602	177067	1	511	2.97e-268	824
CP003521.1	sp|Q8SVP6|Y4G3_ENCCU	76.1	385	89	2	193194	194348	1	382	6.92e-193	602
CP003521.1	sp|Q8SV25|Y753_ENCCU	76.1	385	89	2	193194	194348	1	382	6.92e-193	602
CP003521.1	sp|O13799|YE02_SCHPO	39.7	974	478	20	104962	102269	90	1030	4.08e-183	600
CP003521.1	sp|Q10298|YD44_SCHPO	52.6	304	140	3	75028	74129	4	307	1.36e-105	348
CP003521.1	sp|O74789|YOU5_SCHPO	49.1	344	130	4	75028	74129	6	348	7.83e-103	342
CP003521.1	sp|Q9NQW7|XPP1_HUMAN	32.3	628	342	16	58760	60493	27	621	2.71e-79	284
CP003521.1	sp|Q54G06|XPP1_DICDI	32.2	609	350	16	58727	60442	27	609	2.50e-78	281
CP003521.1	sp|P26725|YUR1_YEAST	40.9	325	174	4	132231	133151	90	414	8.83e-78	273
CP003521.1	sp|Q1JPJ2|XPP1_BOVIN	32.2	628	343	17	58760	60493	27	621	1.40e-77	279
CP003521.1	sp|Q6P1B1|XPP1_MOUSE	31.4	628	348	16	58760	60493	27	621	1.89e-77	278
CP003521.1	sp|Q9VJG0|XPP_DROME	31.9	620	347	17	58757	60487	26	613	4.95e-77	277
CP003521.1	sp|O54975|XPP1_RAT	31.7	628	346	17	58760	60493	27	621	1.16e-76	276
CP003521.1	sp|Q09795|YAA1_SCHPO	32.3	620	352	17	58733	60487	12	598	2.10e-76	275
CP003521.1	sp|Q99MA2|XPP2_RAT	30.2	622	359	16	58745	60487	61	648	9.01e-71	260
CP003521.1	sp|B1AVD1|XPP2_MOUSE	28.5	621	371	13	58745	60487	61	648	1.10e-68	254
CP003521.1	sp|O43895|XPP2_HUMAN	29.5	628	356	18	58745	60487	61	648	1.49e-68	254
CP003521.1	sp|Q95333|XPP2_PIG	30.1	627	353	16	58745	60487	60	647	1.77e-66	248
CP003521.1	sp|O44750|XPP_CAEEL	31.2	618	348	16	58769	60487	31	616	6.98e-64	238
CP003521.1	sp|P48458|YT91_CAEEL	38.5	275	167	2	74998	74177	56	329	1.30e-60	221
CP003521.1	sp|Q58884|Y1489_METJA	28.5	554	360	15	95415	93805	58	592	9.32e-55	213
CP003521.1	sp|P48459|YSD1_CAEEL	35.1	296	185	3	75025	74159	45	340	3.80e-53	199
CP003521.1	sp|P38555|YPT31_YEAST	54.2	179	81	1	66820	66284	1	178	1.04e-48	181
CP003521.1	sp|Q01111|YPT3_NICPL	45.6	217	113	2	66820	66182	1	216	4.95e-47	176
CP003522.1	sp|Q9UT21|YFY7_SCHPO	61.7	366	136	1	49580	48495	1	366	5.25e-142	455
CP003522.1	sp|Q8SVN5|Y511_ENCCU	67.1	316	100	3	11135	12079	1	313	2.52e-123	400
CP003522.1	sp|Q8SVL5|Y551_ENCCU	77.8	230	51	0	62810	62121	1	230	2.60e-114	369
CP003522.1	sp|P34280|YKK3_CAEEL	54.1	368	160	5	49577	48495	1	366	2.66e-113	372
CP003522.1	sp|O59672|YB89_SCHPO	39.4	536	245	7	151247	149880	188	723	1.08e-102	356
CP003522.1	sp|Q8SVK8|Y559_ENCCU	65.3	245	84	1	78458	79192	1	244	2.53e-97	322
CP003522.1	sp|P28812|Y3568_PSEAE	33.7	638	383	13	35192	37048	3	619	1.45e-94	328
CP003522.1	sp|Q8SRY4|Z561_ENCCU	59.2	282	110	2	81064	80231	1	281	2.81e-88	297
CP003522.1	sp|Q9P7T8|YIW2_SCHPO	32.6	684	387	17	116720	114843	664	1331	1.18e-87	328
CP003522.1	sp|Q58722|Y1326_METJA	43.6	369	195	5	49580	48501	24	388	9.19e-86	294
CP003522.1	sp|Q09475|YP93_CAEEL	29.4	922	500	27	116600	114216	757	1654	2.18e-85	321
CP003522.1	sp|A0A0H2VBH0|YHES_ECOL6	35.9	510	271	7	151232	149871	11	520	1.69e-83	296
CP003522.1	sp|P63390|YHES_ECO57	35.7	510	272	7	151232	149871	11	520	3.10e-83	296
CP003522.1	sp|P63389|YHES_ECOLI	35.7	510	272	7	151232	149871	11	520	3.10e-83	296
CP003522.1	sp|O28972|Y1297_ARCFU	36.2	522	274	12	141418	142818	182	699	1.27e-82	297
CP003522.1	sp|P44808|YHES_HAEIN	34.4	511	274	9	151223	149871	15	524	9.50e-79	283
CP003522.1	sp|Q9P4X3|UTP7_SCHPO	37.7	395	238	5	182925	184091	27	419	3.08e-78	277
CP003522.1	sp|P40055|UTP7_YEAST	38.1	402	229	8	182970	184118	54	454	1.05e-77	277
CP003522.1	sp|O15213|WDR46_HUMAN	36.5	408	250	4	182898	184094	110	517	8.19e-77	276
CP003522.1	sp|Q58556|Y1156_METJA	34.1	516	277	13	141370	142746	166	675	3.20e-76	282
CP003522.1	sp|O05209|VAT_THEAC	34.5	528	282	12	141418	142821	190	713	1.01e-75	277
CP003522.1	sp|Q54LR6|Y6481_DICDI	45.3	327	163	5	185283	184336	277	598	1.11e-75	273
CP003522.1	sp|Q54XN7|Y8827_DICDI	34.6	610	337	18	116600	114864	790	1368	2.25e-74	286
CP003522.1	sp|Q8SVI9|Y5A4_ENCCU	51.2	248	115	2	128896	128156	1	243	8.63e-72	248
CP003522.1	sp|B8NM71|USTH_ASPFN	33.5	507	302	13	155095	156558	57	547	1.72e-71	260
CP003523.1	sp|Q8SQU5|YBD4_ENCCU	48.7	476	232	5	27557	28978	4	469	6.40e-129	426
CP003523.1	sp|O94296|YOOC_SCHPO	31.4	963	546	24	115444	118098	160	1085	1.46e-102	369
CP003523.1	sp|P47075|VTC4_YEAST	32.5	730	353	19	167694	169511	1	714	3.40e-102	354
CP003523.1	sp|P78810|VTC4_SCHPO	30.8	734	365	17	167694	169511	1	719	3.86e-101	351
CP003523.1	sp|E1BB03|ZRAB3_BOVIN	40.8	436	220	10	97603	96398	37	468	3.71e-80	298
CP003523.1	sp|Q6NZP1|ZRAB3_MOUSE	41.7	434	219	9	97603	96398	37	468	1.11e-79	296
CP003523.1	sp|Q5FWF4|ZRAB3_HUMAN	40.0	435	225	9	97603	96398	37	468	1.33e-77	290
CP003523.1	sp|P37518|YCHF_BACSU	42.7	365	186	5	142306	143337	3	365	2.42e-76	266
CP003523.1	sp|P44681|YCHF_HAEIN	41.2	359	191	5	142315	143337	6	362	1.90e-75	263
CP003523.1	sp|Q9CP90|YCHF_PASMU	40.7	359	193	5	142315	143337	6	362	1.20e-74	261
CP003523.1	sp|Q8SVC0|Y667_ENCCU	52.1	290	102	6	78078	78893	1	271	1.83e-74	257
CP003523.1	sp|Q7VMI2|YCHF_HAEDU	41.2	359	191	5	142315	143337	6	362	1.04e-73	258
CP003523.1	sp|P57288|YCHF_BUCAI	41.6	358	190	4	142315	143337	6	361	4.73e-71	251
CP003523.1	sp|Q8K9V2|YCHF_BUCAP	40.5	358	194	4	142315	143337	6	361	8.74e-71	250
CP003523.1	sp|P0ABU3|YCHF_ECO57	41.2	359	191	5	142315	143337	6	362	5.71e-70	248
CP003523.1	sp|P0ABU2|YCHF_ECOLI	41.2	359	191	5	142315	143337	6	362	5.71e-70	248
CP003523.1	sp|P0ABU4|YCHF_SHIFL	41.2	359	191	5	142315	143337	6	362	5.71e-70	248
CP003523.1	sp|P47270|YCHF_MYCGE	39.9	366	196	4	142306	143337	2	365	3.00e-69	246
CP003523.1	sp|Q8SV95|Z6B5_ENCCU	77.2	145	33	0	139419	138985	1	145	3.04e-66	228
CP003523.1	sp|Q10309|YD56_SCHPO	28.3	914	521	31	115444	118029	92	923	6.18e-66	253
CP003523.1	sp|O14078|YEAD_SCHPO	39.6	369	192	8	142300	143334	44	405	1.14e-65	237
CP003523.1	sp|Q89AR6|YCHF_BUCBP	38.7	362	196	5	142315	143337	6	362	9.16e-63	227
CP003523.1	sp|P75088|YCHF_MYCPN	38.2	351	193	3	142306	143292	2	350	3.02e-58	214
CP003523.1	sp|Q46939|YQEF_ECOLI	35.5	394	231	8	119866	118742	2	391	3.81e-54	203
CP003523.1	sp|Q6GJ93|VRAB_STAAR	35.7	389	224	8	119866	118742	2	378	2.50e-50	191
CP003524.1	sp|Q8SVP6|Y4G3_ENCCU	76.9	385	86	2	61514	62668	1	382	6.95e-195	607
CP003524.1	sp|Q8SV25|Y753_ENCCU	76.9	385	86	2	61514	62668	1	382	6.95e-195	607
CP003524.1	sp|Q8SV00|Y792_ENCCU	84.9	311	46	1	107506	108435	1	311	4.45e-175	547
CP003524.1	sp|Q8SUY5|Y7B2_ENCCU	62.8	422	155	1	125002	126267	1	420	6.35e-171	540
CP003524.1	sp|B3LLX6|YM084_YEAS1	41.9	726	380	10	142322	140241	1	716	4.56e-164	533
CP003524.1	sp|C7GL41|YM084_YEAS2	41.7	726	381	10	142322	140241	1	716	2.88e-163	531
CP003524.1	sp|A6ZME2|YM084_YEAS7	41.9	726	374	11	142322	140241	1	710	2.04e-162	528
CP003524.1	sp|Q8SUY7|Y7A9_ENCCU	67.8	286	76	4	123971	123132	1	276	3.52e-115	374
CP003524.1	sp|Q8SV35|Y733_ENCCU	65.0	311	99	5	35575	34655	1	305	4.02e-113	369
CP003524.1	sp|P0CF18|YM085_YEAST	46.2	431	223	4	141515	140241	1	428	1.23e-111	370
CP003524.1	sp|C8ZET8|YM085_YEAS8	46.1	434	219	5	141515	140241	1	428	3.09e-111	369
CP003524.1	sp|Q12697|YPK9_YEAST	28.8	1122	646	26	166506	163417	325	1385	1.05e-101	370
CP003524.1	sp|Q5UPX0|YR290_MIMIV	35.9	493	284	15	126994	128424	21	497	1.15e-71	259
CP003524.1	sp|Q8SV33|Y740_ENCCU	61.5	221	71	3	46134	45475	1	208	4.54e-71	244
CP003524.1	sp|Q19546|WRN_CAEEL	40.0	413	221	10	126994	128190	219	618	1.13e-68	262
CP003524.1	sp|Q27533|YH2M_CAEEL	26.3	1173	650	35	166515	163360	22	1100	2.83e-64	251
CP003524.1	sp|Q58556|Y1156_METJA	51.8	228	108	1	16787	16104	449	674	5.88e-63	242
CP003524.1	sp|O28972|Y1297_ARCFU	50.9	228	109	1	16790	16107	178	402	1.86e-62	237
CP003524.1	sp|Q8MYF1|Y2070_DICDI	38.5	314	185	4	60312	61235	117	428	7.14e-62	228
CP003524.1	sp|O93530|WRN_XENLA	34.9	416	242	9	126994	128193	481	883	3.37e-59	235
CP003524.1	sp|O09053|WRN_MOUSE	35.2	449	259	11	126898	128193	472	905	7.02e-59	234
CP003524.1	sp|P18961|YPK2_YEAST	39.5	309	179	4	60306	61214	331	637	5.30e-58	223
CP003524.1	sp|Q14191|WRN_HUMAN	32.5	504	301	13	126994	128427	540	1030	1.16e-57	230
CP003524.1	sp|O05209|VAT_THEAC	46.3	231	122	1	16787	16095	464	692	1.73e-57	223
CP003524.1	sp|P12688|YPK1_YEAST	39.5	309	179	4	60306	61214	334	640	1.98e-56	218
CP003525.1	sp|Q8SUN2|Y8C8_ENCCU	64.9	441	151	3	131163	129844	1	438	8.05e-190	595
CP003525.1	sp|Q8SR90|Y8H9_ENCCU	87.3	308	39	0	175514	174591	1	308	3.08e-175	548
CP003525.1	sp|Q8SRF5|Y823_ENCCU	92.0	264	21	0	15375	16166	1	264	1.66e-153	483
CP003525.1	sp|Q8SUT4|Y827_ENCCU	63.4	393	143	1	21317	20139	1	392	4.92e-152	485
CP003525.1	sp|P34280|YKK3_CAEEL	53.0	366	168	3	128751	129836	1	366	5.33e-113	372
CP003525.1	sp|Q8SUR9|Z856_ENCCU	72.2	295	82	0	49435	50319	1	295	9.87e-113	368
CP003525.1	sp|Q9UT21|YFY7_SCHPO	47.2	362	184	4	128766	129836	7	366	5.77e-92	311
CP003525.1	sp|Q58722|Y1326_METJA	44.9	372	189	3	128751	129836	25	390	2.08e-90	308
CP003525.1	sp|P09052|VASA1_DROME	39.2	398	236	4	103945	105126	225	620	1.27e-73	268
CP003525.1	sp|Q4JG17|VASAL_PENVA	36.9	406	235	9	104005	105174	263	663	3.88e-68	253
CP003525.1	sp|P17103|Y1111_HALSA	36.9	369	220	3	128751	129827	1	366	1.63e-62	226
CP003525.1	sp|Q58556|Y1156_METJA	40.3	335	177	5	198566	199522	348	675	2.71e-57	225
CP003525.1	sp|O28972|Y1297_ARCFU	44.7	264	126	2	198830	199570	177	437	1.14e-56	220
CP003525.1	sp|Q55FJ6|Y8078_DICDI	39.5	294	163	7	194339	195199	2	287	2.00e-56	213
CP003525.1	sp|F4I114|Y1960_ARATH	39.5	301	173	5	194321	195208	155	451	5.17e-55	214
CP003525.1	sp|O05209|VAT_THEAC	43.8	251	137	2	198824	199570	460	708	1.23e-52	208
CP003525.1	sp|Q9ZVM9|Y1461_ARATH	37.0	305	175	6	194321	195208	110	406	1.88e-50	197
CP003525.1	sp|Q8SUS0|Y854_ENCCU	46.5	226	116	3	46115	46792	43	263	2.55e-50	188
CP003525.1	sp|Q9W3Y5|Y4443_DROME	28.0	460	302	11	103846	105177	279	725	7.12e-48	193
CP003525.1	sp|P47664|Y425_MYCGE	32.5	360	229	6	104005	105063	5	357	7.56e-46	181
CP003525.1	sp|P36586|YPT5_SCHPO	50.8	181	87	2	69339	69875	8	188	1.25e-45	172
CP003525.1	sp|P36017|VPS21_YEAST	47.8	178	90	1	69342	69866	2	179	3.06e-45	171
CP003525.1	sp|Q8SQU8|YBC9_ENCCU	33.1	290	174	7	194339	195181	11	289	6.00e-45	174
CP003525.1	sp|O34750|YFML_BACSU	30.5	361	224	7	104032	105105	15	351	1.03e-43	172
CP003525.1	sp|O14325|YB7A_SCHPO	37.9	269	141	4	198830	199570	487	751	2.12e-42	177
CP003526.1	sp|Q9HE06|YK99_SCHPO	32.9	611	376	13	18406	16646	25	625	1.01e-97	337
CP003526.1	sp|Q9HDY4|YK16_SCHPO	31.4	745	386	20	18406	16529	398	1136	6.35e-81	300
CP003526.1	sp|Q06698|YL419_YEAST	28.7	649	384	18	18418	16700	600	1245	4.73e-58	230
CP003526.1	sp|O60114|YG65_SCHPO	30.9	540	279	14	18409	17027	630	1154	2.15e-54	218
CP003526.1	sp|O42965|YGMH_SCHPO	26.6	467	335	4	13819	15201	5	469	1.89e-53	202
CP003526.1	sp|Q5UQ96|YL540_MIMIV	27.5	524	322	17	18379	16937	52	560	3.53e-42	174
CP003526.1	sp|P46939|UTRO_HUMAN	42.2	223	121	4	38082	37429	32	251	2.56e-41	176
CP003526.1	sp|P0C7L7|YUM14_USTMA	28.5	533	296	19	18196	16850	823	1354	1.20e-39	170
CP003526.1	sp|Q5UR20|YR366_MIMIV	23.9	568	275	15	18358	17015	662	1192	1.41e-34	153
CP003526.1	sp|P94593|YWQA_BACSU	34.7	262	143	5	52565	51831	449	699	8.21e-31	140
CP003526.1	sp|Q99260|YPT6_YEAST	42.0	169	93	3	22076	21573	11	175	7.32e-30	125
CP003526.1	sp|B2RR83|YTDC2_MOUSE	27.5	411	247	14	17824	16703	628	1024	2.37e-24	119
CP003526.1	sp|Q9H6S0|YTDC2_HUMAN	32.5	243	140	7	18526	17867	139	380	4.03e-24	119
CP003526.1	sp|Q5R746|YTDC2_PONAB	32.5	243	140	7	18526	17867	139	380	4.03e-24	119
CP003526.1	sp|G4MYS1|YPT7_MAGO7	34.2	196	124	3	22073	21495	10	203	1.08e-21	101
CP003526.1	sp|C8VQY7|YPT7_EMENI	33.2	196	126	3	22073	21495	10	203	6.81e-21	99.4
CP003526.1	sp|O94655|YPT7_SCHPO	33.5	173	112	3	22073	21561	10	181	3.16e-20	97.4
CP003526.1	sp|Q39573|YPTC5_CHLRE	34.1	173	104	3	22085	21585	6	174	3.25e-20	97.4
CP003526.1	sp|P36864|YPTV5_VOLCA	34.4	189	110	4	22085	21537	6	186	5.85e-20	96.7
CP003526.1	sp|P36019|YPT53_YEAST	37.6	125	75	1	22079	21705	12	133	1.16e-19	96.3
CP003526.1	sp|P38146|YPT10_YEAST	33.7	178	104	4	22088	21573	1	170	1.26e-19	95.5
CP003526.1	sp|P75093|Y020_MYCPN	33.5	155	101	1	51633	51175	856	1010	2.33e-18	99.8
CP003526.1	sp|O13762|YF2C_SCHPO	36.2	141	88	1	51573	51157	739	879	7.01e-17	94.7
CP003526.1	sp|P32939|YPT7_YEAST	35.4	127	80	2	22085	21711	6	132	9.89e-17	87.4
CP003526.1	sp|Q75JP5|Y2471_DICDI	38.2	102	63	0	37722	37417	1403	1504	3.13e-15	89.7
CP003527.1	sp|Q10309|YD56_SCHPO	38.4	1086	517	14	30136	26909	89	1032	8.09e-206	665
CP003527.1	sp|Q8STP1|Y9E0_ENCCU	72.8	243	66	0	24726	23998	1	243	3.87e-116	374
CP003527.1	sp|Q8STN5|Y9F0_ENCCU	72.4	210	58	0	35113	35742	1	210	6.61e-97	318
CP003527.1	sp|O94296|YOOC_SCHPO	31.1	694	429	16	29167	27227	372	1063	1.67e-83	310
CP003527.1	sp|Q9FQ04|XRN4_ARATH	32.0	647	350	13	60587	62356	1	614	3.20e-82	300
CP003527.1	sp|Q9VM71|XRN2_DROME	29.5	730	369	14	60587	62446	1	694	1.54e-78	288
CP003527.1	sp|O74789|YOU5_SCHPO	42.7	328	144	3	84465	85325	10	334	1.46e-77	268
CP003527.1	sp|Q10298|YD44_SCHPO	42.8	297	164	4	84453	85337	4	296	3.50e-73	254
CP003527.1	sp|Q8STN7|Y9E7_ENCCU	81.2	149	28	0	32467	32021	37	185	4.41e-73	248
CP003527.1	sp|Q8TFZ1|XRN2_ASPFU	27.0	882	387	19	60587	62554	1	851	5.33e-73	275
CP003527.1	sp|Q02792|XRN2_YEAST	27.5	819	333	20	60587	62377	1	780	2.99e-66	253
CP003527.1	sp|Q8IZH2|XRN1_HUMAN	29.3	686	342	18	60587	62413	1	620	6.33e-64	250
CP003527.1	sp|P97789|XRN1_MOUSE	29.2	686	343	18	60587	62413	1	620	4.28e-63	248
CP003527.1	sp|Q6CKX0|XRN2_KLULA	34.9	453	233	9	60587	61849	1	423	4.39e-60	234
CP003527.1	sp|Q2UCP5|XRN2_ASPOR	35.4	438	210	10	60587	61774	1	407	3.60e-59	231
CP003527.1	sp|Q5AMG5|XRN2_CANAL	35.1	422	218	9	60587	61783	1	389	4.52e-59	230
CP003527.1	sp|Q6BNU7|XRN2_DEBHA	34.5	423	225	8	60587	61789	1	393	8.45e-59	230
CP003527.1	sp|Q5BFH3|XRN2_EMENI	35.4	444	215	10	60587	61792	1	414	3.27e-57	225
CP003527.1	sp|Q60SG7|XRN2_CAEBR	33.4	452	230	9	60587	61822	1	421	6.13e-56	221
CP003527.1	sp|Q5R4L5|XRN2_PONAB	31.3	476	251	9	60587	61888	1	442	8.52e-56	220
CP003527.1	sp|Q9H0D6|XRN2_HUMAN	31.1	476	252	8	60587	61888	1	442	1.13e-55	219
CP003527.1	sp|Q9DBR1|XRN2_MOUSE	31.3	476	251	8	60587	61888	1	442	1.52e-55	219
CP003527.1	sp|Q74ZA0|XRN2_ASHGO	33.6	455	236	11	60587	61849	1	423	3.38e-55	218
CP003527.1	sp|Q8WZX5|XRN2_NEUCR	32.8	451	237	10	60587	61819	1	425	2.80e-54	216
CP003527.1	sp|Q5ZIP4|XRN2_CHICK	32.4	441	222	8	60587	61783	1	407	4.56e-54	214
CP003528.1	sp|Q8STL0|Y9I8_ENCCU	76.5	412	95	2	49952	48720	4	414	4.35e-180	565
CP003528.1	sp|Q8STL3|Y9I2_ENCCU	78.4	232	50	0	40169	40864	1	232	3.53e-112	362
CP003528.1	sp|Q8STK5|Y9J5_ENCCU	88.8	179	20	0	60315	59779	1	179	3.91e-97	317
CP003528.1	sp|Q8SS35|Y4A0_ENCCU	36.5	609	347	16	64126	62420	56	664	9.04e-85	317
CP003528.1	sp|Q01290|VPH1_NEUCR	28.0	643	375	12	34432	32765	10	651	9.52e-71	263
CP003528.1	sp|O28972|Y1297_ARCFU	48.5	266	115	3	42620	41877	176	437	1.10e-62	236
CP003528.1	sp|Q9SJT7|VHAA2_ARATH	34.0	453	263	9	34033	32780	190	641	1.47e-62	238
CP003528.1	sp|Q8W4S4|VHAA3_ARATH	33.1	453	267	8	34033	32780	189	640	3.69e-61	234
CP003528.1	sp|Q9Y487|VPP2_HUMAN	27.1	654	384	11	34438	32756	4	657	1.09e-60	233
CP003528.1	sp|A1A5G6|VPP1_XENTR	29.1	623	344	17	34438	32834	4	616	1.12e-60	233
CP003528.1	sp|Q5R422|VPP1_PONAB	27.8	625	349	14	34438	32834	4	616	1.50e-60	232
CP003528.1	sp|Q8AVM5|VPP1_XENLA	29.3	625	340	16	34438	32834	4	616	1.85e-60	232
CP003528.1	sp|Q58556|Y1156_METJA	49.0	243	122	1	42656	41928	434	674	2.02e-60	233
CP003528.1	sp|Q93050|VPP1_HUMAN	27.8	625	349	14	34438	32834	4	616	2.69e-60	231
CP003528.1	sp|P25286|VPP1_RAT	27.6	626	350	14	34438	32834	4	617	8.78e-60	230
CP003528.1	sp|O97681|VPP2_BOVIN	27.3	653	378	13	34438	32765	4	654	1.46e-59	229
CP003528.1	sp|Q9HBG4|VPP4_HUMAN	27.5	644	371	14	34444	32780	2	638	1.62e-59	229
CP003528.1	sp|Q9Z1G4|VPP1_MOUSE	27.5	633	349	15	34438	32834	4	624	2.86e-59	228
CP003528.1	sp|Q29466|VPP1_BOVIN	27.6	626	350	14	34438	32834	4	617	5.05e-59	228
CP003528.1	sp|Q9I8D0|VPP1_CHICK	27.3	626	352	14	34438	32834	4	617	5.18e-58	224
CP003528.1	sp|P32563|VPH1_YEAST	30.1	452	277	8	34024	32780	185	634	7.12e-58	224
CP003528.1	sp|Q920R6|VPP4_MOUSE	27.2	651	372	16	34438	32765	4	645	8.67e-58	224
CP003528.1	sp|O13742|VPH1_SCHPO	27.2	580	370	11	34369	32780	71	648	1.51e-57	223
CP003528.1	sp|P15920|VPP2_MOUSE	27.9	648	370	15	34438	32780	4	649	6.68e-57	221
CP003528.1	sp|O05209|VAT_THEAC	48.2	249	122	4	42635	41898	457	701	8.01e-57	219
CP003529.1	sp|Q8SR34|VATB_ENCCU	95.2	477	23	0	117711	119141	1	477	9.85e-296	901
CP003529.1	sp|P22550|VATB_CANTR	78.0	468	102	1	117717	119117	18	485	6.28e-239	740
CP003529.1	sp|Q59PT0|VATB_CANAL	77.6	468	104	1	117717	119117	18	485	1.05e-237	736
CP003529.1	sp|P16140|VATB_YEAST	76.3	476	112	1	117717	119141	18	493	1.10e-236	734
CP003529.1	sp|P11593|VATB_NEUCR	75.2	472	112	1	117720	119120	9	480	8.73e-232	719
CP003529.1	sp|P31409|VATB_DROME	77.2	464	104	1	117732	119117	21	484	2.38e-231	717
CP003529.1	sp|P62814|VATB2_MOUSE	75.0	476	118	1	117693	119117	29	504	5.18e-231	717
CP003529.1	sp|P62815|VATB2_RAT	75.0	476	118	1	117693	119117	29	504	5.18e-231	717
CP003529.1	sp|P31411|VATB_SCHPO	75.1	473	116	1	117729	119141	18	490	5.25e-231	717
CP003529.1	sp|P31410|VATB_HELVI	76.9	464	105	1	117732	119117	25	488	9.50e-231	716
CP003529.1	sp|P31408|VATB2_BOVIN	74.8	476	119	1	117693	119117	29	504	1.31e-230	716
CP003529.1	sp|P21281|VATB2_HUMAN	74.8	476	119	1	117693	119117	29	504	1.31e-230	716
CP003529.1	sp|Q5R5V5|VATB2_PONAB	74.8	476	119	1	117693	119117	29	504	1.31e-230	716
CP003529.1	sp|P31401|VATB_MANSE	73.9	486	125	1	117666	119117	3	488	3.27e-230	714
CP003529.1	sp|P15313|VATB1_HUMAN	75.8	463	111	1	117735	119120	37	499	3.56e-230	715
CP003529.1	sp|P31407|VATB1_BOVIN	75.4	463	113	1	117735	119120	37	499	1.97e-228	710
CP003529.1	sp|Q76NU1|VATB_DICDI	73.9	467	120	1	117726	119120	16	482	7.35e-225	699
CP003529.1	sp|Q8W4E2|VATB3_ARATH	73.2	485	123	2	117696	119132	3	486	9.50e-224	695
CP003529.1	sp|P11574|VATB1_ARATH	73.6	478	121	1	117714	119132	8	485	3.15e-223	694
CP003529.1	sp|Q9SZN1|VATB2_ARATH	73.8	473	119	1	117729	119132	14	486	1.12e-222	692
CP003529.1	sp|Q40079|VATB2_HORVU	73.0	478	124	1	117714	119132	5	482	6.19e-222	690
CP003529.1	sp|Q40078|VATB1_HORVU	73.6	474	120	1	117714	119120	10	483	1.38e-221	689
CP003529.1	sp|Q19626|VATB_CAEEL	72.5	469	128	1	117711	119117	17	484	5.31e-221	687
CP003529.1	sp|Q619C0|VATB_CAEBR	72.5	469	128	1	117711	119117	17	484	1.34e-220	686
CP003529.1	sp|Q43432|VATB1_GOSHI	73.0	474	123	1	117714	119120	10	483	1.64e-220	686
CP003530.1	sp|Q8SQU9|VATA_ENCCU	92.4	607	46	0	135815	133995	1	607	0.0	1131
CP003530.1	sp|P31406|VATA_SCHPO	64.5	589	201	5	135752	134010	26	614	1.02e-244	761
CP003530.1	sp|P38606|VATA_HUMAN	62.5	613	215	6	135794	134001	3	615	2.09e-243	758
CP003530.1	sp|Q5R5H2|VATA_PONAB	62.5	613	215	6	135794	134001	3	615	2.09e-243	758
CP003530.1	sp|P50516|VATA_MOUSE	62.8	605	212	5	135776	134001	11	615	3.87e-243	757
CP003530.1	sp|P31404|VATA_BOVIN	62.6	605	213	5	135776	134001	11	615	3.36e-242	754
CP003530.1	sp|P31400|VATA_MANSE	63.9	596	203	5	135752	134001	20	615	4.57e-242	754
CP003530.1	sp|Q29048|VATA_PIG	62.2	613	217	6	135794	134001	3	615	1.15e-241	753
CP003530.1	sp|Q5TTG1|VATA_ANOGA	62.7	604	213	5	135776	134001	9	612	1.41e-241	752
CP003530.1	sp|Q90647|VATA_CHICK	62.8	605	212	5	135776	134001	11	615	2.14e-241	752
CP003530.1	sp|Q5AJB1|VATA_CANAL	62.7	600	216	6	135788	134010	14	612	5.40e-241	751
CP003530.1	sp|P48602|VATA1_DROME	62.6	604	214	5	135776	134001	9	612	6.60e-241	750
CP003530.1	sp|Q9UVJ8|VATA_ASHGO	62.8	600	215	6	135788	134010	14	612	7.36e-241	750
CP003530.1	sp|O16109|VATA_AEDAE	62.4	611	217	6	135797	134001	3	612	1.22e-240	749
CP003530.1	sp|Q2TJ56|VATA_AEDAL	62.4	611	217	6	135797	134001	3	612	1.22e-240	749
CP003530.1	sp|Q27331|VATA2_DROME	62.6	604	214	5	135776	134001	9	612	1.67e-240	749
CP003530.1	sp|Q9XW92|VATA_CAEEL	63.4	588	206	3	135752	134016	8	595	6.89e-239	744
CP003530.1	sp|Q61VZ4|VATA_CAEBR	63.5	589	203	4	135752	134013	8	593	2.37e-238	743
CP003530.1	sp|P11592|VATA_NEUCR	63.6	569	202	4	135752	134058	16	583	1.21e-233	729
CP003530.1	sp|P54647|VATA_DICDI	62.9	568	203	3	135755	134076	19	586	2.44e-233	729
CP003530.1	sp|P48414|VATA_CYACA	63.0	567	203	3	135752	134073	12	578	5.08e-233	726
CP003530.1	sp|Q38676|VATA1_ACEAT	60.4	608	226	5	135779	134001	1	608	4.47e-232	725
CP003530.1	sp|P31405|VATA_GOSHI	60.4	608	227	6	135782	134001	11	618	3.54e-230	720
CP003530.1	sp|P09469|VATA_DAUCA	60.4	601	227	4	135782	134013	11	611	8.93e-230	719
CP003530.1	sp|Q39291|VATA_BRANA	60.4	598	227	3	135776	134013	14	611	1.22e-229	718
