JAPMUG010000010.1	sp|P15398|RPA1_SCHPO	32.7	1393	643	36	93348	89950	322	1679	1.96e-169	580
JAPMUG010000010.1	sp|P10964|RPA1_YEAST	32.3	1391	630	35	93336	89947	318	1657	1.45e-157	544
JAPMUG010000010.1	sp|Q86H36|RPA1_DICDI	31.8	1376	641	35	93333	89947	286	1611	4.50e-153	529
JAPMUG010000010.1	sp|P91875|RPA1_DROME	27.6	1689	797	49	93927	89947	14	1638	5.61e-139	487
JAPMUG010000010.1	sp|Q9SVY0|NRPA1_ARATH	33.6	911	426	17	93204	90997	340	1246	6.15e-123	439
JAPMUG010000010.1	sp|O95602|RPA1_HUMAN	25.7	1610	749	37	93603	89950	161	1715	4.32e-118	424
JAPMUG010000010.1	sp|O35134|RPA1_MOUSE	27.0	1506	679	32	93360	89950	258	1712	9.65e-117	420
JAPMUG010000010.1	sp|O54889|RPA1_RAT	26.4	1510	682	32	93360	89950	258	1711	2.25e-116	419
JAPMUG010000010.1	sp|Q5ZL98|RPC1_CHICK	25.8	1531	753	41	93930	89944	15	1364	2.93e-94	346
JAPMUG010000010.1	sp|O14802|RPC1_HUMAN	27.2	1511	757	47	93930	89944	15	1364	2.93e-94	346
JAPMUG010000010.1	sp|A4IF62|RPC1_BOVIN	27.3	1514	758	48	93930	89935	15	1367	5.19e-94	345
JAPMUG010000010.1	sp|F4JXF9|NRPC1_ARATH	24.9	1508	781	38	93930	89947	23	1358	4.41e-93	342
JAPMUG010000010.1	sp|P35084|RPB1_DICDI	28.4	958	566	27	93930	91207	15	902	9.73e-91	338
JAPMUG010000010.1	sp|P18616|NRPB1_ARATH	24.8	1572	791	50	93894	89950	27	1464	6.92e-89	333
JAPMUG010000010.1	sp|P36594|RPB1_SCHPO	28.5	962	526	28	93930	91252	16	884	5.51e-87	326
JAPMUG010000010.1	sp|Q980R2|RPOA1_SACS2	28.0	931	546	25	93930	91267	6	855	5.92e-87	313
JAPMUG010000010.1	sp|P26354|TBP_ACACA	80.3	178	35	0	103092	102559	81	258	7.62e-87	291
JAPMUG010000010.1	sp|O43133|TBP_CANAL	79.7	177	36	0	103092	102562	61	237	1.56e-85	287
JAPMUG010000010.1	sp|Q75A34|RPB1_ASHGO	29.5	960	528	32	93930	91228	14	883	9.90e-85	319
JAPMUG010000010.1	sp|Q8SSC4|RPB1_ENCCU	29.5	905	507	28	93819	91258	46	870	1.25e-84	318
JAPMUG010000010.1	sp|P13393|TBP_YEAST	74.5	188	48	0	103122	102559	53	240	1.46e-84	284
JAPMUG010000010.1	sp|Q12731|TBP_EMENI	78.7	178	38	0	103092	102559	91	268	1.31e-83	283
JAPMUG010000010.1	sp|P17871|TBP_SCHPO	77.4	177	40	0	103092	102562	54	230	3.21e-83	280
JAPMUG010000010.1	sp|Q6BI69|RPC1_DEBHA	23.9	1588	788	41	93930	89932	13	1435	3.59e-83	312
JAPMUG010000010.1	sp|P50158|TBP1_MAIZE	77.0	178	41	0	103092	102559	21	198	9.54e-83	277
JAPMUG010000011.1	sp|B7XHC1|SYYC_ENTBH	69.5	328	100	0	30349	31332	15	342	9.61e-147	467
JAPMUG010000011.1	sp|F4KAB8|MCM6_ARATH	40.7	653	340	10	66537	68354	13	665	4.19e-131	441
JAPMUG010000011.1	sp|Q6F353|MCM6_ORYSJ	40.8	638	321	10	66591	68354	39	669	1.57e-129	437
JAPMUG010000011.1	sp|B8AZX3|MCM6_ORYSI	40.6	638	322	10	66591	68354	39	669	5.31e-129	435
JAPMUG010000011.1	sp|P53091|MCM6_YEAST	41.1	620	307	9	66720	68420	248	862	2.58e-127	436
JAPMUG010000011.1	sp|Q14566|MCM6_HUMAN	36.9	759	399	14	66552	68591	32	789	3.99e-127	429
JAPMUG010000011.1	sp|P49731|MCM6_SCHPO	37.2	731	368	16	66594	68522	106	833	1.44e-126	430
JAPMUG010000011.1	sp|Q2KIZ8|MCM6_BOVIN	36.3	758	405	12	66552	68591	32	789	3.22e-124	421
JAPMUG010000011.1	sp|P97311|MCM6_MOUSE	36.5	742	390	12	66600	68591	51	789	1.09e-123	419
JAPMUG010000011.1	sp|Q5FWY4|MCM6M_XENLA	36.5	736	393	14	66600	68591	53	786	1.47e-123	419
JAPMUG010000011.1	sp|Q61J08|MCM6_CAEBR	37.3	758	379	14	66591	68597	42	792	1.48e-123	419
JAPMUG010000011.1	sp|Q6P1V8|MCM6Z_XENTR	36.3	760	403	14	66552	68591	33	791	1.55e-123	419
JAPMUG010000011.1	sp|Q7ZY18|MC6ZB_XENLA	36.2	762	403	14	66552	68591	33	793	3.01e-123	418
JAPMUG010000011.1	sp|Q28CM3|MCM6M_XENTR	36.6	737	392	14	66600	68591	52	786	4.97e-123	417
JAPMUG010000011.1	sp|Q498J7|MC6ZA_XENLA	36.2	760	404	14	66552	68591	33	791	1.31e-122	416
JAPMUG010000011.1	sp|P34647|MCM6_CAEEL	37.7	746	369	16	66627	68597	54	792	4.21e-122	414
JAPMUG010000011.1	sp|Q29JI9|MCM6_DROPS	39.1	642	356	9	66534	68354	17	658	5.48e-121	411
JAPMUG010000011.1	sp|Q9V461|MCM6_DROME	39.7	609	338	7	66627	68366	54	662	5.78e-121	411
JAPMUG010000011.1	sp|Q7Q0Q1|MCM6_ANOGA	36.3	741	397	13	66588	68585	41	781	1.33e-120	410
JAPMUG010000011.1	sp|Q8SVJ8|NOG1_ENCCU	41.9	542	274	11	64341	62785	3	526	5.37e-116	386
JAPMUG010000011.1	sp|Q86B14|MCM6_DICDI	37.4	650	344	10	66594	68354	91	740	3.92e-115	396
JAPMUG010000011.1	sp|Q8SRV7|SYYC_ENCCU	53.4	337	146	3	30343	31326	2	336	4.49e-114	373
JAPMUG010000011.1	sp|C4V6W1|SYYC_NOSCE	54.5	332	134	5	30352	31326	5	326	3.50e-101	335
JAPMUG010000011.1	sp|P54577|SYYC_HUMAN	51.5	338	152	5	30349	31332	8	343	8.47e-101	342
JAPMUG010000011.1	sp|Q4KM49|SYYC_RAT	50.9	338	154	5	30349	31332	8	343	3.92e-100	340
JAPMUG010000012.1	sp|P62333|PRS10_HUMAN	62.0	384	144	2	61035	59887	5	387	6.77e-148	472
JAPMUG010000012.1	sp|P62335|PRS10_ICTTR	62.0	384	144	2	61035	59887	5	387	6.77e-148	472
JAPMUG010000012.1	sp|P62334|PRS10_MOUSE	62.0	384	144	2	61035	59887	5	387	6.77e-148	472
JAPMUG010000012.1	sp|Q2KIW6|PRS10_BOVIN	61.7	384	145	2	61035	59887	5	387	5.88e-147	469
JAPMUG010000012.1	sp|O17071|PRS10_CAEEL	61.2	384	147	2	61035	59887	22	404	6.86e-146	467
JAPMUG010000012.1	sp|Q9SEI3|PS10A_ARATH	59.8	383	152	2	61035	59890	11	392	6.51e-143	458
JAPMUG010000012.1	sp|Q9MAK9|PS10B_ARATH	59.8	383	152	2	61035	59890	11	392	1.21e-142	457
JAPMUG010000012.1	sp|P53549|PRS10_YEAST	60.2	382	150	2	61026	59884	56	436	3.96e-141	454
JAPMUG010000012.1	sp|O74445|PRS10_SCHPO	59.0	388	157	2	61044	59884	1	387	2.51e-139	447
JAPMUG010000012.1	sp|Q54PJ1|PRS10_DICDI	57.8	386	160	3	61035	59884	8	392	1.71e-135	436
JAPMUG010000012.1	sp|B7XIC4|AQP_ENTBH	74.0	242	63	0	8110	7385	1	242	6.76e-110	356
JAPMUG010000012.1	sp|Q8SQZ7|AMPL_ENCCU	43.1	490	264	7	44242	42797	1	483	4.89e-106	355
JAPMUG010000012.1	sp|Q8TX03|PAN_METKA	53.8	333	151	3	60879	59884	103	433	1.87e-102	343
JAPMUG010000012.1	sp|Q8SQZ6|SYG_ENCCU	37.5	614	314	17	55099	56850	5	578	3.84e-102	348
JAPMUG010000012.1	sp|O26824|PAN_METTH	53.5	333	150	3	60879	59884	75	403	5.08e-102	341
JAPMUG010000012.1	sp|O57940|PAN_PYRHO	53.6	317	146	1	60876	59926	65	380	8.93e-102	340
JAPMUG010000012.1	sp|Q5JHS5|PAN_THEKO	52.2	322	153	1	60876	59911	63	383	7.23e-101	337
JAPMUG010000012.1	sp|A6VHR1|PAN_METM7	52.5	322	152	1	60879	59914	72	392	1.00e-100	337
JAPMUG010000012.1	sp|B6YXR2|PAN_THEON	52.7	317	149	1	60876	59926	64	379	1.88e-100	336
JAPMUG010000012.1	sp|C5A6P8|PAN_THEGJ	52.2	322	153	1	60876	59911	63	383	3.37e-100	335
JAPMUG010000012.1	sp|Q6LWR0|PAN_METMP	52.5	322	152	1	60879	59914	72	392	3.44e-100	335
JAPMUG010000012.1	sp|A9A916|PAN_METM6	52.2	322	153	1	60879	59914	72	392	6.37e-100	335
JAPMUG010000012.1	sp|Q8U4H3|PAN_PYRFU	51.4	317	153	1	60876	59926	62	377	1.52e-99	333
JAPMUG010000012.1	sp|A4G0S4|PAN_METM5	52.2	322	153	1	60879	59914	72	392	2.18e-99	333
JAPMUG010000012.1	sp|Q9V287|PAN_PYRAB	51.4	317	153	1	60876	59926	62	377	2.82e-99	332
JAPMUG010000014.1	sp|P41389|MCM5_SCHPO	42.9	660	305	12	2267	435	34	670	2.79e-145	475
JAPMUG010000014.1	sp|P29496|MCM5_YEAST	42.7	647	303	12	2072	306	136	772	4.76e-142	468
JAPMUG010000014.1	sp|Q21902|MCM5_CAEEL	38.2	753	388	16	2345	303	11	758	1.87e-141	465
JAPMUG010000014.1	sp|P55862|MCM5A_XENLA	37.3	740	390	13	2345	303	10	734	1.97e-140	461
JAPMUG010000014.1	sp|Q561P5|MCM5_XENTR	37.0	740	392	13	2345	303	10	734	2.28e-139	458
JAPMUG010000014.1	sp|Q9VGW6|MCM5_DROME	38.9	728	369	13	2306	303	21	732	9.92e-139	456
JAPMUG010000014.1	sp|Q6PCI7|MCM5B_XENLA	37.0	740	392	13	2345	303	10	734	1.94e-138	456
JAPMUG010000014.1	sp|P49718|MCM5_MOUSE	38.7	718	362	14	2273	303	33	733	2.18e-137	452
JAPMUG010000014.1	sp|Q54CP4|MCM5_DICDI	38.3	728	369	14	2270	306	35	755	1.44e-136	451
JAPMUG010000014.1	sp|P33992|MCM5_HUMAN	38.5	717	365	13	2273	303	33	733	1.85e-136	450
JAPMUG010000014.1	sp|Q0V8B7|MCM5_BOVIN	38.7	718	362	14	2273	303	33	733	2.51e-136	449
JAPMUG010000014.1	sp|B8AEH3|MCM5_ORYSI	41.8	615	321	10	2075	306	125	727	3.86e-132	437
JAPMUG010000014.1	sp|Q6KAJ4|MCM5_ORYSJ	41.8	615	321	10	2075	306	125	727	3.86e-132	437
JAPMUG010000014.1	sp|O80786|MCM5_ARATH	41.4	625	311	11	2075	306	121	725	6.58e-130	431
JAPMUG010000014.1	sp|Q9UXG1|MCM_SACS2	36.3	614	320	12	2270	549	13	595	1.38e-95	329
JAPMUG010000014.1	sp|P43299|MCM7_ARATH	38.7	548	297	10	2093	504	124	650	3.75e-93	323
JAPMUG010000014.1	sp|Q0WVF5|MCM4_ARATH	35.1	641	339	15	2150	396	190	809	3.04e-92	324
JAPMUG010000014.1	sp|B8BMI1|MCM7_ORYSI	37.9	565	308	11	2093	450	131	669	1.46e-90	316
JAPMUG010000014.1	sp|Q2QNM1|MCM7_ORYSJ	37.9	565	308	11	2093	450	131	669	1.46e-90	316
JAPMUG010000014.1	sp|Q5JKB0|MCM4_ORYSJ	36.2	547	308	8	2084	528	238	771	1.51e-90	320
JAPMUG010000014.1	sp|Q2R482|MCM2_ORYSJ	35.9	649	342	15	2294	516	234	864	1.38e-89	319
JAPMUG010000014.1	sp|B8BKI8|MCM2_ORYSI	35.7	649	343	15	2294	516	234	864	3.36e-89	318
JAPMUG010000014.1	sp|O75001|MCM7_SCHPO	38.2	513	285	9	2036	546	170	666	1.67e-88	311
JAPMUG010000014.1	sp|P33991|MCM4_HUMAN	35.5	592	326	12	2225	558	193	764	2.02e-87	310
JAPMUG010000014.1	sp|Q9V461|MCM6_DROME	33.8	654	326	15	2273	546	23	647	3.51e-87	308
JAPMUG010000016.1	sp|P34257|TC3A_CAEEL	41.4	263	151	2	2164	1379	69	329	6.54e-59	209
JAPMUG010000016.1	sp|P03934|TC1A_CAEEL	35.0	223	134	5	2026	1379	55	273	1.08e-34	137
JAPMUG010000016.1	sp|P35072|TCB1_CAEBR	31.8	223	141	5	2026	1379	55	273	1.68e-31	128
JAPMUG010000016.1	sp|Q04202|TCB2_CAEBR	31.7	224	140	5	2026	1379	55	273	1.43e-30	125
JAPMUG010000001.1	sp|P08096|TOP2_SCHPO	50.7	1143	500	11	308789	312037	74	1212	0.0	1095
JAPMUG010000001.1	sp|P06786|TOP2_YEAST	49.6	1187	501	15	308786	312070	7	1188	0.0	1067
JAPMUG010000001.1	sp|Q01320|TOP2A_MOUSE	50.7	1163	489	17	308786	312037	28	1185	0.0	1051
JAPMUG010000001.1	sp|P41515|TOP2A_CRIGR	50.9	1162	487	18	308786	312037	28	1183	0.0	1051
JAPMUG010000001.1	sp|Q9Y8G8|TOP2_PENCH	49.6	1156	510	16	308789	312055	64	1213	0.0	1049
JAPMUG010000001.1	sp|Q01879|TOP2_PICGU	49.3	1169	493	15	308780	311995	52	1217	0.0	1046
JAPMUG010000001.1	sp|O42131|TOP2B_CHICK	50.6	1152	484	18	308786	312004	55	1200	0.0	1046
JAPMUG010000001.1	sp|P87078|TOP2_CANAX	49.4	1177	486	16	308795	312007	60	1233	0.0	1042
JAPMUG010000001.1	sp|Q64511|TOP2B_MOUSE	49.7	1176	506	18	308786	312076	38	1207	0.0	1039
JAPMUG010000001.1	sp|O46374|TOP2A_PIG	50.1	1165	495	17	308786	312037	29	1188	0.0	1038
JAPMUG010000001.1	sp|P41516|TOP2A_RAT	49.8	1186	505	19	308786	312091	28	1207	0.0	1038
JAPMUG010000001.1	sp|O93794|TOP2_CANGA	48.8	1163	498	12	308783	311995	5	1162	0.0	1038
JAPMUG010000001.1	sp|Q64399|TOP2B_CRILO	49.7	1176	506	18	308786	312076	38	1207	0.0	1037
JAPMUG010000001.1	sp|Q02880|TOP2B_HUMAN	49.7	1176	507	18	308786	312076	50	1219	0.0	1036
JAPMUG010000001.1	sp|O42130|TOP2A_CHICK	50.2	1156	499	17	308786	312037	30	1180	0.0	1035
JAPMUG010000001.1	sp|P11388|TOP2A_HUMAN	50.0	1165	496	17	308786	312037	29	1188	0.0	1034
JAPMUG010000001.1	sp|P30182|TOP2_ARATH	48.9	1146	509	15	308783	312004	29	1169	0.0	1018
JAPMUG010000001.1	sp|O16140|TOP2_BOMMO	52.0	1058	452	17	308789	311812	32	1083	0.0	1018
JAPMUG010000001.1	sp|O24308|TOP2_PEA	49.8	1149	474	21	308780	312001	16	1136	0.0	1018
JAPMUG010000001.1	sp|P15348|TOP2_DROME	50.9	1055	468	14	308786	311812	9	1059	4.90e-316	1004
JAPMUG010000001.1	sp|Q23670|TOP2_CAEEL	50.9	1060	469	16	308789	311827	63	1118	2.92e-312	996
JAPMUG010000001.1	sp|Q55BP5|TOP2_DICDI	48.0	1089	480	20	308783	311827	101	1177	6.96e-304	971
JAPMUG010000001.1	sp|P41001|TOP2_PLAFK	45.2	1196	526	14	308783	311998	5	1195	1.54e-303	966
JAPMUG010000001.1	sp|P90520|TOP2M_DICDI	43.3	1224	581	26	308780	312184	84	1283	1.55e-287	915
JAPMUG010000001.1	sp|A9CRJ7|RAD25_ENTBH	73.0	607	162	1	261984	260170	2	608	1.42e-286	883
JAPMUG010000002.1	sp|Q8SR75|RPB2_ENCCU	68.9	1138	336	7	144018	140650	7	1141	0.0	1573
JAPMUG010000002.1	sp|Q8SSC4|RPB1_ENCCU	52.4	1426	588	27	340966	336902	8	1413	0.0	1367
JAPMUG010000002.1	sp|Q02061|RPB2_SCHPO	53.8	1198	474	16	144018	140653	14	1207	0.0	1227
JAPMUG010000002.1	sp|Q753Q4|RPB2_ASHGO	52.7	1200	483	16	144015	140653	24	1217	0.0	1209
JAPMUG010000002.1	sp|Q6FLD5|RPB2_CANGA	52.6	1209	485	17	144039	140653	18	1218	0.0	1209
JAPMUG010000002.1	sp|P08518|RPB2_YEAST	52.7	1200	481	16	144015	140653	28	1219	0.0	1205
JAPMUG010000002.1	sp|Q42877|RPB2_SOLLC	52.9	1163	503	15	144018	140650	22	1179	0.0	1202
JAPMUG010000002.1	sp|Q54J75|RPB2_DICDI	52.4	1157	511	16	144021	140653	19	1169	0.0	1195
JAPMUG010000002.1	sp|P38420|NRPB2_ARATH	53.2	1162	499	15	144018	140653	23	1179	0.0	1195
JAPMUG010000002.1	sp|A5DHT2|RPB2_PICGU	51.9	1213	486	19	144015	140653	21	1228	0.0	1191
JAPMUG010000002.1	sp|P30876|RPB2_HUMAN	53.8	1149	493	15	144006	140662	27	1171	0.0	1186
JAPMUG010000002.1	sp|Q8CFI7|RPB2_MOUSE	53.7	1149	494	15	144006	140662	27	1171	0.0	1184
JAPMUG010000002.1	sp|P08266|RPB2_DROME	52.9	1170	506	20	144054	140662	10	1173	0.0	1167
JAPMUG010000002.1	sp|Q10578|RPB2_CAEEL	52.6	1151	502	17	144006	140662	34	1177	0.0	1142
JAPMUG010000002.1	sp|B7XK16|SYIC_ENTBH	59.5	936	344	8	247630	244877	3	921	0.0	1134
JAPMUG010000002.1	sp|P36594|RPB1_SCHPO	44.5	1475	696	31	340966	336860	14	1471	0.0	1113
JAPMUG010000002.1	sp|P35084|RPB1_DICDI	43.9	1494	700	33	340966	336830	13	1483	0.0	1110
JAPMUG010000002.1	sp|P18616|NRPB1_ARATH	43.3	1495	703	30	340963	336836	14	1482	0.0	1095
JAPMUG010000002.1	sp|Q75A34|RPB1_ASHGO	44.3	1462	686	33	340966	336902	12	1451	0.0	1069
JAPMUG010000002.1	sp|P04050|RPB1_YEAST	43.7	1467	703	31	340984	336902	1	1450	0.0	1066
JAPMUG010000002.1	sp|P04052|RPB1_DROME	42.7	1478	705	33	340966	336905	12	1471	0.0	1052
JAPMUG010000002.1	sp|P16356|RPB1_CAEEL	42.4	1479	703	32	340960	336905	15	1471	0.0	1051
JAPMUG010000002.1	sp|P11414|RPB1_CRIGR	42.8	1484	699	33	340966	336905	16	1479	0.0	1051
JAPMUG010000002.1	sp|P24928|RPB1_HUMAN	42.8	1484	699	33	340966	336905	16	1479	0.0	1051
JAPMUG010000002.1	sp|P08775|RPB1_MOUSE	42.8	1484	699	33	340966	336905	16	1479	0.0	1051
JAPMUG010000003.1	sp|B7XHP6|SYLC_ENTBH	55.1	876	353	15	14204	16762	1	859	2.63e-295	918
JAPMUG010000003.1	sp|Q8SSI7|CHS1_ENCCU	51.5	818	357	10	259745	257388	1	810	4.20e-258	809
JAPMUG010000003.1	sp|C4V8L1|SYLC_NOSCE	44.3	907	413	18	14213	16756	7	880	1.47e-225	718
JAPMUG010000003.1	sp|Q8SRS8|SYLC_ENCCU	42.1	909	423	21	14210	16750	2	869	1.72e-208	669
JAPMUG010000003.1	sp|G0SEV9|RLI1_CHATD	46.7	713	260	6	263763	261637	3	599	1.12e-190	606
JAPMUG010000003.1	sp|Q8LPJ4|AB2E_ARATH	45.8	719	261	10	263763	261637	3	602	5.11e-187	595
JAPMUG010000003.1	sp|Q03195|RLI1_YEAST	46.1	713	269	8	263766	261637	2	602	3.12e-185	590
JAPMUG010000003.1	sp|P61221|ABCE1_HUMAN	44.9	713	270	7	263763	261637	3	596	9.23e-184	586
JAPMUG010000003.1	sp|P61222|ABCE1_MOUSE	44.9	713	270	7	263763	261637	3	596	9.23e-184	586
JAPMUG010000003.1	sp|Q9VSS1|ABCE1_DROME	44.4	727	263	9	263778	261637	6	604	3.52e-183	585
JAPMUG010000003.1	sp|O60102|RLI1_SCHPO	46.6	713	254	10	263766	261637	2	590	7.63e-182	580
JAPMUG010000003.1	sp|Q8SQK0|PRS8_ENCCU	74.5	392	99	1	167311	166139	1	392	6.57e-177	557
JAPMUG010000003.1	sp|Q9LID6|AB1E_ARATH	43.4	716	282	7	263766	261637	2	600	3.46e-170	547
JAPMUG010000003.1	sp|P41836|PRS8_SCHPO	66.7	405	128	3	167347	166139	4	403	3.06e-162	515
JAPMUG010000003.1	sp|P34124|PRS8_DICDI	68.6	385	119	2	167287	166139	19	403	1.05e-161	514
JAPMUG010000003.1	sp|O18413|PRS8_DROME	66.1	401	135	1	167338	166139	5	405	1.82e-160	510
JAPMUG010000003.1	sp|P62194|PRS8_BOVIN	69.0	384	118	1	167287	166139	23	406	4.78e-160	509
JAPMUG010000003.1	sp|P62195|PRS8_HUMAN	69.0	384	118	1	167287	166139	23	406	4.78e-160	509
JAPMUG010000003.1	sp|P62196|PRS8_MOUSE	69.0	384	118	1	167287	166139	23	406	4.78e-160	509
JAPMUG010000003.1	sp|P62197|PRS8_PIG	69.0	384	118	1	167287	166139	23	406	4.78e-160	509
JAPMUG010000003.1	sp|P62198|PRS8_RAT	69.0	384	118	1	167287	166139	23	406	4.78e-160	509
JAPMUG010000003.1	sp|P54814|PRS8_MANSE	68.0	387	123	1	167296	166139	16	402	9.09e-159	505
JAPMUG010000003.1	sp|Q9C5U3|PRS8A_ARATH	69.0	377	115	2	167263	166139	43	419	5.75e-158	504
JAPMUG010000003.1	sp|Q94BQ2|PRS8B_ARATH	70.8	366	105	2	167230	166139	54	419	2.69e-157	502
JAPMUG010000003.1	sp|P46470|PRS8_XENLA	68.5	384	119	2	167287	166139	18	400	2.21e-156	501
JAPMUG010000004.1	sp|Q8SSD7|SYP_ENCCU	58.9	499	204	1	199525	198032	3	501	4.12e-201	631
JAPMUG010000004.1	sp|Q3L8U1|CHD9_HUMAN	49.6	758	298	16	178495	176336	712	1423	1.48e-192	672
JAPMUG010000004.1	sp|Q8BYH8|CHD9_MOUSE	50.3	758	293	18	178495	176336	711	1422	1.79e-192	672
JAPMUG010000004.1	sp|D3ZA12|CHD6_RAT	48.8	781	307	20	178498	176288	312	1043	4.42e-192	669
JAPMUG010000004.1	sp|A3KFM7|CHD6_MOUSE	48.5	781	309	19	178498	176288	312	1043	4.85e-191	665
JAPMUG010000004.1	sp|Q8TD26|CHD6_HUMAN	48.5	781	309	19	178498	176288	313	1044	6.48e-190	662
JAPMUG010000004.1	sp|B5DE69|CHD8_XENTR	49.1	754	302	16	178486	176336	611	1319	1.82e-189	652
JAPMUG010000004.1	sp|Q9JIX5|CHD8_RAT	47.3	802	333	17	178486	176222	667	1425	3.92e-189	658
JAPMUG010000004.1	sp|Q09XV5|CHD8_MOUSE	47.3	802	333	17	178486	176222	669	1427	5.28e-189	657
JAPMUG010000004.1	sp|Q06A37|CHD7_CHICK	50.2	763	294	19	178501	176336	815	1532	6.26e-189	662
JAPMUG010000004.1	sp|A2AJK6|CHD7_MOUSE	49.7	752	298	16	178486	176336	815	1521	1.63e-188	660
JAPMUG010000004.1	sp|Q9HCK8|CHD8_HUMAN	47.1	802	334	17	178486	176222	667	1425	1.64e-188	656
JAPMUG010000004.1	sp|Q9P2D1|CHD7_HUMAN	49.5	752	300	16	178486	176336	825	1531	2.84e-187	657
JAPMUG010000004.1	sp|B0R0I6|CHD8_DANRE	49.2	754	299	20	178486	176336	703	1409	3.07e-185	645
JAPMUG010000004.1	sp|P38708|YHI0_YEAST	46.7	514	261	4	199546	198032	179	688	5.56e-151	494
JAPMUG010000004.1	sp|Q59KI4|INO80_CANAL	36.5	947	426	24	75190	77529	446	1384	2.01e-147	507
JAPMUG010000004.1	sp|Q6FV37|INO80_CANGA	40.1	817	339	20	75490	77532	642	1444	5.54e-147	508
JAPMUG010000004.1	sp|O60155|PRS1_SCHPO	47.4	513	249	5	199513	198032	206	716	7.16e-147	484
JAPMUG010000004.1	sp|Q6BGY8|INO80_DEBHA	41.8	744	299	16	75679	77532	556	1291	3.32e-146	503
JAPMUG010000004.1	sp|A7TJI3|INO80_VANPO	37.3	958	404	23	75226	77553	591	1533	9.06e-146	506
JAPMUG010000004.1	sp|O14148|INO80_SCHPO	38.5	928	399	24	75250	77529	654	1577	2.07e-145	506
JAPMUG010000004.1	sp|A5E0W5|INO80_LODEL	41.4	739	306	15	75682	77532	727	1460	9.92e-145	504
JAPMUG010000004.1	sp|A6ZU34|INO80_YEAS7	41.5	762	292	19	75682	77532	702	1454	2.54e-144	501
JAPMUG010000004.1	sp|Q5BAZ5|INO80_EMENI	43.9	700	293	14	75679	77529	787	1469	6.00e-144	502
JAPMUG010000004.1	sp|Q9ULG1|INO80_HUMAN	37.6	905	345	23	75439	77553	373	1257	7.54e-144	501
JAPMUG010000005.1	sp|Q9CZU3|MTREX_MOUSE	40.6	956	488	18	148640	151408	132	1040	4.18e-183	601
JAPMUG010000005.1	sp|P42285|MTREX_HUMAN	41.1	956	483	20	148640	151408	134	1042	4.43e-183	601
JAPMUG010000005.1	sp|Q8SS35|Y4A0_ENCCU	38.8	1064	585	18	138815	135744	3	1040	1.09e-182	619
JAPMUG010000005.1	sp|P45885|ACT2_BACDO	70.5	373	106	1	26046	27152	4	376	1.21e-175	552
JAPMUG010000005.1	sp|P45886|ACT3_BACDO	70.2	373	107	1	26046	27152	4	376	1.64e-175	551
JAPMUG010000005.1	sp|P45887|ACT5_BACDO	70.5	373	106	1	26046	27152	4	376	1.64e-175	551
JAPMUG010000005.1	sp|P10995|ACT2_XENLA	70.1	375	108	1	26040	27152	3	377	1.71e-175	551
JAPMUG010000005.1	sp|P68138|ACTS_BOVIN	69.9	375	109	1	26040	27152	3	377	1.71e-175	551
JAPMUG010000005.1	sp|P68139|ACTS_CHICK	69.9	375	109	1	26040	27152	3	377	1.71e-175	551
JAPMUG010000005.1	sp|P68133|ACTS_HUMAN	69.9	375	109	1	26040	27152	3	377	1.71e-175	551
JAPMUG010000005.1	sp|P68134|ACTS_MOUSE	69.9	375	109	1	26040	27152	3	377	1.71e-175	551
JAPMUG010000005.1	sp|P68137|ACTS_PIG	69.9	375	109	1	26040	27152	3	377	1.71e-175	551
JAPMUG010000005.1	sp|Q5R9Q5|ACTS_PONAB	69.9	375	109	1	26040	27152	3	377	1.71e-175	551
JAPMUG010000005.1	sp|P68135|ACTS_RABIT	69.9	375	109	1	26040	27152	3	377	1.71e-175	551
JAPMUG010000005.1	sp|P68136|ACTS_RAT	69.9	375	109	1	26040	27152	3	377	1.71e-175	551
JAPMUG010000005.1	sp|P02578|ACT1_ACACA	70.5	373	106	1	26046	27152	3	375	2.16e-175	551
JAPMUG010000005.1	sp|Q26065|ACT_PLAMG	70.2	373	107	1	26046	27152	4	376	2.24e-175	551
JAPMUG010000005.1	sp|Q25472|ACT2_MOLOC	69.9	375	109	1	26040	27152	4	378	2.41e-175	551
JAPMUG010000005.1	sp|P10981|ACT5_DROME	70.2	373	107	1	26046	27152	4	376	4.16e-175	550
JAPMUG010000005.1	sp|P04751|ACTC_XENLA	69.9	375	109	1	26040	27152	3	377	4.31e-175	550
JAPMUG010000005.1	sp|P53500|ACT_CYAM1	69.3	375	110	2	26043	27152	3	377	4.31e-175	550
JAPMUG010000005.1	sp|P20399|ACT2_XENTR	69.9	375	109	1	26040	27152	3	377	5.88e-175	550
JAPMUG010000005.1	sp|P04752|ACT3_XENLA	70.1	375	108	1	26040	27152	3	377	5.88e-175	550
JAPMUG010000005.1	sp|P53480|ACTC_TAKRU	69.9	375	109	1	26040	27152	3	377	5.88e-175	550
JAPMUG010000005.1	sp|P53479|ACTS_CYPCA	69.6	375	110	1	26040	27152	3	377	5.88e-175	550
JAPMUG010000006.1	sp|Q8SS99|TBB_ENCCU	72.9	436	114	1	90633	89326	1	432	1.74e-219	681
JAPMUG010000006.1	sp|Q24829|TBB_ENCHE	72.5	436	116	1	90633	89326	1	432	2.06e-218	677
JAPMUG010000006.1	sp|Q9GSR5|TBB_ENCIN	72.0	436	118	1	90633	89326	1	432	5.20e-218	676
JAPMUG010000006.1	sp|Q17299|TBB1_CAEBR	72.0	436	118	1	90633	89326	1	432	1.46e-215	669
JAPMUG010000006.1	sp|P12456|TBB1_CAEEL	72.0	436	118	1	90633	89326	1	432	1.99e-215	669
JAPMUG010000006.1	sp|P36221|TBB1_NOTNE	72.1	438	118	1	90633	89320	1	434	6.05e-215	668
JAPMUG010000006.1	sp|Q6B856|TBB2B_BOVIN	71.5	438	121	1	90633	89320	1	434	3.73e-214	665
JAPMUG010000006.1	sp|Q9BVA1|TBB2B_HUMAN	71.5	438	121	1	90633	89320	1	434	3.73e-214	665
JAPMUG010000006.1	sp|Q9CWF2|TBB2B_MOUSE	71.5	438	121	1	90633	89320	1	434	3.73e-214	665
JAPMUG010000006.1	sp|Q3KRE8|TBB2B_RAT	71.5	438	121	1	90633	89320	1	434	3.73e-214	665
JAPMUG010000006.1	sp|P32882|TBB2_CHICK	71.5	438	121	1	90633	89320	1	434	3.73e-214	665
JAPMUG010000006.1	sp|Q9NFZ6|TBB2_ECHMU	71.5	438	121	1	90633	89320	1	434	3.73e-214	665
JAPMUG010000006.1	sp|P02554|TBB_PIG	71.5	438	121	1	90633	89320	1	434	3.73e-214	665
JAPMUG010000006.1	sp|Q3MHM5|TBB4B_BOVIN	71.9	438	119	1	90633	89320	1	434	5.08e-214	665
JAPMUG010000006.1	sp|P68371|TBB4B_HUMAN	71.9	438	119	1	90633	89320	1	434	5.08e-214	665
JAPMUG010000006.1	sp|P68372|TBB4B_MOUSE	71.9	438	119	1	90633	89320	1	434	5.08e-214	665
JAPMUG010000006.1	sp|P30883|TBB4_XENLA	71.9	438	119	1	90633	89320	1	434	5.08e-214	665
JAPMUG010000006.1	sp|P11833|TBB_PARLI	71.9	438	119	1	90633	89320	1	434	5.47e-214	665
JAPMUG010000006.1	sp|Q3ZBU7|TBB4A_BOVIN	71.5	439	121	1	90633	89317	1	435	6.66e-214	665
JAPMUG010000006.1	sp|P04350|TBB4A_HUMAN	71.5	439	121	1	90633	89317	1	435	6.66e-214	665
JAPMUG010000006.1	sp|Q4R4X8|TBB4A_MACFA	71.5	439	121	1	90633	89317	1	435	6.66e-214	665
JAPMUG010000006.1	sp|Q9D6F9|TBB4A_MOUSE	71.5	439	121	1	90633	89317	1	435	6.66e-214	665
JAPMUG010000006.1	sp|P09203|TBB1_CHICK	71.2	438	122	1	90633	89320	1	434	9.42e-214	664
JAPMUG010000006.1	sp|P41799|TBB_PHANO	71.9	437	119	2	90633	89323	1	433	1.01e-213	664
JAPMUG010000006.1	sp|P52275|TBB2_CAEEL	71.1	436	122	1	90633	89326	1	432	1.13e-213	664
JAPMUG010000007.1	sp|B8BKI8|MCM2_ORYSI	44.5	696	341	15	108229	106271	266	959	1.80e-158	526
JAPMUG010000007.1	sp|Q2R482|MCM2_ORYSJ	44.5	696	341	15	108229	106271	266	959	3.32e-158	525
JAPMUG010000007.1	sp|Q9LPD9|MCM2_ARATH	43.8	683	343	13	108229	106298	241	921	8.61e-157	520
JAPMUG010000007.1	sp|Q6DIH3|MCM2_XENTR	43.5	680	344	15	108238	106313	197	874	1.18e-154	512
JAPMUG010000007.1	sp|P49736|MCM2_HUMAN	42.8	683	350	13	108238	106313	212	894	2.09e-154	512
JAPMUG010000007.1	sp|P97310|MCM2_MOUSE	42.5	683	352	13	108238	106313	212	894	2.84e-154	512
JAPMUG010000007.1	sp|P55861|MCM2_XENLA	43.5	682	343	15	108238	106313	197	876	4.23e-154	511
JAPMUG010000007.1	sp|P49735|MCM2_DROME	42.6	693	360	13	108271	106298	182	871	4.36e-154	511
JAPMUG010000007.1	sp|P29469|MCM2_YEAST	43.8	655	302	10	108268	106502	210	864	1.81e-152	505
JAPMUG010000007.1	sp|P40377|MCM2_SCHPO	45.2	628	305	14	108268	106499	203	829	5.69e-149	494
JAPMUG010000007.1	sp|Q9FL33|MCM3_ARATH	43.7	630	295	9	152752	151040	12	640	1.71e-142	473
JAPMUG010000007.1	sp|P49739|MCM3M_XENLA	43.3	624	282	11	152686	151022	43	663	3.05e-140	468
JAPMUG010000007.1	sp|Q9SX04|MCM32_MAIZE	43.0	619	287	10	152701	151040	33	650	9.57e-139	462
JAPMUG010000007.1	sp|Q9SX03|MCM33_MAIZE	43.0	619	287	10	152701	151040	33	650	9.57e-139	462
JAPMUG010000007.1	sp|Q43704|MCM31_MAIZE	42.8	619	288	10	152701	151040	33	650	3.25e-138	460
JAPMUG010000007.1	sp|B8AZ99|MCM3_ORYSI	43.0	619	287	10	152701	151040	33	650	3.45e-138	460
JAPMUG010000007.1	sp|Q0DHC4|MCM3_ORYSJ	43.0	619	287	10	152701	151040	33	650	3.45e-138	460
JAPMUG010000007.1	sp|Q5ZMN2|MCM3_CHICK	43.9	613	274	10	152686	151055	44	655	3.94e-137	459
JAPMUG010000007.1	sp|Q7ZXZ0|MCM3Z_XENLA	43.6	613	276	8	152686	151055	43	654	1.53e-136	457
JAPMUG010000007.1	sp|Q28BS0|MCM3Z_XENTR	43.7	613	275	8	152686	151055	45	656	7.64e-136	455
JAPMUG010000007.1	sp|A4FUD9|MCM3_BOVIN	43.4	613	277	8	152686	151055	43	654	2.13e-134	451
JAPMUG010000007.1	sp|Q9XYU1|MCM3_DROME	43.0	616	283	10	152701	151055	34	648	2.90e-134	451
JAPMUG010000007.1	sp|P25205|MCM3_HUMAN	43.8	601	268	9	152686	151091	43	642	9.47e-132	443
JAPMUG010000007.1	sp|Q5R8G6|MCM3_PONAB	43.8	601	268	9	152686	151091	43	642	9.47e-132	443
JAPMUG010000007.1	sp|P25206|MCM3_MOUSE	43.9	603	264	9	152686	151091	43	642	1.44e-131	442
JAPMUG010000008.1	sp|Q8SS27|SYVC_ENCCU	40.8	944	384	15	33452	36214	45	836	8.26e-211	676
JAPMUG010000008.1	sp|C4V924|SYVC_NOSCE	40.7	952	384	14	33437	36247	37	822	5.23e-204	655
JAPMUG010000008.1	sp|O75005|SYV_SCHPO	34.3	945	409	16	33458	36178	95	865	1.57e-156	521
JAPMUG010000008.1	sp|P07806|SYV_YEAST	34.6	946	404	17	33458	36178	146	915	1.33e-152	514
JAPMUG010000008.1	sp|P93736|SYVM1_ARATH	34.6	973	431	18	33443	36247	133	938	4.11e-151	509
JAPMUG010000008.1	sp|Q9U1Q4|SYV_CAEEL	34.2	963	433	18	33464	36247	83	879	1.93e-150	506
JAPMUG010000008.1	sp|Q86KU2|SYVC_DICDI	34.6	941	416	19	33464	36178	107	884	2.83e-149	503
JAPMUG010000008.1	sp|Q54I78|SYVM_DICDI	34.2	961	433	18	33464	36202	34	843	1.86e-148	500
JAPMUG010000008.1	sp|P26640|SYVC_HUMAN	33.8	938	426	16	33464	36178	300	1075	1.23e-143	492
JAPMUG010000008.1	sp|Q04462|SYVC_RAT	33.6	941	424	16	33464	36178	300	1075	1.23e-143	492
JAPMUG010000008.1	sp|Q9Z1Q9|SYVC_MOUSE	33.4	938	430	15	33464	36178	299	1074	1.62e-143	492
JAPMUG010000008.1	sp|P28350|SYV_NEUCR	32.4	951	438	18	33464	36211	140	920	4.86e-141	479
JAPMUG010000008.1	sp|P57447|SYV_BUCAI	32.3	969	412	22	33464	36226	5	777	4.15e-136	461
JAPMUG010000008.1	sp|P49696|SYVC_TAKRU	32.8	944	430	17	33464	36178	249	1027	2.28e-135	466
JAPMUG010000008.1	sp|Q6MQK8|SYV_BDEBA	32.8	945	390	19	33434	36211	1	719	4.08e-133	450
JAPMUG010000008.1	sp|Q5X728|SYV_LEGPA	31.5	923	424	12	33458	36175	3	734	6.15e-133	450
JAPMUG010000008.1	sp|Q5ZXL2|SYV_LEGPH	31.5	923	424	12	33458	36175	3	734	6.15e-133	450
JAPMUG010000008.1	sp|Q7MZ25|SYV_PHOLL	32.5	954	406	20	33458	36178	17	779	1.05e-132	451
JAPMUG010000008.1	sp|Q5WYI0|SYV_LEGPL	31.4	923	425	12	33458	36175	3	734	1.53e-132	449
JAPMUG010000008.1	sp|O96771|SYW_ENCCU	53.5	381	174	2	25606	26742	1	380	1.65e-132	428
JAPMUG010000008.1	sp|Q47BG6|SYV_DECAR	31.9	932	438	16	33455	36178	4	762	6.72e-132	448
JAPMUG010000008.1	sp|Q767M3|SYVM_PIG	33.0	931	433	15	33464	36178	104	869	8.37e-132	451
JAPMUG010000008.1	sp|Q9X2D7|SYV_THEMA	32.7	930	381	19	33464	36214	8	705	9.72e-132	445
JAPMUG010000008.1	sp|Q66F11|SYV_YERPS	31.6	972	421	22	33458	36214	17	797	3.96e-131	446
JAPMUG010000008.1	sp|Q8ZBH1|SYV_YERPE	31.6	972	421	22	33458	36214	17	797	9.81e-131	445
JAPMUG010000009.1	sp|P41389|MCM5_SCHPO	42.9	660	305	12	52496	50664	34	670	6.49e-144	475
JAPMUG010000009.1	sp|P29496|MCM5_YEAST	42.7	647	303	12	52301	50535	136	772	1.13e-140	468
JAPMUG010000009.1	sp|Q21902|MCM5_CAEEL	38.2	753	388	16	52574	50532	11	758	4.43e-140	465
JAPMUG010000009.1	sp|P55862|MCM5A_XENLA	37.3	740	390	13	52574	50532	10	734	4.61e-139	461
JAPMUG010000009.1	sp|Q561P5|MCM5_XENTR	37.0	740	392	13	52574	50532	10	734	5.33e-138	458
JAPMUG010000009.1	sp|Q9VGW6|MCM5_DROME	38.9	728	369	13	52535	50532	21	732	2.32e-137	456
JAPMUG010000009.1	sp|Q6PCI7|MCM5B_XENLA	37.0	740	392	13	52574	50532	10	734	4.54e-137	456
JAPMUG010000009.1	sp|P49718|MCM5_MOUSE	38.7	718	362	14	52502	50532	33	733	5.10e-136	452
JAPMUG010000009.1	sp|Q54CP4|MCM5_DICDI	38.3	728	369	14	52499	50535	35	755	3.41e-135	451
JAPMUG010000009.1	sp|P33992|MCM5_HUMAN	38.5	717	365	13	52502	50532	33	733	4.34e-135	450
JAPMUG010000009.1	sp|Q0V8B7|MCM5_BOVIN	38.7	718	362	14	52502	50532	33	733	5.89e-135	449
JAPMUG010000009.1	sp|B8AEH3|MCM5_ORYSI	41.8	615	321	10	52304	50535	125	727	9.03e-131	437
JAPMUG010000009.1	sp|Q6KAJ4|MCM5_ORYSJ	41.8	615	321	10	52304	50535	125	727	9.03e-131	437
JAPMUG010000009.1	sp|O80786|MCM5_ARATH	41.4	625	311	11	52304	50535	121	725	1.54e-128	431
JAPMUG010000009.1	sp|B2ZFP3|SMAL1_DANRE	38.0	532	297	8	83354	81798	256	767	1.10e-95	337
JAPMUG010000009.1	sp|Q9UXG1|MCM_SACS2	36.3	614	320	12	52499	50778	13	595	3.18e-94	329
JAPMUG010000009.1	sp|Q9NZC9|SMAL1_HUMAN	38.1	543	297	9	83354	81774	352	871	3.87e-93	334
JAPMUG010000009.1	sp|Q498E7|SMAL1_XENLA	38.1	540	300	9	83354	81774	374	892	1.06e-92	333
JAPMUG010000009.1	sp|Q0P4U8|SMAL1_XENTR	37.8	548	295	9	83360	81774	354	874	1.82e-92	332
JAPMUG010000009.1	sp|B4F769|SMAL1_RAT	38.0	539	300	9	83351	81774	310	827	2.34e-92	330
JAPMUG010000009.1	sp|P43299|MCM7_ARATH	38.7	548	297	10	52322	50733	124	650	8.73e-92	323
JAPMUG010000009.1	sp|Q0WVF5|MCM4_ARATH	35.1	641	339	15	52379	50625	190	809	7.46e-91	324
JAPMUG010000009.1	sp|Q8BJL0|SMAL1_MOUSE	38.1	527	292	9	83315	81774	324	829	2.06e-90	325
JAPMUG010000009.1	sp|B8BMI1|MCM7_ORYSI	37.9	565	308	11	52322	50679	131	669	3.42e-89	316
JAPMUG010000009.1	sp|Q2QNM1|MCM7_ORYSJ	37.9	565	308	11	52322	50679	131	669	3.42e-89	316
